[2025-06-12T09:19:39.789+0000] {processor.py:161} INFO - Started process (PID=165) to work on /opt/airflow/dags/pipeline_dag.py
[2025-06-12T09:19:39.791+0000] {processor.py:830} INFO - Processing file /opt/airflow/dags/pipeline_dag.py for tasks to queue
[2025-06-12T09:19:39.796+0000] {logging_mixin.py:188} INFO - [2025-06-12T09:19:39.794+0000] {dagbag.py:545} INFO - Filling up the DagBag from /opt/airflow/dags/pipeline_dag.py
[2025-06-12T09:19:39.847+0000] {processor.py:840} INFO - DAG(s) 'etl_exam_pipeline' retrieved from /opt/airflow/dags/pipeline_dag.py
[2025-06-12T09:19:40.473+0000] {logging_mixin.py:188} INFO - [2025-06-12T09:19:40.471+0000] {override.py:1858} INFO - Created Permission View: can read on DAG:etl_exam_pipeline
[2025-06-12T09:19:40.480+0000] {logging_mixin.py:188} INFO - [2025-06-12T09:19:40.479+0000] {override.py:1858} INFO - Created Permission View: can edit on DAG:etl_exam_pipeline
[2025-06-12T09:19:40.484+0000] {logging_mixin.py:188} INFO - [2025-06-12T09:19:40.483+0000] {override.py:1858} INFO - Created Permission View: can delete on DAG:etl_exam_pipeline
[2025-06-12T09:19:40.484+0000] {logging_mixin.py:188} INFO - [2025-06-12T09:19:40.484+0000] {dag.py:3089} INFO - Sync 1 DAGs
[2025-06-12T09:19:40.492+0000] {logging_mixin.py:188} INFO - [2025-06-12T09:19:40.492+0000] {dag.py:3111} INFO - Creating ORM DAG for etl_exam_pipeline
[2025-06-12T09:19:40.498+0000] {logging_mixin.py:188} INFO - [2025-06-12T09:19:40.498+0000] {dag.py:3947} INFO - Setting next_dagrun for etl_exam_pipeline to 2025-06-11 00:00:00+00:00, run_after=2025-06-12 00:00:00+00:00
[2025-06-12T09:19:40.507+0000] {processor.py:183} INFO - Processing /opt/airflow/dags/pipeline_dag.py took 0.723 seconds
[2025-06-12T09:20:10.988+0000] {processor.py:161} INFO - Started process (PID=170) to work on /opt/airflow/dags/pipeline_dag.py
[2025-06-12T09:20:10.991+0000] {processor.py:830} INFO - Processing file /opt/airflow/dags/pipeline_dag.py for tasks to queue
[2025-06-12T09:20:10.994+0000] {logging_mixin.py:188} INFO - [2025-06-12T09:20:10.994+0000] {dagbag.py:545} INFO - Filling up the DagBag from /opt/airflow/dags/pipeline_dag.py
[2025-06-12T09:20:11.047+0000] {processor.py:840} INFO - DAG(s) 'etl_exam_pipeline' retrieved from /opt/airflow/dags/pipeline_dag.py
[2025-06-12T09:20:11.089+0000] {logging_mixin.py:188} INFO - [2025-06-12T09:20:11.088+0000] {dag.py:3089} INFO - Sync 1 DAGs
[2025-06-12T09:20:11.113+0000] {logging_mixin.py:188} INFO - [2025-06-12T09:20:11.113+0000] {dag.py:3947} INFO - Setting next_dagrun for etl_exam_pipeline to 2025-06-11 00:00:00+00:00, run_after=2025-06-12 00:00:00+00:00
[2025-06-12T09:20:11.155+0000] {processor.py:183} INFO - Processing /opt/airflow/dags/pipeline_dag.py took 0.181 seconds
[2025-06-12T09:20:41.342+0000] {processor.py:161} INFO - Started process (PID=175) to work on /opt/airflow/dags/pipeline_dag.py
[2025-06-12T09:20:41.344+0000] {processor.py:830} INFO - Processing file /opt/airflow/dags/pipeline_dag.py for tasks to queue
[2025-06-12T09:20:41.347+0000] {logging_mixin.py:188} INFO - [2025-06-12T09:20:41.346+0000] {dagbag.py:545} INFO - Filling up the DagBag from /opt/airflow/dags/pipeline_dag.py
[2025-06-12T09:20:41.371+0000] {processor.py:840} INFO - DAG(s) 'etl_exam_pipeline' retrieved from /opt/airflow/dags/pipeline_dag.py
[2025-06-12T09:20:41.404+0000] {logging_mixin.py:188} INFO - [2025-06-12T09:20:41.404+0000] {dag.py:3089} INFO - Sync 1 DAGs
[2025-06-12T09:20:41.425+0000] {logging_mixin.py:188} INFO - [2025-06-12T09:20:41.425+0000] {dag.py:3947} INFO - Setting next_dagrun for etl_exam_pipeline to 2025-06-11 00:00:00+00:00, run_after=2025-06-12 00:00:00+00:00
[2025-06-12T09:20:41.436+0000] {processor.py:183} INFO - Processing /opt/airflow/dags/pipeline_dag.py took 0.105 seconds
[2025-06-12T09:21:11.850+0000] {processor.py:161} INFO - Started process (PID=180) to work on /opt/airflow/dags/pipeline_dag.py
[2025-06-12T09:21:11.851+0000] {processor.py:830} INFO - Processing file /opt/airflow/dags/pipeline_dag.py for tasks to queue
[2025-06-12T09:21:11.855+0000] {logging_mixin.py:188} INFO - [2025-06-12T09:21:11.854+0000] {dagbag.py:545} INFO - Filling up the DagBag from /opt/airflow/dags/pipeline_dag.py
[2025-06-12T09:21:11.881+0000] {processor.py:840} INFO - DAG(s) 'etl_exam_pipeline' retrieved from /opt/airflow/dags/pipeline_dag.py
[2025-06-12T09:21:11.915+0000] {logging_mixin.py:188} INFO - [2025-06-12T09:21:11.915+0000] {dag.py:3089} INFO - Sync 1 DAGs
[2025-06-12T09:21:11.935+0000] {logging_mixin.py:188} INFO - [2025-06-12T09:21:11.934+0000] {dag.py:3947} INFO - Setting next_dagrun for etl_exam_pipeline to 2025-06-11 00:00:00+00:00, run_after=2025-06-12 00:00:00+00:00
[2025-06-12T09:21:11.944+0000] {processor.py:183} INFO - Processing /opt/airflow/dags/pipeline_dag.py took 0.102 seconds
[2025-06-12T09:21:42.405+0000] {processor.py:161} INFO - Started process (PID=185) to work on /opt/airflow/dags/pipeline_dag.py
[2025-06-12T09:21:42.406+0000] {processor.py:830} INFO - Processing file /opt/airflow/dags/pipeline_dag.py for tasks to queue
[2025-06-12T09:21:42.410+0000] {logging_mixin.py:188} INFO - [2025-06-12T09:21:42.409+0000] {dagbag.py:545} INFO - Filling up the DagBag from /opt/airflow/dags/pipeline_dag.py
[2025-06-12T09:21:42.429+0000] {processor.py:840} INFO - DAG(s) 'etl_exam_pipeline' retrieved from /opt/airflow/dags/pipeline_dag.py
[2025-06-12T09:21:42.467+0000] {logging_mixin.py:188} INFO - [2025-06-12T09:21:42.466+0000] {dag.py:3089} INFO - Sync 1 DAGs
[2025-06-12T09:21:42.489+0000] {logging_mixin.py:188} INFO - [2025-06-12T09:21:42.489+0000] {dag.py:3947} INFO - Setting next_dagrun for etl_exam_pipeline to 2025-06-11 00:00:00+00:00, run_after=2025-06-12 00:00:00+00:00
[2025-06-12T09:21:42.498+0000] {processor.py:183} INFO - Processing /opt/airflow/dags/pipeline_dag.py took 0.104 seconds
[2025-06-12T09:22:12.885+0000] {processor.py:161} INFO - Started process (PID=190) to work on /opt/airflow/dags/pipeline_dag.py
[2025-06-12T09:22:12.886+0000] {processor.py:830} INFO - Processing file /opt/airflow/dags/pipeline_dag.py for tasks to queue
[2025-06-12T09:22:12.889+0000] {logging_mixin.py:188} INFO - [2025-06-12T09:22:12.889+0000] {dagbag.py:545} INFO - Filling up the DagBag from /opt/airflow/dags/pipeline_dag.py
[2025-06-12T09:22:12.907+0000] {processor.py:840} INFO - DAG(s) 'etl_exam_pipeline' retrieved from /opt/airflow/dags/pipeline_dag.py
[2025-06-12T09:22:12.941+0000] {logging_mixin.py:188} INFO - [2025-06-12T09:22:12.941+0000] {dag.py:3089} INFO - Sync 1 DAGs
[2025-06-12T09:22:12.955+0000] {logging_mixin.py:188} INFO - [2025-06-12T09:22:12.955+0000] {dag.py:3947} INFO - Setting next_dagrun for etl_exam_pipeline to 2025-06-11 00:00:00+00:00, run_after=2025-06-12 00:00:00+00:00
[2025-06-12T09:22:12.964+0000] {processor.py:183} INFO - Processing /opt/airflow/dags/pipeline_dag.py took 0.086 seconds
[2025-06-12T09:22:43.276+0000] {processor.py:161} INFO - Started process (PID=195) to work on /opt/airflow/dags/pipeline_dag.py
[2025-06-12T09:22:43.277+0000] {processor.py:830} INFO - Processing file /opt/airflow/dags/pipeline_dag.py for tasks to queue
[2025-06-12T09:22:43.280+0000] {logging_mixin.py:188} INFO - [2025-06-12T09:22:43.280+0000] {dagbag.py:545} INFO - Filling up the DagBag from /opt/airflow/dags/pipeline_dag.py
[2025-06-12T09:22:43.311+0000] {processor.py:840} INFO - DAG(s) 'etl_exam_pipeline' retrieved from /opt/airflow/dags/pipeline_dag.py
[2025-06-12T09:22:43.360+0000] {logging_mixin.py:188} INFO - [2025-06-12T09:22:43.360+0000] {dag.py:3089} INFO - Sync 1 DAGs
[2025-06-12T09:22:43.383+0000] {logging_mixin.py:188} INFO - [2025-06-12T09:22:43.383+0000] {dag.py:3947} INFO - Setting next_dagrun for etl_exam_pipeline to 2025-06-11 00:00:00+00:00, run_after=2025-06-12 00:00:00+00:00
[2025-06-12T09:22:43.398+0000] {processor.py:183} INFO - Processing /opt/airflow/dags/pipeline_dag.py took 0.132 seconds
[2025-06-12T09:23:13.686+0000] {processor.py:161} INFO - Started process (PID=200) to work on /opt/airflow/dags/pipeline_dag.py
[2025-06-12T09:23:13.688+0000] {processor.py:830} INFO - Processing file /opt/airflow/dags/pipeline_dag.py for tasks to queue
[2025-06-12T09:23:13.692+0000] {logging_mixin.py:188} INFO - [2025-06-12T09:23:13.691+0000] {dagbag.py:545} INFO - Filling up the DagBag from /opt/airflow/dags/pipeline_dag.py
[2025-06-12T09:23:13.711+0000] {processor.py:840} INFO - DAG(s) 'etl_exam_pipeline' retrieved from /opt/airflow/dags/pipeline_dag.py
[2025-06-12T09:23:13.742+0000] {logging_mixin.py:188} INFO - [2025-06-12T09:23:13.741+0000] {dag.py:3089} INFO - Sync 1 DAGs
[2025-06-12T09:23:13.759+0000] {logging_mixin.py:188} INFO - [2025-06-12T09:23:13.758+0000] {dag.py:3947} INFO - Setting next_dagrun for etl_exam_pipeline to 2025-06-11 00:00:00+00:00, run_after=2025-06-12 00:00:00+00:00
[2025-06-12T09:23:13.767+0000] {processor.py:183} INFO - Processing /opt/airflow/dags/pipeline_dag.py took 0.094 seconds
[2025-06-12T09:23:44.188+0000] {processor.py:161} INFO - Started process (PID=205) to work on /opt/airflow/dags/pipeline_dag.py
[2025-06-12T09:23:44.189+0000] {processor.py:830} INFO - Processing file /opt/airflow/dags/pipeline_dag.py for tasks to queue
[2025-06-12T09:23:44.195+0000] {logging_mixin.py:188} INFO - [2025-06-12T09:23:44.194+0000] {dagbag.py:545} INFO - Filling up the DagBag from /opt/airflow/dags/pipeline_dag.py
[2025-06-12T09:23:44.212+0000] {processor.py:840} INFO - DAG(s) 'etl_exam_pipeline' retrieved from /opt/airflow/dags/pipeline_dag.py
[2025-06-12T09:23:44.245+0000] {logging_mixin.py:188} INFO - [2025-06-12T09:23:44.244+0000] {dag.py:3089} INFO - Sync 1 DAGs
[2025-06-12T09:23:44.267+0000] {logging_mixin.py:188} INFO - [2025-06-12T09:23:44.267+0000] {dag.py:3947} INFO - Setting next_dagrun for etl_exam_pipeline to 2025-06-11 00:00:00+00:00, run_after=2025-06-12 00:00:00+00:00
[2025-06-12T09:23:44.276+0000] {processor.py:183} INFO - Processing /opt/airflow/dags/pipeline_dag.py took 0.098 seconds
[2025-06-12T09:24:14.608+0000] {processor.py:161} INFO - Started process (PID=210) to work on /opt/airflow/dags/pipeline_dag.py
[2025-06-12T09:24:14.609+0000] {processor.py:830} INFO - Processing file /opt/airflow/dags/pipeline_dag.py for tasks to queue
[2025-06-12T09:24:14.612+0000] {logging_mixin.py:188} INFO - [2025-06-12T09:24:14.611+0000] {dagbag.py:545} INFO - Filling up the DagBag from /opt/airflow/dags/pipeline_dag.py
[2025-06-12T09:24:14.633+0000] {processor.py:840} INFO - DAG(s) 'etl_exam_pipeline' retrieved from /opt/airflow/dags/pipeline_dag.py
[2025-06-12T09:24:14.660+0000] {logging_mixin.py:188} INFO - [2025-06-12T09:24:14.660+0000] {dag.py:3089} INFO - Sync 1 DAGs
[2025-06-12T09:24:14.716+0000] {logging_mixin.py:188} INFO - [2025-06-12T09:24:14.716+0000] {dag.py:3947} INFO - Setting next_dagrun for etl_exam_pipeline to 2025-06-11 00:00:00+00:00, run_after=2025-06-12 00:00:00+00:00
[2025-06-12T09:24:14.745+0000] {processor.py:183} INFO - Processing /opt/airflow/dags/pipeline_dag.py took 0.144 seconds
[2025-06-12T09:24:45.027+0000] {processor.py:161} INFO - Started process (PID=215) to work on /opt/airflow/dags/pipeline_dag.py
[2025-06-12T09:24:45.028+0000] {processor.py:830} INFO - Processing file /opt/airflow/dags/pipeline_dag.py for tasks to queue
[2025-06-12T09:24:45.031+0000] {logging_mixin.py:188} INFO - [2025-06-12T09:24:45.030+0000] {dagbag.py:545} INFO - Filling up the DagBag from /opt/airflow/dags/pipeline_dag.py
[2025-06-12T09:24:45.046+0000] {processor.py:840} INFO - DAG(s) 'etl_exam_pipeline' retrieved from /opt/airflow/dags/pipeline_dag.py
[2025-06-12T09:24:45.071+0000] {logging_mixin.py:188} INFO - [2025-06-12T09:24:45.071+0000] {dag.py:3089} INFO - Sync 1 DAGs
[2025-06-12T09:24:45.085+0000] {logging_mixin.py:188} INFO - [2025-06-12T09:24:45.085+0000] {dag.py:3947} INFO - Setting next_dagrun for etl_exam_pipeline to 2025-06-11 00:00:00+00:00, run_after=2025-06-12 00:00:00+00:00
[2025-06-12T09:24:45.099+0000] {processor.py:183} INFO - Processing /opt/airflow/dags/pipeline_dag.py took 0.080 seconds
[2025-06-12T09:25:15.477+0000] {processor.py:161} INFO - Started process (PID=220) to work on /opt/airflow/dags/pipeline_dag.py
[2025-06-12T09:25:15.478+0000] {processor.py:830} INFO - Processing file /opt/airflow/dags/pipeline_dag.py for tasks to queue
[2025-06-12T09:25:15.481+0000] {logging_mixin.py:188} INFO - [2025-06-12T09:25:15.481+0000] {dagbag.py:545} INFO - Filling up the DagBag from /opt/airflow/dags/pipeline_dag.py
[2025-06-12T09:25:15.503+0000] {processor.py:840} INFO - DAG(s) 'etl_exam_pipeline' retrieved from /opt/airflow/dags/pipeline_dag.py
[2025-06-12T09:25:15.538+0000] {logging_mixin.py:188} INFO - [2025-06-12T09:25:15.538+0000] {dag.py:3089} INFO - Sync 1 DAGs
[2025-06-12T09:25:15.554+0000] {logging_mixin.py:188} INFO - [2025-06-12T09:25:15.554+0000] {dag.py:3947} INFO - Setting next_dagrun for etl_exam_pipeline to 2025-06-11 00:00:00+00:00, run_after=2025-06-12 00:00:00+00:00
[2025-06-12T09:25:15.565+0000] {processor.py:183} INFO - Processing /opt/airflow/dags/pipeline_dag.py took 0.098 seconds
[2025-06-12T09:25:45.940+0000] {processor.py:161} INFO - Started process (PID=225) to work on /opt/airflow/dags/pipeline_dag.py
[2025-06-12T09:25:45.944+0000] {processor.py:830} INFO - Processing file /opt/airflow/dags/pipeline_dag.py for tasks to queue
[2025-06-12T09:25:45.947+0000] {logging_mixin.py:188} INFO - [2025-06-12T09:25:45.946+0000] {dagbag.py:545} INFO - Filling up the DagBag from /opt/airflow/dags/pipeline_dag.py
[2025-06-12T09:25:45.964+0000] {processor.py:840} INFO - DAG(s) 'etl_exam_pipeline' retrieved from /opt/airflow/dags/pipeline_dag.py
[2025-06-12T09:25:45.998+0000] {logging_mixin.py:188} INFO - [2025-06-12T09:25:45.998+0000] {dag.py:3089} INFO - Sync 1 DAGs
[2025-06-12T09:25:46.019+0000] {logging_mixin.py:188} INFO - [2025-06-12T09:25:46.019+0000] {dag.py:3947} INFO - Setting next_dagrun for etl_exam_pipeline to 2025-06-11 00:00:00+00:00, run_after=2025-06-12 00:00:00+00:00
[2025-06-12T09:25:46.029+0000] {processor.py:183} INFO - Processing /opt/airflow/dags/pipeline_dag.py took 0.096 seconds
[2025-06-12T09:26:16.401+0000] {processor.py:161} INFO - Started process (PID=230) to work on /opt/airflow/dags/pipeline_dag.py
[2025-06-12T09:26:16.405+0000] {processor.py:830} INFO - Processing file /opt/airflow/dags/pipeline_dag.py for tasks to queue
[2025-06-12T09:26:16.410+0000] {logging_mixin.py:188} INFO - [2025-06-12T09:26:16.409+0000] {dagbag.py:545} INFO - Filling up the DagBag from /opt/airflow/dags/pipeline_dag.py
[2025-06-12T09:26:16.430+0000] {processor.py:840} INFO - DAG(s) 'etl_exam_pipeline' retrieved from /opt/airflow/dags/pipeline_dag.py
[2025-06-12T09:26:16.460+0000] {logging_mixin.py:188} INFO - [2025-06-12T09:26:16.460+0000] {dag.py:3089} INFO - Sync 1 DAGs
[2025-06-12T09:26:16.474+0000] {logging_mixin.py:188} INFO - [2025-06-12T09:26:16.474+0000] {dag.py:3947} INFO - Setting next_dagrun for etl_exam_pipeline to 2025-06-11 00:00:00+00:00, run_after=2025-06-12 00:00:00+00:00
[2025-06-12T09:26:16.485+0000] {processor.py:183} INFO - Processing /opt/airflow/dags/pipeline_dag.py took 0.093 seconds
[2025-06-12T09:26:46.877+0000] {processor.py:161} INFO - Started process (PID=235) to work on /opt/airflow/dags/pipeline_dag.py
[2025-06-12T09:26:46.880+0000] {processor.py:830} INFO - Processing file /opt/airflow/dags/pipeline_dag.py for tasks to queue
[2025-06-12T09:26:46.883+0000] {logging_mixin.py:188} INFO - [2025-06-12T09:26:46.882+0000] {dagbag.py:545} INFO - Filling up the DagBag from /opt/airflow/dags/pipeline_dag.py
[2025-06-12T09:26:46.904+0000] {processor.py:840} INFO - DAG(s) 'etl_exam_pipeline' retrieved from /opt/airflow/dags/pipeline_dag.py
[2025-06-12T09:26:46.925+0000] {logging_mixin.py:188} INFO - [2025-06-12T09:26:46.925+0000] {dag.py:3089} INFO - Sync 1 DAGs
[2025-06-12T09:26:46.938+0000] {logging_mixin.py:188} INFO - [2025-06-12T09:26:46.938+0000] {dag.py:3947} INFO - Setting next_dagrun for etl_exam_pipeline to 2025-06-11 00:00:00+00:00, run_after=2025-06-12 00:00:00+00:00
[2025-06-12T09:26:46.947+0000] {processor.py:183} INFO - Processing /opt/airflow/dags/pipeline_dag.py took 0.079 seconds
[2025-06-12T09:27:17.466+0000] {processor.py:161} INFO - Started process (PID=240) to work on /opt/airflow/dags/pipeline_dag.py
[2025-06-12T09:27:17.469+0000] {processor.py:830} INFO - Processing file /opt/airflow/dags/pipeline_dag.py for tasks to queue
[2025-06-12T09:27:17.472+0000] {logging_mixin.py:188} INFO - [2025-06-12T09:27:17.471+0000] {dagbag.py:545} INFO - Filling up the DagBag from /opt/airflow/dags/pipeline_dag.py
[2025-06-12T09:27:17.501+0000] {processor.py:840} INFO - DAG(s) 'etl_exam_pipeline' retrieved from /opt/airflow/dags/pipeline_dag.py
[2025-06-12T09:27:17.543+0000] {logging_mixin.py:188} INFO - [2025-06-12T09:27:17.542+0000] {dag.py:3089} INFO - Sync 1 DAGs
[2025-06-12T09:27:17.579+0000] {logging_mixin.py:188} INFO - [2025-06-12T09:27:17.579+0000] {dag.py:3947} INFO - Setting next_dagrun for etl_exam_pipeline to 2025-06-11 00:00:00+00:00, run_after=2025-06-12 00:00:00+00:00
[2025-06-12T09:27:17.605+0000] {processor.py:183} INFO - Processing /opt/airflow/dags/pipeline_dag.py took 0.146 seconds
[2025-06-12T09:27:47.941+0000] {processor.py:161} INFO - Started process (PID=245) to work on /opt/airflow/dags/pipeline_dag.py
[2025-06-12T09:27:47.943+0000] {processor.py:830} INFO - Processing file /opt/airflow/dags/pipeline_dag.py for tasks to queue
[2025-06-12T09:27:47.946+0000] {logging_mixin.py:188} INFO - [2025-06-12T09:27:47.946+0000] {dagbag.py:545} INFO - Filling up the DagBag from /opt/airflow/dags/pipeline_dag.py
[2025-06-12T09:27:47.966+0000] {processor.py:840} INFO - DAG(s) 'etl_exam_pipeline' retrieved from /opt/airflow/dags/pipeline_dag.py
[2025-06-12T09:27:47.997+0000] {logging_mixin.py:188} INFO - [2025-06-12T09:27:47.997+0000] {dag.py:3089} INFO - Sync 1 DAGs
[2025-06-12T09:27:48.021+0000] {logging_mixin.py:188} INFO - [2025-06-12T09:27:48.021+0000] {dag.py:3947} INFO - Setting next_dagrun for etl_exam_pipeline to 2025-06-11 00:00:00+00:00, run_after=2025-06-12 00:00:00+00:00
[2025-06-12T09:27:48.030+0000] {processor.py:183} INFO - Processing /opt/airflow/dags/pipeline_dag.py took 0.098 seconds
[2025-06-12T09:28:18.329+0000] {processor.py:161} INFO - Started process (PID=250) to work on /opt/airflow/dags/pipeline_dag.py
[2025-06-12T09:28:18.331+0000] {processor.py:830} INFO - Processing file /opt/airflow/dags/pipeline_dag.py for tasks to queue
[2025-06-12T09:28:18.335+0000] {logging_mixin.py:188} INFO - [2025-06-12T09:28:18.335+0000] {dagbag.py:545} INFO - Filling up the DagBag from /opt/airflow/dags/pipeline_dag.py
[2025-06-12T09:28:18.371+0000] {processor.py:840} INFO - DAG(s) 'etl_exam_pipeline' retrieved from /opt/airflow/dags/pipeline_dag.py
[2025-06-12T09:28:18.398+0000] {logging_mixin.py:188} INFO - [2025-06-12T09:28:18.398+0000] {dag.py:3089} INFO - Sync 1 DAGs
[2025-06-12T09:28:18.414+0000] {logging_mixin.py:188} INFO - [2025-06-12T09:28:18.414+0000] {dag.py:3947} INFO - Setting next_dagrun for etl_exam_pipeline to 2025-06-11 00:00:00+00:00, run_after=2025-06-12 00:00:00+00:00
[2025-06-12T09:28:18.426+0000] {processor.py:183} INFO - Processing /opt/airflow/dags/pipeline_dag.py took 0.109 seconds
[2025-06-12T09:28:48.756+0000] {processor.py:161} INFO - Started process (PID=255) to work on /opt/airflow/dags/pipeline_dag.py
[2025-06-12T09:28:48.758+0000] {processor.py:830} INFO - Processing file /opt/airflow/dags/pipeline_dag.py for tasks to queue
[2025-06-12T09:28:48.762+0000] {logging_mixin.py:188} INFO - [2025-06-12T09:28:48.762+0000] {dagbag.py:545} INFO - Filling up the DagBag from /opt/airflow/dags/pipeline_dag.py
[2025-06-12T09:28:48.781+0000] {processor.py:840} INFO - DAG(s) 'etl_exam_pipeline' retrieved from /opt/airflow/dags/pipeline_dag.py
[2025-06-12T09:28:48.805+0000] {logging_mixin.py:188} INFO - [2025-06-12T09:28:48.805+0000] {dag.py:3089} INFO - Sync 1 DAGs
[2025-06-12T09:28:48.823+0000] {logging_mixin.py:188} INFO - [2025-06-12T09:28:48.823+0000] {dag.py:3947} INFO - Setting next_dagrun for etl_exam_pipeline to 2025-06-11 00:00:00+00:00, run_after=2025-06-12 00:00:00+00:00
[2025-06-12T09:28:48.831+0000] {processor.py:183} INFO - Processing /opt/airflow/dags/pipeline_dag.py took 0.084 seconds
[2025-06-12T09:29:19.204+0000] {processor.py:161} INFO - Started process (PID=260) to work on /opt/airflow/dags/pipeline_dag.py
[2025-06-12T09:29:19.205+0000] {processor.py:830} INFO - Processing file /opt/airflow/dags/pipeline_dag.py for tasks to queue
[2025-06-12T09:29:19.208+0000] {logging_mixin.py:188} INFO - [2025-06-12T09:29:19.208+0000] {dagbag.py:545} INFO - Filling up the DagBag from /opt/airflow/dags/pipeline_dag.py
[2025-06-12T09:29:19.231+0000] {processor.py:840} INFO - DAG(s) 'etl_exam_pipeline' retrieved from /opt/airflow/dags/pipeline_dag.py
[2025-06-12T09:29:19.268+0000] {logging_mixin.py:188} INFO - [2025-06-12T09:29:19.268+0000] {dag.py:3089} INFO - Sync 1 DAGs
[2025-06-12T09:29:19.302+0000] {logging_mixin.py:188} INFO - [2025-06-12T09:29:19.301+0000] {dag.py:3947} INFO - Setting next_dagrun for etl_exam_pipeline to 2025-06-11 00:00:00+00:00, run_after=2025-06-12 00:00:00+00:00
[2025-06-12T09:29:19.315+0000] {processor.py:183} INFO - Processing /opt/airflow/dags/pipeline_dag.py took 0.123 seconds
[2025-06-12T09:29:49.652+0000] {processor.py:161} INFO - Started process (PID=265) to work on /opt/airflow/dags/pipeline_dag.py
[2025-06-12T09:29:49.654+0000] {processor.py:830} INFO - Processing file /opt/airflow/dags/pipeline_dag.py for tasks to queue
[2025-06-12T09:29:49.659+0000] {logging_mixin.py:188} INFO - [2025-06-12T09:29:49.658+0000] {dagbag.py:545} INFO - Filling up the DagBag from /opt/airflow/dags/pipeline_dag.py
[2025-06-12T09:29:49.707+0000] {processor.py:840} INFO - DAG(s) 'etl_exam_pipeline' retrieved from /opt/airflow/dags/pipeline_dag.py
[2025-06-12T09:29:49.800+0000] {logging_mixin.py:188} INFO - [2025-06-12T09:29:49.800+0000] {dag.py:3089} INFO - Sync 1 DAGs
[2025-06-12T09:29:49.843+0000] {logging_mixin.py:188} INFO - [2025-06-12T09:29:49.843+0000] {dag.py:3947} INFO - Setting next_dagrun for etl_exam_pipeline to 2025-06-11 00:00:00+00:00, run_after=2025-06-12 00:00:00+00:00
[2025-06-12T09:29:49.859+0000] {processor.py:183} INFO - Processing /opt/airflow/dags/pipeline_dag.py took 0.222 seconds
[2025-06-12T09:30:20.086+0000] {processor.py:161} INFO - Started process (PID=270) to work on /opt/airflow/dags/pipeline_dag.py
[2025-06-12T09:30:20.089+0000] {processor.py:830} INFO - Processing file /opt/airflow/dags/pipeline_dag.py for tasks to queue
[2025-06-12T09:30:20.092+0000] {logging_mixin.py:188} INFO - [2025-06-12T09:30:20.092+0000] {dagbag.py:545} INFO - Filling up the DagBag from /opt/airflow/dags/pipeline_dag.py
[2025-06-12T09:30:20.113+0000] {processor.py:840} INFO - DAG(s) 'etl_exam_pipeline' retrieved from /opt/airflow/dags/pipeline_dag.py
[2025-06-12T09:30:20.157+0000] {logging_mixin.py:188} INFO - [2025-06-12T09:30:20.157+0000] {dag.py:3089} INFO - Sync 1 DAGs
[2025-06-12T09:30:20.177+0000] {logging_mixin.py:188} INFO - [2025-06-12T09:30:20.177+0000] {dag.py:3947} INFO - Setting next_dagrun for etl_exam_pipeline to 2025-06-11 00:00:00+00:00, run_after=2025-06-12 00:00:00+00:00
[2025-06-12T09:30:20.192+0000] {processor.py:183} INFO - Processing /opt/airflow/dags/pipeline_dag.py took 0.119 seconds
[2025-06-12T09:30:50.579+0000] {processor.py:161} INFO - Started process (PID=275) to work on /opt/airflow/dags/pipeline_dag.py
[2025-06-12T09:30:50.580+0000] {processor.py:830} INFO - Processing file /opt/airflow/dags/pipeline_dag.py for tasks to queue
[2025-06-12T09:30:50.585+0000] {logging_mixin.py:188} INFO - [2025-06-12T09:30:50.584+0000] {dagbag.py:545} INFO - Filling up the DagBag from /opt/airflow/dags/pipeline_dag.py
[2025-06-12T09:30:50.608+0000] {processor.py:840} INFO - DAG(s) 'etl_exam_pipeline' retrieved from /opt/airflow/dags/pipeline_dag.py
[2025-06-12T09:30:50.642+0000] {logging_mixin.py:188} INFO - [2025-06-12T09:30:50.642+0000] {dag.py:3089} INFO - Sync 1 DAGs
[2025-06-12T09:30:50.661+0000] {logging_mixin.py:188} INFO - [2025-06-12T09:30:50.660+0000] {dag.py:3947} INFO - Setting next_dagrun for etl_exam_pipeline to 2025-06-11 00:00:00+00:00, run_after=2025-06-12 00:00:00+00:00
[2025-06-12T09:30:50.671+0000] {processor.py:183} INFO - Processing /opt/airflow/dags/pipeline_dag.py took 0.099 seconds
[2025-06-12T09:31:21.024+0000] {processor.py:161} INFO - Started process (PID=280) to work on /opt/airflow/dags/pipeline_dag.py
[2025-06-12T09:31:21.025+0000] {processor.py:830} INFO - Processing file /opt/airflow/dags/pipeline_dag.py for tasks to queue
[2025-06-12T09:31:21.033+0000] {logging_mixin.py:188} INFO - [2025-06-12T09:31:21.032+0000] {dagbag.py:545} INFO - Filling up the DagBag from /opt/airflow/dags/pipeline_dag.py
[2025-06-12T09:31:21.055+0000] {processor.py:840} INFO - DAG(s) 'etl_exam_pipeline' retrieved from /opt/airflow/dags/pipeline_dag.py
[2025-06-12T09:31:21.083+0000] {logging_mixin.py:188} INFO - [2025-06-12T09:31:21.083+0000] {dag.py:3089} INFO - Sync 1 DAGs
[2025-06-12T09:31:21.102+0000] {logging_mixin.py:188} INFO - [2025-06-12T09:31:21.101+0000] {dag.py:3947} INFO - Setting next_dagrun for etl_exam_pipeline to 2025-06-11 00:00:00+00:00, run_after=2025-06-12 00:00:00+00:00
[2025-06-12T09:31:21.111+0000] {processor.py:183} INFO - Processing /opt/airflow/dags/pipeline_dag.py took 0.098 seconds
[2025-06-12T09:31:51.414+0000] {processor.py:161} INFO - Started process (PID=285) to work on /opt/airflow/dags/pipeline_dag.py
[2025-06-12T09:31:51.415+0000] {processor.py:830} INFO - Processing file /opt/airflow/dags/pipeline_dag.py for tasks to queue
[2025-06-12T09:31:51.423+0000] {logging_mixin.py:188} INFO - [2025-06-12T09:31:51.421+0000] {dagbag.py:545} INFO - Filling up the DagBag from /opt/airflow/dags/pipeline_dag.py
[2025-06-12T09:31:51.453+0000] {processor.py:840} INFO - DAG(s) 'etl_exam_pipeline' retrieved from /opt/airflow/dags/pipeline_dag.py
[2025-06-12T09:31:51.489+0000] {logging_mixin.py:188} INFO - [2025-06-12T09:31:51.488+0000] {dag.py:3089} INFO - Sync 1 DAGs
[2025-06-12T09:31:51.511+0000] {logging_mixin.py:188} INFO - [2025-06-12T09:31:51.511+0000] {dag.py:3947} INFO - Setting next_dagrun for etl_exam_pipeline to 2025-06-11 00:00:00+00:00, run_after=2025-06-12 00:00:00+00:00
[2025-06-12T09:31:51.526+0000] {processor.py:183} INFO - Processing /opt/airflow/dags/pipeline_dag.py took 0.120 seconds
[2025-06-12T09:32:21.791+0000] {processor.py:161} INFO - Started process (PID=290) to work on /opt/airflow/dags/pipeline_dag.py
[2025-06-12T09:32:21.793+0000] {processor.py:830} INFO - Processing file /opt/airflow/dags/pipeline_dag.py for tasks to queue
[2025-06-12T09:32:21.796+0000] {logging_mixin.py:188} INFO - [2025-06-12T09:32:21.795+0000] {dagbag.py:545} INFO - Filling up the DagBag from /opt/airflow/dags/pipeline_dag.py
[2025-06-12T09:32:21.816+0000] {processor.py:840} INFO - DAG(s) 'etl_exam_pipeline' retrieved from /opt/airflow/dags/pipeline_dag.py
[2025-06-12T09:32:21.841+0000] {logging_mixin.py:188} INFO - [2025-06-12T09:32:21.841+0000] {dag.py:3089} INFO - Sync 1 DAGs
[2025-06-12T09:32:21.858+0000] {logging_mixin.py:188} INFO - [2025-06-12T09:32:21.858+0000] {dag.py:3947} INFO - Setting next_dagrun for etl_exam_pipeline to 2025-06-11 00:00:00+00:00, run_after=2025-06-12 00:00:00+00:00
[2025-06-12T09:32:21.869+0000] {processor.py:183} INFO - Processing /opt/airflow/dags/pipeline_dag.py took 0.088 seconds
[2025-06-12T09:32:52.129+0000] {processor.py:161} INFO - Started process (PID=295) to work on /opt/airflow/dags/pipeline_dag.py
[2025-06-12T09:32:52.131+0000] {processor.py:830} INFO - Processing file /opt/airflow/dags/pipeline_dag.py for tasks to queue
[2025-06-12T09:32:52.134+0000] {logging_mixin.py:188} INFO - [2025-06-12T09:32:52.133+0000] {dagbag.py:545} INFO - Filling up the DagBag from /opt/airflow/dags/pipeline_dag.py
[2025-06-12T09:32:52.155+0000] {processor.py:840} INFO - DAG(s) 'etl_exam_pipeline' retrieved from /opt/airflow/dags/pipeline_dag.py
[2025-06-12T09:32:52.181+0000] {logging_mixin.py:188} INFO - [2025-06-12T09:32:52.181+0000] {dag.py:3089} INFO - Sync 1 DAGs
[2025-06-12T09:32:52.200+0000] {logging_mixin.py:188} INFO - [2025-06-12T09:32:52.200+0000] {dag.py:3947} INFO - Setting next_dagrun for etl_exam_pipeline to 2025-06-11 00:00:00+00:00, run_after=2025-06-12 00:00:00+00:00
[2025-06-12T09:32:52.210+0000] {processor.py:183} INFO - Processing /opt/airflow/dags/pipeline_dag.py took 0.092 seconds
[2025-06-12T13:58:35.197+0000] {processor.py:161} INFO - Started process (PID=35) to work on /opt/airflow/dags/pipeline_dag.py
[2025-06-12T13:58:35.200+0000] {processor.py:830} INFO - Processing file /opt/airflow/dags/pipeline_dag.py for tasks to queue
[2025-06-12T13:58:35.204+0000] {logging_mixin.py:188} INFO - [2025-06-12T13:58:35.203+0000] {dagbag.py:540} INFO - Filling up the DagBag from /opt/airflow/dags/pipeline_dag.py
[2025-06-12T13:58:35.313+0000] {processor.py:840} INFO - DAG(s) 'etl_exam_pipeline' retrieved from /opt/airflow/dags/pipeline_dag.py
[2025-06-12T13:58:35.485+0000] {logging_mixin.py:188} INFO - [2025-06-12T13:58:35.485+0000] {dag.py:3096} INFO - Sync 1 DAGs
[2025-06-12T13:58:35.561+0000] {logging_mixin.py:188} INFO - [2025-06-12T13:58:35.560+0000] {dag.py:3954} INFO - Setting next_dagrun for etl_exam_pipeline to 2025-06-11 00:00:00+00:00, run_after=2025-06-12 00:00:00+00:00
[2025-06-12T13:58:35.601+0000] {processor.py:183} INFO - Processing /opt/airflow/dags/pipeline_dag.py took 0.415 seconds
[2025-06-12T13:59:06.499+0000] {processor.py:161} INFO - Started process (PID=102) to work on /opt/airflow/dags/pipeline_dag.py
[2025-06-12T13:59:06.500+0000] {processor.py:830} INFO - Processing file /opt/airflow/dags/pipeline_dag.py for tasks to queue
[2025-06-12T13:59:06.503+0000] {logging_mixin.py:188} INFO - [2025-06-12T13:59:06.503+0000] {dagbag.py:540} INFO - Filling up the DagBag from /opt/airflow/dags/pipeline_dag.py
[2025-06-12T13:59:06.524+0000] {processor.py:840} INFO - DAG(s) 'etl_exam_pipeline' retrieved from /opt/airflow/dags/pipeline_dag.py
[2025-06-12T13:59:06.728+0000] {logging_mixin.py:188} INFO - [2025-06-12T13:59:06.728+0000] {dag.py:3096} INFO - Sync 1 DAGs
[2025-06-12T13:59:06.752+0000] {logging_mixin.py:188} INFO - [2025-06-12T13:59:06.752+0000] {dag.py:3954} INFO - Setting next_dagrun for etl_exam_pipeline to 2025-06-11 00:00:00+00:00, run_after=2025-06-12 00:00:00+00:00
[2025-06-12T13:59:06.765+0000] {processor.py:183} INFO - Processing /opt/airflow/dags/pipeline_dag.py took 0.284 seconds
[2025-06-12T13:59:36.978+0000] {processor.py:161} INFO - Started process (PID=169) to work on /opt/airflow/dags/pipeline_dag.py
[2025-06-12T13:59:36.980+0000] {processor.py:830} INFO - Processing file /opt/airflow/dags/pipeline_dag.py for tasks to queue
[2025-06-12T13:59:36.984+0000] {logging_mixin.py:188} INFO - [2025-06-12T13:59:36.983+0000] {dagbag.py:540} INFO - Filling up the DagBag from /opt/airflow/dags/pipeline_dag.py
[2025-06-12T13:59:37.001+0000] {processor.py:840} INFO - DAG(s) 'etl_exam_pipeline' retrieved from /opt/airflow/dags/pipeline_dag.py
[2025-06-12T13:59:37.023+0000] {logging_mixin.py:188} INFO - [2025-06-12T13:59:37.023+0000] {dag.py:3096} INFO - Sync 1 DAGs
[2025-06-12T13:59:37.038+0000] {logging_mixin.py:188} INFO - [2025-06-12T13:59:37.038+0000] {dag.py:3954} INFO - Setting next_dagrun for etl_exam_pipeline to 2025-06-11 00:00:00+00:00, run_after=2025-06-12 00:00:00+00:00
[2025-06-12T13:59:37.048+0000] {processor.py:183} INFO - Processing /opt/airflow/dags/pipeline_dag.py took 0.084 seconds
[2025-06-12T14:00:07.318+0000] {processor.py:161} INFO - Started process (PID=243) to work on /opt/airflow/dags/pipeline_dag.py
[2025-06-12T14:00:07.325+0000] {processor.py:830} INFO - Processing file /opt/airflow/dags/pipeline_dag.py for tasks to queue
[2025-06-12T14:00:07.329+0000] {logging_mixin.py:188} INFO - [2025-06-12T14:00:07.328+0000] {dagbag.py:540} INFO - Filling up the DagBag from /opt/airflow/dags/pipeline_dag.py
[2025-06-12T14:00:07.352+0000] {processor.py:840} INFO - DAG(s) 'etl_exam_pipeline' retrieved from /opt/airflow/dags/pipeline_dag.py
[2025-06-12T14:00:07.388+0000] {logging_mixin.py:188} INFO - [2025-06-12T14:00:07.388+0000] {dag.py:3096} INFO - Sync 1 DAGs
[2025-06-12T14:00:07.406+0000] {logging_mixin.py:188} INFO - [2025-06-12T14:00:07.405+0000] {dag.py:3954} INFO - Setting next_dagrun for etl_exam_pipeline to 2025-06-11 00:00:00+00:00, run_after=2025-06-12 00:00:00+00:00
[2025-06-12T14:00:07.419+0000] {processor.py:183} INFO - Processing /opt/airflow/dags/pipeline_dag.py took 0.117 seconds
[2025-06-12T14:00:38.027+0000] {processor.py:161} INFO - Started process (PID=310) to work on /opt/airflow/dags/pipeline_dag.py
[2025-06-12T14:00:38.030+0000] {processor.py:830} INFO - Processing file /opt/airflow/dags/pipeline_dag.py for tasks to queue
[2025-06-12T14:00:38.036+0000] {logging_mixin.py:188} INFO - [2025-06-12T14:00:38.035+0000] {dagbag.py:540} INFO - Filling up the DagBag from /opt/airflow/dags/pipeline_dag.py
[2025-06-12T14:00:38.056+0000] {processor.py:840} INFO - DAG(s) 'etl_exam_pipeline' retrieved from /opt/airflow/dags/pipeline_dag.py
[2025-06-12T14:00:38.095+0000] {logging_mixin.py:188} INFO - [2025-06-12T14:00:38.094+0000] {dag.py:3096} INFO - Sync 1 DAGs
[2025-06-12T14:00:38.122+0000] {logging_mixin.py:188} INFO - [2025-06-12T14:00:38.122+0000] {dag.py:3954} INFO - Setting next_dagrun for etl_exam_pipeline to 2025-06-11 00:00:00+00:00, run_after=2025-06-12 00:00:00+00:00
[2025-06-12T14:00:38.138+0000] {processor.py:183} INFO - Processing /opt/airflow/dags/pipeline_dag.py took 0.132 seconds
[2025-06-12T14:01:08.318+0000] {processor.py:161} INFO - Started process (PID=384) to work on /opt/airflow/dags/pipeline_dag.py
[2025-06-12T14:01:08.322+0000] {processor.py:830} INFO - Processing file /opt/airflow/dags/pipeline_dag.py for tasks to queue
[2025-06-12T14:01:08.323+0000] {logging_mixin.py:188} INFO - [2025-06-12T14:01:08.323+0000] {dagbag.py:540} INFO - Filling up the DagBag from /opt/airflow/dags/pipeline_dag.py
[2025-06-12T14:01:08.338+0000] {processor.py:840} INFO - DAG(s) 'etl_exam_pipeline' retrieved from /opt/airflow/dags/pipeline_dag.py
[2025-06-12T14:01:08.360+0000] {logging_mixin.py:188} INFO - [2025-06-12T14:01:08.360+0000] {dag.py:3096} INFO - Sync 1 DAGs
[2025-06-12T14:01:08.374+0000] {logging_mixin.py:188} INFO - [2025-06-12T14:01:08.374+0000] {dag.py:3954} INFO - Setting next_dagrun for etl_exam_pipeline to 2025-06-11 00:00:00+00:00, run_after=2025-06-12 00:00:00+00:00
[2025-06-12T14:01:08.388+0000] {processor.py:183} INFO - Processing /opt/airflow/dags/pipeline_dag.py took 0.085 seconds
[2025-06-12T14:15:46.042+0000] {processor.py:161} INFO - Started process (PID=36) to work on /opt/airflow/dags/pipeline_dag.py
[2025-06-12T14:15:46.045+0000] {processor.py:830} INFO - Processing file /opt/airflow/dags/pipeline_dag.py for tasks to queue
[2025-06-12T14:15:46.049+0000] {logging_mixin.py:188} INFO - [2025-06-12T14:15:46.048+0000] {dagbag.py:540} INFO - Filling up the DagBag from /opt/airflow/dags/pipeline_dag.py
[2025-06-12T14:15:46.115+0000] {processor.py:840} INFO - DAG(s) 'etl_exam_pipeline' retrieved from /opt/airflow/dags/pipeline_dag.py
[2025-06-12T14:15:46.174+0000] {logging_mixin.py:188} INFO - [2025-06-12T14:15:46.174+0000] {dag.py:3096} INFO - Sync 1 DAGs
[2025-06-12T14:15:46.209+0000] {logging_mixin.py:188} INFO - [2025-06-12T14:15:46.209+0000] {dag.py:3954} INFO - Setting next_dagrun for etl_exam_pipeline to 2025-06-11 00:00:00+00:00, run_after=2025-06-12 00:00:00+00:00
[2025-06-12T14:15:46.233+0000] {processor.py:183} INFO - Processing /opt/airflow/dags/pipeline_dag.py took 0.200 seconds
[2025-06-12T14:16:16.833+0000] {processor.py:161} INFO - Started process (PID=103) to work on /opt/airflow/dags/pipeline_dag.py
[2025-06-12T14:16:16.835+0000] {processor.py:830} INFO - Processing file /opt/airflow/dags/pipeline_dag.py for tasks to queue
[2025-06-12T14:16:16.838+0000] {logging_mixin.py:188} INFO - [2025-06-12T14:16:16.837+0000] {dagbag.py:540} INFO - Filling up the DagBag from /opt/airflow/dags/pipeline_dag.py
[2025-06-12T14:16:16.852+0000] {processor.py:840} INFO - DAG(s) 'etl_exam_pipeline' retrieved from /opt/airflow/dags/pipeline_dag.py
[2025-06-12T14:16:17.068+0000] {logging_mixin.py:188} INFO - [2025-06-12T14:16:17.068+0000] {dag.py:3096} INFO - Sync 1 DAGs
[2025-06-12T14:16:17.082+0000] {logging_mixin.py:188} INFO - [2025-06-12T14:16:17.082+0000] {dag.py:3954} INFO - Setting next_dagrun for etl_exam_pipeline to 2025-06-11 00:00:00+00:00, run_after=2025-06-12 00:00:00+00:00
[2025-06-12T14:16:17.095+0000] {processor.py:183} INFO - Processing /opt/airflow/dags/pipeline_dag.py took 0.271 seconds
[2025-06-12T14:16:47.552+0000] {processor.py:161} INFO - Started process (PID=177) to work on /opt/airflow/dags/pipeline_dag.py
[2025-06-12T14:16:47.553+0000] {processor.py:830} INFO - Processing file /opt/airflow/dags/pipeline_dag.py for tasks to queue
[2025-06-12T14:16:47.556+0000] {logging_mixin.py:188} INFO - [2025-06-12T14:16:47.555+0000] {dagbag.py:540} INFO - Filling up the DagBag from /opt/airflow/dags/pipeline_dag.py
[2025-06-12T14:16:47.570+0000] {processor.py:840} INFO - DAG(s) 'etl_exam_pipeline' retrieved from /opt/airflow/dags/pipeline_dag.py
[2025-06-12T14:16:47.591+0000] {logging_mixin.py:188} INFO - [2025-06-12T14:16:47.591+0000] {dag.py:3096} INFO - Sync 1 DAGs
[2025-06-12T14:16:47.612+0000] {logging_mixin.py:188} INFO - [2025-06-12T14:16:47.612+0000] {dag.py:3954} INFO - Setting next_dagrun for etl_exam_pipeline to 2025-06-11 00:00:00+00:00, run_after=2025-06-12 00:00:00+00:00
[2025-06-12T14:16:47.626+0000] {processor.py:183} INFO - Processing /opt/airflow/dags/pipeline_dag.py took 0.084 seconds
[2025-06-12T14:17:18.269+0000] {processor.py:161} INFO - Started process (PID=244) to work on /opt/airflow/dags/pipeline_dag.py
[2025-06-12T14:17:18.272+0000] {processor.py:830} INFO - Processing file /opt/airflow/dags/pipeline_dag.py for tasks to queue
[2025-06-12T14:17:18.278+0000] {logging_mixin.py:188} INFO - [2025-06-12T14:17:18.277+0000] {dagbag.py:540} INFO - Filling up the DagBag from /opt/airflow/dags/pipeline_dag.py
[2025-06-12T14:17:18.308+0000] {processor.py:840} INFO - DAG(s) 'etl_exam_pipeline' retrieved from /opt/airflow/dags/pipeline_dag.py
[2025-06-12T14:17:18.419+0000] {logging_mixin.py:188} INFO - [2025-06-12T14:17:18.419+0000] {dag.py:3096} INFO - Sync 1 DAGs
[2025-06-12T14:17:18.434+0000] {logging_mixin.py:188} INFO - [2025-06-12T14:17:18.433+0000] {dag.py:3954} INFO - Setting next_dagrun for etl_exam_pipeline to 2025-06-11 00:00:00+00:00, run_after=2025-06-12 00:00:00+00:00
[2025-06-12T14:17:18.449+0000] {processor.py:183} INFO - Processing /opt/airflow/dags/pipeline_dag.py took 0.188 seconds
[2025-06-12T14:17:49.387+0000] {processor.py:161} INFO - Started process (PID=317) to work on /opt/airflow/dags/pipeline_dag.py
[2025-06-12T14:17:49.388+0000] {processor.py:830} INFO - Processing file /opt/airflow/dags/pipeline_dag.py for tasks to queue
[2025-06-12T14:17:49.392+0000] {logging_mixin.py:188} INFO - [2025-06-12T14:17:49.392+0000] {dagbag.py:540} INFO - Filling up the DagBag from /opt/airflow/dags/pipeline_dag.py
[2025-06-12T14:17:49.409+0000] {processor.py:840} INFO - DAG(s) 'etl_exam_pipeline' retrieved from /opt/airflow/dags/pipeline_dag.py
[2025-06-12T14:17:49.436+0000] {logging_mixin.py:188} INFO - [2025-06-12T14:17:49.436+0000] {dag.py:3096} INFO - Sync 1 DAGs
[2025-06-12T14:17:49.459+0000] {logging_mixin.py:188} INFO - [2025-06-12T14:17:49.459+0000] {dag.py:3954} INFO - Setting next_dagrun for etl_exam_pipeline to 2025-06-11 00:00:00+00:00, run_after=2025-06-12 00:00:00+00:00
[2025-06-12T14:17:49.474+0000] {processor.py:183} INFO - Processing /opt/airflow/dags/pipeline_dag.py took 0.099 seconds
[2025-06-12T14:18:31.569+0000] {processor.py:161} INFO - Started process (PID=29) to work on /opt/airflow/dags/pipeline_dag.py
[2025-06-12T14:18:31.571+0000] {processor.py:830} INFO - Processing file /opt/airflow/dags/pipeline_dag.py for tasks to queue
[2025-06-12T14:18:31.573+0000] {logging_mixin.py:188} INFO - [2025-06-12T14:18:31.572+0000] {dagbag.py:540} INFO - Filling up the DagBag from /opt/airflow/dags/pipeline_dag.py
[2025-06-12T14:18:31.593+0000] {processor.py:840} INFO - DAG(s) 'etl_exam_pipeline' retrieved from /opt/airflow/dags/pipeline_dag.py
[2025-06-12T14:18:31.638+0000] {logging_mixin.py:188} INFO - [2025-06-12T14:18:31.638+0000] {dag.py:3096} INFO - Sync 1 DAGs
[2025-06-12T14:18:31.662+0000] {logging_mixin.py:188} INFO - [2025-06-12T14:18:31.662+0000] {dag.py:3954} INFO - Setting next_dagrun for etl_exam_pipeline to 2025-06-11 00:00:00+00:00, run_after=2025-06-12 00:00:00+00:00
[2025-06-12T14:18:31.683+0000] {processor.py:183} INFO - Processing /opt/airflow/dags/pipeline_dag.py took 0.118 seconds
[2025-06-12T14:19:02.048+0000] {processor.py:161} INFO - Started process (PID=101) to work on /opt/airflow/dags/pipeline_dag.py
[2025-06-12T14:19:02.052+0000] {processor.py:830} INFO - Processing file /opt/airflow/dags/pipeline_dag.py for tasks to queue
[2025-06-12T14:19:02.058+0000] {logging_mixin.py:188} INFO - [2025-06-12T14:19:02.057+0000] {dagbag.py:540} INFO - Filling up the DagBag from /opt/airflow/dags/pipeline_dag.py
[2025-06-12T14:19:02.073+0000] {processor.py:840} INFO - DAG(s) 'etl_exam_pipeline' retrieved from /opt/airflow/dags/pipeline_dag.py
[2025-06-12T14:19:02.087+0000] {logging_mixin.py:188} INFO - [2025-06-12T14:19:02.087+0000] {dag.py:3096} INFO - Sync 1 DAGs
[2025-06-12T14:19:02.101+0000] {logging_mixin.py:188} INFO - [2025-06-12T14:19:02.101+0000] {dag.py:3954} INFO - Setting next_dagrun for etl_exam_pipeline to 2025-06-11 00:00:00+00:00, run_after=2025-06-12 00:00:00+00:00
[2025-06-12T14:19:02.113+0000] {processor.py:183} INFO - Processing /opt/airflow/dags/pipeline_dag.py took 0.074 seconds
[2025-06-12T14:19:32.354+0000] {processor.py:161} INFO - Started process (PID=168) to work on /opt/airflow/dags/pipeline_dag.py
[2025-06-12T14:19:32.356+0000] {processor.py:830} INFO - Processing file /opt/airflow/dags/pipeline_dag.py for tasks to queue
[2025-06-12T14:19:32.361+0000] {logging_mixin.py:188} INFO - [2025-06-12T14:19:32.361+0000] {dagbag.py:540} INFO - Filling up the DagBag from /opt/airflow/dags/pipeline_dag.py
[2025-06-12T14:19:32.375+0000] {processor.py:840} INFO - DAG(s) 'etl_exam_pipeline' retrieved from /opt/airflow/dags/pipeline_dag.py
[2025-06-12T14:19:32.392+0000] {logging_mixin.py:188} INFO - [2025-06-12T14:19:32.392+0000] {dag.py:3096} INFO - Sync 1 DAGs
[2025-06-12T14:19:32.410+0000] {logging_mixin.py:188} INFO - [2025-06-12T14:19:32.410+0000] {dag.py:3954} INFO - Setting next_dagrun for etl_exam_pipeline to 2025-06-11 00:00:00+00:00, run_after=2025-06-12 00:00:00+00:00
[2025-06-12T14:19:32.420+0000] {processor.py:183} INFO - Processing /opt/airflow/dags/pipeline_dag.py took 0.075 seconds
[2025-06-12T14:20:02.714+0000] {processor.py:161} INFO - Started process (PID=241) to work on /opt/airflow/dags/pipeline_dag.py
[2025-06-12T14:20:02.715+0000] {processor.py:830} INFO - Processing file /opt/airflow/dags/pipeline_dag.py for tasks to queue
[2025-06-12T14:20:02.721+0000] {logging_mixin.py:188} INFO - [2025-06-12T14:20:02.720+0000] {dagbag.py:540} INFO - Filling up the DagBag from /opt/airflow/dags/pipeline_dag.py
[2025-06-12T14:20:02.741+0000] {processor.py:840} INFO - DAG(s) 'etl_exam_pipeline' retrieved from /opt/airflow/dags/pipeline_dag.py
[2025-06-12T14:20:02.820+0000] {logging_mixin.py:188} INFO - [2025-06-12T14:20:02.820+0000] {dag.py:3096} INFO - Sync 1 DAGs
[2025-06-12T14:20:02.831+0000] {logging_mixin.py:188} INFO - [2025-06-12T14:20:02.831+0000] {dag.py:3954} INFO - Setting next_dagrun for etl_exam_pipeline to 2025-06-11 00:00:00+00:00, run_after=2025-06-12 00:00:00+00:00
[2025-06-12T14:20:02.844+0000] {processor.py:183} INFO - Processing /opt/airflow/dags/pipeline_dag.py took 0.143 seconds
[2025-06-12T14:20:32.955+0000] {processor.py:161} INFO - Started process (PID=316) to work on /opt/airflow/dags/pipeline_dag.py
[2025-06-12T14:20:32.956+0000] {processor.py:830} INFO - Processing file /opt/airflow/dags/pipeline_dag.py for tasks to queue
[2025-06-12T14:20:32.960+0000] {logging_mixin.py:188} INFO - [2025-06-12T14:20:32.960+0000] {dagbag.py:540} INFO - Filling up the DagBag from /opt/airflow/dags/pipeline_dag.py
[2025-06-12T14:20:32.988+0000] {processor.py:840} INFO - DAG(s) 'etl_exam_pipeline' retrieved from /opt/airflow/dags/pipeline_dag.py
[2025-06-12T14:20:33.007+0000] {logging_mixin.py:188} INFO - [2025-06-12T14:20:33.007+0000] {dag.py:3096} INFO - Sync 1 DAGs
[2025-06-12T14:20:33.020+0000] {logging_mixin.py:188} INFO - [2025-06-12T14:20:33.019+0000] {dag.py:3954} INFO - Setting next_dagrun for etl_exam_pipeline to 2025-06-11 00:00:00+00:00, run_after=2025-06-12 00:00:00+00:00
[2025-06-12T14:20:33.035+0000] {processor.py:183} INFO - Processing /opt/airflow/dags/pipeline_dag.py took 0.087 seconds
[2025-06-12T14:21:03.586+0000] {processor.py:161} INFO - Started process (PID=383) to work on /opt/airflow/dags/pipeline_dag.py
[2025-06-12T14:21:03.595+0000] {processor.py:830} INFO - Processing file /opt/airflow/dags/pipeline_dag.py for tasks to queue
[2025-06-12T14:21:03.599+0000] {logging_mixin.py:188} INFO - [2025-06-12T14:21:03.599+0000] {dagbag.py:540} INFO - Filling up the DagBag from /opt/airflow/dags/pipeline_dag.py
[2025-06-12T14:21:03.628+0000] {processor.py:840} INFO - DAG(s) 'etl_exam_pipeline' retrieved from /opt/airflow/dags/pipeline_dag.py
[2025-06-12T14:21:03.654+0000] {logging_mixin.py:188} INFO - [2025-06-12T14:21:03.654+0000] {dag.py:3096} INFO - Sync 1 DAGs
[2025-06-12T14:21:03.674+0000] {logging_mixin.py:188} INFO - [2025-06-12T14:21:03.674+0000] {dag.py:3954} INFO - Setting next_dagrun for etl_exam_pipeline to 2025-06-11 00:00:00+00:00, run_after=2025-06-12 00:00:00+00:00
[2025-06-12T14:21:03.690+0000] {processor.py:183} INFO - Processing /opt/airflow/dags/pipeline_dag.py took 0.118 seconds
[2025-06-12T14:21:33.951+0000] {processor.py:161} INFO - Started process (PID=456) to work on /opt/airflow/dags/pipeline_dag.py
[2025-06-12T14:21:33.953+0000] {processor.py:830} INFO - Processing file /opt/airflow/dags/pipeline_dag.py for tasks to queue
[2025-06-12T14:21:33.959+0000] {logging_mixin.py:188} INFO - [2025-06-12T14:21:33.958+0000] {dagbag.py:540} INFO - Filling up the DagBag from /opt/airflow/dags/pipeline_dag.py
[2025-06-12T14:21:33.976+0000] {processor.py:840} INFO - DAG(s) 'etl_exam_pipeline' retrieved from /opt/airflow/dags/pipeline_dag.py
[2025-06-12T14:21:34.001+0000] {logging_mixin.py:188} INFO - [2025-06-12T14:21:34.001+0000] {dag.py:3096} INFO - Sync 1 DAGs
[2025-06-12T14:21:34.020+0000] {logging_mixin.py:188} INFO - [2025-06-12T14:21:34.020+0000] {dag.py:3954} INFO - Setting next_dagrun for etl_exam_pipeline to 2025-06-12 00:00:00+00:00, run_after=2025-06-13 00:00:00+00:00
[2025-06-12T14:21:34.032+0000] {processor.py:183} INFO - Processing /opt/airflow/dags/pipeline_dag.py took 0.089 seconds
[2025-06-12T14:22:04.169+0000] {processor.py:161} INFO - Started process (PID=523) to work on /opt/airflow/dags/pipeline_dag.py
[2025-06-12T14:22:04.171+0000] {processor.py:830} INFO - Processing file /opt/airflow/dags/pipeline_dag.py for tasks to queue
[2025-06-12T14:22:04.172+0000] {logging_mixin.py:188} INFO - [2025-06-12T14:22:04.172+0000] {dagbag.py:540} INFO - Filling up the DagBag from /opt/airflow/dags/pipeline_dag.py
[2025-06-12T14:22:04.183+0000] {processor.py:840} INFO - DAG(s) 'etl_exam_pipeline' retrieved from /opt/airflow/dags/pipeline_dag.py
[2025-06-12T14:22:04.204+0000] {logging_mixin.py:188} INFO - [2025-06-12T14:22:04.204+0000] {dag.py:3096} INFO - Sync 1 DAGs
[2025-06-12T14:22:04.225+0000] {logging_mixin.py:188} INFO - [2025-06-12T14:22:04.224+0000] {dag.py:3954} INFO - Setting next_dagrun for etl_exam_pipeline to 2025-06-12 00:00:00+00:00, run_after=2025-06-13 00:00:00+00:00
[2025-06-12T14:22:04.240+0000] {processor.py:183} INFO - Processing /opt/airflow/dags/pipeline_dag.py took 0.078 seconds
[2025-06-12T14:22:34.413+0000] {processor.py:161} INFO - Started process (PID=597) to work on /opt/airflow/dags/pipeline_dag.py
[2025-06-12T14:22:34.416+0000] {processor.py:830} INFO - Processing file /opt/airflow/dags/pipeline_dag.py for tasks to queue
[2025-06-12T14:22:34.418+0000] {logging_mixin.py:188} INFO - [2025-06-12T14:22:34.417+0000] {dagbag.py:540} INFO - Filling up the DagBag from /opt/airflow/dags/pipeline_dag.py
[2025-06-12T14:22:34.436+0000] {processor.py:840} INFO - DAG(s) 'etl_exam_pipeline' retrieved from /opt/airflow/dags/pipeline_dag.py
[2025-06-12T14:22:34.466+0000] {logging_mixin.py:188} INFO - [2025-06-12T14:22:34.466+0000] {dag.py:3096} INFO - Sync 1 DAGs
[2025-06-12T14:22:34.492+0000] {logging_mixin.py:188} INFO - [2025-06-12T14:22:34.492+0000] {dag.py:3954} INFO - Setting next_dagrun for etl_exam_pipeline to 2025-06-12 00:00:00+00:00, run_after=2025-06-13 00:00:00+00:00
[2025-06-12T14:22:34.510+0000] {processor.py:183} INFO - Processing /opt/airflow/dags/pipeline_dag.py took 0.106 seconds
[2025-06-12T14:23:04.591+0000] {processor.py:161} INFO - Started process (PID=672) to work on /opt/airflow/dags/pipeline_dag.py
[2025-06-12T14:23:04.593+0000] {processor.py:830} INFO - Processing file /opt/airflow/dags/pipeline_dag.py for tasks to queue
[2025-06-12T14:23:04.594+0000] {logging_mixin.py:188} INFO - [2025-06-12T14:23:04.593+0000] {dagbag.py:540} INFO - Filling up the DagBag from /opt/airflow/dags/pipeline_dag.py
[2025-06-12T14:23:04.602+0000] {processor.py:840} INFO - DAG(s) 'etl_exam_pipeline' retrieved from /opt/airflow/dags/pipeline_dag.py
[2025-06-12T14:23:04.618+0000] {logging_mixin.py:188} INFO - [2025-06-12T14:23:04.618+0000] {dag.py:3096} INFO - Sync 1 DAGs
[2025-06-12T14:23:04.630+0000] {logging_mixin.py:188} INFO - [2025-06-12T14:23:04.629+0000] {dag.py:3954} INFO - Setting next_dagrun for etl_exam_pipeline to 2025-06-12 00:00:00+00:00, run_after=2025-06-13 00:00:00+00:00
[2025-06-12T14:23:04.639+0000] {processor.py:183} INFO - Processing /opt/airflow/dags/pipeline_dag.py took 0.051 seconds
[2025-06-12T14:23:34.725+0000] {processor.py:161} INFO - Started process (PID=738) to work on /opt/airflow/dags/pipeline_dag.py
[2025-06-12T14:23:34.726+0000] {processor.py:830} INFO - Processing file /opt/airflow/dags/pipeline_dag.py for tasks to queue
[2025-06-12T14:23:34.730+0000] {logging_mixin.py:188} INFO - [2025-06-12T14:23:34.729+0000] {dagbag.py:540} INFO - Filling up the DagBag from /opt/airflow/dags/pipeline_dag.py
[2025-06-12T14:23:34.740+0000] {processor.py:840} INFO - DAG(s) 'etl_exam_pipeline' retrieved from /opt/airflow/dags/pipeline_dag.py
[2025-06-12T14:23:34.767+0000] {logging_mixin.py:188} INFO - [2025-06-12T14:23:34.767+0000] {dag.py:3096} INFO - Sync 1 DAGs
[2025-06-12T14:23:34.787+0000] {logging_mixin.py:188} INFO - [2025-06-12T14:23:34.787+0000] {dag.py:3954} INFO - Setting next_dagrun for etl_exam_pipeline to 2025-06-12 00:00:00+00:00, run_after=2025-06-13 00:00:00+00:00
[2025-06-12T14:23:34.801+0000] {processor.py:183} INFO - Processing /opt/airflow/dags/pipeline_dag.py took 0.086 seconds
[2025-06-12T14:24:05.451+0000] {processor.py:161} INFO - Started process (PID=812) to work on /opt/airflow/dags/pipeline_dag.py
[2025-06-12T14:24:05.453+0000] {processor.py:830} INFO - Processing file /opt/airflow/dags/pipeline_dag.py for tasks to queue
[2025-06-12T14:24:05.457+0000] {logging_mixin.py:188} INFO - [2025-06-12T14:24:05.456+0000] {dagbag.py:540} INFO - Filling up the DagBag from /opt/airflow/dags/pipeline_dag.py
[2025-06-12T14:24:05.471+0000] {processor.py:840} INFO - DAG(s) 'etl_exam_pipeline' retrieved from /opt/airflow/dags/pipeline_dag.py
[2025-06-12T14:24:05.489+0000] {logging_mixin.py:188} INFO - [2025-06-12T14:24:05.489+0000] {dag.py:3096} INFO - Sync 1 DAGs
[2025-06-12T14:24:05.502+0000] {logging_mixin.py:188} INFO - [2025-06-12T14:24:05.502+0000] {dag.py:3954} INFO - Setting next_dagrun for etl_exam_pipeline to 2025-06-12 00:00:00+00:00, run_after=2025-06-13 00:00:00+00:00
[2025-06-12T14:24:05.516+0000] {processor.py:183} INFO - Processing /opt/airflow/dags/pipeline_dag.py took 0.072 seconds
[2025-06-12T14:24:36.239+0000] {processor.py:161} INFO - Started process (PID=886) to work on /opt/airflow/dags/pipeline_dag.py
[2025-06-12T14:24:36.242+0000] {processor.py:830} INFO - Processing file /opt/airflow/dags/pipeline_dag.py for tasks to queue
[2025-06-12T14:24:36.244+0000] {logging_mixin.py:188} INFO - [2025-06-12T14:24:36.244+0000] {dagbag.py:540} INFO - Filling up the DagBag from /opt/airflow/dags/pipeline_dag.py
[2025-06-12T14:24:36.258+0000] {processor.py:840} INFO - DAG(s) 'etl_exam_pipeline' retrieved from /opt/airflow/dags/pipeline_dag.py
[2025-06-12T14:24:36.279+0000] {logging_mixin.py:188} INFO - [2025-06-12T14:24:36.279+0000] {dag.py:3096} INFO - Sync 1 DAGs
[2025-06-12T14:24:36.294+0000] {logging_mixin.py:188} INFO - [2025-06-12T14:24:36.294+0000] {dag.py:3954} INFO - Setting next_dagrun for etl_exam_pipeline to 2025-06-12 00:00:00+00:00, run_after=2025-06-13 00:00:00+00:00
[2025-06-12T14:24:36.306+0000] {processor.py:183} INFO - Processing /opt/airflow/dags/pipeline_dag.py took 0.075 seconds
[2025-06-12T14:25:06.519+0000] {processor.py:161} INFO - Started process (PID=953) to work on /opt/airflow/dags/pipeline_dag.py
[2025-06-12T14:25:06.523+0000] {processor.py:830} INFO - Processing file /opt/airflow/dags/pipeline_dag.py for tasks to queue
[2025-06-12T14:25:06.526+0000] {logging_mixin.py:188} INFO - [2025-06-12T14:25:06.526+0000] {dagbag.py:540} INFO - Filling up the DagBag from /opt/airflow/dags/pipeline_dag.py
[2025-06-12T14:25:06.541+0000] {processor.py:840} INFO - DAG(s) 'etl_exam_pipeline' retrieved from /opt/airflow/dags/pipeline_dag.py
[2025-06-12T14:25:06.568+0000] {logging_mixin.py:188} INFO - [2025-06-12T14:25:06.568+0000] {dag.py:3096} INFO - Sync 1 DAGs
[2025-06-12T14:25:06.587+0000] {logging_mixin.py:188} INFO - [2025-06-12T14:25:06.587+0000] {dag.py:3954} INFO - Setting next_dagrun for etl_exam_pipeline to 2025-06-12 00:00:00+00:00, run_after=2025-06-13 00:00:00+00:00
[2025-06-12T14:25:06.607+0000] {processor.py:183} INFO - Processing /opt/airflow/dags/pipeline_dag.py took 0.094 seconds
[2025-06-12T14:25:36.745+0000] {processor.py:161} INFO - Started process (PID=1027) to work on /opt/airflow/dags/pipeline_dag.py
[2025-06-12T14:25:36.747+0000] {processor.py:830} INFO - Processing file /opt/airflow/dags/pipeline_dag.py for tasks to queue
[2025-06-12T14:25:36.751+0000] {logging_mixin.py:188} INFO - [2025-06-12T14:25:36.750+0000] {dagbag.py:540} INFO - Filling up the DagBag from /opt/airflow/dags/pipeline_dag.py
[2025-06-12T14:25:36.772+0000] {processor.py:840} INFO - DAG(s) 'etl_exam_pipeline' retrieved from /opt/airflow/dags/pipeline_dag.py
[2025-06-12T14:25:36.797+0000] {logging_mixin.py:188} INFO - [2025-06-12T14:25:36.797+0000] {dag.py:3096} INFO - Sync 1 DAGs
[2025-06-12T14:25:36.813+0000] {logging_mixin.py:188} INFO - [2025-06-12T14:25:36.813+0000] {dag.py:3954} INFO - Setting next_dagrun for etl_exam_pipeline to 2025-06-12 00:00:00+00:00, run_after=2025-06-13 00:00:00+00:00
[2025-06-12T14:25:36.826+0000] {processor.py:183} INFO - Processing /opt/airflow/dags/pipeline_dag.py took 0.092 seconds
[2025-06-12T14:26:06.984+0000] {processor.py:161} INFO - Started process (PID=1094) to work on /opt/airflow/dags/pipeline_dag.py
[2025-06-12T14:26:06.988+0000] {processor.py:830} INFO - Processing file /opt/airflow/dags/pipeline_dag.py for tasks to queue
[2025-06-12T14:26:06.991+0000] {logging_mixin.py:188} INFO - [2025-06-12T14:26:06.991+0000] {dagbag.py:540} INFO - Filling up the DagBag from /opt/airflow/dags/pipeline_dag.py
[2025-06-12T14:26:07.009+0000] {processor.py:840} INFO - DAG(s) 'etl_exam_pipeline' retrieved from /opt/airflow/dags/pipeline_dag.py
[2025-06-12T14:26:07.037+0000] {logging_mixin.py:188} INFO - [2025-06-12T14:26:07.037+0000] {dag.py:3096} INFO - Sync 1 DAGs
[2025-06-12T14:26:07.055+0000] {logging_mixin.py:188} INFO - [2025-06-12T14:26:07.055+0000] {dag.py:3954} INFO - Setting next_dagrun for etl_exam_pipeline to 2025-06-12 00:00:00+00:00, run_after=2025-06-13 00:00:00+00:00
[2025-06-12T14:26:07.070+0000] {processor.py:183} INFO - Processing /opt/airflow/dags/pipeline_dag.py took 0.095 seconds
[2025-06-12T14:26:37.283+0000] {processor.py:161} INFO - Started process (PID=1168) to work on /opt/airflow/dags/pipeline_dag.py
[2025-06-12T14:26:37.287+0000] {processor.py:830} INFO - Processing file /opt/airflow/dags/pipeline_dag.py for tasks to queue
[2025-06-12T14:26:37.291+0000] {logging_mixin.py:188} INFO - [2025-06-12T14:26:37.291+0000] {dagbag.py:540} INFO - Filling up the DagBag from /opt/airflow/dags/pipeline_dag.py
[2025-06-12T14:26:37.311+0000] {processor.py:840} INFO - DAG(s) 'etl_exam_pipeline' retrieved from /opt/airflow/dags/pipeline_dag.py
[2025-06-12T14:26:37.333+0000] {logging_mixin.py:188} INFO - [2025-06-12T14:26:37.333+0000] {dag.py:3096} INFO - Sync 1 DAGs
[2025-06-12T14:26:37.347+0000] {logging_mixin.py:188} INFO - [2025-06-12T14:26:37.347+0000] {dag.py:3954} INFO - Setting next_dagrun for etl_exam_pipeline to 2025-06-12 00:00:00+00:00, run_after=2025-06-13 00:00:00+00:00
[2025-06-12T14:26:37.514+0000] {processor.py:183} INFO - Processing /opt/airflow/dags/pipeline_dag.py took 0.245 seconds
[2025-06-12T14:27:08.185+0000] {processor.py:161} INFO - Started process (PID=1242) to work on /opt/airflow/dags/pipeline_dag.py
[2025-06-12T14:27:08.188+0000] {processor.py:830} INFO - Processing file /opt/airflow/dags/pipeline_dag.py for tasks to queue
[2025-06-12T14:27:08.190+0000] {logging_mixin.py:188} INFO - [2025-06-12T14:27:08.190+0000] {dagbag.py:540} INFO - Filling up the DagBag from /opt/airflow/dags/pipeline_dag.py
[2025-06-12T14:27:08.203+0000] {processor.py:840} INFO - DAG(s) 'etl_exam_pipeline' retrieved from /opt/airflow/dags/pipeline_dag.py
[2025-06-12T14:27:08.222+0000] {logging_mixin.py:188} INFO - [2025-06-12T14:27:08.222+0000] {dag.py:3096} INFO - Sync 1 DAGs
[2025-06-12T14:27:08.236+0000] {logging_mixin.py:188} INFO - [2025-06-12T14:27:08.236+0000] {dag.py:3954} INFO - Setting next_dagrun for etl_exam_pipeline to 2025-06-12 00:00:00+00:00, run_after=2025-06-13 00:00:00+00:00
[2025-06-12T14:27:08.392+0000] {processor.py:183} INFO - Processing /opt/airflow/dags/pipeline_dag.py took 0.214 seconds
[2025-06-12T14:27:38.746+0000] {processor.py:161} INFO - Started process (PID=1309) to work on /opt/airflow/dags/pipeline_dag.py
[2025-06-12T14:27:38.748+0000] {processor.py:830} INFO - Processing file /opt/airflow/dags/pipeline_dag.py for tasks to queue
[2025-06-12T14:27:38.750+0000] {logging_mixin.py:188} INFO - [2025-06-12T14:27:38.750+0000] {dagbag.py:540} INFO - Filling up the DagBag from /opt/airflow/dags/pipeline_dag.py
[2025-06-12T14:27:38.765+0000] {processor.py:840} INFO - DAG(s) 'etl_exam_pipeline' retrieved from /opt/airflow/dags/pipeline_dag.py
[2025-06-12T14:27:38.784+0000] {logging_mixin.py:188} INFO - [2025-06-12T14:27:38.784+0000] {dag.py:3096} INFO - Sync 1 DAGs
[2025-06-12T14:27:38.798+0000] {logging_mixin.py:188} INFO - [2025-06-12T14:27:38.798+0000] {dag.py:3954} INFO - Setting next_dagrun for etl_exam_pipeline to 2025-06-12 00:00:00+00:00, run_after=2025-06-13 00:00:00+00:00
[2025-06-12T14:27:38.809+0000] {processor.py:183} INFO - Processing /opt/airflow/dags/pipeline_dag.py took 0.070 seconds
[2025-06-12T14:27:51.141+0000] {processor.py:161} INFO - Started process (PID=1367) to work on /opt/airflow/dags/pipeline_dag.py
[2025-06-12T14:27:51.142+0000] {processor.py:830} INFO - Processing file /opt/airflow/dags/pipeline_dag.py for tasks to queue
[2025-06-12T14:27:51.144+0000] {logging_mixin.py:188} INFO - [2025-06-12T14:27:51.144+0000] {dagbag.py:540} INFO - Filling up the DagBag from /opt/airflow/dags/pipeline_dag.py
[2025-06-12T14:27:51.157+0000] {processor.py:840} INFO - DAG(s) 'etl_exam_pipeline' retrieved from /opt/airflow/dags/pipeline_dag.py
[2025-06-12T14:27:51.212+0000] {logging_mixin.py:188} INFO - [2025-06-12T14:27:51.212+0000] {dag.py:3096} INFO - Sync 1 DAGs
[2025-06-12T14:27:51.221+0000] {logging_mixin.py:188} INFO - [2025-06-12T14:27:51.221+0000] {dag.py:3954} INFO - Setting next_dagrun for etl_exam_pipeline to 2025-06-12 00:00:00+00:00, run_after=2025-06-13 00:00:00+00:00
[2025-06-12T14:27:51.229+0000] {processor.py:183} INFO - Processing /opt/airflow/dags/pipeline_dag.py took 0.094 seconds
[2025-06-12T14:35:49.218+0000] {processor.py:161} INFO - Started process (PID=34) to work on /opt/airflow/dags/pipeline_dag.py
[2025-06-12T14:35:49.221+0000] {processor.py:830} INFO - Processing file /opt/airflow/dags/pipeline_dag.py for tasks to queue
[2025-06-12T14:35:49.225+0000] {logging_mixin.py:188} INFO - [2025-06-12T14:35:49.224+0000] {dagbag.py:540} INFO - Filling up the DagBag from /opt/airflow/dags/pipeline_dag.py
[2025-06-12T14:35:49.329+0000] {processor.py:840} INFO - DAG(s) 'etl_exam_pipeline' retrieved from /opt/airflow/dags/pipeline_dag.py
[2025-06-12T14:35:49.458+0000] {logging_mixin.py:188} INFO - [2025-06-12T14:35:49.458+0000] {dag.py:3096} INFO - Sync 1 DAGs
[2025-06-12T14:35:49.528+0000] {logging_mixin.py:188} INFO - [2025-06-12T14:35:49.528+0000] {dag.py:3954} INFO - Setting next_dagrun for etl_exam_pipeline to 2025-06-11 00:00:00+00:00, run_after=2025-06-12 00:00:00+00:00
[2025-06-12T14:35:49.599+0000] {processor.py:183} INFO - Processing /opt/airflow/dags/pipeline_dag.py took 0.388 seconds
[2025-06-12T14:36:20.156+0000] {processor.py:161} INFO - Started process (PID=101) to work on /opt/airflow/dags/pipeline_dag.py
[2025-06-12T14:36:20.157+0000] {processor.py:830} INFO - Processing file /opt/airflow/dags/pipeline_dag.py for tasks to queue
[2025-06-12T14:36:20.159+0000] {logging_mixin.py:188} INFO - [2025-06-12T14:36:20.159+0000] {dagbag.py:540} INFO - Filling up the DagBag from /opt/airflow/dags/pipeline_dag.py
[2025-06-12T14:36:20.175+0000] {processor.py:840} INFO - DAG(s) 'etl_exam_pipeline' retrieved from /opt/airflow/dags/pipeline_dag.py
[2025-06-12T14:36:20.371+0000] {logging_mixin.py:188} INFO - [2025-06-12T14:36:20.371+0000] {dag.py:3096} INFO - Sync 1 DAGs
[2025-06-12T14:36:20.381+0000] {logging_mixin.py:188} INFO - [2025-06-12T14:36:20.381+0000] {dag.py:3954} INFO - Setting next_dagrun for etl_exam_pipeline to 2025-06-11 00:00:00+00:00, run_after=2025-06-12 00:00:00+00:00
[2025-06-12T14:36:20.394+0000] {processor.py:183} INFO - Processing /opt/airflow/dags/pipeline_dag.py took 0.248 seconds
[2025-06-12T14:36:51.021+0000] {processor.py:161} INFO - Started process (PID=174) to work on /opt/airflow/dags/pipeline_dag.py
[2025-06-12T14:36:51.022+0000] {processor.py:830} INFO - Processing file /opt/airflow/dags/pipeline_dag.py for tasks to queue
[2025-06-12T14:36:51.025+0000] {logging_mixin.py:188} INFO - [2025-06-12T14:36:51.024+0000] {dagbag.py:540} INFO - Filling up the DagBag from /opt/airflow/dags/pipeline_dag.py
[2025-06-12T14:36:51.043+0000] {processor.py:840} INFO - DAG(s) 'etl_exam_pipeline' retrieved from /opt/airflow/dags/pipeline_dag.py
[2025-06-12T14:36:51.060+0000] {logging_mixin.py:188} INFO - [2025-06-12T14:36:51.060+0000] {dag.py:3096} INFO - Sync 1 DAGs
[2025-06-12T14:36:51.074+0000] {logging_mixin.py:188} INFO - [2025-06-12T14:36:51.074+0000] {dag.py:3954} INFO - Setting next_dagrun for etl_exam_pipeline to 2025-06-11 00:00:00+00:00, run_after=2025-06-12 00:00:00+00:00
[2025-06-12T14:36:51.085+0000] {processor.py:183} INFO - Processing /opt/airflow/dags/pipeline_dag.py took 0.072 seconds
[2025-06-12T14:37:21.439+0000] {processor.py:161} INFO - Started process (PID=241) to work on /opt/airflow/dags/pipeline_dag.py
[2025-06-12T14:37:21.440+0000] {processor.py:830} INFO - Processing file /opt/airflow/dags/pipeline_dag.py for tasks to queue
[2025-06-12T14:37:21.451+0000] {logging_mixin.py:188} INFO - [2025-06-12T14:37:21.450+0000] {dagbag.py:540} INFO - Filling up the DagBag from /opt/airflow/dags/pipeline_dag.py
[2025-06-12T14:37:21.480+0000] {processor.py:840} INFO - DAG(s) 'etl_exam_pipeline' retrieved from /opt/airflow/dags/pipeline_dag.py
[2025-06-12T14:37:21.521+0000] {logging_mixin.py:188} INFO - [2025-06-12T14:37:21.521+0000] {dag.py:3096} INFO - Sync 1 DAGs
[2025-06-12T14:37:21.541+0000] {logging_mixin.py:188} INFO - [2025-06-12T14:37:21.541+0000] {dag.py:3954} INFO - Setting next_dagrun for etl_exam_pipeline to 2025-06-12 00:00:00+00:00, run_after=2025-06-13 00:00:00+00:00
[2025-06-12T14:37:21.555+0000] {processor.py:183} INFO - Processing /opt/airflow/dags/pipeline_dag.py took 0.129 seconds
[2025-06-12T14:37:51.863+0000] {processor.py:161} INFO - Started process (PID=315) to work on /opt/airflow/dags/pipeline_dag.py
[2025-06-12T14:37:51.864+0000] {processor.py:830} INFO - Processing file /opt/airflow/dags/pipeline_dag.py for tasks to queue
[2025-06-12T14:37:51.870+0000] {logging_mixin.py:188} INFO - [2025-06-12T14:37:51.870+0000] {dagbag.py:540} INFO - Filling up the DagBag from /opt/airflow/dags/pipeline_dag.py
[2025-06-12T14:37:51.889+0000] {processor.py:840} INFO - DAG(s) 'etl_exam_pipeline' retrieved from /opt/airflow/dags/pipeline_dag.py
[2025-06-12T14:37:51.908+0000] {logging_mixin.py:188} INFO - [2025-06-12T14:37:51.908+0000] {dag.py:3096} INFO - Sync 1 DAGs
[2025-06-12T14:37:51.930+0000] {logging_mixin.py:188} INFO - [2025-06-12T14:37:51.930+0000] {dag.py:3954} INFO - Setting next_dagrun for etl_exam_pipeline to 2025-06-12 00:00:00+00:00, run_after=2025-06-13 00:00:00+00:00
[2025-06-12T14:37:51.944+0000] {processor.py:183} INFO - Processing /opt/airflow/dags/pipeline_dag.py took 0.092 seconds
[2025-06-12T14:38:22.329+0000] {processor.py:161} INFO - Started process (PID=390) to work on /opt/airflow/dags/pipeline_dag.py
[2025-06-12T14:38:22.330+0000] {processor.py:830} INFO - Processing file /opt/airflow/dags/pipeline_dag.py for tasks to queue
[2025-06-12T14:38:22.336+0000] {logging_mixin.py:188} INFO - [2025-06-12T14:38:22.335+0000] {dagbag.py:540} INFO - Filling up the DagBag from /opt/airflow/dags/pipeline_dag.py
[2025-06-12T14:38:22.359+0000] {processor.py:840} INFO - DAG(s) 'etl_exam_pipeline' retrieved from /opt/airflow/dags/pipeline_dag.py
[2025-06-12T14:38:22.393+0000] {logging_mixin.py:188} INFO - [2025-06-12T14:38:22.393+0000] {dag.py:3096} INFO - Sync 1 DAGs
[2025-06-12T14:38:22.427+0000] {logging_mixin.py:188} INFO - [2025-06-12T14:38:22.426+0000] {dag.py:3954} INFO - Setting next_dagrun for etl_exam_pipeline to 2025-06-12 00:00:00+00:00, run_after=2025-06-13 00:00:00+00:00
[2025-06-12T14:38:22.458+0000] {processor.py:183} INFO - Processing /opt/airflow/dags/pipeline_dag.py took 0.137 seconds
[2025-06-12T14:38:52.604+0000] {processor.py:161} INFO - Started process (PID=457) to work on /opt/airflow/dags/pipeline_dag.py
[2025-06-12T14:38:52.607+0000] {processor.py:830} INFO - Processing file /opt/airflow/dags/pipeline_dag.py for tasks to queue
[2025-06-12T14:38:52.613+0000] {logging_mixin.py:188} INFO - [2025-06-12T14:38:52.612+0000] {dagbag.py:540} INFO - Filling up the DagBag from /opt/airflow/dags/pipeline_dag.py
[2025-06-12T14:38:52.629+0000] {processor.py:840} INFO - DAG(s) 'etl_exam_pipeline' retrieved from /opt/airflow/dags/pipeline_dag.py
[2025-06-12T14:38:52.656+0000] {logging_mixin.py:188} INFO - [2025-06-12T14:38:52.656+0000] {dag.py:3096} INFO - Sync 1 DAGs
[2025-06-12T14:38:52.676+0000] {logging_mixin.py:188} INFO - [2025-06-12T14:38:52.676+0000] {dag.py:3954} INFO - Setting next_dagrun for etl_exam_pipeline to 2025-06-12 00:00:00+00:00, run_after=2025-06-13 00:00:00+00:00
[2025-06-12T14:38:52.689+0000] {processor.py:183} INFO - Processing /opt/airflow/dags/pipeline_dag.py took 0.095 seconds
[2025-06-12T14:39:22.904+0000] {processor.py:161} INFO - Started process (PID=531) to work on /opt/airflow/dags/pipeline_dag.py
[2025-06-12T14:39:22.905+0000] {processor.py:830} INFO - Processing file /opt/airflow/dags/pipeline_dag.py for tasks to queue
[2025-06-12T14:39:22.909+0000] {logging_mixin.py:188} INFO - [2025-06-12T14:39:22.908+0000] {dagbag.py:540} INFO - Filling up the DagBag from /opt/airflow/dags/pipeline_dag.py
[2025-06-12T14:39:22.934+0000] {processor.py:840} INFO - DAG(s) 'etl_exam_pipeline' retrieved from /opt/airflow/dags/pipeline_dag.py
[2025-06-12T14:39:22.963+0000] {logging_mixin.py:188} INFO - [2025-06-12T14:39:22.963+0000] {dag.py:3096} INFO - Sync 1 DAGs
[2025-06-12T14:39:22.979+0000] {logging_mixin.py:188} INFO - [2025-06-12T14:39:22.979+0000] {dag.py:3954} INFO - Setting next_dagrun for etl_exam_pipeline to 2025-06-12 00:00:00+00:00, run_after=2025-06-13 00:00:00+00:00
[2025-06-12T14:39:22.991+0000] {processor.py:183} INFO - Processing /opt/airflow/dags/pipeline_dag.py took 0.101 seconds
[2025-06-12T14:46:26.542+0000] {processor.py:161} INFO - Started process (PID=36) to work on /opt/airflow/dags/pipeline_dag.py
[2025-06-12T14:46:26.545+0000] {processor.py:830} INFO - Processing file /opt/airflow/dags/pipeline_dag.py for tasks to queue
[2025-06-12T14:46:26.550+0000] {logging_mixin.py:188} INFO - [2025-06-12T14:46:26.549+0000] {dagbag.py:540} INFO - Filling up the DagBag from /opt/airflow/dags/pipeline_dag.py
[2025-06-12T14:46:26.701+0000] {processor.py:840} INFO - DAG(s) 'etl_exam_pipeline' retrieved from /opt/airflow/dags/pipeline_dag.py
[2025-06-12T14:46:26.813+0000] {logging_mixin.py:188} INFO - [2025-06-12T14:46:26.813+0000] {dag.py:3096} INFO - Sync 1 DAGs
[2025-06-12T14:46:26.886+0000] {logging_mixin.py:188} INFO - [2025-06-12T14:46:26.886+0000] {dag.py:3954} INFO - Setting next_dagrun for etl_exam_pipeline to 2025-06-11 00:00:00+00:00, run_after=2025-06-12 00:00:00+00:00
[2025-06-12T14:46:26.943+0000] {processor.py:183} INFO - Processing /opt/airflow/dags/pipeline_dag.py took 0.423 seconds
[2025-06-12T14:46:57.099+0000] {processor.py:161} INFO - Started process (PID=103) to work on /opt/airflow/dags/pipeline_dag.py
[2025-06-12T14:46:57.104+0000] {processor.py:830} INFO - Processing file /opt/airflow/dags/pipeline_dag.py for tasks to queue
[2025-06-12T14:46:57.123+0000] {logging_mixin.py:188} INFO - [2025-06-12T14:46:57.120+0000] {dagbag.py:540} INFO - Filling up the DagBag from /opt/airflow/dags/pipeline_dag.py
[2025-06-12T14:46:57.165+0000] {processor.py:840} INFO - DAG(s) 'etl_exam_pipeline' retrieved from /opt/airflow/dags/pipeline_dag.py
[2025-06-12T14:46:57.473+0000] {logging_mixin.py:188} INFO - [2025-06-12T14:46:57.473+0000] {dag.py:3096} INFO - Sync 1 DAGs
[2025-06-12T14:46:57.498+0000] {logging_mixin.py:188} INFO - [2025-06-12T14:46:57.498+0000] {dag.py:3954} INFO - Setting next_dagrun for etl_exam_pipeline to 2025-06-11 00:00:00+00:00, run_after=2025-06-12 00:00:00+00:00
[2025-06-12T14:46:57.508+0000] {processor.py:183} INFO - Processing /opt/airflow/dags/pipeline_dag.py took 0.431 seconds
[2025-06-12T14:47:27.599+0000] {processor.py:161} INFO - Started process (PID=169) to work on /opt/airflow/dags/pipeline_dag.py
[2025-06-12T14:47:27.600+0000] {processor.py:830} INFO - Processing file /opt/airflow/dags/pipeline_dag.py for tasks to queue
[2025-06-12T14:47:27.608+0000] {logging_mixin.py:188} INFO - [2025-06-12T14:47:27.605+0000] {dagbag.py:540} INFO - Filling up the DagBag from /opt/airflow/dags/pipeline_dag.py
[2025-06-12T14:47:27.636+0000] {processor.py:840} INFO - DAG(s) 'etl_exam_pipeline' retrieved from /opt/airflow/dags/pipeline_dag.py
[2025-06-12T14:47:27.663+0000] {logging_mixin.py:188} INFO - [2025-06-12T14:47:27.663+0000] {dag.py:3096} INFO - Sync 1 DAGs
[2025-06-12T14:47:27.681+0000] {logging_mixin.py:188} INFO - [2025-06-12T14:47:27.681+0000] {dag.py:3954} INFO - Setting next_dagrun for etl_exam_pipeline to 2025-06-12 00:00:00+00:00, run_after=2025-06-13 00:00:00+00:00
[2025-06-12T14:47:27.696+0000] {processor.py:183} INFO - Processing /opt/airflow/dags/pipeline_dag.py took 0.110 seconds
[2025-06-12T14:47:58.166+0000] {processor.py:161} INFO - Started process (PID=243) to work on /opt/airflow/dags/pipeline_dag.py
[2025-06-12T14:47:58.167+0000] {processor.py:830} INFO - Processing file /opt/airflow/dags/pipeline_dag.py for tasks to queue
[2025-06-12T14:47:58.170+0000] {logging_mixin.py:188} INFO - [2025-06-12T14:47:58.170+0000] {dagbag.py:540} INFO - Filling up the DagBag from /opt/airflow/dags/pipeline_dag.py
[2025-06-12T14:47:58.186+0000] {processor.py:840} INFO - DAG(s) 'etl_exam_pipeline' retrieved from /opt/airflow/dags/pipeline_dag.py
[2025-06-12T14:47:58.203+0000] {logging_mixin.py:188} INFO - [2025-06-12T14:47:58.203+0000] {dag.py:3096} INFO - Sync 1 DAGs
[2025-06-12T14:47:58.215+0000] {logging_mixin.py:188} INFO - [2025-06-12T14:47:58.214+0000] {dag.py:3954} INFO - Setting next_dagrun for etl_exam_pipeline to 2025-06-12 00:00:00+00:00, run_after=2025-06-13 00:00:00+00:00
[2025-06-12T14:47:58.223+0000] {processor.py:183} INFO - Processing /opt/airflow/dags/pipeline_dag.py took 0.065 seconds
[2025-06-12T15:07:47.133+0000] {processor.py:161} INFO - Started process (PID=29) to work on /opt/airflow/dags/pipeline_dag.py
[2025-06-12T15:07:47.135+0000] {processor.py:830} INFO - Processing file /opt/airflow/dags/pipeline_dag.py for tasks to queue
[2025-06-12T15:07:47.140+0000] {logging_mixin.py:188} INFO - [2025-06-12T15:07:47.140+0000] {dagbag.py:540} INFO - Filling up the DagBag from /opt/airflow/dags/pipeline_dag.py
[2025-06-12T15:07:47.166+0000] {processor.py:840} INFO - DAG(s) 'etl_exam_pipeline' retrieved from /opt/airflow/dags/pipeline_dag.py
[2025-06-12T15:07:47.211+0000] {logging_mixin.py:188} INFO - [2025-06-12T15:07:47.211+0000] {dag.py:3096} INFO - Sync 1 DAGs
[2025-06-12T15:07:47.239+0000] {logging_mixin.py:188} INFO - [2025-06-12T15:07:47.238+0000] {dag.py:3954} INFO - Setting next_dagrun for etl_exam_pipeline to 2025-06-12 00:00:00+00:00, run_after=2025-06-13 00:00:00+00:00
[2025-06-12T15:07:47.255+0000] {processor.py:183} INFO - Processing /opt/airflow/dags/pipeline_dag.py took 0.129 seconds
[2025-06-12T15:08:18.044+0000] {processor.py:161} INFO - Started process (PID=103) to work on /opt/airflow/dags/pipeline_dag.py
[2025-06-12T15:08:18.048+0000] {processor.py:830} INFO - Processing file /opt/airflow/dags/pipeline_dag.py for tasks to queue
[2025-06-12T15:08:18.049+0000] {logging_mixin.py:188} INFO - [2025-06-12T15:08:18.049+0000] {dagbag.py:540} INFO - Filling up the DagBag from /opt/airflow/dags/pipeline_dag.py
[2025-06-12T15:08:18.067+0000] {processor.py:840} INFO - DAG(s) 'etl_exam_pipeline' retrieved from /opt/airflow/dags/pipeline_dag.py
[2025-06-12T15:08:18.228+0000] {logging_mixin.py:188} INFO - [2025-06-12T15:08:18.228+0000] {dag.py:3096} INFO - Sync 1 DAGs
[2025-06-12T15:08:18.241+0000] {logging_mixin.py:188} INFO - [2025-06-12T15:08:18.241+0000] {dag.py:3954} INFO - Setting next_dagrun for etl_exam_pipeline to 2025-06-12 00:00:00+00:00, run_after=2025-06-13 00:00:00+00:00
[2025-06-12T15:08:18.256+0000] {processor.py:183} INFO - Processing /opt/airflow/dags/pipeline_dag.py took 0.221 seconds
[2025-06-12T15:08:48.612+0000] {processor.py:161} INFO - Started process (PID=170) to work on /opt/airflow/dags/pipeline_dag.py
[2025-06-12T15:08:48.613+0000] {processor.py:830} INFO - Processing file /opt/airflow/dags/pipeline_dag.py for tasks to queue
[2025-06-12T15:08:48.617+0000] {logging_mixin.py:188} INFO - [2025-06-12T15:08:48.615+0000] {dagbag.py:540} INFO - Filling up the DagBag from /opt/airflow/dags/pipeline_dag.py
[2025-06-12T15:08:48.637+0000] {processor.py:840} INFO - DAG(s) 'etl_exam_pipeline' retrieved from /opt/airflow/dags/pipeline_dag.py
[2025-06-12T15:08:48.659+0000] {logging_mixin.py:188} INFO - [2025-06-12T15:08:48.659+0000] {dag.py:3096} INFO - Sync 1 DAGs
[2025-06-12T15:08:48.674+0000] {logging_mixin.py:188} INFO - [2025-06-12T15:08:48.674+0000] {dag.py:3954} INFO - Setting next_dagrun for etl_exam_pipeline to 2025-06-12 00:00:00+00:00, run_after=2025-06-13 00:00:00+00:00
[2025-06-12T15:08:48.690+0000] {processor.py:183} INFO - Processing /opt/airflow/dags/pipeline_dag.py took 0.094 seconds
[2025-06-12T15:09:18.844+0000] {processor.py:161} INFO - Started process (PID=244) to work on /opt/airflow/dags/pipeline_dag.py
[2025-06-12T15:09:18.845+0000] {processor.py:830} INFO - Processing file /opt/airflow/dags/pipeline_dag.py for tasks to queue
[2025-06-12T15:09:18.849+0000] {logging_mixin.py:188} INFO - [2025-06-12T15:09:18.848+0000] {dagbag.py:540} INFO - Filling up the DagBag from /opt/airflow/dags/pipeline_dag.py
[2025-06-12T15:09:18.866+0000] {processor.py:840} INFO - DAG(s) 'etl_exam_pipeline' retrieved from /opt/airflow/dags/pipeline_dag.py
[2025-06-12T15:09:18.890+0000] {logging_mixin.py:188} INFO - [2025-06-12T15:09:18.890+0000] {dag.py:3096} INFO - Sync 1 DAGs
[2025-06-12T15:09:18.907+0000] {logging_mixin.py:188} INFO - [2025-06-12T15:09:18.907+0000] {dag.py:3954} INFO - Setting next_dagrun for etl_exam_pipeline to 2025-06-12 00:00:00+00:00, run_after=2025-06-13 00:00:00+00:00
[2025-06-12T15:09:18.921+0000] {processor.py:183} INFO - Processing /opt/airflow/dags/pipeline_dag.py took 0.084 seconds
[2025-06-12T15:09:48.974+0000] {processor.py:161} INFO - Started process (PID=311) to work on /opt/airflow/dags/pipeline_dag.py
[2025-06-12T15:09:48.975+0000] {processor.py:830} INFO - Processing file /opt/airflow/dags/pipeline_dag.py for tasks to queue
[2025-06-12T15:09:48.979+0000] {logging_mixin.py:188} INFO - [2025-06-12T15:09:48.978+0000] {dagbag.py:540} INFO - Filling up the DagBag from /opt/airflow/dags/pipeline_dag.py
[2025-06-12T15:09:48.999+0000] {processor.py:840} INFO - DAG(s) 'etl_exam_pipeline' retrieved from /opt/airflow/dags/pipeline_dag.py
[2025-06-12T15:09:49.031+0000] {logging_mixin.py:188} INFO - [2025-06-12T15:09:49.031+0000] {dag.py:3096} INFO - Sync 1 DAGs
[2025-06-12T15:09:49.051+0000] {logging_mixin.py:188} INFO - [2025-06-12T15:09:49.051+0000] {dag.py:3954} INFO - Setting next_dagrun for etl_exam_pipeline to 2025-06-12 00:00:00+00:00, run_after=2025-06-13 00:00:00+00:00
[2025-06-12T15:09:49.071+0000] {processor.py:183} INFO - Processing /opt/airflow/dags/pipeline_dag.py took 0.103 seconds
[2025-06-12T15:10:19.523+0000] {processor.py:161} INFO - Started process (PID=385) to work on /opt/airflow/dags/pipeline_dag.py
[2025-06-12T15:10:19.524+0000] {processor.py:830} INFO - Processing file /opt/airflow/dags/pipeline_dag.py for tasks to queue
[2025-06-12T15:10:19.527+0000] {logging_mixin.py:188} INFO - [2025-06-12T15:10:19.526+0000] {dagbag.py:540} INFO - Filling up the DagBag from /opt/airflow/dags/pipeline_dag.py
[2025-06-12T15:10:19.541+0000] {processor.py:840} INFO - DAG(s) 'etl_exam_pipeline' retrieved from /opt/airflow/dags/pipeline_dag.py
[2025-06-12T15:10:19.558+0000] {logging_mixin.py:188} INFO - [2025-06-12T15:10:19.558+0000] {dag.py:3096} INFO - Sync 1 DAGs
[2025-06-12T15:10:19.574+0000] {logging_mixin.py:188} INFO - [2025-06-12T15:10:19.574+0000] {dag.py:3954} INFO - Setting next_dagrun for etl_exam_pipeline to 2025-06-12 00:00:00+00:00, run_after=2025-06-13 00:00:00+00:00
[2025-06-12T15:10:19.591+0000] {processor.py:183} INFO - Processing /opt/airflow/dags/pipeline_dag.py took 0.076 seconds
[2025-06-12T15:10:49.832+0000] {processor.py:161} INFO - Started process (PID=459) to work on /opt/airflow/dags/pipeline_dag.py
[2025-06-12T15:10:49.835+0000] {processor.py:830} INFO - Processing file /opt/airflow/dags/pipeline_dag.py for tasks to queue
[2025-06-12T15:10:49.837+0000] {logging_mixin.py:188} INFO - [2025-06-12T15:10:49.837+0000] {dagbag.py:540} INFO - Filling up the DagBag from /opt/airflow/dags/pipeline_dag.py
[2025-06-12T15:10:49.854+0000] {processor.py:840} INFO - DAG(s) 'etl_exam_pipeline' retrieved from /opt/airflow/dags/pipeline_dag.py
[2025-06-12T15:10:49.874+0000] {logging_mixin.py:188} INFO - [2025-06-12T15:10:49.874+0000] {dag.py:3096} INFO - Sync 1 DAGs
[2025-06-12T15:10:49.891+0000] {logging_mixin.py:188} INFO - [2025-06-12T15:10:49.891+0000] {dag.py:3954} INFO - Setting next_dagrun for etl_exam_pipeline to 2025-06-12 00:00:00+00:00, run_after=2025-06-13 00:00:00+00:00
[2025-06-12T15:10:49.902+0000] {processor.py:183} INFO - Processing /opt/airflow/dags/pipeline_dag.py took 0.079 seconds
[2025-06-12T15:11:20.060+0000] {processor.py:161} INFO - Started process (PID=525) to work on /opt/airflow/dags/pipeline_dag.py
[2025-06-12T15:11:20.062+0000] {processor.py:830} INFO - Processing file /opt/airflow/dags/pipeline_dag.py for tasks to queue
[2025-06-12T15:11:20.067+0000] {logging_mixin.py:188} INFO - [2025-06-12T15:11:20.066+0000] {dagbag.py:540} INFO - Filling up the DagBag from /opt/airflow/dags/pipeline_dag.py
[2025-06-12T15:11:20.086+0000] {processor.py:840} INFO - DAG(s) 'etl_exam_pipeline' retrieved from /opt/airflow/dags/pipeline_dag.py
[2025-06-12T15:11:20.112+0000] {logging_mixin.py:188} INFO - [2025-06-12T15:11:20.112+0000] {dag.py:3096} INFO - Sync 1 DAGs
[2025-06-12T15:11:20.135+0000] {logging_mixin.py:188} INFO - [2025-06-12T15:11:20.135+0000] {dag.py:3954} INFO - Setting next_dagrun for etl_exam_pipeline to 2025-06-12 00:00:00+00:00, run_after=2025-06-13 00:00:00+00:00
[2025-06-12T15:11:20.149+0000] {processor.py:183} INFO - Processing /opt/airflow/dags/pipeline_dag.py took 0.099 seconds
[2025-06-12T15:11:50.470+0000] {processor.py:161} INFO - Started process (PID=598) to work on /opt/airflow/dags/pipeline_dag.py
[2025-06-12T15:11:50.471+0000] {processor.py:830} INFO - Processing file /opt/airflow/dags/pipeline_dag.py for tasks to queue
[2025-06-12T15:11:50.474+0000] {logging_mixin.py:188} INFO - [2025-06-12T15:11:50.474+0000] {dagbag.py:540} INFO - Filling up the DagBag from /opt/airflow/dags/pipeline_dag.py
[2025-06-12T15:11:50.494+0000] {processor.py:840} INFO - DAG(s) 'etl_exam_pipeline' retrieved from /opt/airflow/dags/pipeline_dag.py
[2025-06-12T15:11:50.514+0000] {logging_mixin.py:188} INFO - [2025-06-12T15:11:50.514+0000] {dag.py:3096} INFO - Sync 1 DAGs
[2025-06-12T15:11:50.529+0000] {logging_mixin.py:188} INFO - [2025-06-12T15:11:50.529+0000] {dag.py:3954} INFO - Setting next_dagrun for etl_exam_pipeline to 2025-06-12 00:00:00+00:00, run_after=2025-06-13 00:00:00+00:00
[2025-06-12T15:11:50.540+0000] {processor.py:183} INFO - Processing /opt/airflow/dags/pipeline_dag.py took 0.085 seconds
[2025-06-12T15:12:20.803+0000] {processor.py:161} INFO - Started process (PID=671) to work on /opt/airflow/dags/pipeline_dag.py
[2025-06-12T15:12:20.805+0000] {processor.py:830} INFO - Processing file /opt/airflow/dags/pipeline_dag.py for tasks to queue
[2025-06-12T15:12:20.807+0000] {logging_mixin.py:188} INFO - [2025-06-12T15:12:20.807+0000] {dagbag.py:540} INFO - Filling up the DagBag from /opt/airflow/dags/pipeline_dag.py
[2025-06-12T15:12:20.824+0000] {processor.py:840} INFO - DAG(s) 'etl_exam_pipeline' retrieved from /opt/airflow/dags/pipeline_dag.py
[2025-06-12T15:12:20.844+0000] {logging_mixin.py:188} INFO - [2025-06-12T15:12:20.844+0000] {dag.py:3096} INFO - Sync 1 DAGs
[2025-06-12T15:12:20.864+0000] {logging_mixin.py:188} INFO - [2025-06-12T15:12:20.864+0000] {dag.py:3954} INFO - Setting next_dagrun for etl_exam_pipeline to 2025-06-12 00:00:00+00:00, run_after=2025-06-13 00:00:00+00:00
[2025-06-12T15:12:20.880+0000] {processor.py:183} INFO - Processing /opt/airflow/dags/pipeline_dag.py took 0.085 seconds
[2025-06-12T15:12:51.594+0000] {processor.py:161} INFO - Started process (PID=738) to work on /opt/airflow/dags/pipeline_dag.py
[2025-06-12T15:12:51.596+0000] {processor.py:830} INFO - Processing file /opt/airflow/dags/pipeline_dag.py for tasks to queue
[2025-06-12T15:12:51.598+0000] {logging_mixin.py:188} INFO - [2025-06-12T15:12:51.598+0000] {dagbag.py:540} INFO - Filling up the DagBag from /opt/airflow/dags/pipeline_dag.py
[2025-06-12T15:12:51.612+0000] {processor.py:840} INFO - DAG(s) 'etl_exam_pipeline' retrieved from /opt/airflow/dags/pipeline_dag.py
[2025-06-12T15:12:51.634+0000] {logging_mixin.py:188} INFO - [2025-06-12T15:12:51.634+0000] {dag.py:3096} INFO - Sync 1 DAGs
[2025-06-12T15:12:51.651+0000] {logging_mixin.py:188} INFO - [2025-06-12T15:12:51.651+0000] {dag.py:3954} INFO - Setting next_dagrun for etl_exam_pipeline to 2025-06-12 00:00:00+00:00, run_after=2025-06-13 00:00:00+00:00
[2025-06-12T15:12:51.670+0000] {processor.py:183} INFO - Processing /opt/airflow/dags/pipeline_dag.py took 0.081 seconds
[2025-06-12T15:13:21.744+0000] {processor.py:161} INFO - Started process (PID=812) to work on /opt/airflow/dags/pipeline_dag.py
[2025-06-12T15:13:21.747+0000] {processor.py:830} INFO - Processing file /opt/airflow/dags/pipeline_dag.py for tasks to queue
[2025-06-12T15:13:21.751+0000] {logging_mixin.py:188} INFO - [2025-06-12T15:13:21.751+0000] {dagbag.py:540} INFO - Filling up the DagBag from /opt/airflow/dags/pipeline_dag.py
[2025-06-12T15:13:21.768+0000] {processor.py:840} INFO - DAG(s) 'etl_exam_pipeline' retrieved from /opt/airflow/dags/pipeline_dag.py
[2025-06-12T15:13:21.788+0000] {logging_mixin.py:188} INFO - [2025-06-12T15:13:21.788+0000] {dag.py:3096} INFO - Sync 1 DAGs
[2025-06-12T15:13:21.801+0000] {logging_mixin.py:188} INFO - [2025-06-12T15:13:21.801+0000] {dag.py:3954} INFO - Setting next_dagrun for etl_exam_pipeline to 2025-06-12 00:00:00+00:00, run_after=2025-06-13 00:00:00+00:00
[2025-06-12T15:13:21.814+0000] {processor.py:183} INFO - Processing /opt/airflow/dags/pipeline_dag.py took 0.080 seconds
[2025-06-12T15:13:51.935+0000] {processor.py:161} INFO - Started process (PID=886) to work on /opt/airflow/dags/pipeline_dag.py
[2025-06-12T15:13:51.939+0000] {processor.py:830} INFO - Processing file /opt/airflow/dags/pipeline_dag.py for tasks to queue
[2025-06-12T15:13:51.940+0000] {logging_mixin.py:188} INFO - [2025-06-12T15:13:51.940+0000] {dagbag.py:540} INFO - Filling up the DagBag from /opt/airflow/dags/pipeline_dag.py
[2025-06-12T15:13:51.955+0000] {processor.py:840} INFO - DAG(s) 'etl_exam_pipeline' retrieved from /opt/airflow/dags/pipeline_dag.py
[2025-06-12T15:13:51.975+0000] {logging_mixin.py:188} INFO - [2025-06-12T15:13:51.975+0000] {dag.py:3096} INFO - Sync 1 DAGs
[2025-06-12T15:13:51.991+0000] {logging_mixin.py:188} INFO - [2025-06-12T15:13:51.991+0000] {dag.py:3954} INFO - Setting next_dagrun for etl_exam_pipeline to 2025-06-12 00:00:00+00:00, run_after=2025-06-13 00:00:00+00:00
[2025-06-12T15:13:52.008+0000] {processor.py:183} INFO - Processing /opt/airflow/dags/pipeline_dag.py took 0.079 seconds
[2025-06-12T15:14:22.327+0000] {processor.py:161} INFO - Started process (PID=953) to work on /opt/airflow/dags/pipeline_dag.py
[2025-06-12T15:14:22.330+0000] {processor.py:830} INFO - Processing file /opt/airflow/dags/pipeline_dag.py for tasks to queue
[2025-06-12T15:14:22.332+0000] {logging_mixin.py:188} INFO - [2025-06-12T15:14:22.331+0000] {dagbag.py:540} INFO - Filling up the DagBag from /opt/airflow/dags/pipeline_dag.py
[2025-06-12T15:14:22.351+0000] {processor.py:840} INFO - DAG(s) 'etl_exam_pipeline' retrieved from /opt/airflow/dags/pipeline_dag.py
[2025-06-12T15:14:22.371+0000] {logging_mixin.py:188} INFO - [2025-06-12T15:14:22.371+0000] {dag.py:3096} INFO - Sync 1 DAGs
[2025-06-12T15:14:22.385+0000] {logging_mixin.py:188} INFO - [2025-06-12T15:14:22.385+0000] {dag.py:3954} INFO - Setting next_dagrun for etl_exam_pipeline to 2025-06-12 00:00:00+00:00, run_after=2025-06-13 00:00:00+00:00
[2025-06-12T15:14:22.397+0000] {processor.py:183} INFO - Processing /opt/airflow/dags/pipeline_dag.py took 0.079 seconds
[2025-06-12T15:14:52.519+0000] {processor.py:161} INFO - Started process (PID=1028) to work on /opt/airflow/dags/pipeline_dag.py
[2025-06-12T15:14:52.521+0000] {processor.py:830} INFO - Processing file /opt/airflow/dags/pipeline_dag.py for tasks to queue
[2025-06-12T15:14:52.524+0000] {logging_mixin.py:188} INFO - [2025-06-12T15:14:52.524+0000] {dagbag.py:540} INFO - Filling up the DagBag from /opt/airflow/dags/pipeline_dag.py
[2025-06-12T15:14:52.541+0000] {processor.py:840} INFO - DAG(s) 'etl_exam_pipeline' retrieved from /opt/airflow/dags/pipeline_dag.py
[2025-06-12T15:14:52.562+0000] {logging_mixin.py:188} INFO - [2025-06-12T15:14:52.562+0000] {dag.py:3096} INFO - Sync 1 DAGs
[2025-06-12T15:14:52.579+0000] {logging_mixin.py:188} INFO - [2025-06-12T15:14:52.579+0000] {dag.py:3954} INFO - Setting next_dagrun for etl_exam_pipeline to 2025-06-12 00:00:00+00:00, run_after=2025-06-13 00:00:00+00:00
[2025-06-12T15:14:52.592+0000] {processor.py:183} INFO - Processing /opt/airflow/dags/pipeline_dag.py took 0.087 seconds
[2025-06-12T15:15:22.984+0000] {processor.py:161} INFO - Started process (PID=1095) to work on /opt/airflow/dags/pipeline_dag.py
[2025-06-12T15:15:22.986+0000] {processor.py:830} INFO - Processing file /opt/airflow/dags/pipeline_dag.py for tasks to queue
[2025-06-12T15:15:22.989+0000] {logging_mixin.py:188} INFO - [2025-06-12T15:15:22.988+0000] {dagbag.py:540} INFO - Filling up the DagBag from /opt/airflow/dags/pipeline_dag.py
[2025-06-12T15:15:23.011+0000] {processor.py:840} INFO - DAG(s) 'etl_exam_pipeline' retrieved from /opt/airflow/dags/pipeline_dag.py
[2025-06-12T15:15:23.037+0000] {logging_mixin.py:188} INFO - [2025-06-12T15:15:23.037+0000] {dag.py:3096} INFO - Sync 1 DAGs
[2025-06-12T15:15:23.055+0000] {logging_mixin.py:188} INFO - [2025-06-12T15:15:23.055+0000] {dag.py:3954} INFO - Setting next_dagrun for etl_exam_pipeline to 2025-06-12 00:00:00+00:00, run_after=2025-06-13 00:00:00+00:00
[2025-06-12T15:15:23.066+0000] {processor.py:183} INFO - Processing /opt/airflow/dags/pipeline_dag.py took 0.089 seconds
[2025-06-12T15:15:53.568+0000] {processor.py:161} INFO - Started process (PID=1169) to work on /opt/airflow/dags/pipeline_dag.py
[2025-06-12T15:15:53.570+0000] {processor.py:830} INFO - Processing file /opt/airflow/dags/pipeline_dag.py for tasks to queue
[2025-06-12T15:15:53.572+0000] {logging_mixin.py:188} INFO - [2025-06-12T15:15:53.572+0000] {dagbag.py:540} INFO - Filling up the DagBag from /opt/airflow/dags/pipeline_dag.py
[2025-06-12T15:15:53.592+0000] {processor.py:840} INFO - DAG(s) 'etl_exam_pipeline' retrieved from /opt/airflow/dags/pipeline_dag.py
[2025-06-12T15:15:53.627+0000] {logging_mixin.py:188} INFO - [2025-06-12T15:15:53.627+0000] {dag.py:3096} INFO - Sync 1 DAGs
[2025-06-12T15:15:53.647+0000] {logging_mixin.py:188} INFO - [2025-06-12T15:15:53.647+0000] {dag.py:3954} INFO - Setting next_dagrun for etl_exam_pipeline to 2025-06-12 00:00:00+00:00, run_after=2025-06-13 00:00:00+00:00
[2025-06-12T15:15:53.662+0000] {processor.py:183} INFO - Processing /opt/airflow/dags/pipeline_dag.py took 0.105 seconds
[2025-06-12T15:16:23.764+0000] {processor.py:161} INFO - Started process (PID=1243) to work on /opt/airflow/dags/pipeline_dag.py
[2025-06-12T15:16:23.767+0000] {processor.py:830} INFO - Processing file /opt/airflow/dags/pipeline_dag.py for tasks to queue
[2025-06-12T15:16:23.772+0000] {logging_mixin.py:188} INFO - [2025-06-12T15:16:23.772+0000] {dagbag.py:540} INFO - Filling up the DagBag from /opt/airflow/dags/pipeline_dag.py
[2025-06-12T15:16:23.789+0000] {processor.py:840} INFO - DAG(s) 'etl_exam_pipeline' retrieved from /opt/airflow/dags/pipeline_dag.py
[2025-06-12T15:16:23.809+0000] {logging_mixin.py:188} INFO - [2025-06-12T15:16:23.809+0000] {dag.py:3096} INFO - Sync 1 DAGs
[2025-06-12T15:16:23.824+0000] {logging_mixin.py:188} INFO - [2025-06-12T15:16:23.824+0000] {dag.py:3954} INFO - Setting next_dagrun for etl_exam_pipeline to 2025-06-12 00:00:00+00:00, run_after=2025-06-13 00:00:00+00:00
[2025-06-12T15:16:23.836+0000] {processor.py:183} INFO - Processing /opt/airflow/dags/pipeline_dag.py took 0.079 seconds
[2025-06-12T15:16:54.327+0000] {processor.py:161} INFO - Started process (PID=1310) to work on /opt/airflow/dags/pipeline_dag.py
[2025-06-12T15:16:54.329+0000] {processor.py:830} INFO - Processing file /opt/airflow/dags/pipeline_dag.py for tasks to queue
[2025-06-12T15:16:54.333+0000] {logging_mixin.py:188} INFO - [2025-06-12T15:16:54.332+0000] {dagbag.py:540} INFO - Filling up the DagBag from /opt/airflow/dags/pipeline_dag.py
[2025-06-12T15:16:54.352+0000] {processor.py:840} INFO - DAG(s) 'etl_exam_pipeline' retrieved from /opt/airflow/dags/pipeline_dag.py
[2025-06-12T15:16:54.375+0000] {logging_mixin.py:188} INFO - [2025-06-12T15:16:54.375+0000] {dag.py:3096} INFO - Sync 1 DAGs
[2025-06-12T15:16:54.533+0000] {logging_mixin.py:188} INFO - [2025-06-12T15:16:54.533+0000] {dag.py:3954} INFO - Setting next_dagrun for etl_exam_pipeline to 2025-06-12 00:00:00+00:00, run_after=2025-06-13 00:00:00+00:00
[2025-06-12T15:16:54.545+0000] {processor.py:183} INFO - Processing /opt/airflow/dags/pipeline_dag.py took 0.225 seconds
[2025-06-12T15:17:24.818+0000] {processor.py:161} INFO - Started process (PID=1384) to work on /opt/airflow/dags/pipeline_dag.py
[2025-06-12T15:17:24.819+0000] {processor.py:830} INFO - Processing file /opt/airflow/dags/pipeline_dag.py for tasks to queue
[2025-06-12T15:17:24.823+0000] {logging_mixin.py:188} INFO - [2025-06-12T15:17:24.822+0000] {dagbag.py:540} INFO - Filling up the DagBag from /opt/airflow/dags/pipeline_dag.py
[2025-06-12T15:17:24.842+0000] {processor.py:840} INFO - DAG(s) 'etl_exam_pipeline' retrieved from /opt/airflow/dags/pipeline_dag.py
[2025-06-12T15:17:24.873+0000] {logging_mixin.py:188} INFO - [2025-06-12T15:17:24.872+0000] {dag.py:3096} INFO - Sync 1 DAGs
[2025-06-12T15:17:24.888+0000] {logging_mixin.py:188} INFO - [2025-06-12T15:17:24.888+0000] {dag.py:3954} INFO - Setting next_dagrun for etl_exam_pipeline to 2025-06-12 00:00:00+00:00, run_after=2025-06-13 00:00:00+00:00
[2025-06-12T15:17:25.102+0000] {processor.py:183} INFO - Processing /opt/airflow/dags/pipeline_dag.py took 0.293 seconds
[2025-06-12T15:17:55.520+0000] {processor.py:161} INFO - Started process (PID=1458) to work on /opt/airflow/dags/pipeline_dag.py
[2025-06-12T15:17:55.523+0000] {processor.py:830} INFO - Processing file /opt/airflow/dags/pipeline_dag.py for tasks to queue
[2025-06-12T15:17:55.525+0000] {logging_mixin.py:188} INFO - [2025-06-12T15:17:55.524+0000] {dagbag.py:540} INFO - Filling up the DagBag from /opt/airflow/dags/pipeline_dag.py
[2025-06-12T15:17:55.546+0000] {processor.py:840} INFO - DAG(s) 'etl_exam_pipeline' retrieved from /opt/airflow/dags/pipeline_dag.py
[2025-06-12T15:17:55.586+0000] {logging_mixin.py:188} INFO - [2025-06-12T15:17:55.586+0000] {dag.py:3096} INFO - Sync 1 DAGs
[2025-06-12T15:17:55.605+0000] {logging_mixin.py:188} INFO - [2025-06-12T15:17:55.605+0000] {dag.py:3954} INFO - Setting next_dagrun for etl_exam_pipeline to 2025-06-12 00:00:00+00:00, run_after=2025-06-13 00:00:00+00:00
[2025-06-12T15:17:55.629+0000] {processor.py:183} INFO - Processing /opt/airflow/dags/pipeline_dag.py took 0.120 seconds
[2025-06-12T15:18:25.719+0000] {processor.py:161} INFO - Started process (PID=1525) to work on /opt/airflow/dags/pipeline_dag.py
[2025-06-12T15:18:25.722+0000] {processor.py:830} INFO - Processing file /opt/airflow/dags/pipeline_dag.py for tasks to queue
[2025-06-12T15:18:25.724+0000] {logging_mixin.py:188} INFO - [2025-06-12T15:18:25.724+0000] {dagbag.py:540} INFO - Filling up the DagBag from /opt/airflow/dags/pipeline_dag.py
[2025-06-12T15:18:25.738+0000] {processor.py:840} INFO - DAG(s) 'etl_exam_pipeline' retrieved from /opt/airflow/dags/pipeline_dag.py
[2025-06-12T15:18:25.759+0000] {logging_mixin.py:188} INFO - [2025-06-12T15:18:25.759+0000] {dag.py:3096} INFO - Sync 1 DAGs
[2025-06-12T15:18:25.774+0000] {logging_mixin.py:188} INFO - [2025-06-12T15:18:25.773+0000] {dag.py:3954} INFO - Setting next_dagrun for etl_exam_pipeline to 2025-06-12 00:00:00+00:00, run_after=2025-06-13 00:00:00+00:00
[2025-06-12T15:18:25.786+0000] {processor.py:183} INFO - Processing /opt/airflow/dags/pipeline_dag.py took 0.077 seconds
