[2025-06-12T14:47:29.519+0000] {local_task_job_runner.py:120} INFO - ::group::Pre task execution logs
[2025-06-12T14:47:29.541+0000] {taskinstance.py:2073} INFO - Dependencies all met for dep_context=non-requeueable deps ti=<TaskInstance: etl_exam_pipeline.evaluate_model_task scheduled__2025-06-11T00:00:00+00:00 [queued]>
[2025-06-12T14:47:29.546+0000] {taskinstance.py:2073} INFO - Dependencies all met for dep_context=requeueable deps ti=<TaskInstance: etl_exam_pipeline.evaluate_model_task scheduled__2025-06-11T00:00:00+00:00 [queued]>
[2025-06-12T14:47:29.546+0000] {taskinstance.py:2303} INFO - Starting attempt 1 of 2
[2025-06-12T14:47:29.551+0000] {taskinstance.py:2327} INFO - Executing <Task(BashOperator): evaluate_model_task> on 2025-06-11 00:00:00+00:00
[2025-06-12T14:47:29.556+0000] {warnings.py:110} WARNING - /home/***/.local/lib/python3.12/site-packages/***/task/task_runner/standard_task_runner.py:61: DeprecationWarning: This process (pid=151) is multi-threaded, use of fork() may lead to deadlocks in the child.
  pid = os.fork()

[2025-06-12T14:47:29.557+0000] {standard_task_runner.py:63} INFO - Started process 153 to run task
[2025-06-12T14:47:29.557+0000] {standard_task_runner.py:90} INFO - Running: ['***', 'tasks', 'run', 'etl_exam_pipeline', 'evaluate_model_task', 'scheduled__2025-06-11T00:00:00+00:00', '--job-id', '6', '--raw', '--subdir', 'DAGS_FOLDER/pipeline_dag.py', '--cfg-path', '/tmp/tmpo_hldybd']
[2025-06-12T14:47:29.561+0000] {standard_task_runner.py:91} INFO - Job 6: Subtask evaluate_model_task
[2025-06-12T14:47:29.591+0000] {task_command.py:426} INFO - Running <TaskInstance: etl_exam_pipeline.evaluate_model_task scheduled__2025-06-11T00:00:00+00:00 [running]> on host 856a94aade24
[2025-06-12T14:47:29.634+0000] {taskinstance.py:2644} INFO - Exporting env vars: AIRFLOW_CTX_DAG_OWNER='***' AIRFLOW_CTX_DAG_ID='etl_exam_pipeline' AIRFLOW_CTX_TASK_ID='evaluate_model_task' AIRFLOW_CTX_EXECUTION_DATE='2025-06-11T00:00:00+00:00' AIRFLOW_CTX_TRY_NUMBER='1' AIRFLOW_CTX_DAG_RUN_ID='scheduled__2025-06-11T00:00:00+00:00'
[2025-06-12T14:47:29.636+0000] {taskinstance.py:430} INFO - ::endgroup::
[2025-06-12T14:47:29.636+0000] {subprocess.py:63} INFO - Tmp dir root location: /tmp
[2025-06-12T14:47:29.638+0000] {subprocess.py:75} INFO - Running command: ['/usr/bin/bash', '-c', 'cd /opt/***/etl/ && python evaluator.py']
[2025-06-12T14:47:29.644+0000] {subprocess.py:86} INFO - Output:
[2025-06-12T14:47:30.703+0000] {subprocess.py:93} INFO - 2025-06-12 14:47:30,703 - etl_pipeline - INFO - === Запуск скрипта evaluator.py ===
[2025-06-12T14:47:30.706+0000] {subprocess.py:93} INFO - 2025-06-12 14:47:30,705 - etl_pipeline - INFO - Загрузка тестовых данных из ../results/train_test/...
[2025-06-12T14:47:30.713+0000] {subprocess.py:93} INFO - 2025-06-12 14:47:30,712 - etl_pipeline - INFO - Данные загружены. X_test: (114, 30), y_test: (114,)
[2025-06-12T14:47:30.713+0000] {subprocess.py:93} INFO - 2025-06-12 14:47:30,713 - etl_pipeline - INFO - Загрузка модели из ../results/models/logistic_regression.pkl...
[2025-06-12T14:47:30.750+0000] {subprocess.py:93} INFO - 2025-06-12 14:47:30,750 - etl_pipeline - INFO - Модель успешно загружена.
[2025-06-12T14:47:30.751+0000] {subprocess.py:93} INFO - 2025-06-12 14:47:30,750 - etl_pipeline - INFO - Предсказание на тестовой выборке...
[2025-06-12T14:47:30.753+0000] {subprocess.py:93} INFO - 2025-06-12 14:47:30,753 - etl_pipeline - INFO - Расчёт метрик качества...
[2025-06-12T14:47:30.757+0000] {subprocess.py:93} INFO - 2025-06-12 14:47:30,756 - etl_pipeline - INFO - Метрики: {'accuracy': 0.9736842105263158, 'precision': 0.975609756097561, 'recall': 0.9523809523809523, 'f1': 0.963855421686747}
[2025-06-12T14:47:30.757+0000] {subprocess.py:93} INFO - 2025-06-12 14:47:30,757 - etl_pipeline - INFO - Сохранение результатов в ../results/metrics/metrics.json...
[2025-06-12T14:47:30.760+0000] {subprocess.py:93} INFO - 2025-06-12 14:47:30,759 - etl_pipeline - INFO - Результаты успешно сохранены.
[2025-06-12T14:47:30.760+0000] {subprocess.py:93} INFO - 2025-06-12 14:47:30,759 - etl_pipeline - INFO - === Скрипт evaluator.py успешно выполнен ===
[2025-06-12T14:47:30.890+0000] {subprocess.py:97} INFO - Command exited with return code 0
[2025-06-12T14:47:30.891+0000] {taskinstance.py:441} INFO - ::group::Post task execution logs
[2025-06-12T14:47:30.914+0000] {taskinstance.py:1205} INFO - Marking task as SUCCESS. dag_id=etl_exam_pipeline, task_id=evaluate_model_task, execution_date=20250611T000000, start_date=20250612T144729, end_date=20250612T144730
[2025-06-12T14:47:30.983+0000] {local_task_job_runner.py:240} INFO - Task exited with return code 0
[2025-06-12T14:47:31.020+0000] {taskinstance.py:3482} INFO - 0 downstream tasks scheduled from follow-on schedule check
[2025-06-12T14:47:31.025+0000] {local_task_job_runner.py:222} INFO - ::endgroup::
