2025-06-12 14:47:13,746 - etl_pipeline - INFO - Начало загрузки данных...
2025-06-12 14:47:15,547 - etl_pipeline - INFO - Данные успешно загружены в ../results/raw/wdbc.data
2025-06-12 14:47:18,407 - etl_pipeline - INFO - Чтение данных из ../results/raw/wdbc.data...
2025-06-12 14:47:18,418 - etl_pipeline - INFO - Файл прочитан. Размер: (569, 32)
2025-06-12 14:47:18,442 - etl_pipeline - INFO - Сохранение артефактов в ../results/train_test/...
2025-06-12 14:47:18,458 - etl_pipeline - INFO - Артефакты успешно сохранены.
2025-06-12 14:47:21,153 - etl_pipeline - INFO - === Запуск скрипта trainer.py ===
2025-06-12 14:47:21,154 - etl_pipeline - INFO - Загрузка данных из ../results/train_test/...
2025-06-12 14:47:21,157 - etl_pipeline - INFO - Данные загружены. X_train: (455, 30), y_train: (455,)
2025-06-12 14:47:21,158 - etl_pipeline - INFO - Начало обучения модели...
2025-06-12 14:47:21,158 - etl_pipeline - INFO - Создание пайплайна...
2025-06-12 14:47:27,012 - etl_pipeline - INFO - Обучение завершено. Лучшие параметры: {'model__C': 1, 'model__penalty': 'l2', 'pca__n_components': 0.9}
2025-06-12 14:47:27,017 - etl_pipeline - INFO - Лучшая точность на трейне: 0.9692
2025-06-12 14:47:27,017 - etl_pipeline - INFO - Сохранение модели в ../results/models/...
2025-06-12 14:47:27,020 - etl_pipeline - INFO - Модель успешно сохранена в ../results/models/logistic_regression.pkl
2025-06-12 14:47:27,020 - etl_pipeline - INFO - === Скрипт trainer.py успешно выполнен ===
2025-06-12 14:47:30,703 - etl_pipeline - INFO - === Запуск скрипта evaluator.py ===
2025-06-12 14:47:30,705 - etl_pipeline - INFO - Загрузка тестовых данных из ../results/train_test/...
2025-06-12 14:47:30,712 - etl_pipeline - INFO - Данные загружены. X_test: (114, 30), y_test: (114,)
2025-06-12 14:47:30,713 - etl_pipeline - INFO - Загрузка модели из ../results/models/logistic_regression.pkl...
2025-06-12 14:47:30,750 - etl_pipeline - INFO - Модель успешно загружена.
2025-06-12 14:47:30,750 - etl_pipeline - INFO - Предсказание на тестовой выборке...
2025-06-12 14:47:30,753 - etl_pipeline - INFO - Расчёт метрик качества...
2025-06-12 14:47:30,756 - etl_pipeline - INFO - Метрики: {'accuracy': 0.9736842105263158, 'precision': 0.975609756097561, 'recall': 0.9523809523809523, 'f1': 0.963855421686747}
2025-06-12 14:47:30,757 - etl_pipeline - INFO - Сохранение результатов в ../results/metrics/metrics.json...
2025-06-12 14:47:30,759 - etl_pipeline - INFO - Результаты успешно сохранены.
2025-06-12 14:47:30,759 - etl_pipeline - INFO - === Скрипт evaluator.py успешно выполнен ===
