2025-06-12 08:04:30,017 - etl_pipeline - INFO - Начало загрузки данных...
2025-06-12 08:04:31,497 - etl_pipeline - INFO - Данные успешно загружены в ../results/raw/wdbc.data
2025-06-12 08:04:31,497 - etl_pipeline - INFO - Чтение данных из ../results/raw/wdbc.data...
2025-06-12 08:04:31,507 - etl_pipeline - INFO - Файл прочитан. Размер: (569, 32)
2025-06-12 08:24:49,756 - etl_pipeline - INFO - Чтение данных из ../results/raw/wdbc.data...
2025-06-12 08:24:49,761 - etl_pipeline - INFO - Файл прочитан. Размер: (569, 32)
2025-06-12 08:24:49,780 - etl_pipeline - INFO - Сохранение артефактов в ../results/train_test/...
2025-06-12 08:24:49,792 - etl_pipeline - INFO - Артефакты успешно сохранены.
2025-06-12 08:44:47,756 - etl_pipeline - INFO - === Запуск скрипта trainer.py ===
2025-06-12 08:44:47,756 - etl_pipeline - INFO - Загрузка данных из ../results/train_test/...
2025-06-12 08:44:47,762 - etl_pipeline - INFO - Данные загружены. X_train: (455, 30), y_train: (455,)
2025-06-12 08:44:47,762 - etl_pipeline - INFO - Начало обучения модели...
2025-06-12 08:44:47,762 - etl_pipeline - INFO - Создание пайплайна...
2025-06-12 08:44:49,922 - etl_pipeline - INFO - Обучение завершено. Лучшие параметры: {'model__C': 1, 'model__penalty': 'l2', 'pca__n_components': 0.9}
2025-06-12 08:44:49,922 - etl_pipeline - INFO - Лучшая точность на трейне: 0.9692
2025-06-12 08:44:49,922 - etl_pipeline - INFO - Сохранение модели в ../results/models/logistic_regression.pkl...
2025-06-12 08:44:49,923 - etl_pipeline - INFO - Модель успешно сохранена в ../results/models/logistic_regression.pkl/best_model.pkl
2025-06-12 08:44:49,923 - etl_pipeline - INFO - === Скрипт trainer.py успешно выполнен ===
2025-06-12 08:46:21,581 - etl_pipeline - INFO - === Запуск скрипта trainer.py ===
2025-06-12 08:46:21,581 - etl_pipeline - INFO - Загрузка данных из ../results/train_test/...
2025-06-12 08:46:21,584 - etl_pipeline - INFO - Данные загружены. X_train: (455, 30), y_train: (455,)
2025-06-12 08:46:21,584 - etl_pipeline - INFO - Начало обучения модели...
2025-06-12 08:46:21,584 - etl_pipeline - INFO - Создание пайплайна...
2025-06-12 08:46:23,602 - etl_pipeline - INFO - Обучение завершено. Лучшие параметры: {'model__C': 1, 'model__penalty': 'l2', 'pca__n_components': 0.9}
2025-06-12 08:46:23,602 - etl_pipeline - INFO - Лучшая точность на трейне: 0.9692
2025-06-12 08:46:23,602 - etl_pipeline - INFO - Сохранение модели в ../results/models/...
2025-06-12 08:46:23,603 - etl_pipeline - INFO - Модель успешно сохранена в ../results/models/logistic_regression.pkl
2025-06-12 08:46:23,603 - etl_pipeline - INFO - === Скрипт trainer.py успешно выполнен ===
2025-06-12 08:55:27,957 - etl_pipeline - INFO - === Запуск скрипта evaluator.py ===
2025-06-12 08:55:27,957 - etl_pipeline - INFO - Загрузка тестовых данных из ../results/train_test/...
2025-06-12 08:55:27,962 - etl_pipeline - INFO - Данные загружены. X_test: (114, 30), y_test: (114,)
2025-06-12 08:55:27,962 - etl_pipeline - INFO - Загрузка модели из ../results/models/...
2025-06-12 08:56:19,382 - etl_pipeline - INFO - === Запуск скрипта evaluator.py ===
2025-06-12 08:56:19,383 - etl_pipeline - INFO - Загрузка тестовых данных из ../results/train_test/...
2025-06-12 08:56:19,386 - etl_pipeline - INFO - Данные загружены. X_test: (114, 30), y_test: (114,)
2025-06-12 08:56:19,386 - etl_pipeline - INFO - Загрузка модели из ../results/models/...
2025-06-12 08:56:47,980 - etl_pipeline - INFO - === Запуск скрипта evaluator.py ===
2025-06-12 08:56:47,981 - etl_pipeline - INFO - Загрузка тестовых данных из ../results/train_test/...
2025-06-12 08:56:47,984 - etl_pipeline - INFO - Данные загружены. X_test: (114, 30), y_test: (114,)
2025-06-12 08:56:47,985 - etl_pipeline - INFO - Загрузка модели из ../results/models/logistic_regression.pkl...
2025-06-12 08:56:48,062 - etl_pipeline - INFO - Модель успешно загружена.
2025-06-12 08:56:48,062 - etl_pipeline - INFO - Предсказание на тестовой выборке...
2025-06-12 08:56:48,065 - etl_pipeline - INFO - Расчёт метрик качества...
2025-06-12 08:56:48,068 - etl_pipeline - INFO - Метрики: {'accuracy': 0.9736842105263158, 'precision': 0.975609756097561, 'recall': 0.9523809523809523, 'f1': 0.963855421686747}
2025-06-12 08:56:48,068 - etl_pipeline - INFO - Сохранение результатов в ../results/metrics/...
2025-06-12 08:58:07,112 - etl_pipeline - INFO - === Запуск скрипта evaluator.py ===
2025-06-12 08:58:07,112 - etl_pipeline - INFO - Загрузка тестовых данных из ../results/train_test/...
2025-06-12 08:58:07,116 - etl_pipeline - INFO - Данные загружены. X_test: (114, 30), y_test: (114,)
2025-06-12 08:58:07,116 - etl_pipeline - INFO - Загрузка модели из ../results/models/logistic_regression.pkl...
2025-06-12 08:58:07,190 - etl_pipeline - INFO - Модель успешно загружена.
2025-06-12 08:58:07,190 - etl_pipeline - INFO - Предсказание на тестовой выборке...
2025-06-12 08:58:07,193 - etl_pipeline - INFO - Расчёт метрик качества...
2025-06-12 08:58:07,195 - etl_pipeline - INFO - Метрики: {'accuracy': 0.9736842105263158, 'precision': 0.975609756097561, 'recall': 0.9523809523809523, 'f1': 0.963855421686747}
2025-06-12 08:58:07,196 - etl_pipeline - INFO - Сохранение результатов в ../results/metrics/metrics.json...
2025-06-12 08:59:11,727 - etl_pipeline - INFO - === Запуск скрипта evaluator.py ===
2025-06-12 08:59:11,728 - etl_pipeline - INFO - Загрузка тестовых данных из ../results/train_test/...
2025-06-12 08:59:11,731 - etl_pipeline - INFO - Данные загружены. X_test: (114, 30), y_test: (114,)
2025-06-12 08:59:11,731 - etl_pipeline - INFO - Загрузка модели из ../results/models/logistic_regression.pkl...
2025-06-12 08:59:11,808 - etl_pipeline - INFO - Модель успешно загружена.
2025-06-12 08:59:11,808 - etl_pipeline - INFO - Предсказание на тестовой выборке...
2025-06-12 08:59:11,810 - etl_pipeline - INFO - Расчёт метрик качества...
2025-06-12 08:59:11,812 - etl_pipeline - INFO - Метрики: {'accuracy': 0.9736842105263158, 'precision': 0.975609756097561, 'recall': 0.9523809523809523, 'f1': 0.963855421686747}
2025-06-12 08:59:11,812 - etl_pipeline - INFO - Сохранение результатов в ../results/metrics/metrics.json...
2025-06-12 09:00:04,962 - etl_pipeline - INFO - === Запуск скрипта evaluator.py ===
2025-06-12 09:00:04,963 - etl_pipeline - INFO - Загрузка тестовых данных из ../results/train_test/...
2025-06-12 09:00:04,967 - etl_pipeline - INFO - Данные загружены. X_test: (114, 30), y_test: (114,)
2025-06-12 09:00:04,967 - etl_pipeline - INFO - Загрузка модели из ../results/models/logistic_regression.pkl...
2025-06-12 09:00:05,044 - etl_pipeline - INFO - Модель успешно загружена.
2025-06-12 09:00:05,044 - etl_pipeline - INFO - Предсказание на тестовой выборке...
2025-06-12 09:00:05,047 - etl_pipeline - INFO - Расчёт метрик качества...
2025-06-12 09:00:05,050 - etl_pipeline - INFO - Метрики: {'accuracy': 0.9736842105263158, 'precision': 0.975609756097561, 'recall': 0.9523809523809523, 'f1': 0.963855421686747}
2025-06-12 09:00:05,050 - etl_pipeline - INFO - Сохранение результатов в ../results/metrics/metrics.json...
2025-06-12 09:00:05,050 - etl_pipeline - INFO - Результаты успешно сохранены.
2025-06-12 09:00:05,050 - etl_pipeline - INFO - === Скрипт evaluator.py успешно выполнен ===
2025-06-12 10:05:10,268 - etl_pipeline - INFO - === Запуск скрипта evaluator.py ===
2025-06-12 10:05:10,268 - etl_pipeline - INFO - Загрузка тестовых данных из ../results/train_test/...
2025-06-12 10:05:10,271 - etl_pipeline - INFO - Данные загружены. X_test: (114, 30), y_test: (114,)
2025-06-12 10:05:10,271 - etl_pipeline - INFO - Загрузка модели из ../results/models/logistic_regression.pkl...
2025-06-12 10:05:12,710 - etl_pipeline - INFO - Модель успешно загружена.
2025-06-12 10:05:12,710 - etl_pipeline - INFO - Предсказание на тестовой выборке...
2025-06-12 10:05:12,714 - etl_pipeline - INFO - Расчёт метрик качества...
2025-06-12 10:05:12,718 - etl_pipeline - INFO - Метрики: {'accuracy': 0.9736842105263158, 'precision': 0.975609756097561, 'recall': 0.9523809523809523, 'f1': 0.963855421686747}
2025-06-12 10:05:12,718 - etl_pipeline - INFO - Сохранение результатов в ../results/metrics/metrics.json...
2025-06-12 10:05:12,718 - etl_pipeline - INFO - Результаты успешно сохранены.
2025-06-12 10:05:12,718 - etl_pipeline - INFO - === Скрипт evaluator.py успешно выполнен ===
2025-06-12 10:05:49,351 - etl_pipeline - INFO - Начало загрузки данных...
2025-06-12 10:05:50,731 - etl_pipeline - INFO - Данные успешно загружены в ../results/raw/wdbc.data
2025-06-12 10:06:25,018 - etl_pipeline - INFO - Чтение данных из ../results/raw/wdbc.data...
2025-06-12 10:06:25,022 - etl_pipeline - INFO - Файл прочитан. Размер: (569, 32)
2025-06-12 10:06:25,034 - etl_pipeline - INFO - Сохранение артефактов в ../results/train_test/...
2025-06-12 10:06:25,043 - etl_pipeline - INFO - Артефакты успешно сохранены.
2025-06-12 10:06:37,327 - etl_pipeline - INFO - === Запуск скрипта trainer.py ===
2025-06-12 10:06:37,328 - etl_pipeline - INFO - Загрузка данных из ../results/train_test/...
2025-06-12 10:06:37,330 - etl_pipeline - INFO - Данные загружены. X_train: (455, 30), y_train: (455,)
2025-06-12 10:06:37,330 - etl_pipeline - INFO - Начало обучения модели...
2025-06-12 10:06:37,330 - etl_pipeline - INFO - Создание пайплайна...
2025-06-12 10:06:39,397 - etl_pipeline - INFO - Обучение завершено. Лучшие параметры: {'model__C': 1, 'model__penalty': 'l2', 'pca__n_components': 0.9}
2025-06-12 10:06:39,397 - etl_pipeline - INFO - Лучшая точность на трейне: 0.9692
2025-06-12 10:06:39,397 - etl_pipeline - INFO - Сохранение модели в ../results/models/...
2025-06-12 10:06:39,398 - etl_pipeline - INFO - Модель успешно сохранена в ../results/models/logistic_regression.pkl
2025-06-12 10:06:39,398 - etl_pipeline - INFO - === Скрипт trainer.py успешно выполнен ===
2025-06-12 10:06:51,335 - etl_pipeline - INFO - === Запуск скрипта evaluator.py ===
2025-06-12 10:06:51,335 - etl_pipeline - INFO - Загрузка тестовых данных из ../results/train_test/...
2025-06-12 10:06:51,338 - etl_pipeline - INFO - Данные загружены. X_test: (114, 30), y_test: (114,)
2025-06-12 10:06:51,338 - etl_pipeline - INFO - Загрузка модели из ../results/models/logistic_regression.pkl...
2025-06-12 10:06:51,390 - etl_pipeline - INFO - Модель успешно загружена.
2025-06-12 10:06:51,390 - etl_pipeline - INFO - Предсказание на тестовой выборке...
2025-06-12 10:06:51,392 - etl_pipeline - INFO - Расчёт метрик качества...
2025-06-12 10:06:51,393 - etl_pipeline - INFO - Метрики: {'accuracy': 0.9736842105263158, 'precision': 0.975609756097561, 'recall': 0.9523809523809523, 'f1': 0.963855421686747}
2025-06-12 10:06:51,393 - etl_pipeline - INFO - Сохранение результатов в ../results/metrics/metrics.json...
2025-06-12 10:06:51,394 - etl_pipeline - INFO - Результаты успешно сохранены.
2025-06-12 10:06:51,394 - etl_pipeline - INFO - === Скрипт evaluator.py успешно выполнен ===
