[2025-06-12T13:58:40.867+0000] {processor.py:161} INFO - Started process (PID=71) to work on /home/airflow/.local/lib/python3.12/site-packages/airflow/example_dags/example_skip_dag.py
[2025-06-12T13:58:40.868+0000] {processor.py:830} INFO - Processing file /home/airflow/.local/lib/python3.12/site-packages/airflow/example_dags/example_skip_dag.py for tasks to queue
[2025-06-12T13:58:40.869+0000] {logging_mixin.py:188} INFO - [2025-06-12T13:58:40.869+0000] {dagbag.py:540} INFO - Filling up the DagBag from /home/airflow/.local/lib/python3.12/site-packages/airflow/example_dags/example_skip_dag.py
[2025-06-12T13:58:40.880+0000] {processor.py:840} INFO - DAG(s) 'example_skip_dag' retrieved from /home/airflow/.local/lib/python3.12/site-packages/airflow/example_dags/example_skip_dag.py
[2025-06-12T13:58:40.898+0000] {logging_mixin.py:188} INFO - [2025-06-12T13:58:40.898+0000] {dag.py:3096} INFO - Sync 1 DAGs
[2025-06-12T13:58:40.931+0000] {logging_mixin.py:188} INFO - [2025-06-12T13:58:40.931+0000] {dag.py:3954} INFO - Setting next_dagrun for example_skip_dag to 2025-06-11 00:00:00+00:00, run_after=2025-06-12 00:00:00+00:00
[2025-06-12T13:58:40.961+0000] {processor.py:183} INFO - Processing /home/airflow/.local/lib/python3.12/site-packages/airflow/example_dags/example_skip_dag.py took 0.104 seconds
[2025-06-12T13:59:11.488+0000] {processor.py:161} INFO - Started process (PID=138) to work on /home/airflow/.local/lib/python3.12/site-packages/airflow/example_dags/example_skip_dag.py
[2025-06-12T13:59:11.488+0000] {processor.py:830} INFO - Processing file /home/airflow/.local/lib/python3.12/site-packages/airflow/example_dags/example_skip_dag.py for tasks to queue
[2025-06-12T13:59:11.489+0000] {logging_mixin.py:188} INFO - [2025-06-12T13:59:11.489+0000] {dagbag.py:540} INFO - Filling up the DagBag from /home/airflow/.local/lib/python3.12/site-packages/airflow/example_dags/example_skip_dag.py
[2025-06-12T13:59:11.492+0000] {processor.py:840} INFO - DAG(s) 'example_skip_dag' retrieved from /home/airflow/.local/lib/python3.12/site-packages/airflow/example_dags/example_skip_dag.py
[2025-06-12T13:59:11.534+0000] {logging_mixin.py:188} INFO - [2025-06-12T13:59:11.534+0000] {dag.py:3096} INFO - Sync 1 DAGs
[2025-06-12T13:59:11.543+0000] {logging_mixin.py:188} INFO - [2025-06-12T13:59:11.543+0000] {dag.py:3954} INFO - Setting next_dagrun for example_skip_dag to 2025-06-11 00:00:00+00:00, run_after=2025-06-12 00:00:00+00:00
[2025-06-12T13:59:11.550+0000] {processor.py:183} INFO - Processing /home/airflow/.local/lib/python3.12/site-packages/airflow/example_dags/example_skip_dag.py took 0.065 seconds
[2025-06-12T13:59:41.816+0000] {processor.py:161} INFO - Started process (PID=212) to work on /home/airflow/.local/lib/python3.12/site-packages/airflow/example_dags/example_skip_dag.py
[2025-06-12T13:59:41.820+0000] {processor.py:830} INFO - Processing file /home/airflow/.local/lib/python3.12/site-packages/airflow/example_dags/example_skip_dag.py for tasks to queue
[2025-06-12T13:59:41.825+0000] {logging_mixin.py:188} INFO - [2025-06-12T13:59:41.825+0000] {dagbag.py:540} INFO - Filling up the DagBag from /home/airflow/.local/lib/python3.12/site-packages/airflow/example_dags/example_skip_dag.py
[2025-06-12T13:59:41.833+0000] {processor.py:840} INFO - DAG(s) 'example_skip_dag' retrieved from /home/airflow/.local/lib/python3.12/site-packages/airflow/example_dags/example_skip_dag.py
[2025-06-12T13:59:41.861+0000] {logging_mixin.py:188} INFO - [2025-06-12T13:59:41.861+0000] {dag.py:3096} INFO - Sync 1 DAGs
[2025-06-12T13:59:41.879+0000] {logging_mixin.py:188} INFO - [2025-06-12T13:59:41.879+0000] {dag.py:3954} INFO - Setting next_dagrun for example_skip_dag to 2025-06-11 00:00:00+00:00, run_after=2025-06-12 00:00:00+00:00
[2025-06-12T13:59:41.904+0000] {processor.py:183} INFO - Processing /home/airflow/.local/lib/python3.12/site-packages/airflow/example_dags/example_skip_dag.py took 0.095 seconds
[2025-06-12T14:00:12.756+0000] {processor.py:161} INFO - Started process (PID=279) to work on /home/airflow/.local/lib/python3.12/site-packages/airflow/example_dags/example_skip_dag.py
[2025-06-12T14:00:12.758+0000] {processor.py:830} INFO - Processing file /home/airflow/.local/lib/python3.12/site-packages/airflow/example_dags/example_skip_dag.py for tasks to queue
[2025-06-12T14:00:12.760+0000] {logging_mixin.py:188} INFO - [2025-06-12T14:00:12.759+0000] {dagbag.py:540} INFO - Filling up the DagBag from /home/airflow/.local/lib/python3.12/site-packages/airflow/example_dags/example_skip_dag.py
[2025-06-12T14:00:12.763+0000] {processor.py:840} INFO - DAG(s) 'example_skip_dag' retrieved from /home/airflow/.local/lib/python3.12/site-packages/airflow/example_dags/example_skip_dag.py
[2025-06-12T14:00:12.775+0000] {logging_mixin.py:188} INFO - [2025-06-12T14:00:12.775+0000] {dag.py:3096} INFO - Sync 1 DAGs
[2025-06-12T14:00:12.785+0000] {logging_mixin.py:188} INFO - [2025-06-12T14:00:12.785+0000] {dag.py:3954} INFO - Setting next_dagrun for example_skip_dag to 2025-06-11 00:00:00+00:00, run_after=2025-06-12 00:00:00+00:00
[2025-06-12T14:00:12.796+0000] {processor.py:183} INFO - Processing /home/airflow/.local/lib/python3.12/site-packages/airflow/example_dags/example_skip_dag.py took 0.043 seconds
[2025-06-12T14:00:42.983+0000] {processor.py:161} INFO - Started process (PID=353) to work on /home/airflow/.local/lib/python3.12/site-packages/airflow/example_dags/example_skip_dag.py
[2025-06-12T14:00:42.983+0000] {processor.py:830} INFO - Processing file /home/airflow/.local/lib/python3.12/site-packages/airflow/example_dags/example_skip_dag.py for tasks to queue
[2025-06-12T14:00:42.984+0000] {logging_mixin.py:188} INFO - [2025-06-12T14:00:42.984+0000] {dagbag.py:540} INFO - Filling up the DagBag from /home/airflow/.local/lib/python3.12/site-packages/airflow/example_dags/example_skip_dag.py
[2025-06-12T14:00:42.987+0000] {processor.py:840} INFO - DAG(s) 'example_skip_dag' retrieved from /home/airflow/.local/lib/python3.12/site-packages/airflow/example_dags/example_skip_dag.py
[2025-06-12T14:00:42.998+0000] {logging_mixin.py:188} INFO - [2025-06-12T14:00:42.998+0000] {dag.py:3096} INFO - Sync 1 DAGs
[2025-06-12T14:00:43.006+0000] {logging_mixin.py:188} INFO - [2025-06-12T14:00:43.006+0000] {dag.py:3954} INFO - Setting next_dagrun for example_skip_dag to 2025-06-11 00:00:00+00:00, run_after=2025-06-12 00:00:00+00:00
[2025-06-12T14:00:43.013+0000] {processor.py:183} INFO - Processing /home/airflow/.local/lib/python3.12/site-packages/airflow/example_dags/example_skip_dag.py took 0.033 seconds
[2025-06-12T14:01:14.151+0000] {processor.py:161} INFO - Started process (PID=420) to work on /home/airflow/.local/lib/python3.12/site-packages/airflow/example_dags/example_skip_dag.py
[2025-06-12T14:01:14.152+0000] {processor.py:830} INFO - Processing file /home/airflow/.local/lib/python3.12/site-packages/airflow/example_dags/example_skip_dag.py for tasks to queue
[2025-06-12T14:01:14.157+0000] {logging_mixin.py:188} INFO - [2025-06-12T14:01:14.157+0000] {dagbag.py:540} INFO - Filling up the DagBag from /home/airflow/.local/lib/python3.12/site-packages/airflow/example_dags/example_skip_dag.py
[2025-06-12T14:01:14.160+0000] {processor.py:840} INFO - DAG(s) 'example_skip_dag' retrieved from /home/airflow/.local/lib/python3.12/site-packages/airflow/example_dags/example_skip_dag.py
[2025-06-12T14:01:14.180+0000] {logging_mixin.py:188} INFO - [2025-06-12T14:01:14.180+0000] {dag.py:3096} INFO - Sync 1 DAGs
[2025-06-12T14:01:14.196+0000] {logging_mixin.py:188} INFO - [2025-06-12T14:01:14.195+0000] {dag.py:3954} INFO - Setting next_dagrun for example_skip_dag to 2025-06-11 00:00:00+00:00, run_after=2025-06-12 00:00:00+00:00
[2025-06-12T14:01:14.219+0000] {processor.py:183} INFO - Processing /home/airflow/.local/lib/python3.12/site-packages/airflow/example_dags/example_skip_dag.py took 0.071 seconds
[2025-06-12T14:15:48.883+0000] {processor.py:161} INFO - Started process (PID=72) to work on /home/airflow/.local/lib/python3.12/site-packages/airflow/example_dags/example_skip_dag.py
[2025-06-12T14:15:48.887+0000] {processor.py:830} INFO - Processing file /home/airflow/.local/lib/python3.12/site-packages/airflow/example_dags/example_skip_dag.py for tasks to queue
[2025-06-12T14:15:48.889+0000] {logging_mixin.py:188} INFO - [2025-06-12T14:15:48.889+0000] {dagbag.py:540} INFO - Filling up the DagBag from /home/airflow/.local/lib/python3.12/site-packages/airflow/example_dags/example_skip_dag.py
[2025-06-12T14:15:48.896+0000] {processor.py:840} INFO - DAG(s) 'example_skip_dag' retrieved from /home/airflow/.local/lib/python3.12/site-packages/airflow/example_dags/example_skip_dag.py
[2025-06-12T14:15:48.911+0000] {logging_mixin.py:188} INFO - [2025-06-12T14:15:48.911+0000] {dag.py:3096} INFO - Sync 1 DAGs
[2025-06-12T14:15:48.928+0000] {logging_mixin.py:188} INFO - [2025-06-12T14:15:48.928+0000] {dag.py:3954} INFO - Setting next_dagrun for example_skip_dag to 2025-06-11 00:00:00+00:00, run_after=2025-06-12 00:00:00+00:00
[2025-06-12T14:15:48.949+0000] {processor.py:183} INFO - Processing /home/airflow/.local/lib/python3.12/site-packages/airflow/example_dags/example_skip_dag.py took 0.069 seconds
[2025-06-12T14:16:19.896+0000] {processor.py:161} INFO - Started process (PID=146) to work on /home/airflow/.local/lib/python3.12/site-packages/airflow/example_dags/example_skip_dag.py
[2025-06-12T14:16:19.897+0000] {processor.py:830} INFO - Processing file /home/airflow/.local/lib/python3.12/site-packages/airflow/example_dags/example_skip_dag.py for tasks to queue
[2025-06-12T14:16:19.899+0000] {logging_mixin.py:188} INFO - [2025-06-12T14:16:19.898+0000] {dagbag.py:540} INFO - Filling up the DagBag from /home/airflow/.local/lib/python3.12/site-packages/airflow/example_dags/example_skip_dag.py
[2025-06-12T14:16:19.902+0000] {processor.py:840} INFO - DAG(s) 'example_skip_dag' retrieved from /home/airflow/.local/lib/python3.12/site-packages/airflow/example_dags/example_skip_dag.py
[2025-06-12T14:16:19.984+0000] {logging_mixin.py:188} INFO - [2025-06-12T14:16:19.984+0000] {dag.py:3096} INFO - Sync 1 DAGs
[2025-06-12T14:16:20.009+0000] {logging_mixin.py:188} INFO - [2025-06-12T14:16:20.009+0000] {dag.py:3954} INFO - Setting next_dagrun for example_skip_dag to 2025-06-11 00:00:00+00:00, run_after=2025-06-12 00:00:00+00:00
[2025-06-12T14:16:20.053+0000] {processor.py:183} INFO - Processing /home/airflow/.local/lib/python3.12/site-packages/airflow/example_dags/example_skip_dag.py took 0.160 seconds
[2025-06-12T14:16:50.596+0000] {processor.py:161} INFO - Started process (PID=213) to work on /home/airflow/.local/lib/python3.12/site-packages/airflow/example_dags/example_skip_dag.py
[2025-06-12T14:16:50.596+0000] {processor.py:830} INFO - Processing file /home/airflow/.local/lib/python3.12/site-packages/airflow/example_dags/example_skip_dag.py for tasks to queue
[2025-06-12T14:16:50.597+0000] {logging_mixin.py:188} INFO - [2025-06-12T14:16:50.597+0000] {dagbag.py:540} INFO - Filling up the DagBag from /home/airflow/.local/lib/python3.12/site-packages/airflow/example_dags/example_skip_dag.py
[2025-06-12T14:16:50.600+0000] {processor.py:840} INFO - DAG(s) 'example_skip_dag' retrieved from /home/airflow/.local/lib/python3.12/site-packages/airflow/example_dags/example_skip_dag.py
[2025-06-12T14:16:50.610+0000] {logging_mixin.py:188} INFO - [2025-06-12T14:16:50.610+0000] {dag.py:3096} INFO - Sync 1 DAGs
[2025-06-12T14:16:50.620+0000] {logging_mixin.py:188} INFO - [2025-06-12T14:16:50.620+0000] {dag.py:3954} INFO - Setting next_dagrun for example_skip_dag to 2025-06-11 00:00:00+00:00, run_after=2025-06-12 00:00:00+00:00
[2025-06-12T14:16:50.632+0000] {processor.py:183} INFO - Processing /home/airflow/.local/lib/python3.12/site-packages/airflow/example_dags/example_skip_dag.py took 0.039 seconds
[2025-06-12T14:17:21.101+0000] {processor.py:161} INFO - Started process (PID=287) to work on /home/airflow/.local/lib/python3.12/site-packages/airflow/example_dags/example_skip_dag.py
[2025-06-12T14:17:21.101+0000] {processor.py:830} INFO - Processing file /home/airflow/.local/lib/python3.12/site-packages/airflow/example_dags/example_skip_dag.py for tasks to queue
[2025-06-12T14:17:21.102+0000] {logging_mixin.py:188} INFO - [2025-06-12T14:17:21.102+0000] {dagbag.py:540} INFO - Filling up the DagBag from /home/airflow/.local/lib/python3.12/site-packages/airflow/example_dags/example_skip_dag.py
[2025-06-12T14:17:21.106+0000] {processor.py:840} INFO - DAG(s) 'example_skip_dag' retrieved from /home/airflow/.local/lib/python3.12/site-packages/airflow/example_dags/example_skip_dag.py
[2025-06-12T14:17:21.163+0000] {logging_mixin.py:188} INFO - [2025-06-12T14:17:21.163+0000] {dag.py:3096} INFO - Sync 1 DAGs
[2025-06-12T14:17:21.173+0000] {logging_mixin.py:188} INFO - [2025-06-12T14:17:21.173+0000] {dag.py:3954} INFO - Setting next_dagrun for example_skip_dag to 2025-06-11 00:00:00+00:00, run_after=2025-06-12 00:00:00+00:00
[2025-06-12T14:17:21.185+0000] {processor.py:183} INFO - Processing /home/airflow/.local/lib/python3.12/site-packages/airflow/example_dags/example_skip_dag.py took 0.087 seconds
[2025-06-12T14:17:51.694+0000] {processor.py:161} INFO - Started process (PID=353) to work on /home/airflow/.local/lib/python3.12/site-packages/airflow/example_dags/example_skip_dag.py
[2025-06-12T14:17:51.695+0000] {processor.py:830} INFO - Processing file /home/airflow/.local/lib/python3.12/site-packages/airflow/example_dags/example_skip_dag.py for tasks to queue
[2025-06-12T14:17:51.695+0000] {logging_mixin.py:188} INFO - [2025-06-12T14:17:51.695+0000] {dagbag.py:540} INFO - Filling up the DagBag from /home/airflow/.local/lib/python3.12/site-packages/airflow/example_dags/example_skip_dag.py
[2025-06-12T14:17:51.698+0000] {processor.py:840} INFO - DAG(s) 'example_skip_dag' retrieved from /home/airflow/.local/lib/python3.12/site-packages/airflow/example_dags/example_skip_dag.py
[2025-06-12T14:17:51.708+0000] {logging_mixin.py:188} INFO - [2025-06-12T14:17:51.708+0000] {dag.py:3096} INFO - Sync 1 DAGs
[2025-06-12T14:17:51.716+0000] {logging_mixin.py:188} INFO - [2025-06-12T14:17:51.716+0000] {dag.py:3954} INFO - Setting next_dagrun for example_skip_dag to 2025-06-11 00:00:00+00:00, run_after=2025-06-12 00:00:00+00:00
[2025-06-12T14:17:51.723+0000] {processor.py:183} INFO - Processing /home/airflow/.local/lib/python3.12/site-packages/airflow/example_dags/example_skip_dag.py took 0.032 seconds
[2025-06-12T14:18:38.173+0000] {processor.py:161} INFO - Started process (PID=71) to work on /home/airflow/.local/lib/python3.12/site-packages/airflow/example_dags/example_skip_dag.py
[2025-06-12T14:18:38.175+0000] {processor.py:830} INFO - Processing file /home/airflow/.local/lib/python3.12/site-packages/airflow/example_dags/example_skip_dag.py for tasks to queue
[2025-06-12T14:18:38.176+0000] {logging_mixin.py:188} INFO - [2025-06-12T14:18:38.176+0000] {dagbag.py:540} INFO - Filling up the DagBag from /home/airflow/.local/lib/python3.12/site-packages/airflow/example_dags/example_skip_dag.py
[2025-06-12T14:18:38.181+0000] {processor.py:840} INFO - DAG(s) 'example_skip_dag' retrieved from /home/airflow/.local/lib/python3.12/site-packages/airflow/example_dags/example_skip_dag.py
[2025-06-12T14:18:38.196+0000] {logging_mixin.py:188} INFO - [2025-06-12T14:18:38.195+0000] {dag.py:3096} INFO - Sync 1 DAGs
[2025-06-12T14:18:38.207+0000] {logging_mixin.py:188} INFO - [2025-06-12T14:18:38.207+0000] {dag.py:3954} INFO - Setting next_dagrun for example_skip_dag to 2025-06-11 00:00:00+00:00, run_after=2025-06-12 00:00:00+00:00
[2025-06-12T14:18:38.217+0000] {processor.py:183} INFO - Processing /home/airflow/.local/lib/python3.12/site-packages/airflow/example_dags/example_skip_dag.py took 0.048 seconds
[2025-06-12T14:19:08.250+0000] {processor.py:161} INFO - Started process (PID=137) to work on /home/airflow/.local/lib/python3.12/site-packages/airflow/example_dags/example_skip_dag.py
[2025-06-12T14:19:08.250+0000] {processor.py:830} INFO - Processing file /home/airflow/.local/lib/python3.12/site-packages/airflow/example_dags/example_skip_dag.py for tasks to queue
[2025-06-12T14:19:08.251+0000] {logging_mixin.py:188} INFO - [2025-06-12T14:19:08.251+0000] {dagbag.py:540} INFO - Filling up the DagBag from /home/airflow/.local/lib/python3.12/site-packages/airflow/example_dags/example_skip_dag.py
[2025-06-12T14:19:08.254+0000] {processor.py:840} INFO - DAG(s) 'example_skip_dag' retrieved from /home/airflow/.local/lib/python3.12/site-packages/airflow/example_dags/example_skip_dag.py
[2025-06-12T14:19:08.262+0000] {logging_mixin.py:188} INFO - [2025-06-12T14:19:08.262+0000] {dag.py:3096} INFO - Sync 1 DAGs
[2025-06-12T14:19:08.274+0000] {logging_mixin.py:188} INFO - [2025-06-12T14:19:08.274+0000] {dag.py:3954} INFO - Setting next_dagrun for example_skip_dag to 2025-06-11 00:00:00+00:00, run_after=2025-06-12 00:00:00+00:00
[2025-06-12T14:19:08.285+0000] {processor.py:183} INFO - Processing /home/airflow/.local/lib/python3.12/site-packages/airflow/example_dags/example_skip_dag.py took 0.039 seconds
[2025-06-12T14:19:38.629+0000] {processor.py:161} INFO - Started process (PID=211) to work on /home/airflow/.local/lib/python3.12/site-packages/airflow/example_dags/example_skip_dag.py
[2025-06-12T14:19:38.629+0000] {processor.py:830} INFO - Processing file /home/airflow/.local/lib/python3.12/site-packages/airflow/example_dags/example_skip_dag.py for tasks to queue
[2025-06-12T14:19:38.630+0000] {logging_mixin.py:188} INFO - [2025-06-12T14:19:38.630+0000] {dagbag.py:540} INFO - Filling up the DagBag from /home/airflow/.local/lib/python3.12/site-packages/airflow/example_dags/example_skip_dag.py
[2025-06-12T14:19:38.633+0000] {processor.py:840} INFO - DAG(s) 'example_skip_dag' retrieved from /home/airflow/.local/lib/python3.12/site-packages/airflow/example_dags/example_skip_dag.py
[2025-06-12T14:19:38.685+0000] {logging_mixin.py:188} INFO - [2025-06-12T14:19:38.685+0000] {dag.py:3096} INFO - Sync 1 DAGs
[2025-06-12T14:19:38.693+0000] {logging_mixin.py:188} INFO - [2025-06-12T14:19:38.693+0000] {dag.py:3954} INFO - Setting next_dagrun for example_skip_dag to 2025-06-11 00:00:00+00:00, run_after=2025-06-12 00:00:00+00:00
[2025-06-12T14:19:38.704+0000] {processor.py:183} INFO - Processing /home/airflow/.local/lib/python3.12/site-packages/airflow/example_dags/example_skip_dag.py took 0.078 seconds
[2025-06-12T14:20:08.818+0000] {processor.py:161} INFO - Started process (PID=285) to work on /home/airflow/.local/lib/python3.12/site-packages/airflow/example_dags/example_skip_dag.py
[2025-06-12T14:20:08.819+0000] {processor.py:830} INFO - Processing file /home/airflow/.local/lib/python3.12/site-packages/airflow/example_dags/example_skip_dag.py for tasks to queue
[2025-06-12T14:20:08.821+0000] {logging_mixin.py:188} INFO - [2025-06-12T14:20:08.821+0000] {dagbag.py:540} INFO - Filling up the DagBag from /home/airflow/.local/lib/python3.12/site-packages/airflow/example_dags/example_skip_dag.py
[2025-06-12T14:20:08.826+0000] {processor.py:840} INFO - DAG(s) 'example_skip_dag' retrieved from /home/airflow/.local/lib/python3.12/site-packages/airflow/example_dags/example_skip_dag.py
[2025-06-12T14:20:08.852+0000] {logging_mixin.py:188} INFO - [2025-06-12T14:20:08.852+0000] {dag.py:3096} INFO - Sync 1 DAGs
[2025-06-12T14:20:08.868+0000] {logging_mixin.py:188} INFO - [2025-06-12T14:20:08.868+0000] {dag.py:3954} INFO - Setting next_dagrun for example_skip_dag to 2025-06-11 00:00:00+00:00, run_after=2025-06-12 00:00:00+00:00
[2025-06-12T14:20:08.885+0000] {processor.py:183} INFO - Processing /home/airflow/.local/lib/python3.12/site-packages/airflow/example_dags/example_skip_dag.py took 0.071 seconds
[2025-06-12T14:20:39.291+0000] {processor.py:161} INFO - Started process (PID=352) to work on /home/airflow/.local/lib/python3.12/site-packages/airflow/example_dags/example_skip_dag.py
[2025-06-12T14:20:39.292+0000] {processor.py:830} INFO - Processing file /home/airflow/.local/lib/python3.12/site-packages/airflow/example_dags/example_skip_dag.py for tasks to queue
[2025-06-12T14:20:39.292+0000] {logging_mixin.py:188} INFO - [2025-06-12T14:20:39.292+0000] {dagbag.py:540} INFO - Filling up the DagBag from /home/airflow/.local/lib/python3.12/site-packages/airflow/example_dags/example_skip_dag.py
[2025-06-12T14:20:39.295+0000] {processor.py:840} INFO - DAG(s) 'example_skip_dag' retrieved from /home/airflow/.local/lib/python3.12/site-packages/airflow/example_dags/example_skip_dag.py
[2025-06-12T14:20:39.305+0000] {logging_mixin.py:188} INFO - [2025-06-12T14:20:39.305+0000] {dag.py:3096} INFO - Sync 1 DAGs
[2025-06-12T14:20:39.318+0000] {logging_mixin.py:188} INFO - [2025-06-12T14:20:39.318+0000] {dag.py:3954} INFO - Setting next_dagrun for example_skip_dag to 2025-06-11 00:00:00+00:00, run_after=2025-06-12 00:00:00+00:00
[2025-06-12T14:20:39.327+0000] {processor.py:183} INFO - Processing /home/airflow/.local/lib/python3.12/site-packages/airflow/example_dags/example_skip_dag.py took 0.039 seconds
[2025-06-12T14:21:09.912+0000] {processor.py:161} INFO - Started process (PID=426) to work on /home/airflow/.local/lib/python3.12/site-packages/airflow/example_dags/example_skip_dag.py
[2025-06-12T14:21:09.913+0000] {processor.py:830} INFO - Processing file /home/airflow/.local/lib/python3.12/site-packages/airflow/example_dags/example_skip_dag.py for tasks to queue
[2025-06-12T14:21:09.914+0000] {logging_mixin.py:188} INFO - [2025-06-12T14:21:09.913+0000] {dagbag.py:540} INFO - Filling up the DagBag from /home/airflow/.local/lib/python3.12/site-packages/airflow/example_dags/example_skip_dag.py
[2025-06-12T14:21:09.917+0000] {processor.py:840} INFO - DAG(s) 'example_skip_dag' retrieved from /home/airflow/.local/lib/python3.12/site-packages/airflow/example_dags/example_skip_dag.py
[2025-06-12T14:21:09.945+0000] {logging_mixin.py:188} INFO - [2025-06-12T14:21:09.945+0000] {dag.py:3096} INFO - Sync 1 DAGs
[2025-06-12T14:21:09.956+0000] {logging_mixin.py:188} INFO - [2025-06-12T14:21:09.956+0000] {dag.py:3954} INFO - Setting next_dagrun for example_skip_dag to 2025-06-11 00:00:00+00:00, run_after=2025-06-12 00:00:00+00:00
[2025-06-12T14:21:09.969+0000] {processor.py:183} INFO - Processing /home/airflow/.local/lib/python3.12/site-packages/airflow/example_dags/example_skip_dag.py took 0.060 seconds
[2025-06-12T14:21:40.537+0000] {processor.py:161} INFO - Started process (PID=492) to work on /home/airflow/.local/lib/python3.12/site-packages/airflow/example_dags/example_skip_dag.py
[2025-06-12T14:21:40.539+0000] {processor.py:830} INFO - Processing file /home/airflow/.local/lib/python3.12/site-packages/airflow/example_dags/example_skip_dag.py for tasks to queue
[2025-06-12T14:21:40.540+0000] {logging_mixin.py:188} INFO - [2025-06-12T14:21:40.540+0000] {dagbag.py:540} INFO - Filling up the DagBag from /home/airflow/.local/lib/python3.12/site-packages/airflow/example_dags/example_skip_dag.py
[2025-06-12T14:21:40.543+0000] {processor.py:840} INFO - DAG(s) 'example_skip_dag' retrieved from /home/airflow/.local/lib/python3.12/site-packages/airflow/example_dags/example_skip_dag.py
[2025-06-12T14:21:40.558+0000] {logging_mixin.py:188} INFO - [2025-06-12T14:21:40.558+0000] {dag.py:3096} INFO - Sync 1 DAGs
[2025-06-12T14:21:40.570+0000] {logging_mixin.py:188} INFO - [2025-06-12T14:21:40.570+0000] {dag.py:3954} INFO - Setting next_dagrun for example_skip_dag to 2025-06-11 00:00:00+00:00, run_after=2025-06-12 00:00:00+00:00
[2025-06-12T14:21:40.582+0000] {processor.py:183} INFO - Processing /home/airflow/.local/lib/python3.12/site-packages/airflow/example_dags/example_skip_dag.py took 0.048 seconds
[2025-06-12T14:22:11.469+0000] {processor.py:161} INFO - Started process (PID=566) to work on /home/airflow/.local/lib/python3.12/site-packages/airflow/example_dags/example_skip_dag.py
[2025-06-12T14:22:11.470+0000] {processor.py:830} INFO - Processing file /home/airflow/.local/lib/python3.12/site-packages/airflow/example_dags/example_skip_dag.py for tasks to queue
[2025-06-12T14:22:11.470+0000] {logging_mixin.py:188} INFO - [2025-06-12T14:22:11.470+0000] {dagbag.py:540} INFO - Filling up the DagBag from /home/airflow/.local/lib/python3.12/site-packages/airflow/example_dags/example_skip_dag.py
[2025-06-12T14:22:11.474+0000] {processor.py:840} INFO - DAG(s) 'example_skip_dag' retrieved from /home/airflow/.local/lib/python3.12/site-packages/airflow/example_dags/example_skip_dag.py
[2025-06-12T14:22:11.492+0000] {logging_mixin.py:188} INFO - [2025-06-12T14:22:11.492+0000] {dag.py:3096} INFO - Sync 1 DAGs
[2025-06-12T14:22:11.501+0000] {logging_mixin.py:188} INFO - [2025-06-12T14:22:11.500+0000] {dag.py:3954} INFO - Setting next_dagrun for example_skip_dag to 2025-06-11 00:00:00+00:00, run_after=2025-06-12 00:00:00+00:00
[2025-06-12T14:22:11.512+0000] {processor.py:183} INFO - Processing /home/airflow/.local/lib/python3.12/site-packages/airflow/example_dags/example_skip_dag.py took 0.046 seconds
[2025-06-12T14:22:41.671+0000] {processor.py:161} INFO - Started process (PID=640) to work on /home/airflow/.local/lib/python3.12/site-packages/airflow/example_dags/example_skip_dag.py
[2025-06-12T14:22:41.672+0000] {processor.py:830} INFO - Processing file /home/airflow/.local/lib/python3.12/site-packages/airflow/example_dags/example_skip_dag.py for tasks to queue
[2025-06-12T14:22:41.673+0000] {logging_mixin.py:188} INFO - [2025-06-12T14:22:41.673+0000] {dagbag.py:540} INFO - Filling up the DagBag from /home/airflow/.local/lib/python3.12/site-packages/airflow/example_dags/example_skip_dag.py
[2025-06-12T14:22:41.676+0000] {processor.py:840} INFO - DAG(s) 'example_skip_dag' retrieved from /home/airflow/.local/lib/python3.12/site-packages/airflow/example_dags/example_skip_dag.py
[2025-06-12T14:22:41.693+0000] {logging_mixin.py:188} INFO - [2025-06-12T14:22:41.693+0000] {dag.py:3096} INFO - Sync 1 DAGs
[2025-06-12T14:22:41.701+0000] {logging_mixin.py:188} INFO - [2025-06-12T14:22:41.701+0000] {dag.py:3954} INFO - Setting next_dagrun for example_skip_dag to 2025-06-11 00:00:00+00:00, run_after=2025-06-12 00:00:00+00:00
[2025-06-12T14:22:41.711+0000] {processor.py:183} INFO - Processing /home/airflow/.local/lib/python3.12/site-packages/airflow/example_dags/example_skip_dag.py took 0.043 seconds
[2025-06-12T14:23:11.976+0000] {processor.py:161} INFO - Started process (PID=707) to work on /home/airflow/.local/lib/python3.12/site-packages/airflow/example_dags/example_skip_dag.py
[2025-06-12T14:23:11.977+0000] {processor.py:830} INFO - Processing file /home/airflow/.local/lib/python3.12/site-packages/airflow/example_dags/example_skip_dag.py for tasks to queue
[2025-06-12T14:23:11.979+0000] {logging_mixin.py:188} INFO - [2025-06-12T14:23:11.978+0000] {dagbag.py:540} INFO - Filling up the DagBag from /home/airflow/.local/lib/python3.12/site-packages/airflow/example_dags/example_skip_dag.py
[2025-06-12T14:23:11.982+0000] {processor.py:840} INFO - DAG(s) 'example_skip_dag' retrieved from /home/airflow/.local/lib/python3.12/site-packages/airflow/example_dags/example_skip_dag.py
[2025-06-12T14:23:11.992+0000] {logging_mixin.py:188} INFO - [2025-06-12T14:23:11.992+0000] {dag.py:3096} INFO - Sync 1 DAGs
[2025-06-12T14:23:12.006+0000] {logging_mixin.py:188} INFO - [2025-06-12T14:23:12.006+0000] {dag.py:3954} INFO - Setting next_dagrun for example_skip_dag to 2025-06-11 00:00:00+00:00, run_after=2025-06-12 00:00:00+00:00
[2025-06-12T14:23:12.016+0000] {processor.py:183} INFO - Processing /home/airflow/.local/lib/python3.12/site-packages/airflow/example_dags/example_skip_dag.py took 0.043 seconds
[2025-06-12T14:23:42.100+0000] {processor.py:161} INFO - Started process (PID=781) to work on /home/airflow/.local/lib/python3.12/site-packages/airflow/example_dags/example_skip_dag.py
[2025-06-12T14:23:42.100+0000] {processor.py:830} INFO - Processing file /home/airflow/.local/lib/python3.12/site-packages/airflow/example_dags/example_skip_dag.py for tasks to queue
[2025-06-12T14:23:42.101+0000] {logging_mixin.py:188} INFO - [2025-06-12T14:23:42.101+0000] {dagbag.py:540} INFO - Filling up the DagBag from /home/airflow/.local/lib/python3.12/site-packages/airflow/example_dags/example_skip_dag.py
[2025-06-12T14:23:42.104+0000] {processor.py:840} INFO - DAG(s) 'example_skip_dag' retrieved from /home/airflow/.local/lib/python3.12/site-packages/airflow/example_dags/example_skip_dag.py
[2025-06-12T14:23:42.113+0000] {logging_mixin.py:188} INFO - [2025-06-12T14:23:42.113+0000] {dag.py:3096} INFO - Sync 1 DAGs
[2025-06-12T14:23:42.121+0000] {logging_mixin.py:188} INFO - [2025-06-12T14:23:42.121+0000] {dag.py:3954} INFO - Setting next_dagrun for example_skip_dag to 2025-06-11 00:00:00+00:00, run_after=2025-06-12 00:00:00+00:00
[2025-06-12T14:23:42.127+0000] {processor.py:183} INFO - Processing /home/airflow/.local/lib/python3.12/site-packages/airflow/example_dags/example_skip_dag.py took 0.029 seconds
[2025-06-12T14:24:12.599+0000] {processor.py:161} INFO - Started process (PID=855) to work on /home/airflow/.local/lib/python3.12/site-packages/airflow/example_dags/example_skip_dag.py
[2025-06-12T14:24:12.600+0000] {processor.py:830} INFO - Processing file /home/airflow/.local/lib/python3.12/site-packages/airflow/example_dags/example_skip_dag.py for tasks to queue
[2025-06-12T14:24:12.601+0000] {logging_mixin.py:188} INFO - [2025-06-12T14:24:12.601+0000] {dagbag.py:540} INFO - Filling up the DagBag from /home/airflow/.local/lib/python3.12/site-packages/airflow/example_dags/example_skip_dag.py
[2025-06-12T14:24:12.604+0000] {processor.py:840} INFO - DAG(s) 'example_skip_dag' retrieved from /home/airflow/.local/lib/python3.12/site-packages/airflow/example_dags/example_skip_dag.py
[2025-06-12T14:24:12.619+0000] {logging_mixin.py:188} INFO - [2025-06-12T14:24:12.619+0000] {dag.py:3096} INFO - Sync 1 DAGs
[2025-06-12T14:24:12.630+0000] {logging_mixin.py:188} INFO - [2025-06-12T14:24:12.630+0000] {dag.py:3954} INFO - Setting next_dagrun for example_skip_dag to 2025-06-11 00:00:00+00:00, run_after=2025-06-12 00:00:00+00:00
[2025-06-12T14:24:12.642+0000] {processor.py:183} INFO - Processing /home/airflow/.local/lib/python3.12/site-packages/airflow/example_dags/example_skip_dag.py took 0.046 seconds
[2025-06-12T14:24:43.481+0000] {processor.py:161} INFO - Started process (PID=922) to work on /home/airflow/.local/lib/python3.12/site-packages/airflow/example_dags/example_skip_dag.py
[2025-06-12T14:24:43.483+0000] {processor.py:830} INFO - Processing file /home/airflow/.local/lib/python3.12/site-packages/airflow/example_dags/example_skip_dag.py for tasks to queue
[2025-06-12T14:24:43.486+0000] {logging_mixin.py:188} INFO - [2025-06-12T14:24:43.486+0000] {dagbag.py:540} INFO - Filling up the DagBag from /home/airflow/.local/lib/python3.12/site-packages/airflow/example_dags/example_skip_dag.py
[2025-06-12T14:24:43.490+0000] {processor.py:840} INFO - DAG(s) 'example_skip_dag' retrieved from /home/airflow/.local/lib/python3.12/site-packages/airflow/example_dags/example_skip_dag.py
[2025-06-12T14:24:43.508+0000] {logging_mixin.py:188} INFO - [2025-06-12T14:24:43.507+0000] {dag.py:3096} INFO - Sync 1 DAGs
[2025-06-12T14:24:43.529+0000] {logging_mixin.py:188} INFO - [2025-06-12T14:24:43.529+0000] {dag.py:3954} INFO - Setting next_dagrun for example_skip_dag to 2025-06-11 00:00:00+00:00, run_after=2025-06-12 00:00:00+00:00
[2025-06-12T14:24:43.544+0000] {processor.py:183} INFO - Processing /home/airflow/.local/lib/python3.12/site-packages/airflow/example_dags/example_skip_dag.py took 0.066 seconds
[2025-06-12T14:25:14.003+0000] {processor.py:161} INFO - Started process (PID=996) to work on /home/airflow/.local/lib/python3.12/site-packages/airflow/example_dags/example_skip_dag.py
[2025-06-12T14:25:14.004+0000] {processor.py:830} INFO - Processing file /home/airflow/.local/lib/python3.12/site-packages/airflow/example_dags/example_skip_dag.py for tasks to queue
[2025-06-12T14:25:14.007+0000] {logging_mixin.py:188} INFO - [2025-06-12T14:25:14.007+0000] {dagbag.py:540} INFO - Filling up the DagBag from /home/airflow/.local/lib/python3.12/site-packages/airflow/example_dags/example_skip_dag.py
[2025-06-12T14:25:14.017+0000] {processor.py:840} INFO - DAG(s) 'example_skip_dag' retrieved from /home/airflow/.local/lib/python3.12/site-packages/airflow/example_dags/example_skip_dag.py
[2025-06-12T14:25:14.056+0000] {logging_mixin.py:188} INFO - [2025-06-12T14:25:14.055+0000] {dag.py:3096} INFO - Sync 1 DAGs
[2025-06-12T14:25:14.081+0000] {logging_mixin.py:188} INFO - [2025-06-12T14:25:14.081+0000] {dag.py:3954} INFO - Setting next_dagrun for example_skip_dag to 2025-06-11 00:00:00+00:00, run_after=2025-06-12 00:00:00+00:00
[2025-06-12T14:25:14.255+0000] {processor.py:183} INFO - Processing /home/airflow/.local/lib/python3.12/site-packages/airflow/example_dags/example_skip_dag.py took 0.259 seconds
[2025-06-12T14:25:44.512+0000] {processor.py:161} INFO - Started process (PID=1070) to work on /home/airflow/.local/lib/python3.12/site-packages/airflow/example_dags/example_skip_dag.py
[2025-06-12T14:25:44.515+0000] {processor.py:830} INFO - Processing file /home/airflow/.local/lib/python3.12/site-packages/airflow/example_dags/example_skip_dag.py for tasks to queue
[2025-06-12T14:25:44.516+0000] {logging_mixin.py:188} INFO - [2025-06-12T14:25:44.516+0000] {dagbag.py:540} INFO - Filling up the DagBag from /home/airflow/.local/lib/python3.12/site-packages/airflow/example_dags/example_skip_dag.py
[2025-06-12T14:25:44.520+0000] {processor.py:840} INFO - DAG(s) 'example_skip_dag' retrieved from /home/airflow/.local/lib/python3.12/site-packages/airflow/example_dags/example_skip_dag.py
[2025-06-12T14:25:44.533+0000] {logging_mixin.py:188} INFO - [2025-06-12T14:25:44.533+0000] {dag.py:3096} INFO - Sync 1 DAGs
[2025-06-12T14:25:44.560+0000] {logging_mixin.py:188} INFO - [2025-06-12T14:25:44.560+0000] {dag.py:3954} INFO - Setting next_dagrun for example_skip_dag to 2025-06-11 00:00:00+00:00, run_after=2025-06-12 00:00:00+00:00
[2025-06-12T14:25:44.580+0000] {processor.py:183} INFO - Processing /home/airflow/.local/lib/python3.12/site-packages/airflow/example_dags/example_skip_dag.py took 0.071 seconds
[2025-06-12T14:26:15.533+0000] {processor.py:161} INFO - Started process (PID=1137) to work on /home/airflow/.local/lib/python3.12/site-packages/airflow/example_dags/example_skip_dag.py
[2025-06-12T14:26:15.534+0000] {processor.py:830} INFO - Processing file /home/airflow/.local/lib/python3.12/site-packages/airflow/example_dags/example_skip_dag.py for tasks to queue
[2025-06-12T14:26:15.535+0000] {logging_mixin.py:188} INFO - [2025-06-12T14:26:15.535+0000] {dagbag.py:540} INFO - Filling up the DagBag from /home/airflow/.local/lib/python3.12/site-packages/airflow/example_dags/example_skip_dag.py
[2025-06-12T14:26:15.538+0000] {processor.py:840} INFO - DAG(s) 'example_skip_dag' retrieved from /home/airflow/.local/lib/python3.12/site-packages/airflow/example_dags/example_skip_dag.py
[2025-06-12T14:26:15.548+0000] {logging_mixin.py:188} INFO - [2025-06-12T14:26:15.548+0000] {dag.py:3096} INFO - Sync 1 DAGs
[2025-06-12T14:26:15.557+0000] {logging_mixin.py:188} INFO - [2025-06-12T14:26:15.557+0000] {dag.py:3954} INFO - Setting next_dagrun for example_skip_dag to 2025-06-11 00:00:00+00:00, run_after=2025-06-12 00:00:00+00:00
[2025-06-12T14:26:15.564+0000] {processor.py:183} INFO - Processing /home/airflow/.local/lib/python3.12/site-packages/airflow/example_dags/example_skip_dag.py took 0.033 seconds
[2025-06-12T14:26:45.591+0000] {processor.py:161} INFO - Started process (PID=1211) to work on /home/airflow/.local/lib/python3.12/site-packages/airflow/example_dags/example_skip_dag.py
[2025-06-12T14:26:45.592+0000] {processor.py:830} INFO - Processing file /home/airflow/.local/lib/python3.12/site-packages/airflow/example_dags/example_skip_dag.py for tasks to queue
[2025-06-12T14:26:45.592+0000] {logging_mixin.py:188} INFO - [2025-06-12T14:26:45.592+0000] {dagbag.py:540} INFO - Filling up the DagBag from /home/airflow/.local/lib/python3.12/site-packages/airflow/example_dags/example_skip_dag.py
[2025-06-12T14:26:45.595+0000] {processor.py:840} INFO - DAG(s) 'example_skip_dag' retrieved from /home/airflow/.local/lib/python3.12/site-packages/airflow/example_dags/example_skip_dag.py
[2025-06-12T14:26:45.604+0000] {logging_mixin.py:188} INFO - [2025-06-12T14:26:45.604+0000] {dag.py:3096} INFO - Sync 1 DAGs
[2025-06-12T14:26:45.612+0000] {logging_mixin.py:188} INFO - [2025-06-12T14:26:45.612+0000] {dag.py:3954} INFO - Setting next_dagrun for example_skip_dag to 2025-06-11 00:00:00+00:00, run_after=2025-06-12 00:00:00+00:00
[2025-06-12T14:26:45.619+0000] {processor.py:183} INFO - Processing /home/airflow/.local/lib/python3.12/site-packages/airflow/example_dags/example_skip_dag.py took 0.030 seconds
[2025-06-12T14:27:15.800+0000] {processor.py:161} INFO - Started process (PID=1278) to work on /home/airflow/.local/lib/python3.12/site-packages/airflow/example_dags/example_skip_dag.py
[2025-06-12T14:27:15.801+0000] {processor.py:830} INFO - Processing file /home/airflow/.local/lib/python3.12/site-packages/airflow/example_dags/example_skip_dag.py for tasks to queue
[2025-06-12T14:27:15.802+0000] {logging_mixin.py:188} INFO - [2025-06-12T14:27:15.801+0000] {dagbag.py:540} INFO - Filling up the DagBag from /home/airflow/.local/lib/python3.12/site-packages/airflow/example_dags/example_skip_dag.py
[2025-06-12T14:27:15.804+0000] {processor.py:840} INFO - DAG(s) 'example_skip_dag' retrieved from /home/airflow/.local/lib/python3.12/site-packages/airflow/example_dags/example_skip_dag.py
[2025-06-12T14:27:15.813+0000] {logging_mixin.py:188} INFO - [2025-06-12T14:27:15.813+0000] {dag.py:3096} INFO - Sync 1 DAGs
[2025-06-12T14:27:15.821+0000] {logging_mixin.py:188} INFO - [2025-06-12T14:27:15.820+0000] {dag.py:3954} INFO - Setting next_dagrun for example_skip_dag to 2025-06-11 00:00:00+00:00, run_after=2025-06-12 00:00:00+00:00
[2025-06-12T14:27:15.827+0000] {processor.py:183} INFO - Processing /home/airflow/.local/lib/python3.12/site-packages/airflow/example_dags/example_skip_dag.py took 0.029 seconds
[2025-06-12T14:27:46.424+0000] {processor.py:161} INFO - Started process (PID=1352) to work on /home/airflow/.local/lib/python3.12/site-packages/airflow/example_dags/example_skip_dag.py
[2025-06-12T14:27:46.425+0000] {processor.py:830} INFO - Processing file /home/airflow/.local/lib/python3.12/site-packages/airflow/example_dags/example_skip_dag.py for tasks to queue
[2025-06-12T14:27:46.426+0000] {logging_mixin.py:188} INFO - [2025-06-12T14:27:46.426+0000] {dagbag.py:540} INFO - Filling up the DagBag from /home/airflow/.local/lib/python3.12/site-packages/airflow/example_dags/example_skip_dag.py
[2025-06-12T14:27:46.431+0000] {processor.py:840} INFO - DAG(s) 'example_skip_dag' retrieved from /home/airflow/.local/lib/python3.12/site-packages/airflow/example_dags/example_skip_dag.py
[2025-06-12T14:27:46.537+0000] {logging_mixin.py:188} INFO - [2025-06-12T14:27:46.537+0000] {dag.py:3096} INFO - Sync 1 DAGs
[2025-06-12T14:27:46.545+0000] {logging_mixin.py:188} INFO - [2025-06-12T14:27:46.545+0000] {dag.py:3954} INFO - Setting next_dagrun for example_skip_dag to 2025-06-11 00:00:00+00:00, run_after=2025-06-12 00:00:00+00:00
[2025-06-12T14:27:46.553+0000] {processor.py:183} INFO - Processing /home/airflow/.local/lib/python3.12/site-packages/airflow/example_dags/example_skip_dag.py took 0.133 seconds
[2025-06-12T14:35:52.993+0000] {processor.py:161} INFO - Started process (PID=70) to work on /home/airflow/.local/lib/python3.12/site-packages/airflow/example_dags/example_skip_dag.py
[2025-06-12T14:35:52.994+0000] {processor.py:830} INFO - Processing file /home/airflow/.local/lib/python3.12/site-packages/airflow/example_dags/example_skip_dag.py for tasks to queue
[2025-06-12T14:35:52.995+0000] {logging_mixin.py:188} INFO - [2025-06-12T14:35:52.995+0000] {dagbag.py:540} INFO - Filling up the DagBag from /home/airflow/.local/lib/python3.12/site-packages/airflow/example_dags/example_skip_dag.py
[2025-06-12T14:35:53.001+0000] {processor.py:840} INFO - DAG(s) 'example_skip_dag' retrieved from /home/airflow/.local/lib/python3.12/site-packages/airflow/example_dags/example_skip_dag.py
[2025-06-12T14:35:53.009+0000] {logging_mixin.py:188} INFO - [2025-06-12T14:35:53.009+0000] {dag.py:3096} INFO - Sync 1 DAGs
[2025-06-12T14:35:53.027+0000] {logging_mixin.py:188} INFO - [2025-06-12T14:35:53.027+0000] {dag.py:3954} INFO - Setting next_dagrun for example_skip_dag to 2025-06-11 00:00:00+00:00, run_after=2025-06-12 00:00:00+00:00
[2025-06-12T14:35:53.044+0000] {processor.py:183} INFO - Processing /home/airflow/.local/lib/python3.12/site-packages/airflow/example_dags/example_skip_dag.py took 0.054 seconds
[2025-06-12T14:36:23.060+0000] {processor.py:161} INFO - Started process (PID=137) to work on /home/airflow/.local/lib/python3.12/site-packages/airflow/example_dags/example_skip_dag.py
[2025-06-12T14:36:23.062+0000] {processor.py:830} INFO - Processing file /home/airflow/.local/lib/python3.12/site-packages/airflow/example_dags/example_skip_dag.py for tasks to queue
[2025-06-12T14:36:23.064+0000] {logging_mixin.py:188} INFO - [2025-06-12T14:36:23.064+0000] {dagbag.py:540} INFO - Filling up the DagBag from /home/airflow/.local/lib/python3.12/site-packages/airflow/example_dags/example_skip_dag.py
[2025-06-12T14:36:23.066+0000] {processor.py:840} INFO - DAG(s) 'example_skip_dag' retrieved from /home/airflow/.local/lib/python3.12/site-packages/airflow/example_dags/example_skip_dag.py
[2025-06-12T14:36:23.122+0000] {logging_mixin.py:188} INFO - [2025-06-12T14:36:23.122+0000] {dag.py:3096} INFO - Sync 1 DAGs
[2025-06-12T14:36:23.134+0000] {logging_mixin.py:188} INFO - [2025-06-12T14:36:23.134+0000] {dag.py:3954} INFO - Setting next_dagrun for example_skip_dag to 2025-06-11 00:00:00+00:00, run_after=2025-06-12 00:00:00+00:00
[2025-06-12T14:36:23.147+0000] {processor.py:183} INFO - Processing /home/airflow/.local/lib/python3.12/site-packages/airflow/example_dags/example_skip_dag.py took 0.090 seconds
[2025-06-12T14:36:53.265+0000] {processor.py:161} INFO - Started process (PID=210) to work on /home/airflow/.local/lib/python3.12/site-packages/airflow/example_dags/example_skip_dag.py
[2025-06-12T14:36:53.266+0000] {processor.py:830} INFO - Processing file /home/airflow/.local/lib/python3.12/site-packages/airflow/example_dags/example_skip_dag.py for tasks to queue
[2025-06-12T14:36:53.267+0000] {logging_mixin.py:188} INFO - [2025-06-12T14:36:53.266+0000] {dagbag.py:540} INFO - Filling up the DagBag from /home/airflow/.local/lib/python3.12/site-packages/airflow/example_dags/example_skip_dag.py
[2025-06-12T14:36:53.269+0000] {processor.py:840} INFO - DAG(s) 'example_skip_dag' retrieved from /home/airflow/.local/lib/python3.12/site-packages/airflow/example_dags/example_skip_dag.py
[2025-06-12T14:36:53.283+0000] {logging_mixin.py:188} INFO - [2025-06-12T14:36:53.283+0000] {dag.py:3096} INFO - Sync 1 DAGs
[2025-06-12T14:36:53.293+0000] {logging_mixin.py:188} INFO - [2025-06-12T14:36:53.293+0000] {dag.py:3954} INFO - Setting next_dagrun for example_skip_dag to 2025-06-11 00:00:00+00:00, run_after=2025-06-12 00:00:00+00:00
[2025-06-12T14:36:53.299+0000] {processor.py:183} INFO - Processing /home/airflow/.local/lib/python3.12/site-packages/airflow/example_dags/example_skip_dag.py took 0.036 seconds
[2025-06-12T14:37:24.802+0000] {processor.py:161} INFO - Started process (PID=284) to work on /home/airflow/.local/lib/python3.12/site-packages/airflow/example_dags/example_skip_dag.py
[2025-06-12T14:37:24.804+0000] {processor.py:830} INFO - Processing file /home/airflow/.local/lib/python3.12/site-packages/airflow/example_dags/example_skip_dag.py for tasks to queue
[2025-06-12T14:37:24.805+0000] {logging_mixin.py:188} INFO - [2025-06-12T14:37:24.805+0000] {dagbag.py:540} INFO - Filling up the DagBag from /home/airflow/.local/lib/python3.12/site-packages/airflow/example_dags/example_skip_dag.py
[2025-06-12T14:37:24.813+0000] {processor.py:840} INFO - DAG(s) 'example_skip_dag' retrieved from /home/airflow/.local/lib/python3.12/site-packages/airflow/example_dags/example_skip_dag.py
[2025-06-12T14:37:24.855+0000] {logging_mixin.py:188} INFO - [2025-06-12T14:37:24.854+0000] {dag.py:3096} INFO - Sync 1 DAGs
[2025-06-12T14:37:24.882+0000] {logging_mixin.py:188} INFO - [2025-06-12T14:37:24.881+0000] {dag.py:3954} INFO - Setting next_dagrun for example_skip_dag to 2025-06-11 00:00:00+00:00, run_after=2025-06-12 00:00:00+00:00
[2025-06-12T14:37:24.911+0000] {processor.py:183} INFO - Processing /home/airflow/.local/lib/python3.12/site-packages/airflow/example_dags/example_skip_dag.py took 0.114 seconds
[2025-06-12T14:37:55.128+0000] {processor.py:161} INFO - Started process (PID=351) to work on /home/airflow/.local/lib/python3.12/site-packages/airflow/example_dags/example_skip_dag.py
[2025-06-12T14:37:55.129+0000] {processor.py:830} INFO - Processing file /home/airflow/.local/lib/python3.12/site-packages/airflow/example_dags/example_skip_dag.py for tasks to queue
[2025-06-12T14:37:55.130+0000] {logging_mixin.py:188} INFO - [2025-06-12T14:37:55.130+0000] {dagbag.py:540} INFO - Filling up the DagBag from /home/airflow/.local/lib/python3.12/site-packages/airflow/example_dags/example_skip_dag.py
[2025-06-12T14:37:55.135+0000] {processor.py:840} INFO - DAG(s) 'example_skip_dag' retrieved from /home/airflow/.local/lib/python3.12/site-packages/airflow/example_dags/example_skip_dag.py
[2025-06-12T14:37:55.147+0000] {logging_mixin.py:188} INFO - [2025-06-12T14:37:55.147+0000] {dag.py:3096} INFO - Sync 1 DAGs
[2025-06-12T14:37:55.157+0000] {logging_mixin.py:188} INFO - [2025-06-12T14:37:55.157+0000] {dag.py:3954} INFO - Setting next_dagrun for example_skip_dag to 2025-06-11 00:00:00+00:00, run_after=2025-06-12 00:00:00+00:00
[2025-06-12T14:37:55.168+0000] {processor.py:183} INFO - Processing /home/airflow/.local/lib/python3.12/site-packages/airflow/example_dags/example_skip_dag.py took 0.044 seconds
[2025-06-12T14:38:25.851+0000] {processor.py:161} INFO - Started process (PID=426) to work on /home/airflow/.local/lib/python3.12/site-packages/airflow/example_dags/example_skip_dag.py
[2025-06-12T14:38:25.854+0000] {processor.py:830} INFO - Processing file /home/airflow/.local/lib/python3.12/site-packages/airflow/example_dags/example_skip_dag.py for tasks to queue
[2025-06-12T14:38:25.855+0000] {logging_mixin.py:188} INFO - [2025-06-12T14:38:25.855+0000] {dagbag.py:540} INFO - Filling up the DagBag from /home/airflow/.local/lib/python3.12/site-packages/airflow/example_dags/example_skip_dag.py
[2025-06-12T14:38:25.861+0000] {processor.py:840} INFO - DAG(s) 'example_skip_dag' retrieved from /home/airflow/.local/lib/python3.12/site-packages/airflow/example_dags/example_skip_dag.py
[2025-06-12T14:38:25.884+0000] {logging_mixin.py:188} INFO - [2025-06-12T14:38:25.884+0000] {dag.py:3096} INFO - Sync 1 DAGs
[2025-06-12T14:38:25.895+0000] {logging_mixin.py:188} INFO - [2025-06-12T14:38:25.895+0000] {dag.py:3954} INFO - Setting next_dagrun for example_skip_dag to 2025-06-11 00:00:00+00:00, run_after=2025-06-12 00:00:00+00:00
[2025-06-12T14:38:25.908+0000] {processor.py:183} INFO - Processing /home/airflow/.local/lib/python3.12/site-packages/airflow/example_dags/example_skip_dag.py took 0.061 seconds
[2025-06-12T14:38:56.889+0000] {processor.py:161} INFO - Started process (PID=493) to work on /home/airflow/.local/lib/python3.12/site-packages/airflow/example_dags/example_skip_dag.py
[2025-06-12T14:38:56.889+0000] {processor.py:830} INFO - Processing file /home/airflow/.local/lib/python3.12/site-packages/airflow/example_dags/example_skip_dag.py for tasks to queue
[2025-06-12T14:38:56.890+0000] {logging_mixin.py:188} INFO - [2025-06-12T14:38:56.890+0000] {dagbag.py:540} INFO - Filling up the DagBag from /home/airflow/.local/lib/python3.12/site-packages/airflow/example_dags/example_skip_dag.py
[2025-06-12T14:38:56.893+0000] {processor.py:840} INFO - DAG(s) 'example_skip_dag' retrieved from /home/airflow/.local/lib/python3.12/site-packages/airflow/example_dags/example_skip_dag.py
[2025-06-12T14:38:56.906+0000] {logging_mixin.py:188} INFO - [2025-06-12T14:38:56.906+0000] {dag.py:3096} INFO - Sync 1 DAGs
[2025-06-12T14:38:56.916+0000] {logging_mixin.py:188} INFO - [2025-06-12T14:38:56.916+0000] {dag.py:3954} INFO - Setting next_dagrun for example_skip_dag to 2025-06-11 00:00:00+00:00, run_after=2025-06-12 00:00:00+00:00
[2025-06-12T14:38:56.928+0000] {processor.py:183} INFO - Processing /home/airflow/.local/lib/python3.12/site-packages/airflow/example_dags/example_skip_dag.py took 0.042 seconds
[2025-06-12T14:39:27.335+0000] {processor.py:161} INFO - Started process (PID=567) to work on /home/airflow/.local/lib/python3.12/site-packages/airflow/example_dags/example_skip_dag.py
[2025-06-12T14:39:27.335+0000] {processor.py:830} INFO - Processing file /home/airflow/.local/lib/python3.12/site-packages/airflow/example_dags/example_skip_dag.py for tasks to queue
[2025-06-12T14:39:27.336+0000] {logging_mixin.py:188} INFO - [2025-06-12T14:39:27.336+0000] {dagbag.py:540} INFO - Filling up the DagBag from /home/airflow/.local/lib/python3.12/site-packages/airflow/example_dags/example_skip_dag.py
[2025-06-12T14:39:27.338+0000] {processor.py:840} INFO - DAG(s) 'example_skip_dag' retrieved from /home/airflow/.local/lib/python3.12/site-packages/airflow/example_dags/example_skip_dag.py
[2025-06-12T14:39:27.348+0000] {logging_mixin.py:188} INFO - [2025-06-12T14:39:27.348+0000] {dag.py:3096} INFO - Sync 1 DAGs
[2025-06-12T14:39:27.357+0000] {logging_mixin.py:188} INFO - [2025-06-12T14:39:27.357+0000] {dag.py:3954} INFO - Setting next_dagrun for example_skip_dag to 2025-06-11 00:00:00+00:00, run_after=2025-06-12 00:00:00+00:00
[2025-06-12T14:39:27.364+0000] {processor.py:183} INFO - Processing /home/airflow/.local/lib/python3.12/site-packages/airflow/example_dags/example_skip_dag.py took 0.032 seconds
[2025-06-12T14:46:32.470+0000] {processor.py:161} INFO - Started process (PID=72) to work on /home/airflow/.local/lib/python3.12/site-packages/airflow/example_dags/example_skip_dag.py
[2025-06-12T14:46:32.473+0000] {processor.py:830} INFO - Processing file /home/airflow/.local/lib/python3.12/site-packages/airflow/example_dags/example_skip_dag.py for tasks to queue
[2025-06-12T14:46:32.475+0000] {logging_mixin.py:188} INFO - [2025-06-12T14:46:32.475+0000] {dagbag.py:540} INFO - Filling up the DagBag from /home/airflow/.local/lib/python3.12/site-packages/airflow/example_dags/example_skip_dag.py
[2025-06-12T14:46:32.484+0000] {processor.py:840} INFO - DAG(s) 'example_skip_dag' retrieved from /home/airflow/.local/lib/python3.12/site-packages/airflow/example_dags/example_skip_dag.py
[2025-06-12T14:46:32.503+0000] {logging_mixin.py:188} INFO - [2025-06-12T14:46:32.503+0000] {dag.py:3096} INFO - Sync 1 DAGs
[2025-06-12T14:46:32.529+0000] {logging_mixin.py:188} INFO - [2025-06-12T14:46:32.528+0000] {dag.py:3954} INFO - Setting next_dagrun for example_skip_dag to 2025-06-11 00:00:00+00:00, run_after=2025-06-12 00:00:00+00:00
[2025-06-12T14:46:32.558+0000] {processor.py:183} INFO - Processing /home/airflow/.local/lib/python3.12/site-packages/airflow/example_dags/example_skip_dag.py took 0.096 seconds
[2025-06-12T14:47:02.711+0000] {processor.py:161} INFO - Started process (PID=139) to work on /home/airflow/.local/lib/python3.12/site-packages/airflow/example_dags/example_skip_dag.py
[2025-06-12T14:47:02.711+0000] {processor.py:830} INFO - Processing file /home/airflow/.local/lib/python3.12/site-packages/airflow/example_dags/example_skip_dag.py for tasks to queue
[2025-06-12T14:47:02.712+0000] {logging_mixin.py:188} INFO - [2025-06-12T14:47:02.712+0000] {dagbag.py:540} INFO - Filling up the DagBag from /home/airflow/.local/lib/python3.12/site-packages/airflow/example_dags/example_skip_dag.py
[2025-06-12T14:47:02.715+0000] {processor.py:840} INFO - DAG(s) 'example_skip_dag' retrieved from /home/airflow/.local/lib/python3.12/site-packages/airflow/example_dags/example_skip_dag.py
[2025-06-12T14:47:02.755+0000] {logging_mixin.py:188} INFO - [2025-06-12T14:47:02.755+0000] {dag.py:3096} INFO - Sync 1 DAGs
[2025-06-12T14:47:02.763+0000] {logging_mixin.py:188} INFO - [2025-06-12T14:47:02.763+0000] {dag.py:3954} INFO - Setting next_dagrun for example_skip_dag to 2025-06-11 00:00:00+00:00, run_after=2025-06-12 00:00:00+00:00
[2025-06-12T14:47:02.769+0000] {processor.py:183} INFO - Processing /home/airflow/.local/lib/python3.12/site-packages/airflow/example_dags/example_skip_dag.py took 0.061 seconds
[2025-06-12T14:47:33.285+0000] {processor.py:161} INFO - Started process (PID=212) to work on /home/airflow/.local/lib/python3.12/site-packages/airflow/example_dags/example_skip_dag.py
[2025-06-12T14:47:33.288+0000] {processor.py:830} INFO - Processing file /home/airflow/.local/lib/python3.12/site-packages/airflow/example_dags/example_skip_dag.py for tasks to queue
[2025-06-12T14:47:33.290+0000] {logging_mixin.py:188} INFO - [2025-06-12T14:47:33.289+0000] {dagbag.py:540} INFO - Filling up the DagBag from /home/airflow/.local/lib/python3.12/site-packages/airflow/example_dags/example_skip_dag.py
[2025-06-12T14:47:33.296+0000] {processor.py:840} INFO - DAG(s) 'example_skip_dag' retrieved from /home/airflow/.local/lib/python3.12/site-packages/airflow/example_dags/example_skip_dag.py
[2025-06-12T14:47:33.314+0000] {logging_mixin.py:188} INFO - [2025-06-12T14:47:33.314+0000] {dag.py:3096} INFO - Sync 1 DAGs
[2025-06-12T14:47:33.326+0000] {logging_mixin.py:188} INFO - [2025-06-12T14:47:33.325+0000] {dag.py:3954} INFO - Setting next_dagrun for example_skip_dag to 2025-06-11 00:00:00+00:00, run_after=2025-06-12 00:00:00+00:00
[2025-06-12T14:47:33.334+0000] {processor.py:183} INFO - Processing /home/airflow/.local/lib/python3.12/site-packages/airflow/example_dags/example_skip_dag.py took 0.058 seconds
[2025-06-12T14:48:03.366+0000] {processor.py:161} INFO - Started process (PID=279) to work on /home/airflow/.local/lib/python3.12/site-packages/airflow/example_dags/example_skip_dag.py
[2025-06-12T14:48:03.368+0000] {processor.py:830} INFO - Processing file /home/airflow/.local/lib/python3.12/site-packages/airflow/example_dags/example_skip_dag.py for tasks to queue
[2025-06-12T14:48:03.371+0000] {logging_mixin.py:188} INFO - [2025-06-12T14:48:03.371+0000] {dagbag.py:540} INFO - Filling up the DagBag from /home/airflow/.local/lib/python3.12/site-packages/airflow/example_dags/example_skip_dag.py
[2025-06-12T14:48:03.376+0000] {processor.py:840} INFO - DAG(s) 'example_skip_dag' retrieved from /home/airflow/.local/lib/python3.12/site-packages/airflow/example_dags/example_skip_dag.py
[2025-06-12T14:48:03.394+0000] {logging_mixin.py:188} INFO - [2025-06-12T14:48:03.394+0000] {dag.py:3096} INFO - Sync 1 DAGs
[2025-06-12T14:48:03.407+0000] {logging_mixin.py:188} INFO - [2025-06-12T14:48:03.407+0000] {dag.py:3954} INFO - Setting next_dagrun for example_skip_dag to 2025-06-11 00:00:00+00:00, run_after=2025-06-12 00:00:00+00:00
[2025-06-12T14:48:03.422+0000] {processor.py:183} INFO - Processing /home/airflow/.local/lib/python3.12/site-packages/airflow/example_dags/example_skip_dag.py took 0.060 seconds
[2025-06-12T15:07:51.387+0000] {processor.py:161} INFO - Started process (PID=72) to work on /home/airflow/.local/lib/python3.12/site-packages/airflow/example_dags/example_skip_dag.py
[2025-06-12T15:07:51.389+0000] {processor.py:830} INFO - Processing file /home/airflow/.local/lib/python3.12/site-packages/airflow/example_dags/example_skip_dag.py for tasks to queue
[2025-06-12T15:07:51.396+0000] {logging_mixin.py:188} INFO - [2025-06-12T15:07:51.395+0000] {dagbag.py:540} INFO - Filling up the DagBag from /home/airflow/.local/lib/python3.12/site-packages/airflow/example_dags/example_skip_dag.py
[2025-06-12T15:07:51.434+0000] {processor.py:840} INFO - DAG(s) 'example_skip_dag' retrieved from /home/airflow/.local/lib/python3.12/site-packages/airflow/example_dags/example_skip_dag.py
[2025-06-12T15:07:51.514+0000] {logging_mixin.py:188} INFO - [2025-06-12T15:07:51.514+0000] {dag.py:3096} INFO - Sync 1 DAGs
[2025-06-12T15:07:51.554+0000] {logging_mixin.py:188} INFO - [2025-06-12T15:07:51.554+0000] {dag.py:3954} INFO - Setting next_dagrun for example_skip_dag to 2025-06-11 00:00:00+00:00, run_after=2025-06-12 00:00:00+00:00
[2025-06-12T15:07:51.580+0000] {processor.py:183} INFO - Processing /home/airflow/.local/lib/python3.12/site-packages/airflow/example_dags/example_skip_dag.py took 0.208 seconds
[2025-06-12T15:08:22.030+0000] {processor.py:161} INFO - Started process (PID=139) to work on /home/airflow/.local/lib/python3.12/site-packages/airflow/example_dags/example_skip_dag.py
[2025-06-12T15:08:22.031+0000] {processor.py:830} INFO - Processing file /home/airflow/.local/lib/python3.12/site-packages/airflow/example_dags/example_skip_dag.py for tasks to queue
[2025-06-12T15:08:22.033+0000] {logging_mixin.py:188} INFO - [2025-06-12T15:08:22.033+0000] {dagbag.py:540} INFO - Filling up the DagBag from /home/airflow/.local/lib/python3.12/site-packages/airflow/example_dags/example_skip_dag.py
[2025-06-12T15:08:22.037+0000] {processor.py:840} INFO - DAG(s) 'example_skip_dag' retrieved from /home/airflow/.local/lib/python3.12/site-packages/airflow/example_dags/example_skip_dag.py
[2025-06-12T15:08:22.093+0000] {logging_mixin.py:188} INFO - [2025-06-12T15:08:22.093+0000] {dag.py:3096} INFO - Sync 1 DAGs
[2025-06-12T15:08:22.101+0000] {logging_mixin.py:188} INFO - [2025-06-12T15:08:22.101+0000] {dag.py:3954} INFO - Setting next_dagrun for example_skip_dag to 2025-06-11 00:00:00+00:00, run_after=2025-06-12 00:00:00+00:00
[2025-06-12T15:08:22.113+0000] {processor.py:183} INFO - Processing /home/airflow/.local/lib/python3.12/site-packages/airflow/example_dags/example_skip_dag.py took 0.085 seconds
[2025-06-12T15:08:53.001+0000] {processor.py:161} INFO - Started process (PID=213) to work on /home/airflow/.local/lib/python3.12/site-packages/airflow/example_dags/example_skip_dag.py
[2025-06-12T15:08:53.002+0000] {processor.py:830} INFO - Processing file /home/airflow/.local/lib/python3.12/site-packages/airflow/example_dags/example_skip_dag.py for tasks to queue
[2025-06-12T15:08:53.002+0000] {logging_mixin.py:188} INFO - [2025-06-12T15:08:53.002+0000] {dagbag.py:540} INFO - Filling up the DagBag from /home/airflow/.local/lib/python3.12/site-packages/airflow/example_dags/example_skip_dag.py
[2025-06-12T15:08:53.005+0000] {processor.py:840} INFO - DAG(s) 'example_skip_dag' retrieved from /home/airflow/.local/lib/python3.12/site-packages/airflow/example_dags/example_skip_dag.py
[2025-06-12T15:08:53.015+0000] {logging_mixin.py:188} INFO - [2025-06-12T15:08:53.015+0000] {dag.py:3096} INFO - Sync 1 DAGs
[2025-06-12T15:08:53.025+0000] {logging_mixin.py:188} INFO - [2025-06-12T15:08:53.025+0000] {dag.py:3954} INFO - Setting next_dagrun for example_skip_dag to 2025-06-11 00:00:00+00:00, run_after=2025-06-12 00:00:00+00:00
[2025-06-12T15:08:53.035+0000] {processor.py:183} INFO - Processing /home/airflow/.local/lib/python3.12/site-packages/airflow/example_dags/example_skip_dag.py took 0.037 seconds
[2025-06-12T15:09:23.266+0000] {processor.py:161} INFO - Started process (PID=280) to work on /home/airflow/.local/lib/python3.12/site-packages/airflow/example_dags/example_skip_dag.py
[2025-06-12T15:09:23.266+0000] {processor.py:830} INFO - Processing file /home/airflow/.local/lib/python3.12/site-packages/airflow/example_dags/example_skip_dag.py for tasks to queue
[2025-06-12T15:09:23.267+0000] {logging_mixin.py:188} INFO - [2025-06-12T15:09:23.267+0000] {dagbag.py:540} INFO - Filling up the DagBag from /home/airflow/.local/lib/python3.12/site-packages/airflow/example_dags/example_skip_dag.py
[2025-06-12T15:09:23.270+0000] {processor.py:840} INFO - DAG(s) 'example_skip_dag' retrieved from /home/airflow/.local/lib/python3.12/site-packages/airflow/example_dags/example_skip_dag.py
[2025-06-12T15:09:23.280+0000] {logging_mixin.py:188} INFO - [2025-06-12T15:09:23.280+0000] {dag.py:3096} INFO - Sync 1 DAGs
[2025-06-12T15:09:23.289+0000] {logging_mixin.py:188} INFO - [2025-06-12T15:09:23.289+0000] {dag.py:3954} INFO - Setting next_dagrun for example_skip_dag to 2025-06-11 00:00:00+00:00, run_after=2025-06-12 00:00:00+00:00
[2025-06-12T15:09:23.298+0000] {processor.py:183} INFO - Processing /home/airflow/.local/lib/python3.12/site-packages/airflow/example_dags/example_skip_dag.py took 0.036 seconds
[2025-06-12T15:09:53.778+0000] {processor.py:161} INFO - Started process (PID=354) to work on /home/airflow/.local/lib/python3.12/site-packages/airflow/example_dags/example_skip_dag.py
[2025-06-12T15:09:53.779+0000] {processor.py:830} INFO - Processing file /home/airflow/.local/lib/python3.12/site-packages/airflow/example_dags/example_skip_dag.py for tasks to queue
[2025-06-12T15:09:53.780+0000] {logging_mixin.py:188} INFO - [2025-06-12T15:09:53.780+0000] {dagbag.py:540} INFO - Filling up the DagBag from /home/airflow/.local/lib/python3.12/site-packages/airflow/example_dags/example_skip_dag.py
[2025-06-12T15:09:53.782+0000] {processor.py:840} INFO - DAG(s) 'example_skip_dag' retrieved from /home/airflow/.local/lib/python3.12/site-packages/airflow/example_dags/example_skip_dag.py
[2025-06-12T15:09:53.796+0000] {logging_mixin.py:188} INFO - [2025-06-12T15:09:53.796+0000] {dag.py:3096} INFO - Sync 1 DAGs
[2025-06-12T15:09:53.805+0000] {logging_mixin.py:188} INFO - [2025-06-12T15:09:53.805+0000] {dag.py:3954} INFO - Setting next_dagrun for example_skip_dag to 2025-06-11 00:00:00+00:00, run_after=2025-06-12 00:00:00+00:00
[2025-06-12T15:09:53.816+0000] {processor.py:183} INFO - Processing /home/airflow/.local/lib/python3.12/site-packages/airflow/example_dags/example_skip_dag.py took 0.041 seconds
[2025-06-12T15:10:23.990+0000] {processor.py:161} INFO - Started process (PID=428) to work on /home/airflow/.local/lib/python3.12/site-packages/airflow/example_dags/example_skip_dag.py
[2025-06-12T15:10:23.991+0000] {processor.py:830} INFO - Processing file /home/airflow/.local/lib/python3.12/site-packages/airflow/example_dags/example_skip_dag.py for tasks to queue
[2025-06-12T15:10:23.992+0000] {logging_mixin.py:188} INFO - [2025-06-12T15:10:23.992+0000] {dagbag.py:540} INFO - Filling up the DagBag from /home/airflow/.local/lib/python3.12/site-packages/airflow/example_dags/example_skip_dag.py
[2025-06-12T15:10:23.995+0000] {processor.py:840} INFO - DAG(s) 'example_skip_dag' retrieved from /home/airflow/.local/lib/python3.12/site-packages/airflow/example_dags/example_skip_dag.py
[2025-06-12T15:10:24.011+0000] {logging_mixin.py:188} INFO - [2025-06-12T15:10:24.011+0000] {dag.py:3096} INFO - Sync 1 DAGs
[2025-06-12T15:10:24.028+0000] {logging_mixin.py:188} INFO - [2025-06-12T15:10:24.027+0000] {dag.py:3954} INFO - Setting next_dagrun for example_skip_dag to 2025-06-11 00:00:00+00:00, run_after=2025-06-12 00:00:00+00:00
[2025-06-12T15:10:24.043+0000] {processor.py:183} INFO - Processing /home/airflow/.local/lib/python3.12/site-packages/airflow/example_dags/example_skip_dag.py took 0.057 seconds
[2025-06-12T15:10:54.077+0000] {processor.py:161} INFO - Started process (PID=495) to work on /home/airflow/.local/lib/python3.12/site-packages/airflow/example_dags/example_skip_dag.py
[2025-06-12T15:10:54.078+0000] {processor.py:830} INFO - Processing file /home/airflow/.local/lib/python3.12/site-packages/airflow/example_dags/example_skip_dag.py for tasks to queue
[2025-06-12T15:10:54.078+0000] {logging_mixin.py:188} INFO - [2025-06-12T15:10:54.078+0000] {dagbag.py:540} INFO - Filling up the DagBag from /home/airflow/.local/lib/python3.12/site-packages/airflow/example_dags/example_skip_dag.py
[2025-06-12T15:10:54.081+0000] {processor.py:840} INFO - DAG(s) 'example_skip_dag' retrieved from /home/airflow/.local/lib/python3.12/site-packages/airflow/example_dags/example_skip_dag.py
[2025-06-12T15:10:54.090+0000] {logging_mixin.py:188} INFO - [2025-06-12T15:10:54.090+0000] {dag.py:3096} INFO - Sync 1 DAGs
[2025-06-12T15:10:54.098+0000] {logging_mixin.py:188} INFO - [2025-06-12T15:10:54.098+0000] {dag.py:3954} INFO - Setting next_dagrun for example_skip_dag to 2025-06-11 00:00:00+00:00, run_after=2025-06-12 00:00:00+00:00
[2025-06-12T15:10:54.105+0000] {processor.py:183} INFO - Processing /home/airflow/.local/lib/python3.12/site-packages/airflow/example_dags/example_skip_dag.py took 0.030 seconds
[2025-06-12T15:11:24.526+0000] {processor.py:161} INFO - Started process (PID=568) to work on /home/airflow/.local/lib/python3.12/site-packages/airflow/example_dags/example_skip_dag.py
[2025-06-12T15:11:24.526+0000] {processor.py:830} INFO - Processing file /home/airflow/.local/lib/python3.12/site-packages/airflow/example_dags/example_skip_dag.py for tasks to queue
[2025-06-12T15:11:24.527+0000] {logging_mixin.py:188} INFO - [2025-06-12T15:11:24.527+0000] {dagbag.py:540} INFO - Filling up the DagBag from /home/airflow/.local/lib/python3.12/site-packages/airflow/example_dags/example_skip_dag.py
[2025-06-12T15:11:24.530+0000] {processor.py:840} INFO - DAG(s) 'example_skip_dag' retrieved from /home/airflow/.local/lib/python3.12/site-packages/airflow/example_dags/example_skip_dag.py
[2025-06-12T15:11:24.540+0000] {logging_mixin.py:188} INFO - [2025-06-12T15:11:24.540+0000] {dag.py:3096} INFO - Sync 1 DAGs
[2025-06-12T15:11:24.549+0000] {logging_mixin.py:188} INFO - [2025-06-12T15:11:24.549+0000] {dag.py:3954} INFO - Setting next_dagrun for example_skip_dag to 2025-06-11 00:00:00+00:00, run_after=2025-06-12 00:00:00+00:00
[2025-06-12T15:11:24.556+0000] {processor.py:183} INFO - Processing /home/airflow/.local/lib/python3.12/site-packages/airflow/example_dags/example_skip_dag.py took 0.032 seconds
[2025-06-12T15:11:54.643+0000] {processor.py:161} INFO - Started process (PID=634) to work on /home/airflow/.local/lib/python3.12/site-packages/airflow/example_dags/example_skip_dag.py
[2025-06-12T15:11:54.643+0000] {processor.py:830} INFO - Processing file /home/airflow/.local/lib/python3.12/site-packages/airflow/example_dags/example_skip_dag.py for tasks to queue
[2025-06-12T15:11:54.644+0000] {logging_mixin.py:188} INFO - [2025-06-12T15:11:54.644+0000] {dagbag.py:540} INFO - Filling up the DagBag from /home/airflow/.local/lib/python3.12/site-packages/airflow/example_dags/example_skip_dag.py
[2025-06-12T15:11:54.647+0000] {processor.py:840} INFO - DAG(s) 'example_skip_dag' retrieved from /home/airflow/.local/lib/python3.12/site-packages/airflow/example_dags/example_skip_dag.py
[2025-06-12T15:11:54.665+0000] {logging_mixin.py:188} INFO - [2025-06-12T15:11:54.665+0000] {dag.py:3096} INFO - Sync 1 DAGs
[2025-06-12T15:11:54.674+0000] {logging_mixin.py:188} INFO - [2025-06-12T15:11:54.674+0000] {dag.py:3954} INFO - Setting next_dagrun for example_skip_dag to 2025-06-11 00:00:00+00:00, run_after=2025-06-12 00:00:00+00:00
[2025-06-12T15:11:54.684+0000] {processor.py:183} INFO - Processing /home/airflow/.local/lib/python3.12/site-packages/airflow/example_dags/example_skip_dag.py took 0.045 seconds
[2025-06-12T15:12:24.853+0000] {processor.py:161} INFO - Started process (PID=707) to work on /home/airflow/.local/lib/python3.12/site-packages/airflow/example_dags/example_skip_dag.py
[2025-06-12T15:12:24.854+0000] {processor.py:830} INFO - Processing file /home/airflow/.local/lib/python3.12/site-packages/airflow/example_dags/example_skip_dag.py for tasks to queue
[2025-06-12T15:12:24.855+0000] {logging_mixin.py:188} INFO - [2025-06-12T15:12:24.854+0000] {dagbag.py:540} INFO - Filling up the DagBag from /home/airflow/.local/lib/python3.12/site-packages/airflow/example_dags/example_skip_dag.py
[2025-06-12T15:12:24.857+0000] {processor.py:840} INFO - DAG(s) 'example_skip_dag' retrieved from /home/airflow/.local/lib/python3.12/site-packages/airflow/example_dags/example_skip_dag.py
[2025-06-12T15:12:24.866+0000] {logging_mixin.py:188} INFO - [2025-06-12T15:12:24.866+0000] {dag.py:3096} INFO - Sync 1 DAGs
[2025-06-12T15:12:24.877+0000] {logging_mixin.py:188} INFO - [2025-06-12T15:12:24.877+0000] {dag.py:3954} INFO - Setting next_dagrun for example_skip_dag to 2025-06-11 00:00:00+00:00, run_after=2025-06-12 00:00:00+00:00
[2025-06-12T15:12:24.885+0000] {processor.py:183} INFO - Processing /home/airflow/.local/lib/python3.12/site-packages/airflow/example_dags/example_skip_dag.py took 0.034 seconds
[2025-06-12T15:12:55.126+0000] {processor.py:161} INFO - Started process (PID=781) to work on /home/airflow/.local/lib/python3.12/site-packages/airflow/example_dags/example_skip_dag.py
[2025-06-12T15:12:55.127+0000] {processor.py:830} INFO - Processing file /home/airflow/.local/lib/python3.12/site-packages/airflow/example_dags/example_skip_dag.py for tasks to queue
[2025-06-12T15:12:55.130+0000] {logging_mixin.py:188} INFO - [2025-06-12T15:12:55.129+0000] {dagbag.py:540} INFO - Filling up the DagBag from /home/airflow/.local/lib/python3.12/site-packages/airflow/example_dags/example_skip_dag.py
[2025-06-12T15:12:55.134+0000] {processor.py:840} INFO - DAG(s) 'example_skip_dag' retrieved from /home/airflow/.local/lib/python3.12/site-packages/airflow/example_dags/example_skip_dag.py
[2025-06-12T15:12:55.144+0000] {logging_mixin.py:188} INFO - [2025-06-12T15:12:55.143+0000] {dag.py:3096} INFO - Sync 1 DAGs
[2025-06-12T15:12:55.152+0000] {logging_mixin.py:188} INFO - [2025-06-12T15:12:55.152+0000] {dag.py:3954} INFO - Setting next_dagrun for example_skip_dag to 2025-06-11 00:00:00+00:00, run_after=2025-06-12 00:00:00+00:00
[2025-06-12T15:12:55.158+0000] {processor.py:183} INFO - Processing /home/airflow/.local/lib/python3.12/site-packages/airflow/example_dags/example_skip_dag.py took 0.039 seconds
[2025-06-12T15:13:25.934+0000] {processor.py:161} INFO - Started process (PID=848) to work on /home/airflow/.local/lib/python3.12/site-packages/airflow/example_dags/example_skip_dag.py
[2025-06-12T15:13:25.935+0000] {processor.py:830} INFO - Processing file /home/airflow/.local/lib/python3.12/site-packages/airflow/example_dags/example_skip_dag.py for tasks to queue
[2025-06-12T15:13:25.937+0000] {logging_mixin.py:188} INFO - [2025-06-12T15:13:25.936+0000] {dagbag.py:540} INFO - Filling up the DagBag from /home/airflow/.local/lib/python3.12/site-packages/airflow/example_dags/example_skip_dag.py
[2025-06-12T15:13:25.941+0000] {processor.py:840} INFO - DAG(s) 'example_skip_dag' retrieved from /home/airflow/.local/lib/python3.12/site-packages/airflow/example_dags/example_skip_dag.py
[2025-06-12T15:13:25.953+0000] {logging_mixin.py:188} INFO - [2025-06-12T15:13:25.952+0000] {dag.py:3096} INFO - Sync 1 DAGs
[2025-06-12T15:13:25.964+0000] {logging_mixin.py:188} INFO - [2025-06-12T15:13:25.964+0000] {dag.py:3954} INFO - Setting next_dagrun for example_skip_dag to 2025-06-11 00:00:00+00:00, run_after=2025-06-12 00:00:00+00:00
[2025-06-12T15:13:25.971+0000] {processor.py:183} INFO - Processing /home/airflow/.local/lib/python3.12/site-packages/airflow/example_dags/example_skip_dag.py took 0.040 seconds
[2025-06-12T15:13:56.262+0000] {processor.py:161} INFO - Started process (PID=922) to work on /home/airflow/.local/lib/python3.12/site-packages/airflow/example_dags/example_skip_dag.py
[2025-06-12T15:13:56.263+0000] {processor.py:830} INFO - Processing file /home/airflow/.local/lib/python3.12/site-packages/airflow/example_dags/example_skip_dag.py for tasks to queue
[2025-06-12T15:13:56.264+0000] {logging_mixin.py:188} INFO - [2025-06-12T15:13:56.264+0000] {dagbag.py:540} INFO - Filling up the DagBag from /home/airflow/.local/lib/python3.12/site-packages/airflow/example_dags/example_skip_dag.py
[2025-06-12T15:13:56.267+0000] {processor.py:840} INFO - DAG(s) 'example_skip_dag' retrieved from /home/airflow/.local/lib/python3.12/site-packages/airflow/example_dags/example_skip_dag.py
[2025-06-12T15:13:56.281+0000] {logging_mixin.py:188} INFO - [2025-06-12T15:13:56.280+0000] {dag.py:3096} INFO - Sync 1 DAGs
[2025-06-12T15:13:56.289+0000] {logging_mixin.py:188} INFO - [2025-06-12T15:13:56.289+0000] {dag.py:3954} INFO - Setting next_dagrun for example_skip_dag to 2025-06-11 00:00:00+00:00, run_after=2025-06-12 00:00:00+00:00
[2025-06-12T15:13:56.299+0000] {processor.py:183} INFO - Processing /home/airflow/.local/lib/python3.12/site-packages/airflow/example_dags/example_skip_dag.py took 0.039 seconds
[2025-06-12T15:14:26.816+0000] {processor.py:161} INFO - Started process (PID=997) to work on /home/airflow/.local/lib/python3.12/site-packages/airflow/example_dags/example_skip_dag.py
[2025-06-12T15:14:26.816+0000] {processor.py:830} INFO - Processing file /home/airflow/.local/lib/python3.12/site-packages/airflow/example_dags/example_skip_dag.py for tasks to queue
[2025-06-12T15:14:26.817+0000] {logging_mixin.py:188} INFO - [2025-06-12T15:14:26.817+0000] {dagbag.py:540} INFO - Filling up the DagBag from /home/airflow/.local/lib/python3.12/site-packages/airflow/example_dags/example_skip_dag.py
[2025-06-12T15:14:26.820+0000] {processor.py:840} INFO - DAG(s) 'example_skip_dag' retrieved from /home/airflow/.local/lib/python3.12/site-packages/airflow/example_dags/example_skip_dag.py
[2025-06-12T15:14:26.834+0000] {logging_mixin.py:188} INFO - [2025-06-12T15:14:26.833+0000] {dag.py:3096} INFO - Sync 1 DAGs
[2025-06-12T15:14:26.844+0000] {logging_mixin.py:188} INFO - [2025-06-12T15:14:26.844+0000] {dag.py:3954} INFO - Setting next_dagrun for example_skip_dag to 2025-06-11 00:00:00+00:00, run_after=2025-06-12 00:00:00+00:00
[2025-06-12T15:14:26.853+0000] {processor.py:183} INFO - Processing /home/airflow/.local/lib/python3.12/site-packages/airflow/example_dags/example_skip_dag.py took 0.040 seconds
[2025-06-12T15:14:57.286+0000] {processor.py:161} INFO - Started process (PID=1064) to work on /home/airflow/.local/lib/python3.12/site-packages/airflow/example_dags/example_skip_dag.py
[2025-06-12T15:14:57.287+0000] {processor.py:830} INFO - Processing file /home/airflow/.local/lib/python3.12/site-packages/airflow/example_dags/example_skip_dag.py for tasks to queue
[2025-06-12T15:14:57.288+0000] {logging_mixin.py:188} INFO - [2025-06-12T15:14:57.288+0000] {dagbag.py:540} INFO - Filling up the DagBag from /home/airflow/.local/lib/python3.12/site-packages/airflow/example_dags/example_skip_dag.py
[2025-06-12T15:14:57.291+0000] {processor.py:840} INFO - DAG(s) 'example_skip_dag' retrieved from /home/airflow/.local/lib/python3.12/site-packages/airflow/example_dags/example_skip_dag.py
[2025-06-12T15:14:57.303+0000] {logging_mixin.py:188} INFO - [2025-06-12T15:14:57.303+0000] {dag.py:3096} INFO - Sync 1 DAGs
[2025-06-12T15:14:57.312+0000] {logging_mixin.py:188} INFO - [2025-06-12T15:14:57.312+0000] {dag.py:3954} INFO - Setting next_dagrun for example_skip_dag to 2025-06-11 00:00:00+00:00, run_after=2025-06-12 00:00:00+00:00
[2025-06-12T15:14:57.322+0000] {processor.py:183} INFO - Processing /home/airflow/.local/lib/python3.12/site-packages/airflow/example_dags/example_skip_dag.py took 0.038 seconds
[2025-06-12T15:15:27.737+0000] {processor.py:161} INFO - Started process (PID=1138) to work on /home/airflow/.local/lib/python3.12/site-packages/airflow/example_dags/example_skip_dag.py
[2025-06-12T15:15:27.738+0000] {processor.py:830} INFO - Processing file /home/airflow/.local/lib/python3.12/site-packages/airflow/example_dags/example_skip_dag.py for tasks to queue
[2025-06-12T15:15:27.739+0000] {logging_mixin.py:188} INFO - [2025-06-12T15:15:27.739+0000] {dagbag.py:540} INFO - Filling up the DagBag from /home/airflow/.local/lib/python3.12/site-packages/airflow/example_dags/example_skip_dag.py
[2025-06-12T15:15:27.742+0000] {processor.py:840} INFO - DAG(s) 'example_skip_dag' retrieved from /home/airflow/.local/lib/python3.12/site-packages/airflow/example_dags/example_skip_dag.py
[2025-06-12T15:15:27.754+0000] {logging_mixin.py:188} INFO - [2025-06-12T15:15:27.753+0000] {dag.py:3096} INFO - Sync 1 DAGs
[2025-06-12T15:15:27.762+0000] {logging_mixin.py:188} INFO - [2025-06-12T15:15:27.762+0000] {dag.py:3954} INFO - Setting next_dagrun for example_skip_dag to 2025-06-11 00:00:00+00:00, run_after=2025-06-12 00:00:00+00:00
[2025-06-12T15:15:27.838+0000] {processor.py:183} INFO - Processing /home/airflow/.local/lib/python3.12/site-packages/airflow/example_dags/example_skip_dag.py took 0.106 seconds
[2025-06-12T15:15:58.080+0000] {processor.py:161} INFO - Started process (PID=1205) to work on /home/airflow/.local/lib/python3.12/site-packages/airflow/example_dags/example_skip_dag.py
[2025-06-12T15:15:58.082+0000] {processor.py:830} INFO - Processing file /home/airflow/.local/lib/python3.12/site-packages/airflow/example_dags/example_skip_dag.py for tasks to queue
[2025-06-12T15:15:58.083+0000] {logging_mixin.py:188} INFO - [2025-06-12T15:15:58.083+0000] {dagbag.py:540} INFO - Filling up the DagBag from /home/airflow/.local/lib/python3.12/site-packages/airflow/example_dags/example_skip_dag.py
[2025-06-12T15:15:58.088+0000] {processor.py:840} INFO - DAG(s) 'example_skip_dag' retrieved from /home/airflow/.local/lib/python3.12/site-packages/airflow/example_dags/example_skip_dag.py
[2025-06-12T15:15:58.102+0000] {logging_mixin.py:188} INFO - [2025-06-12T15:15:58.101+0000] {dag.py:3096} INFO - Sync 1 DAGs
[2025-06-12T15:15:58.117+0000] {logging_mixin.py:188} INFO - [2025-06-12T15:15:58.117+0000] {dag.py:3954} INFO - Setting next_dagrun for example_skip_dag to 2025-06-11 00:00:00+00:00, run_after=2025-06-12 00:00:00+00:00
[2025-06-12T15:15:58.130+0000] {processor.py:183} INFO - Processing /home/airflow/.local/lib/python3.12/site-packages/airflow/example_dags/example_skip_dag.py took 0.053 seconds
[2025-06-12T15:16:29.148+0000] {processor.py:161} INFO - Started process (PID=1279) to work on /home/airflow/.local/lib/python3.12/site-packages/airflow/example_dags/example_skip_dag.py
[2025-06-12T15:16:29.148+0000] {processor.py:830} INFO - Processing file /home/airflow/.local/lib/python3.12/site-packages/airflow/example_dags/example_skip_dag.py for tasks to queue
[2025-06-12T15:16:29.149+0000] {logging_mixin.py:188} INFO - [2025-06-12T15:16:29.149+0000] {dagbag.py:540} INFO - Filling up the DagBag from /home/airflow/.local/lib/python3.12/site-packages/airflow/example_dags/example_skip_dag.py
[2025-06-12T15:16:29.152+0000] {processor.py:840} INFO - DAG(s) 'example_skip_dag' retrieved from /home/airflow/.local/lib/python3.12/site-packages/airflow/example_dags/example_skip_dag.py
[2025-06-12T15:16:29.161+0000] {logging_mixin.py:188} INFO - [2025-06-12T15:16:29.161+0000] {dag.py:3096} INFO - Sync 1 DAGs
[2025-06-12T15:16:29.169+0000] {logging_mixin.py:188} INFO - [2025-06-12T15:16:29.169+0000] {dag.py:3954} INFO - Setting next_dagrun for example_skip_dag to 2025-06-11 00:00:00+00:00, run_after=2025-06-12 00:00:00+00:00
[2025-06-12T15:16:29.176+0000] {processor.py:183} INFO - Processing /home/airflow/.local/lib/python3.12/site-packages/airflow/example_dags/example_skip_dag.py took 0.030 seconds
[2025-06-12T15:17:00.126+0000] {processor.py:161} INFO - Started process (PID=1353) to work on /home/airflow/.local/lib/python3.12/site-packages/airflow/example_dags/example_skip_dag.py
[2025-06-12T15:17:00.128+0000] {processor.py:830} INFO - Processing file /home/airflow/.local/lib/python3.12/site-packages/airflow/example_dags/example_skip_dag.py for tasks to queue
[2025-06-12T15:17:00.130+0000] {logging_mixin.py:188} INFO - [2025-06-12T15:17:00.130+0000] {dagbag.py:540} INFO - Filling up the DagBag from /home/airflow/.local/lib/python3.12/site-packages/airflow/example_dags/example_skip_dag.py
[2025-06-12T15:17:00.133+0000] {processor.py:840} INFO - DAG(s) 'example_skip_dag' retrieved from /home/airflow/.local/lib/python3.12/site-packages/airflow/example_dags/example_skip_dag.py
[2025-06-12T15:17:00.152+0000] {logging_mixin.py:188} INFO - [2025-06-12T15:17:00.152+0000] {dag.py:3096} INFO - Sync 1 DAGs
[2025-06-12T15:17:00.163+0000] {logging_mixin.py:188} INFO - [2025-06-12T15:17:00.162+0000] {dag.py:3954} INFO - Setting next_dagrun for example_skip_dag to 2025-06-11 00:00:00+00:00, run_after=2025-06-12 00:00:00+00:00
[2025-06-12T15:17:00.174+0000] {processor.py:183} INFO - Processing /home/airflow/.local/lib/python3.12/site-packages/airflow/example_dags/example_skip_dag.py took 0.050 seconds
[2025-06-12T15:17:31.223+0000] {processor.py:161} INFO - Started process (PID=1427) to work on /home/airflow/.local/lib/python3.12/site-packages/airflow/example_dags/example_skip_dag.py
[2025-06-12T15:17:31.224+0000] {processor.py:830} INFO - Processing file /home/airflow/.local/lib/python3.12/site-packages/airflow/example_dags/example_skip_dag.py for tasks to queue
[2025-06-12T15:17:31.226+0000] {logging_mixin.py:188} INFO - [2025-06-12T15:17:31.226+0000] {dagbag.py:540} INFO - Filling up the DagBag from /home/airflow/.local/lib/python3.12/site-packages/airflow/example_dags/example_skip_dag.py
[2025-06-12T15:17:31.230+0000] {processor.py:840} INFO - DAG(s) 'example_skip_dag' retrieved from /home/airflow/.local/lib/python3.12/site-packages/airflow/example_dags/example_skip_dag.py
[2025-06-12T15:17:31.330+0000] {logging_mixin.py:188} INFO - [2025-06-12T15:17:31.329+0000] {dag.py:3096} INFO - Sync 1 DAGs
[2025-06-12T15:17:31.338+0000] {logging_mixin.py:188} INFO - [2025-06-12T15:17:31.338+0000] {dag.py:3954} INFO - Setting next_dagrun for example_skip_dag to 2025-06-11 00:00:00+00:00, run_after=2025-06-12 00:00:00+00:00
[2025-06-12T15:17:31.346+0000] {processor.py:183} INFO - Processing /home/airflow/.local/lib/python3.12/site-packages/airflow/example_dags/example_skip_dag.py took 0.127 seconds
[2025-06-12T15:18:02.008+0000] {processor.py:161} INFO - Started process (PID=1494) to work on /home/airflow/.local/lib/python3.12/site-packages/airflow/example_dags/example_skip_dag.py
[2025-06-12T15:18:02.008+0000] {processor.py:830} INFO - Processing file /home/airflow/.local/lib/python3.12/site-packages/airflow/example_dags/example_skip_dag.py for tasks to queue
[2025-06-12T15:18:02.009+0000] {logging_mixin.py:188} INFO - [2025-06-12T15:18:02.009+0000] {dagbag.py:540} INFO - Filling up the DagBag from /home/airflow/.local/lib/python3.12/site-packages/airflow/example_dags/example_skip_dag.py
[2025-06-12T15:18:02.012+0000] {processor.py:840} INFO - DAG(s) 'example_skip_dag' retrieved from /home/airflow/.local/lib/python3.12/site-packages/airflow/example_dags/example_skip_dag.py
[2025-06-12T15:18:02.030+0000] {logging_mixin.py:188} INFO - [2025-06-12T15:18:02.030+0000] {dag.py:3096} INFO - Sync 1 DAGs
[2025-06-12T15:18:02.040+0000] {logging_mixin.py:188} INFO - [2025-06-12T15:18:02.040+0000] {dag.py:3954} INFO - Setting next_dagrun for example_skip_dag to 2025-06-11 00:00:00+00:00, run_after=2025-06-12 00:00:00+00:00
[2025-06-12T15:18:02.050+0000] {processor.py:183} INFO - Processing /home/airflow/.local/lib/python3.12/site-packages/airflow/example_dags/example_skip_dag.py took 0.045 seconds
[2025-06-12T15:18:32.643+0000] {processor.py:161} INFO - Started process (PID=1568) to work on /home/airflow/.local/lib/python3.12/site-packages/airflow/example_dags/example_skip_dag.py
[2025-06-12T15:18:32.643+0000] {processor.py:830} INFO - Processing file /home/airflow/.local/lib/python3.12/site-packages/airflow/example_dags/example_skip_dag.py for tasks to queue
[2025-06-12T15:18:32.644+0000] {logging_mixin.py:188} INFO - [2025-06-12T15:18:32.644+0000] {dagbag.py:540} INFO - Filling up the DagBag from /home/airflow/.local/lib/python3.12/site-packages/airflow/example_dags/example_skip_dag.py
[2025-06-12T15:18:32.648+0000] {processor.py:840} INFO - DAG(s) 'example_skip_dag' retrieved from /home/airflow/.local/lib/python3.12/site-packages/airflow/example_dags/example_skip_dag.py
[2025-06-12T15:18:32.661+0000] {logging_mixin.py:188} INFO - [2025-06-12T15:18:32.661+0000] {dag.py:3096} INFO - Sync 1 DAGs
[2025-06-12T15:18:32.677+0000] {logging_mixin.py:188} INFO - [2025-06-12T15:18:32.677+0000] {dag.py:3954} INFO - Setting next_dagrun for example_skip_dag to 2025-06-11 00:00:00+00:00, run_after=2025-06-12 00:00:00+00:00
[2025-06-12T15:18:32.690+0000] {processor.py:183} INFO - Processing /home/airflow/.local/lib/python3.12/site-packages/airflow/example_dags/example_skip_dag.py took 0.051 seconds
