[2025-06-12T13:58:38.530+0000] {processor.py:161} INFO - Started process (PID=60) to work on /home/airflow/.local/lib/python3.12/site-packages/airflow/example_dags/example_params_ui_tutorial.py
[2025-06-12T13:58:38.531+0000] {processor.py:830} INFO - Processing file /home/airflow/.local/lib/python3.12/site-packages/airflow/example_dags/example_params_ui_tutorial.py for tasks to queue
[2025-06-12T13:58:38.534+0000] {logging_mixin.py:188} INFO - [2025-06-12T13:58:38.533+0000] {dagbag.py:540} INFO - Filling up the DagBag from /home/airflow/.local/lib/python3.12/site-packages/airflow/example_dags/example_params_ui_tutorial.py
[2025-06-12T13:58:38.565+0000] {processor.py:840} INFO - DAG(s) 'example_params_ui_tutorial' retrieved from /home/airflow/.local/lib/python3.12/site-packages/airflow/example_dags/example_params_ui_tutorial.py
[2025-06-12T13:58:38.613+0000] {logging_mixin.py:188} INFO - [2025-06-12T13:58:38.613+0000] {dag.py:3096} INFO - Sync 1 DAGs
[2025-06-12T13:58:38.627+0000] {logging_mixin.py:188} INFO - [2025-06-12T13:58:38.627+0000] {dag.py:3954} INFO - Setting next_dagrun for example_params_ui_tutorial to None, run_after=None
[2025-06-12T13:58:38.665+0000] {processor.py:183} INFO - Processing /home/airflow/.local/lib/python3.12/site-packages/airflow/example_dags/example_params_ui_tutorial.py took 0.144 seconds
[2025-06-12T13:59:08.942+0000] {processor.py:161} INFO - Started process (PID=127) to work on /home/airflow/.local/lib/python3.12/site-packages/airflow/example_dags/example_params_ui_tutorial.py
[2025-06-12T13:59:08.943+0000] {processor.py:830} INFO - Processing file /home/airflow/.local/lib/python3.12/site-packages/airflow/example_dags/example_params_ui_tutorial.py for tasks to queue
[2025-06-12T13:59:08.945+0000] {logging_mixin.py:188} INFO - [2025-06-12T13:59:08.945+0000] {dagbag.py:540} INFO - Filling up the DagBag from /home/airflow/.local/lib/python3.12/site-packages/airflow/example_dags/example_params_ui_tutorial.py
[2025-06-12T13:59:08.951+0000] {processor.py:840} INFO - DAG(s) 'example_params_ui_tutorial' retrieved from /home/airflow/.local/lib/python3.12/site-packages/airflow/example_dags/example_params_ui_tutorial.py
[2025-06-12T13:59:09.013+0000] {logging_mixin.py:188} INFO - [2025-06-12T13:59:09.013+0000] {dag.py:3096} INFO - Sync 1 DAGs
[2025-06-12T13:59:09.018+0000] {logging_mixin.py:188} INFO - [2025-06-12T13:59:09.018+0000] {dag.py:3954} INFO - Setting next_dagrun for example_params_ui_tutorial to None, run_after=None
[2025-06-12T13:59:09.025+0000] {processor.py:183} INFO - Processing /home/airflow/.local/lib/python3.12/site-packages/airflow/example_dags/example_params_ui_tutorial.py took 0.086 seconds
[2025-06-12T13:59:40.020+0000] {processor.py:161} INFO - Started process (PID=201) to work on /home/airflow/.local/lib/python3.12/site-packages/airflow/example_dags/example_params_ui_tutorial.py
[2025-06-12T13:59:40.021+0000] {processor.py:830} INFO - Processing file /home/airflow/.local/lib/python3.12/site-packages/airflow/example_dags/example_params_ui_tutorial.py for tasks to queue
[2025-06-12T13:59:40.022+0000] {logging_mixin.py:188} INFO - [2025-06-12T13:59:40.022+0000] {dagbag.py:540} INFO - Filling up the DagBag from /home/airflow/.local/lib/python3.12/site-packages/airflow/example_dags/example_params_ui_tutorial.py
[2025-06-12T13:59:40.031+0000] {processor.py:840} INFO - DAG(s) 'example_params_ui_tutorial' retrieved from /home/airflow/.local/lib/python3.12/site-packages/airflow/example_dags/example_params_ui_tutorial.py
[2025-06-12T13:59:40.061+0000] {logging_mixin.py:188} INFO - [2025-06-12T13:59:40.061+0000] {dag.py:3096} INFO - Sync 1 DAGs
[2025-06-12T13:59:40.069+0000] {logging_mixin.py:188} INFO - [2025-06-12T13:59:40.069+0000] {dag.py:3954} INFO - Setting next_dagrun for example_params_ui_tutorial to None, run_after=None
[2025-06-12T13:59:40.078+0000] {processor.py:183} INFO - Processing /home/airflow/.local/lib/python3.12/site-packages/airflow/example_dags/example_params_ui_tutorial.py took 0.062 seconds
[2025-06-12T14:00:10.358+0000] {processor.py:161} INFO - Started process (PID=268) to work on /home/airflow/.local/lib/python3.12/site-packages/airflow/example_dags/example_params_ui_tutorial.py
[2025-06-12T14:00:10.359+0000] {processor.py:830} INFO - Processing file /home/airflow/.local/lib/python3.12/site-packages/airflow/example_dags/example_params_ui_tutorial.py for tasks to queue
[2025-06-12T14:00:10.363+0000] {logging_mixin.py:188} INFO - [2025-06-12T14:00:10.363+0000] {dagbag.py:540} INFO - Filling up the DagBag from /home/airflow/.local/lib/python3.12/site-packages/airflow/example_dags/example_params_ui_tutorial.py
[2025-06-12T14:00:10.369+0000] {processor.py:840} INFO - DAG(s) 'example_params_ui_tutorial' retrieved from /home/airflow/.local/lib/python3.12/site-packages/airflow/example_dags/example_params_ui_tutorial.py
[2025-06-12T14:00:10.391+0000] {logging_mixin.py:188} INFO - [2025-06-12T14:00:10.390+0000] {dag.py:3096} INFO - Sync 1 DAGs
[2025-06-12T14:00:10.396+0000] {logging_mixin.py:188} INFO - [2025-06-12T14:00:10.396+0000] {dag.py:3954} INFO - Setting next_dagrun for example_params_ui_tutorial to None, run_after=None
[2025-06-12T14:00:10.404+0000] {processor.py:183} INFO - Processing /home/airflow/.local/lib/python3.12/site-packages/airflow/example_dags/example_params_ui_tutorial.py took 0.048 seconds
[2025-06-12T14:00:41.152+0000] {processor.py:161} INFO - Started process (PID=342) to work on /home/airflow/.local/lib/python3.12/site-packages/airflow/example_dags/example_params_ui_tutorial.py
[2025-06-12T14:00:41.157+0000] {processor.py:830} INFO - Processing file /home/airflow/.local/lib/python3.12/site-packages/airflow/example_dags/example_params_ui_tutorial.py for tasks to queue
[2025-06-12T14:00:41.160+0000] {logging_mixin.py:188} INFO - [2025-06-12T14:00:41.160+0000] {dagbag.py:540} INFO - Filling up the DagBag from /home/airflow/.local/lib/python3.12/site-packages/airflow/example_dags/example_params_ui_tutorial.py
[2025-06-12T14:00:41.168+0000] {processor.py:840} INFO - DAG(s) 'example_params_ui_tutorial' retrieved from /home/airflow/.local/lib/python3.12/site-packages/airflow/example_dags/example_params_ui_tutorial.py
[2025-06-12T14:00:41.204+0000] {logging_mixin.py:188} INFO - [2025-06-12T14:00:41.204+0000] {dag.py:3096} INFO - Sync 1 DAGs
[2025-06-12T14:00:41.215+0000] {logging_mixin.py:188} INFO - [2025-06-12T14:00:41.214+0000] {dag.py:3954} INFO - Setting next_dagrun for example_params_ui_tutorial to None, run_after=None
[2025-06-12T14:00:41.226+0000] {processor.py:183} INFO - Processing /home/airflow/.local/lib/python3.12/site-packages/airflow/example_dags/example_params_ui_tutorial.py took 0.080 seconds
[2025-06-12T14:01:11.486+0000] {processor.py:161} INFO - Started process (PID=409) to work on /home/airflow/.local/lib/python3.12/site-packages/airflow/example_dags/example_params_ui_tutorial.py
[2025-06-12T14:01:11.487+0000] {processor.py:830} INFO - Processing file /home/airflow/.local/lib/python3.12/site-packages/airflow/example_dags/example_params_ui_tutorial.py for tasks to queue
[2025-06-12T14:01:11.488+0000] {logging_mixin.py:188} INFO - [2025-06-12T14:01:11.488+0000] {dagbag.py:540} INFO - Filling up the DagBag from /home/airflow/.local/lib/python3.12/site-packages/airflow/example_dags/example_params_ui_tutorial.py
[2025-06-12T14:01:11.494+0000] {processor.py:840} INFO - DAG(s) 'example_params_ui_tutorial' retrieved from /home/airflow/.local/lib/python3.12/site-packages/airflow/example_dags/example_params_ui_tutorial.py
[2025-06-12T14:01:11.520+0000] {logging_mixin.py:188} INFO - [2025-06-12T14:01:11.520+0000] {dag.py:3096} INFO - Sync 1 DAGs
[2025-06-12T14:01:11.526+0000] {logging_mixin.py:188} INFO - [2025-06-12T14:01:11.526+0000] {dag.py:3954} INFO - Setting next_dagrun for example_params_ui_tutorial to None, run_after=None
[2025-06-12T14:01:11.534+0000] {processor.py:183} INFO - Processing /home/airflow/.local/lib/python3.12/site-packages/airflow/example_dags/example_params_ui_tutorial.py took 0.050 seconds
[2025-06-12T14:15:47.999+0000] {processor.py:161} INFO - Started process (PID=61) to work on /home/airflow/.local/lib/python3.12/site-packages/airflow/example_dags/example_params_ui_tutorial.py
[2025-06-12T14:15:48.002+0000] {processor.py:830} INFO - Processing file /home/airflow/.local/lib/python3.12/site-packages/airflow/example_dags/example_params_ui_tutorial.py for tasks to queue
[2025-06-12T14:15:48.005+0000] {logging_mixin.py:188} INFO - [2025-06-12T14:15:48.004+0000] {dagbag.py:540} INFO - Filling up the DagBag from /home/airflow/.local/lib/python3.12/site-packages/airflow/example_dags/example_params_ui_tutorial.py
[2025-06-12T14:15:48.017+0000] {processor.py:840} INFO - DAG(s) 'example_params_ui_tutorial' retrieved from /home/airflow/.local/lib/python3.12/site-packages/airflow/example_dags/example_params_ui_tutorial.py
[2025-06-12T14:15:48.043+0000] {logging_mixin.py:188} INFO - [2025-06-12T14:15:48.042+0000] {dag.py:3096} INFO - Sync 1 DAGs
[2025-06-12T14:15:48.057+0000] {logging_mixin.py:188} INFO - [2025-06-12T14:15:48.057+0000] {dag.py:3954} INFO - Setting next_dagrun for example_params_ui_tutorial to None, run_after=None
[2025-06-12T14:15:48.085+0000] {processor.py:183} INFO - Processing /home/airflow/.local/lib/python3.12/site-packages/airflow/example_dags/example_params_ui_tutorial.py took 0.091 seconds
[2025-06-12T14:16:18.279+0000] {processor.py:161} INFO - Started process (PID=128) to work on /home/airflow/.local/lib/python3.12/site-packages/airflow/example_dags/example_params_ui_tutorial.py
[2025-06-12T14:16:18.279+0000] {processor.py:830} INFO - Processing file /home/airflow/.local/lib/python3.12/site-packages/airflow/example_dags/example_params_ui_tutorial.py for tasks to queue
[2025-06-12T14:16:18.280+0000] {logging_mixin.py:188} INFO - [2025-06-12T14:16:18.280+0000] {dagbag.py:540} INFO - Filling up the DagBag from /home/airflow/.local/lib/python3.12/site-packages/airflow/example_dags/example_params_ui_tutorial.py
[2025-06-12T14:16:18.286+0000] {processor.py:840} INFO - DAG(s) 'example_params_ui_tutorial' retrieved from /home/airflow/.local/lib/python3.12/site-packages/airflow/example_dags/example_params_ui_tutorial.py
[2025-06-12T14:16:18.343+0000] {logging_mixin.py:188} INFO - [2025-06-12T14:16:18.343+0000] {dag.py:3096} INFO - Sync 1 DAGs
[2025-06-12T14:16:18.347+0000] {logging_mixin.py:188} INFO - [2025-06-12T14:16:18.347+0000] {dag.py:3954} INFO - Setting next_dagrun for example_params_ui_tutorial to None, run_after=None
[2025-06-12T14:16:18.360+0000] {processor.py:183} INFO - Processing /home/airflow/.local/lib/python3.12/site-packages/airflow/example_dags/example_params_ui_tutorial.py took 0.084 seconds
[2025-06-12T14:16:49.278+0000] {processor.py:161} INFO - Started process (PID=202) to work on /home/airflow/.local/lib/python3.12/site-packages/airflow/example_dags/example_params_ui_tutorial.py
[2025-06-12T14:16:49.284+0000] {processor.py:830} INFO - Processing file /home/airflow/.local/lib/python3.12/site-packages/airflow/example_dags/example_params_ui_tutorial.py for tasks to queue
[2025-06-12T14:16:49.285+0000] {logging_mixin.py:188} INFO - [2025-06-12T14:16:49.285+0000] {dagbag.py:540} INFO - Filling up the DagBag from /home/airflow/.local/lib/python3.12/site-packages/airflow/example_dags/example_params_ui_tutorial.py
[2025-06-12T14:16:49.294+0000] {processor.py:840} INFO - DAG(s) 'example_params_ui_tutorial' retrieved from /home/airflow/.local/lib/python3.12/site-packages/airflow/example_dags/example_params_ui_tutorial.py
[2025-06-12T14:16:49.303+0000] {logging_mixin.py:188} INFO - [2025-06-12T14:16:49.303+0000] {dag.py:3096} INFO - Sync 1 DAGs
[2025-06-12T14:16:49.312+0000] {logging_mixin.py:188} INFO - [2025-06-12T14:16:49.312+0000] {dag.py:3954} INFO - Setting next_dagrun for example_params_ui_tutorial to None, run_after=None
[2025-06-12T14:16:49.323+0000] {processor.py:183} INFO - Processing /home/airflow/.local/lib/python3.12/site-packages/airflow/example_dags/example_params_ui_tutorial.py took 0.049 seconds
[2025-06-12T14:17:20.453+0000] {processor.py:161} INFO - Started process (PID=276) to work on /home/airflow/.local/lib/python3.12/site-packages/airflow/example_dags/example_params_ui_tutorial.py
[2025-06-12T14:17:20.454+0000] {processor.py:830} INFO - Processing file /home/airflow/.local/lib/python3.12/site-packages/airflow/example_dags/example_params_ui_tutorial.py for tasks to queue
[2025-06-12T14:17:20.459+0000] {logging_mixin.py:188} INFO - [2025-06-12T14:17:20.459+0000] {dagbag.py:540} INFO - Filling up the DagBag from /home/airflow/.local/lib/python3.12/site-packages/airflow/example_dags/example_params_ui_tutorial.py
[2025-06-12T14:17:20.481+0000] {processor.py:840} INFO - DAG(s) 'example_params_ui_tutorial' retrieved from /home/airflow/.local/lib/python3.12/site-packages/airflow/example_dags/example_params_ui_tutorial.py
[2025-06-12T14:17:20.584+0000] {logging_mixin.py:188} INFO - [2025-06-12T14:17:20.584+0000] {dag.py:3096} INFO - Sync 1 DAGs
[2025-06-12T14:17:20.590+0000] {logging_mixin.py:188} INFO - [2025-06-12T14:17:20.590+0000] {dag.py:3954} INFO - Setting next_dagrun for example_params_ui_tutorial to None, run_after=None
[2025-06-12T14:17:20.602+0000] {processor.py:183} INFO - Processing /home/airflow/.local/lib/python3.12/site-packages/airflow/example_dags/example_params_ui_tutorial.py took 0.155 seconds
[2025-06-12T14:17:51.379+0000] {processor.py:161} INFO - Started process (PID=342) to work on /home/airflow/.local/lib/python3.12/site-packages/airflow/example_dags/example_params_ui_tutorial.py
[2025-06-12T14:17:51.380+0000] {processor.py:830} INFO - Processing file /home/airflow/.local/lib/python3.12/site-packages/airflow/example_dags/example_params_ui_tutorial.py for tasks to queue
[2025-06-12T14:17:51.381+0000] {logging_mixin.py:188} INFO - [2025-06-12T14:17:51.381+0000] {dagbag.py:540} INFO - Filling up the DagBag from /home/airflow/.local/lib/python3.12/site-packages/airflow/example_dags/example_params_ui_tutorial.py
[2025-06-12T14:17:51.386+0000] {processor.py:840} INFO - DAG(s) 'example_params_ui_tutorial' retrieved from /home/airflow/.local/lib/python3.12/site-packages/airflow/example_dags/example_params_ui_tutorial.py
[2025-06-12T14:17:51.411+0000] {logging_mixin.py:188} INFO - [2025-06-12T14:17:51.411+0000] {dag.py:3096} INFO - Sync 1 DAGs
[2025-06-12T14:17:51.419+0000] {logging_mixin.py:188} INFO - [2025-06-12T14:17:51.419+0000] {dag.py:3954} INFO - Setting next_dagrun for example_params_ui_tutorial to None, run_after=None
[2025-06-12T14:17:51.431+0000] {processor.py:183} INFO - Processing /home/airflow/.local/lib/python3.12/site-packages/airflow/example_dags/example_params_ui_tutorial.py took 0.055 seconds
[2025-06-12T14:18:34.320+0000] {processor.py:161} INFO - Started process (PID=60) to work on /home/airflow/.local/lib/python3.12/site-packages/airflow/example_dags/example_params_ui_tutorial.py
[2025-06-12T14:18:34.326+0000] {processor.py:830} INFO - Processing file /home/airflow/.local/lib/python3.12/site-packages/airflow/example_dags/example_params_ui_tutorial.py for tasks to queue
[2025-06-12T14:18:34.331+0000] {logging_mixin.py:188} INFO - [2025-06-12T14:18:34.330+0000] {dagbag.py:540} INFO - Filling up the DagBag from /home/airflow/.local/lib/python3.12/site-packages/airflow/example_dags/example_params_ui_tutorial.py
[2025-06-12T14:18:34.364+0000] {processor.py:840} INFO - DAG(s) 'example_params_ui_tutorial' retrieved from /home/airflow/.local/lib/python3.12/site-packages/airflow/example_dags/example_params_ui_tutorial.py
[2025-06-12T14:18:34.442+0000] {logging_mixin.py:188} INFO - [2025-06-12T14:18:34.441+0000] {dag.py:3096} INFO - Sync 1 DAGs
[2025-06-12T14:18:34.467+0000] {logging_mixin.py:188} INFO - [2025-06-12T14:18:34.467+0000] {dag.py:3954} INFO - Setting next_dagrun for example_params_ui_tutorial to None, run_after=None
[2025-06-12T14:18:34.504+0000] {processor.py:183} INFO - Processing /home/airflow/.local/lib/python3.12/site-packages/airflow/example_dags/example_params_ui_tutorial.py took 0.195 seconds
[2025-06-12T14:19:04.870+0000] {processor.py:161} INFO - Started process (PID=126) to work on /home/airflow/.local/lib/python3.12/site-packages/airflow/example_dags/example_params_ui_tutorial.py
[2025-06-12T14:19:04.871+0000] {processor.py:830} INFO - Processing file /home/airflow/.local/lib/python3.12/site-packages/airflow/example_dags/example_params_ui_tutorial.py for tasks to queue
[2025-06-12T14:19:04.872+0000] {logging_mixin.py:188} INFO - [2025-06-12T14:19:04.872+0000] {dagbag.py:540} INFO - Filling up the DagBag from /home/airflow/.local/lib/python3.12/site-packages/airflow/example_dags/example_params_ui_tutorial.py
[2025-06-12T14:19:04.879+0000] {processor.py:840} INFO - DAG(s) 'example_params_ui_tutorial' retrieved from /home/airflow/.local/lib/python3.12/site-packages/airflow/example_dags/example_params_ui_tutorial.py
[2025-06-12T14:19:04.889+0000] {logging_mixin.py:188} INFO - [2025-06-12T14:19:04.889+0000] {dag.py:3096} INFO - Sync 1 DAGs
[2025-06-12T14:19:04.896+0000] {logging_mixin.py:188} INFO - [2025-06-12T14:19:04.896+0000] {dag.py:3954} INFO - Setting next_dagrun for example_params_ui_tutorial to None, run_after=None
[2025-06-12T14:19:04.910+0000] {processor.py:183} INFO - Processing /home/airflow/.local/lib/python3.12/site-packages/airflow/example_dags/example_params_ui_tutorial.py took 0.043 seconds
[2025-06-12T14:19:35.170+0000] {processor.py:161} INFO - Started process (PID=200) to work on /home/airflow/.local/lib/python3.12/site-packages/airflow/example_dags/example_params_ui_tutorial.py
[2025-06-12T14:19:35.170+0000] {processor.py:830} INFO - Processing file /home/airflow/.local/lib/python3.12/site-packages/airflow/example_dags/example_params_ui_tutorial.py for tasks to queue
[2025-06-12T14:19:35.171+0000] {logging_mixin.py:188} INFO - [2025-06-12T14:19:35.171+0000] {dagbag.py:540} INFO - Filling up the DagBag from /home/airflow/.local/lib/python3.12/site-packages/airflow/example_dags/example_params_ui_tutorial.py
[2025-06-12T14:19:35.176+0000] {processor.py:840} INFO - DAG(s) 'example_params_ui_tutorial' retrieved from /home/airflow/.local/lib/python3.12/site-packages/airflow/example_dags/example_params_ui_tutorial.py
[2025-06-12T14:19:35.189+0000] {logging_mixin.py:188} INFO - [2025-06-12T14:19:35.189+0000] {dag.py:3096} INFO - Sync 1 DAGs
[2025-06-12T14:19:35.194+0000] {logging_mixin.py:188} INFO - [2025-06-12T14:19:35.194+0000] {dag.py:3954} INFO - Setting next_dagrun for example_params_ui_tutorial to None, run_after=None
[2025-06-12T14:19:35.203+0000] {processor.py:183} INFO - Processing /home/airflow/.local/lib/python3.12/site-packages/airflow/example_dags/example_params_ui_tutorial.py took 0.036 seconds
[2025-06-12T14:20:06.055+0000] {processor.py:161} INFO - Started process (PID=266) to work on /home/airflow/.local/lib/python3.12/site-packages/airflow/example_dags/example_params_ui_tutorial.py
[2025-06-12T14:20:06.057+0000] {processor.py:830} INFO - Processing file /home/airflow/.local/lib/python3.12/site-packages/airflow/example_dags/example_params_ui_tutorial.py for tasks to queue
[2025-06-12T14:20:06.059+0000] {logging_mixin.py:188} INFO - [2025-06-12T14:20:06.059+0000] {dagbag.py:540} INFO - Filling up the DagBag from /home/airflow/.local/lib/python3.12/site-packages/airflow/example_dags/example_params_ui_tutorial.py
[2025-06-12T14:20:06.065+0000] {processor.py:840} INFO - DAG(s) 'example_params_ui_tutorial' retrieved from /home/airflow/.local/lib/python3.12/site-packages/airflow/example_dags/example_params_ui_tutorial.py
[2025-06-12T14:20:06.134+0000] {logging_mixin.py:188} INFO - [2025-06-12T14:20:06.134+0000] {dag.py:3096} INFO - Sync 1 DAGs
[2025-06-12T14:20:06.138+0000] {logging_mixin.py:188} INFO - [2025-06-12T14:20:06.138+0000] {dag.py:3954} INFO - Setting next_dagrun for example_params_ui_tutorial to None, run_after=None
[2025-06-12T14:20:06.151+0000] {processor.py:183} INFO - Processing /home/airflow/.local/lib/python3.12/site-packages/airflow/example_dags/example_params_ui_tutorial.py took 0.099 seconds
[2025-06-12T14:20:36.957+0000] {processor.py:161} INFO - Started process (PID=341) to work on /home/airflow/.local/lib/python3.12/site-packages/airflow/example_dags/example_params_ui_tutorial.py
[2025-06-12T14:20:36.959+0000] {processor.py:830} INFO - Processing file /home/airflow/.local/lib/python3.12/site-packages/airflow/example_dags/example_params_ui_tutorial.py for tasks to queue
[2025-06-12T14:20:36.960+0000] {logging_mixin.py:188} INFO - [2025-06-12T14:20:36.960+0000] {dagbag.py:540} INFO - Filling up the DagBag from /home/airflow/.local/lib/python3.12/site-packages/airflow/example_dags/example_params_ui_tutorial.py
[2025-06-12T14:20:36.967+0000] {processor.py:840} INFO - DAG(s) 'example_params_ui_tutorial' retrieved from /home/airflow/.local/lib/python3.12/site-packages/airflow/example_dags/example_params_ui_tutorial.py
[2025-06-12T14:20:36.993+0000] {logging_mixin.py:188} INFO - [2025-06-12T14:20:36.993+0000] {dag.py:3096} INFO - Sync 1 DAGs
[2025-06-12T14:20:37.000+0000] {logging_mixin.py:188} INFO - [2025-06-12T14:20:37.000+0000] {dag.py:3954} INFO - Setting next_dagrun for example_params_ui_tutorial to None, run_after=None
[2025-06-12T14:20:37.007+0000] {processor.py:183} INFO - Processing /home/airflow/.local/lib/python3.12/site-packages/airflow/example_dags/example_params_ui_tutorial.py took 0.053 seconds
[2025-06-12T14:21:07.508+0000] {processor.py:161} INFO - Started process (PID=415) to work on /home/airflow/.local/lib/python3.12/site-packages/airflow/example_dags/example_params_ui_tutorial.py
[2025-06-12T14:21:07.508+0000] {processor.py:830} INFO - Processing file /home/airflow/.local/lib/python3.12/site-packages/airflow/example_dags/example_params_ui_tutorial.py for tasks to queue
[2025-06-12T14:21:07.509+0000] {logging_mixin.py:188} INFO - [2025-06-12T14:21:07.509+0000] {dagbag.py:540} INFO - Filling up the DagBag from /home/airflow/.local/lib/python3.12/site-packages/airflow/example_dags/example_params_ui_tutorial.py
[2025-06-12T14:21:07.517+0000] {processor.py:840} INFO - DAG(s) 'example_params_ui_tutorial' retrieved from /home/airflow/.local/lib/python3.12/site-packages/airflow/example_dags/example_params_ui_tutorial.py
[2025-06-12T14:21:07.549+0000] {logging_mixin.py:188} INFO - [2025-06-12T14:21:07.549+0000] {dag.py:3096} INFO - Sync 1 DAGs
[2025-06-12T14:21:07.581+0000] {logging_mixin.py:188} INFO - [2025-06-12T14:21:07.580+0000] {dag.py:3954} INFO - Setting next_dagrun for example_params_ui_tutorial to None, run_after=None
[2025-06-12T14:21:07.608+0000] {processor.py:183} INFO - Processing /home/airflow/.local/lib/python3.12/site-packages/airflow/example_dags/example_params_ui_tutorial.py took 0.106 seconds
[2025-06-12T14:21:37.844+0000] {processor.py:161} INFO - Started process (PID=481) to work on /home/airflow/.local/lib/python3.12/site-packages/airflow/example_dags/example_params_ui_tutorial.py
[2025-06-12T14:21:37.845+0000] {processor.py:830} INFO - Processing file /home/airflow/.local/lib/python3.12/site-packages/airflow/example_dags/example_params_ui_tutorial.py for tasks to queue
[2025-06-12T14:21:37.846+0000] {logging_mixin.py:188} INFO - [2025-06-12T14:21:37.846+0000] {dagbag.py:540} INFO - Filling up the DagBag from /home/airflow/.local/lib/python3.12/site-packages/airflow/example_dags/example_params_ui_tutorial.py
[2025-06-12T14:21:37.853+0000] {processor.py:840} INFO - DAG(s) 'example_params_ui_tutorial' retrieved from /home/airflow/.local/lib/python3.12/site-packages/airflow/example_dags/example_params_ui_tutorial.py
[2025-06-12T14:21:37.879+0000] {logging_mixin.py:188} INFO - [2025-06-12T14:21:37.879+0000] {dag.py:3096} INFO - Sync 1 DAGs
[2025-06-12T14:21:37.885+0000] {logging_mixin.py:188} INFO - [2025-06-12T14:21:37.885+0000] {dag.py:3954} INFO - Setting next_dagrun for example_params_ui_tutorial to None, run_after=None
[2025-06-12T14:21:37.903+0000] {processor.py:183} INFO - Processing /home/airflow/.local/lib/python3.12/site-packages/airflow/example_dags/example_params_ui_tutorial.py took 0.062 seconds
[2025-06-12T14:22:08.127+0000] {processor.py:161} INFO - Started process (PID=555) to work on /home/airflow/.local/lib/python3.12/site-packages/airflow/example_dags/example_params_ui_tutorial.py
[2025-06-12T14:22:08.128+0000] {processor.py:830} INFO - Processing file /home/airflow/.local/lib/python3.12/site-packages/airflow/example_dags/example_params_ui_tutorial.py for tasks to queue
[2025-06-12T14:22:08.130+0000] {logging_mixin.py:188} INFO - [2025-06-12T14:22:08.129+0000] {dagbag.py:540} INFO - Filling up the DagBag from /home/airflow/.local/lib/python3.12/site-packages/airflow/example_dags/example_params_ui_tutorial.py
[2025-06-12T14:22:08.136+0000] {processor.py:840} INFO - DAG(s) 'example_params_ui_tutorial' retrieved from /home/airflow/.local/lib/python3.12/site-packages/airflow/example_dags/example_params_ui_tutorial.py
[2025-06-12T14:22:08.169+0000] {logging_mixin.py:188} INFO - [2025-06-12T14:22:08.168+0000] {dag.py:3096} INFO - Sync 1 DAGs
[2025-06-12T14:22:08.173+0000] {logging_mixin.py:188} INFO - [2025-06-12T14:22:08.173+0000] {dag.py:3954} INFO - Setting next_dagrun for example_params_ui_tutorial to None, run_after=None
[2025-06-12T14:22:08.181+0000] {processor.py:183} INFO - Processing /home/airflow/.local/lib/python3.12/site-packages/airflow/example_dags/example_params_ui_tutorial.py took 0.056 seconds
[2025-06-12T14:22:38.306+0000] {processor.py:161} INFO - Started process (PID=622) to work on /home/airflow/.local/lib/python3.12/site-packages/airflow/example_dags/example_params_ui_tutorial.py
[2025-06-12T14:22:38.307+0000] {processor.py:830} INFO - Processing file /home/airflow/.local/lib/python3.12/site-packages/airflow/example_dags/example_params_ui_tutorial.py for tasks to queue
[2025-06-12T14:22:38.308+0000] {logging_mixin.py:188} INFO - [2025-06-12T14:22:38.308+0000] {dagbag.py:540} INFO - Filling up the DagBag from /home/airflow/.local/lib/python3.12/site-packages/airflow/example_dags/example_params_ui_tutorial.py
[2025-06-12T14:22:38.316+0000] {processor.py:840} INFO - DAG(s) 'example_params_ui_tutorial' retrieved from /home/airflow/.local/lib/python3.12/site-packages/airflow/example_dags/example_params_ui_tutorial.py
[2025-06-12T14:22:38.342+0000] {logging_mixin.py:188} INFO - [2025-06-12T14:22:38.342+0000] {dag.py:3096} INFO - Sync 1 DAGs
[2025-06-12T14:22:38.348+0000] {logging_mixin.py:188} INFO - [2025-06-12T14:22:38.348+0000] {dag.py:3954} INFO - Setting next_dagrun for example_params_ui_tutorial to None, run_after=None
[2025-06-12T14:22:38.360+0000] {processor.py:183} INFO - Processing /home/airflow/.local/lib/python3.12/site-packages/airflow/example_dags/example_params_ui_tutorial.py took 0.057 seconds
[2025-06-12T14:23:08.630+0000] {processor.py:161} INFO - Started process (PID=696) to work on /home/airflow/.local/lib/python3.12/site-packages/airflow/example_dags/example_params_ui_tutorial.py
[2025-06-12T14:23:08.631+0000] {processor.py:830} INFO - Processing file /home/airflow/.local/lib/python3.12/site-packages/airflow/example_dags/example_params_ui_tutorial.py for tasks to queue
[2025-06-12T14:23:08.632+0000] {logging_mixin.py:188} INFO - [2025-06-12T14:23:08.632+0000] {dagbag.py:540} INFO - Filling up the DagBag from /home/airflow/.local/lib/python3.12/site-packages/airflow/example_dags/example_params_ui_tutorial.py
[2025-06-12T14:23:08.638+0000] {processor.py:840} INFO - DAG(s) 'example_params_ui_tutorial' retrieved from /home/airflow/.local/lib/python3.12/site-packages/airflow/example_dags/example_params_ui_tutorial.py
[2025-06-12T14:23:08.669+0000] {logging_mixin.py:188} INFO - [2025-06-12T14:23:08.668+0000] {dag.py:3096} INFO - Sync 1 DAGs
[2025-06-12T14:23:08.675+0000] {logging_mixin.py:188} INFO - [2025-06-12T14:23:08.674+0000] {dag.py:3954} INFO - Setting next_dagrun for example_params_ui_tutorial to None, run_after=None
[2025-06-12T14:23:08.686+0000] {processor.py:183} INFO - Processing /home/airflow/.local/lib/python3.12/site-packages/airflow/example_dags/example_params_ui_tutorial.py took 0.060 seconds
[2025-06-12T14:23:38.754+0000] {processor.py:161} INFO - Started process (PID=770) to work on /home/airflow/.local/lib/python3.12/site-packages/airflow/example_dags/example_params_ui_tutorial.py
[2025-06-12T14:23:38.755+0000] {processor.py:830} INFO - Processing file /home/airflow/.local/lib/python3.12/site-packages/airflow/example_dags/example_params_ui_tutorial.py for tasks to queue
[2025-06-12T14:23:38.756+0000] {logging_mixin.py:188} INFO - [2025-06-12T14:23:38.755+0000] {dagbag.py:540} INFO - Filling up the DagBag from /home/airflow/.local/lib/python3.12/site-packages/airflow/example_dags/example_params_ui_tutorial.py
[2025-06-12T14:23:38.765+0000] {processor.py:840} INFO - DAG(s) 'example_params_ui_tutorial' retrieved from /home/airflow/.local/lib/python3.12/site-packages/airflow/example_dags/example_params_ui_tutorial.py
[2025-06-12T14:23:38.793+0000] {logging_mixin.py:188} INFO - [2025-06-12T14:23:38.792+0000] {dag.py:3096} INFO - Sync 1 DAGs
[2025-06-12T14:23:38.797+0000] {logging_mixin.py:188} INFO - [2025-06-12T14:23:38.797+0000] {dag.py:3954} INFO - Setting next_dagrun for example_params_ui_tutorial to None, run_after=None
[2025-06-12T14:23:38.804+0000] {processor.py:183} INFO - Processing /home/airflow/.local/lib/python3.12/site-packages/airflow/example_dags/example_params_ui_tutorial.py took 0.053 seconds
[2025-06-12T14:24:09.253+0000] {processor.py:161} INFO - Started process (PID=837) to work on /home/airflow/.local/lib/python3.12/site-packages/airflow/example_dags/example_params_ui_tutorial.py
[2025-06-12T14:24:09.254+0000] {processor.py:830} INFO - Processing file /home/airflow/.local/lib/python3.12/site-packages/airflow/example_dags/example_params_ui_tutorial.py for tasks to queue
[2025-06-12T14:24:09.255+0000] {logging_mixin.py:188} INFO - [2025-06-12T14:24:09.255+0000] {dagbag.py:540} INFO - Filling up the DagBag from /home/airflow/.local/lib/python3.12/site-packages/airflow/example_dags/example_params_ui_tutorial.py
[2025-06-12T14:24:09.263+0000] {processor.py:840} INFO - DAG(s) 'example_params_ui_tutorial' retrieved from /home/airflow/.local/lib/python3.12/site-packages/airflow/example_dags/example_params_ui_tutorial.py
[2025-06-12T14:24:09.289+0000] {logging_mixin.py:188} INFO - [2025-06-12T14:24:09.289+0000] {dag.py:3096} INFO - Sync 1 DAGs
[2025-06-12T14:24:09.296+0000] {logging_mixin.py:188} INFO - [2025-06-12T14:24:09.296+0000] {dag.py:3954} INFO - Setting next_dagrun for example_params_ui_tutorial to None, run_after=None
[2025-06-12T14:24:09.303+0000] {processor.py:183} INFO - Processing /home/airflow/.local/lib/python3.12/site-packages/airflow/example_dags/example_params_ui_tutorial.py took 0.053 seconds
[2025-06-12T14:24:40.107+0000] {processor.py:161} INFO - Started process (PID=911) to work on /home/airflow/.local/lib/python3.12/site-packages/airflow/example_dags/example_params_ui_tutorial.py
[2025-06-12T14:24:40.107+0000] {processor.py:830} INFO - Processing file /home/airflow/.local/lib/python3.12/site-packages/airflow/example_dags/example_params_ui_tutorial.py for tasks to queue
[2025-06-12T14:24:40.108+0000] {logging_mixin.py:188} INFO - [2025-06-12T14:24:40.108+0000] {dagbag.py:540} INFO - Filling up the DagBag from /home/airflow/.local/lib/python3.12/site-packages/airflow/example_dags/example_params_ui_tutorial.py
[2025-06-12T14:24:40.115+0000] {processor.py:840} INFO - DAG(s) 'example_params_ui_tutorial' retrieved from /home/airflow/.local/lib/python3.12/site-packages/airflow/example_dags/example_params_ui_tutorial.py
[2025-06-12T14:24:40.140+0000] {logging_mixin.py:188} INFO - [2025-06-12T14:24:40.140+0000] {dag.py:3096} INFO - Sync 1 DAGs
[2025-06-12T14:24:40.146+0000] {logging_mixin.py:188} INFO - [2025-06-12T14:24:40.146+0000] {dag.py:3954} INFO - Setting next_dagrun for example_params_ui_tutorial to None, run_after=None
[2025-06-12T14:24:40.155+0000] {processor.py:183} INFO - Processing /home/airflow/.local/lib/python3.12/site-packages/airflow/example_dags/example_params_ui_tutorial.py took 0.050 seconds
[2025-06-12T14:25:10.449+0000] {processor.py:161} INFO - Started process (PID=985) to work on /home/airflow/.local/lib/python3.12/site-packages/airflow/example_dags/example_params_ui_tutorial.py
[2025-06-12T14:25:10.450+0000] {processor.py:830} INFO - Processing file /home/airflow/.local/lib/python3.12/site-packages/airflow/example_dags/example_params_ui_tutorial.py for tasks to queue
[2025-06-12T14:25:10.451+0000] {logging_mixin.py:188} INFO - [2025-06-12T14:25:10.451+0000] {dagbag.py:540} INFO - Filling up the DagBag from /home/airflow/.local/lib/python3.12/site-packages/airflow/example_dags/example_params_ui_tutorial.py
[2025-06-12T14:25:10.457+0000] {processor.py:840} INFO - DAG(s) 'example_params_ui_tutorial' retrieved from /home/airflow/.local/lib/python3.12/site-packages/airflow/example_dags/example_params_ui_tutorial.py
[2025-06-12T14:25:10.487+0000] {logging_mixin.py:188} INFO - [2025-06-12T14:25:10.487+0000] {dag.py:3096} INFO - Sync 1 DAGs
[2025-06-12T14:25:10.492+0000] {logging_mixin.py:188} INFO - [2025-06-12T14:25:10.491+0000] {dag.py:3954} INFO - Setting next_dagrun for example_params_ui_tutorial to None, run_after=None
[2025-06-12T14:25:10.503+0000] {processor.py:183} INFO - Processing /home/airflow/.local/lib/python3.12/site-packages/airflow/example_dags/example_params_ui_tutorial.py took 0.057 seconds
[2025-06-12T14:25:40.945+0000] {processor.py:161} INFO - Started process (PID=1052) to work on /home/airflow/.local/lib/python3.12/site-packages/airflow/example_dags/example_params_ui_tutorial.py
[2025-06-12T14:25:40.947+0000] {processor.py:830} INFO - Processing file /home/airflow/.local/lib/python3.12/site-packages/airflow/example_dags/example_params_ui_tutorial.py for tasks to queue
[2025-06-12T14:25:40.950+0000] {logging_mixin.py:188} INFO - [2025-06-12T14:25:40.950+0000] {dagbag.py:540} INFO - Filling up the DagBag from /home/airflow/.local/lib/python3.12/site-packages/airflow/example_dags/example_params_ui_tutorial.py
[2025-06-12T14:25:40.977+0000] {processor.py:840} INFO - DAG(s) 'example_params_ui_tutorial' retrieved from /home/airflow/.local/lib/python3.12/site-packages/airflow/example_dags/example_params_ui_tutorial.py
[2025-06-12T14:25:41.049+0000] {logging_mixin.py:188} INFO - [2025-06-12T14:25:41.049+0000] {dag.py:3096} INFO - Sync 1 DAGs
[2025-06-12T14:25:41.064+0000] {logging_mixin.py:188} INFO - [2025-06-12T14:25:41.064+0000] {dag.py:3954} INFO - Setting next_dagrun for example_params_ui_tutorial to None, run_after=None
[2025-06-12T14:25:41.090+0000] {processor.py:183} INFO - Processing /home/airflow/.local/lib/python3.12/site-packages/airflow/example_dags/example_params_ui_tutorial.py took 0.154 seconds
[2025-06-12T14:26:12.068+0000] {processor.py:161} INFO - Started process (PID=1126) to work on /home/airflow/.local/lib/python3.12/site-packages/airflow/example_dags/example_params_ui_tutorial.py
[2025-06-12T14:26:12.071+0000] {processor.py:830} INFO - Processing file /home/airflow/.local/lib/python3.12/site-packages/airflow/example_dags/example_params_ui_tutorial.py for tasks to queue
[2025-06-12T14:26:12.078+0000] {logging_mixin.py:188} INFO - [2025-06-12T14:26:12.077+0000] {dagbag.py:540} INFO - Filling up the DagBag from /home/airflow/.local/lib/python3.12/site-packages/airflow/example_dags/example_params_ui_tutorial.py
[2025-06-12T14:26:12.089+0000] {processor.py:840} INFO - DAG(s) 'example_params_ui_tutorial' retrieved from /home/airflow/.local/lib/python3.12/site-packages/airflow/example_dags/example_params_ui_tutorial.py
[2025-06-12T14:26:12.125+0000] {logging_mixin.py:188} INFO - [2025-06-12T14:26:12.125+0000] {dag.py:3096} INFO - Sync 1 DAGs
[2025-06-12T14:26:12.131+0000] {logging_mixin.py:188} INFO - [2025-06-12T14:26:12.131+0000] {dag.py:3954} INFO - Setting next_dagrun for example_params_ui_tutorial to None, run_after=None
[2025-06-12T14:26:12.141+0000] {processor.py:183} INFO - Processing /home/airflow/.local/lib/python3.12/site-packages/airflow/example_dags/example_params_ui_tutorial.py took 0.078 seconds
[2025-06-12T14:26:42.972+0000] {processor.py:161} INFO - Started process (PID=1200) to work on /home/airflow/.local/lib/python3.12/site-packages/airflow/example_dags/example_params_ui_tutorial.py
[2025-06-12T14:26:42.979+0000] {processor.py:830} INFO - Processing file /home/airflow/.local/lib/python3.12/site-packages/airflow/example_dags/example_params_ui_tutorial.py for tasks to queue
[2025-06-12T14:26:42.985+0000] {logging_mixin.py:188} INFO - [2025-06-12T14:26:42.983+0000] {dagbag.py:540} INFO - Filling up the DagBag from /home/airflow/.local/lib/python3.12/site-packages/airflow/example_dags/example_params_ui_tutorial.py
[2025-06-12T14:26:43.018+0000] {processor.py:840} INFO - DAG(s) 'example_params_ui_tutorial' retrieved from /home/airflow/.local/lib/python3.12/site-packages/airflow/example_dags/example_params_ui_tutorial.py
[2025-06-12T14:26:43.082+0000] {logging_mixin.py:188} INFO - [2025-06-12T14:26:43.082+0000] {dag.py:3096} INFO - Sync 1 DAGs
[2025-06-12T14:26:43.098+0000] {logging_mixin.py:188} INFO - [2025-06-12T14:26:43.098+0000] {dag.py:3954} INFO - Setting next_dagrun for example_params_ui_tutorial to None, run_after=None
[2025-06-12T14:26:43.115+0000] {processor.py:183} INFO - Processing /home/airflow/.local/lib/python3.12/site-packages/airflow/example_dags/example_params_ui_tutorial.py took 0.155 seconds
[2025-06-12T14:27:13.296+0000] {processor.py:161} INFO - Started process (PID=1267) to work on /home/airflow/.local/lib/python3.12/site-packages/airflow/example_dags/example_params_ui_tutorial.py
[2025-06-12T14:27:13.297+0000] {processor.py:830} INFO - Processing file /home/airflow/.local/lib/python3.12/site-packages/airflow/example_dags/example_params_ui_tutorial.py for tasks to queue
[2025-06-12T14:27:13.299+0000] {logging_mixin.py:188} INFO - [2025-06-12T14:27:13.299+0000] {dagbag.py:540} INFO - Filling up the DagBag from /home/airflow/.local/lib/python3.12/site-packages/airflow/example_dags/example_params_ui_tutorial.py
[2025-06-12T14:27:13.307+0000] {processor.py:840} INFO - DAG(s) 'example_params_ui_tutorial' retrieved from /home/airflow/.local/lib/python3.12/site-packages/airflow/example_dags/example_params_ui_tutorial.py
[2025-06-12T14:27:13.504+0000] {logging_mixin.py:188} INFO - [2025-06-12T14:27:13.504+0000] {dag.py:3096} INFO - Sync 1 DAGs
[2025-06-12T14:27:13.512+0000] {logging_mixin.py:188} INFO - [2025-06-12T14:27:13.512+0000] {dag.py:3954} INFO - Setting next_dagrun for example_params_ui_tutorial to None, run_after=None
[2025-06-12T14:27:13.526+0000] {processor.py:183} INFO - Processing /home/airflow/.local/lib/python3.12/site-packages/airflow/example_dags/example_params_ui_tutorial.py took 0.236 seconds
[2025-06-12T14:27:44.494+0000] {processor.py:161} INFO - Started process (PID=1341) to work on /home/airflow/.local/lib/python3.12/site-packages/airflow/example_dags/example_params_ui_tutorial.py
[2025-06-12T14:27:44.495+0000] {processor.py:830} INFO - Processing file /home/airflow/.local/lib/python3.12/site-packages/airflow/example_dags/example_params_ui_tutorial.py for tasks to queue
[2025-06-12T14:27:44.496+0000] {logging_mixin.py:188} INFO - [2025-06-12T14:27:44.496+0000] {dagbag.py:540} INFO - Filling up the DagBag from /home/airflow/.local/lib/python3.12/site-packages/airflow/example_dags/example_params_ui_tutorial.py
[2025-06-12T14:27:44.502+0000] {processor.py:840} INFO - DAG(s) 'example_params_ui_tutorial' retrieved from /home/airflow/.local/lib/python3.12/site-packages/airflow/example_dags/example_params_ui_tutorial.py
[2025-06-12T14:27:44.531+0000] {logging_mixin.py:188} INFO - [2025-06-12T14:27:44.531+0000] {dag.py:3096} INFO - Sync 1 DAGs
[2025-06-12T14:27:44.666+0000] {logging_mixin.py:188} INFO - [2025-06-12T14:27:44.666+0000] {dag.py:3954} INFO - Setting next_dagrun for example_params_ui_tutorial to None, run_after=None
[2025-06-12T14:27:44.681+0000] {processor.py:183} INFO - Processing /home/airflow/.local/lib/python3.12/site-packages/airflow/example_dags/example_params_ui_tutorial.py took 0.189 seconds
[2025-06-12T14:35:52.072+0000] {processor.py:161} INFO - Started process (PID=59) to work on /home/airflow/.local/lib/python3.12/site-packages/airflow/example_dags/example_params_ui_tutorial.py
[2025-06-12T14:35:52.074+0000] {processor.py:830} INFO - Processing file /home/airflow/.local/lib/python3.12/site-packages/airflow/example_dags/example_params_ui_tutorial.py for tasks to queue
[2025-06-12T14:35:52.076+0000] {logging_mixin.py:188} INFO - [2025-06-12T14:35:52.076+0000] {dagbag.py:540} INFO - Filling up the DagBag from /home/airflow/.local/lib/python3.12/site-packages/airflow/example_dags/example_params_ui_tutorial.py
[2025-06-12T14:35:52.097+0000] {processor.py:840} INFO - DAG(s) 'example_params_ui_tutorial' retrieved from /home/airflow/.local/lib/python3.12/site-packages/airflow/example_dags/example_params_ui_tutorial.py
[2025-06-12T14:35:52.114+0000] {logging_mixin.py:188} INFO - [2025-06-12T14:35:52.114+0000] {dag.py:3096} INFO - Sync 1 DAGs
[2025-06-12T14:35:52.125+0000] {logging_mixin.py:188} INFO - [2025-06-12T14:35:52.125+0000] {dag.py:3954} INFO - Setting next_dagrun for example_params_ui_tutorial to None, run_after=None
[2025-06-12T14:35:52.150+0000] {processor.py:183} INFO - Processing /home/airflow/.local/lib/python3.12/site-packages/airflow/example_dags/example_params_ui_tutorial.py took 0.082 seconds
[2025-06-12T14:36:22.314+0000] {processor.py:161} INFO - Started process (PID=126) to work on /home/airflow/.local/lib/python3.12/site-packages/airflow/example_dags/example_params_ui_tutorial.py
[2025-06-12T14:36:22.315+0000] {processor.py:830} INFO - Processing file /home/airflow/.local/lib/python3.12/site-packages/airflow/example_dags/example_params_ui_tutorial.py for tasks to queue
[2025-06-12T14:36:22.327+0000] {logging_mixin.py:188} INFO - [2025-06-12T14:36:22.327+0000] {dagbag.py:540} INFO - Filling up the DagBag from /home/airflow/.local/lib/python3.12/site-packages/airflow/example_dags/example_params_ui_tutorial.py
[2025-06-12T14:36:22.344+0000] {processor.py:840} INFO - DAG(s) 'example_params_ui_tutorial' retrieved from /home/airflow/.local/lib/python3.12/site-packages/airflow/example_dags/example_params_ui_tutorial.py
[2025-06-12T14:36:22.464+0000] {logging_mixin.py:188} INFO - [2025-06-12T14:36:22.464+0000] {dag.py:3096} INFO - Sync 1 DAGs
[2025-06-12T14:36:22.478+0000] {logging_mixin.py:188} INFO - [2025-06-12T14:36:22.478+0000] {dag.py:3954} INFO - Setting next_dagrun for example_params_ui_tutorial to None, run_after=None
[2025-06-12T14:36:22.513+0000] {processor.py:183} INFO - Processing /home/airflow/.local/lib/python3.12/site-packages/airflow/example_dags/example_params_ui_tutorial.py took 0.204 seconds
[2025-06-12T14:36:52.933+0000] {processor.py:161} INFO - Started process (PID=199) to work on /home/airflow/.local/lib/python3.12/site-packages/airflow/example_dags/example_params_ui_tutorial.py
[2025-06-12T14:36:52.935+0000] {processor.py:830} INFO - Processing file /home/airflow/.local/lib/python3.12/site-packages/airflow/example_dags/example_params_ui_tutorial.py for tasks to queue
[2025-06-12T14:36:52.937+0000] {logging_mixin.py:188} INFO - [2025-06-12T14:36:52.936+0000] {dagbag.py:540} INFO - Filling up the DagBag from /home/airflow/.local/lib/python3.12/site-packages/airflow/example_dags/example_params_ui_tutorial.py
[2025-06-12T14:36:52.944+0000] {processor.py:840} INFO - DAG(s) 'example_params_ui_tutorial' retrieved from /home/airflow/.local/lib/python3.12/site-packages/airflow/example_dags/example_params_ui_tutorial.py
[2025-06-12T14:36:52.978+0000] {logging_mixin.py:188} INFO - [2025-06-12T14:36:52.978+0000] {dag.py:3096} INFO - Sync 1 DAGs
[2025-06-12T14:36:52.983+0000] {logging_mixin.py:188} INFO - [2025-06-12T14:36:52.983+0000] {dag.py:3954} INFO - Setting next_dagrun for example_params_ui_tutorial to None, run_after=None
[2025-06-12T14:36:52.993+0000] {processor.py:183} INFO - Processing /home/airflow/.local/lib/python3.12/site-packages/airflow/example_dags/example_params_ui_tutorial.py took 0.062 seconds
[2025-06-12T14:37:24.222+0000] {processor.py:161} INFO - Started process (PID=273) to work on /home/airflow/.local/lib/python3.12/site-packages/airflow/example_dags/example_params_ui_tutorial.py
[2025-06-12T14:37:24.223+0000] {processor.py:830} INFO - Processing file /home/airflow/.local/lib/python3.12/site-packages/airflow/example_dags/example_params_ui_tutorial.py for tasks to queue
[2025-06-12T14:37:24.224+0000] {logging_mixin.py:188} INFO - [2025-06-12T14:37:24.224+0000] {dagbag.py:540} INFO - Filling up the DagBag from /home/airflow/.local/lib/python3.12/site-packages/airflow/example_dags/example_params_ui_tutorial.py
[2025-06-12T14:37:24.239+0000] {processor.py:840} INFO - DAG(s) 'example_params_ui_tutorial' retrieved from /home/airflow/.local/lib/python3.12/site-packages/airflow/example_dags/example_params_ui_tutorial.py
[2025-06-12T14:37:24.279+0000] {logging_mixin.py:188} INFO - [2025-06-12T14:37:24.279+0000] {dag.py:3096} INFO - Sync 1 DAGs
[2025-06-12T14:37:24.288+0000] {logging_mixin.py:188} INFO - [2025-06-12T14:37:24.288+0000] {dag.py:3954} INFO - Setting next_dagrun for example_params_ui_tutorial to None, run_after=None
[2025-06-12T14:37:24.309+0000] {processor.py:183} INFO - Processing /home/airflow/.local/lib/python3.12/site-packages/airflow/example_dags/example_params_ui_tutorial.py took 0.091 seconds
[2025-06-12T14:37:54.777+0000] {processor.py:161} INFO - Started process (PID=340) to work on /home/airflow/.local/lib/python3.12/site-packages/airflow/example_dags/example_params_ui_tutorial.py
[2025-06-12T14:37:54.778+0000] {processor.py:830} INFO - Processing file /home/airflow/.local/lib/python3.12/site-packages/airflow/example_dags/example_params_ui_tutorial.py for tasks to queue
[2025-06-12T14:37:54.779+0000] {logging_mixin.py:188} INFO - [2025-06-12T14:37:54.779+0000] {dagbag.py:540} INFO - Filling up the DagBag from /home/airflow/.local/lib/python3.12/site-packages/airflow/example_dags/example_params_ui_tutorial.py
[2025-06-12T14:37:54.785+0000] {processor.py:840} INFO - DAG(s) 'example_params_ui_tutorial' retrieved from /home/airflow/.local/lib/python3.12/site-packages/airflow/example_dags/example_params_ui_tutorial.py
[2025-06-12T14:37:54.814+0000] {logging_mixin.py:188} INFO - [2025-06-12T14:37:54.814+0000] {dag.py:3096} INFO - Sync 1 DAGs
[2025-06-12T14:37:54.819+0000] {logging_mixin.py:188} INFO - [2025-06-12T14:37:54.819+0000] {dag.py:3954} INFO - Setting next_dagrun for example_params_ui_tutorial to None, run_after=None
[2025-06-12T14:37:54.830+0000] {processor.py:183} INFO - Processing /home/airflow/.local/lib/python3.12/site-packages/airflow/example_dags/example_params_ui_tutorial.py took 0.055 seconds
[2025-06-12T14:38:25.421+0000] {processor.py:161} INFO - Started process (PID=415) to work on /home/airflow/.local/lib/python3.12/site-packages/airflow/example_dags/example_params_ui_tutorial.py
[2025-06-12T14:38:25.422+0000] {processor.py:830} INFO - Processing file /home/airflow/.local/lib/python3.12/site-packages/airflow/example_dags/example_params_ui_tutorial.py for tasks to queue
[2025-06-12T14:38:25.422+0000] {logging_mixin.py:188} INFO - [2025-06-12T14:38:25.422+0000] {dagbag.py:540} INFO - Filling up the DagBag from /home/airflow/.local/lib/python3.12/site-packages/airflow/example_dags/example_params_ui_tutorial.py
[2025-06-12T14:38:25.428+0000] {processor.py:840} INFO - DAG(s) 'example_params_ui_tutorial' retrieved from /home/airflow/.local/lib/python3.12/site-packages/airflow/example_dags/example_params_ui_tutorial.py
[2025-06-12T14:38:25.452+0000] {logging_mixin.py:188} INFO - [2025-06-12T14:38:25.452+0000] {dag.py:3096} INFO - Sync 1 DAGs
[2025-06-12T14:38:25.459+0000] {logging_mixin.py:188} INFO - [2025-06-12T14:38:25.459+0000] {dag.py:3954} INFO - Setting next_dagrun for example_params_ui_tutorial to None, run_after=None
[2025-06-12T14:38:25.470+0000] {processor.py:183} INFO - Processing /home/airflow/.local/lib/python3.12/site-packages/airflow/example_dags/example_params_ui_tutorial.py took 0.052 seconds
[2025-06-12T14:38:55.567+0000] {processor.py:161} INFO - Started process (PID=482) to work on /home/airflow/.local/lib/python3.12/site-packages/airflow/example_dags/example_params_ui_tutorial.py
[2025-06-12T14:38:55.569+0000] {processor.py:830} INFO - Processing file /home/airflow/.local/lib/python3.12/site-packages/airflow/example_dags/example_params_ui_tutorial.py for tasks to queue
[2025-06-12T14:38:55.570+0000] {logging_mixin.py:188} INFO - [2025-06-12T14:38:55.570+0000] {dagbag.py:540} INFO - Filling up the DagBag from /home/airflow/.local/lib/python3.12/site-packages/airflow/example_dags/example_params_ui_tutorial.py
[2025-06-12T14:38:55.577+0000] {processor.py:840} INFO - DAG(s) 'example_params_ui_tutorial' retrieved from /home/airflow/.local/lib/python3.12/site-packages/airflow/example_dags/example_params_ui_tutorial.py
[2025-06-12T14:38:55.600+0000] {logging_mixin.py:188} INFO - [2025-06-12T14:38:55.600+0000] {dag.py:3096} INFO - Sync 1 DAGs
[2025-06-12T14:38:55.605+0000] {logging_mixin.py:188} INFO - [2025-06-12T14:38:55.605+0000] {dag.py:3954} INFO - Setting next_dagrun for example_params_ui_tutorial to None, run_after=None
[2025-06-12T14:38:55.616+0000] {processor.py:183} INFO - Processing /home/airflow/.local/lib/python3.12/site-packages/airflow/example_dags/example_params_ui_tutorial.py took 0.052 seconds
[2025-06-12T14:39:25.975+0000] {processor.py:161} INFO - Started process (PID=556) to work on /home/airflow/.local/lib/python3.12/site-packages/airflow/example_dags/example_params_ui_tutorial.py
[2025-06-12T14:39:25.976+0000] {processor.py:830} INFO - Processing file /home/airflow/.local/lib/python3.12/site-packages/airflow/example_dags/example_params_ui_tutorial.py for tasks to queue
[2025-06-12T14:39:25.977+0000] {logging_mixin.py:188} INFO - [2025-06-12T14:39:25.977+0000] {dagbag.py:540} INFO - Filling up the DagBag from /home/airflow/.local/lib/python3.12/site-packages/airflow/example_dags/example_params_ui_tutorial.py
[2025-06-12T14:39:25.984+0000] {processor.py:840} INFO - DAG(s) 'example_params_ui_tutorial' retrieved from /home/airflow/.local/lib/python3.12/site-packages/airflow/example_dags/example_params_ui_tutorial.py
[2025-06-12T14:39:26.014+0000] {logging_mixin.py:188} INFO - [2025-06-12T14:39:26.014+0000] {dag.py:3096} INFO - Sync 1 DAGs
[2025-06-12T14:39:26.020+0000] {logging_mixin.py:188} INFO - [2025-06-12T14:39:26.020+0000] {dag.py:3954} INFO - Setting next_dagrun for example_params_ui_tutorial to None, run_after=None
[2025-06-12T14:39:26.029+0000] {processor.py:183} INFO - Processing /home/airflow/.local/lib/python3.12/site-packages/airflow/example_dags/example_params_ui_tutorial.py took 0.056 seconds
[2025-06-12T14:46:31.530+0000] {processor.py:161} INFO - Started process (PID=61) to work on /home/airflow/.local/lib/python3.12/site-packages/airflow/example_dags/example_params_ui_tutorial.py
[2025-06-12T14:46:31.532+0000] {processor.py:830} INFO - Processing file /home/airflow/.local/lib/python3.12/site-packages/airflow/example_dags/example_params_ui_tutorial.py for tasks to queue
[2025-06-12T14:46:31.534+0000] {logging_mixin.py:188} INFO - [2025-06-12T14:46:31.533+0000] {dagbag.py:540} INFO - Filling up the DagBag from /home/airflow/.local/lib/python3.12/site-packages/airflow/example_dags/example_params_ui_tutorial.py
[2025-06-12T14:46:31.560+0000] {processor.py:840} INFO - DAG(s) 'example_params_ui_tutorial' retrieved from /home/airflow/.local/lib/python3.12/site-packages/airflow/example_dags/example_params_ui_tutorial.py
[2025-06-12T14:46:31.590+0000] {logging_mixin.py:188} INFO - [2025-06-12T14:46:31.590+0000] {dag.py:3096} INFO - Sync 1 DAGs
[2025-06-12T14:46:31.613+0000] {logging_mixin.py:188} INFO - [2025-06-12T14:46:31.613+0000] {dag.py:3954} INFO - Setting next_dagrun for example_params_ui_tutorial to None, run_after=None
[2025-06-12T14:46:31.644+0000] {processor.py:183} INFO - Processing /home/airflow/.local/lib/python3.12/site-packages/airflow/example_dags/example_params_ui_tutorial.py took 0.127 seconds
[2025-06-12T14:47:02.093+0000] {processor.py:161} INFO - Started process (PID=128) to work on /home/airflow/.local/lib/python3.12/site-packages/airflow/example_dags/example_params_ui_tutorial.py
[2025-06-12T14:47:02.096+0000] {processor.py:830} INFO - Processing file /home/airflow/.local/lib/python3.12/site-packages/airflow/example_dags/example_params_ui_tutorial.py for tasks to queue
[2025-06-12T14:47:02.099+0000] {logging_mixin.py:188} INFO - [2025-06-12T14:47:02.098+0000] {dagbag.py:540} INFO - Filling up the DagBag from /home/airflow/.local/lib/python3.12/site-packages/airflow/example_dags/example_params_ui_tutorial.py
[2025-06-12T14:47:02.104+0000] {processor.py:840} INFO - DAG(s) 'example_params_ui_tutorial' retrieved from /home/airflow/.local/lib/python3.12/site-packages/airflow/example_dags/example_params_ui_tutorial.py
[2025-06-12T14:47:02.167+0000] {logging_mixin.py:188} INFO - [2025-06-12T14:47:02.167+0000] {dag.py:3096} INFO - Sync 1 DAGs
[2025-06-12T14:47:02.172+0000] {logging_mixin.py:188} INFO - [2025-06-12T14:47:02.172+0000] {dag.py:3954} INFO - Setting next_dagrun for example_params_ui_tutorial to None, run_after=None
[2025-06-12T14:47:02.187+0000] {processor.py:183} INFO - Processing /home/airflow/.local/lib/python3.12/site-packages/airflow/example_dags/example_params_ui_tutorial.py took 0.098 seconds
[2025-06-12T14:47:32.868+0000] {processor.py:161} INFO - Started process (PID=201) to work on /home/airflow/.local/lib/python3.12/site-packages/airflow/example_dags/example_params_ui_tutorial.py
[2025-06-12T14:47:32.868+0000] {processor.py:830} INFO - Processing file /home/airflow/.local/lib/python3.12/site-packages/airflow/example_dags/example_params_ui_tutorial.py for tasks to queue
[2025-06-12T14:47:32.869+0000] {logging_mixin.py:188} INFO - [2025-06-12T14:47:32.869+0000] {dagbag.py:540} INFO - Filling up the DagBag from /home/airflow/.local/lib/python3.12/site-packages/airflow/example_dags/example_params_ui_tutorial.py
[2025-06-12T14:47:32.878+0000] {processor.py:840} INFO - DAG(s) 'example_params_ui_tutorial' retrieved from /home/airflow/.local/lib/python3.12/site-packages/airflow/example_dags/example_params_ui_tutorial.py
[2025-06-12T14:47:32.915+0000] {logging_mixin.py:188} INFO - [2025-06-12T14:47:32.915+0000] {dag.py:3096} INFO - Sync 1 DAGs
[2025-06-12T14:47:32.921+0000] {logging_mixin.py:188} INFO - [2025-06-12T14:47:32.921+0000] {dag.py:3954} INFO - Setting next_dagrun for example_params_ui_tutorial to None, run_after=None
[2025-06-12T14:47:32.929+0000] {processor.py:183} INFO - Processing /home/airflow/.local/lib/python3.12/site-packages/airflow/example_dags/example_params_ui_tutorial.py took 0.065 seconds
[2025-06-12T14:48:03.033+0000] {processor.py:161} INFO - Started process (PID=268) to work on /home/airflow/.local/lib/python3.12/site-packages/airflow/example_dags/example_params_ui_tutorial.py
[2025-06-12T14:48:03.034+0000] {processor.py:830} INFO - Processing file /home/airflow/.local/lib/python3.12/site-packages/airflow/example_dags/example_params_ui_tutorial.py for tasks to queue
[2025-06-12T14:48:03.034+0000] {logging_mixin.py:188} INFO - [2025-06-12T14:48:03.034+0000] {dagbag.py:540} INFO - Filling up the DagBag from /home/airflow/.local/lib/python3.12/site-packages/airflow/example_dags/example_params_ui_tutorial.py
[2025-06-12T14:48:03.040+0000] {processor.py:840} INFO - DAG(s) 'example_params_ui_tutorial' retrieved from /home/airflow/.local/lib/python3.12/site-packages/airflow/example_dags/example_params_ui_tutorial.py
[2025-06-12T14:48:03.069+0000] {logging_mixin.py:188} INFO - [2025-06-12T14:48:03.069+0000] {dag.py:3096} INFO - Sync 1 DAGs
[2025-06-12T14:48:03.075+0000] {logging_mixin.py:188} INFO - [2025-06-12T14:48:03.075+0000] {dag.py:3954} INFO - Setting next_dagrun for example_params_ui_tutorial to None, run_after=None
[2025-06-12T14:48:03.083+0000] {processor.py:183} INFO - Processing /home/airflow/.local/lib/python3.12/site-packages/airflow/example_dags/example_params_ui_tutorial.py took 0.052 seconds
[2025-06-12T15:07:49.761+0000] {processor.py:161} INFO - Started process (PID=61) to work on /home/airflow/.local/lib/python3.12/site-packages/airflow/example_dags/example_params_ui_tutorial.py
[2025-06-12T15:07:49.762+0000] {processor.py:830} INFO - Processing file /home/airflow/.local/lib/python3.12/site-packages/airflow/example_dags/example_params_ui_tutorial.py for tasks to queue
[2025-06-12T15:07:49.769+0000] {logging_mixin.py:188} INFO - [2025-06-12T15:07:49.769+0000] {dagbag.py:540} INFO - Filling up the DagBag from /home/airflow/.local/lib/python3.12/site-packages/airflow/example_dags/example_params_ui_tutorial.py
[2025-06-12T15:07:49.795+0000] {processor.py:840} INFO - DAG(s) 'example_params_ui_tutorial' retrieved from /home/airflow/.local/lib/python3.12/site-packages/airflow/example_dags/example_params_ui_tutorial.py
[2025-06-12T15:07:49.823+0000] {logging_mixin.py:188} INFO - [2025-06-12T15:07:49.822+0000] {dag.py:3096} INFO - Sync 1 DAGs
[2025-06-12T15:07:49.840+0000] {logging_mixin.py:188} INFO - [2025-06-12T15:07:49.840+0000] {dag.py:3954} INFO - Setting next_dagrun for example_params_ui_tutorial to None, run_after=None
[2025-06-12T15:07:49.881+0000] {processor.py:183} INFO - Processing /home/airflow/.local/lib/python3.12/site-packages/airflow/example_dags/example_params_ui_tutorial.py took 0.127 seconds
[2025-06-12T15:08:20.492+0000] {processor.py:161} INFO - Started process (PID=128) to work on /home/airflow/.local/lib/python3.12/site-packages/airflow/example_dags/example_params_ui_tutorial.py
[2025-06-12T15:08:20.493+0000] {processor.py:830} INFO - Processing file /home/airflow/.local/lib/python3.12/site-packages/airflow/example_dags/example_params_ui_tutorial.py for tasks to queue
[2025-06-12T15:08:20.493+0000] {logging_mixin.py:188} INFO - [2025-06-12T15:08:20.493+0000] {dagbag.py:540} INFO - Filling up the DagBag from /home/airflow/.local/lib/python3.12/site-packages/airflow/example_dags/example_params_ui_tutorial.py
[2025-06-12T15:08:20.498+0000] {processor.py:840} INFO - DAG(s) 'example_params_ui_tutorial' retrieved from /home/airflow/.local/lib/python3.12/site-packages/airflow/example_dags/example_params_ui_tutorial.py
[2025-06-12T15:08:20.558+0000] {logging_mixin.py:188} INFO - [2025-06-12T15:08:20.558+0000] {dag.py:3096} INFO - Sync 1 DAGs
[2025-06-12T15:08:20.563+0000] {logging_mixin.py:188} INFO - [2025-06-12T15:08:20.563+0000] {dag.py:3954} INFO - Setting next_dagrun for example_params_ui_tutorial to None, run_after=None
[2025-06-12T15:08:20.577+0000] {processor.py:183} INFO - Processing /home/airflow/.local/lib/python3.12/site-packages/airflow/example_dags/example_params_ui_tutorial.py took 0.087 seconds
[2025-06-12T15:08:51.553+0000] {processor.py:161} INFO - Started process (PID=202) to work on /home/airflow/.local/lib/python3.12/site-packages/airflow/example_dags/example_params_ui_tutorial.py
[2025-06-12T15:08:51.554+0000] {processor.py:830} INFO - Processing file /home/airflow/.local/lib/python3.12/site-packages/airflow/example_dags/example_params_ui_tutorial.py for tasks to queue
[2025-06-12T15:08:51.556+0000] {logging_mixin.py:188} INFO - [2025-06-12T15:08:51.555+0000] {dagbag.py:540} INFO - Filling up the DagBag from /home/airflow/.local/lib/python3.12/site-packages/airflow/example_dags/example_params_ui_tutorial.py
[2025-06-12T15:08:51.565+0000] {processor.py:840} INFO - DAG(s) 'example_params_ui_tutorial' retrieved from /home/airflow/.local/lib/python3.12/site-packages/airflow/example_dags/example_params_ui_tutorial.py
[2025-06-12T15:08:51.601+0000] {logging_mixin.py:188} INFO - [2025-06-12T15:08:51.601+0000] {dag.py:3096} INFO - Sync 1 DAGs
[2025-06-12T15:08:51.610+0000] {logging_mixin.py:188} INFO - [2025-06-12T15:08:51.610+0000] {dag.py:3954} INFO - Setting next_dagrun for example_params_ui_tutorial to None, run_after=None
[2025-06-12T15:08:51.627+0000] {processor.py:183} INFO - Processing /home/airflow/.local/lib/python3.12/site-packages/airflow/example_dags/example_params_ui_tutorial.py took 0.078 seconds
[2025-06-12T15:09:21.869+0000] {processor.py:161} INFO - Started process (PID=269) to work on /home/airflow/.local/lib/python3.12/site-packages/airflow/example_dags/example_params_ui_tutorial.py
[2025-06-12T15:09:21.869+0000] {processor.py:830} INFO - Processing file /home/airflow/.local/lib/python3.12/site-packages/airflow/example_dags/example_params_ui_tutorial.py for tasks to queue
[2025-06-12T15:09:21.870+0000] {logging_mixin.py:188} INFO - [2025-06-12T15:09:21.870+0000] {dagbag.py:540} INFO - Filling up the DagBag from /home/airflow/.local/lib/python3.12/site-packages/airflow/example_dags/example_params_ui_tutorial.py
[2025-06-12T15:09:21.876+0000] {processor.py:840} INFO - DAG(s) 'example_params_ui_tutorial' retrieved from /home/airflow/.local/lib/python3.12/site-packages/airflow/example_dags/example_params_ui_tutorial.py
[2025-06-12T15:09:21.901+0000] {logging_mixin.py:188} INFO - [2025-06-12T15:09:21.901+0000] {dag.py:3096} INFO - Sync 1 DAGs
[2025-06-12T15:09:21.908+0000] {logging_mixin.py:188} INFO - [2025-06-12T15:09:21.907+0000] {dag.py:3954} INFO - Setting next_dagrun for example_params_ui_tutorial to None, run_after=None
[2025-06-12T15:09:21.916+0000] {processor.py:183} INFO - Processing /home/airflow/.local/lib/python3.12/site-packages/airflow/example_dags/example_params_ui_tutorial.py took 0.051 seconds
[2025-06-12T15:09:52.426+0000] {processor.py:161} INFO - Started process (PID=343) to work on /home/airflow/.local/lib/python3.12/site-packages/airflow/example_dags/example_params_ui_tutorial.py
[2025-06-12T15:09:52.427+0000] {processor.py:830} INFO - Processing file /home/airflow/.local/lib/python3.12/site-packages/airflow/example_dags/example_params_ui_tutorial.py for tasks to queue
[2025-06-12T15:09:52.429+0000] {logging_mixin.py:188} INFO - [2025-06-12T15:09:52.428+0000] {dagbag.py:540} INFO - Filling up the DagBag from /home/airflow/.local/lib/python3.12/site-packages/airflow/example_dags/example_params_ui_tutorial.py
[2025-06-12T15:09:52.436+0000] {processor.py:840} INFO - DAG(s) 'example_params_ui_tutorial' retrieved from /home/airflow/.local/lib/python3.12/site-packages/airflow/example_dags/example_params_ui_tutorial.py
[2025-06-12T15:09:52.467+0000] {logging_mixin.py:188} INFO - [2025-06-12T15:09:52.466+0000] {dag.py:3096} INFO - Sync 1 DAGs
[2025-06-12T15:09:52.472+0000] {logging_mixin.py:188} INFO - [2025-06-12T15:09:52.472+0000] {dag.py:3954} INFO - Setting next_dagrun for example_params_ui_tutorial to None, run_after=None
[2025-06-12T15:09:52.481+0000] {processor.py:183} INFO - Processing /home/airflow/.local/lib/python3.12/site-packages/airflow/example_dags/example_params_ui_tutorial.py took 0.058 seconds
[2025-06-12T15:10:22.525+0000] {processor.py:161} INFO - Started process (PID=410) to work on /home/airflow/.local/lib/python3.12/site-packages/airflow/example_dags/example_params_ui_tutorial.py
[2025-06-12T15:10:22.525+0000] {processor.py:830} INFO - Processing file /home/airflow/.local/lib/python3.12/site-packages/airflow/example_dags/example_params_ui_tutorial.py for tasks to queue
[2025-06-12T15:10:22.526+0000] {logging_mixin.py:188} INFO - [2025-06-12T15:10:22.526+0000] {dagbag.py:540} INFO - Filling up the DagBag from /home/airflow/.local/lib/python3.12/site-packages/airflow/example_dags/example_params_ui_tutorial.py
[2025-06-12T15:10:22.533+0000] {processor.py:840} INFO - DAG(s) 'example_params_ui_tutorial' retrieved from /home/airflow/.local/lib/python3.12/site-packages/airflow/example_dags/example_params_ui_tutorial.py
[2025-06-12T15:10:22.561+0000] {logging_mixin.py:188} INFO - [2025-06-12T15:10:22.560+0000] {dag.py:3096} INFO - Sync 1 DAGs
[2025-06-12T15:10:22.567+0000] {logging_mixin.py:188} INFO - [2025-06-12T15:10:22.567+0000] {dag.py:3954} INFO - Setting next_dagrun for example_params_ui_tutorial to None, run_after=None
[2025-06-12T15:10:22.581+0000] {processor.py:183} INFO - Processing /home/airflow/.local/lib/python3.12/site-packages/airflow/example_dags/example_params_ui_tutorial.py took 0.059 seconds
[2025-06-12T15:10:52.739+0000] {processor.py:161} INFO - Started process (PID=484) to work on /home/airflow/.local/lib/python3.12/site-packages/airflow/example_dags/example_params_ui_tutorial.py
[2025-06-12T15:10:52.739+0000] {processor.py:830} INFO - Processing file /home/airflow/.local/lib/python3.12/site-packages/airflow/example_dags/example_params_ui_tutorial.py for tasks to queue
[2025-06-12T15:10:52.740+0000] {logging_mixin.py:188} INFO - [2025-06-12T15:10:52.740+0000] {dagbag.py:540} INFO - Filling up the DagBag from /home/airflow/.local/lib/python3.12/site-packages/airflow/example_dags/example_params_ui_tutorial.py
[2025-06-12T15:10:52.745+0000] {processor.py:840} INFO - DAG(s) 'example_params_ui_tutorial' retrieved from /home/airflow/.local/lib/python3.12/site-packages/airflow/example_dags/example_params_ui_tutorial.py
[2025-06-12T15:10:52.766+0000] {logging_mixin.py:188} INFO - [2025-06-12T15:10:52.766+0000] {dag.py:3096} INFO - Sync 1 DAGs
[2025-06-12T15:10:52.772+0000] {logging_mixin.py:188} INFO - [2025-06-12T15:10:52.772+0000] {dag.py:3954} INFO - Setting next_dagrun for example_params_ui_tutorial to None, run_after=None
[2025-06-12T15:10:52.785+0000] {processor.py:183} INFO - Processing /home/airflow/.local/lib/python3.12/site-packages/airflow/example_dags/example_params_ui_tutorial.py took 0.049 seconds
[2025-06-12T15:11:23.059+0000] {processor.py:161} INFO - Started process (PID=557) to work on /home/airflow/.local/lib/python3.12/site-packages/airflow/example_dags/example_params_ui_tutorial.py
[2025-06-12T15:11:23.060+0000] {processor.py:830} INFO - Processing file /home/airflow/.local/lib/python3.12/site-packages/airflow/example_dags/example_params_ui_tutorial.py for tasks to queue
[2025-06-12T15:11:23.061+0000] {logging_mixin.py:188} INFO - [2025-06-12T15:11:23.061+0000] {dagbag.py:540} INFO - Filling up the DagBag from /home/airflow/.local/lib/python3.12/site-packages/airflow/example_dags/example_params_ui_tutorial.py
[2025-06-12T15:11:23.070+0000] {processor.py:840} INFO - DAG(s) 'example_params_ui_tutorial' retrieved from /home/airflow/.local/lib/python3.12/site-packages/airflow/example_dags/example_params_ui_tutorial.py
[2025-06-12T15:11:23.101+0000] {logging_mixin.py:188} INFO - [2025-06-12T15:11:23.100+0000] {dag.py:3096} INFO - Sync 1 DAGs
[2025-06-12T15:11:23.106+0000] {logging_mixin.py:188} INFO - [2025-06-12T15:11:23.106+0000] {dag.py:3954} INFO - Setting next_dagrun for example_params_ui_tutorial to None, run_after=None
[2025-06-12T15:11:23.115+0000] {processor.py:183} INFO - Processing /home/airflow/.local/lib/python3.12/site-packages/airflow/example_dags/example_params_ui_tutorial.py took 0.058 seconds
[2025-06-12T15:11:53.299+0000] {processor.py:161} INFO - Started process (PID=623) to work on /home/airflow/.local/lib/python3.12/site-packages/airflow/example_dags/example_params_ui_tutorial.py
[2025-06-12T15:11:53.301+0000] {processor.py:830} INFO - Processing file /home/airflow/.local/lib/python3.12/site-packages/airflow/example_dags/example_params_ui_tutorial.py for tasks to queue
[2025-06-12T15:11:53.303+0000] {logging_mixin.py:188} INFO - [2025-06-12T15:11:53.303+0000] {dagbag.py:540} INFO - Filling up the DagBag from /home/airflow/.local/lib/python3.12/site-packages/airflow/example_dags/example_params_ui_tutorial.py
[2025-06-12T15:11:53.311+0000] {processor.py:840} INFO - DAG(s) 'example_params_ui_tutorial' retrieved from /home/airflow/.local/lib/python3.12/site-packages/airflow/example_dags/example_params_ui_tutorial.py
[2025-06-12T15:11:53.332+0000] {logging_mixin.py:188} INFO - [2025-06-12T15:11:53.332+0000] {dag.py:3096} INFO - Sync 1 DAGs
[2025-06-12T15:11:53.336+0000] {logging_mixin.py:188} INFO - [2025-06-12T15:11:53.336+0000] {dag.py:3954} INFO - Setting next_dagrun for example_params_ui_tutorial to None, run_after=None
[2025-06-12T15:11:53.347+0000] {processor.py:183} INFO - Processing /home/airflow/.local/lib/python3.12/site-packages/airflow/example_dags/example_params_ui_tutorial.py took 0.050 seconds
[2025-06-12T15:12:23.531+0000] {processor.py:161} INFO - Started process (PID=696) to work on /home/airflow/.local/lib/python3.12/site-packages/airflow/example_dags/example_params_ui_tutorial.py
[2025-06-12T15:12:23.533+0000] {processor.py:830} INFO - Processing file /home/airflow/.local/lib/python3.12/site-packages/airflow/example_dags/example_params_ui_tutorial.py for tasks to queue
[2025-06-12T15:12:23.534+0000] {logging_mixin.py:188} INFO - [2025-06-12T15:12:23.534+0000] {dagbag.py:540} INFO - Filling up the DagBag from /home/airflow/.local/lib/python3.12/site-packages/airflow/example_dags/example_params_ui_tutorial.py
[2025-06-12T15:12:23.541+0000] {processor.py:840} INFO - DAG(s) 'example_params_ui_tutorial' retrieved from /home/airflow/.local/lib/python3.12/site-packages/airflow/example_dags/example_params_ui_tutorial.py
[2025-06-12T15:12:23.573+0000] {logging_mixin.py:188} INFO - [2025-06-12T15:12:23.573+0000] {dag.py:3096} INFO - Sync 1 DAGs
[2025-06-12T15:12:23.578+0000] {logging_mixin.py:188} INFO - [2025-06-12T15:12:23.578+0000] {dag.py:3954} INFO - Setting next_dagrun for example_params_ui_tutorial to None, run_after=None
[2025-06-12T15:12:23.586+0000] {processor.py:183} INFO - Processing /home/airflow/.local/lib/python3.12/site-packages/airflow/example_dags/example_params_ui_tutorial.py took 0.057 seconds
[2025-06-12T15:12:54.639+0000] {processor.py:161} INFO - Started process (PID=770) to work on /home/airflow/.local/lib/python3.12/site-packages/airflow/example_dags/example_params_ui_tutorial.py
[2025-06-12T15:12:54.640+0000] {processor.py:830} INFO - Processing file /home/airflow/.local/lib/python3.12/site-packages/airflow/example_dags/example_params_ui_tutorial.py for tasks to queue
[2025-06-12T15:12:54.641+0000] {logging_mixin.py:188} INFO - [2025-06-12T15:12:54.641+0000] {dagbag.py:540} INFO - Filling up the DagBag from /home/airflow/.local/lib/python3.12/site-packages/airflow/example_dags/example_params_ui_tutorial.py
[2025-06-12T15:12:54.649+0000] {processor.py:840} INFO - DAG(s) 'example_params_ui_tutorial' retrieved from /home/airflow/.local/lib/python3.12/site-packages/airflow/example_dags/example_params_ui_tutorial.py
[2025-06-12T15:12:54.694+0000] {logging_mixin.py:188} INFO - [2025-06-12T15:12:54.693+0000] {dag.py:3096} INFO - Sync 1 DAGs
[2025-06-12T15:12:54.703+0000] {logging_mixin.py:188} INFO - [2025-06-12T15:12:54.703+0000] {dag.py:3954} INFO - Setting next_dagrun for example_params_ui_tutorial to None, run_after=None
[2025-06-12T15:12:54.717+0000] {processor.py:183} INFO - Processing /home/airflow/.local/lib/python3.12/site-packages/airflow/example_dags/example_params_ui_tutorial.py took 0.081 seconds
[2025-06-12T15:13:25.609+0000] {processor.py:161} INFO - Started process (PID=837) to work on /home/airflow/.local/lib/python3.12/site-packages/airflow/example_dags/example_params_ui_tutorial.py
[2025-06-12T15:13:25.611+0000] {processor.py:830} INFO - Processing file /home/airflow/.local/lib/python3.12/site-packages/airflow/example_dags/example_params_ui_tutorial.py for tasks to queue
[2025-06-12T15:13:25.613+0000] {logging_mixin.py:188} INFO - [2025-06-12T15:13:25.612+0000] {dagbag.py:540} INFO - Filling up the DagBag from /home/airflow/.local/lib/python3.12/site-packages/airflow/example_dags/example_params_ui_tutorial.py
[2025-06-12T15:13:25.621+0000] {processor.py:840} INFO - DAG(s) 'example_params_ui_tutorial' retrieved from /home/airflow/.local/lib/python3.12/site-packages/airflow/example_dags/example_params_ui_tutorial.py
[2025-06-12T15:13:25.653+0000] {logging_mixin.py:188} INFO - [2025-06-12T15:13:25.653+0000] {dag.py:3096} INFO - Sync 1 DAGs
[2025-06-12T15:13:25.659+0000] {logging_mixin.py:188} INFO - [2025-06-12T15:13:25.659+0000] {dag.py:3954} INFO - Setting next_dagrun for example_params_ui_tutorial to None, run_after=None
[2025-06-12T15:13:25.667+0000] {processor.py:183} INFO - Processing /home/airflow/.local/lib/python3.12/site-packages/airflow/example_dags/example_params_ui_tutorial.py took 0.060 seconds
[2025-06-12T15:13:55.969+0000] {processor.py:161} INFO - Started process (PID=911) to work on /home/airflow/.local/lib/python3.12/site-packages/airflow/example_dags/example_params_ui_tutorial.py
[2025-06-12T15:13:55.971+0000] {processor.py:830} INFO - Processing file /home/airflow/.local/lib/python3.12/site-packages/airflow/example_dags/example_params_ui_tutorial.py for tasks to queue
[2025-06-12T15:13:55.972+0000] {logging_mixin.py:188} INFO - [2025-06-12T15:13:55.972+0000] {dagbag.py:540} INFO - Filling up the DagBag from /home/airflow/.local/lib/python3.12/site-packages/airflow/example_dags/example_params_ui_tutorial.py
[2025-06-12T15:13:55.978+0000] {processor.py:840} INFO - DAG(s) 'example_params_ui_tutorial' retrieved from /home/airflow/.local/lib/python3.12/site-packages/airflow/example_dags/example_params_ui_tutorial.py
[2025-06-12T15:13:56.003+0000] {logging_mixin.py:188} INFO - [2025-06-12T15:13:56.002+0000] {dag.py:3096} INFO - Sync 1 DAGs
[2025-06-12T15:13:56.009+0000] {logging_mixin.py:188} INFO - [2025-06-12T15:13:56.009+0000] {dag.py:3954} INFO - Setting next_dagrun for example_params_ui_tutorial to None, run_after=None
[2025-06-12T15:13:56.020+0000] {processor.py:183} INFO - Processing /home/airflow/.local/lib/python3.12/site-packages/airflow/example_dags/example_params_ui_tutorial.py took 0.053 seconds
[2025-06-12T15:14:26.462+0000] {processor.py:161} INFO - Started process (PID=986) to work on /home/airflow/.local/lib/python3.12/site-packages/airflow/example_dags/example_params_ui_tutorial.py
[2025-06-12T15:14:26.462+0000] {processor.py:830} INFO - Processing file /home/airflow/.local/lib/python3.12/site-packages/airflow/example_dags/example_params_ui_tutorial.py for tasks to queue
[2025-06-12T15:14:26.463+0000] {logging_mixin.py:188} INFO - [2025-06-12T15:14:26.463+0000] {dagbag.py:540} INFO - Filling up the DagBag from /home/airflow/.local/lib/python3.12/site-packages/airflow/example_dags/example_params_ui_tutorial.py
[2025-06-12T15:14:26.470+0000] {processor.py:840} INFO - DAG(s) 'example_params_ui_tutorial' retrieved from /home/airflow/.local/lib/python3.12/site-packages/airflow/example_dags/example_params_ui_tutorial.py
[2025-06-12T15:14:26.496+0000] {logging_mixin.py:188} INFO - [2025-06-12T15:14:26.496+0000] {dag.py:3096} INFO - Sync 1 DAGs
[2025-06-12T15:14:26.503+0000] {logging_mixin.py:188} INFO - [2025-06-12T15:14:26.503+0000] {dag.py:3954} INFO - Setting next_dagrun for example_params_ui_tutorial to None, run_after=None
[2025-06-12T15:14:26.514+0000] {processor.py:183} INFO - Processing /home/airflow/.local/lib/python3.12/site-packages/airflow/example_dags/example_params_ui_tutorial.py took 0.056 seconds
[2025-06-12T15:14:56.647+0000] {processor.py:161} INFO - Started process (PID=1053) to work on /home/airflow/.local/lib/python3.12/site-packages/airflow/example_dags/example_params_ui_tutorial.py
[2025-06-12T15:14:56.648+0000] {processor.py:830} INFO - Processing file /home/airflow/.local/lib/python3.12/site-packages/airflow/example_dags/example_params_ui_tutorial.py for tasks to queue
[2025-06-12T15:14:56.648+0000] {logging_mixin.py:188} INFO - [2025-06-12T15:14:56.648+0000] {dagbag.py:540} INFO - Filling up the DagBag from /home/airflow/.local/lib/python3.12/site-packages/airflow/example_dags/example_params_ui_tutorial.py
[2025-06-12T15:14:56.654+0000] {processor.py:840} INFO - DAG(s) 'example_params_ui_tutorial' retrieved from /home/airflow/.local/lib/python3.12/site-packages/airflow/example_dags/example_params_ui_tutorial.py
[2025-06-12T15:14:56.681+0000] {logging_mixin.py:188} INFO - [2025-06-12T15:14:56.681+0000] {dag.py:3096} INFO - Sync 1 DAGs
[2025-06-12T15:14:56.687+0000] {logging_mixin.py:188} INFO - [2025-06-12T15:14:56.687+0000] {dag.py:3954} INFO - Setting next_dagrun for example_params_ui_tutorial to None, run_after=None
[2025-06-12T15:14:56.855+0000] {processor.py:183} INFO - Processing /home/airflow/.local/lib/python3.12/site-packages/airflow/example_dags/example_params_ui_tutorial.py took 0.211 seconds
[2025-06-12T15:15:27.077+0000] {processor.py:161} INFO - Started process (PID=1127) to work on /home/airflow/.local/lib/python3.12/site-packages/airflow/example_dags/example_params_ui_tutorial.py
[2025-06-12T15:15:27.078+0000] {processor.py:830} INFO - Processing file /home/airflow/.local/lib/python3.12/site-packages/airflow/example_dags/example_params_ui_tutorial.py for tasks to queue
[2025-06-12T15:15:27.079+0000] {logging_mixin.py:188} INFO - [2025-06-12T15:15:27.079+0000] {dagbag.py:540} INFO - Filling up the DagBag from /home/airflow/.local/lib/python3.12/site-packages/airflow/example_dags/example_params_ui_tutorial.py
[2025-06-12T15:15:27.086+0000] {processor.py:840} INFO - DAG(s) 'example_params_ui_tutorial' retrieved from /home/airflow/.local/lib/python3.12/site-packages/airflow/example_dags/example_params_ui_tutorial.py
[2025-06-12T15:15:27.114+0000] {logging_mixin.py:188} INFO - [2025-06-12T15:15:27.114+0000] {dag.py:3096} INFO - Sync 1 DAGs
[2025-06-12T15:15:27.120+0000] {logging_mixin.py:188} INFO - [2025-06-12T15:15:27.120+0000] {dag.py:3954} INFO - Setting next_dagrun for example_params_ui_tutorial to None, run_after=None
[2025-06-12T15:15:27.128+0000] {processor.py:183} INFO - Processing /home/airflow/.local/lib/python3.12/site-packages/airflow/example_dags/example_params_ui_tutorial.py took 0.054 seconds
[2025-06-12T15:15:57.659+0000] {processor.py:161} INFO - Started process (PID=1194) to work on /home/airflow/.local/lib/python3.12/site-packages/airflow/example_dags/example_params_ui_tutorial.py
[2025-06-12T15:15:57.660+0000] {processor.py:830} INFO - Processing file /home/airflow/.local/lib/python3.12/site-packages/airflow/example_dags/example_params_ui_tutorial.py for tasks to queue
[2025-06-12T15:15:57.661+0000] {logging_mixin.py:188} INFO - [2025-06-12T15:15:57.661+0000] {dagbag.py:540} INFO - Filling up the DagBag from /home/airflow/.local/lib/python3.12/site-packages/airflow/example_dags/example_params_ui_tutorial.py
[2025-06-12T15:15:57.667+0000] {processor.py:840} INFO - DAG(s) 'example_params_ui_tutorial' retrieved from /home/airflow/.local/lib/python3.12/site-packages/airflow/example_dags/example_params_ui_tutorial.py
[2025-06-12T15:15:57.691+0000] {logging_mixin.py:188} INFO - [2025-06-12T15:15:57.691+0000] {dag.py:3096} INFO - Sync 1 DAGs
[2025-06-12T15:15:57.696+0000] {logging_mixin.py:188} INFO - [2025-06-12T15:15:57.695+0000] {dag.py:3954} INFO - Setting next_dagrun for example_params_ui_tutorial to None, run_after=None
[2025-06-12T15:15:57.708+0000] {processor.py:183} INFO - Processing /home/airflow/.local/lib/python3.12/site-packages/airflow/example_dags/example_params_ui_tutorial.py took 0.052 seconds
[2025-06-12T15:16:28.742+0000] {processor.py:161} INFO - Started process (PID=1268) to work on /home/airflow/.local/lib/python3.12/site-packages/airflow/example_dags/example_params_ui_tutorial.py
[2025-06-12T15:16:28.744+0000] {processor.py:830} INFO - Processing file /home/airflow/.local/lib/python3.12/site-packages/airflow/example_dags/example_params_ui_tutorial.py for tasks to queue
[2025-06-12T15:16:28.747+0000] {logging_mixin.py:188} INFO - [2025-06-12T15:16:28.746+0000] {dagbag.py:540} INFO - Filling up the DagBag from /home/airflow/.local/lib/python3.12/site-packages/airflow/example_dags/example_params_ui_tutorial.py
[2025-06-12T15:16:28.759+0000] {processor.py:840} INFO - DAG(s) 'example_params_ui_tutorial' retrieved from /home/airflow/.local/lib/python3.12/site-packages/airflow/example_dags/example_params_ui_tutorial.py
[2025-06-12T15:16:28.793+0000] {logging_mixin.py:188} INFO - [2025-06-12T15:16:28.793+0000] {dag.py:3096} INFO - Sync 1 DAGs
[2025-06-12T15:16:28.800+0000] {logging_mixin.py:188} INFO - [2025-06-12T15:16:28.800+0000] {dag.py:3954} INFO - Setting next_dagrun for example_params_ui_tutorial to None, run_after=None
[2025-06-12T15:16:28.814+0000] {processor.py:183} INFO - Processing /home/airflow/.local/lib/python3.12/site-packages/airflow/example_dags/example_params_ui_tutorial.py took 0.074 seconds
[2025-06-12T15:16:59.644+0000] {processor.py:161} INFO - Started process (PID=1342) to work on /home/airflow/.local/lib/python3.12/site-packages/airflow/example_dags/example_params_ui_tutorial.py
[2025-06-12T15:16:59.645+0000] {processor.py:830} INFO - Processing file /home/airflow/.local/lib/python3.12/site-packages/airflow/example_dags/example_params_ui_tutorial.py for tasks to queue
[2025-06-12T15:16:59.647+0000] {logging_mixin.py:188} INFO - [2025-06-12T15:16:59.647+0000] {dagbag.py:540} INFO - Filling up the DagBag from /home/airflow/.local/lib/python3.12/site-packages/airflow/example_dags/example_params_ui_tutorial.py
[2025-06-12T15:16:59.664+0000] {processor.py:840} INFO - DAG(s) 'example_params_ui_tutorial' retrieved from /home/airflow/.local/lib/python3.12/site-packages/airflow/example_dags/example_params_ui_tutorial.py
[2025-06-12T15:16:59.785+0000] {logging_mixin.py:188} INFO - [2025-06-12T15:16:59.785+0000] {dag.py:3096} INFO - Sync 1 DAGs
[2025-06-12T15:16:59.789+0000] {logging_mixin.py:188} INFO - [2025-06-12T15:16:59.789+0000] {dag.py:3954} INFO - Setting next_dagrun for example_params_ui_tutorial to None, run_after=None
[2025-06-12T15:16:59.800+0000] {processor.py:183} INFO - Processing /home/airflow/.local/lib/python3.12/site-packages/airflow/example_dags/example_params_ui_tutorial.py took 0.161 seconds
[2025-06-12T15:17:30.300+0000] {processor.py:161} INFO - Started process (PID=1409) to work on /home/airflow/.local/lib/python3.12/site-packages/airflow/example_dags/example_params_ui_tutorial.py
[2025-06-12T15:17:30.300+0000] {processor.py:830} INFO - Processing file /home/airflow/.local/lib/python3.12/site-packages/airflow/example_dags/example_params_ui_tutorial.py for tasks to queue
[2025-06-12T15:17:30.301+0000] {logging_mixin.py:188} INFO - [2025-06-12T15:17:30.301+0000] {dagbag.py:540} INFO - Filling up the DagBag from /home/airflow/.local/lib/python3.12/site-packages/airflow/example_dags/example_params_ui_tutorial.py
[2025-06-12T15:17:30.308+0000] {processor.py:840} INFO - DAG(s) 'example_params_ui_tutorial' retrieved from /home/airflow/.local/lib/python3.12/site-packages/airflow/example_dags/example_params_ui_tutorial.py
[2025-06-12T15:17:30.333+0000] {logging_mixin.py:188} INFO - [2025-06-12T15:17:30.333+0000] {dag.py:3096} INFO - Sync 1 DAGs
[2025-06-12T15:17:30.428+0000] {logging_mixin.py:188} INFO - [2025-06-12T15:17:30.428+0000] {dag.py:3954} INFO - Setting next_dagrun for example_params_ui_tutorial to None, run_after=None
[2025-06-12T15:17:30.437+0000] {processor.py:183} INFO - Processing /home/airflow/.local/lib/python3.12/site-packages/airflow/example_dags/example_params_ui_tutorial.py took 0.140 seconds
[2025-06-12T15:18:00.647+0000] {processor.py:161} INFO - Started process (PID=1483) to work on /home/airflow/.local/lib/python3.12/site-packages/airflow/example_dags/example_params_ui_tutorial.py
[2025-06-12T15:18:00.648+0000] {processor.py:830} INFO - Processing file /home/airflow/.local/lib/python3.12/site-packages/airflow/example_dags/example_params_ui_tutorial.py for tasks to queue
[2025-06-12T15:18:00.650+0000] {logging_mixin.py:188} INFO - [2025-06-12T15:18:00.649+0000] {dagbag.py:540} INFO - Filling up the DagBag from /home/airflow/.local/lib/python3.12/site-packages/airflow/example_dags/example_params_ui_tutorial.py
[2025-06-12T15:18:00.656+0000] {processor.py:840} INFO - DAG(s) 'example_params_ui_tutorial' retrieved from /home/airflow/.local/lib/python3.12/site-packages/airflow/example_dags/example_params_ui_tutorial.py
[2025-06-12T15:18:00.681+0000] {logging_mixin.py:188} INFO - [2025-06-12T15:18:00.681+0000] {dag.py:3096} INFO - Sync 1 DAGs
[2025-06-12T15:18:00.688+0000] {logging_mixin.py:188} INFO - [2025-06-12T15:18:00.688+0000] {dag.py:3954} INFO - Setting next_dagrun for example_params_ui_tutorial to None, run_after=None
[2025-06-12T15:18:00.696+0000] {processor.py:183} INFO - Processing /home/airflow/.local/lib/python3.12/site-packages/airflow/example_dags/example_params_ui_tutorial.py took 0.053 seconds
[2025-06-12T15:18:30.722+0000] {processor.py:161} INFO - Started process (PID=1557) to work on /home/airflow/.local/lib/python3.12/site-packages/airflow/example_dags/example_params_ui_tutorial.py
[2025-06-12T15:18:30.723+0000] {processor.py:830} INFO - Processing file /home/airflow/.local/lib/python3.12/site-packages/airflow/example_dags/example_params_ui_tutorial.py for tasks to queue
[2025-06-12T15:18:30.779+0000] {logging_mixin.py:188} INFO - [2025-06-12T15:18:30.778+0000] {dagbag.py:540} INFO - Filling up the DagBag from /home/airflow/.local/lib/python3.12/site-packages/airflow/example_dags/example_params_ui_tutorial.py
[2025-06-12T15:18:30.803+0000] {processor.py:840} INFO - DAG(s) 'example_params_ui_tutorial' retrieved from /home/airflow/.local/lib/python3.12/site-packages/airflow/example_dags/example_params_ui_tutorial.py
[2025-06-12T15:18:31.018+0000] {logging_mixin.py:188} INFO - [2025-06-12T15:18:31.015+0000] {dag.py:3096} INFO - Sync 1 DAGs
[2025-06-12T15:18:31.065+0000] {logging_mixin.py:188} INFO - [2025-06-12T15:18:31.065+0000] {dag.py:3954} INFO - Setting next_dagrun for example_params_ui_tutorial to None, run_after=None
[2025-06-12T15:18:31.137+0000] {processor.py:183} INFO - Processing /home/airflow/.local/lib/python3.12/site-packages/airflow/example_dags/example_params_ui_tutorial.py took 0.420 seconds
