[2025-06-12T13:58:35.980+0000] {processor.py:161} INFO - Started process (PID=39) to work on /home/airflow/.local/lib/python3.12/site-packages/airflow/example_dags/example_short_circuit_operator.py
[2025-06-12T13:58:35.982+0000] {processor.py:830} INFO - Processing file /home/airflow/.local/lib/python3.12/site-packages/airflow/example_dags/example_short_circuit_operator.py for tasks to queue
[2025-06-12T13:58:35.985+0000] {logging_mixin.py:188} INFO - [2025-06-12T13:58:35.984+0000] {dagbag.py:540} INFO - Filling up the DagBag from /home/airflow/.local/lib/python3.12/site-packages/airflow/example_dags/example_short_circuit_operator.py
[2025-06-12T13:58:35.998+0000] {processor.py:840} INFO - DAG(s) 'example_short_circuit_operator' retrieved from /home/airflow/.local/lib/python3.12/site-packages/airflow/example_dags/example_short_circuit_operator.py
[2025-06-12T13:58:36.023+0000] {logging_mixin.py:188} INFO - [2025-06-12T13:58:36.022+0000] {dag.py:3096} INFO - Sync 1 DAGs
[2025-06-12T13:58:36.063+0000] {logging_mixin.py:188} INFO - [2025-06-12T13:58:36.062+0000] {dag.py:3954} INFO - Setting next_dagrun for example_short_circuit_operator to 2025-06-11 00:00:00+00:00, run_after=2025-06-12 00:00:00+00:00
[2025-06-12T13:58:36.127+0000] {processor.py:183} INFO - Processing /home/airflow/.local/lib/python3.12/site-packages/airflow/example_dags/example_short_circuit_operator.py took 0.170 seconds
[2025-06-12T13:59:06.851+0000] {processor.py:161} INFO - Started process (PID=106) to work on /home/airflow/.local/lib/python3.12/site-packages/airflow/example_dags/example_short_circuit_operator.py
[2025-06-12T13:59:06.851+0000] {processor.py:830} INFO - Processing file /home/airflow/.local/lib/python3.12/site-packages/airflow/example_dags/example_short_circuit_operator.py for tasks to queue
[2025-06-12T13:59:06.854+0000] {logging_mixin.py:188} INFO - [2025-06-12T13:59:06.854+0000] {dagbag.py:540} INFO - Filling up the DagBag from /home/airflow/.local/lib/python3.12/site-packages/airflow/example_dags/example_short_circuit_operator.py
[2025-06-12T13:59:06.858+0000] {processor.py:840} INFO - DAG(s) 'example_short_circuit_operator' retrieved from /home/airflow/.local/lib/python3.12/site-packages/airflow/example_dags/example_short_circuit_operator.py
[2025-06-12T13:59:06.909+0000] {logging_mixin.py:188} INFO - [2025-06-12T13:59:06.908+0000] {dag.py:3096} INFO - Sync 1 DAGs
[2025-06-12T13:59:06.921+0000] {logging_mixin.py:188} INFO - [2025-06-12T13:59:06.920+0000] {dag.py:3954} INFO - Setting next_dagrun for example_short_circuit_operator to 2025-06-11 00:00:00+00:00, run_after=2025-06-12 00:00:00+00:00
[2025-06-12T13:59:06.934+0000] {processor.py:183} INFO - Processing /home/airflow/.local/lib/python3.12/site-packages/airflow/example_dags/example_short_circuit_operator.py took 0.086 seconds
[2025-06-12T13:59:37.139+0000] {processor.py:161} INFO - Started process (PID=173) to work on /home/airflow/.local/lib/python3.12/site-packages/airflow/example_dags/example_short_circuit_operator.py
[2025-06-12T13:59:37.140+0000] {processor.py:830} INFO - Processing file /home/airflow/.local/lib/python3.12/site-packages/airflow/example_dags/example_short_circuit_operator.py for tasks to queue
[2025-06-12T13:59:37.141+0000] {logging_mixin.py:188} INFO - [2025-06-12T13:59:37.141+0000] {dagbag.py:540} INFO - Filling up the DagBag from /home/airflow/.local/lib/python3.12/site-packages/airflow/example_dags/example_short_circuit_operator.py
[2025-06-12T13:59:37.144+0000] {processor.py:840} INFO - DAG(s) 'example_short_circuit_operator' retrieved from /home/airflow/.local/lib/python3.12/site-packages/airflow/example_dags/example_short_circuit_operator.py
[2025-06-12T13:59:37.160+0000] {logging_mixin.py:188} INFO - [2025-06-12T13:59:37.160+0000] {dag.py:3096} INFO - Sync 1 DAGs
[2025-06-12T13:59:37.171+0000] {logging_mixin.py:188} INFO - [2025-06-12T13:59:37.171+0000] {dag.py:3954} INFO - Setting next_dagrun for example_short_circuit_operator to 2025-06-11 00:00:00+00:00, run_after=2025-06-12 00:00:00+00:00
[2025-06-12T13:59:37.183+0000] {processor.py:183} INFO - Processing /home/airflow/.local/lib/python3.12/site-packages/airflow/example_dags/example_short_circuit_operator.py took 0.047 seconds
[2025-06-12T14:00:07.482+0000] {processor.py:161} INFO - Started process (PID=247) to work on /home/airflow/.local/lib/python3.12/site-packages/airflow/example_dags/example_short_circuit_operator.py
[2025-06-12T14:00:07.483+0000] {processor.py:830} INFO - Processing file /home/airflow/.local/lib/python3.12/site-packages/airflow/example_dags/example_short_circuit_operator.py for tasks to queue
[2025-06-12T14:00:07.484+0000] {logging_mixin.py:188} INFO - [2025-06-12T14:00:07.484+0000] {dagbag.py:540} INFO - Filling up the DagBag from /home/airflow/.local/lib/python3.12/site-packages/airflow/example_dags/example_short_circuit_operator.py
[2025-06-12T14:00:07.488+0000] {processor.py:840} INFO - DAG(s) 'example_short_circuit_operator' retrieved from /home/airflow/.local/lib/python3.12/site-packages/airflow/example_dags/example_short_circuit_operator.py
[2025-06-12T14:00:07.508+0000] {logging_mixin.py:188} INFO - [2025-06-12T14:00:07.508+0000] {dag.py:3096} INFO - Sync 1 DAGs
[2025-06-12T14:00:07.521+0000] {logging_mixin.py:188} INFO - [2025-06-12T14:00:07.521+0000] {dag.py:3954} INFO - Setting next_dagrun for example_short_circuit_operator to 2025-06-11 00:00:00+00:00, run_after=2025-06-12 00:00:00+00:00
[2025-06-12T14:00:07.532+0000] {processor.py:183} INFO - Processing /home/airflow/.local/lib/python3.12/site-packages/airflow/example_dags/example_short_circuit_operator.py took 0.052 seconds
[2025-06-12T14:00:38.203+0000] {processor.py:161} INFO - Started process (PID=314) to work on /home/airflow/.local/lib/python3.12/site-packages/airflow/example_dags/example_short_circuit_operator.py
[2025-06-12T14:00:38.205+0000] {processor.py:830} INFO - Processing file /home/airflow/.local/lib/python3.12/site-packages/airflow/example_dags/example_short_circuit_operator.py for tasks to queue
[2025-06-12T14:00:38.207+0000] {logging_mixin.py:188} INFO - [2025-06-12T14:00:38.207+0000] {dagbag.py:540} INFO - Filling up the DagBag from /home/airflow/.local/lib/python3.12/site-packages/airflow/example_dags/example_short_circuit_operator.py
[2025-06-12T14:00:38.210+0000] {processor.py:840} INFO - DAG(s) 'example_short_circuit_operator' retrieved from /home/airflow/.local/lib/python3.12/site-packages/airflow/example_dags/example_short_circuit_operator.py
[2025-06-12T14:00:38.223+0000] {logging_mixin.py:188} INFO - [2025-06-12T14:00:38.223+0000] {dag.py:3096} INFO - Sync 1 DAGs
[2025-06-12T14:00:38.233+0000] {logging_mixin.py:188} INFO - [2025-06-12T14:00:38.233+0000] {dag.py:3954} INFO - Setting next_dagrun for example_short_circuit_operator to 2025-06-11 00:00:00+00:00, run_after=2025-06-12 00:00:00+00:00
[2025-06-12T14:00:38.243+0000] {processor.py:183} INFO - Processing /home/airflow/.local/lib/python3.12/site-packages/airflow/example_dags/example_short_circuit_operator.py took 0.042 seconds
[2025-06-12T14:01:08.446+0000] {processor.py:161} INFO - Started process (PID=388) to work on /home/airflow/.local/lib/python3.12/site-packages/airflow/example_dags/example_short_circuit_operator.py
[2025-06-12T14:01:08.449+0000] {processor.py:830} INFO - Processing file /home/airflow/.local/lib/python3.12/site-packages/airflow/example_dags/example_short_circuit_operator.py for tasks to queue
[2025-06-12T14:01:08.451+0000] {logging_mixin.py:188} INFO - [2025-06-12T14:01:08.451+0000] {dagbag.py:540} INFO - Filling up the DagBag from /home/airflow/.local/lib/python3.12/site-packages/airflow/example_dags/example_short_circuit_operator.py
[2025-06-12T14:01:08.457+0000] {processor.py:840} INFO - DAG(s) 'example_short_circuit_operator' retrieved from /home/airflow/.local/lib/python3.12/site-packages/airflow/example_dags/example_short_circuit_operator.py
[2025-06-12T14:01:08.471+0000] {logging_mixin.py:188} INFO - [2025-06-12T14:01:08.471+0000] {dag.py:3096} INFO - Sync 1 DAGs
[2025-06-12T14:01:08.481+0000] {logging_mixin.py:188} INFO - [2025-06-12T14:01:08.481+0000] {dag.py:3954} INFO - Setting next_dagrun for example_short_circuit_operator to 2025-06-11 00:00:00+00:00, run_after=2025-06-12 00:00:00+00:00
[2025-06-12T14:01:08.491+0000] {processor.py:183} INFO - Processing /home/airflow/.local/lib/python3.12/site-packages/airflow/example_dags/example_short_circuit_operator.py took 0.048 seconds
[2025-06-12T14:15:46.395+0000] {processor.py:161} INFO - Started process (PID=40) to work on /home/airflow/.local/lib/python3.12/site-packages/airflow/example_dags/example_short_circuit_operator.py
[2025-06-12T14:15:46.397+0000] {processor.py:830} INFO - Processing file /home/airflow/.local/lib/python3.12/site-packages/airflow/example_dags/example_short_circuit_operator.py for tasks to queue
[2025-06-12T14:15:46.398+0000] {logging_mixin.py:188} INFO - [2025-06-12T14:15:46.398+0000] {dagbag.py:540} INFO - Filling up the DagBag from /home/airflow/.local/lib/python3.12/site-packages/airflow/example_dags/example_short_circuit_operator.py
[2025-06-12T14:15:46.405+0000] {processor.py:840} INFO - DAG(s) 'example_short_circuit_operator' retrieved from /home/airflow/.local/lib/python3.12/site-packages/airflow/example_dags/example_short_circuit_operator.py
[2025-06-12T14:15:46.419+0000] {logging_mixin.py:188} INFO - [2025-06-12T14:15:46.419+0000] {dag.py:3096} INFO - Sync 1 DAGs
[2025-06-12T14:15:46.467+0000] {logging_mixin.py:188} INFO - [2025-06-12T14:15:46.467+0000] {dag.py:3954} INFO - Setting next_dagrun for example_short_circuit_operator to 2025-06-11 00:00:00+00:00, run_after=2025-06-12 00:00:00+00:00
[2025-06-12T14:15:46.536+0000] {processor.py:183} INFO - Processing /home/airflow/.local/lib/python3.12/site-packages/airflow/example_dags/example_short_circuit_operator.py took 0.147 seconds
[2025-06-12T14:16:17.180+0000] {processor.py:161} INFO - Started process (PID=107) to work on /home/airflow/.local/lib/python3.12/site-packages/airflow/example_dags/example_short_circuit_operator.py
[2025-06-12T14:16:17.180+0000] {processor.py:830} INFO - Processing file /home/airflow/.local/lib/python3.12/site-packages/airflow/example_dags/example_short_circuit_operator.py for tasks to queue
[2025-06-12T14:16:17.182+0000] {logging_mixin.py:188} INFO - [2025-06-12T14:16:17.182+0000] {dagbag.py:540} INFO - Filling up the DagBag from /home/airflow/.local/lib/python3.12/site-packages/airflow/example_dags/example_short_circuit_operator.py
[2025-06-12T14:16:17.186+0000] {processor.py:840} INFO - DAG(s) 'example_short_circuit_operator' retrieved from /home/airflow/.local/lib/python3.12/site-packages/airflow/example_dags/example_short_circuit_operator.py
[2025-06-12T14:16:17.232+0000] {logging_mixin.py:188} INFO - [2025-06-12T14:16:17.232+0000] {dag.py:3096} INFO - Sync 1 DAGs
[2025-06-12T14:16:17.240+0000] {logging_mixin.py:188} INFO - [2025-06-12T14:16:17.239+0000] {dag.py:3954} INFO - Setting next_dagrun for example_short_circuit_operator to 2025-06-11 00:00:00+00:00, run_after=2025-06-12 00:00:00+00:00
[2025-06-12T14:16:17.250+0000] {processor.py:183} INFO - Processing /home/airflow/.local/lib/python3.12/site-packages/airflow/example_dags/example_short_circuit_operator.py took 0.073 seconds
[2025-06-12T14:16:47.690+0000] {processor.py:161} INFO - Started process (PID=181) to work on /home/airflow/.local/lib/python3.12/site-packages/airflow/example_dags/example_short_circuit_operator.py
[2025-06-12T14:16:47.691+0000] {processor.py:830} INFO - Processing file /home/airflow/.local/lib/python3.12/site-packages/airflow/example_dags/example_short_circuit_operator.py for tasks to queue
[2025-06-12T14:16:47.692+0000] {logging_mixin.py:188} INFO - [2025-06-12T14:16:47.692+0000] {dagbag.py:540} INFO - Filling up the DagBag from /home/airflow/.local/lib/python3.12/site-packages/airflow/example_dags/example_short_circuit_operator.py
[2025-06-12T14:16:47.696+0000] {processor.py:840} INFO - DAG(s) 'example_short_circuit_operator' retrieved from /home/airflow/.local/lib/python3.12/site-packages/airflow/example_dags/example_short_circuit_operator.py
[2025-06-12T14:16:47.706+0000] {logging_mixin.py:188} INFO - [2025-06-12T14:16:47.706+0000] {dag.py:3096} INFO - Sync 1 DAGs
[2025-06-12T14:16:47.716+0000] {logging_mixin.py:188} INFO - [2025-06-12T14:16:47.716+0000] {dag.py:3954} INFO - Setting next_dagrun for example_short_circuit_operator to 2025-06-11 00:00:00+00:00, run_after=2025-06-12 00:00:00+00:00
[2025-06-12T14:16:47.726+0000] {processor.py:183} INFO - Processing /home/airflow/.local/lib/python3.12/site-packages/airflow/example_dags/example_short_circuit_operator.py took 0.040 seconds
[2025-06-12T14:17:18.552+0000] {processor.py:161} INFO - Started process (PID=255) to work on /home/airflow/.local/lib/python3.12/site-packages/airflow/example_dags/example_short_circuit_operator.py
[2025-06-12T14:17:18.553+0000] {processor.py:830} INFO - Processing file /home/airflow/.local/lib/python3.12/site-packages/airflow/example_dags/example_short_circuit_operator.py for tasks to queue
[2025-06-12T14:17:18.554+0000] {logging_mixin.py:188} INFO - [2025-06-12T14:17:18.554+0000] {dagbag.py:540} INFO - Filling up the DagBag from /home/airflow/.local/lib/python3.12/site-packages/airflow/example_dags/example_short_circuit_operator.py
[2025-06-12T14:17:18.566+0000] {processor.py:840} INFO - DAG(s) 'example_short_circuit_operator' retrieved from /home/airflow/.local/lib/python3.12/site-packages/airflow/example_dags/example_short_circuit_operator.py
[2025-06-12T14:17:18.640+0000] {logging_mixin.py:188} INFO - [2025-06-12T14:17:18.639+0000] {dag.py:3096} INFO - Sync 1 DAGs
[2025-06-12T14:17:18.654+0000] {logging_mixin.py:188} INFO - [2025-06-12T14:17:18.654+0000] {dag.py:3954} INFO - Setting next_dagrun for example_short_circuit_operator to 2025-06-11 00:00:00+00:00, run_after=2025-06-12 00:00:00+00:00
[2025-06-12T14:17:18.667+0000] {processor.py:183} INFO - Processing /home/airflow/.local/lib/python3.12/site-packages/airflow/example_dags/example_short_circuit_operator.py took 0.117 seconds
[2025-06-12T14:17:49.538+0000] {processor.py:161} INFO - Started process (PID=321) to work on /home/airflow/.local/lib/python3.12/site-packages/airflow/example_dags/example_short_circuit_operator.py
[2025-06-12T14:17:49.540+0000] {processor.py:830} INFO - Processing file /home/airflow/.local/lib/python3.12/site-packages/airflow/example_dags/example_short_circuit_operator.py for tasks to queue
[2025-06-12T14:17:49.541+0000] {logging_mixin.py:188} INFO - [2025-06-12T14:17:49.540+0000] {dagbag.py:540} INFO - Filling up the DagBag from /home/airflow/.local/lib/python3.12/site-packages/airflow/example_dags/example_short_circuit_operator.py
[2025-06-12T14:17:49.546+0000] {processor.py:840} INFO - DAG(s) 'example_short_circuit_operator' retrieved from /home/airflow/.local/lib/python3.12/site-packages/airflow/example_dags/example_short_circuit_operator.py
[2025-06-12T14:17:49.562+0000] {logging_mixin.py:188} INFO - [2025-06-12T14:17:49.561+0000] {dag.py:3096} INFO - Sync 1 DAGs
[2025-06-12T14:17:49.577+0000] {logging_mixin.py:188} INFO - [2025-06-12T14:17:49.577+0000] {dag.py:3954} INFO - Setting next_dagrun for example_short_circuit_operator to 2025-06-11 00:00:00+00:00, run_after=2025-06-12 00:00:00+00:00
[2025-06-12T14:17:49.586+0000] {processor.py:183} INFO - Processing /home/airflow/.local/lib/python3.12/site-packages/airflow/example_dags/example_short_circuit_operator.py took 0.052 seconds
[2025-06-12T14:18:31.814+0000] {processor.py:161} INFO - Started process (PID=33) to work on /home/airflow/.local/lib/python3.12/site-packages/airflow/example_dags/example_short_circuit_operator.py
[2025-06-12T14:18:31.815+0000] {processor.py:830} INFO - Processing file /home/airflow/.local/lib/python3.12/site-packages/airflow/example_dags/example_short_circuit_operator.py for tasks to queue
[2025-06-12T14:18:31.816+0000] {logging_mixin.py:188} INFO - [2025-06-12T14:18:31.816+0000] {dagbag.py:540} INFO - Filling up the DagBag from /home/airflow/.local/lib/python3.12/site-packages/airflow/example_dags/example_short_circuit_operator.py
[2025-06-12T14:18:31.824+0000] {processor.py:840} INFO - DAG(s) 'example_short_circuit_operator' retrieved from /home/airflow/.local/lib/python3.12/site-packages/airflow/example_dags/example_short_circuit_operator.py
[2025-06-12T14:18:31.856+0000] {logging_mixin.py:188} INFO - [2025-06-12T14:18:31.856+0000] {dag.py:3096} INFO - Sync 1 DAGs
[2025-06-12T14:18:31.876+0000] {logging_mixin.py:188} INFO - [2025-06-12T14:18:31.876+0000] {dag.py:3954} INFO - Setting next_dagrun for example_short_circuit_operator to 2025-06-11 00:00:00+00:00, run_after=2025-06-12 00:00:00+00:00
[2025-06-12T14:18:31.886+0000] {processor.py:183} INFO - Processing /home/airflow/.local/lib/python3.12/site-packages/airflow/example_dags/example_short_circuit_operator.py took 0.077 seconds
[2025-06-12T14:19:02.163+0000] {processor.py:161} INFO - Started process (PID=105) to work on /home/airflow/.local/lib/python3.12/site-packages/airflow/example_dags/example_short_circuit_operator.py
[2025-06-12T14:19:02.164+0000] {processor.py:830} INFO - Processing file /home/airflow/.local/lib/python3.12/site-packages/airflow/example_dags/example_short_circuit_operator.py for tasks to queue
[2025-06-12T14:19:02.165+0000] {logging_mixin.py:188} INFO - [2025-06-12T14:19:02.164+0000] {dagbag.py:540} INFO - Filling up the DagBag from /home/airflow/.local/lib/python3.12/site-packages/airflow/example_dags/example_short_circuit_operator.py
[2025-06-12T14:19:02.169+0000] {processor.py:840} INFO - DAG(s) 'example_short_circuit_operator' retrieved from /home/airflow/.local/lib/python3.12/site-packages/airflow/example_dags/example_short_circuit_operator.py
[2025-06-12T14:19:02.179+0000] {logging_mixin.py:188} INFO - [2025-06-12T14:19:02.179+0000] {dag.py:3096} INFO - Sync 1 DAGs
[2025-06-12T14:19:02.188+0000] {logging_mixin.py:188} INFO - [2025-06-12T14:19:02.188+0000] {dag.py:3954} INFO - Setting next_dagrun for example_short_circuit_operator to 2025-06-11 00:00:00+00:00, run_after=2025-06-12 00:00:00+00:00
[2025-06-12T14:19:02.199+0000] {processor.py:183} INFO - Processing /home/airflow/.local/lib/python3.12/site-packages/airflow/example_dags/example_short_circuit_operator.py took 0.038 seconds
[2025-06-12T14:19:32.469+0000] {processor.py:161} INFO - Started process (PID=172) to work on /home/airflow/.local/lib/python3.12/site-packages/airflow/example_dags/example_short_circuit_operator.py
[2025-06-12T14:19:32.470+0000] {processor.py:830} INFO - Processing file /home/airflow/.local/lib/python3.12/site-packages/airflow/example_dags/example_short_circuit_operator.py for tasks to queue
[2025-06-12T14:19:32.471+0000] {logging_mixin.py:188} INFO - [2025-06-12T14:19:32.470+0000] {dagbag.py:540} INFO - Filling up the DagBag from /home/airflow/.local/lib/python3.12/site-packages/airflow/example_dags/example_short_circuit_operator.py
[2025-06-12T14:19:32.474+0000] {processor.py:840} INFO - DAG(s) 'example_short_circuit_operator' retrieved from /home/airflow/.local/lib/python3.12/site-packages/airflow/example_dags/example_short_circuit_operator.py
[2025-06-12T14:19:32.482+0000] {logging_mixin.py:188} INFO - [2025-06-12T14:19:32.482+0000] {dag.py:3096} INFO - Sync 1 DAGs
[2025-06-12T14:19:32.494+0000] {logging_mixin.py:188} INFO - [2025-06-12T14:19:32.493+0000] {dag.py:3954} INFO - Setting next_dagrun for example_short_circuit_operator to 2025-06-11 00:00:00+00:00, run_after=2025-06-12 00:00:00+00:00
[2025-06-12T14:19:32.504+0000] {processor.py:183} INFO - Processing /home/airflow/.local/lib/python3.12/site-packages/airflow/example_dags/example_short_circuit_operator.py took 0.038 seconds
[2025-06-12T14:20:02.922+0000] {processor.py:161} INFO - Started process (PID=245) to work on /home/airflow/.local/lib/python3.12/site-packages/airflow/example_dags/example_short_circuit_operator.py
[2025-06-12T14:20:02.923+0000] {processor.py:830} INFO - Processing file /home/airflow/.local/lib/python3.12/site-packages/airflow/example_dags/example_short_circuit_operator.py for tasks to queue
[2025-06-12T14:20:02.924+0000] {logging_mixin.py:188} INFO - [2025-06-12T14:20:02.924+0000] {dagbag.py:540} INFO - Filling up the DagBag from /home/airflow/.local/lib/python3.12/site-packages/airflow/example_dags/example_short_circuit_operator.py
[2025-06-12T14:20:02.927+0000] {processor.py:840} INFO - DAG(s) 'example_short_circuit_operator' retrieved from /home/airflow/.local/lib/python3.12/site-packages/airflow/example_dags/example_short_circuit_operator.py
[2025-06-12T14:20:02.973+0000] {logging_mixin.py:188} INFO - [2025-06-12T14:20:02.973+0000] {dag.py:3096} INFO - Sync 1 DAGs
[2025-06-12T14:20:02.982+0000] {logging_mixin.py:188} INFO - [2025-06-12T14:20:02.982+0000] {dag.py:3954} INFO - Setting next_dagrun for example_short_circuit_operator to 2025-06-11 00:00:00+00:00, run_after=2025-06-12 00:00:00+00:00
[2025-06-12T14:20:02.992+0000] {processor.py:183} INFO - Processing /home/airflow/.local/lib/python3.12/site-packages/airflow/example_dags/example_short_circuit_operator.py took 0.072 seconds
[2025-06-12T14:20:33.117+0000] {processor.py:161} INFO - Started process (PID=320) to work on /home/airflow/.local/lib/python3.12/site-packages/airflow/example_dags/example_short_circuit_operator.py
[2025-06-12T14:20:33.120+0000] {processor.py:830} INFO - Processing file /home/airflow/.local/lib/python3.12/site-packages/airflow/example_dags/example_short_circuit_operator.py for tasks to queue
[2025-06-12T14:20:33.121+0000] {logging_mixin.py:188} INFO - [2025-06-12T14:20:33.121+0000] {dagbag.py:540} INFO - Filling up the DagBag from /home/airflow/.local/lib/python3.12/site-packages/airflow/example_dags/example_short_circuit_operator.py
[2025-06-12T14:20:33.125+0000] {processor.py:840} INFO - DAG(s) 'example_short_circuit_operator' retrieved from /home/airflow/.local/lib/python3.12/site-packages/airflow/example_dags/example_short_circuit_operator.py
[2025-06-12T14:20:33.139+0000] {logging_mixin.py:188} INFO - [2025-06-12T14:20:33.139+0000] {dag.py:3096} INFO - Sync 1 DAGs
[2025-06-12T14:20:33.151+0000] {logging_mixin.py:188} INFO - [2025-06-12T14:20:33.151+0000] {dag.py:3954} INFO - Setting next_dagrun for example_short_circuit_operator to 2025-06-11 00:00:00+00:00, run_after=2025-06-12 00:00:00+00:00
[2025-06-12T14:20:33.164+0000] {processor.py:183} INFO - Processing /home/airflow/.local/lib/python3.12/site-packages/airflow/example_dags/example_short_circuit_operator.py took 0.051 seconds
[2025-06-12T14:21:03.741+0000] {processor.py:161} INFO - Started process (PID=387) to work on /home/airflow/.local/lib/python3.12/site-packages/airflow/example_dags/example_short_circuit_operator.py
[2025-06-12T14:21:03.742+0000] {processor.py:830} INFO - Processing file /home/airflow/.local/lib/python3.12/site-packages/airflow/example_dags/example_short_circuit_operator.py for tasks to queue
[2025-06-12T14:21:03.743+0000] {logging_mixin.py:188} INFO - [2025-06-12T14:21:03.743+0000] {dagbag.py:540} INFO - Filling up the DagBag from /home/airflow/.local/lib/python3.12/site-packages/airflow/example_dags/example_short_circuit_operator.py
[2025-06-12T14:21:03.747+0000] {processor.py:840} INFO - DAG(s) 'example_short_circuit_operator' retrieved from /home/airflow/.local/lib/python3.12/site-packages/airflow/example_dags/example_short_circuit_operator.py
[2025-06-12T14:21:03.759+0000] {logging_mixin.py:188} INFO - [2025-06-12T14:21:03.759+0000] {dag.py:3096} INFO - Sync 1 DAGs
[2025-06-12T14:21:03.772+0000] {logging_mixin.py:188} INFO - [2025-06-12T14:21:03.772+0000] {dag.py:3954} INFO - Setting next_dagrun for example_short_circuit_operator to 2025-06-11 00:00:00+00:00, run_after=2025-06-12 00:00:00+00:00
[2025-06-12T14:21:03.787+0000] {processor.py:183} INFO - Processing /home/airflow/.local/lib/python3.12/site-packages/airflow/example_dags/example_short_circuit_operator.py took 0.048 seconds
[2025-06-12T14:21:34.094+0000] {processor.py:161} INFO - Started process (PID=460) to work on /home/airflow/.local/lib/python3.12/site-packages/airflow/example_dags/example_short_circuit_operator.py
[2025-06-12T14:21:34.095+0000] {processor.py:830} INFO - Processing file /home/airflow/.local/lib/python3.12/site-packages/airflow/example_dags/example_short_circuit_operator.py for tasks to queue
[2025-06-12T14:21:34.096+0000] {logging_mixin.py:188} INFO - [2025-06-12T14:21:34.095+0000] {dagbag.py:540} INFO - Filling up the DagBag from /home/airflow/.local/lib/python3.12/site-packages/airflow/example_dags/example_short_circuit_operator.py
[2025-06-12T14:21:34.099+0000] {processor.py:840} INFO - DAG(s) 'example_short_circuit_operator' retrieved from /home/airflow/.local/lib/python3.12/site-packages/airflow/example_dags/example_short_circuit_operator.py
[2025-06-12T14:21:34.110+0000] {logging_mixin.py:188} INFO - [2025-06-12T14:21:34.110+0000] {dag.py:3096} INFO - Sync 1 DAGs
[2025-06-12T14:21:34.118+0000] {logging_mixin.py:188} INFO - [2025-06-12T14:21:34.118+0000] {dag.py:3954} INFO - Setting next_dagrun for example_short_circuit_operator to 2025-06-11 00:00:00+00:00, run_after=2025-06-12 00:00:00+00:00
[2025-06-12T14:21:34.125+0000] {processor.py:183} INFO - Processing /home/airflow/.local/lib/python3.12/site-packages/airflow/example_dags/example_short_circuit_operator.py took 0.033 seconds
[2025-06-12T14:22:04.307+0000] {processor.py:161} INFO - Started process (PID=534) to work on /home/airflow/.local/lib/python3.12/site-packages/airflow/example_dags/example_short_circuit_operator.py
[2025-06-12T14:22:04.308+0000] {processor.py:830} INFO - Processing file /home/airflow/.local/lib/python3.12/site-packages/airflow/example_dags/example_short_circuit_operator.py for tasks to queue
[2025-06-12T14:22:04.310+0000] {logging_mixin.py:188} INFO - [2025-06-12T14:22:04.310+0000] {dagbag.py:540} INFO - Filling up the DagBag from /home/airflow/.local/lib/python3.12/site-packages/airflow/example_dags/example_short_circuit_operator.py
[2025-06-12T14:22:04.314+0000] {processor.py:840} INFO - DAG(s) 'example_short_circuit_operator' retrieved from /home/airflow/.local/lib/python3.12/site-packages/airflow/example_dags/example_short_circuit_operator.py
[2025-06-12T14:22:04.336+0000] {logging_mixin.py:188} INFO - [2025-06-12T14:22:04.335+0000] {dag.py:3096} INFO - Sync 1 DAGs
[2025-06-12T14:22:04.350+0000] {logging_mixin.py:188} INFO - [2025-06-12T14:22:04.350+0000] {dag.py:3954} INFO - Setting next_dagrun for example_short_circuit_operator to 2025-06-11 00:00:00+00:00, run_after=2025-06-12 00:00:00+00:00
[2025-06-12T14:22:04.367+0000] {processor.py:183} INFO - Processing /home/airflow/.local/lib/python3.12/site-packages/airflow/example_dags/example_short_circuit_operator.py took 0.062 seconds
[2025-06-12T14:22:34.610+0000] {processor.py:161} INFO - Started process (PID=601) to work on /home/airflow/.local/lib/python3.12/site-packages/airflow/example_dags/example_short_circuit_operator.py
[2025-06-12T14:22:34.611+0000] {processor.py:830} INFO - Processing file /home/airflow/.local/lib/python3.12/site-packages/airflow/example_dags/example_short_circuit_operator.py for tasks to queue
[2025-06-12T14:22:34.612+0000] {logging_mixin.py:188} INFO - [2025-06-12T14:22:34.612+0000] {dagbag.py:540} INFO - Filling up the DagBag from /home/airflow/.local/lib/python3.12/site-packages/airflow/example_dags/example_short_circuit_operator.py
[2025-06-12T14:22:34.615+0000] {processor.py:840} INFO - DAG(s) 'example_short_circuit_operator' retrieved from /home/airflow/.local/lib/python3.12/site-packages/airflow/example_dags/example_short_circuit_operator.py
[2025-06-12T14:22:34.633+0000] {logging_mixin.py:188} INFO - [2025-06-12T14:22:34.633+0000] {dag.py:3096} INFO - Sync 1 DAGs
[2025-06-12T14:22:34.642+0000] {logging_mixin.py:188} INFO - [2025-06-12T14:22:34.642+0000] {dag.py:3954} INFO - Setting next_dagrun for example_short_circuit_operator to 2025-06-11 00:00:00+00:00, run_after=2025-06-12 00:00:00+00:00
[2025-06-12T14:22:34.652+0000] {processor.py:183} INFO - Processing /home/airflow/.local/lib/python3.12/site-packages/airflow/example_dags/example_short_circuit_operator.py took 0.045 seconds
[2025-06-12T14:23:04.681+0000] {processor.py:161} INFO - Started process (PID=675) to work on /home/airflow/.local/lib/python3.12/site-packages/airflow/example_dags/example_short_circuit_operator.py
[2025-06-12T14:23:04.682+0000] {processor.py:830} INFO - Processing file /home/airflow/.local/lib/python3.12/site-packages/airflow/example_dags/example_short_circuit_operator.py for tasks to queue
[2025-06-12T14:23:04.683+0000] {logging_mixin.py:188} INFO - [2025-06-12T14:23:04.683+0000] {dagbag.py:540} INFO - Filling up the DagBag from /home/airflow/.local/lib/python3.12/site-packages/airflow/example_dags/example_short_circuit_operator.py
[2025-06-12T14:23:04.686+0000] {processor.py:840} INFO - DAG(s) 'example_short_circuit_operator' retrieved from /home/airflow/.local/lib/python3.12/site-packages/airflow/example_dags/example_short_circuit_operator.py
[2025-06-12T14:23:04.703+0000] {logging_mixin.py:188} INFO - [2025-06-12T14:23:04.703+0000] {dag.py:3096} INFO - Sync 1 DAGs
[2025-06-12T14:23:04.716+0000] {logging_mixin.py:188} INFO - [2025-06-12T14:23:04.716+0000] {dag.py:3954} INFO - Setting next_dagrun for example_short_circuit_operator to 2025-06-11 00:00:00+00:00, run_after=2025-06-12 00:00:00+00:00
[2025-06-12T14:23:04.726+0000] {processor.py:183} INFO - Processing /home/airflow/.local/lib/python3.12/site-packages/airflow/example_dags/example_short_circuit_operator.py took 0.047 seconds
[2025-06-12T14:23:34.891+0000] {processor.py:161} INFO - Started process (PID=742) to work on /home/airflow/.local/lib/python3.12/site-packages/airflow/example_dags/example_short_circuit_operator.py
[2025-06-12T14:23:34.892+0000] {processor.py:830} INFO - Processing file /home/airflow/.local/lib/python3.12/site-packages/airflow/example_dags/example_short_circuit_operator.py for tasks to queue
[2025-06-12T14:23:34.893+0000] {logging_mixin.py:188} INFO - [2025-06-12T14:23:34.893+0000] {dagbag.py:540} INFO - Filling up the DagBag from /home/airflow/.local/lib/python3.12/site-packages/airflow/example_dags/example_short_circuit_operator.py
[2025-06-12T14:23:34.896+0000] {processor.py:840} INFO - DAG(s) 'example_short_circuit_operator' retrieved from /home/airflow/.local/lib/python3.12/site-packages/airflow/example_dags/example_short_circuit_operator.py
[2025-06-12T14:23:34.913+0000] {logging_mixin.py:188} INFO - [2025-06-12T14:23:34.913+0000] {dag.py:3096} INFO - Sync 1 DAGs
[2025-06-12T14:23:34.926+0000] {logging_mixin.py:188} INFO - [2025-06-12T14:23:34.926+0000] {dag.py:3954} INFO - Setting next_dagrun for example_short_circuit_operator to 2025-06-11 00:00:00+00:00, run_after=2025-06-12 00:00:00+00:00
[2025-06-12T14:23:34.935+0000] {processor.py:183} INFO - Processing /home/airflow/.local/lib/python3.12/site-packages/airflow/example_dags/example_short_circuit_operator.py took 0.047 seconds
[2025-06-12T14:24:05.562+0000] {processor.py:161} INFO - Started process (PID=816) to work on /home/airflow/.local/lib/python3.12/site-packages/airflow/example_dags/example_short_circuit_operator.py
[2025-06-12T14:24:05.565+0000] {processor.py:830} INFO - Processing file /home/airflow/.local/lib/python3.12/site-packages/airflow/example_dags/example_short_circuit_operator.py for tasks to queue
[2025-06-12T14:24:05.567+0000] {logging_mixin.py:188} INFO - [2025-06-12T14:24:05.567+0000] {dagbag.py:540} INFO - Filling up the DagBag from /home/airflow/.local/lib/python3.12/site-packages/airflow/example_dags/example_short_circuit_operator.py
[2025-06-12T14:24:05.570+0000] {processor.py:840} INFO - DAG(s) 'example_short_circuit_operator' retrieved from /home/airflow/.local/lib/python3.12/site-packages/airflow/example_dags/example_short_circuit_operator.py
[2025-06-12T14:24:05.585+0000] {logging_mixin.py:188} INFO - [2025-06-12T14:24:05.585+0000] {dag.py:3096} INFO - Sync 1 DAGs
[2025-06-12T14:24:05.595+0000] {logging_mixin.py:188} INFO - [2025-06-12T14:24:05.595+0000] {dag.py:3954} INFO - Setting next_dagrun for example_short_circuit_operator to 2025-06-11 00:00:00+00:00, run_after=2025-06-12 00:00:00+00:00
[2025-06-12T14:24:05.603+0000] {processor.py:183} INFO - Processing /home/airflow/.local/lib/python3.12/site-packages/airflow/example_dags/example_short_circuit_operator.py took 0.043 seconds
[2025-06-12T14:24:36.358+0000] {processor.py:161} INFO - Started process (PID=890) to work on /home/airflow/.local/lib/python3.12/site-packages/airflow/example_dags/example_short_circuit_operator.py
[2025-06-12T14:24:36.360+0000] {processor.py:830} INFO - Processing file /home/airflow/.local/lib/python3.12/site-packages/airflow/example_dags/example_short_circuit_operator.py for tasks to queue
[2025-06-12T14:24:36.362+0000] {logging_mixin.py:188} INFO - [2025-06-12T14:24:36.362+0000] {dagbag.py:540} INFO - Filling up the DagBag from /home/airflow/.local/lib/python3.12/site-packages/airflow/example_dags/example_short_circuit_operator.py
[2025-06-12T14:24:36.366+0000] {processor.py:840} INFO - DAG(s) 'example_short_circuit_operator' retrieved from /home/airflow/.local/lib/python3.12/site-packages/airflow/example_dags/example_short_circuit_operator.py
[2025-06-12T14:24:36.385+0000] {logging_mixin.py:188} INFO - [2025-06-12T14:24:36.385+0000] {dag.py:3096} INFO - Sync 1 DAGs
[2025-06-12T14:24:36.393+0000] {logging_mixin.py:188} INFO - [2025-06-12T14:24:36.393+0000] {dag.py:3954} INFO - Setting next_dagrun for example_short_circuit_operator to 2025-06-11 00:00:00+00:00, run_after=2025-06-12 00:00:00+00:00
[2025-06-12T14:24:36.402+0000] {processor.py:183} INFO - Processing /home/airflow/.local/lib/python3.12/site-packages/airflow/example_dags/example_short_circuit_operator.py took 0.047 seconds
[2025-06-12T14:25:06.666+0000] {processor.py:161} INFO - Started process (PID=957) to work on /home/airflow/.local/lib/python3.12/site-packages/airflow/example_dags/example_short_circuit_operator.py
[2025-06-12T14:25:06.667+0000] {processor.py:830} INFO - Processing file /home/airflow/.local/lib/python3.12/site-packages/airflow/example_dags/example_short_circuit_operator.py for tasks to queue
[2025-06-12T14:25:06.668+0000] {logging_mixin.py:188} INFO - [2025-06-12T14:25:06.668+0000] {dagbag.py:540} INFO - Filling up the DagBag from /home/airflow/.local/lib/python3.12/site-packages/airflow/example_dags/example_short_circuit_operator.py
[2025-06-12T14:25:06.671+0000] {processor.py:840} INFO - DAG(s) 'example_short_circuit_operator' retrieved from /home/airflow/.local/lib/python3.12/site-packages/airflow/example_dags/example_short_circuit_operator.py
[2025-06-12T14:25:06.691+0000] {logging_mixin.py:188} INFO - [2025-06-12T14:25:06.690+0000] {dag.py:3096} INFO - Sync 1 DAGs
[2025-06-12T14:25:06.708+0000] {logging_mixin.py:188} INFO - [2025-06-12T14:25:06.707+0000] {dag.py:3954} INFO - Setting next_dagrun for example_short_circuit_operator to 2025-06-11 00:00:00+00:00, run_after=2025-06-12 00:00:00+00:00
[2025-06-12T14:25:06.729+0000] {processor.py:183} INFO - Processing /home/airflow/.local/lib/python3.12/site-packages/airflow/example_dags/example_short_circuit_operator.py took 0.066 seconds
[2025-06-12T14:25:36.909+0000] {processor.py:161} INFO - Started process (PID=1031) to work on /home/airflow/.local/lib/python3.12/site-packages/airflow/example_dags/example_short_circuit_operator.py
[2025-06-12T14:25:36.909+0000] {processor.py:830} INFO - Processing file /home/airflow/.local/lib/python3.12/site-packages/airflow/example_dags/example_short_circuit_operator.py for tasks to queue
[2025-06-12T14:25:36.910+0000] {logging_mixin.py:188} INFO - [2025-06-12T14:25:36.910+0000] {dagbag.py:540} INFO - Filling up the DagBag from /home/airflow/.local/lib/python3.12/site-packages/airflow/example_dags/example_short_circuit_operator.py
[2025-06-12T14:25:36.914+0000] {processor.py:840} INFO - DAG(s) 'example_short_circuit_operator' retrieved from /home/airflow/.local/lib/python3.12/site-packages/airflow/example_dags/example_short_circuit_operator.py
[2025-06-12T14:25:36.929+0000] {logging_mixin.py:188} INFO - [2025-06-12T14:25:36.929+0000] {dag.py:3096} INFO - Sync 1 DAGs
[2025-06-12T14:25:36.939+0000] {logging_mixin.py:188} INFO - [2025-06-12T14:25:36.938+0000] {dag.py:3954} INFO - Setting next_dagrun for example_short_circuit_operator to 2025-06-11 00:00:00+00:00, run_after=2025-06-12 00:00:00+00:00
[2025-06-12T14:25:36.950+0000] {processor.py:183} INFO - Processing /home/airflow/.local/lib/python3.12/site-packages/airflow/example_dags/example_short_circuit_operator.py took 0.043 seconds
[2025-06-12T14:26:07.181+0000] {processor.py:161} INFO - Started process (PID=1098) to work on /home/airflow/.local/lib/python3.12/site-packages/airflow/example_dags/example_short_circuit_operator.py
[2025-06-12T14:26:07.183+0000] {processor.py:830} INFO - Processing file /home/airflow/.local/lib/python3.12/site-packages/airflow/example_dags/example_short_circuit_operator.py for tasks to queue
[2025-06-12T14:26:07.184+0000] {logging_mixin.py:188} INFO - [2025-06-12T14:26:07.184+0000] {dagbag.py:540} INFO - Filling up the DagBag from /home/airflow/.local/lib/python3.12/site-packages/airflow/example_dags/example_short_circuit_operator.py
[2025-06-12T14:26:07.192+0000] {processor.py:840} INFO - DAG(s) 'example_short_circuit_operator' retrieved from /home/airflow/.local/lib/python3.12/site-packages/airflow/example_dags/example_short_circuit_operator.py
[2025-06-12T14:26:07.206+0000] {logging_mixin.py:188} INFO - [2025-06-12T14:26:07.206+0000] {dag.py:3096} INFO - Sync 1 DAGs
[2025-06-12T14:26:07.217+0000] {logging_mixin.py:188} INFO - [2025-06-12T14:26:07.217+0000] {dag.py:3954} INFO - Setting next_dagrun for example_short_circuit_operator to 2025-06-11 00:00:00+00:00, run_after=2025-06-12 00:00:00+00:00
[2025-06-12T14:26:07.229+0000] {processor.py:183} INFO - Processing /home/airflow/.local/lib/python3.12/site-packages/airflow/example_dags/example_short_circuit_operator.py took 0.051 seconds
[2025-06-12T14:26:37.655+0000] {processor.py:161} INFO - Started process (PID=1172) to work on /home/airflow/.local/lib/python3.12/site-packages/airflow/example_dags/example_short_circuit_operator.py
[2025-06-12T14:26:37.657+0000] {processor.py:830} INFO - Processing file /home/airflow/.local/lib/python3.12/site-packages/airflow/example_dags/example_short_circuit_operator.py for tasks to queue
[2025-06-12T14:26:37.658+0000] {logging_mixin.py:188} INFO - [2025-06-12T14:26:37.658+0000] {dagbag.py:540} INFO - Filling up the DagBag from /home/airflow/.local/lib/python3.12/site-packages/airflow/example_dags/example_short_circuit_operator.py
[2025-06-12T14:26:37.663+0000] {processor.py:840} INFO - DAG(s) 'example_short_circuit_operator' retrieved from /home/airflow/.local/lib/python3.12/site-packages/airflow/example_dags/example_short_circuit_operator.py
[2025-06-12T14:26:37.680+0000] {logging_mixin.py:188} INFO - [2025-06-12T14:26:37.680+0000] {dag.py:3096} INFO - Sync 1 DAGs
[2025-06-12T14:26:37.691+0000] {logging_mixin.py:188} INFO - [2025-06-12T14:26:37.691+0000] {dag.py:3954} INFO - Setting next_dagrun for example_short_circuit_operator to 2025-06-11 00:00:00+00:00, run_after=2025-06-12 00:00:00+00:00
[2025-06-12T14:26:37.846+0000] {processor.py:183} INFO - Processing /home/airflow/.local/lib/python3.12/site-packages/airflow/example_dags/example_short_circuit_operator.py took 0.193 seconds
[2025-06-12T14:27:08.517+0000] {processor.py:161} INFO - Started process (PID=1246) to work on /home/airflow/.local/lib/python3.12/site-packages/airflow/example_dags/example_short_circuit_operator.py
[2025-06-12T14:27:08.519+0000] {processor.py:830} INFO - Processing file /home/airflow/.local/lib/python3.12/site-packages/airflow/example_dags/example_short_circuit_operator.py for tasks to queue
[2025-06-12T14:27:08.521+0000] {logging_mixin.py:188} INFO - [2025-06-12T14:27:08.521+0000] {dagbag.py:540} INFO - Filling up the DagBag from /home/airflow/.local/lib/python3.12/site-packages/airflow/example_dags/example_short_circuit_operator.py
[2025-06-12T14:27:08.525+0000] {processor.py:840} INFO - DAG(s) 'example_short_circuit_operator' retrieved from /home/airflow/.local/lib/python3.12/site-packages/airflow/example_dags/example_short_circuit_operator.py
[2025-06-12T14:27:08.540+0000] {logging_mixin.py:188} INFO - [2025-06-12T14:27:08.540+0000] {dag.py:3096} INFO - Sync 1 DAGs
[2025-06-12T14:27:08.549+0000] {logging_mixin.py:188} INFO - [2025-06-12T14:27:08.549+0000] {dag.py:3954} INFO - Setting next_dagrun for example_short_circuit_operator to 2025-06-11 00:00:00+00:00, run_after=2025-06-12 00:00:00+00:00
[2025-06-12T14:27:08.646+0000] {processor.py:183} INFO - Processing /home/airflow/.local/lib/python3.12/site-packages/airflow/example_dags/example_short_circuit_operator.py took 0.131 seconds
[2025-06-12T14:27:38.858+0000] {processor.py:161} INFO - Started process (PID=1313) to work on /home/airflow/.local/lib/python3.12/site-packages/airflow/example_dags/example_short_circuit_operator.py
[2025-06-12T14:27:38.861+0000] {processor.py:830} INFO - Processing file /home/airflow/.local/lib/python3.12/site-packages/airflow/example_dags/example_short_circuit_operator.py for tasks to queue
[2025-06-12T14:27:38.862+0000] {logging_mixin.py:188} INFO - [2025-06-12T14:27:38.862+0000] {dagbag.py:540} INFO - Filling up the DagBag from /home/airflow/.local/lib/python3.12/site-packages/airflow/example_dags/example_short_circuit_operator.py
[2025-06-12T14:27:38.865+0000] {processor.py:840} INFO - DAG(s) 'example_short_circuit_operator' retrieved from /home/airflow/.local/lib/python3.12/site-packages/airflow/example_dags/example_short_circuit_operator.py
[2025-06-12T14:27:38.881+0000] {logging_mixin.py:188} INFO - [2025-06-12T14:27:38.880+0000] {dag.py:3096} INFO - Sync 1 DAGs
[2025-06-12T14:27:38.889+0000] {logging_mixin.py:188} INFO - [2025-06-12T14:27:38.889+0000] {dag.py:3954} INFO - Setting next_dagrun for example_short_circuit_operator to 2025-06-11 00:00:00+00:00, run_after=2025-06-12 00:00:00+00:00
[2025-06-12T14:27:38.897+0000] {processor.py:183} INFO - Processing /home/airflow/.local/lib/python3.12/site-packages/airflow/example_dags/example_short_circuit_operator.py took 0.041 seconds
[2025-06-12T14:28:09.525+0000] {processor.py:161} INFO - Started process (PID=1387) to work on /home/airflow/.local/lib/python3.12/site-packages/airflow/example_dags/example_short_circuit_operator.py
[2025-06-12T14:28:09.526+0000] {processor.py:830} INFO - Processing file /home/airflow/.local/lib/python3.12/site-packages/airflow/example_dags/example_short_circuit_operator.py for tasks to queue
[2025-06-12T14:28:09.527+0000] {logging_mixin.py:188} INFO - [2025-06-12T14:28:09.527+0000] {dagbag.py:540} INFO - Filling up the DagBag from /home/airflow/.local/lib/python3.12/site-packages/airflow/example_dags/example_short_circuit_operator.py
[2025-06-12T14:28:09.531+0000] {processor.py:840} INFO - DAG(s) 'example_short_circuit_operator' retrieved from /home/airflow/.local/lib/python3.12/site-packages/airflow/example_dags/example_short_circuit_operator.py
[2025-06-12T14:28:09.546+0000] {logging_mixin.py:188} INFO - [2025-06-12T14:28:09.545+0000] {dag.py:3096} INFO - Sync 1 DAGs
[2025-06-12T14:28:09.556+0000] {logging_mixin.py:188} INFO - [2025-06-12T14:28:09.556+0000] {dag.py:3954} INFO - Setting next_dagrun for example_short_circuit_operator to 2025-06-11 00:00:00+00:00, run_after=2025-06-12 00:00:00+00:00
[2025-06-12T14:28:09.566+0000] {processor.py:183} INFO - Processing /home/airflow/.local/lib/python3.12/site-packages/airflow/example_dags/example_short_circuit_operator.py took 0.045 seconds
[2025-06-12T14:35:49.828+0000] {processor.py:161} INFO - Started process (PID=38) to work on /home/airflow/.local/lib/python3.12/site-packages/airflow/example_dags/example_short_circuit_operator.py
[2025-06-12T14:35:49.830+0000] {processor.py:830} INFO - Processing file /home/airflow/.local/lib/python3.12/site-packages/airflow/example_dags/example_short_circuit_operator.py for tasks to queue
[2025-06-12T14:35:49.833+0000] {logging_mixin.py:188} INFO - [2025-06-12T14:35:49.833+0000] {dagbag.py:540} INFO - Filling up the DagBag from /home/airflow/.local/lib/python3.12/site-packages/airflow/example_dags/example_short_circuit_operator.py
[2025-06-12T14:35:49.843+0000] {processor.py:840} INFO - DAG(s) 'example_short_circuit_operator' retrieved from /home/airflow/.local/lib/python3.12/site-packages/airflow/example_dags/example_short_circuit_operator.py
[2025-06-12T14:35:49.856+0000] {logging_mixin.py:188} INFO - [2025-06-12T14:35:49.856+0000] {dag.py:3096} INFO - Sync 1 DAGs
[2025-06-12T14:35:49.886+0000] {logging_mixin.py:188} INFO - [2025-06-12T14:35:49.886+0000] {dag.py:3954} INFO - Setting next_dagrun for example_short_circuit_operator to 2025-06-11 00:00:00+00:00, run_after=2025-06-12 00:00:00+00:00
[2025-06-12T14:35:49.919+0000] {processor.py:183} INFO - Processing /home/airflow/.local/lib/python3.12/site-packages/airflow/example_dags/example_short_circuit_operator.py took 0.109 seconds
[2025-06-12T14:36:20.506+0000] {processor.py:161} INFO - Started process (PID=105) to work on /home/airflow/.local/lib/python3.12/site-packages/airflow/example_dags/example_short_circuit_operator.py
[2025-06-12T14:36:20.507+0000] {processor.py:830} INFO - Processing file /home/airflow/.local/lib/python3.12/site-packages/airflow/example_dags/example_short_circuit_operator.py for tasks to queue
[2025-06-12T14:36:20.507+0000] {logging_mixin.py:188} INFO - [2025-06-12T14:36:20.507+0000] {dagbag.py:540} INFO - Filling up the DagBag from /home/airflow/.local/lib/python3.12/site-packages/airflow/example_dags/example_short_circuit_operator.py
[2025-06-12T14:36:20.511+0000] {processor.py:840} INFO - DAG(s) 'example_short_circuit_operator' retrieved from /home/airflow/.local/lib/python3.12/site-packages/airflow/example_dags/example_short_circuit_operator.py
[2025-06-12T14:36:20.562+0000] {logging_mixin.py:188} INFO - [2025-06-12T14:36:20.562+0000] {dag.py:3096} INFO - Sync 1 DAGs
[2025-06-12T14:36:20.571+0000] {logging_mixin.py:188} INFO - [2025-06-12T14:36:20.571+0000] {dag.py:3954} INFO - Setting next_dagrun for example_short_circuit_operator to 2025-06-11 00:00:00+00:00, run_after=2025-06-12 00:00:00+00:00
[2025-06-12T14:36:20.587+0000] {processor.py:183} INFO - Processing /home/airflow/.local/lib/python3.12/site-packages/airflow/example_dags/example_short_circuit_operator.py took 0.084 seconds
[2025-06-12T14:36:51.146+0000] {processor.py:161} INFO - Started process (PID=178) to work on /home/airflow/.local/lib/python3.12/site-packages/airflow/example_dags/example_short_circuit_operator.py
[2025-06-12T14:36:51.151+0000] {processor.py:830} INFO - Processing file /home/airflow/.local/lib/python3.12/site-packages/airflow/example_dags/example_short_circuit_operator.py for tasks to queue
[2025-06-12T14:36:51.157+0000] {logging_mixin.py:188} INFO - [2025-06-12T14:36:51.156+0000] {dagbag.py:540} INFO - Filling up the DagBag from /home/airflow/.local/lib/python3.12/site-packages/airflow/example_dags/example_short_circuit_operator.py
[2025-06-12T14:36:51.162+0000] {processor.py:840} INFO - DAG(s) 'example_short_circuit_operator' retrieved from /home/airflow/.local/lib/python3.12/site-packages/airflow/example_dags/example_short_circuit_operator.py
[2025-06-12T14:36:51.186+0000] {logging_mixin.py:188} INFO - [2025-06-12T14:36:51.186+0000] {dag.py:3096} INFO - Sync 1 DAGs
[2025-06-12T14:36:51.210+0000] {logging_mixin.py:188} INFO - [2025-06-12T14:36:51.210+0000] {dag.py:3954} INFO - Setting next_dagrun for example_short_circuit_operator to 2025-06-11 00:00:00+00:00, run_after=2025-06-12 00:00:00+00:00
[2025-06-12T14:36:51.226+0000] {processor.py:183} INFO - Processing /home/airflow/.local/lib/python3.12/site-packages/airflow/example_dags/example_short_circuit_operator.py took 0.083 seconds
[2025-06-12T14:37:21.615+0000] {processor.py:161} INFO - Started process (PID=245) to work on /home/airflow/.local/lib/python3.12/site-packages/airflow/example_dags/example_short_circuit_operator.py
[2025-06-12T14:37:21.616+0000] {processor.py:830} INFO - Processing file /home/airflow/.local/lib/python3.12/site-packages/airflow/example_dags/example_short_circuit_operator.py for tasks to queue
[2025-06-12T14:37:21.618+0000] {logging_mixin.py:188} INFO - [2025-06-12T14:37:21.618+0000] {dagbag.py:540} INFO - Filling up the DagBag from /home/airflow/.local/lib/python3.12/site-packages/airflow/example_dags/example_short_circuit_operator.py
[2025-06-12T14:37:21.627+0000] {processor.py:840} INFO - DAG(s) 'example_short_circuit_operator' retrieved from /home/airflow/.local/lib/python3.12/site-packages/airflow/example_dags/example_short_circuit_operator.py
[2025-06-12T14:37:21.642+0000] {logging_mixin.py:188} INFO - [2025-06-12T14:37:21.642+0000] {dag.py:3096} INFO - Sync 1 DAGs
[2025-06-12T14:37:21.653+0000] {logging_mixin.py:188} INFO - [2025-06-12T14:37:21.653+0000] {dag.py:3954} INFO - Setting next_dagrun for example_short_circuit_operator to 2025-06-11 00:00:00+00:00, run_after=2025-06-12 00:00:00+00:00
[2025-06-12T14:37:21.664+0000] {processor.py:183} INFO - Processing /home/airflow/.local/lib/python3.12/site-packages/airflow/example_dags/example_short_circuit_operator.py took 0.052 seconds
[2025-06-12T14:37:52.088+0000] {processor.py:161} INFO - Started process (PID=319) to work on /home/airflow/.local/lib/python3.12/site-packages/airflow/example_dags/example_short_circuit_operator.py
[2025-06-12T14:37:52.089+0000] {processor.py:830} INFO - Processing file /home/airflow/.local/lib/python3.12/site-packages/airflow/example_dags/example_short_circuit_operator.py for tasks to queue
[2025-06-12T14:37:52.091+0000] {logging_mixin.py:188} INFO - [2025-06-12T14:37:52.091+0000] {dagbag.py:540} INFO - Filling up the DagBag from /home/airflow/.local/lib/python3.12/site-packages/airflow/example_dags/example_short_circuit_operator.py
[2025-06-12T14:37:52.098+0000] {processor.py:840} INFO - DAG(s) 'example_short_circuit_operator' retrieved from /home/airflow/.local/lib/python3.12/site-packages/airflow/example_dags/example_short_circuit_operator.py
[2025-06-12T14:37:52.117+0000] {logging_mixin.py:188} INFO - [2025-06-12T14:37:52.116+0000] {dag.py:3096} INFO - Sync 1 DAGs
[2025-06-12T14:37:52.132+0000] {logging_mixin.py:188} INFO - [2025-06-12T14:37:52.132+0000] {dag.py:3954} INFO - Setting next_dagrun for example_short_circuit_operator to 2025-06-11 00:00:00+00:00, run_after=2025-06-12 00:00:00+00:00
[2025-06-12T14:37:52.148+0000] {processor.py:183} INFO - Processing /home/airflow/.local/lib/python3.12/site-packages/airflow/example_dags/example_short_circuit_operator.py took 0.065 seconds
[2025-06-12T14:38:22.532+0000] {processor.py:161} INFO - Started process (PID=394) to work on /home/airflow/.local/lib/python3.12/site-packages/airflow/example_dags/example_short_circuit_operator.py
[2025-06-12T14:38:22.533+0000] {processor.py:830} INFO - Processing file /home/airflow/.local/lib/python3.12/site-packages/airflow/example_dags/example_short_circuit_operator.py for tasks to queue
[2025-06-12T14:38:22.536+0000] {logging_mixin.py:188} INFO - [2025-06-12T14:38:22.536+0000] {dagbag.py:540} INFO - Filling up the DagBag from /home/airflow/.local/lib/python3.12/site-packages/airflow/example_dags/example_short_circuit_operator.py
[2025-06-12T14:38:22.540+0000] {processor.py:840} INFO - DAG(s) 'example_short_circuit_operator' retrieved from /home/airflow/.local/lib/python3.12/site-packages/airflow/example_dags/example_short_circuit_operator.py
[2025-06-12T14:38:22.560+0000] {logging_mixin.py:188} INFO - [2025-06-12T14:38:22.560+0000] {dag.py:3096} INFO - Sync 1 DAGs
[2025-06-12T14:38:22.582+0000] {logging_mixin.py:188} INFO - [2025-06-12T14:38:22.582+0000] {dag.py:3954} INFO - Setting next_dagrun for example_short_circuit_operator to 2025-06-11 00:00:00+00:00, run_after=2025-06-12 00:00:00+00:00
[2025-06-12T14:38:22.603+0000] {processor.py:183} INFO - Processing /home/airflow/.local/lib/python3.12/site-packages/airflow/example_dags/example_short_circuit_operator.py took 0.075 seconds
[2025-06-12T14:38:52.747+0000] {processor.py:161} INFO - Started process (PID=461) to work on /home/airflow/.local/lib/python3.12/site-packages/airflow/example_dags/example_short_circuit_operator.py
[2025-06-12T14:38:52.748+0000] {processor.py:830} INFO - Processing file /home/airflow/.local/lib/python3.12/site-packages/airflow/example_dags/example_short_circuit_operator.py for tasks to queue
[2025-06-12T14:38:52.749+0000] {logging_mixin.py:188} INFO - [2025-06-12T14:38:52.749+0000] {dagbag.py:540} INFO - Filling up the DagBag from /home/airflow/.local/lib/python3.12/site-packages/airflow/example_dags/example_short_circuit_operator.py
[2025-06-12T14:38:52.754+0000] {processor.py:840} INFO - DAG(s) 'example_short_circuit_operator' retrieved from /home/airflow/.local/lib/python3.12/site-packages/airflow/example_dags/example_short_circuit_operator.py
[2025-06-12T14:38:52.767+0000] {logging_mixin.py:188} INFO - [2025-06-12T14:38:52.767+0000] {dag.py:3096} INFO - Sync 1 DAGs
[2025-06-12T14:38:52.778+0000] {logging_mixin.py:188} INFO - [2025-06-12T14:38:52.778+0000] {dag.py:3954} INFO - Setting next_dagrun for example_short_circuit_operator to 2025-06-11 00:00:00+00:00, run_after=2025-06-12 00:00:00+00:00
[2025-06-12T14:38:52.787+0000] {processor.py:183} INFO - Processing /home/airflow/.local/lib/python3.12/site-packages/airflow/example_dags/example_short_circuit_operator.py took 0.042 seconds
[2025-06-12T14:39:23.047+0000] {processor.py:161} INFO - Started process (PID=535) to work on /home/airflow/.local/lib/python3.12/site-packages/airflow/example_dags/example_short_circuit_operator.py
[2025-06-12T14:39:23.049+0000] {processor.py:830} INFO - Processing file /home/airflow/.local/lib/python3.12/site-packages/airflow/example_dags/example_short_circuit_operator.py for tasks to queue
[2025-06-12T14:39:23.051+0000] {logging_mixin.py:188} INFO - [2025-06-12T14:39:23.050+0000] {dagbag.py:540} INFO - Filling up the DagBag from /home/airflow/.local/lib/python3.12/site-packages/airflow/example_dags/example_short_circuit_operator.py
[2025-06-12T14:39:23.055+0000] {processor.py:840} INFO - DAG(s) 'example_short_circuit_operator' retrieved from /home/airflow/.local/lib/python3.12/site-packages/airflow/example_dags/example_short_circuit_operator.py
[2025-06-12T14:39:23.070+0000] {logging_mixin.py:188} INFO - [2025-06-12T14:39:23.070+0000] {dag.py:3096} INFO - Sync 1 DAGs
[2025-06-12T14:39:23.082+0000] {logging_mixin.py:188} INFO - [2025-06-12T14:39:23.082+0000] {dag.py:3954} INFO - Setting next_dagrun for example_short_circuit_operator to 2025-06-11 00:00:00+00:00, run_after=2025-06-12 00:00:00+00:00
[2025-06-12T14:39:23.091+0000] {processor.py:183} INFO - Processing /home/airflow/.local/lib/python3.12/site-packages/airflow/example_dags/example_short_circuit_operator.py took 0.046 seconds
[2025-06-12T14:46:27.308+0000] {processor.py:161} INFO - Started process (PID=40) to work on /home/airflow/.local/lib/python3.12/site-packages/airflow/example_dags/example_short_circuit_operator.py
[2025-06-12T14:46:27.311+0000] {processor.py:830} INFO - Processing file /home/airflow/.local/lib/python3.12/site-packages/airflow/example_dags/example_short_circuit_operator.py for tasks to queue
[2025-06-12T14:46:27.319+0000] {logging_mixin.py:188} INFO - [2025-06-12T14:46:27.319+0000] {dagbag.py:540} INFO - Filling up the DagBag from /home/airflow/.local/lib/python3.12/site-packages/airflow/example_dags/example_short_circuit_operator.py
[2025-06-12T14:46:27.344+0000] {processor.py:840} INFO - DAG(s) 'example_short_circuit_operator' retrieved from /home/airflow/.local/lib/python3.12/site-packages/airflow/example_dags/example_short_circuit_operator.py
[2025-06-12T14:46:27.373+0000] {logging_mixin.py:188} INFO - [2025-06-12T14:46:27.372+0000] {dag.py:3096} INFO - Sync 1 DAGs
[2025-06-12T14:46:27.408+0000] {logging_mixin.py:188} INFO - [2025-06-12T14:46:27.408+0000] {dag.py:3954} INFO - Setting next_dagrun for example_short_circuit_operator to 2025-06-11 00:00:00+00:00, run_after=2025-06-12 00:00:00+00:00
[2025-06-12T14:46:27.447+0000] {processor.py:183} INFO - Processing /home/airflow/.local/lib/python3.12/site-packages/airflow/example_dags/example_short_circuit_operator.py took 0.148 seconds
[2025-06-12T14:46:57.845+0000] {processor.py:161} INFO - Started process (PID=107) to work on /home/airflow/.local/lib/python3.12/site-packages/airflow/example_dags/example_short_circuit_operator.py
[2025-06-12T14:46:57.846+0000] {processor.py:830} INFO - Processing file /home/airflow/.local/lib/python3.12/site-packages/airflow/example_dags/example_short_circuit_operator.py for tasks to queue
[2025-06-12T14:46:57.847+0000] {logging_mixin.py:188} INFO - [2025-06-12T14:46:57.847+0000] {dagbag.py:540} INFO - Filling up the DagBag from /home/airflow/.local/lib/python3.12/site-packages/airflow/example_dags/example_short_circuit_operator.py
[2025-06-12T14:46:57.852+0000] {processor.py:840} INFO - DAG(s) 'example_short_circuit_operator' retrieved from /home/airflow/.local/lib/python3.12/site-packages/airflow/example_dags/example_short_circuit_operator.py
[2025-06-12T14:46:57.926+0000] {logging_mixin.py:188} INFO - [2025-06-12T14:46:57.926+0000] {dag.py:3096} INFO - Sync 1 DAGs
[2025-06-12T14:46:57.936+0000] {logging_mixin.py:188} INFO - [2025-06-12T14:46:57.936+0000] {dag.py:3954} INFO - Setting next_dagrun for example_short_circuit_operator to 2025-06-11 00:00:00+00:00, run_after=2025-06-12 00:00:00+00:00
[2025-06-12T14:46:57.948+0000] {processor.py:183} INFO - Processing /home/airflow/.local/lib/python3.12/site-packages/airflow/example_dags/example_short_circuit_operator.py took 0.108 seconds
[2025-06-12T14:47:28.753+0000] {processor.py:161} INFO - Started process (PID=173) to work on /home/airflow/.local/lib/python3.12/site-packages/airflow/example_dags/example_short_circuit_operator.py
[2025-06-12T14:47:28.757+0000] {processor.py:830} INFO - Processing file /home/airflow/.local/lib/python3.12/site-packages/airflow/example_dags/example_short_circuit_operator.py for tasks to queue
[2025-06-12T14:47:28.758+0000] {logging_mixin.py:188} INFO - [2025-06-12T14:47:28.758+0000] {dagbag.py:540} INFO - Filling up the DagBag from /home/airflow/.local/lib/python3.12/site-packages/airflow/example_dags/example_short_circuit_operator.py
[2025-06-12T14:47:28.765+0000] {processor.py:840} INFO - DAG(s) 'example_short_circuit_operator' retrieved from /home/airflow/.local/lib/python3.12/site-packages/airflow/example_dags/example_short_circuit_operator.py
[2025-06-12T14:47:28.786+0000] {logging_mixin.py:188} INFO - [2025-06-12T14:47:28.786+0000] {dag.py:3096} INFO - Sync 1 DAGs
[2025-06-12T14:47:28.804+0000] {logging_mixin.py:188} INFO - [2025-06-12T14:47:28.804+0000] {dag.py:3954} INFO - Setting next_dagrun for example_short_circuit_operator to 2025-06-11 00:00:00+00:00, run_after=2025-06-12 00:00:00+00:00
[2025-06-12T14:47:28.819+0000] {processor.py:183} INFO - Processing /home/airflow/.local/lib/python3.12/site-packages/airflow/example_dags/example_short_circuit_operator.py took 0.075 seconds
[2025-06-12T14:47:59.288+0000] {processor.py:161} INFO - Started process (PID=247) to work on /home/airflow/.local/lib/python3.12/site-packages/airflow/example_dags/example_short_circuit_operator.py
[2025-06-12T14:47:59.288+0000] {processor.py:830} INFO - Processing file /home/airflow/.local/lib/python3.12/site-packages/airflow/example_dags/example_short_circuit_operator.py for tasks to queue
[2025-06-12T14:47:59.289+0000] {logging_mixin.py:188} INFO - [2025-06-12T14:47:59.289+0000] {dagbag.py:540} INFO - Filling up the DagBag from /home/airflow/.local/lib/python3.12/site-packages/airflow/example_dags/example_short_circuit_operator.py
[2025-06-12T14:47:59.292+0000] {processor.py:840} INFO - DAG(s) 'example_short_circuit_operator' retrieved from /home/airflow/.local/lib/python3.12/site-packages/airflow/example_dags/example_short_circuit_operator.py
[2025-06-12T14:47:59.313+0000] {logging_mixin.py:188} INFO - [2025-06-12T14:47:59.313+0000] {dag.py:3096} INFO - Sync 1 DAGs
[2025-06-12T14:47:59.324+0000] {logging_mixin.py:188} INFO - [2025-06-12T14:47:59.324+0000] {dag.py:3954} INFO - Setting next_dagrun for example_short_circuit_operator to 2025-06-11 00:00:00+00:00, run_after=2025-06-12 00:00:00+00:00
[2025-06-12T14:47:59.338+0000] {processor.py:183} INFO - Processing /home/airflow/.local/lib/python3.12/site-packages/airflow/example_dags/example_short_circuit_operator.py took 0.054 seconds
[2025-06-12T15:07:47.500+0000] {processor.py:161} INFO - Started process (PID=33) to work on /home/airflow/.local/lib/python3.12/site-packages/airflow/example_dags/example_short_circuit_operator.py
[2025-06-12T15:07:47.502+0000] {processor.py:830} INFO - Processing file /home/airflow/.local/lib/python3.12/site-packages/airflow/example_dags/example_short_circuit_operator.py for tasks to queue
[2025-06-12T15:07:47.507+0000] {logging_mixin.py:188} INFO - [2025-06-12T15:07:47.506+0000] {dagbag.py:540} INFO - Filling up the DagBag from /home/airflow/.local/lib/python3.12/site-packages/airflow/example_dags/example_short_circuit_operator.py
[2025-06-12T15:07:47.515+0000] {processor.py:840} INFO - DAG(s) 'example_short_circuit_operator' retrieved from /home/airflow/.local/lib/python3.12/site-packages/airflow/example_dags/example_short_circuit_operator.py
[2025-06-12T15:07:47.533+0000] {logging_mixin.py:188} INFO - [2025-06-12T15:07:47.533+0000] {dag.py:3096} INFO - Sync 1 DAGs
[2025-06-12T15:07:47.552+0000] {logging_mixin.py:188} INFO - [2025-06-12T15:07:47.552+0000] {dag.py:3954} INFO - Setting next_dagrun for example_short_circuit_operator to 2025-06-11 00:00:00+00:00, run_after=2025-06-12 00:00:00+00:00
[2025-06-12T15:07:47.571+0000] {processor.py:183} INFO - Processing /home/airflow/.local/lib/python3.12/site-packages/airflow/example_dags/example_short_circuit_operator.py took 0.078 seconds
[2025-06-12T15:08:18.347+0000] {processor.py:161} INFO - Started process (PID=107) to work on /home/airflow/.local/lib/python3.12/site-packages/airflow/example_dags/example_short_circuit_operator.py
[2025-06-12T15:08:18.347+0000] {processor.py:830} INFO - Processing file /home/airflow/.local/lib/python3.12/site-packages/airflow/example_dags/example_short_circuit_operator.py for tasks to queue
[2025-06-12T15:08:18.349+0000] {logging_mixin.py:188} INFO - [2025-06-12T15:08:18.348+0000] {dagbag.py:540} INFO - Filling up the DagBag from /home/airflow/.local/lib/python3.12/site-packages/airflow/example_dags/example_short_circuit_operator.py
[2025-06-12T15:08:18.353+0000] {processor.py:840} INFO - DAG(s) 'example_short_circuit_operator' retrieved from /home/airflow/.local/lib/python3.12/site-packages/airflow/example_dags/example_short_circuit_operator.py
[2025-06-12T15:08:18.413+0000] {logging_mixin.py:188} INFO - [2025-06-12T15:08:18.413+0000] {dag.py:3096} INFO - Sync 1 DAGs
[2025-06-12T15:08:18.425+0000] {logging_mixin.py:188} INFO - [2025-06-12T15:08:18.425+0000] {dag.py:3954} INFO - Setting next_dagrun for example_short_circuit_operator to 2025-06-11 00:00:00+00:00, run_after=2025-06-12 00:00:00+00:00
[2025-06-12T15:08:18.439+0000] {processor.py:183} INFO - Processing /home/airflow/.local/lib/python3.12/site-packages/airflow/example_dags/example_short_circuit_operator.py took 0.095 seconds
[2025-06-12T15:08:48.747+0000] {processor.py:161} INFO - Started process (PID=174) to work on /home/airflow/.local/lib/python3.12/site-packages/airflow/example_dags/example_short_circuit_operator.py
[2025-06-12T15:08:48.748+0000] {processor.py:830} INFO - Processing file /home/airflow/.local/lib/python3.12/site-packages/airflow/example_dags/example_short_circuit_operator.py for tasks to queue
[2025-06-12T15:08:48.751+0000] {logging_mixin.py:188} INFO - [2025-06-12T15:08:48.750+0000] {dagbag.py:540} INFO - Filling up the DagBag from /home/airflow/.local/lib/python3.12/site-packages/airflow/example_dags/example_short_circuit_operator.py
[2025-06-12T15:08:48.755+0000] {processor.py:840} INFO - DAG(s) 'example_short_circuit_operator' retrieved from /home/airflow/.local/lib/python3.12/site-packages/airflow/example_dags/example_short_circuit_operator.py
[2025-06-12T15:08:48.768+0000] {logging_mixin.py:188} INFO - [2025-06-12T15:08:48.768+0000] {dag.py:3096} INFO - Sync 1 DAGs
[2025-06-12T15:08:48.778+0000] {logging_mixin.py:188} INFO - [2025-06-12T15:08:48.778+0000] {dag.py:3954} INFO - Setting next_dagrun for example_short_circuit_operator to 2025-06-11 00:00:00+00:00, run_after=2025-06-12 00:00:00+00:00
[2025-06-12T15:08:48.791+0000] {processor.py:183} INFO - Processing /home/airflow/.local/lib/python3.12/site-packages/airflow/example_dags/example_short_circuit_operator.py took 0.046 seconds
[2025-06-12T15:09:18.976+0000] {processor.py:161} INFO - Started process (PID=248) to work on /home/airflow/.local/lib/python3.12/site-packages/airflow/example_dags/example_short_circuit_operator.py
[2025-06-12T15:09:18.977+0000] {processor.py:830} INFO - Processing file /home/airflow/.local/lib/python3.12/site-packages/airflow/example_dags/example_short_circuit_operator.py for tasks to queue
[2025-06-12T15:09:18.979+0000] {logging_mixin.py:188} INFO - [2025-06-12T15:09:18.979+0000] {dagbag.py:540} INFO - Filling up the DagBag from /home/airflow/.local/lib/python3.12/site-packages/airflow/example_dags/example_short_circuit_operator.py
[2025-06-12T15:09:18.983+0000] {processor.py:840} INFO - DAG(s) 'example_short_circuit_operator' retrieved from /home/airflow/.local/lib/python3.12/site-packages/airflow/example_dags/example_short_circuit_operator.py
[2025-06-12T15:09:19.001+0000] {logging_mixin.py:188} INFO - [2025-06-12T15:09:19.001+0000] {dag.py:3096} INFO - Sync 1 DAGs
[2025-06-12T15:09:19.017+0000] {logging_mixin.py:188} INFO - [2025-06-12T15:09:19.017+0000] {dag.py:3954} INFO - Setting next_dagrun for example_short_circuit_operator to 2025-06-11 00:00:00+00:00, run_after=2025-06-12 00:00:00+00:00
[2025-06-12T15:09:19.031+0000] {processor.py:183} INFO - Processing /home/airflow/.local/lib/python3.12/site-packages/airflow/example_dags/example_short_circuit_operator.py took 0.058 seconds
[2025-06-12T15:09:49.150+0000] {processor.py:161} INFO - Started process (PID=322) to work on /home/airflow/.local/lib/python3.12/site-packages/airflow/example_dags/example_short_circuit_operator.py
[2025-06-12T15:09:49.153+0000] {processor.py:830} INFO - Processing file /home/airflow/.local/lib/python3.12/site-packages/airflow/example_dags/example_short_circuit_operator.py for tasks to queue
[2025-06-12T15:09:49.154+0000] {logging_mixin.py:188} INFO - [2025-06-12T15:09:49.154+0000] {dagbag.py:540} INFO - Filling up the DagBag from /home/airflow/.local/lib/python3.12/site-packages/airflow/example_dags/example_short_circuit_operator.py
[2025-06-12T15:09:49.159+0000] {processor.py:840} INFO - DAG(s) 'example_short_circuit_operator' retrieved from /home/airflow/.local/lib/python3.12/site-packages/airflow/example_dags/example_short_circuit_operator.py
[2025-06-12T15:09:49.191+0000] {logging_mixin.py:188} INFO - [2025-06-12T15:09:49.191+0000] {dag.py:3096} INFO - Sync 1 DAGs
[2025-06-12T15:09:49.212+0000] {logging_mixin.py:188} INFO - [2025-06-12T15:09:49.212+0000] {dag.py:3954} INFO - Setting next_dagrun for example_short_circuit_operator to 2025-06-11 00:00:00+00:00, run_after=2025-06-12 00:00:00+00:00
[2025-06-12T15:09:49.232+0000] {processor.py:183} INFO - Processing /home/airflow/.local/lib/python3.12/site-packages/airflow/example_dags/example_short_circuit_operator.py took 0.085 seconds
[2025-06-12T15:10:19.645+0000] {processor.py:161} INFO - Started process (PID=389) to work on /home/airflow/.local/lib/python3.12/site-packages/airflow/example_dags/example_short_circuit_operator.py
[2025-06-12T15:10:19.648+0000] {processor.py:830} INFO - Processing file /home/airflow/.local/lib/python3.12/site-packages/airflow/example_dags/example_short_circuit_operator.py for tasks to queue
[2025-06-12T15:10:19.649+0000] {logging_mixin.py:188} INFO - [2025-06-12T15:10:19.649+0000] {dagbag.py:540} INFO - Filling up the DagBag from /home/airflow/.local/lib/python3.12/site-packages/airflow/example_dags/example_short_circuit_operator.py
[2025-06-12T15:10:19.652+0000] {processor.py:840} INFO - DAG(s) 'example_short_circuit_operator' retrieved from /home/airflow/.local/lib/python3.12/site-packages/airflow/example_dags/example_short_circuit_operator.py
[2025-06-12T15:10:19.667+0000] {logging_mixin.py:188} INFO - [2025-06-12T15:10:19.667+0000] {dag.py:3096} INFO - Sync 1 DAGs
[2025-06-12T15:10:19.677+0000] {logging_mixin.py:188} INFO - [2025-06-12T15:10:19.677+0000] {dag.py:3954} INFO - Setting next_dagrun for example_short_circuit_operator to 2025-06-11 00:00:00+00:00, run_after=2025-06-12 00:00:00+00:00
[2025-06-12T15:10:19.686+0000] {processor.py:183} INFO - Processing /home/airflow/.local/lib/python3.12/site-packages/airflow/example_dags/example_short_circuit_operator.py took 0.044 seconds
[2025-06-12T15:10:49.958+0000] {processor.py:161} INFO - Started process (PID=463) to work on /home/airflow/.local/lib/python3.12/site-packages/airflow/example_dags/example_short_circuit_operator.py
[2025-06-12T15:10:49.959+0000] {processor.py:830} INFO - Processing file /home/airflow/.local/lib/python3.12/site-packages/airflow/example_dags/example_short_circuit_operator.py for tasks to queue
[2025-06-12T15:10:49.960+0000] {logging_mixin.py:188} INFO - [2025-06-12T15:10:49.960+0000] {dagbag.py:540} INFO - Filling up the DagBag from /home/airflow/.local/lib/python3.12/site-packages/airflow/example_dags/example_short_circuit_operator.py
[2025-06-12T15:10:49.965+0000] {processor.py:840} INFO - DAG(s) 'example_short_circuit_operator' retrieved from /home/airflow/.local/lib/python3.12/site-packages/airflow/example_dags/example_short_circuit_operator.py
[2025-06-12T15:10:49.982+0000] {logging_mixin.py:188} INFO - [2025-06-12T15:10:49.982+0000] {dag.py:3096} INFO - Sync 1 DAGs
[2025-06-12T15:10:49.992+0000] {logging_mixin.py:188} INFO - [2025-06-12T15:10:49.992+0000] {dag.py:3954} INFO - Setting next_dagrun for example_short_circuit_operator to 2025-06-11 00:00:00+00:00, run_after=2025-06-12 00:00:00+00:00
[2025-06-12T15:10:50.005+0000] {processor.py:183} INFO - Processing /home/airflow/.local/lib/python3.12/site-packages/airflow/example_dags/example_short_circuit_operator.py took 0.049 seconds
[2025-06-12T15:11:20.216+0000] {processor.py:161} INFO - Started process (PID=529) to work on /home/airflow/.local/lib/python3.12/site-packages/airflow/example_dags/example_short_circuit_operator.py
[2025-06-12T15:11:20.217+0000] {processor.py:830} INFO - Processing file /home/airflow/.local/lib/python3.12/site-packages/airflow/example_dags/example_short_circuit_operator.py for tasks to queue
[2025-06-12T15:11:20.218+0000] {logging_mixin.py:188} INFO - [2025-06-12T15:11:20.217+0000] {dagbag.py:540} INFO - Filling up the DagBag from /home/airflow/.local/lib/python3.12/site-packages/airflow/example_dags/example_short_circuit_operator.py
[2025-06-12T15:11:20.221+0000] {processor.py:840} INFO - DAG(s) 'example_short_circuit_operator' retrieved from /home/airflow/.local/lib/python3.12/site-packages/airflow/example_dags/example_short_circuit_operator.py
[2025-06-12T15:11:20.240+0000] {logging_mixin.py:188} INFO - [2025-06-12T15:11:20.240+0000] {dag.py:3096} INFO - Sync 1 DAGs
[2025-06-12T15:11:20.251+0000] {logging_mixin.py:188} INFO - [2025-06-12T15:11:20.251+0000] {dag.py:3954} INFO - Setting next_dagrun for example_short_circuit_operator to 2025-06-11 00:00:00+00:00, run_after=2025-06-12 00:00:00+00:00
[2025-06-12T15:11:20.261+0000] {processor.py:183} INFO - Processing /home/airflow/.local/lib/python3.12/site-packages/airflow/example_dags/example_short_circuit_operator.py took 0.049 seconds
[2025-06-12T15:11:50.603+0000] {processor.py:161} INFO - Started process (PID=602) to work on /home/airflow/.local/lib/python3.12/site-packages/airflow/example_dags/example_short_circuit_operator.py
[2025-06-12T15:11:50.606+0000] {processor.py:830} INFO - Processing file /home/airflow/.local/lib/python3.12/site-packages/airflow/example_dags/example_short_circuit_operator.py for tasks to queue
[2025-06-12T15:11:50.608+0000] {logging_mixin.py:188} INFO - [2025-06-12T15:11:50.607+0000] {dagbag.py:540} INFO - Filling up the DagBag from /home/airflow/.local/lib/python3.12/site-packages/airflow/example_dags/example_short_circuit_operator.py
[2025-06-12T15:11:50.617+0000] {processor.py:840} INFO - DAG(s) 'example_short_circuit_operator' retrieved from /home/airflow/.local/lib/python3.12/site-packages/airflow/example_dags/example_short_circuit_operator.py
[2025-06-12T15:11:50.637+0000] {logging_mixin.py:188} INFO - [2025-06-12T15:11:50.637+0000] {dag.py:3096} INFO - Sync 1 DAGs
[2025-06-12T15:11:50.653+0000] {logging_mixin.py:188} INFO - [2025-06-12T15:11:50.653+0000] {dag.py:3954} INFO - Setting next_dagrun for example_short_circuit_operator to 2025-06-11 00:00:00+00:00, run_after=2025-06-12 00:00:00+00:00
[2025-06-12T15:11:50.663+0000] {processor.py:183} INFO - Processing /home/airflow/.local/lib/python3.12/site-packages/airflow/example_dags/example_short_circuit_operator.py took 0.063 seconds
[2025-06-12T15:12:20.930+0000] {processor.py:161} INFO - Started process (PID=675) to work on /home/airflow/.local/lib/python3.12/site-packages/airflow/example_dags/example_short_circuit_operator.py
[2025-06-12T15:12:20.931+0000] {processor.py:830} INFO - Processing file /home/airflow/.local/lib/python3.12/site-packages/airflow/example_dags/example_short_circuit_operator.py for tasks to queue
[2025-06-12T15:12:20.933+0000] {logging_mixin.py:188} INFO - [2025-06-12T15:12:20.933+0000] {dagbag.py:540} INFO - Filling up the DagBag from /home/airflow/.local/lib/python3.12/site-packages/airflow/example_dags/example_short_circuit_operator.py
[2025-06-12T15:12:20.938+0000] {processor.py:840} INFO - DAG(s) 'example_short_circuit_operator' retrieved from /home/airflow/.local/lib/python3.12/site-packages/airflow/example_dags/example_short_circuit_operator.py
[2025-06-12T15:12:20.951+0000] {logging_mixin.py:188} INFO - [2025-06-12T15:12:20.951+0000] {dag.py:3096} INFO - Sync 1 DAGs
[2025-06-12T15:12:20.962+0000] {logging_mixin.py:188} INFO - [2025-06-12T15:12:20.962+0000] {dag.py:3954} INFO - Setting next_dagrun for example_short_circuit_operator to 2025-06-11 00:00:00+00:00, run_after=2025-06-12 00:00:00+00:00
[2025-06-12T15:12:20.971+0000] {processor.py:183} INFO - Processing /home/airflow/.local/lib/python3.12/site-packages/airflow/example_dags/example_short_circuit_operator.py took 0.044 seconds
[2025-06-12T15:12:51.724+0000] {processor.py:161} INFO - Started process (PID=742) to work on /home/airflow/.local/lib/python3.12/site-packages/airflow/example_dags/example_short_circuit_operator.py
[2025-06-12T15:12:51.725+0000] {processor.py:830} INFO - Processing file /home/airflow/.local/lib/python3.12/site-packages/airflow/example_dags/example_short_circuit_operator.py for tasks to queue
[2025-06-12T15:12:51.726+0000] {logging_mixin.py:188} INFO - [2025-06-12T15:12:51.726+0000] {dagbag.py:540} INFO - Filling up the DagBag from /home/airflow/.local/lib/python3.12/site-packages/airflow/example_dags/example_short_circuit_operator.py
[2025-06-12T15:12:51.730+0000] {processor.py:840} INFO - DAG(s) 'example_short_circuit_operator' retrieved from /home/airflow/.local/lib/python3.12/site-packages/airflow/example_dags/example_short_circuit_operator.py
[2025-06-12T15:12:51.744+0000] {logging_mixin.py:188} INFO - [2025-06-12T15:12:51.744+0000] {dag.py:3096} INFO - Sync 1 DAGs
[2025-06-12T15:12:51.756+0000] {logging_mixin.py:188} INFO - [2025-06-12T15:12:51.756+0000] {dag.py:3954} INFO - Setting next_dagrun for example_short_circuit_operator to 2025-06-11 00:00:00+00:00, run_after=2025-06-12 00:00:00+00:00
[2025-06-12T15:12:51.768+0000] {processor.py:183} INFO - Processing /home/airflow/.local/lib/python3.12/site-packages/airflow/example_dags/example_short_circuit_operator.py took 0.047 seconds
[2025-06-12T15:13:21.871+0000] {processor.py:161} INFO - Started process (PID=816) to work on /home/airflow/.local/lib/python3.12/site-packages/airflow/example_dags/example_short_circuit_operator.py
[2025-06-12T15:13:21.874+0000] {processor.py:830} INFO - Processing file /home/airflow/.local/lib/python3.12/site-packages/airflow/example_dags/example_short_circuit_operator.py for tasks to queue
[2025-06-12T15:13:21.875+0000] {logging_mixin.py:188} INFO - [2025-06-12T15:13:21.875+0000] {dagbag.py:540} INFO - Filling up the DagBag from /home/airflow/.local/lib/python3.12/site-packages/airflow/example_dags/example_short_circuit_operator.py
[2025-06-12T15:13:21.880+0000] {processor.py:840} INFO - DAG(s) 'example_short_circuit_operator' retrieved from /home/airflow/.local/lib/python3.12/site-packages/airflow/example_dags/example_short_circuit_operator.py
[2025-06-12T15:13:21.892+0000] {logging_mixin.py:188} INFO - [2025-06-12T15:13:21.891+0000] {dag.py:3096} INFO - Sync 1 DAGs
[2025-06-12T15:13:21.901+0000] {logging_mixin.py:188} INFO - [2025-06-12T15:13:21.901+0000] {dag.py:3954} INFO - Setting next_dagrun for example_short_circuit_operator to 2025-06-11 00:00:00+00:00, run_after=2025-06-12 00:00:00+00:00
[2025-06-12T15:13:21.909+0000] {processor.py:183} INFO - Processing /home/airflow/.local/lib/python3.12/site-packages/airflow/example_dags/example_short_circuit_operator.py took 0.041 seconds
[2025-06-12T15:13:52.087+0000] {processor.py:161} INFO - Started process (PID=890) to work on /home/airflow/.local/lib/python3.12/site-packages/airflow/example_dags/example_short_circuit_operator.py
[2025-06-12T15:13:52.090+0000] {processor.py:830} INFO - Processing file /home/airflow/.local/lib/python3.12/site-packages/airflow/example_dags/example_short_circuit_operator.py for tasks to queue
[2025-06-12T15:13:52.090+0000] {logging_mixin.py:188} INFO - [2025-06-12T15:13:52.090+0000] {dagbag.py:540} INFO - Filling up the DagBag from /home/airflow/.local/lib/python3.12/site-packages/airflow/example_dags/example_short_circuit_operator.py
[2025-06-12T15:13:52.094+0000] {processor.py:840} INFO - DAG(s) 'example_short_circuit_operator' retrieved from /home/airflow/.local/lib/python3.12/site-packages/airflow/example_dags/example_short_circuit_operator.py
[2025-06-12T15:13:52.112+0000] {logging_mixin.py:188} INFO - [2025-06-12T15:13:52.112+0000] {dag.py:3096} INFO - Sync 1 DAGs
[2025-06-12T15:13:52.124+0000] {logging_mixin.py:188} INFO - [2025-06-12T15:13:52.124+0000] {dag.py:3954} INFO - Setting next_dagrun for example_short_circuit_operator to 2025-06-11 00:00:00+00:00, run_after=2025-06-12 00:00:00+00:00
[2025-06-12T15:13:52.136+0000] {processor.py:183} INFO - Processing /home/airflow/.local/lib/python3.12/site-packages/airflow/example_dags/example_short_circuit_operator.py took 0.053 seconds
[2025-06-12T15:14:22.485+0000] {processor.py:161} INFO - Started process (PID=957) to work on /home/airflow/.local/lib/python3.12/site-packages/airflow/example_dags/example_short_circuit_operator.py
[2025-06-12T15:14:22.486+0000] {processor.py:830} INFO - Processing file /home/airflow/.local/lib/python3.12/site-packages/airflow/example_dags/example_short_circuit_operator.py for tasks to queue
[2025-06-12T15:14:22.488+0000] {logging_mixin.py:188} INFO - [2025-06-12T15:14:22.488+0000] {dagbag.py:540} INFO - Filling up the DagBag from /home/airflow/.local/lib/python3.12/site-packages/airflow/example_dags/example_short_circuit_operator.py
[2025-06-12T15:14:22.492+0000] {processor.py:840} INFO - DAG(s) 'example_short_circuit_operator' retrieved from /home/airflow/.local/lib/python3.12/site-packages/airflow/example_dags/example_short_circuit_operator.py
[2025-06-12T15:14:22.518+0000] {logging_mixin.py:188} INFO - [2025-06-12T15:14:22.518+0000] {dag.py:3096} INFO - Sync 1 DAGs
[2025-06-12T15:14:22.539+0000] {logging_mixin.py:188} INFO - [2025-06-12T15:14:22.539+0000] {dag.py:3954} INFO - Setting next_dagrun for example_short_circuit_operator to 2025-06-11 00:00:00+00:00, run_after=2025-06-12 00:00:00+00:00
[2025-06-12T15:14:22.553+0000] {processor.py:183} INFO - Processing /home/airflow/.local/lib/python3.12/site-packages/airflow/example_dags/example_short_circuit_operator.py took 0.078 seconds
[2025-06-12T15:14:52.645+0000] {processor.py:161} INFO - Started process (PID=1032) to work on /home/airflow/.local/lib/python3.12/site-packages/airflow/example_dags/example_short_circuit_operator.py
[2025-06-12T15:14:52.646+0000] {processor.py:830} INFO - Processing file /home/airflow/.local/lib/python3.12/site-packages/airflow/example_dags/example_short_circuit_operator.py for tasks to queue
[2025-06-12T15:14:52.648+0000] {logging_mixin.py:188} INFO - [2025-06-12T15:14:52.648+0000] {dagbag.py:540} INFO - Filling up the DagBag from /home/airflow/.local/lib/python3.12/site-packages/airflow/example_dags/example_short_circuit_operator.py
[2025-06-12T15:14:52.652+0000] {processor.py:840} INFO - DAG(s) 'example_short_circuit_operator' retrieved from /home/airflow/.local/lib/python3.12/site-packages/airflow/example_dags/example_short_circuit_operator.py
[2025-06-12T15:14:52.667+0000] {logging_mixin.py:188} INFO - [2025-06-12T15:14:52.666+0000] {dag.py:3096} INFO - Sync 1 DAGs
[2025-06-12T15:14:52.676+0000] {logging_mixin.py:188} INFO - [2025-06-12T15:14:52.676+0000] {dag.py:3954} INFO - Setting next_dagrun for example_short_circuit_operator to 2025-06-11 00:00:00+00:00, run_after=2025-06-12 00:00:00+00:00
[2025-06-12T15:14:52.685+0000] {processor.py:183} INFO - Processing /home/airflow/.local/lib/python3.12/site-packages/airflow/example_dags/example_short_circuit_operator.py took 0.042 seconds
[2025-06-12T15:15:23.129+0000] {processor.py:161} INFO - Started process (PID=1099) to work on /home/airflow/.local/lib/python3.12/site-packages/airflow/example_dags/example_short_circuit_operator.py
[2025-06-12T15:15:23.133+0000] {processor.py:830} INFO - Processing file /home/airflow/.local/lib/python3.12/site-packages/airflow/example_dags/example_short_circuit_operator.py for tasks to queue
[2025-06-12T15:15:23.133+0000] {logging_mixin.py:188} INFO - [2025-06-12T15:15:23.133+0000] {dagbag.py:540} INFO - Filling up the DagBag from /home/airflow/.local/lib/python3.12/site-packages/airflow/example_dags/example_short_circuit_operator.py
[2025-06-12T15:15:23.137+0000] {processor.py:840} INFO - DAG(s) 'example_short_circuit_operator' retrieved from /home/airflow/.local/lib/python3.12/site-packages/airflow/example_dags/example_short_circuit_operator.py
[2025-06-12T15:15:23.203+0000] {logging_mixin.py:188} INFO - [2025-06-12T15:15:23.202+0000] {dag.py:3096} INFO - Sync 1 DAGs
[2025-06-12T15:15:23.215+0000] {logging_mixin.py:188} INFO - [2025-06-12T15:15:23.215+0000] {dag.py:3954} INFO - Setting next_dagrun for example_short_circuit_operator to 2025-06-11 00:00:00+00:00, run_after=2025-06-12 00:00:00+00:00
[2025-06-12T15:15:23.226+0000] {processor.py:183} INFO - Processing /home/airflow/.local/lib/python3.12/site-packages/airflow/example_dags/example_short_circuit_operator.py took 0.106 seconds
[2025-06-12T15:15:53.736+0000] {processor.py:161} INFO - Started process (PID=1173) to work on /home/airflow/.local/lib/python3.12/site-packages/airflow/example_dags/example_short_circuit_operator.py
[2025-06-12T15:15:53.737+0000] {processor.py:830} INFO - Processing file /home/airflow/.local/lib/python3.12/site-packages/airflow/example_dags/example_short_circuit_operator.py for tasks to queue
[2025-06-12T15:15:53.738+0000] {logging_mixin.py:188} INFO - [2025-06-12T15:15:53.738+0000] {dagbag.py:540} INFO - Filling up the DagBag from /home/airflow/.local/lib/python3.12/site-packages/airflow/example_dags/example_short_circuit_operator.py
[2025-06-12T15:15:53.742+0000] {processor.py:840} INFO - DAG(s) 'example_short_circuit_operator' retrieved from /home/airflow/.local/lib/python3.12/site-packages/airflow/example_dags/example_short_circuit_operator.py
[2025-06-12T15:15:53.760+0000] {logging_mixin.py:188} INFO - [2025-06-12T15:15:53.760+0000] {dag.py:3096} INFO - Sync 1 DAGs
[2025-06-12T15:15:53.777+0000] {logging_mixin.py:188} INFO - [2025-06-12T15:15:53.777+0000] {dag.py:3954} INFO - Setting next_dagrun for example_short_circuit_operator to 2025-06-11 00:00:00+00:00, run_after=2025-06-12 00:00:00+00:00
[2025-06-12T15:15:53.789+0000] {processor.py:183} INFO - Processing /home/airflow/.local/lib/python3.12/site-packages/airflow/example_dags/example_short_circuit_operator.py took 0.056 seconds
[2025-06-12T15:16:23.901+0000] {processor.py:161} INFO - Started process (PID=1247) to work on /home/airflow/.local/lib/python3.12/site-packages/airflow/example_dags/example_short_circuit_operator.py
[2025-06-12T15:16:23.903+0000] {processor.py:830} INFO - Processing file /home/airflow/.local/lib/python3.12/site-packages/airflow/example_dags/example_short_circuit_operator.py for tasks to queue
[2025-06-12T15:16:23.905+0000] {logging_mixin.py:188} INFO - [2025-06-12T15:16:23.905+0000] {dagbag.py:540} INFO - Filling up the DagBag from /home/airflow/.local/lib/python3.12/site-packages/airflow/example_dags/example_short_circuit_operator.py
[2025-06-12T15:16:23.909+0000] {processor.py:840} INFO - DAG(s) 'example_short_circuit_operator' retrieved from /home/airflow/.local/lib/python3.12/site-packages/airflow/example_dags/example_short_circuit_operator.py
[2025-06-12T15:16:23.928+0000] {logging_mixin.py:188} INFO - [2025-06-12T15:16:23.928+0000] {dag.py:3096} INFO - Sync 1 DAGs
[2025-06-12T15:16:23.939+0000] {logging_mixin.py:188} INFO - [2025-06-12T15:16:23.939+0000] {dag.py:3954} INFO - Setting next_dagrun for example_short_circuit_operator to 2025-06-11 00:00:00+00:00, run_after=2025-06-12 00:00:00+00:00
[2025-06-12T15:16:23.948+0000] {processor.py:183} INFO - Processing /home/airflow/.local/lib/python3.12/site-packages/airflow/example_dags/example_short_circuit_operator.py took 0.053 seconds
[2025-06-12T15:16:54.673+0000] {processor.py:161} INFO - Started process (PID=1314) to work on /home/airflow/.local/lib/python3.12/site-packages/airflow/example_dags/example_short_circuit_operator.py
[2025-06-12T15:16:54.674+0000] {processor.py:830} INFO - Processing file /home/airflow/.local/lib/python3.12/site-packages/airflow/example_dags/example_short_circuit_operator.py for tasks to queue
[2025-06-12T15:16:54.675+0000] {logging_mixin.py:188} INFO - [2025-06-12T15:16:54.675+0000] {dagbag.py:540} INFO - Filling up the DagBag from /home/airflow/.local/lib/python3.12/site-packages/airflow/example_dags/example_short_circuit_operator.py
[2025-06-12T15:16:54.678+0000] {processor.py:840} INFO - DAG(s) 'example_short_circuit_operator' retrieved from /home/airflow/.local/lib/python3.12/site-packages/airflow/example_dags/example_short_circuit_operator.py
[2025-06-12T15:16:54.695+0000] {logging_mixin.py:188} INFO - [2025-06-12T15:16:54.695+0000] {dag.py:3096} INFO - Sync 1 DAGs
[2025-06-12T15:16:54.847+0000] {logging_mixin.py:188} INFO - [2025-06-12T15:16:54.846+0000] {dag.py:3954} INFO - Setting next_dagrun for example_short_circuit_operator to 2025-06-11 00:00:00+00:00, run_after=2025-06-12 00:00:00+00:00
[2025-06-12T15:16:54.858+0000] {processor.py:183} INFO - Processing /home/airflow/.local/lib/python3.12/site-packages/airflow/example_dags/example_short_circuit_operator.py took 0.187 seconds
[2025-06-12T15:17:25.237+0000] {processor.py:161} INFO - Started process (PID=1388) to work on /home/airflow/.local/lib/python3.12/site-packages/airflow/example_dags/example_short_circuit_operator.py
[2025-06-12T15:17:25.238+0000] {processor.py:830} INFO - Processing file /home/airflow/.local/lib/python3.12/site-packages/airflow/example_dags/example_short_circuit_operator.py for tasks to queue
[2025-06-12T15:17:25.240+0000] {logging_mixin.py:188} INFO - [2025-06-12T15:17:25.240+0000] {dagbag.py:540} INFO - Filling up the DagBag from /home/airflow/.local/lib/python3.12/site-packages/airflow/example_dags/example_short_circuit_operator.py
[2025-06-12T15:17:25.244+0000] {processor.py:840} INFO - DAG(s) 'example_short_circuit_operator' retrieved from /home/airflow/.local/lib/python3.12/site-packages/airflow/example_dags/example_short_circuit_operator.py
[2025-06-12T15:17:25.256+0000] {logging_mixin.py:188} INFO - [2025-06-12T15:17:25.256+0000] {dag.py:3096} INFO - Sync 1 DAGs
[2025-06-12T15:17:25.268+0000] {logging_mixin.py:188} INFO - [2025-06-12T15:17:25.268+0000] {dag.py:3954} INFO - Setting next_dagrun for example_short_circuit_operator to 2025-06-11 00:00:00+00:00, run_after=2025-06-12 00:00:00+00:00
[2025-06-12T15:17:25.377+0000] {processor.py:183} INFO - Processing /home/airflow/.local/lib/python3.12/site-packages/airflow/example_dags/example_short_circuit_operator.py took 0.143 seconds
[2025-06-12T15:17:55.733+0000] {processor.py:161} INFO - Started process (PID=1462) to work on /home/airflow/.local/lib/python3.12/site-packages/airflow/example_dags/example_short_circuit_operator.py
[2025-06-12T15:17:55.735+0000] {processor.py:830} INFO - Processing file /home/airflow/.local/lib/python3.12/site-packages/airflow/example_dags/example_short_circuit_operator.py for tasks to queue
[2025-06-12T15:17:55.737+0000] {logging_mixin.py:188} INFO - [2025-06-12T15:17:55.737+0000] {dagbag.py:540} INFO - Filling up the DagBag from /home/airflow/.local/lib/python3.12/site-packages/airflow/example_dags/example_short_circuit_operator.py
[2025-06-12T15:17:55.742+0000] {processor.py:840} INFO - DAG(s) 'example_short_circuit_operator' retrieved from /home/airflow/.local/lib/python3.12/site-packages/airflow/example_dags/example_short_circuit_operator.py
[2025-06-12T15:17:55.787+0000] {logging_mixin.py:188} INFO - [2025-06-12T15:17:55.787+0000] {dag.py:3096} INFO - Sync 1 DAGs
[2025-06-12T15:17:55.803+0000] {logging_mixin.py:188} INFO - [2025-06-12T15:17:55.803+0000] {dag.py:3954} INFO - Setting next_dagrun for example_short_circuit_operator to 2025-06-11 00:00:00+00:00, run_after=2025-06-12 00:00:00+00:00
[2025-06-12T15:17:55.817+0000] {processor.py:183} INFO - Processing /home/airflow/.local/lib/python3.12/site-packages/airflow/example_dags/example_short_circuit_operator.py took 0.094 seconds
[2025-06-12T15:18:25.846+0000] {processor.py:161} INFO - Started process (PID=1529) to work on /home/airflow/.local/lib/python3.12/site-packages/airflow/example_dags/example_short_circuit_operator.py
[2025-06-12T15:18:25.847+0000] {processor.py:830} INFO - Processing file /home/airflow/.local/lib/python3.12/site-packages/airflow/example_dags/example_short_circuit_operator.py for tasks to queue
[2025-06-12T15:18:25.849+0000] {logging_mixin.py:188} INFO - [2025-06-12T15:18:25.848+0000] {dagbag.py:540} INFO - Filling up the DagBag from /home/airflow/.local/lib/python3.12/site-packages/airflow/example_dags/example_short_circuit_operator.py
[2025-06-12T15:18:25.854+0000] {processor.py:840} INFO - DAG(s) 'example_short_circuit_operator' retrieved from /home/airflow/.local/lib/python3.12/site-packages/airflow/example_dags/example_short_circuit_operator.py
[2025-06-12T15:18:25.867+0000] {logging_mixin.py:188} INFO - [2025-06-12T15:18:25.867+0000] {dag.py:3096} INFO - Sync 1 DAGs
[2025-06-12T15:18:25.879+0000] {logging_mixin.py:188} INFO - [2025-06-12T15:18:25.879+0000] {dag.py:3954} INFO - Setting next_dagrun for example_short_circuit_operator to 2025-06-11 00:00:00+00:00, run_after=2025-06-12 00:00:00+00:00
[2025-06-12T15:18:25.888+0000] {processor.py:183} INFO - Processing /home/airflow/.local/lib/python3.12/site-packages/airflow/example_dags/example_short_circuit_operator.py took 0.044 seconds
