[2025-06-12T13:58:38.145+0000] {processor.py:161} INFO - Started process (PID=57) to work on /home/airflow/.local/lib/python3.12/site-packages/airflow/example_dags/example_display_name.py
[2025-06-12T13:58:38.154+0000] {processor.py:830} INFO - Processing file /home/airflow/.local/lib/python3.12/site-packages/airflow/example_dags/example_display_name.py for tasks to queue
[2025-06-12T13:58:38.170+0000] {logging_mixin.py:188} INFO - [2025-06-12T13:58:38.168+0000] {dagbag.py:540} INFO - Filling up the DagBag from /home/airflow/.local/lib/python3.12/site-packages/airflow/example_dags/example_display_name.py
[2025-06-12T13:58:38.212+0000] {processor.py:840} INFO - DAG(s) 'example_display_name' retrieved from /home/airflow/.local/lib/python3.12/site-packages/airflow/example_dags/example_display_name.py
[2025-06-12T13:58:38.290+0000] {logging_mixin.py:188} INFO - [2025-06-12T13:58:38.290+0000] {dag.py:3096} INFO - Sync 1 DAGs
[2025-06-12T13:58:38.354+0000] {logging_mixin.py:188} INFO - [2025-06-12T13:58:38.354+0000] {dag.py:3954} INFO - Setting next_dagrun for example_display_name to None, run_after=None
[2025-06-12T13:58:38.428+0000] {processor.py:183} INFO - Processing /home/airflow/.local/lib/python3.12/site-packages/airflow/example_dags/example_display_name.py took 0.298 seconds
[2025-06-12T13:59:08.808+0000] {processor.py:161} INFO - Started process (PID=124) to work on /home/airflow/.local/lib/python3.12/site-packages/airflow/example_dags/example_display_name.py
[2025-06-12T13:59:08.809+0000] {processor.py:830} INFO - Processing file /home/airflow/.local/lib/python3.12/site-packages/airflow/example_dags/example_display_name.py for tasks to queue
[2025-06-12T13:59:08.809+0000] {logging_mixin.py:188} INFO - [2025-06-12T13:59:08.809+0000] {dagbag.py:540} INFO - Filling up the DagBag from /home/airflow/.local/lib/python3.12/site-packages/airflow/example_dags/example_display_name.py
[2025-06-12T13:59:08.812+0000] {processor.py:840} INFO - DAG(s) 'example_display_name' retrieved from /home/airflow/.local/lib/python3.12/site-packages/airflow/example_dags/example_display_name.py
[2025-06-12T13:59:08.851+0000] {logging_mixin.py:188} INFO - [2025-06-12T13:59:08.850+0000] {dag.py:3096} INFO - Sync 1 DAGs
[2025-06-12T13:59:08.854+0000] {logging_mixin.py:188} INFO - [2025-06-12T13:59:08.854+0000] {dag.py:3954} INFO - Setting next_dagrun for example_display_name to None, run_after=None
[2025-06-12T13:59:08.861+0000] {processor.py:183} INFO - Processing /home/airflow/.local/lib/python3.12/site-packages/airflow/example_dags/example_display_name.py took 0.056 seconds
[2025-06-12T13:59:39.840+0000] {processor.py:161} INFO - Started process (PID=191) to work on /home/airflow/.local/lib/python3.12/site-packages/airflow/example_dags/example_display_name.py
[2025-06-12T13:59:39.842+0000] {processor.py:830} INFO - Processing file /home/airflow/.local/lib/python3.12/site-packages/airflow/example_dags/example_display_name.py for tasks to queue
[2025-06-12T13:59:39.844+0000] {logging_mixin.py:188} INFO - [2025-06-12T13:59:39.844+0000] {dagbag.py:540} INFO - Filling up the DagBag from /home/airflow/.local/lib/python3.12/site-packages/airflow/example_dags/example_display_name.py
[2025-06-12T13:59:39.847+0000] {processor.py:840} INFO - DAG(s) 'example_display_name' retrieved from /home/airflow/.local/lib/python3.12/site-packages/airflow/example_dags/example_display_name.py
[2025-06-12T13:59:39.871+0000] {logging_mixin.py:188} INFO - [2025-06-12T13:59:39.871+0000] {dag.py:3096} INFO - Sync 1 DAGs
[2025-06-12T13:59:39.881+0000] {logging_mixin.py:188} INFO - [2025-06-12T13:59:39.881+0000] {dag.py:3954} INFO - Setting next_dagrun for example_display_name to None, run_after=None
[2025-06-12T13:59:39.898+0000] {processor.py:183} INFO - Processing /home/airflow/.local/lib/python3.12/site-packages/airflow/example_dags/example_display_name.py took 0.061 seconds
[2025-06-12T14:00:10.273+0000] {processor.py:161} INFO - Started process (PID=265) to work on /home/airflow/.local/lib/python3.12/site-packages/airflow/example_dags/example_display_name.py
[2025-06-12T14:00:10.273+0000] {processor.py:830} INFO - Processing file /home/airflow/.local/lib/python3.12/site-packages/airflow/example_dags/example_display_name.py for tasks to queue
[2025-06-12T14:00:10.276+0000] {logging_mixin.py:188} INFO - [2025-06-12T14:00:10.276+0000] {dagbag.py:540} INFO - Filling up the DagBag from /home/airflow/.local/lib/python3.12/site-packages/airflow/example_dags/example_display_name.py
[2025-06-12T14:00:10.278+0000] {processor.py:840} INFO - DAG(s) 'example_display_name' retrieved from /home/airflow/.local/lib/python3.12/site-packages/airflow/example_dags/example_display_name.py
[2025-06-12T14:00:10.290+0000] {logging_mixin.py:188} INFO - [2025-06-12T14:00:10.290+0000] {dag.py:3096} INFO - Sync 1 DAGs
[2025-06-12T14:00:10.296+0000] {logging_mixin.py:188} INFO - [2025-06-12T14:00:10.296+0000] {dag.py:3954} INFO - Setting next_dagrun for example_display_name to None, run_after=None
[2025-06-12T14:00:10.308+0000] {processor.py:183} INFO - Processing /home/airflow/.local/lib/python3.12/site-packages/airflow/example_dags/example_display_name.py took 0.037 seconds
[2025-06-12T14:00:41.002+0000] {processor.py:161} INFO - Started process (PID=339) to work on /home/airflow/.local/lib/python3.12/site-packages/airflow/example_dags/example_display_name.py
[2025-06-12T14:00:41.006+0000] {processor.py:830} INFO - Processing file /home/airflow/.local/lib/python3.12/site-packages/airflow/example_dags/example_display_name.py for tasks to queue
[2025-06-12T14:00:41.007+0000] {logging_mixin.py:188} INFO - [2025-06-12T14:00:41.006+0000] {dagbag.py:540} INFO - Filling up the DagBag from /home/airflow/.local/lib/python3.12/site-packages/airflow/example_dags/example_display_name.py
[2025-06-12T14:00:41.011+0000] {processor.py:840} INFO - DAG(s) 'example_display_name' retrieved from /home/airflow/.local/lib/python3.12/site-packages/airflow/example_dags/example_display_name.py
[2025-06-12T14:00:41.028+0000] {logging_mixin.py:188} INFO - [2025-06-12T14:00:41.028+0000] {dag.py:3096} INFO - Sync 1 DAGs
[2025-06-12T14:00:41.040+0000] {logging_mixin.py:188} INFO - [2025-06-12T14:00:41.039+0000] {dag.py:3954} INFO - Setting next_dagrun for example_display_name to None, run_after=None
[2025-06-12T14:00:41.056+0000] {processor.py:183} INFO - Processing /home/airflow/.local/lib/python3.12/site-packages/airflow/example_dags/example_display_name.py took 0.057 seconds
[2025-06-12T14:01:11.370+0000] {processor.py:161} INFO - Started process (PID=406) to work on /home/airflow/.local/lib/python3.12/site-packages/airflow/example_dags/example_display_name.py
[2025-06-12T14:01:11.371+0000] {processor.py:830} INFO - Processing file /home/airflow/.local/lib/python3.12/site-packages/airflow/example_dags/example_display_name.py for tasks to queue
[2025-06-12T14:01:11.371+0000] {logging_mixin.py:188} INFO - [2025-06-12T14:01:11.371+0000] {dagbag.py:540} INFO - Filling up the DagBag from /home/airflow/.local/lib/python3.12/site-packages/airflow/example_dags/example_display_name.py
[2025-06-12T14:01:11.375+0000] {processor.py:840} INFO - DAG(s) 'example_display_name' retrieved from /home/airflow/.local/lib/python3.12/site-packages/airflow/example_dags/example_display_name.py
[2025-06-12T14:01:11.387+0000] {logging_mixin.py:188} INFO - [2025-06-12T14:01:11.387+0000] {dag.py:3096} INFO - Sync 1 DAGs
[2025-06-12T14:01:11.395+0000] {logging_mixin.py:188} INFO - [2025-06-12T14:01:11.395+0000] {dag.py:3954} INFO - Setting next_dagrun for example_display_name to None, run_after=None
[2025-06-12T14:01:11.405+0000] {processor.py:183} INFO - Processing /home/airflow/.local/lib/python3.12/site-packages/airflow/example_dags/example_display_name.py took 0.037 seconds
[2025-06-12T14:15:47.811+0000] {processor.py:161} INFO - Started process (PID=58) to work on /home/airflow/.local/lib/python3.12/site-packages/airflow/example_dags/example_display_name.py
[2025-06-12T14:15:47.815+0000] {processor.py:830} INFO - Processing file /home/airflow/.local/lib/python3.12/site-packages/airflow/example_dags/example_display_name.py for tasks to queue
[2025-06-12T14:15:47.818+0000] {logging_mixin.py:188} INFO - [2025-06-12T14:15:47.818+0000] {dagbag.py:540} INFO - Filling up the DagBag from /home/airflow/.local/lib/python3.12/site-packages/airflow/example_dags/example_display_name.py
[2025-06-12T14:15:47.835+0000] {processor.py:840} INFO - DAG(s) 'example_display_name' retrieved from /home/airflow/.local/lib/python3.12/site-packages/airflow/example_dags/example_display_name.py
[2025-06-12T14:15:47.852+0000] {logging_mixin.py:188} INFO - [2025-06-12T14:15:47.852+0000] {dag.py:3096} INFO - Sync 1 DAGs
[2025-06-12T14:15:47.865+0000] {logging_mixin.py:188} INFO - [2025-06-12T14:15:47.864+0000] {dag.py:3954} INFO - Setting next_dagrun for example_display_name to None, run_after=None
[2025-06-12T14:15:47.879+0000] {processor.py:183} INFO - Processing /home/airflow/.local/lib/python3.12/site-packages/airflow/example_dags/example_display_name.py took 0.082 seconds
[2025-06-12T14:16:18.064+0000] {processor.py:161} INFO - Started process (PID=125) to work on /home/airflow/.local/lib/python3.12/site-packages/airflow/example_dags/example_display_name.py
[2025-06-12T14:16:18.065+0000] {processor.py:830} INFO - Processing file /home/airflow/.local/lib/python3.12/site-packages/airflow/example_dags/example_display_name.py for tasks to queue
[2025-06-12T14:16:18.066+0000] {logging_mixin.py:188} INFO - [2025-06-12T14:16:18.066+0000] {dagbag.py:540} INFO - Filling up the DagBag from /home/airflow/.local/lib/python3.12/site-packages/airflow/example_dags/example_display_name.py
[2025-06-12T14:16:18.068+0000] {processor.py:840} INFO - DAG(s) 'example_display_name' retrieved from /home/airflow/.local/lib/python3.12/site-packages/airflow/example_dags/example_display_name.py
[2025-06-12T14:16:18.117+0000] {logging_mixin.py:188} INFO - [2025-06-12T14:16:18.117+0000] {dag.py:3096} INFO - Sync 1 DAGs
[2025-06-12T14:16:18.122+0000] {logging_mixin.py:188} INFO - [2025-06-12T14:16:18.122+0000] {dag.py:3954} INFO - Setting next_dagrun for example_display_name to None, run_after=None
[2025-06-12T14:16:18.132+0000] {processor.py:183} INFO - Processing /home/airflow/.local/lib/python3.12/site-packages/airflow/example_dags/example_display_name.py took 0.071 seconds
[2025-06-12T14:16:48.206+0000] {processor.py:161} INFO - Started process (PID=199) to work on /home/airflow/.local/lib/python3.12/site-packages/airflow/example_dags/example_display_name.py
[2025-06-12T14:16:48.207+0000] {processor.py:830} INFO - Processing file /home/airflow/.local/lib/python3.12/site-packages/airflow/example_dags/example_display_name.py for tasks to queue
[2025-06-12T14:16:48.209+0000] {logging_mixin.py:188} INFO - [2025-06-12T14:16:48.209+0000] {dagbag.py:540} INFO - Filling up the DagBag from /home/airflow/.local/lib/python3.12/site-packages/airflow/example_dags/example_display_name.py
[2025-06-12T14:16:48.213+0000] {processor.py:840} INFO - DAG(s) 'example_display_name' retrieved from /home/airflow/.local/lib/python3.12/site-packages/airflow/example_dags/example_display_name.py
[2025-06-12T14:16:48.223+0000] {logging_mixin.py:188} INFO - [2025-06-12T14:16:48.223+0000] {dag.py:3096} INFO - Sync 1 DAGs
[2025-06-12T14:16:48.228+0000] {logging_mixin.py:188} INFO - [2025-06-12T14:16:48.228+0000] {dag.py:3954} INFO - Setting next_dagrun for example_display_name to None, run_after=None
[2025-06-12T14:16:48.236+0000] {processor.py:183} INFO - Processing /home/airflow/.local/lib/python3.12/site-packages/airflow/example_dags/example_display_name.py took 0.032 seconds
[2025-06-12T14:17:20.197+0000] {processor.py:161} INFO - Started process (PID=273) to work on /home/airflow/.local/lib/python3.12/site-packages/airflow/example_dags/example_display_name.py
[2025-06-12T14:17:20.199+0000] {processor.py:830} INFO - Processing file /home/airflow/.local/lib/python3.12/site-packages/airflow/example_dags/example_display_name.py for tasks to queue
[2025-06-12T14:17:20.202+0000] {logging_mixin.py:188} INFO - [2025-06-12T14:17:20.202+0000] {dagbag.py:540} INFO - Filling up the DagBag from /home/airflow/.local/lib/python3.12/site-packages/airflow/example_dags/example_display_name.py
[2025-06-12T14:17:20.210+0000] {processor.py:840} INFO - DAG(s) 'example_display_name' retrieved from /home/airflow/.local/lib/python3.12/site-packages/airflow/example_dags/example_display_name.py
[2025-06-12T14:17:20.289+0000] {logging_mixin.py:188} INFO - [2025-06-12T14:17:20.289+0000] {dag.py:3096} INFO - Sync 1 DAGs
[2025-06-12T14:17:20.302+0000] {logging_mixin.py:188} INFO - [2025-06-12T14:17:20.302+0000] {dag.py:3954} INFO - Setting next_dagrun for example_display_name to None, run_after=None
[2025-06-12T14:17:20.324+0000] {processor.py:183} INFO - Processing /home/airflow/.local/lib/python3.12/site-packages/airflow/example_dags/example_display_name.py took 0.133 seconds
[2025-06-12T14:17:51.268+0000] {processor.py:161} INFO - Started process (PID=339) to work on /home/airflow/.local/lib/python3.12/site-packages/airflow/example_dags/example_display_name.py
[2025-06-12T14:17:51.270+0000] {processor.py:830} INFO - Processing file /home/airflow/.local/lib/python3.12/site-packages/airflow/example_dags/example_display_name.py for tasks to queue
[2025-06-12T14:17:51.272+0000] {logging_mixin.py:188} INFO - [2025-06-12T14:17:51.272+0000] {dagbag.py:540} INFO - Filling up the DagBag from /home/airflow/.local/lib/python3.12/site-packages/airflow/example_dags/example_display_name.py
[2025-06-12T14:17:51.277+0000] {processor.py:840} INFO - DAG(s) 'example_display_name' retrieved from /home/airflow/.local/lib/python3.12/site-packages/airflow/example_dags/example_display_name.py
[2025-06-12T14:17:51.295+0000] {logging_mixin.py:188} INFO - [2025-06-12T14:17:51.295+0000] {dag.py:3096} INFO - Sync 1 DAGs
[2025-06-12T14:17:51.301+0000] {logging_mixin.py:188} INFO - [2025-06-12T14:17:51.301+0000] {dag.py:3954} INFO - Setting next_dagrun for example_display_name to None, run_after=None
[2025-06-12T14:17:51.313+0000] {processor.py:183} INFO - Processing /home/airflow/.local/lib/python3.12/site-packages/airflow/example_dags/example_display_name.py took 0.049 seconds
[2025-06-12T14:18:33.936+0000] {processor.py:161} INFO - Started process (PID=57) to work on /home/airflow/.local/lib/python3.12/site-packages/airflow/example_dags/example_display_name.py
[2025-06-12T14:18:33.938+0000] {processor.py:830} INFO - Processing file /home/airflow/.local/lib/python3.12/site-packages/airflow/example_dags/example_display_name.py for tasks to queue
[2025-06-12T14:18:33.941+0000] {logging_mixin.py:188} INFO - [2025-06-12T14:18:33.941+0000] {dagbag.py:540} INFO - Filling up the DagBag from /home/airflow/.local/lib/python3.12/site-packages/airflow/example_dags/example_display_name.py
[2025-06-12T14:18:33.956+0000] {processor.py:840} INFO - DAG(s) 'example_display_name' retrieved from /home/airflow/.local/lib/python3.12/site-packages/airflow/example_dags/example_display_name.py
[2025-06-12T14:18:34.008+0000] {logging_mixin.py:188} INFO - [2025-06-12T14:18:34.007+0000] {dag.py:3096} INFO - Sync 1 DAGs
[2025-06-12T14:18:34.027+0000] {logging_mixin.py:188} INFO - [2025-06-12T14:18:34.027+0000] {dag.py:3954} INFO - Setting next_dagrun for example_display_name to None, run_after=None
[2025-06-12T14:18:34.053+0000] {processor.py:183} INFO - Processing /home/airflow/.local/lib/python3.12/site-packages/airflow/example_dags/example_display_name.py took 0.127 seconds
[2025-06-12T14:19:04.798+0000] {processor.py:161} INFO - Started process (PID=123) to work on /home/airflow/.local/lib/python3.12/site-packages/airflow/example_dags/example_display_name.py
[2025-06-12T14:19:04.798+0000] {processor.py:830} INFO - Processing file /home/airflow/.local/lib/python3.12/site-packages/airflow/example_dags/example_display_name.py for tasks to queue
[2025-06-12T14:19:04.799+0000] {logging_mixin.py:188} INFO - [2025-06-12T14:19:04.799+0000] {dagbag.py:540} INFO - Filling up the DagBag from /home/airflow/.local/lib/python3.12/site-packages/airflow/example_dags/example_display_name.py
[2025-06-12T14:19:04.803+0000] {processor.py:840} INFO - DAG(s) 'example_display_name' retrieved from /home/airflow/.local/lib/python3.12/site-packages/airflow/example_dags/example_display_name.py
[2025-06-12T14:19:04.821+0000] {logging_mixin.py:188} INFO - [2025-06-12T14:19:04.821+0000] {dag.py:3096} INFO - Sync 1 DAGs
[2025-06-12T14:19:04.831+0000] {logging_mixin.py:188} INFO - [2025-06-12T14:19:04.830+0000] {dag.py:3954} INFO - Setting next_dagrun for example_display_name to None, run_after=None
[2025-06-12T14:19:04.840+0000] {processor.py:183} INFO - Processing /home/airflow/.local/lib/python3.12/site-packages/airflow/example_dags/example_display_name.py took 0.045 seconds
[2025-06-12T14:19:35.116+0000] {processor.py:161} INFO - Started process (PID=197) to work on /home/airflow/.local/lib/python3.12/site-packages/airflow/example_dags/example_display_name.py
[2025-06-12T14:19:35.117+0000] {processor.py:830} INFO - Processing file /home/airflow/.local/lib/python3.12/site-packages/airflow/example_dags/example_display_name.py for tasks to queue
[2025-06-12T14:19:35.117+0000] {logging_mixin.py:188} INFO - [2025-06-12T14:19:35.117+0000] {dagbag.py:540} INFO - Filling up the DagBag from /home/airflow/.local/lib/python3.12/site-packages/airflow/example_dags/example_display_name.py
[2025-06-12T14:19:35.121+0000] {processor.py:840} INFO - DAG(s) 'example_display_name' retrieved from /home/airflow/.local/lib/python3.12/site-packages/airflow/example_dags/example_display_name.py
[2025-06-12T14:19:35.129+0000] {logging_mixin.py:188} INFO - [2025-06-12T14:19:35.129+0000] {dag.py:3096} INFO - Sync 1 DAGs
[2025-06-12T14:19:35.135+0000] {logging_mixin.py:188} INFO - [2025-06-12T14:19:35.135+0000] {dag.py:3954} INFO - Setting next_dagrun for example_display_name to None, run_after=None
[2025-06-12T14:19:35.149+0000] {processor.py:183} INFO - Processing /home/airflow/.local/lib/python3.12/site-packages/airflow/example_dags/example_display_name.py took 0.036 seconds
[2025-06-12T14:20:05.891+0000] {processor.py:161} INFO - Started process (PID=263) to work on /home/airflow/.local/lib/python3.12/site-packages/airflow/example_dags/example_display_name.py
[2025-06-12T14:20:05.892+0000] {processor.py:830} INFO - Processing file /home/airflow/.local/lib/python3.12/site-packages/airflow/example_dags/example_display_name.py for tasks to queue
[2025-06-12T14:20:05.893+0000] {logging_mixin.py:188} INFO - [2025-06-12T14:20:05.893+0000] {dagbag.py:540} INFO - Filling up the DagBag from /home/airflow/.local/lib/python3.12/site-packages/airflow/example_dags/example_display_name.py
[2025-06-12T14:20:05.897+0000] {processor.py:840} INFO - DAG(s) 'example_display_name' retrieved from /home/airflow/.local/lib/python3.12/site-packages/airflow/example_dags/example_display_name.py
[2025-06-12T14:20:05.945+0000] {logging_mixin.py:188} INFO - [2025-06-12T14:20:05.944+0000] {dag.py:3096} INFO - Sync 1 DAGs
[2025-06-12T14:20:05.950+0000] {logging_mixin.py:188} INFO - [2025-06-12T14:20:05.950+0000] {dag.py:3954} INFO - Setting next_dagrun for example_display_name to None, run_after=None
[2025-06-12T14:20:05.961+0000] {processor.py:183} INFO - Processing /home/airflow/.local/lib/python3.12/site-packages/airflow/example_dags/example_display_name.py took 0.073 seconds
[2025-06-12T14:20:36.889+0000] {processor.py:161} INFO - Started process (PID=338) to work on /home/airflow/.local/lib/python3.12/site-packages/airflow/example_dags/example_display_name.py
[2025-06-12T14:20:36.889+0000] {processor.py:830} INFO - Processing file /home/airflow/.local/lib/python3.12/site-packages/airflow/example_dags/example_display_name.py for tasks to queue
[2025-06-12T14:20:36.890+0000] {logging_mixin.py:188} INFO - [2025-06-12T14:20:36.890+0000] {dagbag.py:540} INFO - Filling up the DagBag from /home/airflow/.local/lib/python3.12/site-packages/airflow/example_dags/example_display_name.py
[2025-06-12T14:20:36.893+0000] {processor.py:840} INFO - DAG(s) 'example_display_name' retrieved from /home/airflow/.local/lib/python3.12/site-packages/airflow/example_dags/example_display_name.py
[2025-06-12T14:20:36.909+0000] {logging_mixin.py:188} INFO - [2025-06-12T14:20:36.909+0000] {dag.py:3096} INFO - Sync 1 DAGs
[2025-06-12T14:20:36.920+0000] {logging_mixin.py:188} INFO - [2025-06-12T14:20:36.920+0000] {dag.py:3954} INFO - Setting next_dagrun for example_display_name to None, run_after=None
[2025-06-12T14:20:36.932+0000] {processor.py:183} INFO - Processing /home/airflow/.local/lib/python3.12/site-packages/airflow/example_dags/example_display_name.py took 0.046 seconds
[2025-06-12T14:21:07.398+0000] {processor.py:161} INFO - Started process (PID=412) to work on /home/airflow/.local/lib/python3.12/site-packages/airflow/example_dags/example_display_name.py
[2025-06-12T14:21:07.399+0000] {processor.py:830} INFO - Processing file /home/airflow/.local/lib/python3.12/site-packages/airflow/example_dags/example_display_name.py for tasks to queue
[2025-06-12T14:21:07.400+0000] {logging_mixin.py:188} INFO - [2025-06-12T14:21:07.400+0000] {dagbag.py:540} INFO - Filling up the DagBag from /home/airflow/.local/lib/python3.12/site-packages/airflow/example_dags/example_display_name.py
[2025-06-12T14:21:07.403+0000] {processor.py:840} INFO - DAG(s) 'example_display_name' retrieved from /home/airflow/.local/lib/python3.12/site-packages/airflow/example_dags/example_display_name.py
[2025-06-12T14:21:07.421+0000] {logging_mixin.py:188} INFO - [2025-06-12T14:21:07.421+0000] {dag.py:3096} INFO - Sync 1 DAGs
[2025-06-12T14:21:07.429+0000] {logging_mixin.py:188} INFO - [2025-06-12T14:21:07.429+0000] {dag.py:3954} INFO - Setting next_dagrun for example_display_name to None, run_after=None
[2025-06-12T14:21:07.444+0000] {processor.py:183} INFO - Processing /home/airflow/.local/lib/python3.12/site-packages/airflow/example_dags/example_display_name.py took 0.050 seconds
[2025-06-12T14:21:37.783+0000] {processor.py:161} INFO - Started process (PID=478) to work on /home/airflow/.local/lib/python3.12/site-packages/airflow/example_dags/example_display_name.py
[2025-06-12T14:21:37.783+0000] {processor.py:830} INFO - Processing file /home/airflow/.local/lib/python3.12/site-packages/airflow/example_dags/example_display_name.py for tasks to queue
[2025-06-12T14:21:37.784+0000] {logging_mixin.py:188} INFO - [2025-06-12T14:21:37.784+0000] {dagbag.py:540} INFO - Filling up the DagBag from /home/airflow/.local/lib/python3.12/site-packages/airflow/example_dags/example_display_name.py
[2025-06-12T14:21:37.787+0000] {processor.py:840} INFO - DAG(s) 'example_display_name' retrieved from /home/airflow/.local/lib/python3.12/site-packages/airflow/example_dags/example_display_name.py
[2025-06-12T14:21:37.803+0000] {logging_mixin.py:188} INFO - [2025-06-12T14:21:37.803+0000] {dag.py:3096} INFO - Sync 1 DAGs
[2025-06-12T14:21:37.811+0000] {logging_mixin.py:188} INFO - [2025-06-12T14:21:37.811+0000] {dag.py:3954} INFO - Setting next_dagrun for example_display_name to None, run_after=None
[2025-06-12T14:21:37.823+0000] {processor.py:183} INFO - Processing /home/airflow/.local/lib/python3.12/site-packages/airflow/example_dags/example_display_name.py took 0.043 seconds
[2025-06-12T14:22:08.067+0000] {processor.py:161} INFO - Started process (PID=552) to work on /home/airflow/.local/lib/python3.12/site-packages/airflow/example_dags/example_display_name.py
[2025-06-12T14:22:08.069+0000] {processor.py:830} INFO - Processing file /home/airflow/.local/lib/python3.12/site-packages/airflow/example_dags/example_display_name.py for tasks to queue
[2025-06-12T14:22:08.070+0000] {logging_mixin.py:188} INFO - [2025-06-12T14:22:08.070+0000] {dagbag.py:540} INFO - Filling up the DagBag from /home/airflow/.local/lib/python3.12/site-packages/airflow/example_dags/example_display_name.py
[2025-06-12T14:22:08.074+0000] {processor.py:840} INFO - DAG(s) 'example_display_name' retrieved from /home/airflow/.local/lib/python3.12/site-packages/airflow/example_dags/example_display_name.py
[2025-06-12T14:22:08.085+0000] {logging_mixin.py:188} INFO - [2025-06-12T14:22:08.085+0000] {dag.py:3096} INFO - Sync 1 DAGs
[2025-06-12T14:22:08.092+0000] {logging_mixin.py:188} INFO - [2025-06-12T14:22:08.091+0000] {dag.py:3954} INFO - Setting next_dagrun for example_display_name to None, run_after=None
[2025-06-12T14:22:08.106+0000] {processor.py:183} INFO - Processing /home/airflow/.local/lib/python3.12/site-packages/airflow/example_dags/example_display_name.py took 0.042 seconds
[2025-06-12T14:22:38.204+0000] {processor.py:161} INFO - Started process (PID=619) to work on /home/airflow/.local/lib/python3.12/site-packages/airflow/example_dags/example_display_name.py
[2025-06-12T14:22:38.205+0000] {processor.py:830} INFO - Processing file /home/airflow/.local/lib/python3.12/site-packages/airflow/example_dags/example_display_name.py for tasks to queue
[2025-06-12T14:22:38.207+0000] {logging_mixin.py:188} INFO - [2025-06-12T14:22:38.206+0000] {dagbag.py:540} INFO - Filling up the DagBag from /home/airflow/.local/lib/python3.12/site-packages/airflow/example_dags/example_display_name.py
[2025-06-12T14:22:38.209+0000] {processor.py:840} INFO - DAG(s) 'example_display_name' retrieved from /home/airflow/.local/lib/python3.12/site-packages/airflow/example_dags/example_display_name.py
[2025-06-12T14:22:38.222+0000] {logging_mixin.py:188} INFO - [2025-06-12T14:22:38.222+0000] {dag.py:3096} INFO - Sync 1 DAGs
[2025-06-12T14:22:38.229+0000] {logging_mixin.py:188} INFO - [2025-06-12T14:22:38.229+0000] {dag.py:3954} INFO - Setting next_dagrun for example_display_name to None, run_after=None
[2025-06-12T14:22:38.245+0000] {processor.py:183} INFO - Processing /home/airflow/.local/lib/python3.12/site-packages/airflow/example_dags/example_display_name.py took 0.044 seconds
[2025-06-12T14:23:08.557+0000] {processor.py:161} INFO - Started process (PID=693) to work on /home/airflow/.local/lib/python3.12/site-packages/airflow/example_dags/example_display_name.py
[2025-06-12T14:23:08.558+0000] {processor.py:830} INFO - Processing file /home/airflow/.local/lib/python3.12/site-packages/airflow/example_dags/example_display_name.py for tasks to queue
[2025-06-12T14:23:08.559+0000] {logging_mixin.py:188} INFO - [2025-06-12T14:23:08.559+0000] {dagbag.py:540} INFO - Filling up the DagBag from /home/airflow/.local/lib/python3.12/site-packages/airflow/example_dags/example_display_name.py
[2025-06-12T14:23:08.563+0000] {processor.py:840} INFO - DAG(s) 'example_display_name' retrieved from /home/airflow/.local/lib/python3.12/site-packages/airflow/example_dags/example_display_name.py
[2025-06-12T14:23:08.581+0000] {logging_mixin.py:188} INFO - [2025-06-12T14:23:08.581+0000] {dag.py:3096} INFO - Sync 1 DAGs
[2025-06-12T14:23:08.587+0000] {logging_mixin.py:188} INFO - [2025-06-12T14:23:08.587+0000] {dag.py:3954} INFO - Setting next_dagrun for example_display_name to None, run_after=None
[2025-06-12T14:23:08.598+0000] {processor.py:183} INFO - Processing /home/airflow/.local/lib/python3.12/site-packages/airflow/example_dags/example_display_name.py took 0.044 seconds
[2025-06-12T14:23:38.697+0000] {processor.py:161} INFO - Started process (PID=767) to work on /home/airflow/.local/lib/python3.12/site-packages/airflow/example_dags/example_display_name.py
[2025-06-12T14:23:38.698+0000] {processor.py:830} INFO - Processing file /home/airflow/.local/lib/python3.12/site-packages/airflow/example_dags/example_display_name.py for tasks to queue
[2025-06-12T14:23:38.698+0000] {logging_mixin.py:188} INFO - [2025-06-12T14:23:38.698+0000] {dagbag.py:540} INFO - Filling up the DagBag from /home/airflow/.local/lib/python3.12/site-packages/airflow/example_dags/example_display_name.py
[2025-06-12T14:23:38.701+0000] {processor.py:840} INFO - DAG(s) 'example_display_name' retrieved from /home/airflow/.local/lib/python3.12/site-packages/airflow/example_dags/example_display_name.py
[2025-06-12T14:23:38.713+0000] {logging_mixin.py:188} INFO - [2025-06-12T14:23:38.713+0000] {dag.py:3096} INFO - Sync 1 DAGs
[2025-06-12T14:23:38.718+0000] {logging_mixin.py:188} INFO - [2025-06-12T14:23:38.718+0000] {dag.py:3954} INFO - Setting next_dagrun for example_display_name to None, run_after=None
[2025-06-12T14:23:38.733+0000] {processor.py:183} INFO - Processing /home/airflow/.local/lib/python3.12/site-packages/airflow/example_dags/example_display_name.py took 0.039 seconds
[2025-06-12T14:24:09.196+0000] {processor.py:161} INFO - Started process (PID=834) to work on /home/airflow/.local/lib/python3.12/site-packages/airflow/example_dags/example_display_name.py
[2025-06-12T14:24:09.197+0000] {processor.py:830} INFO - Processing file /home/airflow/.local/lib/python3.12/site-packages/airflow/example_dags/example_display_name.py for tasks to queue
[2025-06-12T14:24:09.198+0000] {logging_mixin.py:188} INFO - [2025-06-12T14:24:09.198+0000] {dagbag.py:540} INFO - Filling up the DagBag from /home/airflow/.local/lib/python3.12/site-packages/airflow/example_dags/example_display_name.py
[2025-06-12T14:24:09.200+0000] {processor.py:840} INFO - DAG(s) 'example_display_name' retrieved from /home/airflow/.local/lib/python3.12/site-packages/airflow/example_dags/example_display_name.py
[2025-06-12T14:24:09.215+0000] {logging_mixin.py:188} INFO - [2025-06-12T14:24:09.215+0000] {dag.py:3096} INFO - Sync 1 DAGs
[2025-06-12T14:24:09.220+0000] {logging_mixin.py:188} INFO - [2025-06-12T14:24:09.220+0000] {dag.py:3954} INFO - Setting next_dagrun for example_display_name to None, run_after=None
[2025-06-12T14:24:09.234+0000] {processor.py:183} INFO - Processing /home/airflow/.local/lib/python3.12/site-packages/airflow/example_dags/example_display_name.py took 0.040 seconds
[2025-06-12T14:24:40.052+0000] {processor.py:161} INFO - Started process (PID=908) to work on /home/airflow/.local/lib/python3.12/site-packages/airflow/example_dags/example_display_name.py
[2025-06-12T14:24:40.052+0000] {processor.py:830} INFO - Processing file /home/airflow/.local/lib/python3.12/site-packages/airflow/example_dags/example_display_name.py for tasks to queue
[2025-06-12T14:24:40.053+0000] {logging_mixin.py:188} INFO - [2025-06-12T14:24:40.053+0000] {dagbag.py:540} INFO - Filling up the DagBag from /home/airflow/.local/lib/python3.12/site-packages/airflow/example_dags/example_display_name.py
[2025-06-12T14:24:40.056+0000] {processor.py:840} INFO - DAG(s) 'example_display_name' retrieved from /home/airflow/.local/lib/python3.12/site-packages/airflow/example_dags/example_display_name.py
[2025-06-12T14:24:40.071+0000] {logging_mixin.py:188} INFO - [2025-06-12T14:24:40.071+0000] {dag.py:3096} INFO - Sync 1 DAGs
[2025-06-12T14:24:40.077+0000] {logging_mixin.py:188} INFO - [2025-06-12T14:24:40.077+0000] {dag.py:3954} INFO - Setting next_dagrun for example_display_name to None, run_after=None
[2025-06-12T14:24:40.088+0000] {processor.py:183} INFO - Processing /home/airflow/.local/lib/python3.12/site-packages/airflow/example_dags/example_display_name.py took 0.039 seconds
[2025-06-12T14:25:10.344+0000] {processor.py:161} INFO - Started process (PID=982) to work on /home/airflow/.local/lib/python3.12/site-packages/airflow/example_dags/example_display_name.py
[2025-06-12T14:25:10.344+0000] {processor.py:830} INFO - Processing file /home/airflow/.local/lib/python3.12/site-packages/airflow/example_dags/example_display_name.py for tasks to queue
[2025-06-12T14:25:10.345+0000] {logging_mixin.py:188} INFO - [2025-06-12T14:25:10.345+0000] {dagbag.py:540} INFO - Filling up the DagBag from /home/airflow/.local/lib/python3.12/site-packages/airflow/example_dags/example_display_name.py
[2025-06-12T14:25:10.348+0000] {processor.py:840} INFO - DAG(s) 'example_display_name' retrieved from /home/airflow/.local/lib/python3.12/site-packages/airflow/example_dags/example_display_name.py
[2025-06-12T14:25:10.365+0000] {logging_mixin.py:188} INFO - [2025-06-12T14:25:10.365+0000] {dag.py:3096} INFO - Sync 1 DAGs
[2025-06-12T14:25:10.370+0000] {logging_mixin.py:188} INFO - [2025-06-12T14:25:10.370+0000] {dag.py:3954} INFO - Setting next_dagrun for example_display_name to None, run_after=None
[2025-06-12T14:25:10.382+0000] {processor.py:183} INFO - Processing /home/airflow/.local/lib/python3.12/site-packages/airflow/example_dags/example_display_name.py took 0.042 seconds
[2025-06-12T14:25:40.788+0000] {processor.py:161} INFO - Started process (PID=1049) to work on /home/airflow/.local/lib/python3.12/site-packages/airflow/example_dags/example_display_name.py
[2025-06-12T14:25:40.789+0000] {processor.py:830} INFO - Processing file /home/airflow/.local/lib/python3.12/site-packages/airflow/example_dags/example_display_name.py for tasks to queue
[2025-06-12T14:25:40.791+0000] {logging_mixin.py:188} INFO - [2025-06-12T14:25:40.790+0000] {dagbag.py:540} INFO - Filling up the DagBag from /home/airflow/.local/lib/python3.12/site-packages/airflow/example_dags/example_display_name.py
[2025-06-12T14:25:40.796+0000] {processor.py:840} INFO - DAG(s) 'example_display_name' retrieved from /home/airflow/.local/lib/python3.12/site-packages/airflow/example_dags/example_display_name.py
[2025-06-12T14:25:40.828+0000] {logging_mixin.py:188} INFO - [2025-06-12T14:25:40.828+0000] {dag.py:3096} INFO - Sync 1 DAGs
[2025-06-12T14:25:40.841+0000] {logging_mixin.py:188} INFO - [2025-06-12T14:25:40.840+0000] {dag.py:3954} INFO - Setting next_dagrun for example_display_name to None, run_after=None
[2025-06-12T14:25:40.868+0000] {processor.py:183} INFO - Processing /home/airflow/.local/lib/python3.12/site-packages/airflow/example_dags/example_display_name.py took 0.085 seconds
[2025-06-12T14:26:10.975+0000] {processor.py:161} INFO - Started process (PID=1123) to work on /home/airflow/.local/lib/python3.12/site-packages/airflow/example_dags/example_display_name.py
[2025-06-12T14:26:10.976+0000] {processor.py:830} INFO - Processing file /home/airflow/.local/lib/python3.12/site-packages/airflow/example_dags/example_display_name.py for tasks to queue
[2025-06-12T14:26:10.978+0000] {logging_mixin.py:188} INFO - [2025-06-12T14:26:10.977+0000] {dagbag.py:540} INFO - Filling up the DagBag from /home/airflow/.local/lib/python3.12/site-packages/airflow/example_dags/example_display_name.py
[2025-06-12T14:26:10.983+0000] {processor.py:840} INFO - DAG(s) 'example_display_name' retrieved from /home/airflow/.local/lib/python3.12/site-packages/airflow/example_dags/example_display_name.py
[2025-06-12T14:26:10.999+0000] {logging_mixin.py:188} INFO - [2025-06-12T14:26:10.998+0000] {dag.py:3096} INFO - Sync 1 DAGs
[2025-06-12T14:26:11.004+0000] {logging_mixin.py:188} INFO - [2025-06-12T14:26:11.004+0000] {dag.py:3954} INFO - Setting next_dagrun for example_display_name to None, run_after=None
[2025-06-12T14:26:11.019+0000] {processor.py:183} INFO - Processing /home/airflow/.local/lib/python3.12/site-packages/airflow/example_dags/example_display_name.py took 0.047 seconds
[2025-06-12T14:26:41.844+0000] {processor.py:161} INFO - Started process (PID=1190) to work on /home/airflow/.local/lib/python3.12/site-packages/airflow/example_dags/example_display_name.py
[2025-06-12T14:26:41.846+0000] {processor.py:830} INFO - Processing file /home/airflow/.local/lib/python3.12/site-packages/airflow/example_dags/example_display_name.py for tasks to queue
[2025-06-12T14:26:41.847+0000] {logging_mixin.py:188} INFO - [2025-06-12T14:26:41.847+0000] {dagbag.py:540} INFO - Filling up the DagBag from /home/airflow/.local/lib/python3.12/site-packages/airflow/example_dags/example_display_name.py
[2025-06-12T14:26:41.850+0000] {processor.py:840} INFO - DAG(s) 'example_display_name' retrieved from /home/airflow/.local/lib/python3.12/site-packages/airflow/example_dags/example_display_name.py
[2025-06-12T14:26:41.862+0000] {logging_mixin.py:188} INFO - [2025-06-12T14:26:41.862+0000] {dag.py:3096} INFO - Sync 1 DAGs
[2025-06-12T14:26:41.868+0000] {logging_mixin.py:188} INFO - [2025-06-12T14:26:41.868+0000] {dag.py:3954} INFO - Setting next_dagrun for example_display_name to None, run_after=None
[2025-06-12T14:26:41.879+0000] {processor.py:183} INFO - Processing /home/airflow/.local/lib/python3.12/site-packages/airflow/example_dags/example_display_name.py took 0.038 seconds
[2025-06-12T14:27:12.981+0000] {processor.py:161} INFO - Started process (PID=1264) to work on /home/airflow/.local/lib/python3.12/site-packages/airflow/example_dags/example_display_name.py
[2025-06-12T14:27:12.982+0000] {processor.py:830} INFO - Processing file /home/airflow/.local/lib/python3.12/site-packages/airflow/example_dags/example_display_name.py for tasks to queue
[2025-06-12T14:27:12.983+0000] {logging_mixin.py:188} INFO - [2025-06-12T14:27:12.983+0000] {dagbag.py:540} INFO - Filling up the DagBag from /home/airflow/.local/lib/python3.12/site-packages/airflow/example_dags/example_display_name.py
[2025-06-12T14:27:12.992+0000] {processor.py:840} INFO - DAG(s) 'example_display_name' retrieved from /home/airflow/.local/lib/python3.12/site-packages/airflow/example_dags/example_display_name.py
[2025-06-12T14:27:13.019+0000] {logging_mixin.py:188} INFO - [2025-06-12T14:27:13.019+0000] {dag.py:3096} INFO - Sync 1 DAGs
[2025-06-12T14:27:13.162+0000] {logging_mixin.py:188} INFO - [2025-06-12T14:27:13.162+0000] {dag.py:3954} INFO - Setting next_dagrun for example_display_name to None, run_after=None
[2025-06-12T14:27:13.176+0000] {processor.py:183} INFO - Processing /home/airflow/.local/lib/python3.12/site-packages/airflow/example_dags/example_display_name.py took 0.199 seconds
[2025-06-12T14:27:44.144+0000] {processor.py:161} INFO - Started process (PID=1338) to work on /home/airflow/.local/lib/python3.12/site-packages/airflow/example_dags/example_display_name.py
[2025-06-12T14:27:44.145+0000] {processor.py:830} INFO - Processing file /home/airflow/.local/lib/python3.12/site-packages/airflow/example_dags/example_display_name.py for tasks to queue
[2025-06-12T14:27:44.146+0000] {logging_mixin.py:188} INFO - [2025-06-12T14:27:44.146+0000] {dagbag.py:540} INFO - Filling up the DagBag from /home/airflow/.local/lib/python3.12/site-packages/airflow/example_dags/example_display_name.py
[2025-06-12T14:27:44.149+0000] {processor.py:840} INFO - DAG(s) 'example_display_name' retrieved from /home/airflow/.local/lib/python3.12/site-packages/airflow/example_dags/example_display_name.py
[2025-06-12T14:27:44.159+0000] {logging_mixin.py:188} INFO - [2025-06-12T14:27:44.159+0000] {dag.py:3096} INFO - Sync 1 DAGs
[2025-06-12T14:27:44.166+0000] {logging_mixin.py:188} INFO - [2025-06-12T14:27:44.166+0000] {dag.py:3954} INFO - Setting next_dagrun for example_display_name to None, run_after=None
[2025-06-12T14:27:44.360+0000] {processor.py:183} INFO - Processing /home/airflow/.local/lib/python3.12/site-packages/airflow/example_dags/example_display_name.py took 0.218 seconds
[2025-06-12T14:28:15.335+0000] {processor.py:161} INFO - Started process (PID=1412) to work on /home/airflow/.local/lib/python3.12/site-packages/airflow/example_dags/example_display_name.py
[2025-06-12T14:28:15.343+0000] {processor.py:830} INFO - Processing file /home/airflow/.local/lib/python3.12/site-packages/airflow/example_dags/example_display_name.py for tasks to queue
[2025-06-12T14:28:15.364+0000] {logging_mixin.py:188} INFO - [2025-06-12T14:28:15.359+0000] {dagbag.py:540} INFO - Filling up the DagBag from /home/airflow/.local/lib/python3.12/site-packages/airflow/example_dags/example_display_name.py
[2025-06-12T14:28:15.398+0000] {processor.py:840} INFO - DAG(s) 'example_display_name' retrieved from /home/airflow/.local/lib/python3.12/site-packages/airflow/example_dags/example_display_name.py
[2025-06-12T14:28:15.520+0000] {logging_mixin.py:188} INFO - [2025-06-12T14:28:15.519+0000] {dag.py:3096} INFO - Sync 1 DAGs
[2025-06-12T14:28:15.575+0000] {logging_mixin.py:188} INFO - [2025-06-12T14:28:15.571+0000] {dag.py:3954} INFO - Setting next_dagrun for example_display_name to None, run_after=None
[2025-06-12T14:28:15.665+0000] {processor.py:183} INFO - Processing /home/airflow/.local/lib/python3.12/site-packages/airflow/example_dags/example_display_name.py took 0.365 seconds
[2025-06-12T14:35:51.875+0000] {processor.py:161} INFO - Started process (PID=56) to work on /home/airflow/.local/lib/python3.12/site-packages/airflow/example_dags/example_display_name.py
[2025-06-12T14:35:51.875+0000] {processor.py:830} INFO - Processing file /home/airflow/.local/lib/python3.12/site-packages/airflow/example_dags/example_display_name.py for tasks to queue
[2025-06-12T14:35:51.877+0000] {logging_mixin.py:188} INFO - [2025-06-12T14:35:51.877+0000] {dagbag.py:540} INFO - Filling up the DagBag from /home/airflow/.local/lib/python3.12/site-packages/airflow/example_dags/example_display_name.py
[2025-06-12T14:35:51.895+0000] {processor.py:840} INFO - DAG(s) 'example_display_name' retrieved from /home/airflow/.local/lib/python3.12/site-packages/airflow/example_dags/example_display_name.py
[2025-06-12T14:35:51.916+0000] {logging_mixin.py:188} INFO - [2025-06-12T14:35:51.916+0000] {dag.py:3096} INFO - Sync 1 DAGs
[2025-06-12T14:35:51.939+0000] {logging_mixin.py:188} INFO - [2025-06-12T14:35:51.939+0000] {dag.py:3954} INFO - Setting next_dagrun for example_display_name to None, run_after=None
[2025-06-12T14:35:51.976+0000] {processor.py:183} INFO - Processing /home/airflow/.local/lib/python3.12/site-packages/airflow/example_dags/example_display_name.py took 0.107 seconds
[2025-06-12T14:36:22.023+0000] {processor.py:161} INFO - Started process (PID=123) to work on /home/airflow/.local/lib/python3.12/site-packages/airflow/example_dags/example_display_name.py
[2025-06-12T14:36:22.024+0000] {processor.py:830} INFO - Processing file /home/airflow/.local/lib/python3.12/site-packages/airflow/example_dags/example_display_name.py for tasks to queue
[2025-06-12T14:36:22.026+0000] {logging_mixin.py:188} INFO - [2025-06-12T14:36:22.025+0000] {dagbag.py:540} INFO - Filling up the DagBag from /home/airflow/.local/lib/python3.12/site-packages/airflow/example_dags/example_display_name.py
[2025-06-12T14:36:22.035+0000] {processor.py:840} INFO - DAG(s) 'example_display_name' retrieved from /home/airflow/.local/lib/python3.12/site-packages/airflow/example_dags/example_display_name.py
[2025-06-12T14:36:22.092+0000] {logging_mixin.py:188} INFO - [2025-06-12T14:36:22.092+0000] {dag.py:3096} INFO - Sync 1 DAGs
[2025-06-12T14:36:22.098+0000] {logging_mixin.py:188} INFO - [2025-06-12T14:36:22.098+0000] {dag.py:3954} INFO - Setting next_dagrun for example_display_name to None, run_after=None
[2025-06-12T14:36:22.107+0000] {processor.py:183} INFO - Processing /home/airflow/.local/lib/python3.12/site-packages/airflow/example_dags/example_display_name.py took 0.089 seconds
[2025-06-12T14:36:52.878+0000] {processor.py:161} INFO - Started process (PID=196) to work on /home/airflow/.local/lib/python3.12/site-packages/airflow/example_dags/example_display_name.py
[2025-06-12T14:36:52.879+0000] {processor.py:830} INFO - Processing file /home/airflow/.local/lib/python3.12/site-packages/airflow/example_dags/example_display_name.py for tasks to queue
[2025-06-12T14:36:52.880+0000] {logging_mixin.py:188} INFO - [2025-06-12T14:36:52.880+0000] {dagbag.py:540} INFO - Filling up the DagBag from /home/airflow/.local/lib/python3.12/site-packages/airflow/example_dags/example_display_name.py
[2025-06-12T14:36:52.884+0000] {processor.py:840} INFO - DAG(s) 'example_display_name' retrieved from /home/airflow/.local/lib/python3.12/site-packages/airflow/example_dags/example_display_name.py
[2025-06-12T14:36:52.895+0000] {logging_mixin.py:188} INFO - [2025-06-12T14:36:52.895+0000] {dag.py:3096} INFO - Sync 1 DAGs
[2025-06-12T14:36:52.903+0000] {logging_mixin.py:188} INFO - [2025-06-12T14:36:52.903+0000] {dag.py:3954} INFO - Setting next_dagrun for example_display_name to None, run_after=None
[2025-06-12T14:36:52.916+0000] {processor.py:183} INFO - Processing /home/airflow/.local/lib/python3.12/site-packages/airflow/example_dags/example_display_name.py took 0.041 seconds
[2025-06-12T14:37:24.044+0000] {processor.py:161} INFO - Started process (PID=270) to work on /home/airflow/.local/lib/python3.12/site-packages/airflow/example_dags/example_display_name.py
[2025-06-12T14:37:24.045+0000] {processor.py:830} INFO - Processing file /home/airflow/.local/lib/python3.12/site-packages/airflow/example_dags/example_display_name.py for tasks to queue
[2025-06-12T14:37:24.047+0000] {logging_mixin.py:188} INFO - [2025-06-12T14:37:24.047+0000] {dagbag.py:540} INFO - Filling up the DagBag from /home/airflow/.local/lib/python3.12/site-packages/airflow/example_dags/example_display_name.py
[2025-06-12T14:37:24.053+0000] {processor.py:840} INFO - DAG(s) 'example_display_name' retrieved from /home/airflow/.local/lib/python3.12/site-packages/airflow/example_dags/example_display_name.py
[2025-06-12T14:37:24.078+0000] {logging_mixin.py:188} INFO - [2025-06-12T14:37:24.078+0000] {dag.py:3096} INFO - Sync 1 DAGs
[2025-06-12T14:37:24.087+0000] {logging_mixin.py:188} INFO - [2025-06-12T14:37:24.087+0000] {dag.py:3954} INFO - Setting next_dagrun for example_display_name to None, run_after=None
[2025-06-12T14:37:24.105+0000] {processor.py:183} INFO - Processing /home/airflow/.local/lib/python3.12/site-packages/airflow/example_dags/example_display_name.py took 0.072 seconds
[2025-06-12T14:37:54.689+0000] {processor.py:161} INFO - Started process (PID=337) to work on /home/airflow/.local/lib/python3.12/site-packages/airflow/example_dags/example_display_name.py
[2025-06-12T14:37:54.689+0000] {processor.py:830} INFO - Processing file /home/airflow/.local/lib/python3.12/site-packages/airflow/example_dags/example_display_name.py for tasks to queue
[2025-06-12T14:37:54.690+0000] {logging_mixin.py:188} INFO - [2025-06-12T14:37:54.690+0000] {dagbag.py:540} INFO - Filling up the DagBag from /home/airflow/.local/lib/python3.12/site-packages/airflow/example_dags/example_display_name.py
[2025-06-12T14:37:54.693+0000] {processor.py:840} INFO - DAG(s) 'example_display_name' retrieved from /home/airflow/.local/lib/python3.12/site-packages/airflow/example_dags/example_display_name.py
[2025-06-12T14:37:54.708+0000] {logging_mixin.py:188} INFO - [2025-06-12T14:37:54.708+0000] {dag.py:3096} INFO - Sync 1 DAGs
[2025-06-12T14:37:54.714+0000] {logging_mixin.py:188} INFO - [2025-06-12T14:37:54.714+0000] {dag.py:3954} INFO - Setting next_dagrun for example_display_name to None, run_after=None
[2025-06-12T14:37:54.725+0000] {processor.py:183} INFO - Processing /home/airflow/.local/lib/python3.12/site-packages/airflow/example_dags/example_display_name.py took 0.040 seconds
[2025-06-12T14:38:25.316+0000] {processor.py:161} INFO - Started process (PID=412) to work on /home/airflow/.local/lib/python3.12/site-packages/airflow/example_dags/example_display_name.py
[2025-06-12T14:38:25.318+0000] {processor.py:830} INFO - Processing file /home/airflow/.local/lib/python3.12/site-packages/airflow/example_dags/example_display_name.py for tasks to queue
[2025-06-12T14:38:25.319+0000] {logging_mixin.py:188} INFO - [2025-06-12T14:38:25.319+0000] {dagbag.py:540} INFO - Filling up the DagBag from /home/airflow/.local/lib/python3.12/site-packages/airflow/example_dags/example_display_name.py
[2025-06-12T14:38:25.322+0000] {processor.py:840} INFO - DAG(s) 'example_display_name' retrieved from /home/airflow/.local/lib/python3.12/site-packages/airflow/example_dags/example_display_name.py
[2025-06-12T14:38:25.339+0000] {logging_mixin.py:188} INFO - [2025-06-12T14:38:25.339+0000] {dag.py:3096} INFO - Sync 1 DAGs
[2025-06-12T14:38:25.347+0000] {logging_mixin.py:188} INFO - [2025-06-12T14:38:25.347+0000] {dag.py:3954} INFO - Setting next_dagrun for example_display_name to None, run_after=None
[2025-06-12T14:38:25.357+0000] {processor.py:183} INFO - Processing /home/airflow/.local/lib/python3.12/site-packages/airflow/example_dags/example_display_name.py took 0.043 seconds
[2025-06-12T14:38:55.443+0000] {processor.py:161} INFO - Started process (PID=479) to work on /home/airflow/.local/lib/python3.12/site-packages/airflow/example_dags/example_display_name.py
[2025-06-12T14:38:55.444+0000] {processor.py:830} INFO - Processing file /home/airflow/.local/lib/python3.12/site-packages/airflow/example_dags/example_display_name.py for tasks to queue
[2025-06-12T14:38:55.445+0000] {logging_mixin.py:188} INFO - [2025-06-12T14:38:55.445+0000] {dagbag.py:540} INFO - Filling up the DagBag from /home/airflow/.local/lib/python3.12/site-packages/airflow/example_dags/example_display_name.py
[2025-06-12T14:38:55.448+0000] {processor.py:840} INFO - DAG(s) 'example_display_name' retrieved from /home/airflow/.local/lib/python3.12/site-packages/airflow/example_dags/example_display_name.py
[2025-06-12T14:38:55.463+0000] {logging_mixin.py:188} INFO - [2025-06-12T14:38:55.463+0000] {dag.py:3096} INFO - Sync 1 DAGs
[2025-06-12T14:38:55.468+0000] {logging_mixin.py:188} INFO - [2025-06-12T14:38:55.468+0000] {dag.py:3954} INFO - Setting next_dagrun for example_display_name to None, run_after=None
[2025-06-12T14:38:55.478+0000] {processor.py:183} INFO - Processing /home/airflow/.local/lib/python3.12/site-packages/airflow/example_dags/example_display_name.py took 0.037 seconds
[2025-06-12T14:39:25.882+0000] {processor.py:161} INFO - Started process (PID=553) to work on /home/airflow/.local/lib/python3.12/site-packages/airflow/example_dags/example_display_name.py
[2025-06-12T14:39:25.883+0000] {processor.py:830} INFO - Processing file /home/airflow/.local/lib/python3.12/site-packages/airflow/example_dags/example_display_name.py for tasks to queue
[2025-06-12T14:39:25.884+0000] {logging_mixin.py:188} INFO - [2025-06-12T14:39:25.884+0000] {dagbag.py:540} INFO - Filling up the DagBag from /home/airflow/.local/lib/python3.12/site-packages/airflow/example_dags/example_display_name.py
[2025-06-12T14:39:25.889+0000] {processor.py:840} INFO - DAG(s) 'example_display_name' retrieved from /home/airflow/.local/lib/python3.12/site-packages/airflow/example_dags/example_display_name.py
[2025-06-12T14:39:25.900+0000] {logging_mixin.py:188} INFO - [2025-06-12T14:39:25.900+0000] {dag.py:3096} INFO - Sync 1 DAGs
[2025-06-12T14:39:25.907+0000] {logging_mixin.py:188} INFO - [2025-06-12T14:39:25.907+0000] {dag.py:3954} INFO - Setting next_dagrun for example_display_name to None, run_after=None
[2025-06-12T14:39:25.917+0000] {processor.py:183} INFO - Processing /home/airflow/.local/lib/python3.12/site-packages/airflow/example_dags/example_display_name.py took 0.037 seconds
[2025-06-12T14:46:31.244+0000] {processor.py:161} INFO - Started process (PID=58) to work on /home/airflow/.local/lib/python3.12/site-packages/airflow/example_dags/example_display_name.py
[2025-06-12T14:46:31.247+0000] {processor.py:830} INFO - Processing file /home/airflow/.local/lib/python3.12/site-packages/airflow/example_dags/example_display_name.py for tasks to queue
[2025-06-12T14:46:31.251+0000] {logging_mixin.py:188} INFO - [2025-06-12T14:46:31.251+0000] {dagbag.py:540} INFO - Filling up the DagBag from /home/airflow/.local/lib/python3.12/site-packages/airflow/example_dags/example_display_name.py
[2025-06-12T14:46:31.260+0000] {processor.py:840} INFO - DAG(s) 'example_display_name' retrieved from /home/airflow/.local/lib/python3.12/site-packages/airflow/example_dags/example_display_name.py
[2025-06-12T14:46:31.285+0000] {logging_mixin.py:188} INFO - [2025-06-12T14:46:31.285+0000] {dag.py:3096} INFO - Sync 1 DAGs
[2025-06-12T14:46:31.311+0000] {logging_mixin.py:188} INFO - [2025-06-12T14:46:31.310+0000] {dag.py:3954} INFO - Setting next_dagrun for example_display_name to None, run_after=None
[2025-06-12T14:46:31.343+0000] {processor.py:183} INFO - Processing /home/airflow/.local/lib/python3.12/site-packages/airflow/example_dags/example_display_name.py took 0.107 seconds
[2025-06-12T14:47:01.997+0000] {processor.py:161} INFO - Started process (PID=125) to work on /home/airflow/.local/lib/python3.12/site-packages/airflow/example_dags/example_display_name.py
[2025-06-12T14:47:01.997+0000] {processor.py:830} INFO - Processing file /home/airflow/.local/lib/python3.12/site-packages/airflow/example_dags/example_display_name.py for tasks to queue
[2025-06-12T14:47:01.998+0000] {logging_mixin.py:188} INFO - [2025-06-12T14:47:01.998+0000] {dagbag.py:540} INFO - Filling up the DagBag from /home/airflow/.local/lib/python3.12/site-packages/airflow/example_dags/example_display_name.py
[2025-06-12T14:47:02.001+0000] {processor.py:840} INFO - DAG(s) 'example_display_name' retrieved from /home/airflow/.local/lib/python3.12/site-packages/airflow/example_dags/example_display_name.py
[2025-06-12T14:47:02.051+0000] {logging_mixin.py:188} INFO - [2025-06-12T14:47:02.051+0000] {dag.py:3096} INFO - Sync 1 DAGs
[2025-06-12T14:47:02.055+0000] {logging_mixin.py:188} INFO - [2025-06-12T14:47:02.055+0000] {dag.py:3954} INFO - Setting next_dagrun for example_display_name to None, run_after=None
[2025-06-12T14:47:02.066+0000] {processor.py:183} INFO - Processing /home/airflow/.local/lib/python3.12/site-packages/airflow/example_dags/example_display_name.py took 0.072 seconds
[2025-06-12T14:47:32.727+0000] {processor.py:161} INFO - Started process (PID=198) to work on /home/airflow/.local/lib/python3.12/site-packages/airflow/example_dags/example_display_name.py
[2025-06-12T14:47:32.729+0000] {processor.py:830} INFO - Processing file /home/airflow/.local/lib/python3.12/site-packages/airflow/example_dags/example_display_name.py for tasks to queue
[2025-06-12T14:47:32.733+0000] {logging_mixin.py:188} INFO - [2025-06-12T14:47:32.733+0000] {dagbag.py:540} INFO - Filling up the DagBag from /home/airflow/.local/lib/python3.12/site-packages/airflow/example_dags/example_display_name.py
[2025-06-12T14:47:32.738+0000] {processor.py:840} INFO - DAG(s) 'example_display_name' retrieved from /home/airflow/.local/lib/python3.12/site-packages/airflow/example_dags/example_display_name.py
[2025-06-12T14:47:32.754+0000] {logging_mixin.py:188} INFO - [2025-06-12T14:47:32.754+0000] {dag.py:3096} INFO - Sync 1 DAGs
[2025-06-12T14:47:32.762+0000] {logging_mixin.py:188} INFO - [2025-06-12T14:47:32.761+0000] {dag.py:3954} INFO - Setting next_dagrun for example_display_name to None, run_after=None
[2025-06-12T14:47:32.776+0000] {processor.py:183} INFO - Processing /home/airflow/.local/lib/python3.12/site-packages/airflow/example_dags/example_display_name.py took 0.052 seconds
[2025-06-12T14:48:02.890+0000] {processor.py:161} INFO - Started process (PID=264) to work on /home/airflow/.local/lib/python3.12/site-packages/airflow/example_dags/example_display_name.py
[2025-06-12T14:48:02.891+0000] {processor.py:830} INFO - Processing file /home/airflow/.local/lib/python3.12/site-packages/airflow/example_dags/example_display_name.py for tasks to queue
[2025-06-12T14:48:02.892+0000] {logging_mixin.py:188} INFO - [2025-06-12T14:48:02.892+0000] {dagbag.py:540} INFO - Filling up the DagBag from /home/airflow/.local/lib/python3.12/site-packages/airflow/example_dags/example_display_name.py
[2025-06-12T14:48:02.896+0000] {processor.py:840} INFO - DAG(s) 'example_display_name' retrieved from /home/airflow/.local/lib/python3.12/site-packages/airflow/example_dags/example_display_name.py
[2025-06-12T14:48:02.911+0000] {logging_mixin.py:188} INFO - [2025-06-12T14:48:02.911+0000] {dag.py:3096} INFO - Sync 1 DAGs
[2025-06-12T14:48:02.917+0000] {logging_mixin.py:188} INFO - [2025-06-12T14:48:02.917+0000] {dag.py:3954} INFO - Setting next_dagrun for example_display_name to None, run_after=None
[2025-06-12T14:48:02.929+0000] {processor.py:183} INFO - Processing /home/airflow/.local/lib/python3.12/site-packages/airflow/example_dags/example_display_name.py took 0.042 seconds
[2025-06-12T15:07:49.427+0000] {processor.py:161} INFO - Started process (PID=58) to work on /home/airflow/.local/lib/python3.12/site-packages/airflow/example_dags/example_display_name.py
[2025-06-12T15:07:49.430+0000] {processor.py:830} INFO - Processing file /home/airflow/.local/lib/python3.12/site-packages/airflow/example_dags/example_display_name.py for tasks to queue
[2025-06-12T15:07:49.435+0000] {logging_mixin.py:188} INFO - [2025-06-12T15:07:49.434+0000] {dagbag.py:540} INFO - Filling up the DagBag from /home/airflow/.local/lib/python3.12/site-packages/airflow/example_dags/example_display_name.py
[2025-06-12T15:07:49.455+0000] {processor.py:840} INFO - DAG(s) 'example_display_name' retrieved from /home/airflow/.local/lib/python3.12/site-packages/airflow/example_dags/example_display_name.py
[2025-06-12T15:07:49.501+0000] {logging_mixin.py:188} INFO - [2025-06-12T15:07:49.501+0000] {dag.py:3096} INFO - Sync 1 DAGs
[2025-06-12T15:07:49.523+0000] {logging_mixin.py:188} INFO - [2025-06-12T15:07:49.523+0000] {dag.py:3954} INFO - Setting next_dagrun for example_display_name to None, run_after=None
[2025-06-12T15:07:49.564+0000] {processor.py:183} INFO - Processing /home/airflow/.local/lib/python3.12/site-packages/airflow/example_dags/example_display_name.py took 0.151 seconds
[2025-06-12T15:08:20.394+0000] {processor.py:161} INFO - Started process (PID=125) to work on /home/airflow/.local/lib/python3.12/site-packages/airflow/example_dags/example_display_name.py
[2025-06-12T15:08:20.397+0000] {processor.py:830} INFO - Processing file /home/airflow/.local/lib/python3.12/site-packages/airflow/example_dags/example_display_name.py for tasks to queue
[2025-06-12T15:08:20.401+0000] {logging_mixin.py:188} INFO - [2025-06-12T15:08:20.401+0000] {dagbag.py:540} INFO - Filling up the DagBag from /home/airflow/.local/lib/python3.12/site-packages/airflow/example_dags/example_display_name.py
[2025-06-12T15:08:20.405+0000] {processor.py:840} INFO - DAG(s) 'example_display_name' retrieved from /home/airflow/.local/lib/python3.12/site-packages/airflow/example_dags/example_display_name.py
[2025-06-12T15:08:20.457+0000] {logging_mixin.py:188} INFO - [2025-06-12T15:08:20.457+0000] {dag.py:3096} INFO - Sync 1 DAGs
[2025-06-12T15:08:20.461+0000] {logging_mixin.py:188} INFO - [2025-06-12T15:08:20.461+0000] {dag.py:3954} INFO - Setting next_dagrun for example_display_name to None, run_after=None
[2025-06-12T15:08:20.473+0000] {processor.py:183} INFO - Processing /home/airflow/.local/lib/python3.12/site-packages/airflow/example_dags/example_display_name.py took 0.081 seconds
[2025-06-12T15:08:51.453+0000] {processor.py:161} INFO - Started process (PID=199) to work on /home/airflow/.local/lib/python3.12/site-packages/airflow/example_dags/example_display_name.py
[2025-06-12T15:08:51.454+0000] {processor.py:830} INFO - Processing file /home/airflow/.local/lib/python3.12/site-packages/airflow/example_dags/example_display_name.py for tasks to queue
[2025-06-12T15:08:51.457+0000] {logging_mixin.py:188} INFO - [2025-06-12T15:08:51.457+0000] {dagbag.py:540} INFO - Filling up the DagBag from /home/airflow/.local/lib/python3.12/site-packages/airflow/example_dags/example_display_name.py
[2025-06-12T15:08:51.464+0000] {processor.py:840} INFO - DAG(s) 'example_display_name' retrieved from /home/airflow/.local/lib/python3.12/site-packages/airflow/example_dags/example_display_name.py
[2025-06-12T15:08:51.493+0000] {logging_mixin.py:188} INFO - [2025-06-12T15:08:51.492+0000] {dag.py:3096} INFO - Sync 1 DAGs
[2025-06-12T15:08:51.505+0000] {logging_mixin.py:188} INFO - [2025-06-12T15:08:51.505+0000] {dag.py:3954} INFO - Setting next_dagrun for example_display_name to None, run_after=None
[2025-06-12T15:08:51.522+0000] {processor.py:183} INFO - Processing /home/airflow/.local/lib/python3.12/site-packages/airflow/example_dags/example_display_name.py took 0.074 seconds
[2025-06-12T15:09:21.782+0000] {processor.py:161} INFO - Started process (PID=266) to work on /home/airflow/.local/lib/python3.12/site-packages/airflow/example_dags/example_display_name.py
[2025-06-12T15:09:21.784+0000] {processor.py:830} INFO - Processing file /home/airflow/.local/lib/python3.12/site-packages/airflow/example_dags/example_display_name.py for tasks to queue
[2025-06-12T15:09:21.787+0000] {logging_mixin.py:188} INFO - [2025-06-12T15:09:21.787+0000] {dagbag.py:540} INFO - Filling up the DagBag from /home/airflow/.local/lib/python3.12/site-packages/airflow/example_dags/example_display_name.py
[2025-06-12T15:09:21.795+0000] {processor.py:840} INFO - DAG(s) 'example_display_name' retrieved from /home/airflow/.local/lib/python3.12/site-packages/airflow/example_dags/example_display_name.py
[2025-06-12T15:09:21.819+0000] {logging_mixin.py:188} INFO - [2025-06-12T15:09:21.819+0000] {dag.py:3096} INFO - Sync 1 DAGs
[2025-06-12T15:09:21.827+0000] {logging_mixin.py:188} INFO - [2025-06-12T15:09:21.827+0000] {dag.py:3954} INFO - Setting next_dagrun for example_display_name to None, run_after=None
[2025-06-12T15:09:21.841+0000] {processor.py:183} INFO - Processing /home/airflow/.local/lib/python3.12/site-packages/airflow/example_dags/example_display_name.py took 0.067 seconds
[2025-06-12T15:09:52.352+0000] {processor.py:161} INFO - Started process (PID=340) to work on /home/airflow/.local/lib/python3.12/site-packages/airflow/example_dags/example_display_name.py
[2025-06-12T15:09:52.354+0000] {processor.py:830} INFO - Processing file /home/airflow/.local/lib/python3.12/site-packages/airflow/example_dags/example_display_name.py for tasks to queue
[2025-06-12T15:09:52.359+0000] {logging_mixin.py:188} INFO - [2025-06-12T15:09:52.359+0000] {dagbag.py:540} INFO - Filling up the DagBag from /home/airflow/.local/lib/python3.12/site-packages/airflow/example_dags/example_display_name.py
[2025-06-12T15:09:52.365+0000] {processor.py:840} INFO - DAG(s) 'example_display_name' retrieved from /home/airflow/.local/lib/python3.12/site-packages/airflow/example_dags/example_display_name.py
[2025-06-12T15:09:52.384+0000] {logging_mixin.py:188} INFO - [2025-06-12T15:09:52.384+0000] {dag.py:3096} INFO - Sync 1 DAGs
[2025-06-12T15:09:52.393+0000] {logging_mixin.py:188} INFO - [2025-06-12T15:09:52.393+0000] {dag.py:3954} INFO - Setting next_dagrun for example_display_name to None, run_after=None
[2025-06-12T15:09:52.405+0000] {processor.py:183} INFO - Processing /home/airflow/.local/lib/python3.12/site-packages/airflow/example_dags/example_display_name.py took 0.059 seconds
[2025-06-12T15:10:22.440+0000] {processor.py:161} INFO - Started process (PID=407) to work on /home/airflow/.local/lib/python3.12/site-packages/airflow/example_dags/example_display_name.py
[2025-06-12T15:10:22.441+0000] {processor.py:830} INFO - Processing file /home/airflow/.local/lib/python3.12/site-packages/airflow/example_dags/example_display_name.py for tasks to queue
[2025-06-12T15:10:22.442+0000] {logging_mixin.py:188} INFO - [2025-06-12T15:10:22.442+0000] {dagbag.py:540} INFO - Filling up the DagBag from /home/airflow/.local/lib/python3.12/site-packages/airflow/example_dags/example_display_name.py
[2025-06-12T15:10:22.447+0000] {processor.py:840} INFO - DAG(s) 'example_display_name' retrieved from /home/airflow/.local/lib/python3.12/site-packages/airflow/example_dags/example_display_name.py
[2025-06-12T15:10:22.469+0000] {logging_mixin.py:188} INFO - [2025-06-12T15:10:22.469+0000] {dag.py:3096} INFO - Sync 1 DAGs
[2025-06-12T15:10:22.479+0000] {logging_mixin.py:188} INFO - [2025-06-12T15:10:22.479+0000] {dag.py:3954} INFO - Setting next_dagrun for example_display_name to None, run_after=None
[2025-06-12T15:10:22.496+0000] {processor.py:183} INFO - Processing /home/airflow/.local/lib/python3.12/site-packages/airflow/example_dags/example_display_name.py took 0.062 seconds
[2025-06-12T15:10:52.673+0000] {processor.py:161} INFO - Started process (PID=481) to work on /home/airflow/.local/lib/python3.12/site-packages/airflow/example_dags/example_display_name.py
[2025-06-12T15:10:52.674+0000] {processor.py:830} INFO - Processing file /home/airflow/.local/lib/python3.12/site-packages/airflow/example_dags/example_display_name.py for tasks to queue
[2025-06-12T15:10:52.676+0000] {logging_mixin.py:188} INFO - [2025-06-12T15:10:52.675+0000] {dagbag.py:540} INFO - Filling up the DagBag from /home/airflow/.local/lib/python3.12/site-packages/airflow/example_dags/example_display_name.py
[2025-06-12T15:10:52.679+0000] {processor.py:840} INFO - DAG(s) 'example_display_name' retrieved from /home/airflow/.local/lib/python3.12/site-packages/airflow/example_dags/example_display_name.py
[2025-06-12T15:10:52.696+0000] {logging_mixin.py:188} INFO - [2025-06-12T15:10:52.696+0000] {dag.py:3096} INFO - Sync 1 DAGs
[2025-06-12T15:10:52.704+0000] {logging_mixin.py:188} INFO - [2025-06-12T15:10:52.704+0000] {dag.py:3954} INFO - Setting next_dagrun for example_display_name to None, run_after=None
[2025-06-12T15:10:52.719+0000] {processor.py:183} INFO - Processing /home/airflow/.local/lib/python3.12/site-packages/airflow/example_dags/example_display_name.py took 0.050 seconds
[2025-06-12T15:11:22.991+0000] {processor.py:161} INFO - Started process (PID=554) to work on /home/airflow/.local/lib/python3.12/site-packages/airflow/example_dags/example_display_name.py
[2025-06-12T15:11:22.993+0000] {processor.py:830} INFO - Processing file /home/airflow/.local/lib/python3.12/site-packages/airflow/example_dags/example_display_name.py for tasks to queue
[2025-06-12T15:11:22.994+0000] {logging_mixin.py:188} INFO - [2025-06-12T15:11:22.994+0000] {dagbag.py:540} INFO - Filling up the DagBag from /home/airflow/.local/lib/python3.12/site-packages/airflow/example_dags/example_display_name.py
[2025-06-12T15:11:23.003+0000] {processor.py:840} INFO - DAG(s) 'example_display_name' retrieved from /home/airflow/.local/lib/python3.12/site-packages/airflow/example_dags/example_display_name.py
[2025-06-12T15:11:23.018+0000] {logging_mixin.py:188} INFO - [2025-06-12T15:11:23.018+0000] {dag.py:3096} INFO - Sync 1 DAGs
[2025-06-12T15:11:23.024+0000] {logging_mixin.py:188} INFO - [2025-06-12T15:11:23.024+0000] {dag.py:3954} INFO - Setting next_dagrun for example_display_name to None, run_after=None
[2025-06-12T15:11:23.040+0000] {processor.py:183} INFO - Processing /home/airflow/.local/lib/python3.12/site-packages/airflow/example_dags/example_display_name.py took 0.054 seconds
[2025-06-12T15:11:53.241+0000] {processor.py:161} INFO - Started process (PID=620) to work on /home/airflow/.local/lib/python3.12/site-packages/airflow/example_dags/example_display_name.py
[2025-06-12T15:11:53.242+0000] {processor.py:830} INFO - Processing file /home/airflow/.local/lib/python3.12/site-packages/airflow/example_dags/example_display_name.py for tasks to queue
[2025-06-12T15:11:53.243+0000] {logging_mixin.py:188} INFO - [2025-06-12T15:11:53.243+0000] {dagbag.py:540} INFO - Filling up the DagBag from /home/airflow/.local/lib/python3.12/site-packages/airflow/example_dags/example_display_name.py
[2025-06-12T15:11:53.247+0000] {processor.py:840} INFO - DAG(s) 'example_display_name' retrieved from /home/airflow/.local/lib/python3.12/site-packages/airflow/example_dags/example_display_name.py
[2025-06-12T15:11:53.263+0000] {logging_mixin.py:188} INFO - [2025-06-12T15:11:53.262+0000] {dag.py:3096} INFO - Sync 1 DAGs
[2025-06-12T15:11:53.269+0000] {logging_mixin.py:188} INFO - [2025-06-12T15:11:53.269+0000] {dag.py:3954} INFO - Setting next_dagrun for example_display_name to None, run_after=None
[2025-06-12T15:11:53.285+0000] {processor.py:183} INFO - Processing /home/airflow/.local/lib/python3.12/site-packages/airflow/example_dags/example_display_name.py took 0.049 seconds
[2025-06-12T15:12:23.475+0000] {processor.py:161} INFO - Started process (PID=693) to work on /home/airflow/.local/lib/python3.12/site-packages/airflow/example_dags/example_display_name.py
[2025-06-12T15:12:23.477+0000] {processor.py:830} INFO - Processing file /home/airflow/.local/lib/python3.12/site-packages/airflow/example_dags/example_display_name.py for tasks to queue
[2025-06-12T15:12:23.478+0000] {logging_mixin.py:188} INFO - [2025-06-12T15:12:23.478+0000] {dagbag.py:540} INFO - Filling up the DagBag from /home/airflow/.local/lib/python3.12/site-packages/airflow/example_dags/example_display_name.py
[2025-06-12T15:12:23.487+0000] {processor.py:840} INFO - DAG(s) 'example_display_name' retrieved from /home/airflow/.local/lib/python3.12/site-packages/airflow/example_dags/example_display_name.py
[2025-06-12T15:12:23.500+0000] {logging_mixin.py:188} INFO - [2025-06-12T15:12:23.500+0000] {dag.py:3096} INFO - Sync 1 DAGs
[2025-06-12T15:12:23.507+0000] {logging_mixin.py:188} INFO - [2025-06-12T15:12:23.507+0000] {dag.py:3954} INFO - Setting next_dagrun for example_display_name to None, run_after=None
[2025-06-12T15:12:23.517+0000] {processor.py:183} INFO - Processing /home/airflow/.local/lib/python3.12/site-packages/airflow/example_dags/example_display_name.py took 0.048 seconds
[2025-06-12T15:12:54.460+0000] {processor.py:161} INFO - Started process (PID=767) to work on /home/airflow/.local/lib/python3.12/site-packages/airflow/example_dags/example_display_name.py
[2025-06-12T15:12:54.461+0000] {processor.py:830} INFO - Processing file /home/airflow/.local/lib/python3.12/site-packages/airflow/example_dags/example_display_name.py for tasks to queue
[2025-06-12T15:12:54.466+0000] {logging_mixin.py:188} INFO - [2025-06-12T15:12:54.465+0000] {dagbag.py:540} INFO - Filling up the DagBag from /home/airflow/.local/lib/python3.12/site-packages/airflow/example_dags/example_display_name.py
[2025-06-12T15:12:54.477+0000] {processor.py:840} INFO - DAG(s) 'example_display_name' retrieved from /home/airflow/.local/lib/python3.12/site-packages/airflow/example_dags/example_display_name.py
[2025-06-12T15:12:54.515+0000] {logging_mixin.py:188} INFO - [2025-06-12T15:12:54.515+0000] {dag.py:3096} INFO - Sync 1 DAGs
[2025-06-12T15:12:54.530+0000] {logging_mixin.py:188} INFO - [2025-06-12T15:12:54.530+0000] {dag.py:3954} INFO - Setting next_dagrun for example_display_name to None, run_after=None
[2025-06-12T15:12:54.553+0000] {processor.py:183} INFO - Processing /home/airflow/.local/lib/python3.12/site-packages/airflow/example_dags/example_display_name.py took 0.108 seconds
[2025-06-12T15:13:25.545+0000] {processor.py:161} INFO - Started process (PID=834) to work on /home/airflow/.local/lib/python3.12/site-packages/airflow/example_dags/example_display_name.py
[2025-06-12T15:13:25.547+0000] {processor.py:830} INFO - Processing file /home/airflow/.local/lib/python3.12/site-packages/airflow/example_dags/example_display_name.py for tasks to queue
[2025-06-12T15:13:25.549+0000] {logging_mixin.py:188} INFO - [2025-06-12T15:13:25.549+0000] {dagbag.py:540} INFO - Filling up the DagBag from /home/airflow/.local/lib/python3.12/site-packages/airflow/example_dags/example_display_name.py
[2025-06-12T15:13:25.556+0000] {processor.py:840} INFO - DAG(s) 'example_display_name' retrieved from /home/airflow/.local/lib/python3.12/site-packages/airflow/example_dags/example_display_name.py
[2025-06-12T15:13:25.574+0000] {logging_mixin.py:188} INFO - [2025-06-12T15:13:25.574+0000] {dag.py:3096} INFO - Sync 1 DAGs
[2025-06-12T15:13:25.582+0000] {logging_mixin.py:188} INFO - [2025-06-12T15:13:25.582+0000] {dag.py:3954} INFO - Setting next_dagrun for example_display_name to None, run_after=None
[2025-06-12T15:13:25.593+0000] {processor.py:183} INFO - Processing /home/airflow/.local/lib/python3.12/site-packages/airflow/example_dags/example_display_name.py took 0.053 seconds
[2025-06-12T15:13:55.854+0000] {processor.py:161} INFO - Started process (PID=908) to work on /home/airflow/.local/lib/python3.12/site-packages/airflow/example_dags/example_display_name.py
[2025-06-12T15:13:55.855+0000] {processor.py:830} INFO - Processing file /home/airflow/.local/lib/python3.12/site-packages/airflow/example_dags/example_display_name.py for tasks to queue
[2025-06-12T15:13:55.857+0000] {logging_mixin.py:188} INFO - [2025-06-12T15:13:55.857+0000] {dagbag.py:540} INFO - Filling up the DagBag from /home/airflow/.local/lib/python3.12/site-packages/airflow/example_dags/example_display_name.py
[2025-06-12T15:13:55.871+0000] {processor.py:840} INFO - DAG(s) 'example_display_name' retrieved from /home/airflow/.local/lib/python3.12/site-packages/airflow/example_dags/example_display_name.py
[2025-06-12T15:13:55.891+0000] {logging_mixin.py:188} INFO - [2025-06-12T15:13:55.891+0000] {dag.py:3096} INFO - Sync 1 DAGs
[2025-06-12T15:13:55.901+0000] {logging_mixin.py:188} INFO - [2025-06-12T15:13:55.900+0000] {dag.py:3954} INFO - Setting next_dagrun for example_display_name to None, run_after=None
[2025-06-12T15:13:55.915+0000] {processor.py:183} INFO - Processing /home/airflow/.local/lib/python3.12/site-packages/airflow/example_dags/example_display_name.py took 0.070 seconds
[2025-06-12T15:14:26.343+0000] {processor.py:161} INFO - Started process (PID=983) to work on /home/airflow/.local/lib/python3.12/site-packages/airflow/example_dags/example_display_name.py
[2025-06-12T15:14:26.344+0000] {processor.py:830} INFO - Processing file /home/airflow/.local/lib/python3.12/site-packages/airflow/example_dags/example_display_name.py for tasks to queue
[2025-06-12T15:14:26.346+0000] {logging_mixin.py:188} INFO - [2025-06-12T15:14:26.345+0000] {dagbag.py:540} INFO - Filling up the DagBag from /home/airflow/.local/lib/python3.12/site-packages/airflow/example_dags/example_display_name.py
[2025-06-12T15:14:26.357+0000] {processor.py:840} INFO - DAG(s) 'example_display_name' retrieved from /home/airflow/.local/lib/python3.12/site-packages/airflow/example_dags/example_display_name.py
[2025-06-12T15:14:26.378+0000] {logging_mixin.py:188} INFO - [2025-06-12T15:14:26.378+0000] {dag.py:3096} INFO - Sync 1 DAGs
[2025-06-12T15:14:26.388+0000] {logging_mixin.py:188} INFO - [2025-06-12T15:14:26.388+0000] {dag.py:3954} INFO - Setting next_dagrun for example_display_name to None, run_after=None
[2025-06-12T15:14:26.403+0000] {processor.py:183} INFO - Processing /home/airflow/.local/lib/python3.12/site-packages/airflow/example_dags/example_display_name.py took 0.068 seconds
[2025-06-12T15:14:56.455+0000] {processor.py:161} INFO - Started process (PID=1050) to work on /home/airflow/.local/lib/python3.12/site-packages/airflow/example_dags/example_display_name.py
[2025-06-12T15:14:56.457+0000] {processor.py:830} INFO - Processing file /home/airflow/.local/lib/python3.12/site-packages/airflow/example_dags/example_display_name.py for tasks to queue
[2025-06-12T15:14:56.460+0000] {logging_mixin.py:188} INFO - [2025-06-12T15:14:56.459+0000] {dagbag.py:540} INFO - Filling up the DagBag from /home/airflow/.local/lib/python3.12/site-packages/airflow/example_dags/example_display_name.py
[2025-06-12T15:14:56.467+0000] {processor.py:840} INFO - DAG(s) 'example_display_name' retrieved from /home/airflow/.local/lib/python3.12/site-packages/airflow/example_dags/example_display_name.py
[2025-06-12T15:14:56.483+0000] {logging_mixin.py:188} INFO - [2025-06-12T15:14:56.483+0000] {dag.py:3096} INFO - Sync 1 DAGs
[2025-06-12T15:14:56.492+0000] {logging_mixin.py:188} INFO - [2025-06-12T15:14:56.492+0000] {dag.py:3954} INFO - Setting next_dagrun for example_display_name to None, run_after=None
[2025-06-12T15:14:56.503+0000] {processor.py:183} INFO - Processing /home/airflow/.local/lib/python3.12/site-packages/airflow/example_dags/example_display_name.py took 0.051 seconds
[2025-06-12T15:15:27.005+0000] {processor.py:161} INFO - Started process (PID=1124) to work on /home/airflow/.local/lib/python3.12/site-packages/airflow/example_dags/example_display_name.py
[2025-06-12T15:15:27.006+0000] {processor.py:830} INFO - Processing file /home/airflow/.local/lib/python3.12/site-packages/airflow/example_dags/example_display_name.py for tasks to queue
[2025-06-12T15:15:27.008+0000] {logging_mixin.py:188} INFO - [2025-06-12T15:15:27.007+0000] {dagbag.py:540} INFO - Filling up the DagBag from /home/airflow/.local/lib/python3.12/site-packages/airflow/example_dags/example_display_name.py
[2025-06-12T15:15:27.016+0000] {processor.py:840} INFO - DAG(s) 'example_display_name' retrieved from /home/airflow/.local/lib/python3.12/site-packages/airflow/example_dags/example_display_name.py
[2025-06-12T15:15:27.033+0000] {logging_mixin.py:188} INFO - [2025-06-12T15:15:27.033+0000] {dag.py:3096} INFO - Sync 1 DAGs
[2025-06-12T15:15:27.040+0000] {logging_mixin.py:188} INFO - [2025-06-12T15:15:27.040+0000] {dag.py:3954} INFO - Setting next_dagrun for example_display_name to None, run_after=None
[2025-06-12T15:15:27.055+0000] {processor.py:183} INFO - Processing /home/airflow/.local/lib/python3.12/site-packages/airflow/example_dags/example_display_name.py took 0.055 seconds
[2025-06-12T15:15:57.588+0000] {processor.py:161} INFO - Started process (PID=1191) to work on /home/airflow/.local/lib/python3.12/site-packages/airflow/example_dags/example_display_name.py
[2025-06-12T15:15:57.589+0000] {processor.py:830} INFO - Processing file /home/airflow/.local/lib/python3.12/site-packages/airflow/example_dags/example_display_name.py for tasks to queue
[2025-06-12T15:15:57.591+0000] {logging_mixin.py:188} INFO - [2025-06-12T15:15:57.591+0000] {dagbag.py:540} INFO - Filling up the DagBag from /home/airflow/.local/lib/python3.12/site-packages/airflow/example_dags/example_display_name.py
[2025-06-12T15:15:57.599+0000] {processor.py:840} INFO - DAG(s) 'example_display_name' retrieved from /home/airflow/.local/lib/python3.12/site-packages/airflow/example_dags/example_display_name.py
[2025-06-12T15:15:57.617+0000] {logging_mixin.py:188} INFO - [2025-06-12T15:15:57.617+0000] {dag.py:3096} INFO - Sync 1 DAGs
[2025-06-12T15:15:57.625+0000] {logging_mixin.py:188} INFO - [2025-06-12T15:15:57.625+0000] {dag.py:3954} INFO - Setting next_dagrun for example_display_name to None, run_after=None
[2025-06-12T15:15:57.638+0000] {processor.py:183} INFO - Processing /home/airflow/.local/lib/python3.12/site-packages/airflow/example_dags/example_display_name.py took 0.057 seconds
[2025-06-12T15:16:28.656+0000] {processor.py:161} INFO - Started process (PID=1265) to work on /home/airflow/.local/lib/python3.12/site-packages/airflow/example_dags/example_display_name.py
[2025-06-12T15:16:28.658+0000] {processor.py:830} INFO - Processing file /home/airflow/.local/lib/python3.12/site-packages/airflow/example_dags/example_display_name.py for tasks to queue
[2025-06-12T15:16:28.660+0000] {logging_mixin.py:188} INFO - [2025-06-12T15:16:28.660+0000] {dagbag.py:540} INFO - Filling up the DagBag from /home/airflow/.local/lib/python3.12/site-packages/airflow/example_dags/example_display_name.py
[2025-06-12T15:16:28.671+0000] {processor.py:840} INFO - DAG(s) 'example_display_name' retrieved from /home/airflow/.local/lib/python3.12/site-packages/airflow/example_dags/example_display_name.py
[2025-06-12T15:16:28.702+0000] {logging_mixin.py:188} INFO - [2025-06-12T15:16:28.702+0000] {dag.py:3096} INFO - Sync 1 DAGs
[2025-06-12T15:16:28.710+0000] {logging_mixin.py:188} INFO - [2025-06-12T15:16:28.710+0000] {dag.py:3954} INFO - Setting next_dagrun for example_display_name to None, run_after=None
[2025-06-12T15:16:28.725+0000] {processor.py:183} INFO - Processing /home/airflow/.local/lib/python3.12/site-packages/airflow/example_dags/example_display_name.py took 0.079 seconds
[2025-06-12T15:16:59.356+0000] {processor.py:161} INFO - Started process (PID=1339) to work on /home/airflow/.local/lib/python3.12/site-packages/airflow/example_dags/example_display_name.py
[2025-06-12T15:16:59.361+0000] {processor.py:830} INFO - Processing file /home/airflow/.local/lib/python3.12/site-packages/airflow/example_dags/example_display_name.py for tasks to queue
[2025-06-12T15:16:59.365+0000] {logging_mixin.py:188} INFO - [2025-06-12T15:16:59.364+0000] {dagbag.py:540} INFO - Filling up the DagBag from /home/airflow/.local/lib/python3.12/site-packages/airflow/example_dags/example_display_name.py
[2025-06-12T15:16:59.375+0000] {processor.py:840} INFO - DAG(s) 'example_display_name' retrieved from /home/airflow/.local/lib/python3.12/site-packages/airflow/example_dags/example_display_name.py
[2025-06-12T15:16:59.400+0000] {logging_mixin.py:188} INFO - [2025-06-12T15:16:59.400+0000] {dag.py:3096} INFO - Sync 1 DAGs
[2025-06-12T15:16:59.592+0000] {logging_mixin.py:188} INFO - [2025-06-12T15:16:59.592+0000] {dag.py:3954} INFO - Setting next_dagrun for example_display_name to None, run_after=None
[2025-06-12T15:16:59.607+0000] {processor.py:183} INFO - Processing /home/airflow/.local/lib/python3.12/site-packages/airflow/example_dags/example_display_name.py took 0.264 seconds
[2025-06-12T15:17:30.131+0000] {processor.py:161} INFO - Started process (PID=1406) to work on /home/airflow/.local/lib/python3.12/site-packages/airflow/example_dags/example_display_name.py
[2025-06-12T15:17:30.132+0000] {processor.py:830} INFO - Processing file /home/airflow/.local/lib/python3.12/site-packages/airflow/example_dags/example_display_name.py for tasks to queue
[2025-06-12T15:17:30.133+0000] {logging_mixin.py:188} INFO - [2025-06-12T15:17:30.133+0000] {dagbag.py:540} INFO - Filling up the DagBag from /home/airflow/.local/lib/python3.12/site-packages/airflow/example_dags/example_display_name.py
[2025-06-12T15:17:30.140+0000] {processor.py:840} INFO - DAG(s) 'example_display_name' retrieved from /home/airflow/.local/lib/python3.12/site-packages/airflow/example_dags/example_display_name.py
[2025-06-12T15:17:30.159+0000] {logging_mixin.py:188} INFO - [2025-06-12T15:17:30.159+0000] {dag.py:3096} INFO - Sync 1 DAGs
[2025-06-12T15:17:30.166+0000] {logging_mixin.py:188} INFO - [2025-06-12T15:17:30.166+0000] {dag.py:3954} INFO - Setting next_dagrun for example_display_name to None, run_after=None
[2025-06-12T15:17:30.279+0000] {processor.py:183} INFO - Processing /home/airflow/.local/lib/python3.12/site-packages/airflow/example_dags/example_display_name.py took 0.155 seconds
[2025-06-12T15:18:00.553+0000] {processor.py:161} INFO - Started process (PID=1480) to work on /home/airflow/.local/lib/python3.12/site-packages/airflow/example_dags/example_display_name.py
[2025-06-12T15:18:00.556+0000] {processor.py:830} INFO - Processing file /home/airflow/.local/lib/python3.12/site-packages/airflow/example_dags/example_display_name.py for tasks to queue
[2025-06-12T15:18:00.562+0000] {logging_mixin.py:188} INFO - [2025-06-12T15:18:00.562+0000] {dagbag.py:540} INFO - Filling up the DagBag from /home/airflow/.local/lib/python3.12/site-packages/airflow/example_dags/example_display_name.py
[2025-06-12T15:18:00.572+0000] {processor.py:840} INFO - DAG(s) 'example_display_name' retrieved from /home/airflow/.local/lib/python3.12/site-packages/airflow/example_dags/example_display_name.py
[2025-06-12T15:18:00.602+0000] {logging_mixin.py:188} INFO - [2025-06-12T15:18:00.602+0000] {dag.py:3096} INFO - Sync 1 DAGs
[2025-06-12T15:18:00.610+0000] {logging_mixin.py:188} INFO - [2025-06-12T15:18:00.610+0000] {dag.py:3954} INFO - Setting next_dagrun for example_display_name to None, run_after=None
[2025-06-12T15:18:00.623+0000] {processor.py:183} INFO - Processing /home/airflow/.local/lib/python3.12/site-packages/airflow/example_dags/example_display_name.py took 0.078 seconds
[2025-06-12T15:18:30.653+0000] {processor.py:161} INFO - Started process (PID=1554) to work on /home/airflow/.local/lib/python3.12/site-packages/airflow/example_dags/example_display_name.py
[2025-06-12T15:18:30.654+0000] {processor.py:830} INFO - Processing file /home/airflow/.local/lib/python3.12/site-packages/airflow/example_dags/example_display_name.py for tasks to queue
[2025-06-12T15:18:30.655+0000] {logging_mixin.py:188} INFO - [2025-06-12T15:18:30.655+0000] {dagbag.py:540} INFO - Filling up the DagBag from /home/airflow/.local/lib/python3.12/site-packages/airflow/example_dags/example_display_name.py
[2025-06-12T15:18:30.658+0000] {processor.py:840} INFO - DAG(s) 'example_display_name' retrieved from /home/airflow/.local/lib/python3.12/site-packages/airflow/example_dags/example_display_name.py
[2025-06-12T15:18:30.674+0000] {logging_mixin.py:188} INFO - [2025-06-12T15:18:30.674+0000] {dag.py:3096} INFO - Sync 1 DAGs
[2025-06-12T15:18:30.680+0000] {logging_mixin.py:188} INFO - [2025-06-12T15:18:30.680+0000] {dag.py:3954} INFO - Setting next_dagrun for example_display_name to None, run_after=None
[2025-06-12T15:18:30.693+0000] {processor.py:183} INFO - Processing /home/airflow/.local/lib/python3.12/site-packages/airflow/example_dags/example_display_name.py took 0.043 seconds
