[2025-06-12T13:58:41.025+0000] {processor.py:161} INFO - Started process (PID=74) to work on /home/airflow/.local/lib/python3.12/site-packages/airflow/example_dags/example_branch_python_dop_operator_3.py
[2025-06-12T13:58:41.026+0000] {processor.py:830} INFO - Processing file /home/airflow/.local/lib/python3.12/site-packages/airflow/example_dags/example_branch_python_dop_operator_3.py for tasks to queue
[2025-06-12T13:58:41.027+0000] {logging_mixin.py:188} INFO - [2025-06-12T13:58:41.027+0000] {dagbag.py:540} INFO - Filling up the DagBag from /home/airflow/.local/lib/python3.12/site-packages/airflow/example_dags/example_branch_python_dop_operator_3.py
[2025-06-12T13:58:41.040+0000] {processor.py:840} INFO - DAG(s) 'example_branch_dop_operator_v3' retrieved from /home/airflow/.local/lib/python3.12/site-packages/airflow/example_dags/example_branch_python_dop_operator_3.py
[2025-06-12T13:58:41.064+0000] {logging_mixin.py:188} INFO - [2025-06-12T13:58:41.064+0000] {dag.py:3096} INFO - Sync 1 DAGs
[2025-06-12T13:58:41.099+0000] {logging_mixin.py:188} INFO - [2025-06-12T13:58:41.099+0000] {dag.py:3954} INFO - Setting next_dagrun for example_branch_dop_operator_v3 to 2025-06-12 13:57:00+00:00, run_after=2025-06-12 13:58:00+00:00
[2025-06-12T13:58:41.131+0000] {processor.py:183} INFO - Processing /home/airflow/.local/lib/python3.12/site-packages/airflow/example_dags/example_branch_python_dop_operator_3.py took 0.111 seconds
[2025-06-12T13:59:11.646+0000] {processor.py:161} INFO - Started process (PID=141) to work on /home/airflow/.local/lib/python3.12/site-packages/airflow/example_dags/example_branch_python_dop_operator_3.py
[2025-06-12T13:59:11.646+0000] {processor.py:830} INFO - Processing file /home/airflow/.local/lib/python3.12/site-packages/airflow/example_dags/example_branch_python_dop_operator_3.py for tasks to queue
[2025-06-12T13:59:11.647+0000] {logging_mixin.py:188} INFO - [2025-06-12T13:59:11.647+0000] {dagbag.py:540} INFO - Filling up the DagBag from /home/airflow/.local/lib/python3.12/site-packages/airflow/example_dags/example_branch_python_dop_operator_3.py
[2025-06-12T13:59:11.651+0000] {processor.py:840} INFO - DAG(s) 'example_branch_dop_operator_v3' retrieved from /home/airflow/.local/lib/python3.12/site-packages/airflow/example_dags/example_branch_python_dop_operator_3.py
[2025-06-12T13:59:11.700+0000] {logging_mixin.py:188} INFO - [2025-06-12T13:59:11.700+0000] {dag.py:3096} INFO - Sync 1 DAGs
[2025-06-12T13:59:11.711+0000] {logging_mixin.py:188} INFO - [2025-06-12T13:59:11.711+0000] {dag.py:3954} INFO - Setting next_dagrun for example_branch_dop_operator_v3 to 2025-06-12 13:58:00+00:00, run_after=2025-06-12 13:59:00+00:00
[2025-06-12T13:59:11.720+0000] {processor.py:183} INFO - Processing /home/airflow/.local/lib/python3.12/site-packages/airflow/example_dags/example_branch_python_dop_operator_3.py took 0.077 seconds
[2025-06-12T13:59:42.073+0000] {processor.py:161} INFO - Started process (PID=215) to work on /home/airflow/.local/lib/python3.12/site-packages/airflow/example_dags/example_branch_python_dop_operator_3.py
[2025-06-12T13:59:42.075+0000] {processor.py:830} INFO - Processing file /home/airflow/.local/lib/python3.12/site-packages/airflow/example_dags/example_branch_python_dop_operator_3.py for tasks to queue
[2025-06-12T13:59:42.078+0000] {logging_mixin.py:188} INFO - [2025-06-12T13:59:42.077+0000] {dagbag.py:540} INFO - Filling up the DagBag from /home/airflow/.local/lib/python3.12/site-packages/airflow/example_dags/example_branch_python_dop_operator_3.py
[2025-06-12T13:59:42.086+0000] {processor.py:840} INFO - DAG(s) 'example_branch_dop_operator_v3' retrieved from /home/airflow/.local/lib/python3.12/site-packages/airflow/example_dags/example_branch_python_dop_operator_3.py
[2025-06-12T13:59:42.114+0000] {logging_mixin.py:188} INFO - [2025-06-12T13:59:42.114+0000] {dag.py:3096} INFO - Sync 1 DAGs
[2025-06-12T13:59:42.133+0000] {logging_mixin.py:188} INFO - [2025-06-12T13:59:42.133+0000] {dag.py:3954} INFO - Setting next_dagrun for example_branch_dop_operator_v3 to 2025-06-12 13:58:00+00:00, run_after=2025-06-12 13:59:00+00:00
[2025-06-12T13:59:42.157+0000] {processor.py:183} INFO - Processing /home/airflow/.local/lib/python3.12/site-packages/airflow/example_dags/example_branch_python_dop_operator_3.py took 0.087 seconds
[2025-06-12T14:00:12.861+0000] {processor.py:161} INFO - Started process (PID=282) to work on /home/airflow/.local/lib/python3.12/site-packages/airflow/example_dags/example_branch_python_dop_operator_3.py
[2025-06-12T14:00:12.862+0000] {processor.py:830} INFO - Processing file /home/airflow/.local/lib/python3.12/site-packages/airflow/example_dags/example_branch_python_dop_operator_3.py for tasks to queue
[2025-06-12T14:00:12.863+0000] {logging_mixin.py:188} INFO - [2025-06-12T14:00:12.863+0000] {dagbag.py:540} INFO - Filling up the DagBag from /home/airflow/.local/lib/python3.12/site-packages/airflow/example_dags/example_branch_python_dop_operator_3.py
[2025-06-12T14:00:12.868+0000] {processor.py:840} INFO - DAG(s) 'example_branch_dop_operator_v3' retrieved from /home/airflow/.local/lib/python3.12/site-packages/airflow/example_dags/example_branch_python_dop_operator_3.py
[2025-06-12T14:00:12.880+0000] {logging_mixin.py:188} INFO - [2025-06-12T14:00:12.880+0000] {dag.py:3096} INFO - Sync 1 DAGs
[2025-06-12T14:00:12.891+0000] {logging_mixin.py:188} INFO - [2025-06-12T14:00:12.890+0000] {dag.py:3954} INFO - Setting next_dagrun for example_branch_dop_operator_v3 to 2025-06-12 13:59:00+00:00, run_after=2025-06-12 14:00:00+00:00
[2025-06-12T14:00:12.905+0000] {processor.py:183} INFO - Processing /home/airflow/.local/lib/python3.12/site-packages/airflow/example_dags/example_branch_python_dop_operator_3.py took 0.047 seconds
[2025-06-12T14:00:43.090+0000] {processor.py:161} INFO - Started process (PID=356) to work on /home/airflow/.local/lib/python3.12/site-packages/airflow/example_dags/example_branch_python_dop_operator_3.py
[2025-06-12T14:00:43.091+0000] {processor.py:830} INFO - Processing file /home/airflow/.local/lib/python3.12/site-packages/airflow/example_dags/example_branch_python_dop_operator_3.py for tasks to queue
[2025-06-12T14:00:43.092+0000] {logging_mixin.py:188} INFO - [2025-06-12T14:00:43.092+0000] {dagbag.py:540} INFO - Filling up the DagBag from /home/airflow/.local/lib/python3.12/site-packages/airflow/example_dags/example_branch_python_dop_operator_3.py
[2025-06-12T14:00:43.099+0000] {processor.py:840} INFO - DAG(s) 'example_branch_dop_operator_v3' retrieved from /home/airflow/.local/lib/python3.12/site-packages/airflow/example_dags/example_branch_python_dop_operator_3.py
[2025-06-12T14:00:43.113+0000] {logging_mixin.py:188} INFO - [2025-06-12T14:00:43.113+0000] {dag.py:3096} INFO - Sync 1 DAGs
[2025-06-12T14:00:43.123+0000] {logging_mixin.py:188} INFO - [2025-06-12T14:00:43.123+0000] {dag.py:3954} INFO - Setting next_dagrun for example_branch_dop_operator_v3 to 2025-06-12 13:59:00+00:00, run_after=2025-06-12 14:00:00+00:00
[2025-06-12T14:00:43.145+0000] {processor.py:183} INFO - Processing /home/airflow/.local/lib/python3.12/site-packages/airflow/example_dags/example_branch_python_dop_operator_3.py took 0.058 seconds
[2025-06-12T14:01:14.238+0000] {processor.py:161} INFO - Started process (PID=423) to work on /home/airflow/.local/lib/python3.12/site-packages/airflow/example_dags/example_branch_python_dop_operator_3.py
[2025-06-12T14:01:14.239+0000] {processor.py:830} INFO - Processing file /home/airflow/.local/lib/python3.12/site-packages/airflow/example_dags/example_branch_python_dop_operator_3.py for tasks to queue
[2025-06-12T14:01:14.240+0000] {logging_mixin.py:188} INFO - [2025-06-12T14:01:14.240+0000] {dagbag.py:540} INFO - Filling up the DagBag from /home/airflow/.local/lib/python3.12/site-packages/airflow/example_dags/example_branch_python_dop_operator_3.py
[2025-06-12T14:01:14.245+0000] {processor.py:840} INFO - DAG(s) 'example_branch_dop_operator_v3' retrieved from /home/airflow/.local/lib/python3.12/site-packages/airflow/example_dags/example_branch_python_dop_operator_3.py
[2025-06-12T14:01:14.264+0000] {logging_mixin.py:188} INFO - [2025-06-12T14:01:14.263+0000] {dag.py:3096} INFO - Sync 1 DAGs
[2025-06-12T14:01:14.279+0000] {logging_mixin.py:188} INFO - [2025-06-12T14:01:14.279+0000] {dag.py:3954} INFO - Setting next_dagrun for example_branch_dop_operator_v3 to 2025-06-12 14:00:00+00:00, run_after=2025-06-12 14:01:00+00:00
[2025-06-12T14:01:14.288+0000] {processor.py:183} INFO - Processing /home/airflow/.local/lib/python3.12/site-packages/airflow/example_dags/example_branch_python_dop_operator_3.py took 0.053 seconds
[2025-06-12T14:15:49.061+0000] {processor.py:161} INFO - Started process (PID=75) to work on /home/airflow/.local/lib/python3.12/site-packages/airflow/example_dags/example_branch_python_dop_operator_3.py
[2025-06-12T14:15:49.062+0000] {processor.py:830} INFO - Processing file /home/airflow/.local/lib/python3.12/site-packages/airflow/example_dags/example_branch_python_dop_operator_3.py for tasks to queue
[2025-06-12T14:15:49.063+0000] {logging_mixin.py:188} INFO - [2025-06-12T14:15:49.063+0000] {dagbag.py:540} INFO - Filling up the DagBag from /home/airflow/.local/lib/python3.12/site-packages/airflow/example_dags/example_branch_python_dop_operator_3.py
[2025-06-12T14:15:49.070+0000] {processor.py:840} INFO - DAG(s) 'example_branch_dop_operator_v3' retrieved from /home/airflow/.local/lib/python3.12/site-packages/airflow/example_dags/example_branch_python_dop_operator_3.py
[2025-06-12T14:15:49.089+0000] {logging_mixin.py:188} INFO - [2025-06-12T14:15:49.089+0000] {dag.py:3096} INFO - Sync 1 DAGs
[2025-06-12T14:15:49.105+0000] {logging_mixin.py:188} INFO - [2025-06-12T14:15:49.105+0000] {dag.py:3954} INFO - Setting next_dagrun for example_branch_dop_operator_v3 to 2025-06-12 14:14:00+00:00, run_after=2025-06-12 14:15:00+00:00
[2025-06-12T14:15:49.117+0000] {processor.py:183} INFO - Processing /home/airflow/.local/lib/python3.12/site-packages/airflow/example_dags/example_branch_python_dop_operator_3.py took 0.062 seconds
[2025-06-12T14:16:20.104+0000] {processor.py:161} INFO - Started process (PID=149) to work on /home/airflow/.local/lib/python3.12/site-packages/airflow/example_dags/example_branch_python_dop_operator_3.py
[2025-06-12T14:16:20.106+0000] {processor.py:830} INFO - Processing file /home/airflow/.local/lib/python3.12/site-packages/airflow/example_dags/example_branch_python_dop_operator_3.py for tasks to queue
[2025-06-12T14:16:20.108+0000] {logging_mixin.py:188} INFO - [2025-06-12T14:16:20.107+0000] {dagbag.py:540} INFO - Filling up the DagBag from /home/airflow/.local/lib/python3.12/site-packages/airflow/example_dags/example_branch_python_dop_operator_3.py
[2025-06-12T14:16:20.116+0000] {processor.py:840} INFO - DAG(s) 'example_branch_dop_operator_v3' retrieved from /home/airflow/.local/lib/python3.12/site-packages/airflow/example_dags/example_branch_python_dop_operator_3.py
[2025-06-12T14:16:20.172+0000] {logging_mixin.py:188} INFO - [2025-06-12T14:16:20.171+0000] {dag.py:3096} INFO - Sync 1 DAGs
[2025-06-12T14:16:20.187+0000] {logging_mixin.py:188} INFO - [2025-06-12T14:16:20.187+0000] {dag.py:3954} INFO - Setting next_dagrun for example_branch_dop_operator_v3 to 2025-06-12 14:15:00+00:00, run_after=2025-06-12 14:16:00+00:00
[2025-06-12T14:16:20.206+0000] {processor.py:183} INFO - Processing /home/airflow/.local/lib/python3.12/site-packages/airflow/example_dags/example_branch_python_dop_operator_3.py took 0.105 seconds
[2025-06-12T14:16:50.647+0000] {processor.py:161} INFO - Started process (PID=216) to work on /home/airflow/.local/lib/python3.12/site-packages/airflow/example_dags/example_branch_python_dop_operator_3.py
[2025-06-12T14:16:50.649+0000] {processor.py:830} INFO - Processing file /home/airflow/.local/lib/python3.12/site-packages/airflow/example_dags/example_branch_python_dop_operator_3.py for tasks to queue
[2025-06-12T14:16:50.651+0000] {logging_mixin.py:188} INFO - [2025-06-12T14:16:50.650+0000] {dagbag.py:540} INFO - Filling up the DagBag from /home/airflow/.local/lib/python3.12/site-packages/airflow/example_dags/example_branch_python_dop_operator_3.py
[2025-06-12T14:16:50.655+0000] {processor.py:840} INFO - DAG(s) 'example_branch_dop_operator_v3' retrieved from /home/airflow/.local/lib/python3.12/site-packages/airflow/example_dags/example_branch_python_dop_operator_3.py
[2025-06-12T14:16:50.666+0000] {logging_mixin.py:188} INFO - [2025-06-12T14:16:50.666+0000] {dag.py:3096} INFO - Sync 1 DAGs
[2025-06-12T14:16:50.677+0000] {logging_mixin.py:188} INFO - [2025-06-12T14:16:50.677+0000] {dag.py:3954} INFO - Setting next_dagrun for example_branch_dop_operator_v3 to 2025-06-12 14:15:00+00:00, run_after=2025-06-12 14:16:00+00:00
[2025-06-12T14:16:50.686+0000] {processor.py:183} INFO - Processing /home/airflow/.local/lib/python3.12/site-packages/airflow/example_dags/example_branch_python_dop_operator_3.py took 0.042 seconds
[2025-06-12T14:17:21.259+0000] {processor.py:161} INFO - Started process (PID=290) to work on /home/airflow/.local/lib/python3.12/site-packages/airflow/example_dags/example_branch_python_dop_operator_3.py
[2025-06-12T14:17:21.259+0000] {processor.py:830} INFO - Processing file /home/airflow/.local/lib/python3.12/site-packages/airflow/example_dags/example_branch_python_dop_operator_3.py for tasks to queue
[2025-06-12T14:17:21.261+0000] {logging_mixin.py:188} INFO - [2025-06-12T14:17:21.260+0000] {dagbag.py:540} INFO - Filling up the DagBag from /home/airflow/.local/lib/python3.12/site-packages/airflow/example_dags/example_branch_python_dop_operator_3.py
[2025-06-12T14:17:21.265+0000] {processor.py:840} INFO - DAG(s) 'example_branch_dop_operator_v3' retrieved from /home/airflow/.local/lib/python3.12/site-packages/airflow/example_dags/example_branch_python_dop_operator_3.py
[2025-06-12T14:17:21.325+0000] {logging_mixin.py:188} INFO - [2025-06-12T14:17:21.325+0000] {dag.py:3096} INFO - Sync 1 DAGs
[2025-06-12T14:17:21.340+0000] {logging_mixin.py:188} INFO - [2025-06-12T14:17:21.340+0000] {dag.py:3954} INFO - Setting next_dagrun for example_branch_dop_operator_v3 to 2025-06-12 14:16:00+00:00, run_after=2025-06-12 14:17:00+00:00
[2025-06-12T14:17:21.357+0000] {processor.py:183} INFO - Processing /home/airflow/.local/lib/python3.12/site-packages/airflow/example_dags/example_branch_python_dop_operator_3.py took 0.102 seconds
[2025-06-12T14:17:51.792+0000] {processor.py:161} INFO - Started process (PID=356) to work on /home/airflow/.local/lib/python3.12/site-packages/airflow/example_dags/example_branch_python_dop_operator_3.py
[2025-06-12T14:17:51.792+0000] {processor.py:830} INFO - Processing file /home/airflow/.local/lib/python3.12/site-packages/airflow/example_dags/example_branch_python_dop_operator_3.py for tasks to queue
[2025-06-12T14:17:51.793+0000] {logging_mixin.py:188} INFO - [2025-06-12T14:17:51.793+0000] {dagbag.py:540} INFO - Filling up the DagBag from /home/airflow/.local/lib/python3.12/site-packages/airflow/example_dags/example_branch_python_dop_operator_3.py
[2025-06-12T14:17:51.796+0000] {processor.py:840} INFO - DAG(s) 'example_branch_dop_operator_v3' retrieved from /home/airflow/.local/lib/python3.12/site-packages/airflow/example_dags/example_branch_python_dop_operator_3.py
[2025-06-12T14:17:51.806+0000] {logging_mixin.py:188} INFO - [2025-06-12T14:17:51.806+0000] {dag.py:3096} INFO - Sync 1 DAGs
[2025-06-12T14:17:51.815+0000] {logging_mixin.py:188} INFO - [2025-06-12T14:17:51.815+0000] {dag.py:3954} INFO - Setting next_dagrun for example_branch_dop_operator_v3 to 2025-06-12 14:16:00+00:00, run_after=2025-06-12 14:17:00+00:00
[2025-06-12T14:17:51.822+0000] {processor.py:183} INFO - Processing /home/airflow/.local/lib/python3.12/site-packages/airflow/example_dags/example_branch_python_dop_operator_3.py took 0.033 seconds
[2025-06-12T14:18:38.278+0000] {processor.py:161} INFO - Started process (PID=74) to work on /home/airflow/.local/lib/python3.12/site-packages/airflow/example_dags/example_branch_python_dop_operator_3.py
[2025-06-12T14:18:38.279+0000] {processor.py:830} INFO - Processing file /home/airflow/.local/lib/python3.12/site-packages/airflow/example_dags/example_branch_python_dop_operator_3.py for tasks to queue
[2025-06-12T14:18:38.280+0000] {logging_mixin.py:188} INFO - [2025-06-12T14:18:38.280+0000] {dagbag.py:540} INFO - Filling up the DagBag from /home/airflow/.local/lib/python3.12/site-packages/airflow/example_dags/example_branch_python_dop_operator_3.py
[2025-06-12T14:18:38.287+0000] {processor.py:840} INFO - DAG(s) 'example_branch_dop_operator_v3' retrieved from /home/airflow/.local/lib/python3.12/site-packages/airflow/example_dags/example_branch_python_dop_operator_3.py
[2025-06-12T14:18:38.298+0000] {logging_mixin.py:188} INFO - [2025-06-12T14:18:38.298+0000] {dag.py:3096} INFO - Sync 1 DAGs
[2025-06-12T14:18:38.309+0000] {logging_mixin.py:188} INFO - [2025-06-12T14:18:38.309+0000] {dag.py:3954} INFO - Setting next_dagrun for example_branch_dop_operator_v3 to 2025-06-12 14:17:00+00:00, run_after=2025-06-12 14:18:00+00:00
[2025-06-12T14:18:38.316+0000] {processor.py:183} INFO - Processing /home/airflow/.local/lib/python3.12/site-packages/airflow/example_dags/example_branch_python_dop_operator_3.py took 0.040 seconds
[2025-06-12T14:19:08.370+0000] {processor.py:161} INFO - Started process (PID=140) to work on /home/airflow/.local/lib/python3.12/site-packages/airflow/example_dags/example_branch_python_dop_operator_3.py
[2025-06-12T14:19:08.371+0000] {processor.py:830} INFO - Processing file /home/airflow/.local/lib/python3.12/site-packages/airflow/example_dags/example_branch_python_dop_operator_3.py for tasks to queue
[2025-06-12T14:19:08.372+0000] {logging_mixin.py:188} INFO - [2025-06-12T14:19:08.372+0000] {dagbag.py:540} INFO - Filling up the DagBag from /home/airflow/.local/lib/python3.12/site-packages/airflow/example_dags/example_branch_python_dop_operator_3.py
[2025-06-12T14:19:08.375+0000] {processor.py:840} INFO - DAG(s) 'example_branch_dop_operator_v3' retrieved from /home/airflow/.local/lib/python3.12/site-packages/airflow/example_dags/example_branch_python_dop_operator_3.py
[2025-06-12T14:19:08.382+0000] {logging_mixin.py:188} INFO - [2025-06-12T14:19:08.382+0000] {dag.py:3096} INFO - Sync 1 DAGs
[2025-06-12T14:19:08.393+0000] {logging_mixin.py:188} INFO - [2025-06-12T14:19:08.393+0000] {dag.py:3954} INFO - Setting next_dagrun for example_branch_dop_operator_v3 to 2025-06-12 14:18:00+00:00, run_after=2025-06-12 14:19:00+00:00
[2025-06-12T14:19:08.401+0000] {processor.py:183} INFO - Processing /home/airflow/.local/lib/python3.12/site-packages/airflow/example_dags/example_branch_python_dop_operator_3.py took 0.033 seconds
[2025-06-12T14:19:38.734+0000] {processor.py:161} INFO - Started process (PID=214) to work on /home/airflow/.local/lib/python3.12/site-packages/airflow/example_dags/example_branch_python_dop_operator_3.py
[2025-06-12T14:19:38.734+0000] {processor.py:830} INFO - Processing file /home/airflow/.local/lib/python3.12/site-packages/airflow/example_dags/example_branch_python_dop_operator_3.py for tasks to queue
[2025-06-12T14:19:38.735+0000] {logging_mixin.py:188} INFO - [2025-06-12T14:19:38.735+0000] {dagbag.py:540} INFO - Filling up the DagBag from /home/airflow/.local/lib/python3.12/site-packages/airflow/example_dags/example_branch_python_dop_operator_3.py
[2025-06-12T14:19:38.740+0000] {processor.py:840} INFO - DAG(s) 'example_branch_dop_operator_v3' retrieved from /home/airflow/.local/lib/python3.12/site-packages/airflow/example_dags/example_branch_python_dop_operator_3.py
[2025-06-12T14:19:38.787+0000] {logging_mixin.py:188} INFO - [2025-06-12T14:19:38.787+0000] {dag.py:3096} INFO - Sync 1 DAGs
[2025-06-12T14:19:38.795+0000] {logging_mixin.py:188} INFO - [2025-06-12T14:19:38.795+0000] {dag.py:3954} INFO - Setting next_dagrun for example_branch_dop_operator_v3 to 2025-06-12 14:18:00+00:00, run_after=2025-06-12 14:19:00+00:00
[2025-06-12T14:19:38.807+0000] {processor.py:183} INFO - Processing /home/airflow/.local/lib/python3.12/site-packages/airflow/example_dags/example_branch_python_dop_operator_3.py took 0.076 seconds
[2025-06-12T14:20:08.972+0000] {processor.py:161} INFO - Started process (PID=288) to work on /home/airflow/.local/lib/python3.12/site-packages/airflow/example_dags/example_branch_python_dop_operator_3.py
[2025-06-12T14:20:08.973+0000] {processor.py:830} INFO - Processing file /home/airflow/.local/lib/python3.12/site-packages/airflow/example_dags/example_branch_python_dop_operator_3.py for tasks to queue
[2025-06-12T14:20:08.975+0000] {logging_mixin.py:188} INFO - [2025-06-12T14:20:08.974+0000] {dagbag.py:540} INFO - Filling up the DagBag from /home/airflow/.local/lib/python3.12/site-packages/airflow/example_dags/example_branch_python_dop_operator_3.py
[2025-06-12T14:20:08.979+0000] {processor.py:840} INFO - DAG(s) 'example_branch_dop_operator_v3' retrieved from /home/airflow/.local/lib/python3.12/site-packages/airflow/example_dags/example_branch_python_dop_operator_3.py
[2025-06-12T14:20:08.997+0000] {logging_mixin.py:188} INFO - [2025-06-12T14:20:08.997+0000] {dag.py:3096} INFO - Sync 1 DAGs
[2025-06-12T14:20:09.013+0000] {logging_mixin.py:188} INFO - [2025-06-12T14:20:09.012+0000] {dag.py:3954} INFO - Setting next_dagrun for example_branch_dop_operator_v3 to 2025-06-12 14:19:00+00:00, run_after=2025-06-12 14:20:00+00:00
[2025-06-12T14:20:09.034+0000] {processor.py:183} INFO - Processing /home/airflow/.local/lib/python3.12/site-packages/airflow/example_dags/example_branch_python_dop_operator_3.py took 0.065 seconds
[2025-06-12T14:20:39.366+0000] {processor.py:161} INFO - Started process (PID=355) to work on /home/airflow/.local/lib/python3.12/site-packages/airflow/example_dags/example_branch_python_dop_operator_3.py
[2025-06-12T14:20:39.366+0000] {processor.py:830} INFO - Processing file /home/airflow/.local/lib/python3.12/site-packages/airflow/example_dags/example_branch_python_dop_operator_3.py for tasks to queue
[2025-06-12T14:20:39.368+0000] {logging_mixin.py:188} INFO - [2025-06-12T14:20:39.368+0000] {dagbag.py:540} INFO - Filling up the DagBag from /home/airflow/.local/lib/python3.12/site-packages/airflow/example_dags/example_branch_python_dop_operator_3.py
[2025-06-12T14:20:39.373+0000] {processor.py:840} INFO - DAG(s) 'example_branch_dop_operator_v3' retrieved from /home/airflow/.local/lib/python3.12/site-packages/airflow/example_dags/example_branch_python_dop_operator_3.py
[2025-06-12T14:20:39.384+0000] {logging_mixin.py:188} INFO - [2025-06-12T14:20:39.384+0000] {dag.py:3096} INFO - Sync 1 DAGs
[2025-06-12T14:20:39.393+0000] {logging_mixin.py:188} INFO - [2025-06-12T14:20:39.393+0000] {dag.py:3954} INFO - Setting next_dagrun for example_branch_dop_operator_v3 to 2025-06-12 14:19:00+00:00, run_after=2025-06-12 14:20:00+00:00
[2025-06-12T14:20:39.405+0000] {processor.py:183} INFO - Processing /home/airflow/.local/lib/python3.12/site-packages/airflow/example_dags/example_branch_python_dop_operator_3.py took 0.042 seconds
[2025-06-12T14:21:10.037+0000] {processor.py:161} INFO - Started process (PID=429) to work on /home/airflow/.local/lib/python3.12/site-packages/airflow/example_dags/example_branch_python_dop_operator_3.py
[2025-06-12T14:21:10.037+0000] {processor.py:830} INFO - Processing file /home/airflow/.local/lib/python3.12/site-packages/airflow/example_dags/example_branch_python_dop_operator_3.py for tasks to queue
[2025-06-12T14:21:10.038+0000] {logging_mixin.py:188} INFO - [2025-06-12T14:21:10.038+0000] {dagbag.py:540} INFO - Filling up the DagBag from /home/airflow/.local/lib/python3.12/site-packages/airflow/example_dags/example_branch_python_dop_operator_3.py
[2025-06-12T14:21:10.041+0000] {processor.py:840} INFO - DAG(s) 'example_branch_dop_operator_v3' retrieved from /home/airflow/.local/lib/python3.12/site-packages/airflow/example_dags/example_branch_python_dop_operator_3.py
[2025-06-12T14:21:10.051+0000] {logging_mixin.py:188} INFO - [2025-06-12T14:21:10.051+0000] {dag.py:3096} INFO - Sync 1 DAGs
[2025-06-12T14:21:10.061+0000] {logging_mixin.py:188} INFO - [2025-06-12T14:21:10.061+0000] {dag.py:3954} INFO - Setting next_dagrun for example_branch_dop_operator_v3 to 2025-06-12 14:20:00+00:00, run_after=2025-06-12 14:21:00+00:00
[2025-06-12T14:21:10.069+0000] {processor.py:183} INFO - Processing /home/airflow/.local/lib/python3.12/site-packages/airflow/example_dags/example_branch_python_dop_operator_3.py took 0.034 seconds
[2025-06-12T14:21:40.610+0000] {processor.py:161} INFO - Started process (PID=495) to work on /home/airflow/.local/lib/python3.12/site-packages/airflow/example_dags/example_branch_python_dop_operator_3.py
[2025-06-12T14:21:40.614+0000] {processor.py:830} INFO - Processing file /home/airflow/.local/lib/python3.12/site-packages/airflow/example_dags/example_branch_python_dop_operator_3.py for tasks to queue
[2025-06-12T14:21:40.616+0000] {logging_mixin.py:188} INFO - [2025-06-12T14:21:40.616+0000] {dagbag.py:540} INFO - Filling up the DagBag from /home/airflow/.local/lib/python3.12/site-packages/airflow/example_dags/example_branch_python_dop_operator_3.py
[2025-06-12T14:21:40.623+0000] {processor.py:840} INFO - DAG(s) 'example_branch_dop_operator_v3' retrieved from /home/airflow/.local/lib/python3.12/site-packages/airflow/example_dags/example_branch_python_dop_operator_3.py
[2025-06-12T14:21:40.639+0000] {logging_mixin.py:188} INFO - [2025-06-12T14:21:40.639+0000] {dag.py:3096} INFO - Sync 1 DAGs
[2025-06-12T14:21:40.651+0000] {logging_mixin.py:188} INFO - [2025-06-12T14:21:40.651+0000] {dag.py:3954} INFO - Setting next_dagrun for example_branch_dop_operator_v3 to 2025-06-12 14:20:00+00:00, run_after=2025-06-12 14:21:00+00:00
[2025-06-12T14:21:40.663+0000] {processor.py:183} INFO - Processing /home/airflow/.local/lib/python3.12/site-packages/airflow/example_dags/example_branch_python_dop_operator_3.py took 0.056 seconds
[2025-06-12T14:22:11.529+0000] {processor.py:161} INFO - Started process (PID=569) to work on /home/airflow/.local/lib/python3.12/site-packages/airflow/example_dags/example_branch_python_dop_operator_3.py
[2025-06-12T14:22:11.530+0000] {processor.py:830} INFO - Processing file /home/airflow/.local/lib/python3.12/site-packages/airflow/example_dags/example_branch_python_dop_operator_3.py for tasks to queue
[2025-06-12T14:22:11.532+0000] {logging_mixin.py:188} INFO - [2025-06-12T14:22:11.531+0000] {dagbag.py:540} INFO - Filling up the DagBag from /home/airflow/.local/lib/python3.12/site-packages/airflow/example_dags/example_branch_python_dop_operator_3.py
[2025-06-12T14:22:11.535+0000] {processor.py:840} INFO - DAG(s) 'example_branch_dop_operator_v3' retrieved from /home/airflow/.local/lib/python3.12/site-packages/airflow/example_dags/example_branch_python_dop_operator_3.py
[2025-06-12T14:22:11.552+0000] {logging_mixin.py:188} INFO - [2025-06-12T14:22:11.552+0000] {dag.py:3096} INFO - Sync 1 DAGs
[2025-06-12T14:22:11.563+0000] {logging_mixin.py:188} INFO - [2025-06-12T14:22:11.563+0000] {dag.py:3954} INFO - Setting next_dagrun for example_branch_dop_operator_v3 to 2025-06-12 14:21:00+00:00, run_after=2025-06-12 14:22:00+00:00
[2025-06-12T14:22:11.572+0000] {processor.py:183} INFO - Processing /home/airflow/.local/lib/python3.12/site-packages/airflow/example_dags/example_branch_python_dop_operator_3.py took 0.047 seconds
[2025-06-12T14:22:41.732+0000] {processor.py:161} INFO - Started process (PID=643) to work on /home/airflow/.local/lib/python3.12/site-packages/airflow/example_dags/example_branch_python_dop_operator_3.py
[2025-06-12T14:22:41.732+0000] {processor.py:830} INFO - Processing file /home/airflow/.local/lib/python3.12/site-packages/airflow/example_dags/example_branch_python_dop_operator_3.py for tasks to queue
[2025-06-12T14:22:41.734+0000] {logging_mixin.py:188} INFO - [2025-06-12T14:22:41.734+0000] {dagbag.py:540} INFO - Filling up the DagBag from /home/airflow/.local/lib/python3.12/site-packages/airflow/example_dags/example_branch_python_dop_operator_3.py
[2025-06-12T14:22:41.737+0000] {processor.py:840} INFO - DAG(s) 'example_branch_dop_operator_v3' retrieved from /home/airflow/.local/lib/python3.12/site-packages/airflow/example_dags/example_branch_python_dop_operator_3.py
[2025-06-12T14:22:41.749+0000] {logging_mixin.py:188} INFO - [2025-06-12T14:22:41.749+0000] {dag.py:3096} INFO - Sync 1 DAGs
[2025-06-12T14:22:41.758+0000] {logging_mixin.py:188} INFO - [2025-06-12T14:22:41.758+0000] {dag.py:3954} INFO - Setting next_dagrun for example_branch_dop_operator_v3 to 2025-06-12 14:21:00+00:00, run_after=2025-06-12 14:22:00+00:00
[2025-06-12T14:22:41.767+0000] {processor.py:183} INFO - Processing /home/airflow/.local/lib/python3.12/site-packages/airflow/example_dags/example_branch_python_dop_operator_3.py took 0.038 seconds
[2025-06-12T14:23:12.052+0000] {processor.py:161} INFO - Started process (PID=710) to work on /home/airflow/.local/lib/python3.12/site-packages/airflow/example_dags/example_branch_python_dop_operator_3.py
[2025-06-12T14:23:12.054+0000] {processor.py:830} INFO - Processing file /home/airflow/.local/lib/python3.12/site-packages/airflow/example_dags/example_branch_python_dop_operator_3.py for tasks to queue
[2025-06-12T14:23:12.056+0000] {logging_mixin.py:188} INFO - [2025-06-12T14:23:12.056+0000] {dagbag.py:540} INFO - Filling up the DagBag from /home/airflow/.local/lib/python3.12/site-packages/airflow/example_dags/example_branch_python_dop_operator_3.py
[2025-06-12T14:23:12.060+0000] {processor.py:840} INFO - DAG(s) 'example_branch_dop_operator_v3' retrieved from /home/airflow/.local/lib/python3.12/site-packages/airflow/example_dags/example_branch_python_dop_operator_3.py
[2025-06-12T14:23:12.071+0000] {logging_mixin.py:188} INFO - [2025-06-12T14:23:12.071+0000] {dag.py:3096} INFO - Sync 1 DAGs
[2025-06-12T14:23:12.085+0000] {logging_mixin.py:188} INFO - [2025-06-12T14:23:12.085+0000] {dag.py:3954} INFO - Setting next_dagrun for example_branch_dop_operator_v3 to 2025-06-12 14:22:00+00:00, run_after=2025-06-12 14:23:00+00:00
[2025-06-12T14:23:12.093+0000] {processor.py:183} INFO - Processing /home/airflow/.local/lib/python3.12/site-packages/airflow/example_dags/example_branch_python_dop_operator_3.py took 0.043 seconds
[2025-06-12T14:23:42.191+0000] {processor.py:161} INFO - Started process (PID=784) to work on /home/airflow/.local/lib/python3.12/site-packages/airflow/example_dags/example_branch_python_dop_operator_3.py
[2025-06-12T14:23:42.191+0000] {processor.py:830} INFO - Processing file /home/airflow/.local/lib/python3.12/site-packages/airflow/example_dags/example_branch_python_dop_operator_3.py for tasks to queue
[2025-06-12T14:23:42.192+0000] {logging_mixin.py:188} INFO - [2025-06-12T14:23:42.192+0000] {dagbag.py:540} INFO - Filling up the DagBag from /home/airflow/.local/lib/python3.12/site-packages/airflow/example_dags/example_branch_python_dop_operator_3.py
[2025-06-12T14:23:42.195+0000] {processor.py:840} INFO - DAG(s) 'example_branch_dop_operator_v3' retrieved from /home/airflow/.local/lib/python3.12/site-packages/airflow/example_dags/example_branch_python_dop_operator_3.py
[2025-06-12T14:23:42.205+0000] {logging_mixin.py:188} INFO - [2025-06-12T14:23:42.205+0000] {dag.py:3096} INFO - Sync 1 DAGs
[2025-06-12T14:23:42.214+0000] {logging_mixin.py:188} INFO - [2025-06-12T14:23:42.214+0000] {dag.py:3954} INFO - Setting next_dagrun for example_branch_dop_operator_v3 to 2025-06-12 14:22:00+00:00, run_after=2025-06-12 14:23:00+00:00
[2025-06-12T14:23:42.220+0000] {processor.py:183} INFO - Processing /home/airflow/.local/lib/python3.12/site-packages/airflow/example_dags/example_branch_python_dop_operator_3.py took 0.032 seconds
[2025-06-12T14:24:12.658+0000] {processor.py:161} INFO - Started process (PID=858) to work on /home/airflow/.local/lib/python3.12/site-packages/airflow/example_dags/example_branch_python_dop_operator_3.py
[2025-06-12T14:24:12.660+0000] {processor.py:830} INFO - Processing file /home/airflow/.local/lib/python3.12/site-packages/airflow/example_dags/example_branch_python_dop_operator_3.py for tasks to queue
[2025-06-12T14:24:12.661+0000] {logging_mixin.py:188} INFO - [2025-06-12T14:24:12.661+0000] {dagbag.py:540} INFO - Filling up the DagBag from /home/airflow/.local/lib/python3.12/site-packages/airflow/example_dags/example_branch_python_dop_operator_3.py
[2025-06-12T14:24:12.665+0000] {processor.py:840} INFO - DAG(s) 'example_branch_dop_operator_v3' retrieved from /home/airflow/.local/lib/python3.12/site-packages/airflow/example_dags/example_branch_python_dop_operator_3.py
[2025-06-12T14:24:12.679+0000] {logging_mixin.py:188} INFO - [2025-06-12T14:24:12.679+0000] {dag.py:3096} INFO - Sync 1 DAGs
[2025-06-12T14:24:12.694+0000] {logging_mixin.py:188} INFO - [2025-06-12T14:24:12.694+0000] {dag.py:3954} INFO - Setting next_dagrun for example_branch_dop_operator_v3 to 2025-06-12 14:23:00+00:00, run_after=2025-06-12 14:24:00+00:00
[2025-06-12T14:24:12.707+0000] {processor.py:183} INFO - Processing /home/airflow/.local/lib/python3.12/site-packages/airflow/example_dags/example_branch_python_dop_operator_3.py took 0.052 seconds
[2025-06-12T14:24:43.606+0000] {processor.py:161} INFO - Started process (PID=925) to work on /home/airflow/.local/lib/python3.12/site-packages/airflow/example_dags/example_branch_python_dop_operator_3.py
[2025-06-12T14:24:43.607+0000] {processor.py:830} INFO - Processing file /home/airflow/.local/lib/python3.12/site-packages/airflow/example_dags/example_branch_python_dop_operator_3.py for tasks to queue
[2025-06-12T14:24:43.608+0000] {logging_mixin.py:188} INFO - [2025-06-12T14:24:43.608+0000] {dagbag.py:540} INFO - Filling up the DagBag from /home/airflow/.local/lib/python3.12/site-packages/airflow/example_dags/example_branch_python_dop_operator_3.py
[2025-06-12T14:24:43.612+0000] {processor.py:840} INFO - DAG(s) 'example_branch_dop_operator_v3' retrieved from /home/airflow/.local/lib/python3.12/site-packages/airflow/example_dags/example_branch_python_dop_operator_3.py
[2025-06-12T14:24:43.631+0000] {logging_mixin.py:188} INFO - [2025-06-12T14:24:43.631+0000] {dag.py:3096} INFO - Sync 1 DAGs
[2025-06-12T14:24:43.644+0000] {logging_mixin.py:188} INFO - [2025-06-12T14:24:43.644+0000] {dag.py:3954} INFO - Setting next_dagrun for example_branch_dop_operator_v3 to 2025-06-12 14:23:00+00:00, run_after=2025-06-12 14:24:00+00:00
[2025-06-12T14:24:43.656+0000] {processor.py:183} INFO - Processing /home/airflow/.local/lib/python3.12/site-packages/airflow/example_dags/example_branch_python_dop_operator_3.py took 0.053 seconds
[2025-06-12T14:25:14.339+0000] {processor.py:161} INFO - Started process (PID=999) to work on /home/airflow/.local/lib/python3.12/site-packages/airflow/example_dags/example_branch_python_dop_operator_3.py
[2025-06-12T14:25:14.340+0000] {processor.py:830} INFO - Processing file /home/airflow/.local/lib/python3.12/site-packages/airflow/example_dags/example_branch_python_dop_operator_3.py for tasks to queue
[2025-06-12T14:25:14.341+0000] {logging_mixin.py:188} INFO - [2025-06-12T14:25:14.341+0000] {dagbag.py:540} INFO - Filling up the DagBag from /home/airflow/.local/lib/python3.12/site-packages/airflow/example_dags/example_branch_python_dop_operator_3.py
[2025-06-12T14:25:14.347+0000] {processor.py:840} INFO - DAG(s) 'example_branch_dop_operator_v3' retrieved from /home/airflow/.local/lib/python3.12/site-packages/airflow/example_dags/example_branch_python_dop_operator_3.py
[2025-06-12T14:25:14.365+0000] {logging_mixin.py:188} INFO - [2025-06-12T14:25:14.365+0000] {dag.py:3096} INFO - Sync 1 DAGs
[2025-06-12T14:25:14.379+0000] {logging_mixin.py:188} INFO - [2025-06-12T14:25:14.379+0000] {dag.py:3954} INFO - Setting next_dagrun for example_branch_dop_operator_v3 to 2025-06-12 14:24:00+00:00, run_after=2025-06-12 14:25:00+00:00
[2025-06-12T14:25:14.390+0000] {processor.py:183} INFO - Processing /home/airflow/.local/lib/python3.12/site-packages/airflow/example_dags/example_branch_python_dop_operator_3.py took 0.054 seconds
[2025-06-12T14:25:44.705+0000] {processor.py:161} INFO - Started process (PID=1073) to work on /home/airflow/.local/lib/python3.12/site-packages/airflow/example_dags/example_branch_python_dop_operator_3.py
[2025-06-12T14:25:44.706+0000] {processor.py:830} INFO - Processing file /home/airflow/.local/lib/python3.12/site-packages/airflow/example_dags/example_branch_python_dop_operator_3.py for tasks to queue
[2025-06-12T14:25:44.707+0000] {logging_mixin.py:188} INFO - [2025-06-12T14:25:44.707+0000] {dagbag.py:540} INFO - Filling up the DagBag from /home/airflow/.local/lib/python3.12/site-packages/airflow/example_dags/example_branch_python_dop_operator_3.py
[2025-06-12T14:25:44.712+0000] {processor.py:840} INFO - DAG(s) 'example_branch_dop_operator_v3' retrieved from /home/airflow/.local/lib/python3.12/site-packages/airflow/example_dags/example_branch_python_dop_operator_3.py
[2025-06-12T14:25:44.728+0000] {logging_mixin.py:188} INFO - [2025-06-12T14:25:44.728+0000] {dag.py:3096} INFO - Sync 1 DAGs
[2025-06-12T14:25:44.741+0000] {logging_mixin.py:188} INFO - [2025-06-12T14:25:44.741+0000] {dag.py:3954} INFO - Setting next_dagrun for example_branch_dop_operator_v3 to 2025-06-12 14:24:00+00:00, run_after=2025-06-12 14:25:00+00:00
[2025-06-12T14:25:44.751+0000] {processor.py:183} INFO - Processing /home/airflow/.local/lib/python3.12/site-packages/airflow/example_dags/example_branch_python_dop_operator_3.py took 0.049 seconds
[2025-06-12T14:26:15.648+0000] {processor.py:161} INFO - Started process (PID=1140) to work on /home/airflow/.local/lib/python3.12/site-packages/airflow/example_dags/example_branch_python_dop_operator_3.py
[2025-06-12T14:26:15.648+0000] {processor.py:830} INFO - Processing file /home/airflow/.local/lib/python3.12/site-packages/airflow/example_dags/example_branch_python_dop_operator_3.py for tasks to queue
[2025-06-12T14:26:15.649+0000] {logging_mixin.py:188} INFO - [2025-06-12T14:26:15.649+0000] {dagbag.py:540} INFO - Filling up the DagBag from /home/airflow/.local/lib/python3.12/site-packages/airflow/example_dags/example_branch_python_dop_operator_3.py
[2025-06-12T14:26:15.653+0000] {processor.py:840} INFO - DAG(s) 'example_branch_dop_operator_v3' retrieved from /home/airflow/.local/lib/python3.12/site-packages/airflow/example_dags/example_branch_python_dop_operator_3.py
[2025-06-12T14:26:15.664+0000] {logging_mixin.py:188} INFO - [2025-06-12T14:26:15.664+0000] {dag.py:3096} INFO - Sync 1 DAGs
[2025-06-12T14:26:15.676+0000] {logging_mixin.py:188} INFO - [2025-06-12T14:26:15.676+0000] {dag.py:3954} INFO - Setting next_dagrun for example_branch_dop_operator_v3 to 2025-06-12 14:25:00+00:00, run_after=2025-06-12 14:26:00+00:00
[2025-06-12T14:26:15.684+0000] {processor.py:183} INFO - Processing /home/airflow/.local/lib/python3.12/site-packages/airflow/example_dags/example_branch_python_dop_operator_3.py took 0.039 seconds
[2025-06-12T14:26:46.668+0000] {processor.py:161} INFO - Started process (PID=1214) to work on /home/airflow/.local/lib/python3.12/site-packages/airflow/example_dags/example_branch_python_dop_operator_3.py
[2025-06-12T14:26:46.668+0000] {processor.py:830} INFO - Processing file /home/airflow/.local/lib/python3.12/site-packages/airflow/example_dags/example_branch_python_dop_operator_3.py for tasks to queue
[2025-06-12T14:26:46.669+0000] {logging_mixin.py:188} INFO - [2025-06-12T14:26:46.669+0000] {dagbag.py:540} INFO - Filling up the DagBag from /home/airflow/.local/lib/python3.12/site-packages/airflow/example_dags/example_branch_python_dop_operator_3.py
[2025-06-12T14:26:46.673+0000] {processor.py:840} INFO - DAG(s) 'example_branch_dop_operator_v3' retrieved from /home/airflow/.local/lib/python3.12/site-packages/airflow/example_dags/example_branch_python_dop_operator_3.py
[2025-06-12T14:26:46.683+0000] {logging_mixin.py:188} INFO - [2025-06-12T14:26:46.683+0000] {dag.py:3096} INFO - Sync 1 DAGs
[2025-06-12T14:26:46.693+0000] {logging_mixin.py:188} INFO - [2025-06-12T14:26:46.693+0000] {dag.py:3954} INFO - Setting next_dagrun for example_branch_dop_operator_v3 to 2025-06-12 14:25:00+00:00, run_after=2025-06-12 14:26:00+00:00
[2025-06-12T14:26:46.699+0000] {processor.py:183} INFO - Processing /home/airflow/.local/lib/python3.12/site-packages/airflow/example_dags/example_branch_python_dop_operator_3.py took 0.033 seconds
[2025-06-12T14:27:16.897+0000] {processor.py:161} INFO - Started process (PID=1281) to work on /home/airflow/.local/lib/python3.12/site-packages/airflow/example_dags/example_branch_python_dop_operator_3.py
[2025-06-12T14:27:16.898+0000] {processor.py:830} INFO - Processing file /home/airflow/.local/lib/python3.12/site-packages/airflow/example_dags/example_branch_python_dop_operator_3.py for tasks to queue
[2025-06-12T14:27:16.899+0000] {logging_mixin.py:188} INFO - [2025-06-12T14:27:16.898+0000] {dagbag.py:540} INFO - Filling up the DagBag from /home/airflow/.local/lib/python3.12/site-packages/airflow/example_dags/example_branch_python_dop_operator_3.py
[2025-06-12T14:27:16.903+0000] {processor.py:840} INFO - DAG(s) 'example_branch_dop_operator_v3' retrieved from /home/airflow/.local/lib/python3.12/site-packages/airflow/example_dags/example_branch_python_dop_operator_3.py
[2025-06-12T14:27:16.916+0000] {logging_mixin.py:188} INFO - [2025-06-12T14:27:16.916+0000] {dag.py:3096} INFO - Sync 1 DAGs
[2025-06-12T14:27:16.926+0000] {logging_mixin.py:188} INFO - [2025-06-12T14:27:16.926+0000] {dag.py:3954} INFO - Setting next_dagrun for example_branch_dop_operator_v3 to 2025-06-12 14:26:00+00:00, run_after=2025-06-12 14:27:00+00:00
[2025-06-12T14:27:16.933+0000] {processor.py:183} INFO - Processing /home/airflow/.local/lib/python3.12/site-packages/airflow/example_dags/example_branch_python_dop_operator_3.py took 0.038 seconds
[2025-06-12T14:27:47.623+0000] {processor.py:161} INFO - Started process (PID=1355) to work on /home/airflow/.local/lib/python3.12/site-packages/airflow/example_dags/example_branch_python_dop_operator_3.py
[2025-06-12T14:27:47.624+0000] {processor.py:830} INFO - Processing file /home/airflow/.local/lib/python3.12/site-packages/airflow/example_dags/example_branch_python_dop_operator_3.py for tasks to queue
[2025-06-12T14:27:47.625+0000] {logging_mixin.py:188} INFO - [2025-06-12T14:27:47.625+0000] {dagbag.py:540} INFO - Filling up the DagBag from /home/airflow/.local/lib/python3.12/site-packages/airflow/example_dags/example_branch_python_dop_operator_3.py
[2025-06-12T14:27:47.628+0000] {processor.py:840} INFO - DAG(s) 'example_branch_dop_operator_v3' retrieved from /home/airflow/.local/lib/python3.12/site-packages/airflow/example_dags/example_branch_python_dop_operator_3.py
[2025-06-12T14:27:47.712+0000] {logging_mixin.py:188} INFO - [2025-06-12T14:27:47.712+0000] {dag.py:3096} INFO - Sync 1 DAGs
[2025-06-12T14:27:47.720+0000] {logging_mixin.py:188} INFO - [2025-06-12T14:27:47.720+0000] {dag.py:3954} INFO - Setting next_dagrun for example_branch_dop_operator_v3 to 2025-06-12 14:26:00+00:00, run_after=2025-06-12 14:27:00+00:00
[2025-06-12T14:27:47.726+0000] {processor.py:183} INFO - Processing /home/airflow/.local/lib/python3.12/site-packages/airflow/example_dags/example_branch_python_dop_operator_3.py took 0.105 seconds
[2025-06-12T14:35:53.219+0000] {processor.py:161} INFO - Started process (PID=73) to work on /home/airflow/.local/lib/python3.12/site-packages/airflow/example_dags/example_branch_python_dop_operator_3.py
[2025-06-12T14:35:53.221+0000] {processor.py:830} INFO - Processing file /home/airflow/.local/lib/python3.12/site-packages/airflow/example_dags/example_branch_python_dop_operator_3.py for tasks to queue
[2025-06-12T14:35:53.223+0000] {logging_mixin.py:188} INFO - [2025-06-12T14:35:53.223+0000] {dagbag.py:540} INFO - Filling up the DagBag from /home/airflow/.local/lib/python3.12/site-packages/airflow/example_dags/example_branch_python_dop_operator_3.py
[2025-06-12T14:35:53.234+0000] {processor.py:840} INFO - DAG(s) 'example_branch_dop_operator_v3' retrieved from /home/airflow/.local/lib/python3.12/site-packages/airflow/example_dags/example_branch_python_dop_operator_3.py
[2025-06-12T14:35:53.262+0000] {logging_mixin.py:188} INFO - [2025-06-12T14:35:53.262+0000] {dag.py:3096} INFO - Sync 1 DAGs
[2025-06-12T14:35:53.305+0000] {logging_mixin.py:188} INFO - [2025-06-12T14:35:53.305+0000] {dag.py:3954} INFO - Setting next_dagrun for example_branch_dop_operator_v3 to 2025-06-12 14:34:00+00:00, run_after=2025-06-12 14:35:00+00:00
[2025-06-12T14:35:53.338+0000] {processor.py:183} INFO - Processing /home/airflow/.local/lib/python3.12/site-packages/airflow/example_dags/example_branch_python_dop_operator_3.py took 0.137 seconds
[2025-06-12T14:36:24.315+0000] {processor.py:161} INFO - Started process (PID=146) to work on /home/airflow/.local/lib/python3.12/site-packages/airflow/example_dags/example_branch_python_dop_operator_3.py
[2025-06-12T14:36:24.316+0000] {processor.py:830} INFO - Processing file /home/airflow/.local/lib/python3.12/site-packages/airflow/example_dags/example_branch_python_dop_operator_3.py for tasks to queue
[2025-06-12T14:36:24.317+0000] {logging_mixin.py:188} INFO - [2025-06-12T14:36:24.316+0000] {dagbag.py:540} INFO - Filling up the DagBag from /home/airflow/.local/lib/python3.12/site-packages/airflow/example_dags/example_branch_python_dop_operator_3.py
[2025-06-12T14:36:24.321+0000] {processor.py:840} INFO - DAG(s) 'example_branch_dop_operator_v3' retrieved from /home/airflow/.local/lib/python3.12/site-packages/airflow/example_dags/example_branch_python_dop_operator_3.py
[2025-06-12T14:36:24.389+0000] {logging_mixin.py:188} INFO - [2025-06-12T14:36:24.389+0000] {dag.py:3096} INFO - Sync 1 DAGs
[2025-06-12T14:36:24.405+0000] {logging_mixin.py:188} INFO - [2025-06-12T14:36:24.405+0000] {dag.py:3954} INFO - Setting next_dagrun for example_branch_dop_operator_v3 to 2025-06-12 14:35:00+00:00, run_after=2025-06-12 14:36:00+00:00
[2025-06-12T14:36:24.414+0000] {processor.py:183} INFO - Processing /home/airflow/.local/lib/python3.12/site-packages/airflow/example_dags/example_branch_python_dop_operator_3.py took 0.101 seconds
[2025-06-12T14:36:55.463+0000] {processor.py:161} INFO - Started process (PID=213) to work on /home/airflow/.local/lib/python3.12/site-packages/airflow/example_dags/example_branch_python_dop_operator_3.py
[2025-06-12T14:36:55.464+0000] {processor.py:830} INFO - Processing file /home/airflow/.local/lib/python3.12/site-packages/airflow/example_dags/example_branch_python_dop_operator_3.py for tasks to queue
[2025-06-12T14:36:55.465+0000] {logging_mixin.py:188} INFO - [2025-06-12T14:36:55.465+0000] {dagbag.py:540} INFO - Filling up the DagBag from /home/airflow/.local/lib/python3.12/site-packages/airflow/example_dags/example_branch_python_dop_operator_3.py
[2025-06-12T14:36:55.470+0000] {processor.py:840} INFO - DAG(s) 'example_branch_dop_operator_v3' retrieved from /home/airflow/.local/lib/python3.12/site-packages/airflow/example_dags/example_branch_python_dop_operator_3.py
[2025-06-12T14:36:55.480+0000] {logging_mixin.py:188} INFO - [2025-06-12T14:36:55.480+0000] {dag.py:3096} INFO - Sync 1 DAGs
[2025-06-12T14:36:55.489+0000] {logging_mixin.py:188} INFO - [2025-06-12T14:36:55.489+0000] {dag.py:3954} INFO - Setting next_dagrun for example_branch_dop_operator_v3 to 2025-06-12 14:35:00+00:00, run_after=2025-06-12 14:36:00+00:00
[2025-06-12T14:36:55.496+0000] {processor.py:183} INFO - Processing /home/airflow/.local/lib/python3.12/site-packages/airflow/example_dags/example_branch_python_dop_operator_3.py took 0.035 seconds
[2025-06-12T14:37:25.956+0000] {processor.py:161} INFO - Started process (PID=287) to work on /home/airflow/.local/lib/python3.12/site-packages/airflow/example_dags/example_branch_python_dop_operator_3.py
[2025-06-12T14:37:25.957+0000] {processor.py:830} INFO - Processing file /home/airflow/.local/lib/python3.12/site-packages/airflow/example_dags/example_branch_python_dop_operator_3.py for tasks to queue
[2025-06-12T14:37:25.958+0000] {logging_mixin.py:188} INFO - [2025-06-12T14:37:25.957+0000] {dagbag.py:540} INFO - Filling up the DagBag from /home/airflow/.local/lib/python3.12/site-packages/airflow/example_dags/example_branch_python_dop_operator_3.py
[2025-06-12T14:37:25.963+0000] {processor.py:840} INFO - DAG(s) 'example_branch_dop_operator_v3' retrieved from /home/airflow/.local/lib/python3.12/site-packages/airflow/example_dags/example_branch_python_dop_operator_3.py
[2025-06-12T14:37:25.985+0000] {logging_mixin.py:188} INFO - [2025-06-12T14:37:25.984+0000] {dag.py:3096} INFO - Sync 1 DAGs
[2025-06-12T14:37:26.000+0000] {logging_mixin.py:188} INFO - [2025-06-12T14:37:26.000+0000] {dag.py:3954} INFO - Setting next_dagrun for example_branch_dop_operator_v3 to 2025-06-12 14:36:00+00:00, run_after=2025-06-12 14:37:00+00:00
[2025-06-12T14:37:26.012+0000] {processor.py:183} INFO - Processing /home/airflow/.local/lib/python3.12/site-packages/airflow/example_dags/example_branch_python_dop_operator_3.py took 0.060 seconds
[2025-06-12T14:37:56.270+0000] {processor.py:161} INFO - Started process (PID=354) to work on /home/airflow/.local/lib/python3.12/site-packages/airflow/example_dags/example_branch_python_dop_operator_3.py
[2025-06-12T14:37:56.272+0000] {processor.py:830} INFO - Processing file /home/airflow/.local/lib/python3.12/site-packages/airflow/example_dags/example_branch_python_dop_operator_3.py for tasks to queue
[2025-06-12T14:37:56.273+0000] {logging_mixin.py:188} INFO - [2025-06-12T14:37:56.273+0000] {dagbag.py:540} INFO - Filling up the DagBag from /home/airflow/.local/lib/python3.12/site-packages/airflow/example_dags/example_branch_python_dop_operator_3.py
[2025-06-12T14:37:56.277+0000] {processor.py:840} INFO - DAG(s) 'example_branch_dop_operator_v3' retrieved from /home/airflow/.local/lib/python3.12/site-packages/airflow/example_dags/example_branch_python_dop_operator_3.py
[2025-06-12T14:37:56.295+0000] {logging_mixin.py:188} INFO - [2025-06-12T14:37:56.295+0000] {dag.py:3096} INFO - Sync 1 DAGs
[2025-06-12T14:37:56.308+0000] {logging_mixin.py:188} INFO - [2025-06-12T14:37:56.308+0000] {dag.py:3954} INFO - Setting next_dagrun for example_branch_dop_operator_v3 to 2025-06-12 14:36:00+00:00, run_after=2025-06-12 14:37:00+00:00
[2025-06-12T14:37:56.321+0000] {processor.py:183} INFO - Processing /home/airflow/.local/lib/python3.12/site-packages/airflow/example_dags/example_branch_python_dop_operator_3.py took 0.054 seconds
[2025-06-12T14:38:26.993+0000] {processor.py:161} INFO - Started process (PID=429) to work on /home/airflow/.local/lib/python3.12/site-packages/airflow/example_dags/example_branch_python_dop_operator_3.py
[2025-06-12T14:38:26.994+0000] {processor.py:830} INFO - Processing file /home/airflow/.local/lib/python3.12/site-packages/airflow/example_dags/example_branch_python_dop_operator_3.py for tasks to queue
[2025-06-12T14:38:26.994+0000] {logging_mixin.py:188} INFO - [2025-06-12T14:38:26.994+0000] {dagbag.py:540} INFO - Filling up the DagBag from /home/airflow/.local/lib/python3.12/site-packages/airflow/example_dags/example_branch_python_dop_operator_3.py
[2025-06-12T14:38:26.999+0000] {processor.py:840} INFO - DAG(s) 'example_branch_dop_operator_v3' retrieved from /home/airflow/.local/lib/python3.12/site-packages/airflow/example_dags/example_branch_python_dop_operator_3.py
[2025-06-12T14:38:27.015+0000] {logging_mixin.py:188} INFO - [2025-06-12T14:38:27.015+0000] {dag.py:3096} INFO - Sync 1 DAGs
[2025-06-12T14:38:27.026+0000] {logging_mixin.py:188} INFO - [2025-06-12T14:38:27.026+0000] {dag.py:3954} INFO - Setting next_dagrun for example_branch_dop_operator_v3 to 2025-06-12 14:37:00+00:00, run_after=2025-06-12 14:38:00+00:00
[2025-06-12T14:38:27.040+0000] {processor.py:183} INFO - Processing /home/airflow/.local/lib/python3.12/site-packages/airflow/example_dags/example_branch_python_dop_operator_3.py took 0.050 seconds
[2025-06-12T14:38:57.989+0000] {processor.py:161} INFO - Started process (PID=503) to work on /home/airflow/.local/lib/python3.12/site-packages/airflow/example_dags/example_branch_python_dop_operator_3.py
[2025-06-12T14:38:57.990+0000] {processor.py:830} INFO - Processing file /home/airflow/.local/lib/python3.12/site-packages/airflow/example_dags/example_branch_python_dop_operator_3.py for tasks to queue
[2025-06-12T14:38:57.990+0000] {logging_mixin.py:188} INFO - [2025-06-12T14:38:57.990+0000] {dagbag.py:540} INFO - Filling up the DagBag from /home/airflow/.local/lib/python3.12/site-packages/airflow/example_dags/example_branch_python_dop_operator_3.py
[2025-06-12T14:38:57.996+0000] {processor.py:840} INFO - DAG(s) 'example_branch_dop_operator_v3' retrieved from /home/airflow/.local/lib/python3.12/site-packages/airflow/example_dags/example_branch_python_dop_operator_3.py
[2025-06-12T14:38:58.007+0000] {logging_mixin.py:188} INFO - [2025-06-12T14:38:58.006+0000] {dag.py:3096} INFO - Sync 1 DAGs
[2025-06-12T14:38:58.017+0000] {logging_mixin.py:188} INFO - [2025-06-12T14:38:58.017+0000] {dag.py:3954} INFO - Setting next_dagrun for example_branch_dop_operator_v3 to 2025-06-12 14:37:00+00:00, run_after=2025-06-12 14:38:00+00:00
[2025-06-12T14:38:58.024+0000] {processor.py:183} INFO - Processing /home/airflow/.local/lib/python3.12/site-packages/airflow/example_dags/example_branch_python_dop_operator_3.py took 0.038 seconds
[2025-06-12T14:39:28.432+0000] {processor.py:161} INFO - Started process (PID=570) to work on /home/airflow/.local/lib/python3.12/site-packages/airflow/example_dags/example_branch_python_dop_operator_3.py
[2025-06-12T14:39:28.432+0000] {processor.py:830} INFO - Processing file /home/airflow/.local/lib/python3.12/site-packages/airflow/example_dags/example_branch_python_dop_operator_3.py for tasks to queue
[2025-06-12T14:39:28.433+0000] {logging_mixin.py:188} INFO - [2025-06-12T14:39:28.433+0000] {dagbag.py:540} INFO - Filling up the DagBag from /home/airflow/.local/lib/python3.12/site-packages/airflow/example_dags/example_branch_python_dop_operator_3.py
[2025-06-12T14:39:28.437+0000] {processor.py:840} INFO - DAG(s) 'example_branch_dop_operator_v3' retrieved from /home/airflow/.local/lib/python3.12/site-packages/airflow/example_dags/example_branch_python_dop_operator_3.py
[2025-06-12T14:39:28.447+0000] {logging_mixin.py:188} INFO - [2025-06-12T14:39:28.447+0000] {dag.py:3096} INFO - Sync 1 DAGs
[2025-06-12T14:39:28.460+0000] {logging_mixin.py:188} INFO - [2025-06-12T14:39:28.460+0000] {dag.py:3954} INFO - Setting next_dagrun for example_branch_dop_operator_v3 to 2025-06-12 14:38:00+00:00, run_after=2025-06-12 14:39:00+00:00
[2025-06-12T14:39:28.473+0000] {processor.py:183} INFO - Processing /home/airflow/.local/lib/python3.12/site-packages/airflow/example_dags/example_branch_python_dop_operator_3.py took 0.044 seconds
[2025-06-12T14:46:32.882+0000] {processor.py:161} INFO - Started process (PID=75) to work on /home/airflow/.local/lib/python3.12/site-packages/airflow/example_dags/example_branch_python_dop_operator_3.py
[2025-06-12T14:46:32.886+0000] {processor.py:830} INFO - Processing file /home/airflow/.local/lib/python3.12/site-packages/airflow/example_dags/example_branch_python_dop_operator_3.py for tasks to queue
[2025-06-12T14:46:32.891+0000] {logging_mixin.py:188} INFO - [2025-06-12T14:46:32.890+0000] {dagbag.py:540} INFO - Filling up the DagBag from /home/airflow/.local/lib/python3.12/site-packages/airflow/example_dags/example_branch_python_dop_operator_3.py
[2025-06-12T14:46:32.920+0000] {processor.py:840} INFO - DAG(s) 'example_branch_dop_operator_v3' retrieved from /home/airflow/.local/lib/python3.12/site-packages/airflow/example_dags/example_branch_python_dop_operator_3.py
[2025-06-12T14:46:32.942+0000] {logging_mixin.py:188} INFO - [2025-06-12T14:46:32.942+0000] {dag.py:3096} INFO - Sync 1 DAGs
[2025-06-12T14:46:32.976+0000] {logging_mixin.py:188} INFO - [2025-06-12T14:46:32.976+0000] {dag.py:3954} INFO - Setting next_dagrun for example_branch_dop_operator_v3 to 2025-06-12 14:45:00+00:00, run_after=2025-06-12 14:46:00+00:00
[2025-06-12T14:46:33.027+0000] {processor.py:183} INFO - Processing /home/airflow/.local/lib/python3.12/site-packages/airflow/example_dags/example_branch_python_dop_operator_3.py took 0.166 seconds
[2025-06-12T14:47:03.848+0000] {processor.py:161} INFO - Started process (PID=142) to work on /home/airflow/.local/lib/python3.12/site-packages/airflow/example_dags/example_branch_python_dop_operator_3.py
[2025-06-12T14:47:03.849+0000] {processor.py:830} INFO - Processing file /home/airflow/.local/lib/python3.12/site-packages/airflow/example_dags/example_branch_python_dop_operator_3.py for tasks to queue
[2025-06-12T14:47:03.849+0000] {logging_mixin.py:188} INFO - [2025-06-12T14:47:03.849+0000] {dagbag.py:540} INFO - Filling up the DagBag from /home/airflow/.local/lib/python3.12/site-packages/airflow/example_dags/example_branch_python_dop_operator_3.py
[2025-06-12T14:47:03.854+0000] {processor.py:840} INFO - DAG(s) 'example_branch_dop_operator_v3' retrieved from /home/airflow/.local/lib/python3.12/site-packages/airflow/example_dags/example_branch_python_dop_operator_3.py
[2025-06-12T14:47:03.899+0000] {logging_mixin.py:188} INFO - [2025-06-12T14:47:03.899+0000] {dag.py:3096} INFO - Sync 1 DAGs
[2025-06-12T14:47:03.908+0000] {logging_mixin.py:188} INFO - [2025-06-12T14:47:03.908+0000] {dag.py:3954} INFO - Setting next_dagrun for example_branch_dop_operator_v3 to 2025-06-12 14:46:00+00:00, run_after=2025-06-12 14:47:00+00:00
[2025-06-12T14:47:03.915+0000] {processor.py:183} INFO - Processing /home/airflow/.local/lib/python3.12/site-packages/airflow/example_dags/example_branch_python_dop_operator_3.py took 0.070 seconds
[2025-06-12T14:47:34.522+0000] {processor.py:161} INFO - Started process (PID=215) to work on /home/airflow/.local/lib/python3.12/site-packages/airflow/example_dags/example_branch_python_dop_operator_3.py
[2025-06-12T14:47:34.522+0000] {processor.py:830} INFO - Processing file /home/airflow/.local/lib/python3.12/site-packages/airflow/example_dags/example_branch_python_dop_operator_3.py for tasks to queue
[2025-06-12T14:47:34.524+0000] {logging_mixin.py:188} INFO - [2025-06-12T14:47:34.523+0000] {dagbag.py:540} INFO - Filling up the DagBag from /home/airflow/.local/lib/python3.12/site-packages/airflow/example_dags/example_branch_python_dop_operator_3.py
[2025-06-12T14:47:34.531+0000] {processor.py:840} INFO - DAG(s) 'example_branch_dop_operator_v3' retrieved from /home/airflow/.local/lib/python3.12/site-packages/airflow/example_dags/example_branch_python_dop_operator_3.py
[2025-06-12T14:47:34.547+0000] {logging_mixin.py:188} INFO - [2025-06-12T14:47:34.547+0000] {dag.py:3096} INFO - Sync 1 DAGs
[2025-06-12T14:47:34.561+0000] {logging_mixin.py:188} INFO - [2025-06-12T14:47:34.561+0000] {dag.py:3954} INFO - Setting next_dagrun for example_branch_dop_operator_v3 to 2025-06-12 14:46:00+00:00, run_after=2025-06-12 14:47:00+00:00
[2025-06-12T14:47:34.570+0000] {processor.py:183} INFO - Processing /home/airflow/.local/lib/python3.12/site-packages/airflow/example_dags/example_branch_python_dop_operator_3.py took 0.054 seconds
[2025-06-12T14:48:05.459+0000] {processor.py:161} INFO - Started process (PID=282) to work on /home/airflow/.local/lib/python3.12/site-packages/airflow/example_dags/example_branch_python_dop_operator_3.py
[2025-06-12T14:48:05.460+0000] {processor.py:830} INFO - Processing file /home/airflow/.local/lib/python3.12/site-packages/airflow/example_dags/example_branch_python_dop_operator_3.py for tasks to queue
[2025-06-12T14:48:05.461+0000] {logging_mixin.py:188} INFO - [2025-06-12T14:48:05.461+0000] {dagbag.py:540} INFO - Filling up the DagBag from /home/airflow/.local/lib/python3.12/site-packages/airflow/example_dags/example_branch_python_dop_operator_3.py
[2025-06-12T14:48:05.465+0000] {processor.py:840} INFO - DAG(s) 'example_branch_dop_operator_v3' retrieved from /home/airflow/.local/lib/python3.12/site-packages/airflow/example_dags/example_branch_python_dop_operator_3.py
[2025-06-12T14:48:05.481+0000] {logging_mixin.py:188} INFO - [2025-06-12T14:48:05.481+0000] {dag.py:3096} INFO - Sync 1 DAGs
[2025-06-12T14:48:05.494+0000] {logging_mixin.py:188} INFO - [2025-06-12T14:48:05.494+0000] {dag.py:3954} INFO - Setting next_dagrun for example_branch_dop_operator_v3 to 2025-06-12 14:47:00+00:00, run_after=2025-06-12 14:48:00+00:00
[2025-06-12T14:48:05.507+0000] {processor.py:183} INFO - Processing /home/airflow/.local/lib/python3.12/site-packages/airflow/example_dags/example_branch_python_dop_operator_3.py took 0.050 seconds
[2025-06-12T15:07:51.869+0000] {processor.py:161} INFO - Started process (PID=75) to work on /home/airflow/.local/lib/python3.12/site-packages/airflow/example_dags/example_branch_python_dop_operator_3.py
[2025-06-12T15:07:51.871+0000] {processor.py:830} INFO - Processing file /home/airflow/.local/lib/python3.12/site-packages/airflow/example_dags/example_branch_python_dop_operator_3.py for tasks to queue
[2025-06-12T15:07:51.879+0000] {logging_mixin.py:188} INFO - [2025-06-12T15:07:51.877+0000] {dagbag.py:540} INFO - Filling up the DagBag from /home/airflow/.local/lib/python3.12/site-packages/airflow/example_dags/example_branch_python_dop_operator_3.py
[2025-06-12T15:07:51.921+0000] {processor.py:840} INFO - DAG(s) 'example_branch_dop_operator_v3' retrieved from /home/airflow/.local/lib/python3.12/site-packages/airflow/example_dags/example_branch_python_dop_operator_3.py
[2025-06-12T15:07:51.949+0000] {logging_mixin.py:188} INFO - [2025-06-12T15:07:51.948+0000] {dag.py:3096} INFO - Sync 1 DAGs
[2025-06-12T15:07:51.987+0000] {logging_mixin.py:188} INFO - [2025-06-12T15:07:51.987+0000] {dag.py:3954} INFO - Setting next_dagrun for example_branch_dop_operator_v3 to 2025-06-12 15:06:00+00:00, run_after=2025-06-12 15:07:00+00:00
[2025-06-12T15:07:52.014+0000] {processor.py:183} INFO - Processing /home/airflow/.local/lib/python3.12/site-packages/airflow/example_dags/example_branch_python_dop_operator_3.py took 0.163 seconds
[2025-06-12T15:08:22.201+0000] {processor.py:161} INFO - Started process (PID=142) to work on /home/airflow/.local/lib/python3.12/site-packages/airflow/example_dags/example_branch_python_dop_operator_3.py
[2025-06-12T15:08:22.201+0000] {processor.py:830} INFO - Processing file /home/airflow/.local/lib/python3.12/site-packages/airflow/example_dags/example_branch_python_dop_operator_3.py for tasks to queue
[2025-06-12T15:08:22.202+0000] {logging_mixin.py:188} INFO - [2025-06-12T15:08:22.202+0000] {dagbag.py:540} INFO - Filling up the DagBag from /home/airflow/.local/lib/python3.12/site-packages/airflow/example_dags/example_branch_python_dop_operator_3.py
[2025-06-12T15:08:22.206+0000] {processor.py:840} INFO - DAG(s) 'example_branch_dop_operator_v3' retrieved from /home/airflow/.local/lib/python3.12/site-packages/airflow/example_dags/example_branch_python_dop_operator_3.py
[2025-06-12T15:08:22.254+0000] {logging_mixin.py:188} INFO - [2025-06-12T15:08:22.254+0000] {dag.py:3096} INFO - Sync 1 DAGs
[2025-06-12T15:08:22.270+0000] {logging_mixin.py:188} INFO - [2025-06-12T15:08:22.270+0000] {dag.py:3954} INFO - Setting next_dagrun for example_branch_dop_operator_v3 to 2025-06-12 15:07:00+00:00, run_after=2025-06-12 15:08:00+00:00
[2025-06-12T15:08:22.283+0000] {processor.py:183} INFO - Processing /home/airflow/.local/lib/python3.12/site-packages/airflow/example_dags/example_branch_python_dop_operator_3.py took 0.085 seconds
[2025-06-12T15:08:53.200+0000] {processor.py:161} INFO - Started process (PID=216) to work on /home/airflow/.local/lib/python3.12/site-packages/airflow/example_dags/example_branch_python_dop_operator_3.py
[2025-06-12T15:08:53.201+0000] {processor.py:830} INFO - Processing file /home/airflow/.local/lib/python3.12/site-packages/airflow/example_dags/example_branch_python_dop_operator_3.py for tasks to queue
[2025-06-12T15:08:53.204+0000] {logging_mixin.py:188} INFO - [2025-06-12T15:08:53.203+0000] {dagbag.py:540} INFO - Filling up the DagBag from /home/airflow/.local/lib/python3.12/site-packages/airflow/example_dags/example_branch_python_dop_operator_3.py
[2025-06-12T15:08:53.210+0000] {processor.py:840} INFO - DAG(s) 'example_branch_dop_operator_v3' retrieved from /home/airflow/.local/lib/python3.12/site-packages/airflow/example_dags/example_branch_python_dop_operator_3.py
[2025-06-12T15:08:53.222+0000] {logging_mixin.py:188} INFO - [2025-06-12T15:08:53.222+0000] {dag.py:3096} INFO - Sync 1 DAGs
[2025-06-12T15:08:53.232+0000] {logging_mixin.py:188} INFO - [2025-06-12T15:08:53.232+0000] {dag.py:3954} INFO - Setting next_dagrun for example_branch_dop_operator_v3 to 2025-06-12 15:07:00+00:00, run_after=2025-06-12 15:08:00+00:00
[2025-06-12T15:08:53.239+0000] {processor.py:183} INFO - Processing /home/airflow/.local/lib/python3.12/site-packages/airflow/example_dags/example_branch_python_dop_operator_3.py took 0.044 seconds
[2025-06-12T15:09:23.364+0000] {processor.py:161} INFO - Started process (PID=283) to work on /home/airflow/.local/lib/python3.12/site-packages/airflow/example_dags/example_branch_python_dop_operator_3.py
[2025-06-12T15:09:23.365+0000] {processor.py:830} INFO - Processing file /home/airflow/.local/lib/python3.12/site-packages/airflow/example_dags/example_branch_python_dop_operator_3.py for tasks to queue
[2025-06-12T15:09:23.366+0000] {logging_mixin.py:188} INFO - [2025-06-12T15:09:23.365+0000] {dagbag.py:540} INFO - Filling up the DagBag from /home/airflow/.local/lib/python3.12/site-packages/airflow/example_dags/example_branch_python_dop_operator_3.py
[2025-06-12T15:09:23.370+0000] {processor.py:840} INFO - DAG(s) 'example_branch_dop_operator_v3' retrieved from /home/airflow/.local/lib/python3.12/site-packages/airflow/example_dags/example_branch_python_dop_operator_3.py
[2025-06-12T15:09:23.387+0000] {logging_mixin.py:188} INFO - [2025-06-12T15:09:23.386+0000] {dag.py:3096} INFO - Sync 1 DAGs
[2025-06-12T15:09:23.397+0000] {logging_mixin.py:188} INFO - [2025-06-12T15:09:23.397+0000] {dag.py:3954} INFO - Setting next_dagrun for example_branch_dop_operator_v3 to 2025-06-12 15:08:00+00:00, run_after=2025-06-12 15:09:00+00:00
[2025-06-12T15:09:23.410+0000] {processor.py:183} INFO - Processing /home/airflow/.local/lib/python3.12/site-packages/airflow/example_dags/example_branch_python_dop_operator_3.py took 0.050 seconds
[2025-06-12T15:09:53.869+0000] {processor.py:161} INFO - Started process (PID=357) to work on /home/airflow/.local/lib/python3.12/site-packages/airflow/example_dags/example_branch_python_dop_operator_3.py
[2025-06-12T15:09:53.872+0000] {processor.py:830} INFO - Processing file /home/airflow/.local/lib/python3.12/site-packages/airflow/example_dags/example_branch_python_dop_operator_3.py for tasks to queue
[2025-06-12T15:09:53.874+0000] {logging_mixin.py:188} INFO - [2025-06-12T15:09:53.874+0000] {dagbag.py:540} INFO - Filling up the DagBag from /home/airflow/.local/lib/python3.12/site-packages/airflow/example_dags/example_branch_python_dop_operator_3.py
[2025-06-12T15:09:53.877+0000] {processor.py:840} INFO - DAG(s) 'example_branch_dop_operator_v3' retrieved from /home/airflow/.local/lib/python3.12/site-packages/airflow/example_dags/example_branch_python_dop_operator_3.py
[2025-06-12T15:09:53.891+0000] {logging_mixin.py:188} INFO - [2025-06-12T15:09:53.891+0000] {dag.py:3096} INFO - Sync 1 DAGs
[2025-06-12T15:09:53.900+0000] {logging_mixin.py:188} INFO - [2025-06-12T15:09:53.900+0000] {dag.py:3954} INFO - Setting next_dagrun for example_branch_dop_operator_v3 to 2025-06-12 15:08:00+00:00, run_after=2025-06-12 15:09:00+00:00
[2025-06-12T15:09:53.912+0000] {processor.py:183} INFO - Processing /home/airflow/.local/lib/python3.12/site-packages/airflow/example_dags/example_branch_python_dop_operator_3.py took 0.046 seconds
[2025-06-12T15:10:24.155+0000] {processor.py:161} INFO - Started process (PID=431) to work on /home/airflow/.local/lib/python3.12/site-packages/airflow/example_dags/example_branch_python_dop_operator_3.py
[2025-06-12T15:10:24.156+0000] {processor.py:830} INFO - Processing file /home/airflow/.local/lib/python3.12/site-packages/airflow/example_dags/example_branch_python_dop_operator_3.py for tasks to queue
[2025-06-12T15:10:24.158+0000] {logging_mixin.py:188} INFO - [2025-06-12T15:10:24.157+0000] {dagbag.py:540} INFO - Filling up the DagBag from /home/airflow/.local/lib/python3.12/site-packages/airflow/example_dags/example_branch_python_dop_operator_3.py
[2025-06-12T15:10:24.164+0000] {processor.py:840} INFO - DAG(s) 'example_branch_dop_operator_v3' retrieved from /home/airflow/.local/lib/python3.12/site-packages/airflow/example_dags/example_branch_python_dop_operator_3.py
[2025-06-12T15:10:24.187+0000] {logging_mixin.py:188} INFO - [2025-06-12T15:10:24.187+0000] {dag.py:3096} INFO - Sync 1 DAGs
[2025-06-12T15:10:24.205+0000] {logging_mixin.py:188} INFO - [2025-06-12T15:10:24.205+0000] {dag.py:3954} INFO - Setting next_dagrun for example_branch_dop_operator_v3 to 2025-06-12 15:09:00+00:00, run_after=2025-06-12 15:10:00+00:00
[2025-06-12T15:10:24.221+0000] {processor.py:183} INFO - Processing /home/airflow/.local/lib/python3.12/site-packages/airflow/example_dags/example_branch_python_dop_operator_3.py took 0.069 seconds
[2025-06-12T15:10:55.179+0000] {processor.py:161} INFO - Started process (PID=498) to work on /home/airflow/.local/lib/python3.12/site-packages/airflow/example_dags/example_branch_python_dop_operator_3.py
[2025-06-12T15:10:55.180+0000] {processor.py:830} INFO - Processing file /home/airflow/.local/lib/python3.12/site-packages/airflow/example_dags/example_branch_python_dop_operator_3.py for tasks to queue
[2025-06-12T15:10:55.182+0000] {logging_mixin.py:188} INFO - [2025-06-12T15:10:55.181+0000] {dagbag.py:540} INFO - Filling up the DagBag from /home/airflow/.local/lib/python3.12/site-packages/airflow/example_dags/example_branch_python_dop_operator_3.py
[2025-06-12T15:10:55.187+0000] {processor.py:840} INFO - DAG(s) 'example_branch_dop_operator_v3' retrieved from /home/airflow/.local/lib/python3.12/site-packages/airflow/example_dags/example_branch_python_dop_operator_3.py
[2025-06-12T15:10:55.198+0000] {logging_mixin.py:188} INFO - [2025-06-12T15:10:55.197+0000] {dag.py:3096} INFO - Sync 1 DAGs
[2025-06-12T15:10:55.207+0000] {logging_mixin.py:188} INFO - [2025-06-12T15:10:55.207+0000] {dag.py:3954} INFO - Setting next_dagrun for example_branch_dop_operator_v3 to 2025-06-12 15:09:00+00:00, run_after=2025-06-12 15:10:00+00:00
[2025-06-12T15:10:55.213+0000] {processor.py:183} INFO - Processing /home/airflow/.local/lib/python3.12/site-packages/airflow/example_dags/example_branch_python_dop_operator_3.py took 0.038 seconds
[2025-06-12T15:11:25.625+0000] {processor.py:161} INFO - Started process (PID=571) to work on /home/airflow/.local/lib/python3.12/site-packages/airflow/example_dags/example_branch_python_dop_operator_3.py
[2025-06-12T15:11:25.626+0000] {processor.py:830} INFO - Processing file /home/airflow/.local/lib/python3.12/site-packages/airflow/example_dags/example_branch_python_dop_operator_3.py for tasks to queue
[2025-06-12T15:11:25.627+0000] {logging_mixin.py:188} INFO - [2025-06-12T15:11:25.627+0000] {dagbag.py:540} INFO - Filling up the DagBag from /home/airflow/.local/lib/python3.12/site-packages/airflow/example_dags/example_branch_python_dop_operator_3.py
[2025-06-12T15:11:25.631+0000] {processor.py:840} INFO - DAG(s) 'example_branch_dop_operator_v3' retrieved from /home/airflow/.local/lib/python3.12/site-packages/airflow/example_dags/example_branch_python_dop_operator_3.py
[2025-06-12T15:11:25.644+0000] {logging_mixin.py:188} INFO - [2025-06-12T15:11:25.644+0000] {dag.py:3096} INFO - Sync 1 DAGs
[2025-06-12T15:11:25.655+0000] {logging_mixin.py:188} INFO - [2025-06-12T15:11:25.655+0000] {dag.py:3954} INFO - Setting next_dagrun for example_branch_dop_operator_v3 to 2025-06-12 15:10:00+00:00, run_after=2025-06-12 15:11:00+00:00
[2025-06-12T15:11:25.665+0000] {processor.py:183} INFO - Processing /home/airflow/.local/lib/python3.12/site-packages/airflow/example_dags/example_branch_python_dop_operator_3.py took 0.043 seconds
[2025-06-12T15:11:55.795+0000] {processor.py:161} INFO - Started process (PID=643) to work on /home/airflow/.local/lib/python3.12/site-packages/airflow/example_dags/example_branch_python_dop_operator_3.py
[2025-06-12T15:11:55.797+0000] {processor.py:830} INFO - Processing file /home/airflow/.local/lib/python3.12/site-packages/airflow/example_dags/example_branch_python_dop_operator_3.py for tasks to queue
[2025-06-12T15:11:55.799+0000] {logging_mixin.py:188} INFO - [2025-06-12T15:11:55.798+0000] {dagbag.py:540} INFO - Filling up the DagBag from /home/airflow/.local/lib/python3.12/site-packages/airflow/example_dags/example_branch_python_dop_operator_3.py
[2025-06-12T15:11:55.808+0000] {processor.py:840} INFO - DAG(s) 'example_branch_dop_operator_v3' retrieved from /home/airflow/.local/lib/python3.12/site-packages/airflow/example_dags/example_branch_python_dop_operator_3.py
[2025-06-12T15:11:55.831+0000] {logging_mixin.py:188} INFO - [2025-06-12T15:11:55.831+0000] {dag.py:3096} INFO - Sync 1 DAGs
[2025-06-12T15:11:55.852+0000] {logging_mixin.py:188} INFO - [2025-06-12T15:11:55.852+0000] {dag.py:3954} INFO - Setting next_dagrun for example_branch_dop_operator_v3 to 2025-06-12 15:10:00+00:00, run_after=2025-06-12 15:11:00+00:00
[2025-06-12T15:11:55.871+0000] {processor.py:183} INFO - Processing /home/airflow/.local/lib/python3.12/site-packages/airflow/example_dags/example_branch_python_dop_operator_3.py took 0.082 seconds
[2025-06-12T15:12:25.981+0000] {processor.py:161} INFO - Started process (PID=710) to work on /home/airflow/.local/lib/python3.12/site-packages/airflow/example_dags/example_branch_python_dop_operator_3.py
[2025-06-12T15:12:25.981+0000] {processor.py:830} INFO - Processing file /home/airflow/.local/lib/python3.12/site-packages/airflow/example_dags/example_branch_python_dop_operator_3.py for tasks to queue
[2025-06-12T15:12:25.982+0000] {logging_mixin.py:188} INFO - [2025-06-12T15:12:25.982+0000] {dagbag.py:540} INFO - Filling up the DagBag from /home/airflow/.local/lib/python3.12/site-packages/airflow/example_dags/example_branch_python_dop_operator_3.py
[2025-06-12T15:12:25.986+0000] {processor.py:840} INFO - DAG(s) 'example_branch_dop_operator_v3' retrieved from /home/airflow/.local/lib/python3.12/site-packages/airflow/example_dags/example_branch_python_dop_operator_3.py
[2025-06-12T15:12:25.995+0000] {logging_mixin.py:188} INFO - [2025-06-12T15:12:25.995+0000] {dag.py:3096} INFO - Sync 1 DAGs
[2025-06-12T15:12:26.004+0000] {logging_mixin.py:188} INFO - [2025-06-12T15:12:26.004+0000] {dag.py:3954} INFO - Setting next_dagrun for example_branch_dop_operator_v3 to 2025-06-12 15:11:00+00:00, run_after=2025-06-12 15:12:00+00:00
[2025-06-12T15:12:26.013+0000] {processor.py:183} INFO - Processing /home/airflow/.local/lib/python3.12/site-packages/airflow/example_dags/example_branch_python_dop_operator_3.py took 0.035 seconds
[2025-06-12T15:12:56.233+0000] {processor.py:161} INFO - Started process (PID=784) to work on /home/airflow/.local/lib/python3.12/site-packages/airflow/example_dags/example_branch_python_dop_operator_3.py
[2025-06-12T15:12:56.234+0000] {processor.py:830} INFO - Processing file /home/airflow/.local/lib/python3.12/site-packages/airflow/example_dags/example_branch_python_dop_operator_3.py for tasks to queue
[2025-06-12T15:12:56.235+0000] {logging_mixin.py:188} INFO - [2025-06-12T15:12:56.234+0000] {dagbag.py:540} INFO - Filling up the DagBag from /home/airflow/.local/lib/python3.12/site-packages/airflow/example_dags/example_branch_python_dop_operator_3.py
[2025-06-12T15:12:56.238+0000] {processor.py:840} INFO - DAG(s) 'example_branch_dop_operator_v3' retrieved from /home/airflow/.local/lib/python3.12/site-packages/airflow/example_dags/example_branch_python_dop_operator_3.py
[2025-06-12T15:12:56.249+0000] {logging_mixin.py:188} INFO - [2025-06-12T15:12:56.249+0000] {dag.py:3096} INFO - Sync 1 DAGs
[2025-06-12T15:12:56.259+0000] {logging_mixin.py:188} INFO - [2025-06-12T15:12:56.259+0000] {dag.py:3954} INFO - Setting next_dagrun for example_branch_dop_operator_v3 to 2025-06-12 15:11:00+00:00, run_after=2025-06-12 15:12:00+00:00
[2025-06-12T15:12:56.268+0000] {processor.py:183} INFO - Processing /home/airflow/.local/lib/python3.12/site-packages/airflow/example_dags/example_branch_python_dop_operator_3.py took 0.037 seconds
[2025-06-12T15:13:27.060+0000] {processor.py:161} INFO - Started process (PID=851) to work on /home/airflow/.local/lib/python3.12/site-packages/airflow/example_dags/example_branch_python_dop_operator_3.py
[2025-06-12T15:13:27.060+0000] {processor.py:830} INFO - Processing file /home/airflow/.local/lib/python3.12/site-packages/airflow/example_dags/example_branch_python_dop_operator_3.py for tasks to queue
[2025-06-12T15:13:27.061+0000] {logging_mixin.py:188} INFO - [2025-06-12T15:13:27.061+0000] {dagbag.py:540} INFO - Filling up the DagBag from /home/airflow/.local/lib/python3.12/site-packages/airflow/example_dags/example_branch_python_dop_operator_3.py
[2025-06-12T15:13:27.064+0000] {processor.py:840} INFO - DAG(s) 'example_branch_dop_operator_v3' retrieved from /home/airflow/.local/lib/python3.12/site-packages/airflow/example_dags/example_branch_python_dop_operator_3.py
[2025-06-12T15:13:27.074+0000] {logging_mixin.py:188} INFO - [2025-06-12T15:13:27.074+0000] {dag.py:3096} INFO - Sync 1 DAGs
[2025-06-12T15:13:27.083+0000] {logging_mixin.py:188} INFO - [2025-06-12T15:13:27.083+0000] {dag.py:3954} INFO - Setting next_dagrun for example_branch_dop_operator_v3 to 2025-06-12 15:12:00+00:00, run_after=2025-06-12 15:13:00+00:00
[2025-06-12T15:13:27.090+0000] {processor.py:183} INFO - Processing /home/airflow/.local/lib/python3.12/site-packages/airflow/example_dags/example_branch_python_dop_operator_3.py took 0.033 seconds
[2025-06-12T15:13:57.395+0000] {processor.py:161} INFO - Started process (PID=925) to work on /home/airflow/.local/lib/python3.12/site-packages/airflow/example_dags/example_branch_python_dop_operator_3.py
[2025-06-12T15:13:57.395+0000] {processor.py:830} INFO - Processing file /home/airflow/.local/lib/python3.12/site-packages/airflow/example_dags/example_branch_python_dop_operator_3.py for tasks to queue
[2025-06-12T15:13:57.396+0000] {logging_mixin.py:188} INFO - [2025-06-12T15:13:57.396+0000] {dagbag.py:540} INFO - Filling up the DagBag from /home/airflow/.local/lib/python3.12/site-packages/airflow/example_dags/example_branch_python_dop_operator_3.py
[2025-06-12T15:13:57.399+0000] {processor.py:840} INFO - DAG(s) 'example_branch_dop_operator_v3' retrieved from /home/airflow/.local/lib/python3.12/site-packages/airflow/example_dags/example_branch_python_dop_operator_3.py
[2025-06-12T15:13:57.409+0000] {logging_mixin.py:188} INFO - [2025-06-12T15:13:57.409+0000] {dag.py:3096} INFO - Sync 1 DAGs
[2025-06-12T15:13:57.418+0000] {logging_mixin.py:188} INFO - [2025-06-12T15:13:57.418+0000] {dag.py:3954} INFO - Setting next_dagrun for example_branch_dop_operator_v3 to 2025-06-12 15:12:00+00:00, run_after=2025-06-12 15:13:00+00:00
[2025-06-12T15:13:57.425+0000] {processor.py:183} INFO - Processing /home/airflow/.local/lib/python3.12/site-packages/airflow/example_dags/example_branch_python_dop_operator_3.py took 0.033 seconds
[2025-06-12T15:14:27.918+0000] {processor.py:161} INFO - Started process (PID=1000) to work on /home/airflow/.local/lib/python3.12/site-packages/airflow/example_dags/example_branch_python_dop_operator_3.py
[2025-06-12T15:14:27.919+0000] {processor.py:830} INFO - Processing file /home/airflow/.local/lib/python3.12/site-packages/airflow/example_dags/example_branch_python_dop_operator_3.py for tasks to queue
[2025-06-12T15:14:27.919+0000] {logging_mixin.py:188} INFO - [2025-06-12T15:14:27.919+0000] {dagbag.py:540} INFO - Filling up the DagBag from /home/airflow/.local/lib/python3.12/site-packages/airflow/example_dags/example_branch_python_dop_operator_3.py
[2025-06-12T15:14:27.923+0000] {processor.py:840} INFO - DAG(s) 'example_branch_dop_operator_v3' retrieved from /home/airflow/.local/lib/python3.12/site-packages/airflow/example_dags/example_branch_python_dop_operator_3.py
[2025-06-12T15:14:27.935+0000] {logging_mixin.py:188} INFO - [2025-06-12T15:14:27.935+0000] {dag.py:3096} INFO - Sync 1 DAGs
[2025-06-12T15:14:27.945+0000] {logging_mixin.py:188} INFO - [2025-06-12T15:14:27.945+0000] {dag.py:3954} INFO - Setting next_dagrun for example_branch_dop_operator_v3 to 2025-06-12 15:13:00+00:00, run_after=2025-06-12 15:14:00+00:00
[2025-06-12T15:14:27.957+0000] {processor.py:183} INFO - Processing /home/airflow/.local/lib/python3.12/site-packages/airflow/example_dags/example_branch_python_dop_operator_3.py took 0.042 seconds
[2025-06-12T15:14:58.381+0000] {processor.py:161} INFO - Started process (PID=1067) to work on /home/airflow/.local/lib/python3.12/site-packages/airflow/example_dags/example_branch_python_dop_operator_3.py
[2025-06-12T15:14:58.382+0000] {processor.py:830} INFO - Processing file /home/airflow/.local/lib/python3.12/site-packages/airflow/example_dags/example_branch_python_dop_operator_3.py for tasks to queue
[2025-06-12T15:14:58.383+0000] {logging_mixin.py:188} INFO - [2025-06-12T15:14:58.383+0000] {dagbag.py:540} INFO - Filling up the DagBag from /home/airflow/.local/lib/python3.12/site-packages/airflow/example_dags/example_branch_python_dop_operator_3.py
[2025-06-12T15:14:58.387+0000] {processor.py:840} INFO - DAG(s) 'example_branch_dop_operator_v3' retrieved from /home/airflow/.local/lib/python3.12/site-packages/airflow/example_dags/example_branch_python_dop_operator_3.py
[2025-06-12T15:14:58.397+0000] {logging_mixin.py:188} INFO - [2025-06-12T15:14:58.397+0000] {dag.py:3096} INFO - Sync 1 DAGs
[2025-06-12T15:14:58.407+0000] {logging_mixin.py:188} INFO - [2025-06-12T15:14:58.407+0000] {dag.py:3954} INFO - Setting next_dagrun for example_branch_dop_operator_v3 to 2025-06-12 15:13:00+00:00, run_after=2025-06-12 15:14:00+00:00
[2025-06-12T15:14:58.414+0000] {processor.py:183} INFO - Processing /home/airflow/.local/lib/python3.12/site-packages/airflow/example_dags/example_branch_python_dop_operator_3.py took 0.036 seconds
[2025-06-12T15:15:28.936+0000] {processor.py:161} INFO - Started process (PID=1141) to work on /home/airflow/.local/lib/python3.12/site-packages/airflow/example_dags/example_branch_python_dop_operator_3.py
[2025-06-12T15:15:28.937+0000] {processor.py:830} INFO - Processing file /home/airflow/.local/lib/python3.12/site-packages/airflow/example_dags/example_branch_python_dop_operator_3.py for tasks to queue
[2025-06-12T15:15:28.937+0000] {logging_mixin.py:188} INFO - [2025-06-12T15:15:28.937+0000] {dagbag.py:540} INFO - Filling up the DagBag from /home/airflow/.local/lib/python3.12/site-packages/airflow/example_dags/example_branch_python_dop_operator_3.py
[2025-06-12T15:15:28.940+0000] {processor.py:840} INFO - DAG(s) 'example_branch_dop_operator_v3' retrieved from /home/airflow/.local/lib/python3.12/site-packages/airflow/example_dags/example_branch_python_dop_operator_3.py
[2025-06-12T15:15:28.950+0000] {logging_mixin.py:188} INFO - [2025-06-12T15:15:28.950+0000] {dag.py:3096} INFO - Sync 1 DAGs
[2025-06-12T15:15:29.034+0000] {logging_mixin.py:188} INFO - [2025-06-12T15:15:29.034+0000] {dag.py:3954} INFO - Setting next_dagrun for example_branch_dop_operator_v3 to 2025-06-12 15:14:00+00:00, run_after=2025-06-12 15:15:00+00:00
[2025-06-12T15:15:29.041+0000] {processor.py:183} INFO - Processing /home/airflow/.local/lib/python3.12/site-packages/airflow/example_dags/example_branch_python_dop_operator_3.py took 0.107 seconds
[2025-06-12T15:15:59.438+0000] {processor.py:161} INFO - Started process (PID=1215) to work on /home/airflow/.local/lib/python3.12/site-packages/airflow/example_dags/example_branch_python_dop_operator_3.py
[2025-06-12T15:15:59.439+0000] {processor.py:830} INFO - Processing file /home/airflow/.local/lib/python3.12/site-packages/airflow/example_dags/example_branch_python_dop_operator_3.py for tasks to queue
[2025-06-12T15:15:59.440+0000] {logging_mixin.py:188} INFO - [2025-06-12T15:15:59.440+0000] {dagbag.py:540} INFO - Filling up the DagBag from /home/airflow/.local/lib/python3.12/site-packages/airflow/example_dags/example_branch_python_dop_operator_3.py
[2025-06-12T15:15:59.446+0000] {processor.py:840} INFO - DAG(s) 'example_branch_dop_operator_v3' retrieved from /home/airflow/.local/lib/python3.12/site-packages/airflow/example_dags/example_branch_python_dop_operator_3.py
[2025-06-12T15:15:59.464+0000] {logging_mixin.py:188} INFO - [2025-06-12T15:15:59.464+0000] {dag.py:3096} INFO - Sync 1 DAGs
[2025-06-12T15:15:59.476+0000] {logging_mixin.py:188} INFO - [2025-06-12T15:15:59.476+0000] {dag.py:3954} INFO - Setting next_dagrun for example_branch_dop_operator_v3 to 2025-06-12 15:14:00+00:00, run_after=2025-06-12 15:15:00+00:00
[2025-06-12T15:15:59.486+0000] {processor.py:183} INFO - Processing /home/airflow/.local/lib/python3.12/site-packages/airflow/example_dags/example_branch_python_dop_operator_3.py took 0.053 seconds
[2025-06-12T15:16:30.249+0000] {processor.py:161} INFO - Started process (PID=1282) to work on /home/airflow/.local/lib/python3.12/site-packages/airflow/example_dags/example_branch_python_dop_operator_3.py
[2025-06-12T15:16:30.250+0000] {processor.py:830} INFO - Processing file /home/airflow/.local/lib/python3.12/site-packages/airflow/example_dags/example_branch_python_dop_operator_3.py for tasks to queue
[2025-06-12T15:16:30.251+0000] {logging_mixin.py:188} INFO - [2025-06-12T15:16:30.251+0000] {dagbag.py:540} INFO - Filling up the DagBag from /home/airflow/.local/lib/python3.12/site-packages/airflow/example_dags/example_branch_python_dop_operator_3.py
[2025-06-12T15:16:30.256+0000] {processor.py:840} INFO - DAG(s) 'example_branch_dop_operator_v3' retrieved from /home/airflow/.local/lib/python3.12/site-packages/airflow/example_dags/example_branch_python_dop_operator_3.py
[2025-06-12T15:16:30.272+0000] {logging_mixin.py:188} INFO - [2025-06-12T15:16:30.272+0000] {dag.py:3096} INFO - Sync 1 DAGs
[2025-06-12T15:16:30.285+0000] {logging_mixin.py:188} INFO - [2025-06-12T15:16:30.285+0000] {dag.py:3954} INFO - Setting next_dagrun for example_branch_dop_operator_v3 to 2025-06-12 15:15:00+00:00, run_after=2025-06-12 15:16:00+00:00
[2025-06-12T15:16:30.301+0000] {processor.py:183} INFO - Processing /home/airflow/.local/lib/python3.12/site-packages/airflow/example_dags/example_branch_python_dop_operator_3.py took 0.055 seconds
[2025-06-12T15:17:01.272+0000] {processor.py:161} INFO - Started process (PID=1356) to work on /home/airflow/.local/lib/python3.12/site-packages/airflow/example_dags/example_branch_python_dop_operator_3.py
[2025-06-12T15:17:01.273+0000] {processor.py:830} INFO - Processing file /home/airflow/.local/lib/python3.12/site-packages/airflow/example_dags/example_branch_python_dop_operator_3.py for tasks to queue
[2025-06-12T15:17:01.275+0000] {logging_mixin.py:188} INFO - [2025-06-12T15:17:01.274+0000] {dagbag.py:540} INFO - Filling up the DagBag from /home/airflow/.local/lib/python3.12/site-packages/airflow/example_dags/example_branch_python_dop_operator_3.py
[2025-06-12T15:17:01.279+0000] {processor.py:840} INFO - DAG(s) 'example_branch_dop_operator_v3' retrieved from /home/airflow/.local/lib/python3.12/site-packages/airflow/example_dags/example_branch_python_dop_operator_3.py
[2025-06-12T15:17:01.295+0000] {logging_mixin.py:188} INFO - [2025-06-12T15:17:01.295+0000] {dag.py:3096} INFO - Sync 1 DAGs
[2025-06-12T15:17:01.309+0000] {logging_mixin.py:188} INFO - [2025-06-12T15:17:01.309+0000] {dag.py:3954} INFO - Setting next_dagrun for example_branch_dop_operator_v3 to 2025-06-12 15:16:00+00:00, run_after=2025-06-12 15:17:00+00:00
[2025-06-12T15:17:01.321+0000] {processor.py:183} INFO - Processing /home/airflow/.local/lib/python3.12/site-packages/airflow/example_dags/example_branch_python_dop_operator_3.py took 0.053 seconds
[2025-06-12T15:17:31.528+0000] {processor.py:161} INFO - Started process (PID=1430) to work on /home/airflow/.local/lib/python3.12/site-packages/airflow/example_dags/example_branch_python_dop_operator_3.py
[2025-06-12T15:17:31.528+0000] {processor.py:830} INFO - Processing file /home/airflow/.local/lib/python3.12/site-packages/airflow/example_dags/example_branch_python_dop_operator_3.py for tasks to queue
[2025-06-12T15:17:31.529+0000] {logging_mixin.py:188} INFO - [2025-06-12T15:17:31.529+0000] {dagbag.py:540} INFO - Filling up the DagBag from /home/airflow/.local/lib/python3.12/site-packages/airflow/example_dags/example_branch_python_dop_operator_3.py
[2025-06-12T15:17:31.534+0000] {processor.py:840} INFO - DAG(s) 'example_branch_dop_operator_v3' retrieved from /home/airflow/.local/lib/python3.12/site-packages/airflow/example_dags/example_branch_python_dop_operator_3.py
[2025-06-12T15:17:31.627+0000] {logging_mixin.py:188} INFO - [2025-06-12T15:17:31.627+0000] {dag.py:3096} INFO - Sync 1 DAGs
[2025-06-12T15:17:31.636+0000] {logging_mixin.py:188} INFO - [2025-06-12T15:17:31.636+0000] {dag.py:3954} INFO - Setting next_dagrun for example_branch_dop_operator_v3 to 2025-06-12 15:16:00+00:00, run_after=2025-06-12 15:17:00+00:00
[2025-06-12T15:17:31.642+0000] {processor.py:183} INFO - Processing /home/airflow/.local/lib/python3.12/site-packages/airflow/example_dags/example_branch_python_dop_operator_3.py took 0.118 seconds
[2025-06-12T15:18:02.069+0000] {processor.py:161} INFO - Started process (PID=1497) to work on /home/airflow/.local/lib/python3.12/site-packages/airflow/example_dags/example_branch_python_dop_operator_3.py
[2025-06-12T15:18:02.070+0000] {processor.py:830} INFO - Processing file /home/airflow/.local/lib/python3.12/site-packages/airflow/example_dags/example_branch_python_dop_operator_3.py for tasks to queue
[2025-06-12T15:18:02.070+0000] {logging_mixin.py:188} INFO - [2025-06-12T15:18:02.070+0000] {dagbag.py:540} INFO - Filling up the DagBag from /home/airflow/.local/lib/python3.12/site-packages/airflow/example_dags/example_branch_python_dop_operator_3.py
[2025-06-12T15:18:02.075+0000] {processor.py:840} INFO - DAG(s) 'example_branch_dop_operator_v3' retrieved from /home/airflow/.local/lib/python3.12/site-packages/airflow/example_dags/example_branch_python_dop_operator_3.py
[2025-06-12T15:18:02.089+0000] {logging_mixin.py:188} INFO - [2025-06-12T15:18:02.089+0000] {dag.py:3096} INFO - Sync 1 DAGs
[2025-06-12T15:18:02.098+0000] {logging_mixin.py:188} INFO - [2025-06-12T15:18:02.098+0000] {dag.py:3954} INFO - Setting next_dagrun for example_branch_dop_operator_v3 to 2025-06-12 15:17:00+00:00, run_after=2025-06-12 15:18:00+00:00
[2025-06-12T15:18:02.111+0000] {processor.py:183} INFO - Processing /home/airflow/.local/lib/python3.12/site-packages/airflow/example_dags/example_branch_python_dop_operator_3.py took 0.045 seconds
[2025-06-12T15:18:32.728+0000] {processor.py:161} INFO - Started process (PID=1571) to work on /home/airflow/.local/lib/python3.12/site-packages/airflow/example_dags/example_branch_python_dop_operator_3.py
[2025-06-12T15:18:32.730+0000] {processor.py:830} INFO - Processing file /home/airflow/.local/lib/python3.12/site-packages/airflow/example_dags/example_branch_python_dop_operator_3.py for tasks to queue
[2025-06-12T15:18:32.731+0000] {logging_mixin.py:188} INFO - [2025-06-12T15:18:32.731+0000] {dagbag.py:540} INFO - Filling up the DagBag from /home/airflow/.local/lib/python3.12/site-packages/airflow/example_dags/example_branch_python_dop_operator_3.py
[2025-06-12T15:18:32.735+0000] {processor.py:840} INFO - DAG(s) 'example_branch_dop_operator_v3' retrieved from /home/airflow/.local/lib/python3.12/site-packages/airflow/example_dags/example_branch_python_dop_operator_3.py
[2025-06-12T15:18:32.747+0000] {logging_mixin.py:188} INFO - [2025-06-12T15:18:32.747+0000] {dag.py:3096} INFO - Sync 1 DAGs
[2025-06-12T15:18:32.758+0000] {logging_mixin.py:188} INFO - [2025-06-12T15:18:32.758+0000] {dag.py:3954} INFO - Setting next_dagrun for example_branch_dop_operator_v3 to 2025-06-12 15:17:00+00:00, run_after=2025-06-12 15:18:00+00:00
[2025-06-12T15:18:32.765+0000] {processor.py:183} INFO - Processing /home/airflow/.local/lib/python3.12/site-packages/airflow/example_dags/example_branch_python_dop_operator_3.py took 0.040 seconds
