[2025-06-12T13:58:38.952+0000] {processor.py:161} INFO - Started process (PID=63) to work on /home/airflow/.local/lib/python3.12/site-packages/airflow/example_dags/example_complex.py
[2025-06-12T13:58:38.956+0000] {processor.py:830} INFO - Processing file /home/airflow/.local/lib/python3.12/site-packages/airflow/example_dags/example_complex.py for tasks to queue
[2025-06-12T13:58:38.968+0000] {logging_mixin.py:188} INFO - [2025-06-12T13:58:38.966+0000] {dagbag.py:540} INFO - Filling up the DagBag from /home/airflow/.local/lib/python3.12/site-packages/airflow/example_dags/example_complex.py
[2025-06-12T13:58:39.004+0000] {processor.py:840} INFO - DAG(s) 'example_complex' retrieved from /home/airflow/.local/lib/python3.12/site-packages/airflow/example_dags/example_complex.py
[2025-06-12T13:58:39.088+0000] {logging_mixin.py:188} INFO - [2025-06-12T13:58:39.087+0000] {dag.py:3096} INFO - Sync 1 DAGs
[2025-06-12T13:58:39.182+0000] {logging_mixin.py:188} INFO - [2025-06-12T13:58:39.181+0000] {dag.py:3954} INFO - Setting next_dagrun for example_complex to None, run_after=None
[2025-06-12T13:58:39.262+0000] {processor.py:183} INFO - Processing /home/airflow/.local/lib/python3.12/site-packages/airflow/example_dags/example_complex.py took 0.332 seconds
[2025-06-12T13:59:10.074+0000] {processor.py:161} INFO - Started process (PID=130) to work on /home/airflow/.local/lib/python3.12/site-packages/airflow/example_dags/example_complex.py
[2025-06-12T13:59:10.075+0000] {processor.py:830} INFO - Processing file /home/airflow/.local/lib/python3.12/site-packages/airflow/example_dags/example_complex.py for tasks to queue
[2025-06-12T13:59:10.077+0000] {logging_mixin.py:188} INFO - [2025-06-12T13:59:10.076+0000] {dagbag.py:540} INFO - Filling up the DagBag from /home/airflow/.local/lib/python3.12/site-packages/airflow/example_dags/example_complex.py
[2025-06-12T13:59:10.084+0000] {processor.py:840} INFO - DAG(s) 'example_complex' retrieved from /home/airflow/.local/lib/python3.12/site-packages/airflow/example_dags/example_complex.py
[2025-06-12T13:59:10.149+0000] {logging_mixin.py:188} INFO - [2025-06-12T13:59:10.149+0000] {dag.py:3096} INFO - Sync 1 DAGs
[2025-06-12T13:59:10.153+0000] {logging_mixin.py:188} INFO - [2025-06-12T13:59:10.153+0000] {dag.py:3954} INFO - Setting next_dagrun for example_complex to None, run_after=None
[2025-06-12T13:59:10.166+0000] {processor.py:183} INFO - Processing /home/airflow/.local/lib/python3.12/site-packages/airflow/example_dags/example_complex.py took 0.101 seconds
[2025-06-12T13:59:40.211+0000] {processor.py:161} INFO - Started process (PID=204) to work on /home/airflow/.local/lib/python3.12/site-packages/airflow/example_dags/example_complex.py
[2025-06-12T13:59:40.212+0000] {processor.py:830} INFO - Processing file /home/airflow/.local/lib/python3.12/site-packages/airflow/example_dags/example_complex.py for tasks to queue
[2025-06-12T13:59:40.213+0000] {logging_mixin.py:188} INFO - [2025-06-12T13:59:40.213+0000] {dagbag.py:540} INFO - Filling up the DagBag from /home/airflow/.local/lib/python3.12/site-packages/airflow/example_dags/example_complex.py
[2025-06-12T13:59:40.220+0000] {processor.py:840} INFO - DAG(s) 'example_complex' retrieved from /home/airflow/.local/lib/python3.12/site-packages/airflow/example_dags/example_complex.py
[2025-06-12T13:59:40.242+0000] {logging_mixin.py:188} INFO - [2025-06-12T13:59:40.242+0000] {dag.py:3096} INFO - Sync 1 DAGs
[2025-06-12T13:59:40.248+0000] {logging_mixin.py:188} INFO - [2025-06-12T13:59:40.248+0000] {dag.py:3954} INFO - Setting next_dagrun for example_complex to None, run_after=None
[2025-06-12T13:59:40.261+0000] {processor.py:183} INFO - Processing /home/airflow/.local/lib/python3.12/site-packages/airflow/example_dags/example_complex.py took 0.054 seconds
[2025-06-12T14:00:10.463+0000] {processor.py:161} INFO - Started process (PID=271) to work on /home/airflow/.local/lib/python3.12/site-packages/airflow/example_dags/example_complex.py
[2025-06-12T14:00:10.463+0000] {processor.py:830} INFO - Processing file /home/airflow/.local/lib/python3.12/site-packages/airflow/example_dags/example_complex.py for tasks to queue
[2025-06-12T14:00:10.464+0000] {logging_mixin.py:188} INFO - [2025-06-12T14:00:10.464+0000] {dagbag.py:540} INFO - Filling up the DagBag from /home/airflow/.local/lib/python3.12/site-packages/airflow/example_dags/example_complex.py
[2025-06-12T14:00:10.468+0000] {processor.py:840} INFO - DAG(s) 'example_complex' retrieved from /home/airflow/.local/lib/python3.12/site-packages/airflow/example_dags/example_complex.py
[2025-06-12T14:00:10.483+0000] {logging_mixin.py:188} INFO - [2025-06-12T14:00:10.483+0000] {dag.py:3096} INFO - Sync 1 DAGs
[2025-06-12T14:00:10.488+0000] {logging_mixin.py:188} INFO - [2025-06-12T14:00:10.488+0000] {dag.py:3954} INFO - Setting next_dagrun for example_complex to None, run_after=None
[2025-06-12T14:00:10.495+0000] {processor.py:183} INFO - Processing /home/airflow/.local/lib/python3.12/site-packages/airflow/example_dags/example_complex.py took 0.034 seconds
[2025-06-12T14:00:41.593+0000] {processor.py:161} INFO - Started process (PID=345) to work on /home/airflow/.local/lib/python3.12/site-packages/airflow/example_dags/example_complex.py
[2025-06-12T14:00:41.596+0000] {processor.py:830} INFO - Processing file /home/airflow/.local/lib/python3.12/site-packages/airflow/example_dags/example_complex.py for tasks to queue
[2025-06-12T14:00:41.600+0000] {logging_mixin.py:188} INFO - [2025-06-12T14:00:41.599+0000] {dagbag.py:540} INFO - Filling up the DagBag from /home/airflow/.local/lib/python3.12/site-packages/airflow/example_dags/example_complex.py
[2025-06-12T14:00:41.616+0000] {processor.py:840} INFO - DAG(s) 'example_complex' retrieved from /home/airflow/.local/lib/python3.12/site-packages/airflow/example_dags/example_complex.py
[2025-06-12T14:00:41.671+0000] {logging_mixin.py:188} INFO - [2025-06-12T14:00:41.671+0000] {dag.py:3096} INFO - Sync 1 DAGs
[2025-06-12T14:00:41.696+0000] {logging_mixin.py:188} INFO - [2025-06-12T14:00:41.695+0000] {dag.py:3954} INFO - Setting next_dagrun for example_complex to None, run_after=None
[2025-06-12T14:00:41.729+0000] {processor.py:183} INFO - Processing /home/airflow/.local/lib/python3.12/site-packages/airflow/example_dags/example_complex.py took 0.160 seconds
[2025-06-12T14:01:12.617+0000] {processor.py:161} INFO - Started process (PID=412) to work on /home/airflow/.local/lib/python3.12/site-packages/airflow/example_dags/example_complex.py
[2025-06-12T14:01:12.620+0000] {processor.py:830} INFO - Processing file /home/airflow/.local/lib/python3.12/site-packages/airflow/example_dags/example_complex.py for tasks to queue
[2025-06-12T14:01:12.622+0000] {logging_mixin.py:188} INFO - [2025-06-12T14:01:12.622+0000] {dagbag.py:540} INFO - Filling up the DagBag from /home/airflow/.local/lib/python3.12/site-packages/airflow/example_dags/example_complex.py
[2025-06-12T14:01:12.632+0000] {processor.py:840} INFO - DAG(s) 'example_complex' retrieved from /home/airflow/.local/lib/python3.12/site-packages/airflow/example_dags/example_complex.py
[2025-06-12T14:01:12.657+0000] {logging_mixin.py:188} INFO - [2025-06-12T14:01:12.657+0000] {dag.py:3096} INFO - Sync 1 DAGs
[2025-06-12T14:01:12.669+0000] {logging_mixin.py:188} INFO - [2025-06-12T14:01:12.668+0000] {dag.py:3954} INFO - Setting next_dagrun for example_complex to None, run_after=None
[2025-06-12T14:01:12.689+0000] {processor.py:183} INFO - Processing /home/airflow/.local/lib/python3.12/site-packages/airflow/example_dags/example_complex.py took 0.078 seconds
[2025-06-12T14:15:48.140+0000] {processor.py:161} INFO - Started process (PID=64) to work on /home/airflow/.local/lib/python3.12/site-packages/airflow/example_dags/example_complex.py
[2025-06-12T14:15:48.142+0000] {processor.py:830} INFO - Processing file /home/airflow/.local/lib/python3.12/site-packages/airflow/example_dags/example_complex.py for tasks to queue
[2025-06-12T14:15:48.144+0000] {logging_mixin.py:188} INFO - [2025-06-12T14:15:48.144+0000] {dagbag.py:540} INFO - Filling up the DagBag from /home/airflow/.local/lib/python3.12/site-packages/airflow/example_dags/example_complex.py
[2025-06-12T14:15:48.165+0000] {processor.py:840} INFO - DAG(s) 'example_complex' retrieved from /home/airflow/.local/lib/python3.12/site-packages/airflow/example_dags/example_complex.py
[2025-06-12T14:15:48.183+0000] {logging_mixin.py:188} INFO - [2025-06-12T14:15:48.183+0000] {dag.py:3096} INFO - Sync 1 DAGs
[2025-06-12T14:15:48.268+0000] {logging_mixin.py:188} INFO - [2025-06-12T14:15:48.268+0000] {dag.py:3954} INFO - Setting next_dagrun for example_complex to None, run_after=None
[2025-06-12T14:15:48.299+0000] {processor.py:183} INFO - Processing /home/airflow/.local/lib/python3.12/site-packages/airflow/example_dags/example_complex.py took 0.163 seconds
[2025-06-12T14:16:18.437+0000] {processor.py:161} INFO - Started process (PID=131) to work on /home/airflow/.local/lib/python3.12/site-packages/airflow/example_dags/example_complex.py
[2025-06-12T14:16:18.438+0000] {processor.py:830} INFO - Processing file /home/airflow/.local/lib/python3.12/site-packages/airflow/example_dags/example_complex.py for tasks to queue
[2025-06-12T14:16:18.439+0000] {logging_mixin.py:188} INFO - [2025-06-12T14:16:18.439+0000] {dagbag.py:540} INFO - Filling up the DagBag from /home/airflow/.local/lib/python3.12/site-packages/airflow/example_dags/example_complex.py
[2025-06-12T14:16:18.443+0000] {processor.py:840} INFO - DAG(s) 'example_complex' retrieved from /home/airflow/.local/lib/python3.12/site-packages/airflow/example_dags/example_complex.py
[2025-06-12T14:16:18.484+0000] {logging_mixin.py:188} INFO - [2025-06-12T14:16:18.484+0000] {dag.py:3096} INFO - Sync 1 DAGs
[2025-06-12T14:16:18.488+0000] {logging_mixin.py:188} INFO - [2025-06-12T14:16:18.488+0000] {dag.py:3954} INFO - Setting next_dagrun for example_complex to None, run_after=None
[2025-06-12T14:16:18.496+0000] {processor.py:183} INFO - Processing /home/airflow/.local/lib/python3.12/site-packages/airflow/example_dags/example_complex.py took 0.061 seconds
[2025-06-12T14:16:49.384+0000] {processor.py:161} INFO - Started process (PID=205) to work on /home/airflow/.local/lib/python3.12/site-packages/airflow/example_dags/example_complex.py
[2025-06-12T14:16:49.385+0000] {processor.py:830} INFO - Processing file /home/airflow/.local/lib/python3.12/site-packages/airflow/example_dags/example_complex.py for tasks to queue
[2025-06-12T14:16:49.387+0000] {logging_mixin.py:188} INFO - [2025-06-12T14:16:49.387+0000] {dagbag.py:540} INFO - Filling up the DagBag from /home/airflow/.local/lib/python3.12/site-packages/airflow/example_dags/example_complex.py
[2025-06-12T14:16:49.394+0000] {processor.py:840} INFO - DAG(s) 'example_complex' retrieved from /home/airflow/.local/lib/python3.12/site-packages/airflow/example_dags/example_complex.py
[2025-06-12T14:16:49.407+0000] {logging_mixin.py:188} INFO - [2025-06-12T14:16:49.407+0000] {dag.py:3096} INFO - Sync 1 DAGs
[2025-06-12T14:16:49.413+0000] {logging_mixin.py:188} INFO - [2025-06-12T14:16:49.413+0000] {dag.py:3954} INFO - Setting next_dagrun for example_complex to None, run_after=None
[2025-06-12T14:16:49.424+0000] {processor.py:183} INFO - Processing /home/airflow/.local/lib/python3.12/site-packages/airflow/example_dags/example_complex.py took 0.043 seconds
[2025-06-12T14:17:20.681+0000] {processor.py:161} INFO - Started process (PID=279) to work on /home/airflow/.local/lib/python3.12/site-packages/airflow/example_dags/example_complex.py
[2025-06-12T14:17:20.681+0000] {processor.py:830} INFO - Processing file /home/airflow/.local/lib/python3.12/site-packages/airflow/example_dags/example_complex.py for tasks to queue
[2025-06-12T14:17:20.682+0000] {logging_mixin.py:188} INFO - [2025-06-12T14:17:20.682+0000] {dagbag.py:540} INFO - Filling up the DagBag from /home/airflow/.local/lib/python3.12/site-packages/airflow/example_dags/example_complex.py
[2025-06-12T14:17:20.687+0000] {processor.py:840} INFO - DAG(s) 'example_complex' retrieved from /home/airflow/.local/lib/python3.12/site-packages/airflow/example_dags/example_complex.py
[2025-06-12T14:17:20.744+0000] {logging_mixin.py:188} INFO - [2025-06-12T14:17:20.744+0000] {dag.py:3096} INFO - Sync 1 DAGs
[2025-06-12T14:17:20.752+0000] {logging_mixin.py:188} INFO - [2025-06-12T14:17:20.752+0000] {dag.py:3954} INFO - Setting next_dagrun for example_complex to None, run_after=None
[2025-06-12T14:17:20.767+0000] {processor.py:183} INFO - Processing /home/airflow/.local/lib/python3.12/site-packages/airflow/example_dags/example_complex.py took 0.092 seconds
[2025-06-12T14:17:51.446+0000] {processor.py:161} INFO - Started process (PID=345) to work on /home/airflow/.local/lib/python3.12/site-packages/airflow/example_dags/example_complex.py
[2025-06-12T14:17:51.447+0000] {processor.py:830} INFO - Processing file /home/airflow/.local/lib/python3.12/site-packages/airflow/example_dags/example_complex.py for tasks to queue
[2025-06-12T14:17:51.448+0000] {logging_mixin.py:188} INFO - [2025-06-12T14:17:51.448+0000] {dagbag.py:540} INFO - Filling up the DagBag from /home/airflow/.local/lib/python3.12/site-packages/airflow/example_dags/example_complex.py
[2025-06-12T14:17:51.453+0000] {processor.py:840} INFO - DAG(s) 'example_complex' retrieved from /home/airflow/.local/lib/python3.12/site-packages/airflow/example_dags/example_complex.py
[2025-06-12T14:17:51.476+0000] {logging_mixin.py:188} INFO - [2025-06-12T14:17:51.475+0000] {dag.py:3096} INFO - Sync 1 DAGs
[2025-06-12T14:17:51.482+0000] {logging_mixin.py:188} INFO - [2025-06-12T14:17:51.482+0000] {dag.py:3954} INFO - Setting next_dagrun for example_complex to None, run_after=None
[2025-06-12T14:17:51.494+0000] {processor.py:183} INFO - Processing /home/airflow/.local/lib/python3.12/site-packages/airflow/example_dags/example_complex.py took 0.051 seconds
[2025-06-12T14:18:35.373+0000] {processor.py:161} INFO - Started process (PID=63) to work on /home/airflow/.local/lib/python3.12/site-packages/airflow/example_dags/example_complex.py
[2025-06-12T14:18:35.375+0000] {processor.py:830} INFO - Processing file /home/airflow/.local/lib/python3.12/site-packages/airflow/example_dags/example_complex.py for tasks to queue
[2025-06-12T14:18:35.378+0000] {logging_mixin.py:188} INFO - [2025-06-12T14:18:35.378+0000] {dagbag.py:540} INFO - Filling up the DagBag from /home/airflow/.local/lib/python3.12/site-packages/airflow/example_dags/example_complex.py
[2025-06-12T14:18:35.397+0000] {processor.py:840} INFO - DAG(s) 'example_complex' retrieved from /home/airflow/.local/lib/python3.12/site-packages/airflow/example_dags/example_complex.py
[2025-06-12T14:18:35.495+0000] {logging_mixin.py:188} INFO - [2025-06-12T14:18:35.494+0000] {dag.py:3096} INFO - Sync 1 DAGs
[2025-06-12T14:18:35.510+0000] {logging_mixin.py:188} INFO - [2025-06-12T14:18:35.509+0000] {dag.py:3954} INFO - Setting next_dagrun for example_complex to None, run_after=None
[2025-06-12T14:18:35.537+0000] {processor.py:183} INFO - Processing /home/airflow/.local/lib/python3.12/site-packages/airflow/example_dags/example_complex.py took 0.172 seconds
[2025-06-12T14:19:05.937+0000] {processor.py:161} INFO - Started process (PID=128) to work on /home/airflow/.local/lib/python3.12/site-packages/airflow/example_dags/example_complex.py
[2025-06-12T14:19:05.937+0000] {processor.py:830} INFO - Processing file /home/airflow/.local/lib/python3.12/site-packages/airflow/example_dags/example_complex.py for tasks to queue
[2025-06-12T14:19:05.939+0000] {logging_mixin.py:188} INFO - [2025-06-12T14:19:05.938+0000] {dagbag.py:540} INFO - Filling up the DagBag from /home/airflow/.local/lib/python3.12/site-packages/airflow/example_dags/example_complex.py
[2025-06-12T14:19:05.953+0000] {processor.py:840} INFO - DAG(s) 'example_complex' retrieved from /home/airflow/.local/lib/python3.12/site-packages/airflow/example_dags/example_complex.py
[2025-06-12T14:19:05.970+0000] {logging_mixin.py:188} INFO - [2025-06-12T14:19:05.969+0000] {dag.py:3096} INFO - Sync 1 DAGs
[2025-06-12T14:19:05.980+0000] {logging_mixin.py:188} INFO - [2025-06-12T14:19:05.979+0000] {dag.py:3954} INFO - Setting next_dagrun for example_complex to None, run_after=None
[2025-06-12T14:19:05.995+0000] {processor.py:183} INFO - Processing /home/airflow/.local/lib/python3.12/site-packages/airflow/example_dags/example_complex.py took 0.061 seconds
[2025-06-12T14:19:36.242+0000] {processor.py:161} INFO - Started process (PID=202) to work on /home/airflow/.local/lib/python3.12/site-packages/airflow/example_dags/example_complex.py
[2025-06-12T14:19:36.245+0000] {processor.py:830} INFO - Processing file /home/airflow/.local/lib/python3.12/site-packages/airflow/example_dags/example_complex.py for tasks to queue
[2025-06-12T14:19:36.248+0000] {logging_mixin.py:188} INFO - [2025-06-12T14:19:36.247+0000] {dagbag.py:540} INFO - Filling up the DagBag from /home/airflow/.local/lib/python3.12/site-packages/airflow/example_dags/example_complex.py
[2025-06-12T14:19:36.258+0000] {processor.py:840} INFO - DAG(s) 'example_complex' retrieved from /home/airflow/.local/lib/python3.12/site-packages/airflow/example_dags/example_complex.py
[2025-06-12T14:19:36.269+0000] {logging_mixin.py:188} INFO - [2025-06-12T14:19:36.269+0000] {dag.py:3096} INFO - Sync 1 DAGs
[2025-06-12T14:19:36.277+0000] {logging_mixin.py:188} INFO - [2025-06-12T14:19:36.277+0000] {dag.py:3954} INFO - Setting next_dagrun for example_complex to None, run_after=None
[2025-06-12T14:19:36.290+0000] {processor.py:183} INFO - Processing /home/airflow/.local/lib/python3.12/site-packages/airflow/example_dags/example_complex.py took 0.057 seconds
[2025-06-12T14:20:07.173+0000] {processor.py:161} INFO - Started process (PID=268) to work on /home/airflow/.local/lib/python3.12/site-packages/airflow/example_dags/example_complex.py
[2025-06-12T14:20:07.175+0000] {processor.py:830} INFO - Processing file /home/airflow/.local/lib/python3.12/site-packages/airflow/example_dags/example_complex.py for tasks to queue
[2025-06-12T14:20:07.177+0000] {logging_mixin.py:188} INFO - [2025-06-12T14:20:07.176+0000] {dagbag.py:540} INFO - Filling up the DagBag from /home/airflow/.local/lib/python3.12/site-packages/airflow/example_dags/example_complex.py
[2025-06-12T14:20:07.196+0000] {processor.py:840} INFO - DAG(s) 'example_complex' retrieved from /home/airflow/.local/lib/python3.12/site-packages/airflow/example_dags/example_complex.py
[2025-06-12T14:20:07.345+0000] {logging_mixin.py:188} INFO - [2025-06-12T14:20:07.345+0000] {dag.py:3096} INFO - Sync 1 DAGs
[2025-06-12T14:20:07.351+0000] {logging_mixin.py:188} INFO - [2025-06-12T14:20:07.351+0000] {dag.py:3954} INFO - Setting next_dagrun for example_complex to None, run_after=None
[2025-06-12T14:20:07.370+0000] {processor.py:183} INFO - Processing /home/airflow/.local/lib/python3.12/site-packages/airflow/example_dags/example_complex.py took 0.202 seconds
[2025-06-12T14:20:38.045+0000] {processor.py:161} INFO - Started process (PID=343) to work on /home/airflow/.local/lib/python3.12/site-packages/airflow/example_dags/example_complex.py
[2025-06-12T14:20:38.049+0000] {processor.py:830} INFO - Processing file /home/airflow/.local/lib/python3.12/site-packages/airflow/example_dags/example_complex.py for tasks to queue
[2025-06-12T14:20:38.051+0000] {logging_mixin.py:188} INFO - [2025-06-12T14:20:38.050+0000] {dagbag.py:540} INFO - Filling up the DagBag from /home/airflow/.local/lib/python3.12/site-packages/airflow/example_dags/example_complex.py
[2025-06-12T14:20:38.059+0000] {processor.py:840} INFO - DAG(s) 'example_complex' retrieved from /home/airflow/.local/lib/python3.12/site-packages/airflow/example_dags/example_complex.py
[2025-06-12T14:20:38.083+0000] {logging_mixin.py:188} INFO - [2025-06-12T14:20:38.083+0000] {dag.py:3096} INFO - Sync 1 DAGs
[2025-06-12T14:20:38.089+0000] {logging_mixin.py:188} INFO - [2025-06-12T14:20:38.089+0000] {dag.py:3954} INFO - Setting next_dagrun for example_complex to None, run_after=None
[2025-06-12T14:20:38.100+0000] {processor.py:183} INFO - Processing /home/airflow/.local/lib/python3.12/site-packages/airflow/example_dags/example_complex.py took 0.060 seconds
[2025-06-12T14:21:08.641+0000] {processor.py:161} INFO - Started process (PID=417) to work on /home/airflow/.local/lib/python3.12/site-packages/airflow/example_dags/example_complex.py
[2025-06-12T14:21:08.643+0000] {processor.py:830} INFO - Processing file /home/airflow/.local/lib/python3.12/site-packages/airflow/example_dags/example_complex.py for tasks to queue
[2025-06-12T14:21:08.645+0000] {logging_mixin.py:188} INFO - [2025-06-12T14:21:08.645+0000] {dagbag.py:540} INFO - Filling up the DagBag from /home/airflow/.local/lib/python3.12/site-packages/airflow/example_dags/example_complex.py
[2025-06-12T14:21:08.654+0000] {processor.py:840} INFO - DAG(s) 'example_complex' retrieved from /home/airflow/.local/lib/python3.12/site-packages/airflow/example_dags/example_complex.py
[2025-06-12T14:21:08.680+0000] {logging_mixin.py:188} INFO - [2025-06-12T14:21:08.680+0000] {dag.py:3096} INFO - Sync 1 DAGs
[2025-06-12T14:21:08.687+0000] {logging_mixin.py:188} INFO - [2025-06-12T14:21:08.687+0000] {dag.py:3954} INFO - Setting next_dagrun for example_complex to None, run_after=None
[2025-06-12T14:21:08.701+0000] {processor.py:183} INFO - Processing /home/airflow/.local/lib/python3.12/site-packages/airflow/example_dags/example_complex.py took 0.064 seconds
[2025-06-12T14:21:39.094+0000] {processor.py:161} INFO - Started process (PID=483) to work on /home/airflow/.local/lib/python3.12/site-packages/airflow/example_dags/example_complex.py
[2025-06-12T14:21:39.105+0000] {processor.py:830} INFO - Processing file /home/airflow/.local/lib/python3.12/site-packages/airflow/example_dags/example_complex.py for tasks to queue
[2025-06-12T14:21:39.113+0000] {logging_mixin.py:188} INFO - [2025-06-12T14:21:39.111+0000] {dagbag.py:540} INFO - Filling up the DagBag from /home/airflow/.local/lib/python3.12/site-packages/airflow/example_dags/example_complex.py
[2025-06-12T14:21:39.133+0000] {processor.py:840} INFO - DAG(s) 'example_complex' retrieved from /home/airflow/.local/lib/python3.12/site-packages/airflow/example_dags/example_complex.py
[2025-06-12T14:21:39.198+0000] {logging_mixin.py:188} INFO - [2025-06-12T14:21:39.198+0000] {dag.py:3096} INFO - Sync 1 DAGs
[2025-06-12T14:21:39.221+0000] {logging_mixin.py:188} INFO - [2025-06-12T14:21:39.221+0000] {dag.py:3954} INFO - Setting next_dagrun for example_complex to None, run_after=None
[2025-06-12T14:21:39.242+0000] {processor.py:183} INFO - Processing /home/airflow/.local/lib/python3.12/site-packages/airflow/example_dags/example_complex.py took 0.172 seconds
[2025-06-12T14:22:10.221+0000] {processor.py:161} INFO - Started process (PID=557) to work on /home/airflow/.local/lib/python3.12/site-packages/airflow/example_dags/example_complex.py
[2025-06-12T14:22:10.225+0000] {processor.py:830} INFO - Processing file /home/airflow/.local/lib/python3.12/site-packages/airflow/example_dags/example_complex.py for tasks to queue
[2025-06-12T14:22:10.228+0000] {logging_mixin.py:188} INFO - [2025-06-12T14:22:10.227+0000] {dagbag.py:540} INFO - Filling up the DagBag from /home/airflow/.local/lib/python3.12/site-packages/airflow/example_dags/example_complex.py
[2025-06-12T14:22:10.238+0000] {processor.py:840} INFO - DAG(s) 'example_complex' retrieved from /home/airflow/.local/lib/python3.12/site-packages/airflow/example_dags/example_complex.py
[2025-06-12T14:22:10.264+0000] {logging_mixin.py:188} INFO - [2025-06-12T14:22:10.264+0000] {dag.py:3096} INFO - Sync 1 DAGs
[2025-06-12T14:22:10.275+0000] {logging_mixin.py:188} INFO - [2025-06-12T14:22:10.274+0000] {dag.py:3954} INFO - Setting next_dagrun for example_complex to None, run_after=None
[2025-06-12T14:22:10.287+0000] {processor.py:183} INFO - Processing /home/airflow/.local/lib/python3.12/site-packages/airflow/example_dags/example_complex.py took 0.072 seconds
[2025-06-12T14:22:40.400+0000] {processor.py:161} INFO - Started process (PID=631) to work on /home/airflow/.local/lib/python3.12/site-packages/airflow/example_dags/example_complex.py
[2025-06-12T14:22:40.402+0000] {processor.py:830} INFO - Processing file /home/airflow/.local/lib/python3.12/site-packages/airflow/example_dags/example_complex.py for tasks to queue
[2025-06-12T14:22:40.405+0000] {logging_mixin.py:188} INFO - [2025-06-12T14:22:40.404+0000] {dagbag.py:540} INFO - Filling up the DagBag from /home/airflow/.local/lib/python3.12/site-packages/airflow/example_dags/example_complex.py
[2025-06-12T14:22:40.414+0000] {processor.py:840} INFO - DAG(s) 'example_complex' retrieved from /home/airflow/.local/lib/python3.12/site-packages/airflow/example_dags/example_complex.py
[2025-06-12T14:22:40.440+0000] {logging_mixin.py:188} INFO - [2025-06-12T14:22:40.440+0000] {dag.py:3096} INFO - Sync 1 DAGs
[2025-06-12T14:22:40.450+0000] {logging_mixin.py:188} INFO - [2025-06-12T14:22:40.450+0000] {dag.py:3954} INFO - Setting next_dagrun for example_complex to None, run_after=None
[2025-06-12T14:22:40.462+0000] {processor.py:183} INFO - Processing /home/airflow/.local/lib/python3.12/site-packages/airflow/example_dags/example_complex.py took 0.070 seconds
[2025-06-12T14:23:10.737+0000] {processor.py:161} INFO - Started process (PID=698) to work on /home/airflow/.local/lib/python3.12/site-packages/airflow/example_dags/example_complex.py
[2025-06-12T14:23:10.738+0000] {processor.py:830} INFO - Processing file /home/airflow/.local/lib/python3.12/site-packages/airflow/example_dags/example_complex.py for tasks to queue
[2025-06-12T14:23:10.740+0000] {logging_mixin.py:188} INFO - [2025-06-12T14:23:10.740+0000] {dagbag.py:540} INFO - Filling up the DagBag from /home/airflow/.local/lib/python3.12/site-packages/airflow/example_dags/example_complex.py
[2025-06-12T14:23:10.749+0000] {processor.py:840} INFO - DAG(s) 'example_complex' retrieved from /home/airflow/.local/lib/python3.12/site-packages/airflow/example_dags/example_complex.py
[2025-06-12T14:23:10.776+0000] {logging_mixin.py:188} INFO - [2025-06-12T14:23:10.776+0000] {dag.py:3096} INFO - Sync 1 DAGs
[2025-06-12T14:23:10.783+0000] {logging_mixin.py:188} INFO - [2025-06-12T14:23:10.783+0000] {dag.py:3954} INFO - Setting next_dagrun for example_complex to None, run_after=None
[2025-06-12T14:23:10.793+0000] {processor.py:183} INFO - Processing /home/airflow/.local/lib/python3.12/site-packages/airflow/example_dags/example_complex.py took 0.064 seconds
[2025-06-12T14:23:40.853+0000] {processor.py:161} INFO - Started process (PID=772) to work on /home/airflow/.local/lib/python3.12/site-packages/airflow/example_dags/example_complex.py
[2025-06-12T14:23:40.855+0000] {processor.py:830} INFO - Processing file /home/airflow/.local/lib/python3.12/site-packages/airflow/example_dags/example_complex.py for tasks to queue
[2025-06-12T14:23:40.857+0000] {logging_mixin.py:188} INFO - [2025-06-12T14:23:40.857+0000] {dagbag.py:540} INFO - Filling up the DagBag from /home/airflow/.local/lib/python3.12/site-packages/airflow/example_dags/example_complex.py
[2025-06-12T14:23:40.869+0000] {processor.py:840} INFO - DAG(s) 'example_complex' retrieved from /home/airflow/.local/lib/python3.12/site-packages/airflow/example_dags/example_complex.py
[2025-06-12T14:23:40.894+0000] {logging_mixin.py:188} INFO - [2025-06-12T14:23:40.894+0000] {dag.py:3096} INFO - Sync 1 DAGs
[2025-06-12T14:23:40.904+0000] {logging_mixin.py:188} INFO - [2025-06-12T14:23:40.903+0000] {dag.py:3954} INFO - Setting next_dagrun for example_complex to None, run_after=None
[2025-06-12T14:23:40.915+0000] {processor.py:183} INFO - Processing /home/airflow/.local/lib/python3.12/site-packages/airflow/example_dags/example_complex.py took 0.070 seconds
[2025-06-12T14:24:11.336+0000] {processor.py:161} INFO - Started process (PID=846) to work on /home/airflow/.local/lib/python3.12/site-packages/airflow/example_dags/example_complex.py
[2025-06-12T14:24:11.338+0000] {processor.py:830} INFO - Processing file /home/airflow/.local/lib/python3.12/site-packages/airflow/example_dags/example_complex.py for tasks to queue
[2025-06-12T14:24:11.340+0000] {logging_mixin.py:188} INFO - [2025-06-12T14:24:11.340+0000] {dagbag.py:540} INFO - Filling up the DagBag from /home/airflow/.local/lib/python3.12/site-packages/airflow/example_dags/example_complex.py
[2025-06-12T14:24:11.350+0000] {processor.py:840} INFO - DAG(s) 'example_complex' retrieved from /home/airflow/.local/lib/python3.12/site-packages/airflow/example_dags/example_complex.py
[2025-06-12T14:24:11.377+0000] {logging_mixin.py:188} INFO - [2025-06-12T14:24:11.377+0000] {dag.py:3096} INFO - Sync 1 DAGs
[2025-06-12T14:24:11.390+0000] {logging_mixin.py:188} INFO - [2025-06-12T14:24:11.390+0000] {dag.py:3954} INFO - Setting next_dagrun for example_complex to None, run_after=None
[2025-06-12T14:24:11.403+0000] {processor.py:183} INFO - Processing /home/airflow/.local/lib/python3.12/site-packages/airflow/example_dags/example_complex.py took 0.071 seconds
[2025-06-12T14:24:42.211+0000] {processor.py:161} INFO - Started process (PID=913) to work on /home/airflow/.local/lib/python3.12/site-packages/airflow/example_dags/example_complex.py
[2025-06-12T14:24:42.213+0000] {processor.py:830} INFO - Processing file /home/airflow/.local/lib/python3.12/site-packages/airflow/example_dags/example_complex.py for tasks to queue
[2025-06-12T14:24:42.215+0000] {logging_mixin.py:188} INFO - [2025-06-12T14:24:42.215+0000] {dagbag.py:540} INFO - Filling up the DagBag from /home/airflow/.local/lib/python3.12/site-packages/airflow/example_dags/example_complex.py
[2025-06-12T14:24:42.224+0000] {processor.py:840} INFO - DAG(s) 'example_complex' retrieved from /home/airflow/.local/lib/python3.12/site-packages/airflow/example_dags/example_complex.py
[2025-06-12T14:24:42.246+0000] {logging_mixin.py:188} INFO - [2025-06-12T14:24:42.246+0000] {dag.py:3096} INFO - Sync 1 DAGs
[2025-06-12T14:24:42.254+0000] {logging_mixin.py:188} INFO - [2025-06-12T14:24:42.254+0000] {dag.py:3954} INFO - Setting next_dagrun for example_complex to None, run_after=None
[2025-06-12T14:24:42.266+0000] {processor.py:183} INFO - Processing /home/airflow/.local/lib/python3.12/site-packages/airflow/example_dags/example_complex.py took 0.062 seconds
[2025-06-12T14:25:12.536+0000] {processor.py:161} INFO - Started process (PID=987) to work on /home/airflow/.local/lib/python3.12/site-packages/airflow/example_dags/example_complex.py
[2025-06-12T14:25:12.539+0000] {processor.py:830} INFO - Processing file /home/airflow/.local/lib/python3.12/site-packages/airflow/example_dags/example_complex.py for tasks to queue
[2025-06-12T14:25:12.541+0000] {logging_mixin.py:188} INFO - [2025-06-12T14:25:12.541+0000] {dagbag.py:540} INFO - Filling up the DagBag from /home/airflow/.local/lib/python3.12/site-packages/airflow/example_dags/example_complex.py
[2025-06-12T14:25:12.547+0000] {processor.py:840} INFO - DAG(s) 'example_complex' retrieved from /home/airflow/.local/lib/python3.12/site-packages/airflow/example_dags/example_complex.py
[2025-06-12T14:25:12.576+0000] {logging_mixin.py:188} INFO - [2025-06-12T14:25:12.576+0000] {dag.py:3096} INFO - Sync 1 DAGs
[2025-06-12T14:25:12.582+0000] {logging_mixin.py:188} INFO - [2025-06-12T14:25:12.582+0000] {dag.py:3954} INFO - Setting next_dagrun for example_complex to None, run_after=None
[2025-06-12T14:25:12.594+0000] {processor.py:183} INFO - Processing /home/airflow/.local/lib/python3.12/site-packages/airflow/example_dags/example_complex.py took 0.062 seconds
[2025-06-12T14:25:43.154+0000] {processor.py:161} INFO - Started process (PID=1054) to work on /home/airflow/.local/lib/python3.12/site-packages/airflow/example_dags/example_complex.py
[2025-06-12T14:25:43.156+0000] {processor.py:830} INFO - Processing file /home/airflow/.local/lib/python3.12/site-packages/airflow/example_dags/example_complex.py for tasks to queue
[2025-06-12T14:25:43.159+0000] {logging_mixin.py:188} INFO - [2025-06-12T14:25:43.159+0000] {dagbag.py:540} INFO - Filling up the DagBag from /home/airflow/.local/lib/python3.12/site-packages/airflow/example_dags/example_complex.py
[2025-06-12T14:25:43.175+0000] {processor.py:840} INFO - DAG(s) 'example_complex' retrieved from /home/airflow/.local/lib/python3.12/site-packages/airflow/example_dags/example_complex.py
[2025-06-12T14:25:43.201+0000] {logging_mixin.py:188} INFO - [2025-06-12T14:25:43.201+0000] {dag.py:3096} INFO - Sync 1 DAGs
[2025-06-12T14:25:43.215+0000] {logging_mixin.py:188} INFO - [2025-06-12T14:25:43.215+0000] {dag.py:3954} INFO - Setting next_dagrun for example_complex to None, run_after=None
[2025-06-12T14:25:43.227+0000] {processor.py:183} INFO - Processing /home/airflow/.local/lib/python3.12/site-packages/airflow/example_dags/example_complex.py took 0.085 seconds
[2025-06-12T14:26:14.206+0000] {processor.py:161} INFO - Started process (PID=1128) to work on /home/airflow/.local/lib/python3.12/site-packages/airflow/example_dags/example_complex.py
[2025-06-12T14:26:14.207+0000] {processor.py:830} INFO - Processing file /home/airflow/.local/lib/python3.12/site-packages/airflow/example_dags/example_complex.py for tasks to queue
[2025-06-12T14:26:14.209+0000] {logging_mixin.py:188} INFO - [2025-06-12T14:26:14.209+0000] {dagbag.py:540} INFO - Filling up the DagBag from /home/airflow/.local/lib/python3.12/site-packages/airflow/example_dags/example_complex.py
[2025-06-12T14:26:14.218+0000] {processor.py:840} INFO - DAG(s) 'example_complex' retrieved from /home/airflow/.local/lib/python3.12/site-packages/airflow/example_dags/example_complex.py
[2025-06-12T14:26:14.248+0000] {logging_mixin.py:188} INFO - [2025-06-12T14:26:14.248+0000] {dag.py:3096} INFO - Sync 1 DAGs
[2025-06-12T14:26:14.256+0000] {logging_mixin.py:188} INFO - [2025-06-12T14:26:14.256+0000] {dag.py:3954} INFO - Setting next_dagrun for example_complex to None, run_after=None
[2025-06-12T14:26:14.269+0000] {processor.py:183} INFO - Processing /home/airflow/.local/lib/python3.12/site-packages/airflow/example_dags/example_complex.py took 0.075 seconds
[2025-06-12T14:26:44.291+0000] {processor.py:161} INFO - Started process (PID=1202) to work on /home/airflow/.local/lib/python3.12/site-packages/airflow/example_dags/example_complex.py
[2025-06-12T14:26:44.293+0000] {processor.py:830} INFO - Processing file /home/airflow/.local/lib/python3.12/site-packages/airflow/example_dags/example_complex.py for tasks to queue
[2025-06-12T14:26:44.294+0000] {logging_mixin.py:188} INFO - [2025-06-12T14:26:44.294+0000] {dagbag.py:540} INFO - Filling up the DagBag from /home/airflow/.local/lib/python3.12/site-packages/airflow/example_dags/example_complex.py
[2025-06-12T14:26:44.302+0000] {processor.py:840} INFO - DAG(s) 'example_complex' retrieved from /home/airflow/.local/lib/python3.12/site-packages/airflow/example_dags/example_complex.py
[2025-06-12T14:26:44.320+0000] {logging_mixin.py:188} INFO - [2025-06-12T14:26:44.320+0000] {dag.py:3096} INFO - Sync 1 DAGs
[2025-06-12T14:26:44.327+0000] {logging_mixin.py:188} INFO - [2025-06-12T14:26:44.327+0000] {dag.py:3954} INFO - Setting next_dagrun for example_complex to None, run_after=None
[2025-06-12T14:26:44.335+0000] {processor.py:183} INFO - Processing /home/airflow/.local/lib/python3.12/site-packages/airflow/example_dags/example_complex.py took 0.049 seconds
[2025-06-12T14:27:14.568+0000] {processor.py:161} INFO - Started process (PID=1269) to work on /home/airflow/.local/lib/python3.12/site-packages/airflow/example_dags/example_complex.py
[2025-06-12T14:27:14.569+0000] {processor.py:830} INFO - Processing file /home/airflow/.local/lib/python3.12/site-packages/airflow/example_dags/example_complex.py for tasks to queue
[2025-06-12T14:27:14.571+0000] {logging_mixin.py:188} INFO - [2025-06-12T14:27:14.571+0000] {dagbag.py:540} INFO - Filling up the DagBag from /home/airflow/.local/lib/python3.12/site-packages/airflow/example_dags/example_complex.py
[2025-06-12T14:27:14.579+0000] {processor.py:840} INFO - DAG(s) 'example_complex' retrieved from /home/airflow/.local/lib/python3.12/site-packages/airflow/example_dags/example_complex.py
[2025-06-12T14:27:14.601+0000] {logging_mixin.py:188} INFO - [2025-06-12T14:27:14.601+0000] {dag.py:3096} INFO - Sync 1 DAGs
[2025-06-12T14:27:14.609+0000] {logging_mixin.py:188} INFO - [2025-06-12T14:27:14.609+0000] {dag.py:3954} INFO - Setting next_dagrun for example_complex to None, run_after=None
[2025-06-12T14:27:14.621+0000] {processor.py:183} INFO - Processing /home/airflow/.local/lib/python3.12/site-packages/airflow/example_dags/example_complex.py took 0.059 seconds
[2025-06-12T14:27:44.696+0000] {processor.py:161} INFO - Started process (PID=1343) to work on /home/airflow/.local/lib/python3.12/site-packages/airflow/example_dags/example_complex.py
[2025-06-12T14:27:44.697+0000] {processor.py:830} INFO - Processing file /home/airflow/.local/lib/python3.12/site-packages/airflow/example_dags/example_complex.py for tasks to queue
[2025-06-12T14:27:44.699+0000] {logging_mixin.py:188} INFO - [2025-06-12T14:27:44.699+0000] {dagbag.py:540} INFO - Filling up the DagBag from /home/airflow/.local/lib/python3.12/site-packages/airflow/example_dags/example_complex.py
[2025-06-12T14:27:44.706+0000] {processor.py:840} INFO - DAG(s) 'example_complex' retrieved from /home/airflow/.local/lib/python3.12/site-packages/airflow/example_dags/example_complex.py
[2025-06-12T14:27:44.823+0000] {logging_mixin.py:188} INFO - [2025-06-12T14:27:44.822+0000] {dag.py:3096} INFO - Sync 1 DAGs
[2025-06-12T14:27:44.833+0000] {logging_mixin.py:188} INFO - [2025-06-12T14:27:44.832+0000] {dag.py:3954} INFO - Setting next_dagrun for example_complex to None, run_after=None
[2025-06-12T14:27:44.844+0000] {processor.py:183} INFO - Processing /home/airflow/.local/lib/python3.12/site-packages/airflow/example_dags/example_complex.py took 0.151 seconds
[2025-06-12T14:35:52.206+0000] {processor.py:161} INFO - Started process (PID=62) to work on /home/airflow/.local/lib/python3.12/site-packages/airflow/example_dags/example_complex.py
[2025-06-12T14:35:52.209+0000] {processor.py:830} INFO - Processing file /home/airflow/.local/lib/python3.12/site-packages/airflow/example_dags/example_complex.py for tasks to queue
[2025-06-12T14:35:52.221+0000] {logging_mixin.py:188} INFO - [2025-06-12T14:35:52.219+0000] {dagbag.py:540} INFO - Filling up the DagBag from /home/airflow/.local/lib/python3.12/site-packages/airflow/example_dags/example_complex.py
[2025-06-12T14:35:52.253+0000] {processor.py:840} INFO - DAG(s) 'example_complex' retrieved from /home/airflow/.local/lib/python3.12/site-packages/airflow/example_dags/example_complex.py
[2025-06-12T14:35:52.292+0000] {logging_mixin.py:188} INFO - [2025-06-12T14:35:52.292+0000] {dag.py:3096} INFO - Sync 1 DAGs
[2025-06-12T14:35:52.335+0000] {logging_mixin.py:188} INFO - [2025-06-12T14:35:52.334+0000] {dag.py:3954} INFO - Setting next_dagrun for example_complex to None, run_after=None
[2025-06-12T14:35:52.361+0000] {processor.py:183} INFO - Processing /home/airflow/.local/lib/python3.12/site-packages/airflow/example_dags/example_complex.py took 0.165 seconds
[2025-06-12T14:36:22.589+0000] {processor.py:161} INFO - Started process (PID=129) to work on /home/airflow/.local/lib/python3.12/site-packages/airflow/example_dags/example_complex.py
[2025-06-12T14:36:22.590+0000] {processor.py:830} INFO - Processing file /home/airflow/.local/lib/python3.12/site-packages/airflow/example_dags/example_complex.py for tasks to queue
[2025-06-12T14:36:22.592+0000] {logging_mixin.py:188} INFO - [2025-06-12T14:36:22.591+0000] {dagbag.py:540} INFO - Filling up the DagBag from /home/airflow/.local/lib/python3.12/site-packages/airflow/example_dags/example_complex.py
[2025-06-12T14:36:22.598+0000] {processor.py:840} INFO - DAG(s) 'example_complex' retrieved from /home/airflow/.local/lib/python3.12/site-packages/airflow/example_dags/example_complex.py
[2025-06-12T14:36:22.662+0000] {logging_mixin.py:188} INFO - [2025-06-12T14:36:22.662+0000] {dag.py:3096} INFO - Sync 1 DAGs
[2025-06-12T14:36:22.667+0000] {logging_mixin.py:188} INFO - [2025-06-12T14:36:22.667+0000] {dag.py:3954} INFO - Setting next_dagrun for example_complex to None, run_after=None
[2025-06-12T14:36:22.678+0000] {processor.py:183} INFO - Processing /home/airflow/.local/lib/python3.12/site-packages/airflow/example_dags/example_complex.py took 0.095 seconds
[2025-06-12T14:36:53.054+0000] {processor.py:161} INFO - Started process (PID=202) to work on /home/airflow/.local/lib/python3.12/site-packages/airflow/example_dags/example_complex.py
[2025-06-12T14:36:53.055+0000] {processor.py:830} INFO - Processing file /home/airflow/.local/lib/python3.12/site-packages/airflow/example_dags/example_complex.py for tasks to queue
[2025-06-12T14:36:53.055+0000] {logging_mixin.py:188} INFO - [2025-06-12T14:36:53.055+0000] {dagbag.py:540} INFO - Filling up the DagBag from /home/airflow/.local/lib/python3.12/site-packages/airflow/example_dags/example_complex.py
[2025-06-12T14:36:53.060+0000] {processor.py:840} INFO - DAG(s) 'example_complex' retrieved from /home/airflow/.local/lib/python3.12/site-packages/airflow/example_dags/example_complex.py
[2025-06-12T14:36:53.084+0000] {logging_mixin.py:188} INFO - [2025-06-12T14:36:53.084+0000] {dag.py:3096} INFO - Sync 1 DAGs
[2025-06-12T14:36:53.092+0000] {logging_mixin.py:188} INFO - [2025-06-12T14:36:53.092+0000] {dag.py:3954} INFO - Setting next_dagrun for example_complex to None, run_after=None
[2025-06-12T14:36:53.102+0000] {processor.py:183} INFO - Processing /home/airflow/.local/lib/python3.12/site-packages/airflow/example_dags/example_complex.py took 0.050 seconds
[2025-06-12T14:37:24.387+0000] {processor.py:161} INFO - Started process (PID=276) to work on /home/airflow/.local/lib/python3.12/site-packages/airflow/example_dags/example_complex.py
[2025-06-12T14:37:24.388+0000] {processor.py:830} INFO - Processing file /home/airflow/.local/lib/python3.12/site-packages/airflow/example_dags/example_complex.py for tasks to queue
[2025-06-12T14:37:24.389+0000] {logging_mixin.py:188} INFO - [2025-06-12T14:37:24.389+0000] {dagbag.py:540} INFO - Filling up the DagBag from /home/airflow/.local/lib/python3.12/site-packages/airflow/example_dags/example_complex.py
[2025-06-12T14:37:24.398+0000] {processor.py:840} INFO - DAG(s) 'example_complex' retrieved from /home/airflow/.local/lib/python3.12/site-packages/airflow/example_dags/example_complex.py
[2025-06-12T14:37:24.436+0000] {logging_mixin.py:188} INFO - [2025-06-12T14:37:24.435+0000] {dag.py:3096} INFO - Sync 1 DAGs
[2025-06-12T14:37:24.444+0000] {logging_mixin.py:188} INFO - [2025-06-12T14:37:24.444+0000] {dag.py:3954} INFO - Setting next_dagrun for example_complex to None, run_after=None
[2025-06-12T14:37:24.469+0000] {processor.py:183} INFO - Processing /home/airflow/.local/lib/python3.12/site-packages/airflow/example_dags/example_complex.py took 0.088 seconds
[2025-06-12T14:37:54.927+0000] {processor.py:161} INFO - Started process (PID=343) to work on /home/airflow/.local/lib/python3.12/site-packages/airflow/example_dags/example_complex.py
[2025-06-12T14:37:54.929+0000] {processor.py:830} INFO - Processing file /home/airflow/.local/lib/python3.12/site-packages/airflow/example_dags/example_complex.py for tasks to queue
[2025-06-12T14:37:54.930+0000] {logging_mixin.py:188} INFO - [2025-06-12T14:37:54.930+0000] {dagbag.py:540} INFO - Filling up the DagBag from /home/airflow/.local/lib/python3.12/site-packages/airflow/example_dags/example_complex.py
[2025-06-12T14:37:54.935+0000] {processor.py:840} INFO - DAG(s) 'example_complex' retrieved from /home/airflow/.local/lib/python3.12/site-packages/airflow/example_dags/example_complex.py
[2025-06-12T14:37:54.953+0000] {logging_mixin.py:188} INFO - [2025-06-12T14:37:54.952+0000] {dag.py:3096} INFO - Sync 1 DAGs
[2025-06-12T14:37:54.960+0000] {logging_mixin.py:188} INFO - [2025-06-12T14:37:54.960+0000] {dag.py:3954} INFO - Setting next_dagrun for example_complex to None, run_after=None
[2025-06-12T14:37:54.973+0000] {processor.py:183} INFO - Processing /home/airflow/.local/lib/python3.12/site-packages/airflow/example_dags/example_complex.py took 0.049 seconds
[2025-06-12T14:38:25.485+0000] {processor.py:161} INFO - Started process (PID=418) to work on /home/airflow/.local/lib/python3.12/site-packages/airflow/example_dags/example_complex.py
[2025-06-12T14:38:25.486+0000] {processor.py:830} INFO - Processing file /home/airflow/.local/lib/python3.12/site-packages/airflow/example_dags/example_complex.py for tasks to queue
[2025-06-12T14:38:25.487+0000] {logging_mixin.py:188} INFO - [2025-06-12T14:38:25.486+0000] {dagbag.py:540} INFO - Filling up the DagBag from /home/airflow/.local/lib/python3.12/site-packages/airflow/example_dags/example_complex.py
[2025-06-12T14:38:25.492+0000] {processor.py:840} INFO - DAG(s) 'example_complex' retrieved from /home/airflow/.local/lib/python3.12/site-packages/airflow/example_dags/example_complex.py
[2025-06-12T14:38:25.519+0000] {logging_mixin.py:188} INFO - [2025-06-12T14:38:25.518+0000] {dag.py:3096} INFO - Sync 1 DAGs
[2025-06-12T14:38:25.531+0000] {logging_mixin.py:188} INFO - [2025-06-12T14:38:25.530+0000] {dag.py:3954} INFO - Setting next_dagrun for example_complex to None, run_after=None
[2025-06-12T14:38:25.547+0000] {processor.py:183} INFO - Processing /home/airflow/.local/lib/python3.12/site-packages/airflow/example_dags/example_complex.py took 0.064 seconds
[2025-06-12T14:38:55.632+0000] {processor.py:161} INFO - Started process (PID=485) to work on /home/airflow/.local/lib/python3.12/site-packages/airflow/example_dags/example_complex.py
[2025-06-12T14:38:55.633+0000] {processor.py:830} INFO - Processing file /home/airflow/.local/lib/python3.12/site-packages/airflow/example_dags/example_complex.py for tasks to queue
[2025-06-12T14:38:55.633+0000] {logging_mixin.py:188} INFO - [2025-06-12T14:38:55.633+0000] {dagbag.py:540} INFO - Filling up the DagBag from /home/airflow/.local/lib/python3.12/site-packages/airflow/example_dags/example_complex.py
[2025-06-12T14:38:55.638+0000] {processor.py:840} INFO - DAG(s) 'example_complex' retrieved from /home/airflow/.local/lib/python3.12/site-packages/airflow/example_dags/example_complex.py
[2025-06-12T14:38:55.659+0000] {logging_mixin.py:188} INFO - [2025-06-12T14:38:55.659+0000] {dag.py:3096} INFO - Sync 1 DAGs
[2025-06-12T14:38:55.665+0000] {logging_mixin.py:188} INFO - [2025-06-12T14:38:55.665+0000] {dag.py:3954} INFO - Setting next_dagrun for example_complex to None, run_after=None
[2025-06-12T14:38:55.672+0000] {processor.py:183} INFO - Processing /home/airflow/.local/lib/python3.12/site-packages/airflow/example_dags/example_complex.py took 0.043 seconds
[2025-06-12T14:39:26.091+0000] {processor.py:161} INFO - Started process (PID=559) to work on /home/airflow/.local/lib/python3.12/site-packages/airflow/example_dags/example_complex.py
[2025-06-12T14:39:26.092+0000] {processor.py:830} INFO - Processing file /home/airflow/.local/lib/python3.12/site-packages/airflow/example_dags/example_complex.py for tasks to queue
[2025-06-12T14:39:26.093+0000] {logging_mixin.py:188} INFO - [2025-06-12T14:39:26.093+0000] {dagbag.py:540} INFO - Filling up the DagBag from /home/airflow/.local/lib/python3.12/site-packages/airflow/example_dags/example_complex.py
[2025-06-12T14:39:26.097+0000] {processor.py:840} INFO - DAG(s) 'example_complex' retrieved from /home/airflow/.local/lib/python3.12/site-packages/airflow/example_dags/example_complex.py
[2025-06-12T14:39:26.117+0000] {logging_mixin.py:188} INFO - [2025-06-12T14:39:26.117+0000] {dag.py:3096} INFO - Sync 1 DAGs
[2025-06-12T14:39:26.126+0000] {logging_mixin.py:188} INFO - [2025-06-12T14:39:26.126+0000] {dag.py:3954} INFO - Setting next_dagrun for example_complex to None, run_after=None
[2025-06-12T14:39:26.140+0000] {processor.py:183} INFO - Processing /home/airflow/.local/lib/python3.12/site-packages/airflow/example_dags/example_complex.py took 0.053 seconds
[2025-06-12T14:46:31.790+0000] {processor.py:161} INFO - Started process (PID=64) to work on /home/airflow/.local/lib/python3.12/site-packages/airflow/example_dags/example_complex.py
[2025-06-12T14:46:31.795+0000] {processor.py:830} INFO - Processing file /home/airflow/.local/lib/python3.12/site-packages/airflow/example_dags/example_complex.py for tasks to queue
[2025-06-12T14:46:31.796+0000] {logging_mixin.py:188} INFO - [2025-06-12T14:46:31.796+0000] {dagbag.py:540} INFO - Filling up the DagBag from /home/airflow/.local/lib/python3.12/site-packages/airflow/example_dags/example_complex.py
[2025-06-12T14:46:31.807+0000] {processor.py:840} INFO - DAG(s) 'example_complex' retrieved from /home/airflow/.local/lib/python3.12/site-packages/airflow/example_dags/example_complex.py
[2025-06-12T14:46:31.828+0000] {logging_mixin.py:188} INFO - [2025-06-12T14:46:31.828+0000] {dag.py:3096} INFO - Sync 1 DAGs
[2025-06-12T14:46:31.845+0000] {logging_mixin.py:188} INFO - [2025-06-12T14:46:31.845+0000] {dag.py:3954} INFO - Setting next_dagrun for example_complex to None, run_after=None
[2025-06-12T14:46:31.867+0000] {processor.py:183} INFO - Processing /home/airflow/.local/lib/python3.12/site-packages/airflow/example_dags/example_complex.py took 0.084 seconds
[2025-06-12T14:47:02.275+0000] {processor.py:161} INFO - Started process (PID=131) to work on /home/airflow/.local/lib/python3.12/site-packages/airflow/example_dags/example_complex.py
[2025-06-12T14:47:02.277+0000] {processor.py:830} INFO - Processing file /home/airflow/.local/lib/python3.12/site-packages/airflow/example_dags/example_complex.py for tasks to queue
[2025-06-12T14:47:02.278+0000] {logging_mixin.py:188} INFO - [2025-06-12T14:47:02.278+0000] {dagbag.py:540} INFO - Filling up the DagBag from /home/airflow/.local/lib/python3.12/site-packages/airflow/example_dags/example_complex.py
[2025-06-12T14:47:02.283+0000] {processor.py:840} INFO - DAG(s) 'example_complex' retrieved from /home/airflow/.local/lib/python3.12/site-packages/airflow/example_dags/example_complex.py
[2025-06-12T14:47:02.333+0000] {logging_mixin.py:188} INFO - [2025-06-12T14:47:02.333+0000] {dag.py:3096} INFO - Sync 1 DAGs
[2025-06-12T14:47:02.339+0000] {logging_mixin.py:188} INFO - [2025-06-12T14:47:02.338+0000] {dag.py:3954} INFO - Setting next_dagrun for example_complex to None, run_after=None
[2025-06-12T14:47:02.350+0000] {processor.py:183} INFO - Processing /home/airflow/.local/lib/python3.12/site-packages/airflow/example_dags/example_complex.py took 0.078 seconds
[2025-06-12T14:47:33.024+0000] {processor.py:161} INFO - Started process (PID=204) to work on /home/airflow/.local/lib/python3.12/site-packages/airflow/example_dags/example_complex.py
[2025-06-12T14:47:33.025+0000] {processor.py:830} INFO - Processing file /home/airflow/.local/lib/python3.12/site-packages/airflow/example_dags/example_complex.py for tasks to queue
[2025-06-12T14:47:33.026+0000] {logging_mixin.py:188} INFO - [2025-06-12T14:47:33.026+0000] {dagbag.py:540} INFO - Filling up the DagBag from /home/airflow/.local/lib/python3.12/site-packages/airflow/example_dags/example_complex.py
[2025-06-12T14:47:33.030+0000] {processor.py:840} INFO - DAG(s) 'example_complex' retrieved from /home/airflow/.local/lib/python3.12/site-packages/airflow/example_dags/example_complex.py
[2025-06-12T14:47:33.044+0000] {logging_mixin.py:188} INFO - [2025-06-12T14:47:33.043+0000] {dag.py:3096} INFO - Sync 1 DAGs
[2025-06-12T14:47:33.049+0000] {logging_mixin.py:188} INFO - [2025-06-12T14:47:33.049+0000] {dag.py:3954} INFO - Setting next_dagrun for example_complex to None, run_after=None
[2025-06-12T14:47:33.056+0000] {processor.py:183} INFO - Processing /home/airflow/.local/lib/python3.12/site-packages/airflow/example_dags/example_complex.py took 0.035 seconds
[2025-06-12T14:48:03.155+0000] {processor.py:161} INFO - Started process (PID=271) to work on /home/airflow/.local/lib/python3.12/site-packages/airflow/example_dags/example_complex.py
[2025-06-12T14:48:03.157+0000] {processor.py:830} INFO - Processing file /home/airflow/.local/lib/python3.12/site-packages/airflow/example_dags/example_complex.py for tasks to queue
[2025-06-12T14:48:03.158+0000] {logging_mixin.py:188} INFO - [2025-06-12T14:48:03.158+0000] {dagbag.py:540} INFO - Filling up the DagBag from /home/airflow/.local/lib/python3.12/site-packages/airflow/example_dags/example_complex.py
[2025-06-12T14:48:03.162+0000] {processor.py:840} INFO - DAG(s) 'example_complex' retrieved from /home/airflow/.local/lib/python3.12/site-packages/airflow/example_dags/example_complex.py
[2025-06-12T14:48:03.180+0000] {logging_mixin.py:188} INFO - [2025-06-12T14:48:03.180+0000] {dag.py:3096} INFO - Sync 1 DAGs
[2025-06-12T14:48:03.186+0000] {logging_mixin.py:188} INFO - [2025-06-12T14:48:03.186+0000] {dag.py:3954} INFO - Setting next_dagrun for example_complex to None, run_after=None
[2025-06-12T14:48:03.199+0000] {processor.py:183} INFO - Processing /home/airflow/.local/lib/python3.12/site-packages/airflow/example_dags/example_complex.py took 0.046 seconds
[2025-06-12T15:07:49.959+0000] {processor.py:161} INFO - Started process (PID=64) to work on /home/airflow/.local/lib/python3.12/site-packages/airflow/example_dags/example_complex.py
[2025-06-12T15:07:49.960+0000] {processor.py:830} INFO - Processing file /home/airflow/.local/lib/python3.12/site-packages/airflow/example_dags/example_complex.py for tasks to queue
[2025-06-12T15:07:49.963+0000] {logging_mixin.py:188} INFO - [2025-06-12T15:07:49.962+0000] {dagbag.py:540} INFO - Filling up the DagBag from /home/airflow/.local/lib/python3.12/site-packages/airflow/example_dags/example_complex.py
[2025-06-12T15:07:49.974+0000] {processor.py:840} INFO - DAG(s) 'example_complex' retrieved from /home/airflow/.local/lib/python3.12/site-packages/airflow/example_dags/example_complex.py
[2025-06-12T15:07:50.015+0000] {logging_mixin.py:188} INFO - [2025-06-12T15:07:50.014+0000] {dag.py:3096} INFO - Sync 1 DAGs
[2025-06-12T15:07:50.041+0000] {logging_mixin.py:188} INFO - [2025-06-12T15:07:50.041+0000] {dag.py:3954} INFO - Setting next_dagrun for example_complex to None, run_after=None
[2025-06-12T15:07:50.080+0000] {processor.py:183} INFO - Processing /home/airflow/.local/lib/python3.12/site-packages/airflow/example_dags/example_complex.py took 0.125 seconds
[2025-06-12T15:08:20.686+0000] {processor.py:161} INFO - Started process (PID=131) to work on /home/airflow/.local/lib/python3.12/site-packages/airflow/example_dags/example_complex.py
[2025-06-12T15:08:20.687+0000] {processor.py:830} INFO - Processing file /home/airflow/.local/lib/python3.12/site-packages/airflow/example_dags/example_complex.py for tasks to queue
[2025-06-12T15:08:20.688+0000] {logging_mixin.py:188} INFO - [2025-06-12T15:08:20.687+0000] {dagbag.py:540} INFO - Filling up the DagBag from /home/airflow/.local/lib/python3.12/site-packages/airflow/example_dags/example_complex.py
[2025-06-12T15:08:20.692+0000] {processor.py:840} INFO - DAG(s) 'example_complex' retrieved from /home/airflow/.local/lib/python3.12/site-packages/airflow/example_dags/example_complex.py
[2025-06-12T15:08:20.747+0000] {logging_mixin.py:188} INFO - [2025-06-12T15:08:20.747+0000] {dag.py:3096} INFO - Sync 1 DAGs
[2025-06-12T15:08:20.751+0000] {logging_mixin.py:188} INFO - [2025-06-12T15:08:20.751+0000] {dag.py:3954} INFO - Setting next_dagrun for example_complex to None, run_after=None
[2025-06-12T15:08:20.764+0000] {processor.py:183} INFO - Processing /home/airflow/.local/lib/python3.12/site-packages/airflow/example_dags/example_complex.py took 0.081 seconds
[2025-06-12T15:08:51.744+0000] {processor.py:161} INFO - Started process (PID=205) to work on /home/airflow/.local/lib/python3.12/site-packages/airflow/example_dags/example_complex.py
[2025-06-12T15:08:51.746+0000] {processor.py:830} INFO - Processing file /home/airflow/.local/lib/python3.12/site-packages/airflow/example_dags/example_complex.py for tasks to queue
[2025-06-12T15:08:51.749+0000] {logging_mixin.py:188} INFO - [2025-06-12T15:08:51.749+0000] {dagbag.py:540} INFO - Filling up the DagBag from /home/airflow/.local/lib/python3.12/site-packages/airflow/example_dags/example_complex.py
[2025-06-12T15:08:51.756+0000] {processor.py:840} INFO - DAG(s) 'example_complex' retrieved from /home/airflow/.local/lib/python3.12/site-packages/airflow/example_dags/example_complex.py
[2025-06-12T15:08:51.783+0000] {logging_mixin.py:188} INFO - [2025-06-12T15:08:51.783+0000] {dag.py:3096} INFO - Sync 1 DAGs
[2025-06-12T15:08:51.793+0000] {logging_mixin.py:188} INFO - [2025-06-12T15:08:51.792+0000] {dag.py:3954} INFO - Setting next_dagrun for example_complex to None, run_after=None
[2025-06-12T15:08:51.814+0000] {processor.py:183} INFO - Processing /home/airflow/.local/lib/python3.12/site-packages/airflow/example_dags/example_complex.py took 0.078 seconds
[2025-06-12T15:09:22.043+0000] {processor.py:161} INFO - Started process (PID=272) to work on /home/airflow/.local/lib/python3.12/site-packages/airflow/example_dags/example_complex.py
[2025-06-12T15:09:22.045+0000] {processor.py:830} INFO - Processing file /home/airflow/.local/lib/python3.12/site-packages/airflow/example_dags/example_complex.py for tasks to queue
[2025-06-12T15:09:22.046+0000] {logging_mixin.py:188} INFO - [2025-06-12T15:09:22.046+0000] {dagbag.py:540} INFO - Filling up the DagBag from /home/airflow/.local/lib/python3.12/site-packages/airflow/example_dags/example_complex.py
[2025-06-12T15:09:22.051+0000] {processor.py:840} INFO - DAG(s) 'example_complex' retrieved from /home/airflow/.local/lib/python3.12/site-packages/airflow/example_dags/example_complex.py
[2025-06-12T15:09:22.069+0000] {logging_mixin.py:188} INFO - [2025-06-12T15:09:22.069+0000] {dag.py:3096} INFO - Sync 1 DAGs
[2025-06-12T15:09:22.076+0000] {logging_mixin.py:188} INFO - [2025-06-12T15:09:22.076+0000] {dag.py:3954} INFO - Setting next_dagrun for example_complex to None, run_after=None
[2025-06-12T15:09:22.084+0000] {processor.py:183} INFO - Processing /home/airflow/.local/lib/python3.12/site-packages/airflow/example_dags/example_complex.py took 0.044 seconds
[2025-06-12T15:09:52.549+0000] {processor.py:161} INFO - Started process (PID=346) to work on /home/airflow/.local/lib/python3.12/site-packages/airflow/example_dags/example_complex.py
[2025-06-12T15:09:52.549+0000] {processor.py:830} INFO - Processing file /home/airflow/.local/lib/python3.12/site-packages/airflow/example_dags/example_complex.py for tasks to queue
[2025-06-12T15:09:52.550+0000] {logging_mixin.py:188} INFO - [2025-06-12T15:09:52.550+0000] {dagbag.py:540} INFO - Filling up the DagBag from /home/airflow/.local/lib/python3.12/site-packages/airflow/example_dags/example_complex.py
[2025-06-12T15:09:52.554+0000] {processor.py:840} INFO - DAG(s) 'example_complex' retrieved from /home/airflow/.local/lib/python3.12/site-packages/airflow/example_dags/example_complex.py
[2025-06-12T15:09:52.567+0000] {logging_mixin.py:188} INFO - [2025-06-12T15:09:52.567+0000] {dag.py:3096} INFO - Sync 1 DAGs
[2025-06-12T15:09:52.572+0000] {logging_mixin.py:188} INFO - [2025-06-12T15:09:52.572+0000] {dag.py:3954} INFO - Setting next_dagrun for example_complex to None, run_after=None
[2025-06-12T15:09:52.578+0000] {processor.py:183} INFO - Processing /home/airflow/.local/lib/python3.12/site-packages/airflow/example_dags/example_complex.py took 0.032 seconds
[2025-06-12T15:10:22.634+0000] {processor.py:161} INFO - Started process (PID=413) to work on /home/airflow/.local/lib/python3.12/site-packages/airflow/example_dags/example_complex.py
[2025-06-12T15:10:22.635+0000] {processor.py:830} INFO - Processing file /home/airflow/.local/lib/python3.12/site-packages/airflow/example_dags/example_complex.py for tasks to queue
[2025-06-12T15:10:22.636+0000] {logging_mixin.py:188} INFO - [2025-06-12T15:10:22.635+0000] {dagbag.py:540} INFO - Filling up the DagBag from /home/airflow/.local/lib/python3.12/site-packages/airflow/example_dags/example_complex.py
[2025-06-12T15:10:22.641+0000] {processor.py:840} INFO - DAG(s) 'example_complex' retrieved from /home/airflow/.local/lib/python3.12/site-packages/airflow/example_dags/example_complex.py
[2025-06-12T15:10:22.659+0000] {logging_mixin.py:188} INFO - [2025-06-12T15:10:22.658+0000] {dag.py:3096} INFO - Sync 1 DAGs
[2025-06-12T15:10:22.665+0000] {logging_mixin.py:188} INFO - [2025-06-12T15:10:22.665+0000] {dag.py:3954} INFO - Setting next_dagrun for example_complex to None, run_after=None
[2025-06-12T15:10:22.677+0000] {processor.py:183} INFO - Processing /home/airflow/.local/lib/python3.12/site-packages/airflow/example_dags/example_complex.py took 0.046 seconds
[2025-06-12T15:10:52.832+0000] {processor.py:161} INFO - Started process (PID=487) to work on /home/airflow/.local/lib/python3.12/site-packages/airflow/example_dags/example_complex.py
[2025-06-12T15:10:52.833+0000] {processor.py:830} INFO - Processing file /home/airflow/.local/lib/python3.12/site-packages/airflow/example_dags/example_complex.py for tasks to queue
[2025-06-12T15:10:52.833+0000] {logging_mixin.py:188} INFO - [2025-06-12T15:10:52.833+0000] {dagbag.py:540} INFO - Filling up the DagBag from /home/airflow/.local/lib/python3.12/site-packages/airflow/example_dags/example_complex.py
[2025-06-12T15:10:52.838+0000] {processor.py:840} INFO - DAG(s) 'example_complex' retrieved from /home/airflow/.local/lib/python3.12/site-packages/airflow/example_dags/example_complex.py
[2025-06-12T15:10:52.858+0000] {logging_mixin.py:188} INFO - [2025-06-12T15:10:52.858+0000] {dag.py:3096} INFO - Sync 1 DAGs
[2025-06-12T15:10:52.864+0000] {logging_mixin.py:188} INFO - [2025-06-12T15:10:52.864+0000] {dag.py:3954} INFO - Setting next_dagrun for example_complex to None, run_after=None
[2025-06-12T15:10:52.876+0000] {processor.py:183} INFO - Processing /home/airflow/.local/lib/python3.12/site-packages/airflow/example_dags/example_complex.py took 0.047 seconds
[2025-06-12T15:11:23.174+0000] {processor.py:161} INFO - Started process (PID=560) to work on /home/airflow/.local/lib/python3.12/site-packages/airflow/example_dags/example_complex.py
[2025-06-12T15:11:23.175+0000] {processor.py:830} INFO - Processing file /home/airflow/.local/lib/python3.12/site-packages/airflow/example_dags/example_complex.py for tasks to queue
[2025-06-12T15:11:23.177+0000] {logging_mixin.py:188} INFO - [2025-06-12T15:11:23.176+0000] {dagbag.py:540} INFO - Filling up the DagBag from /home/airflow/.local/lib/python3.12/site-packages/airflow/example_dags/example_complex.py
[2025-06-12T15:11:23.182+0000] {processor.py:840} INFO - DAG(s) 'example_complex' retrieved from /home/airflow/.local/lib/python3.12/site-packages/airflow/example_dags/example_complex.py
[2025-06-12T15:11:23.222+0000] {logging_mixin.py:188} INFO - [2025-06-12T15:11:23.221+0000] {dag.py:3096} INFO - Sync 1 DAGs
[2025-06-12T15:11:23.230+0000] {logging_mixin.py:188} INFO - [2025-06-12T15:11:23.230+0000] {dag.py:3954} INFO - Setting next_dagrun for example_complex to None, run_after=None
[2025-06-12T15:11:23.239+0000] {processor.py:183} INFO - Processing /home/airflow/.local/lib/python3.12/site-packages/airflow/example_dags/example_complex.py took 0.071 seconds
[2025-06-12T15:11:53.433+0000] {processor.py:161} INFO - Started process (PID=626) to work on /home/airflow/.local/lib/python3.12/site-packages/airflow/example_dags/example_complex.py
[2025-06-12T15:11:53.435+0000] {processor.py:830} INFO - Processing file /home/airflow/.local/lib/python3.12/site-packages/airflow/example_dags/example_complex.py for tasks to queue
[2025-06-12T15:11:53.435+0000] {logging_mixin.py:188} INFO - [2025-06-12T15:11:53.435+0000] {dagbag.py:540} INFO - Filling up the DagBag from /home/airflow/.local/lib/python3.12/site-packages/airflow/example_dags/example_complex.py
[2025-06-12T15:11:53.440+0000] {processor.py:840} INFO - DAG(s) 'example_complex' retrieved from /home/airflow/.local/lib/python3.12/site-packages/airflow/example_dags/example_complex.py
[2025-06-12T15:11:53.457+0000] {logging_mixin.py:188} INFO - [2025-06-12T15:11:53.457+0000] {dag.py:3096} INFO - Sync 1 DAGs
[2025-06-12T15:11:53.465+0000] {logging_mixin.py:188} INFO - [2025-06-12T15:11:53.465+0000] {dag.py:3954} INFO - Setting next_dagrun for example_complex to None, run_after=None
[2025-06-12T15:11:53.476+0000] {processor.py:183} INFO - Processing /home/airflow/.local/lib/python3.12/site-packages/airflow/example_dags/example_complex.py took 0.045 seconds
[2025-06-12T15:12:23.640+0000] {processor.py:161} INFO - Started process (PID=699) to work on /home/airflow/.local/lib/python3.12/site-packages/airflow/example_dags/example_complex.py
[2025-06-12T15:12:23.641+0000] {processor.py:830} INFO - Processing file /home/airflow/.local/lib/python3.12/site-packages/airflow/example_dags/example_complex.py for tasks to queue
[2025-06-12T15:12:23.642+0000] {logging_mixin.py:188} INFO - [2025-06-12T15:12:23.642+0000] {dagbag.py:540} INFO - Filling up the DagBag from /home/airflow/.local/lib/python3.12/site-packages/airflow/example_dags/example_complex.py
[2025-06-12T15:12:23.647+0000] {processor.py:840} INFO - DAG(s) 'example_complex' retrieved from /home/airflow/.local/lib/python3.12/site-packages/airflow/example_dags/example_complex.py
[2025-06-12T15:12:23.667+0000] {logging_mixin.py:188} INFO - [2025-06-12T15:12:23.667+0000] {dag.py:3096} INFO - Sync 1 DAGs
[2025-06-12T15:12:23.674+0000] {logging_mixin.py:188} INFO - [2025-06-12T15:12:23.674+0000] {dag.py:3954} INFO - Setting next_dagrun for example_complex to None, run_after=None
[2025-06-12T15:12:23.683+0000] {processor.py:183} INFO - Processing /home/airflow/.local/lib/python3.12/site-packages/airflow/example_dags/example_complex.py took 0.046 seconds
[2025-06-12T15:12:54.783+0000] {processor.py:161} INFO - Started process (PID=773) to work on /home/airflow/.local/lib/python3.12/site-packages/airflow/example_dags/example_complex.py
[2025-06-12T15:12:54.784+0000] {processor.py:830} INFO - Processing file /home/airflow/.local/lib/python3.12/site-packages/airflow/example_dags/example_complex.py for tasks to queue
[2025-06-12T15:12:54.785+0000] {logging_mixin.py:188} INFO - [2025-06-12T15:12:54.785+0000] {dagbag.py:540} INFO - Filling up the DagBag from /home/airflow/.local/lib/python3.12/site-packages/airflow/example_dags/example_complex.py
[2025-06-12T15:12:54.791+0000] {processor.py:840} INFO - DAG(s) 'example_complex' retrieved from /home/airflow/.local/lib/python3.12/site-packages/airflow/example_dags/example_complex.py
[2025-06-12T15:12:54.824+0000] {logging_mixin.py:188} INFO - [2025-06-12T15:12:54.824+0000] {dag.py:3096} INFO - Sync 1 DAGs
[2025-06-12T15:12:54.835+0000] {logging_mixin.py:188} INFO - [2025-06-12T15:12:54.834+0000] {dag.py:3954} INFO - Setting next_dagrun for example_complex to None, run_after=None
[2025-06-12T15:12:54.854+0000] {processor.py:183} INFO - Processing /home/airflow/.local/lib/python3.12/site-packages/airflow/example_dags/example_complex.py took 0.075 seconds
[2025-06-12T15:13:25.724+0000] {processor.py:161} INFO - Started process (PID=840) to work on /home/airflow/.local/lib/python3.12/site-packages/airflow/example_dags/example_complex.py
[2025-06-12T15:13:25.724+0000] {processor.py:830} INFO - Processing file /home/airflow/.local/lib/python3.12/site-packages/airflow/example_dags/example_complex.py for tasks to queue
[2025-06-12T15:13:25.725+0000] {logging_mixin.py:188} INFO - [2025-06-12T15:13:25.725+0000] {dagbag.py:540} INFO - Filling up the DagBag from /home/airflow/.local/lib/python3.12/site-packages/airflow/example_dags/example_complex.py
[2025-06-12T15:13:25.730+0000] {processor.py:840} INFO - DAG(s) 'example_complex' retrieved from /home/airflow/.local/lib/python3.12/site-packages/airflow/example_dags/example_complex.py
[2025-06-12T15:13:25.743+0000] {logging_mixin.py:188} INFO - [2025-06-12T15:13:25.743+0000] {dag.py:3096} INFO - Sync 1 DAGs
[2025-06-12T15:13:25.748+0000] {logging_mixin.py:188} INFO - [2025-06-12T15:13:25.748+0000] {dag.py:3954} INFO - Setting next_dagrun for example_complex to None, run_after=None
[2025-06-12T15:13:25.755+0000] {processor.py:183} INFO - Processing /home/airflow/.local/lib/python3.12/site-packages/airflow/example_dags/example_complex.py took 0.034 seconds
[2025-06-12T15:13:56.069+0000] {processor.py:161} INFO - Started process (PID=914) to work on /home/airflow/.local/lib/python3.12/site-packages/airflow/example_dags/example_complex.py
[2025-06-12T15:13:56.070+0000] {processor.py:830} INFO - Processing file /home/airflow/.local/lib/python3.12/site-packages/airflow/example_dags/example_complex.py for tasks to queue
[2025-06-12T15:13:56.071+0000] {logging_mixin.py:188} INFO - [2025-06-12T15:13:56.071+0000] {dagbag.py:540} INFO - Filling up the DagBag from /home/airflow/.local/lib/python3.12/site-packages/airflow/example_dags/example_complex.py
[2025-06-12T15:13:56.075+0000] {processor.py:840} INFO - DAG(s) 'example_complex' retrieved from /home/airflow/.local/lib/python3.12/site-packages/airflow/example_dags/example_complex.py
[2025-06-12T15:13:56.091+0000] {logging_mixin.py:188} INFO - [2025-06-12T15:13:56.091+0000] {dag.py:3096} INFO - Sync 1 DAGs
[2025-06-12T15:13:56.098+0000] {logging_mixin.py:188} INFO - [2025-06-12T15:13:56.098+0000] {dag.py:3954} INFO - Setting next_dagrun for example_complex to None, run_after=None
[2025-06-12T15:13:56.108+0000] {processor.py:183} INFO - Processing /home/airflow/.local/lib/python3.12/site-packages/airflow/example_dags/example_complex.py took 0.041 seconds
[2025-06-12T15:14:26.567+0000] {processor.py:161} INFO - Started process (PID=989) to work on /home/airflow/.local/lib/python3.12/site-packages/airflow/example_dags/example_complex.py
[2025-06-12T15:14:26.567+0000] {processor.py:830} INFO - Processing file /home/airflow/.local/lib/python3.12/site-packages/airflow/example_dags/example_complex.py for tasks to queue
[2025-06-12T15:14:26.568+0000] {logging_mixin.py:188} INFO - [2025-06-12T15:14:26.568+0000] {dagbag.py:540} INFO - Filling up the DagBag from /home/airflow/.local/lib/python3.12/site-packages/airflow/example_dags/example_complex.py
[2025-06-12T15:14:26.573+0000] {processor.py:840} INFO - DAG(s) 'example_complex' retrieved from /home/airflow/.local/lib/python3.12/site-packages/airflow/example_dags/example_complex.py
[2025-06-12T15:14:26.593+0000] {logging_mixin.py:188} INFO - [2025-06-12T15:14:26.593+0000] {dag.py:3096} INFO - Sync 1 DAGs
[2025-06-12T15:14:26.600+0000] {logging_mixin.py:188} INFO - [2025-06-12T15:14:26.600+0000] {dag.py:3954} INFO - Setting next_dagrun for example_complex to None, run_after=None
[2025-06-12T15:14:26.612+0000] {processor.py:183} INFO - Processing /home/airflow/.local/lib/python3.12/site-packages/airflow/example_dags/example_complex.py took 0.048 seconds
[2025-06-12T15:14:56.882+0000] {processor.py:161} INFO - Started process (PID=1056) to work on /home/airflow/.local/lib/python3.12/site-packages/airflow/example_dags/example_complex.py
[2025-06-12T15:14:56.883+0000] {processor.py:830} INFO - Processing file /home/airflow/.local/lib/python3.12/site-packages/airflow/example_dags/example_complex.py for tasks to queue
[2025-06-12T15:14:56.884+0000] {logging_mixin.py:188} INFO - [2025-06-12T15:14:56.884+0000] {dagbag.py:540} INFO - Filling up the DagBag from /home/airflow/.local/lib/python3.12/site-packages/airflow/example_dags/example_complex.py
[2025-06-12T15:14:56.890+0000] {processor.py:840} INFO - DAG(s) 'example_complex' retrieved from /home/airflow/.local/lib/python3.12/site-packages/airflow/example_dags/example_complex.py
[2025-06-12T15:14:56.910+0000] {logging_mixin.py:188} INFO - [2025-06-12T15:14:56.910+0000] {dag.py:3096} INFO - Sync 1 DAGs
[2025-06-12T15:14:56.919+0000] {logging_mixin.py:188} INFO - [2025-06-12T15:14:56.919+0000] {dag.py:3954} INFO - Setting next_dagrun for example_complex to None, run_after=None
[2025-06-12T15:14:56.992+0000] {processor.py:183} INFO - Processing /home/airflow/.local/lib/python3.12/site-packages/airflow/example_dags/example_complex.py took 0.113 seconds
[2025-06-12T15:15:27.194+0000] {processor.py:161} INFO - Started process (PID=1130) to work on /home/airflow/.local/lib/python3.12/site-packages/airflow/example_dags/example_complex.py
[2025-06-12T15:15:27.195+0000] {processor.py:830} INFO - Processing file /home/airflow/.local/lib/python3.12/site-packages/airflow/example_dags/example_complex.py for tasks to queue
[2025-06-12T15:15:27.195+0000] {logging_mixin.py:188} INFO - [2025-06-12T15:15:27.195+0000] {dagbag.py:540} INFO - Filling up the DagBag from /home/airflow/.local/lib/python3.12/site-packages/airflow/example_dags/example_complex.py
[2025-06-12T15:15:27.200+0000] {processor.py:840} INFO - DAG(s) 'example_complex' retrieved from /home/airflow/.local/lib/python3.12/site-packages/airflow/example_dags/example_complex.py
[2025-06-12T15:15:27.216+0000] {logging_mixin.py:188} INFO - [2025-06-12T15:15:27.215+0000] {dag.py:3096} INFO - Sync 1 DAGs
[2025-06-12T15:15:27.221+0000] {logging_mixin.py:188} INFO - [2025-06-12T15:15:27.220+0000] {dag.py:3954} INFO - Setting next_dagrun for example_complex to None, run_after=None
[2025-06-12T15:15:27.228+0000] {processor.py:183} INFO - Processing /home/airflow/.local/lib/python3.12/site-packages/airflow/example_dags/example_complex.py took 0.036 seconds
[2025-06-12T15:15:57.771+0000] {processor.py:161} INFO - Started process (PID=1197) to work on /home/airflow/.local/lib/python3.12/site-packages/airflow/example_dags/example_complex.py
[2025-06-12T15:15:57.772+0000] {processor.py:830} INFO - Processing file /home/airflow/.local/lib/python3.12/site-packages/airflow/example_dags/example_complex.py for tasks to queue
[2025-06-12T15:15:57.773+0000] {logging_mixin.py:188} INFO - [2025-06-12T15:15:57.773+0000] {dagbag.py:540} INFO - Filling up the DagBag from /home/airflow/.local/lib/python3.12/site-packages/airflow/example_dags/example_complex.py
[2025-06-12T15:15:57.778+0000] {processor.py:840} INFO - DAG(s) 'example_complex' retrieved from /home/airflow/.local/lib/python3.12/site-packages/airflow/example_dags/example_complex.py
[2025-06-12T15:15:57.791+0000] {logging_mixin.py:188} INFO - [2025-06-12T15:15:57.791+0000] {dag.py:3096} INFO - Sync 1 DAGs
[2025-06-12T15:15:57.796+0000] {logging_mixin.py:188} INFO - [2025-06-12T15:15:57.796+0000] {dag.py:3954} INFO - Setting next_dagrun for example_complex to None, run_after=None
[2025-06-12T15:15:57.802+0000] {processor.py:183} INFO - Processing /home/airflow/.local/lib/python3.12/site-packages/airflow/example_dags/example_complex.py took 0.035 seconds
[2025-06-12T15:16:28.893+0000] {processor.py:161} INFO - Started process (PID=1271) to work on /home/airflow/.local/lib/python3.12/site-packages/airflow/example_dags/example_complex.py
[2025-06-12T15:16:28.893+0000] {processor.py:830} INFO - Processing file /home/airflow/.local/lib/python3.12/site-packages/airflow/example_dags/example_complex.py for tasks to queue
[2025-06-12T15:16:28.894+0000] {logging_mixin.py:188} INFO - [2025-06-12T15:16:28.894+0000] {dagbag.py:540} INFO - Filling up the DagBag from /home/airflow/.local/lib/python3.12/site-packages/airflow/example_dags/example_complex.py
[2025-06-12T15:16:28.899+0000] {processor.py:840} INFO - DAG(s) 'example_complex' retrieved from /home/airflow/.local/lib/python3.12/site-packages/airflow/example_dags/example_complex.py
[2025-06-12T15:16:28.918+0000] {logging_mixin.py:188} INFO - [2025-06-12T15:16:28.918+0000] {dag.py:3096} INFO - Sync 1 DAGs
[2025-06-12T15:16:28.924+0000] {logging_mixin.py:188} INFO - [2025-06-12T15:16:28.924+0000] {dag.py:3954} INFO - Setting next_dagrun for example_complex to None, run_after=None
[2025-06-12T15:16:28.934+0000] {processor.py:183} INFO - Processing /home/airflow/.local/lib/python3.12/site-packages/airflow/example_dags/example_complex.py took 0.044 seconds
[2025-06-12T15:16:59.871+0000] {processor.py:161} INFO - Started process (PID=1345) to work on /home/airflow/.local/lib/python3.12/site-packages/airflow/example_dags/example_complex.py
[2025-06-12T15:16:59.872+0000] {processor.py:830} INFO - Processing file /home/airflow/.local/lib/python3.12/site-packages/airflow/example_dags/example_complex.py for tasks to queue
[2025-06-12T15:16:59.873+0000] {logging_mixin.py:188} INFO - [2025-06-12T15:16:59.873+0000] {dagbag.py:540} INFO - Filling up the DagBag from /home/airflow/.local/lib/python3.12/site-packages/airflow/example_dags/example_complex.py
[2025-06-12T15:16:59.877+0000] {processor.py:840} INFO - DAG(s) 'example_complex' retrieved from /home/airflow/.local/lib/python3.12/site-packages/airflow/example_dags/example_complex.py
[2025-06-12T15:16:59.892+0000] {logging_mixin.py:188} INFO - [2025-06-12T15:16:59.892+0000] {dag.py:3096} INFO - Sync 1 DAGs
[2025-06-12T15:16:59.898+0000] {logging_mixin.py:188} INFO - [2025-06-12T15:16:59.898+0000] {dag.py:3954} INFO - Setting next_dagrun for example_complex to None, run_after=None
[2025-06-12T15:16:59.906+0000] {processor.py:183} INFO - Processing /home/airflow/.local/lib/python3.12/site-packages/airflow/example_dags/example_complex.py took 0.038 seconds
[2025-06-12T15:17:30.600+0000] {processor.py:161} INFO - Started process (PID=1412) to work on /home/airflow/.local/lib/python3.12/site-packages/airflow/example_dags/example_complex.py
[2025-06-12T15:17:30.601+0000] {processor.py:830} INFO - Processing file /home/airflow/.local/lib/python3.12/site-packages/airflow/example_dags/example_complex.py for tasks to queue
[2025-06-12T15:17:30.602+0000] {logging_mixin.py:188} INFO - [2025-06-12T15:17:30.601+0000] {dagbag.py:540} INFO - Filling up the DagBag from /home/airflow/.local/lib/python3.12/site-packages/airflow/example_dags/example_complex.py
[2025-06-12T15:17:30.608+0000] {processor.py:840} INFO - DAG(s) 'example_complex' retrieved from /home/airflow/.local/lib/python3.12/site-packages/airflow/example_dags/example_complex.py
[2025-06-12T15:17:30.725+0000] {logging_mixin.py:188} INFO - [2025-06-12T15:17:30.725+0000] {dag.py:3096} INFO - Sync 1 DAGs
[2025-06-12T15:17:30.730+0000] {logging_mixin.py:188} INFO - [2025-06-12T15:17:30.730+0000] {dag.py:3954} INFO - Setting next_dagrun for example_complex to None, run_after=None
[2025-06-12T15:17:30.738+0000] {processor.py:183} INFO - Processing /home/airflow/.local/lib/python3.12/site-packages/airflow/example_dags/example_complex.py took 0.142 seconds
[2025-06-12T15:18:00.763+0000] {processor.py:161} INFO - Started process (PID=1486) to work on /home/airflow/.local/lib/python3.12/site-packages/airflow/example_dags/example_complex.py
[2025-06-12T15:18:00.764+0000] {processor.py:830} INFO - Processing file /home/airflow/.local/lib/python3.12/site-packages/airflow/example_dags/example_complex.py for tasks to queue
[2025-06-12T15:18:00.765+0000] {logging_mixin.py:188} INFO - [2025-06-12T15:18:00.764+0000] {dagbag.py:540} INFO - Filling up the DagBag from /home/airflow/.local/lib/python3.12/site-packages/airflow/example_dags/example_complex.py
[2025-06-12T15:18:00.769+0000] {processor.py:840} INFO - DAG(s) 'example_complex' retrieved from /home/airflow/.local/lib/python3.12/site-packages/airflow/example_dags/example_complex.py
[2025-06-12T15:18:00.784+0000] {logging_mixin.py:188} INFO - [2025-06-12T15:18:00.784+0000] {dag.py:3096} INFO - Sync 1 DAGs
[2025-06-12T15:18:00.789+0000] {logging_mixin.py:188} INFO - [2025-06-12T15:18:00.789+0000] {dag.py:3954} INFO - Setting next_dagrun for example_complex to None, run_after=None
[2025-06-12T15:18:00.796+0000] {processor.py:183} INFO - Processing /home/airflow/.local/lib/python3.12/site-packages/airflow/example_dags/example_complex.py took 0.035 seconds
[2025-06-12T15:18:31.340+0000] {processor.py:161} INFO - Started process (PID=1560) to work on /home/airflow/.local/lib/python3.12/site-packages/airflow/example_dags/example_complex.py
[2025-06-12T15:18:31.342+0000] {processor.py:830} INFO - Processing file /home/airflow/.local/lib/python3.12/site-packages/airflow/example_dags/example_complex.py for tasks to queue
[2025-06-12T15:18:31.344+0000] {logging_mixin.py:188} INFO - [2025-06-12T15:18:31.343+0000] {dagbag.py:540} INFO - Filling up the DagBag from /home/airflow/.local/lib/python3.12/site-packages/airflow/example_dags/example_complex.py
[2025-06-12T15:18:31.350+0000] {processor.py:840} INFO - DAG(s) 'example_complex' retrieved from /home/airflow/.local/lib/python3.12/site-packages/airflow/example_dags/example_complex.py
[2025-06-12T15:18:31.385+0000] {logging_mixin.py:188} INFO - [2025-06-12T15:18:31.385+0000] {dag.py:3096} INFO - Sync 1 DAGs
[2025-06-12T15:18:31.406+0000] {logging_mixin.py:188} INFO - [2025-06-12T15:18:31.405+0000] {dag.py:3954} INFO - Setting next_dagrun for example_complex to None, run_after=None
[2025-06-12T15:18:31.424+0000] {processor.py:183} INFO - Processing /home/airflow/.local/lib/python3.12/site-packages/airflow/example_dags/example_complex.py took 0.089 seconds
