[2025-06-12T13:58:41.213+0000] {processor.py:161} INFO - Started process (PID=76) to work on /home/airflow/.local/lib/python3.12/site-packages/airflow/example_dags/example_branch_operator.py
[2025-06-12T13:58:41.216+0000] {processor.py:830} INFO - Processing file /home/airflow/.local/lib/python3.12/site-packages/airflow/example_dags/example_branch_operator.py for tasks to queue
[2025-06-12T13:58:41.222+0000] {logging_mixin.py:188} INFO - [2025-06-12T13:58:41.221+0000] {dagbag.py:540} INFO - Filling up the DagBag from /home/airflow/.local/lib/python3.12/site-packages/airflow/example_dags/example_branch_operator.py
[2025-06-12T13:58:41.302+0000] {processor.py:840} INFO - DAG(s) 'example_branch_operator' retrieved from /home/airflow/.local/lib/python3.12/site-packages/airflow/example_dags/example_branch_operator.py
[2025-06-12T13:58:41.350+0000] {logging_mixin.py:188} INFO - [2025-06-12T13:58:41.349+0000] {dag.py:3096} INFO - Sync 1 DAGs
[2025-06-12T13:58:41.394+0000] {logging_mixin.py:188} INFO - [2025-06-12T13:58:41.394+0000] {dag.py:3954} INFO - Setting next_dagrun for example_branch_operator to 2025-06-11 00:00:00+00:00, run_after=2025-06-12 00:00:00+00:00
[2025-06-12T13:58:41.422+0000] {processor.py:183} INFO - Processing /home/airflow/.local/lib/python3.12/site-packages/airflow/example_dags/example_branch_operator.py took 0.231 seconds
[2025-06-12T13:59:11.734+0000] {processor.py:161} INFO - Started process (PID=143) to work on /home/airflow/.local/lib/python3.12/site-packages/airflow/example_dags/example_branch_operator.py
[2025-06-12T13:59:11.735+0000] {processor.py:830} INFO - Processing file /home/airflow/.local/lib/python3.12/site-packages/airflow/example_dags/example_branch_operator.py for tasks to queue
[2025-06-12T13:59:11.737+0000] {logging_mixin.py:188} INFO - [2025-06-12T13:59:11.737+0000] {dagbag.py:540} INFO - Filling up the DagBag from /home/airflow/.local/lib/python3.12/site-packages/airflow/example_dags/example_branch_operator.py
[2025-06-12T13:59:11.749+0000] {processor.py:840} INFO - DAG(s) 'example_branch_operator' retrieved from /home/airflow/.local/lib/python3.12/site-packages/airflow/example_dags/example_branch_operator.py
[2025-06-12T13:59:11.795+0000] {logging_mixin.py:188} INFO - [2025-06-12T13:59:11.795+0000] {dag.py:3096} INFO - Sync 1 DAGs
[2025-06-12T13:59:11.805+0000] {logging_mixin.py:188} INFO - [2025-06-12T13:59:11.805+0000] {dag.py:3954} INFO - Setting next_dagrun for example_branch_operator to 2025-06-11 00:00:00+00:00, run_after=2025-06-12 00:00:00+00:00
[2025-06-12T13:59:11.813+0000] {processor.py:183} INFO - Processing /home/airflow/.local/lib/python3.12/site-packages/airflow/example_dags/example_branch_operator.py took 0.082 seconds
[2025-06-12T13:59:42.259+0000] {processor.py:161} INFO - Started process (PID=217) to work on /home/airflow/.local/lib/python3.12/site-packages/airflow/example_dags/example_branch_operator.py
[2025-06-12T13:59:42.259+0000] {processor.py:830} INFO - Processing file /home/airflow/.local/lib/python3.12/site-packages/airflow/example_dags/example_branch_operator.py for tasks to queue
[2025-06-12T13:59:42.261+0000] {logging_mixin.py:188} INFO - [2025-06-12T13:59:42.260+0000] {dagbag.py:540} INFO - Filling up the DagBag from /home/airflow/.local/lib/python3.12/site-packages/airflow/example_dags/example_branch_operator.py
[2025-06-12T13:59:42.272+0000] {processor.py:840} INFO - DAG(s) 'example_branch_operator' retrieved from /home/airflow/.local/lib/python3.12/site-packages/airflow/example_dags/example_branch_operator.py
[2025-06-12T13:59:42.291+0000] {logging_mixin.py:188} INFO - [2025-06-12T13:59:42.291+0000] {dag.py:3096} INFO - Sync 1 DAGs
[2025-06-12T13:59:42.306+0000] {logging_mixin.py:188} INFO - [2025-06-12T13:59:42.305+0000] {dag.py:3954} INFO - Setting next_dagrun for example_branch_operator to 2025-06-11 00:00:00+00:00, run_after=2025-06-12 00:00:00+00:00
[2025-06-12T13:59:42.317+0000] {processor.py:183} INFO - Processing /home/airflow/.local/lib/python3.12/site-packages/airflow/example_dags/example_branch_operator.py took 0.062 seconds
[2025-06-12T14:00:12.916+0000] {processor.py:161} INFO - Started process (PID=284) to work on /home/airflow/.local/lib/python3.12/site-packages/airflow/example_dags/example_branch_operator.py
[2025-06-12T14:00:12.919+0000] {processor.py:830} INFO - Processing file /home/airflow/.local/lib/python3.12/site-packages/airflow/example_dags/example_branch_operator.py for tasks to queue
[2025-06-12T14:00:12.921+0000] {logging_mixin.py:188} INFO - [2025-06-12T14:00:12.921+0000] {dagbag.py:540} INFO - Filling up the DagBag from /home/airflow/.local/lib/python3.12/site-packages/airflow/example_dags/example_branch_operator.py
[2025-06-12T14:00:12.928+0000] {processor.py:840} INFO - DAG(s) 'example_branch_operator' retrieved from /home/airflow/.local/lib/python3.12/site-packages/airflow/example_dags/example_branch_operator.py
[2025-06-12T14:00:12.944+0000] {logging_mixin.py:188} INFO - [2025-06-12T14:00:12.944+0000] {dag.py:3096} INFO - Sync 1 DAGs
[2025-06-12T14:00:12.955+0000] {logging_mixin.py:188} INFO - [2025-06-12T14:00:12.955+0000] {dag.py:3954} INFO - Setting next_dagrun for example_branch_operator to 2025-06-11 00:00:00+00:00, run_after=2025-06-12 00:00:00+00:00
[2025-06-12T14:00:12.965+0000] {processor.py:183} INFO - Processing /home/airflow/.local/lib/python3.12/site-packages/airflow/example_dags/example_branch_operator.py took 0.051 seconds
[2025-06-12T14:00:43.171+0000] {processor.py:161} INFO - Started process (PID=358) to work on /home/airflow/.local/lib/python3.12/site-packages/airflow/example_dags/example_branch_operator.py
[2025-06-12T14:00:43.172+0000] {processor.py:830} INFO - Processing file /home/airflow/.local/lib/python3.12/site-packages/airflow/example_dags/example_branch_operator.py for tasks to queue
[2025-06-12T14:00:43.173+0000] {logging_mixin.py:188} INFO - [2025-06-12T14:00:43.173+0000] {dagbag.py:540} INFO - Filling up the DagBag from /home/airflow/.local/lib/python3.12/site-packages/airflow/example_dags/example_branch_operator.py
[2025-06-12T14:00:43.181+0000] {processor.py:840} INFO - DAG(s) 'example_branch_operator' retrieved from /home/airflow/.local/lib/python3.12/site-packages/airflow/example_dags/example_branch_operator.py
[2025-06-12T14:00:43.197+0000] {logging_mixin.py:188} INFO - [2025-06-12T14:00:43.197+0000] {dag.py:3096} INFO - Sync 1 DAGs
[2025-06-12T14:00:43.216+0000] {logging_mixin.py:188} INFO - [2025-06-12T14:00:43.215+0000] {dag.py:3954} INFO - Setting next_dagrun for example_branch_operator to 2025-06-11 00:00:00+00:00, run_after=2025-06-12 00:00:00+00:00
[2025-06-12T14:00:43.228+0000] {processor.py:183} INFO - Processing /home/airflow/.local/lib/python3.12/site-packages/airflow/example_dags/example_branch_operator.py took 0.060 seconds
[2025-06-12T14:01:14.306+0000] {processor.py:161} INFO - Started process (PID=425) to work on /home/airflow/.local/lib/python3.12/site-packages/airflow/example_dags/example_branch_operator.py
[2025-06-12T14:01:14.307+0000] {processor.py:830} INFO - Processing file /home/airflow/.local/lib/python3.12/site-packages/airflow/example_dags/example_branch_operator.py for tasks to queue
[2025-06-12T14:01:14.308+0000] {logging_mixin.py:188} INFO - [2025-06-12T14:01:14.308+0000] {dagbag.py:540} INFO - Filling up the DagBag from /home/airflow/.local/lib/python3.12/site-packages/airflow/example_dags/example_branch_operator.py
[2025-06-12T14:01:14.318+0000] {processor.py:840} INFO - DAG(s) 'example_branch_operator' retrieved from /home/airflow/.local/lib/python3.12/site-packages/airflow/example_dags/example_branch_operator.py
[2025-06-12T14:01:14.338+0000] {logging_mixin.py:188} INFO - [2025-06-12T14:01:14.337+0000] {dag.py:3096} INFO - Sync 1 DAGs
[2025-06-12T14:01:14.352+0000] {logging_mixin.py:188} INFO - [2025-06-12T14:01:14.352+0000] {dag.py:3954} INFO - Setting next_dagrun for example_branch_operator to 2025-06-11 00:00:00+00:00, run_after=2025-06-12 00:00:00+00:00
[2025-06-12T14:01:14.368+0000] {processor.py:183} INFO - Processing /home/airflow/.local/lib/python3.12/site-packages/airflow/example_dags/example_branch_operator.py took 0.068 seconds
[2025-06-12T14:15:49.134+0000] {processor.py:161} INFO - Started process (PID=77) to work on /home/airflow/.local/lib/python3.12/site-packages/airflow/example_dags/example_branch_operator.py
[2025-06-12T14:15:49.135+0000] {processor.py:830} INFO - Processing file /home/airflow/.local/lib/python3.12/site-packages/airflow/example_dags/example_branch_operator.py for tasks to queue
[2025-06-12T14:15:49.136+0000] {logging_mixin.py:188} INFO - [2025-06-12T14:15:49.136+0000] {dagbag.py:540} INFO - Filling up the DagBag from /home/airflow/.local/lib/python3.12/site-packages/airflow/example_dags/example_branch_operator.py
[2025-06-12T14:15:49.153+0000] {processor.py:840} INFO - DAG(s) 'example_branch_operator' retrieved from /home/airflow/.local/lib/python3.12/site-packages/airflow/example_dags/example_branch_operator.py
[2025-06-12T14:15:49.167+0000] {logging_mixin.py:188} INFO - [2025-06-12T14:15:49.166+0000] {dag.py:3096} INFO - Sync 1 DAGs
[2025-06-12T14:15:49.178+0000] {logging_mixin.py:188} INFO - [2025-06-12T14:15:49.178+0000] {dag.py:3954} INFO - Setting next_dagrun for example_branch_operator to 2025-06-11 00:00:00+00:00, run_after=2025-06-12 00:00:00+00:00
[2025-06-12T14:15:49.187+0000] {processor.py:183} INFO - Processing /home/airflow/.local/lib/python3.12/site-packages/airflow/example_dags/example_branch_operator.py took 0.056 seconds
[2025-06-12T14:16:20.231+0000] {processor.py:161} INFO - Started process (PID=151) to work on /home/airflow/.local/lib/python3.12/site-packages/airflow/example_dags/example_branch_operator.py
[2025-06-12T14:16:20.233+0000] {processor.py:830} INFO - Processing file /home/airflow/.local/lib/python3.12/site-packages/airflow/example_dags/example_branch_operator.py for tasks to queue
[2025-06-12T14:16:20.235+0000] {logging_mixin.py:188} INFO - [2025-06-12T14:16:20.235+0000] {dagbag.py:540} INFO - Filling up the DagBag from /home/airflow/.local/lib/python3.12/site-packages/airflow/example_dags/example_branch_operator.py
[2025-06-12T14:16:20.244+0000] {processor.py:840} INFO - DAG(s) 'example_branch_operator' retrieved from /home/airflow/.local/lib/python3.12/site-packages/airflow/example_dags/example_branch_operator.py
[2025-06-12T14:16:20.328+0000] {logging_mixin.py:188} INFO - [2025-06-12T14:16:20.327+0000] {dag.py:3096} INFO - Sync 1 DAGs
[2025-06-12T14:16:20.338+0000] {logging_mixin.py:188} INFO - [2025-06-12T14:16:20.338+0000] {dag.py:3954} INFO - Setting next_dagrun for example_branch_operator to 2025-06-11 00:00:00+00:00, run_after=2025-06-12 00:00:00+00:00
[2025-06-12T14:16:20.349+0000] {processor.py:183} INFO - Processing /home/airflow/.local/lib/python3.12/site-packages/airflow/example_dags/example_branch_operator.py took 0.126 seconds
[2025-06-12T14:16:50.698+0000] {processor.py:161} INFO - Started process (PID=218) to work on /home/airflow/.local/lib/python3.12/site-packages/airflow/example_dags/example_branch_operator.py
[2025-06-12T14:16:50.699+0000] {processor.py:830} INFO - Processing file /home/airflow/.local/lib/python3.12/site-packages/airflow/example_dags/example_branch_operator.py for tasks to queue
[2025-06-12T14:16:50.700+0000] {logging_mixin.py:188} INFO - [2025-06-12T14:16:50.699+0000] {dagbag.py:540} INFO - Filling up the DagBag from /home/airflow/.local/lib/python3.12/site-packages/airflow/example_dags/example_branch_operator.py
[2025-06-12T14:16:50.706+0000] {processor.py:840} INFO - DAG(s) 'example_branch_operator' retrieved from /home/airflow/.local/lib/python3.12/site-packages/airflow/example_dags/example_branch_operator.py
[2025-06-12T14:16:50.712+0000] {logging_mixin.py:188} INFO - [2025-06-12T14:16:50.712+0000] {dag.py:3096} INFO - Sync 1 DAGs
[2025-06-12T14:16:50.723+0000] {logging_mixin.py:188} INFO - [2025-06-12T14:16:50.723+0000] {dag.py:3954} INFO - Setting next_dagrun for example_branch_operator to 2025-06-11 00:00:00+00:00, run_after=2025-06-12 00:00:00+00:00
[2025-06-12T14:16:50.735+0000] {processor.py:183} INFO - Processing /home/airflow/.local/lib/python3.12/site-packages/airflow/example_dags/example_branch_operator.py took 0.041 seconds
[2025-06-12T14:17:21.372+0000] {processor.py:161} INFO - Started process (PID=292) to work on /home/airflow/.local/lib/python3.12/site-packages/airflow/example_dags/example_branch_operator.py
[2025-06-12T14:17:21.373+0000] {processor.py:830} INFO - Processing file /home/airflow/.local/lib/python3.12/site-packages/airflow/example_dags/example_branch_operator.py for tasks to queue
[2025-06-12T14:17:21.375+0000] {logging_mixin.py:188} INFO - [2025-06-12T14:17:21.375+0000] {dagbag.py:540} INFO - Filling up the DagBag from /home/airflow/.local/lib/python3.12/site-packages/airflow/example_dags/example_branch_operator.py
[2025-06-12T14:17:21.385+0000] {processor.py:840} INFO - DAG(s) 'example_branch_operator' retrieved from /home/airflow/.local/lib/python3.12/site-packages/airflow/example_dags/example_branch_operator.py
[2025-06-12T14:17:21.461+0000] {logging_mixin.py:188} INFO - [2025-06-12T14:17:21.461+0000] {dag.py:3096} INFO - Sync 1 DAGs
[2025-06-12T14:17:21.475+0000] {logging_mixin.py:188} INFO - [2025-06-12T14:17:21.475+0000] {dag.py:3954} INFO - Setting next_dagrun for example_branch_operator to 2025-06-11 00:00:00+00:00, run_after=2025-06-12 00:00:00+00:00
[2025-06-12T14:17:21.657+0000] {processor.py:183} INFO - Processing /home/airflow/.local/lib/python3.12/site-packages/airflow/example_dags/example_branch_operator.py took 0.288 seconds
[2025-06-12T14:17:51.837+0000] {processor.py:161} INFO - Started process (PID=358) to work on /home/airflow/.local/lib/python3.12/site-packages/airflow/example_dags/example_branch_operator.py
[2025-06-12T14:17:51.837+0000] {processor.py:830} INFO - Processing file /home/airflow/.local/lib/python3.12/site-packages/airflow/example_dags/example_branch_operator.py for tasks to queue
[2025-06-12T14:17:51.839+0000] {logging_mixin.py:188} INFO - [2025-06-12T14:17:51.838+0000] {dagbag.py:540} INFO - Filling up the DagBag from /home/airflow/.local/lib/python3.12/site-packages/airflow/example_dags/example_branch_operator.py
[2025-06-12T14:17:51.848+0000] {processor.py:840} INFO - DAG(s) 'example_branch_operator' retrieved from /home/airflow/.local/lib/python3.12/site-packages/airflow/example_dags/example_branch_operator.py
[2025-06-12T14:17:51.870+0000] {logging_mixin.py:188} INFO - [2025-06-12T14:17:51.870+0000] {dag.py:3096} INFO - Sync 1 DAGs
[2025-06-12T14:17:51.883+0000] {logging_mixin.py:188} INFO - [2025-06-12T14:17:51.883+0000] {dag.py:3954} INFO - Setting next_dagrun for example_branch_operator to 2025-06-11 00:00:00+00:00, run_after=2025-06-12 00:00:00+00:00
[2025-06-12T14:17:51.894+0000] {processor.py:183} INFO - Processing /home/airflow/.local/lib/python3.12/site-packages/airflow/example_dags/example_branch_operator.py took 0.060 seconds
[2025-06-12T14:18:38.330+0000] {processor.py:161} INFO - Started process (PID=76) to work on /home/airflow/.local/lib/python3.12/site-packages/airflow/example_dags/example_branch_operator.py
[2025-06-12T14:18:38.331+0000] {processor.py:830} INFO - Processing file /home/airflow/.local/lib/python3.12/site-packages/airflow/example_dags/example_branch_operator.py for tasks to queue
[2025-06-12T14:18:38.332+0000] {logging_mixin.py:188} INFO - [2025-06-12T14:18:38.332+0000] {dagbag.py:540} INFO - Filling up the DagBag from /home/airflow/.local/lib/python3.12/site-packages/airflow/example_dags/example_branch_operator.py
[2025-06-12T14:18:38.340+0000] {processor.py:840} INFO - DAG(s) 'example_branch_operator' retrieved from /home/airflow/.local/lib/python3.12/site-packages/airflow/example_dags/example_branch_operator.py
[2025-06-12T14:18:38.404+0000] {logging_mixin.py:188} INFO - [2025-06-12T14:18:38.403+0000] {dag.py:3096} INFO - Sync 1 DAGs
[2025-06-12T14:18:38.415+0000] {logging_mixin.py:188} INFO - [2025-06-12T14:18:38.415+0000] {dag.py:3954} INFO - Setting next_dagrun for example_branch_operator to 2025-06-11 00:00:00+00:00, run_after=2025-06-12 00:00:00+00:00
[2025-06-12T14:18:38.426+0000] {processor.py:183} INFO - Processing /home/airflow/.local/lib/python3.12/site-packages/airflow/example_dags/example_branch_operator.py took 0.098 seconds
[2025-06-12T14:19:08.462+0000] {processor.py:161} INFO - Started process (PID=142) to work on /home/airflow/.local/lib/python3.12/site-packages/airflow/example_dags/example_branch_operator.py
[2025-06-12T14:19:08.463+0000] {processor.py:830} INFO - Processing file /home/airflow/.local/lib/python3.12/site-packages/airflow/example_dags/example_branch_operator.py for tasks to queue
[2025-06-12T14:19:08.464+0000] {logging_mixin.py:188} INFO - [2025-06-12T14:19:08.463+0000] {dagbag.py:540} INFO - Filling up the DagBag from /home/airflow/.local/lib/python3.12/site-packages/airflow/example_dags/example_branch_operator.py
[2025-06-12T14:19:08.472+0000] {processor.py:840} INFO - DAG(s) 'example_branch_operator' retrieved from /home/airflow/.local/lib/python3.12/site-packages/airflow/example_dags/example_branch_operator.py
[2025-06-12T14:19:08.485+0000] {logging_mixin.py:188} INFO - [2025-06-12T14:19:08.485+0000] {dag.py:3096} INFO - Sync 1 DAGs
[2025-06-12T14:19:08.497+0000] {logging_mixin.py:188} INFO - [2025-06-12T14:19:08.497+0000] {dag.py:3954} INFO - Setting next_dagrun for example_branch_operator to 2025-06-11 00:00:00+00:00, run_after=2025-06-12 00:00:00+00:00
[2025-06-12T14:19:08.510+0000] {processor.py:183} INFO - Processing /home/airflow/.local/lib/python3.12/site-packages/airflow/example_dags/example_branch_operator.py took 0.050 seconds
[2025-06-12T14:19:38.822+0000] {processor.py:161} INFO - Started process (PID=216) to work on /home/airflow/.local/lib/python3.12/site-packages/airflow/example_dags/example_branch_operator.py
[2025-06-12T14:19:38.824+0000] {processor.py:830} INFO - Processing file /home/airflow/.local/lib/python3.12/site-packages/airflow/example_dags/example_branch_operator.py for tasks to queue
[2025-06-12T14:19:38.826+0000] {logging_mixin.py:188} INFO - [2025-06-12T14:19:38.826+0000] {dagbag.py:540} INFO - Filling up the DagBag from /home/airflow/.local/lib/python3.12/site-packages/airflow/example_dags/example_branch_operator.py
[2025-06-12T14:19:38.833+0000] {processor.py:840} INFO - DAG(s) 'example_branch_operator' retrieved from /home/airflow/.local/lib/python3.12/site-packages/airflow/example_dags/example_branch_operator.py
[2025-06-12T14:19:38.880+0000] {logging_mixin.py:188} INFO - [2025-06-12T14:19:38.880+0000] {dag.py:3096} INFO - Sync 1 DAGs
[2025-06-12T14:19:38.891+0000] {logging_mixin.py:188} INFO - [2025-06-12T14:19:38.891+0000] {dag.py:3954} INFO - Setting next_dagrun for example_branch_operator to 2025-06-11 00:00:00+00:00, run_after=2025-06-12 00:00:00+00:00
[2025-06-12T14:19:38.902+0000] {processor.py:183} INFO - Processing /home/airflow/.local/lib/python3.12/site-packages/airflow/example_dags/example_branch_operator.py took 0.082 seconds
[2025-06-12T14:20:09.057+0000] {processor.py:161} INFO - Started process (PID=290) to work on /home/airflow/.local/lib/python3.12/site-packages/airflow/example_dags/example_branch_operator.py
[2025-06-12T14:20:09.058+0000] {processor.py:830} INFO - Processing file /home/airflow/.local/lib/python3.12/site-packages/airflow/example_dags/example_branch_operator.py for tasks to queue
[2025-06-12T14:20:09.059+0000] {logging_mixin.py:188} INFO - [2025-06-12T14:20:09.059+0000] {dagbag.py:540} INFO - Filling up the DagBag from /home/airflow/.local/lib/python3.12/site-packages/airflow/example_dags/example_branch_operator.py
[2025-06-12T14:20:09.068+0000] {processor.py:840} INFO - DAG(s) 'example_branch_operator' retrieved from /home/airflow/.local/lib/python3.12/site-packages/airflow/example_dags/example_branch_operator.py
[2025-06-12T14:20:09.091+0000] {logging_mixin.py:188} INFO - [2025-06-12T14:20:09.090+0000] {dag.py:3096} INFO - Sync 1 DAGs
[2025-06-12T14:20:09.103+0000] {logging_mixin.py:188} INFO - [2025-06-12T14:20:09.103+0000] {dag.py:3954} INFO - Setting next_dagrun for example_branch_operator to 2025-06-11 00:00:00+00:00, run_after=2025-06-12 00:00:00+00:00
[2025-06-12T14:20:09.119+0000] {processor.py:183} INFO - Processing /home/airflow/.local/lib/python3.12/site-packages/airflow/example_dags/example_branch_operator.py took 0.067 seconds
[2025-06-12T14:20:39.417+0000] {processor.py:161} INFO - Started process (PID=357) to work on /home/airflow/.local/lib/python3.12/site-packages/airflow/example_dags/example_branch_operator.py
[2025-06-12T14:20:39.418+0000] {processor.py:830} INFO - Processing file /home/airflow/.local/lib/python3.12/site-packages/airflow/example_dags/example_branch_operator.py for tasks to queue
[2025-06-12T14:20:39.420+0000] {logging_mixin.py:188} INFO - [2025-06-12T14:20:39.419+0000] {dagbag.py:540} INFO - Filling up the DagBag from /home/airflow/.local/lib/python3.12/site-packages/airflow/example_dags/example_branch_operator.py
[2025-06-12T14:20:39.426+0000] {processor.py:840} INFO - DAG(s) 'example_branch_operator' retrieved from /home/airflow/.local/lib/python3.12/site-packages/airflow/example_dags/example_branch_operator.py
[2025-06-12T14:20:39.441+0000] {logging_mixin.py:188} INFO - [2025-06-12T14:20:39.441+0000] {dag.py:3096} INFO - Sync 1 DAGs
[2025-06-12T14:20:39.450+0000] {logging_mixin.py:188} INFO - [2025-06-12T14:20:39.450+0000] {dag.py:3954} INFO - Setting next_dagrun for example_branch_operator to 2025-06-11 00:00:00+00:00, run_after=2025-06-12 00:00:00+00:00
[2025-06-12T14:20:39.458+0000] {processor.py:183} INFO - Processing /home/airflow/.local/lib/python3.12/site-packages/airflow/example_dags/example_branch_operator.py took 0.043 seconds
[2025-06-12T14:21:10.082+0000] {processor.py:161} INFO - Started process (PID=431) to work on /home/airflow/.local/lib/python3.12/site-packages/airflow/example_dags/example_branch_operator.py
[2025-06-12T14:21:10.084+0000] {processor.py:830} INFO - Processing file /home/airflow/.local/lib/python3.12/site-packages/airflow/example_dags/example_branch_operator.py for tasks to queue
[2025-06-12T14:21:10.085+0000] {logging_mixin.py:188} INFO - [2025-06-12T14:21:10.085+0000] {dagbag.py:540} INFO - Filling up the DagBag from /home/airflow/.local/lib/python3.12/site-packages/airflow/example_dags/example_branch_operator.py
[2025-06-12T14:21:10.093+0000] {processor.py:840} INFO - DAG(s) 'example_branch_operator' retrieved from /home/airflow/.local/lib/python3.12/site-packages/airflow/example_dags/example_branch_operator.py
[2025-06-12T14:21:10.108+0000] {logging_mixin.py:188} INFO - [2025-06-12T14:21:10.108+0000] {dag.py:3096} INFO - Sync 1 DAGs
[2025-06-12T14:21:10.121+0000] {logging_mixin.py:188} INFO - [2025-06-12T14:21:10.121+0000] {dag.py:3954} INFO - Setting next_dagrun for example_branch_operator to 2025-06-11 00:00:00+00:00, run_after=2025-06-12 00:00:00+00:00
[2025-06-12T14:21:10.133+0000] {processor.py:183} INFO - Processing /home/airflow/.local/lib/python3.12/site-packages/airflow/example_dags/example_branch_operator.py took 0.054 seconds
[2025-06-12T14:21:40.678+0000] {processor.py:161} INFO - Started process (PID=497) to work on /home/airflow/.local/lib/python3.12/site-packages/airflow/example_dags/example_branch_operator.py
[2025-06-12T14:21:40.679+0000] {processor.py:830} INFO - Processing file /home/airflow/.local/lib/python3.12/site-packages/airflow/example_dags/example_branch_operator.py for tasks to queue
[2025-06-12T14:21:40.681+0000] {logging_mixin.py:188} INFO - [2025-06-12T14:21:40.680+0000] {dagbag.py:540} INFO - Filling up the DagBag from /home/airflow/.local/lib/python3.12/site-packages/airflow/example_dags/example_branch_operator.py
[2025-06-12T14:21:40.688+0000] {processor.py:840} INFO - DAG(s) 'example_branch_operator' retrieved from /home/airflow/.local/lib/python3.12/site-packages/airflow/example_dags/example_branch_operator.py
[2025-06-12T14:21:40.707+0000] {logging_mixin.py:188} INFO - [2025-06-12T14:21:40.707+0000] {dag.py:3096} INFO - Sync 1 DAGs
[2025-06-12T14:21:40.717+0000] {logging_mixin.py:188} INFO - [2025-06-12T14:21:40.717+0000] {dag.py:3954} INFO - Setting next_dagrun for example_branch_operator to 2025-06-11 00:00:00+00:00, run_after=2025-06-12 00:00:00+00:00
[2025-06-12T14:21:40.728+0000] {processor.py:183} INFO - Processing /home/airflow/.local/lib/python3.12/site-packages/airflow/example_dags/example_branch_operator.py took 0.053 seconds
[2025-06-12T14:22:11.586+0000] {processor.py:161} INFO - Started process (PID=571) to work on /home/airflow/.local/lib/python3.12/site-packages/airflow/example_dags/example_branch_operator.py
[2025-06-12T14:22:11.587+0000] {processor.py:830} INFO - Processing file /home/airflow/.local/lib/python3.12/site-packages/airflow/example_dags/example_branch_operator.py for tasks to queue
[2025-06-12T14:22:11.588+0000] {logging_mixin.py:188} INFO - [2025-06-12T14:22:11.588+0000] {dagbag.py:540} INFO - Filling up the DagBag from /home/airflow/.local/lib/python3.12/site-packages/airflow/example_dags/example_branch_operator.py
[2025-06-12T14:22:11.598+0000] {processor.py:840} INFO - DAG(s) 'example_branch_operator' retrieved from /home/airflow/.local/lib/python3.12/site-packages/airflow/example_dags/example_branch_operator.py
[2025-06-12T14:22:11.615+0000] {logging_mixin.py:188} INFO - [2025-06-12T14:22:11.615+0000] {dag.py:3096} INFO - Sync 1 DAGs
[2025-06-12T14:22:11.623+0000] {logging_mixin.py:188} INFO - [2025-06-12T14:22:11.623+0000] {dag.py:3954} INFO - Setting next_dagrun for example_branch_operator to 2025-06-11 00:00:00+00:00, run_after=2025-06-12 00:00:00+00:00
[2025-06-12T14:22:11.634+0000] {processor.py:183} INFO - Processing /home/airflow/.local/lib/python3.12/site-packages/airflow/example_dags/example_branch_operator.py took 0.050 seconds
[2025-06-12T14:22:41.777+0000] {processor.py:161} INFO - Started process (PID=645) to work on /home/airflow/.local/lib/python3.12/site-packages/airflow/example_dags/example_branch_operator.py
[2025-06-12T14:22:41.779+0000] {processor.py:830} INFO - Processing file /home/airflow/.local/lib/python3.12/site-packages/airflow/example_dags/example_branch_operator.py for tasks to queue
[2025-06-12T14:22:41.780+0000] {logging_mixin.py:188} INFO - [2025-06-12T14:22:41.780+0000] {dagbag.py:540} INFO - Filling up the DagBag from /home/airflow/.local/lib/python3.12/site-packages/airflow/example_dags/example_branch_operator.py
[2025-06-12T14:22:41.787+0000] {processor.py:840} INFO - DAG(s) 'example_branch_operator' retrieved from /home/airflow/.local/lib/python3.12/site-packages/airflow/example_dags/example_branch_operator.py
[2025-06-12T14:22:41.803+0000] {logging_mixin.py:188} INFO - [2025-06-12T14:22:41.803+0000] {dag.py:3096} INFO - Sync 1 DAGs
[2025-06-12T14:22:41.814+0000] {logging_mixin.py:188} INFO - [2025-06-12T14:22:41.814+0000] {dag.py:3954} INFO - Setting next_dagrun for example_branch_operator to 2025-06-11 00:00:00+00:00, run_after=2025-06-12 00:00:00+00:00
[2025-06-12T14:22:41.825+0000] {processor.py:183} INFO - Processing /home/airflow/.local/lib/python3.12/site-packages/airflow/example_dags/example_branch_operator.py took 0.050 seconds
[2025-06-12T14:23:12.107+0000] {processor.py:161} INFO - Started process (PID=712) to work on /home/airflow/.local/lib/python3.12/site-packages/airflow/example_dags/example_branch_operator.py
[2025-06-12T14:23:12.107+0000] {processor.py:830} INFO - Processing file /home/airflow/.local/lib/python3.12/site-packages/airflow/example_dags/example_branch_operator.py for tasks to queue
[2025-06-12T14:23:12.109+0000] {logging_mixin.py:188} INFO - [2025-06-12T14:23:12.108+0000] {dagbag.py:540} INFO - Filling up the DagBag from /home/airflow/.local/lib/python3.12/site-packages/airflow/example_dags/example_branch_operator.py
[2025-06-12T14:23:12.117+0000] {processor.py:840} INFO - DAG(s) 'example_branch_operator' retrieved from /home/airflow/.local/lib/python3.12/site-packages/airflow/example_dags/example_branch_operator.py
[2025-06-12T14:23:12.140+0000] {logging_mixin.py:188} INFO - [2025-06-12T14:23:12.140+0000] {dag.py:3096} INFO - Sync 1 DAGs
[2025-06-12T14:23:12.151+0000] {logging_mixin.py:188} INFO - [2025-06-12T14:23:12.151+0000] {dag.py:3954} INFO - Setting next_dagrun for example_branch_operator to 2025-06-11 00:00:00+00:00, run_after=2025-06-12 00:00:00+00:00
[2025-06-12T14:23:12.166+0000] {processor.py:183} INFO - Processing /home/airflow/.local/lib/python3.12/site-packages/airflow/example_dags/example_branch_operator.py took 0.061 seconds
[2025-06-12T14:23:42.231+0000] {processor.py:161} INFO - Started process (PID=786) to work on /home/airflow/.local/lib/python3.12/site-packages/airflow/example_dags/example_branch_operator.py
[2025-06-12T14:23:42.232+0000] {processor.py:830} INFO - Processing file /home/airflow/.local/lib/python3.12/site-packages/airflow/example_dags/example_branch_operator.py for tasks to queue
[2025-06-12T14:23:42.234+0000] {logging_mixin.py:188} INFO - [2025-06-12T14:23:42.234+0000] {dagbag.py:540} INFO - Filling up the DagBag from /home/airflow/.local/lib/python3.12/site-packages/airflow/example_dags/example_branch_operator.py
[2025-06-12T14:23:42.241+0000] {processor.py:840} INFO - DAG(s) 'example_branch_operator' retrieved from /home/airflow/.local/lib/python3.12/site-packages/airflow/example_dags/example_branch_operator.py
[2025-06-12T14:23:42.261+0000] {logging_mixin.py:188} INFO - [2025-06-12T14:23:42.261+0000] {dag.py:3096} INFO - Sync 1 DAGs
[2025-06-12T14:23:42.270+0000] {logging_mixin.py:188} INFO - [2025-06-12T14:23:42.270+0000] {dag.py:3954} INFO - Setting next_dagrun for example_branch_operator to 2025-06-11 00:00:00+00:00, run_after=2025-06-12 00:00:00+00:00
[2025-06-12T14:23:42.279+0000] {processor.py:183} INFO - Processing /home/airflow/.local/lib/python3.12/site-packages/airflow/example_dags/example_branch_operator.py took 0.050 seconds
[2025-06-12T14:24:12.763+0000] {processor.py:161} INFO - Started process (PID=860) to work on /home/airflow/.local/lib/python3.12/site-packages/airflow/example_dags/example_branch_operator.py
[2025-06-12T14:24:12.764+0000] {processor.py:830} INFO - Processing file /home/airflow/.local/lib/python3.12/site-packages/airflow/example_dags/example_branch_operator.py for tasks to queue
[2025-06-12T14:24:12.765+0000] {logging_mixin.py:188} INFO - [2025-06-12T14:24:12.765+0000] {dagbag.py:540} INFO - Filling up the DagBag from /home/airflow/.local/lib/python3.12/site-packages/airflow/example_dags/example_branch_operator.py
[2025-06-12T14:24:12.772+0000] {processor.py:840} INFO - DAG(s) 'example_branch_operator' retrieved from /home/airflow/.local/lib/python3.12/site-packages/airflow/example_dags/example_branch_operator.py
[2025-06-12T14:24:12.789+0000] {logging_mixin.py:188} INFO - [2025-06-12T14:24:12.789+0000] {dag.py:3096} INFO - Sync 1 DAGs
[2025-06-12T14:24:12.799+0000] {logging_mixin.py:188} INFO - [2025-06-12T14:24:12.799+0000] {dag.py:3954} INFO - Setting next_dagrun for example_branch_operator to 2025-06-11 00:00:00+00:00, run_after=2025-06-12 00:00:00+00:00
[2025-06-12T14:24:12.811+0000] {processor.py:183} INFO - Processing /home/airflow/.local/lib/python3.12/site-packages/airflow/example_dags/example_branch_operator.py took 0.051 seconds
[2025-06-12T14:24:43.713+0000] {processor.py:161} INFO - Started process (PID=927) to work on /home/airflow/.local/lib/python3.12/site-packages/airflow/example_dags/example_branch_operator.py
[2025-06-12T14:24:43.714+0000] {processor.py:830} INFO - Processing file /home/airflow/.local/lib/python3.12/site-packages/airflow/example_dags/example_branch_operator.py for tasks to queue
[2025-06-12T14:24:43.715+0000] {logging_mixin.py:188} INFO - [2025-06-12T14:24:43.714+0000] {dagbag.py:540} INFO - Filling up the DagBag from /home/airflow/.local/lib/python3.12/site-packages/airflow/example_dags/example_branch_operator.py
[2025-06-12T14:24:43.722+0000] {processor.py:840} INFO - DAG(s) 'example_branch_operator' retrieved from /home/airflow/.local/lib/python3.12/site-packages/airflow/example_dags/example_branch_operator.py
[2025-06-12T14:24:43.746+0000] {logging_mixin.py:188} INFO - [2025-06-12T14:24:43.746+0000] {dag.py:3096} INFO - Sync 1 DAGs
[2025-06-12T14:24:43.760+0000] {logging_mixin.py:188} INFO - [2025-06-12T14:24:43.760+0000] {dag.py:3954} INFO - Setting next_dagrun for example_branch_operator to 2025-06-11 00:00:00+00:00, run_after=2025-06-12 00:00:00+00:00
[2025-06-12T14:24:43.773+0000] {processor.py:183} INFO - Processing /home/airflow/.local/lib/python3.12/site-packages/airflow/example_dags/example_branch_operator.py took 0.062 seconds
[2025-06-12T14:25:14.540+0000] {processor.py:161} INFO - Started process (PID=1001) to work on /home/airflow/.local/lib/python3.12/site-packages/airflow/example_dags/example_branch_operator.py
[2025-06-12T14:25:14.544+0000] {processor.py:830} INFO - Processing file /home/airflow/.local/lib/python3.12/site-packages/airflow/example_dags/example_branch_operator.py for tasks to queue
[2025-06-12T14:25:14.555+0000] {logging_mixin.py:188} INFO - [2025-06-12T14:25:14.554+0000] {dagbag.py:540} INFO - Filling up the DagBag from /home/airflow/.local/lib/python3.12/site-packages/airflow/example_dags/example_branch_operator.py
[2025-06-12T14:25:14.622+0000] {processor.py:840} INFO - DAG(s) 'example_branch_operator' retrieved from /home/airflow/.local/lib/python3.12/site-packages/airflow/example_dags/example_branch_operator.py
[2025-06-12T14:25:14.692+0000] {logging_mixin.py:188} INFO - [2025-06-12T14:25:14.691+0000] {dag.py:3096} INFO - Sync 1 DAGs
[2025-06-12T14:25:14.733+0000] {logging_mixin.py:188} INFO - [2025-06-12T14:25:14.733+0000] {dag.py:3954} INFO - Setting next_dagrun for example_branch_operator to 2025-06-11 00:00:00+00:00, run_after=2025-06-12 00:00:00+00:00
[2025-06-12T14:25:14.751+0000] {processor.py:183} INFO - Processing /home/airflow/.local/lib/python3.12/site-packages/airflow/example_dags/example_branch_operator.py took 0.317 seconds
[2025-06-12T14:25:44.824+0000] {processor.py:161} INFO - Started process (PID=1075) to work on /home/airflow/.local/lib/python3.12/site-packages/airflow/example_dags/example_branch_operator.py
[2025-06-12T14:25:44.825+0000] {processor.py:830} INFO - Processing file /home/airflow/.local/lib/python3.12/site-packages/airflow/example_dags/example_branch_operator.py for tasks to queue
[2025-06-12T14:25:44.825+0000] {logging_mixin.py:188} INFO - [2025-06-12T14:25:44.825+0000] {dagbag.py:540} INFO - Filling up the DagBag from /home/airflow/.local/lib/python3.12/site-packages/airflow/example_dags/example_branch_operator.py
[2025-06-12T14:25:44.833+0000] {processor.py:840} INFO - DAG(s) 'example_branch_operator' retrieved from /home/airflow/.local/lib/python3.12/site-packages/airflow/example_dags/example_branch_operator.py
[2025-06-12T14:25:44.847+0000] {logging_mixin.py:188} INFO - [2025-06-12T14:25:44.847+0000] {dag.py:3096} INFO - Sync 1 DAGs
[2025-06-12T14:25:45.034+0000] {logging_mixin.py:188} INFO - [2025-06-12T14:25:45.034+0000] {dag.py:3954} INFO - Setting next_dagrun for example_branch_operator to 2025-06-11 00:00:00+00:00, run_after=2025-06-12 00:00:00+00:00
[2025-06-12T14:25:45.045+0000] {processor.py:183} INFO - Processing /home/airflow/.local/lib/python3.12/site-packages/airflow/example_dags/example_branch_operator.py took 0.224 seconds
[2025-06-12T14:26:15.699+0000] {processor.py:161} INFO - Started process (PID=1142) to work on /home/airflow/.local/lib/python3.12/site-packages/airflow/example_dags/example_branch_operator.py
[2025-06-12T14:26:15.700+0000] {processor.py:830} INFO - Processing file /home/airflow/.local/lib/python3.12/site-packages/airflow/example_dags/example_branch_operator.py for tasks to queue
[2025-06-12T14:26:15.701+0000] {logging_mixin.py:188} INFO - [2025-06-12T14:26:15.701+0000] {dagbag.py:540} INFO - Filling up the DagBag from /home/airflow/.local/lib/python3.12/site-packages/airflow/example_dags/example_branch_operator.py
[2025-06-12T14:26:15.710+0000] {processor.py:840} INFO - DAG(s) 'example_branch_operator' retrieved from /home/airflow/.local/lib/python3.12/site-packages/airflow/example_dags/example_branch_operator.py
[2025-06-12T14:26:15.730+0000] {logging_mixin.py:188} INFO - [2025-06-12T14:26:15.730+0000] {dag.py:3096} INFO - Sync 1 DAGs
[2025-06-12T14:26:15.752+0000] {logging_mixin.py:188} INFO - [2025-06-12T14:26:15.751+0000] {dag.py:3954} INFO - Setting next_dagrun for example_branch_operator to 2025-06-11 00:00:00+00:00, run_after=2025-06-12 00:00:00+00:00
[2025-06-12T14:26:15.764+0000] {processor.py:183} INFO - Processing /home/airflow/.local/lib/python3.12/site-packages/airflow/example_dags/example_branch_operator.py took 0.068 seconds
[2025-06-12T14:26:46.711+0000] {processor.py:161} INFO - Started process (PID=1216) to work on /home/airflow/.local/lib/python3.12/site-packages/airflow/example_dags/example_branch_operator.py
[2025-06-12T14:26:46.712+0000] {processor.py:830} INFO - Processing file /home/airflow/.local/lib/python3.12/site-packages/airflow/example_dags/example_branch_operator.py for tasks to queue
[2025-06-12T14:26:46.714+0000] {logging_mixin.py:188} INFO - [2025-06-12T14:26:46.714+0000] {dagbag.py:540} INFO - Filling up the DagBag from /home/airflow/.local/lib/python3.12/site-packages/airflow/example_dags/example_branch_operator.py
[2025-06-12T14:26:46.722+0000] {processor.py:840} INFO - DAG(s) 'example_branch_operator' retrieved from /home/airflow/.local/lib/python3.12/site-packages/airflow/example_dags/example_branch_operator.py
[2025-06-12T14:26:46.736+0000] {logging_mixin.py:188} INFO - [2025-06-12T14:26:46.736+0000] {dag.py:3096} INFO - Sync 1 DAGs
[2025-06-12T14:26:46.745+0000] {logging_mixin.py:188} INFO - [2025-06-12T14:26:46.745+0000] {dag.py:3954} INFO - Setting next_dagrun for example_branch_operator to 2025-06-11 00:00:00+00:00, run_after=2025-06-12 00:00:00+00:00
[2025-06-12T14:26:46.756+0000] {processor.py:183} INFO - Processing /home/airflow/.local/lib/python3.12/site-packages/airflow/example_dags/example_branch_operator.py took 0.047 seconds
[2025-06-12T14:27:16.948+0000] {processor.py:161} INFO - Started process (PID=1283) to work on /home/airflow/.local/lib/python3.12/site-packages/airflow/example_dags/example_branch_operator.py
[2025-06-12T14:27:16.949+0000] {processor.py:830} INFO - Processing file /home/airflow/.local/lib/python3.12/site-packages/airflow/example_dags/example_branch_operator.py for tasks to queue
[2025-06-12T14:27:16.950+0000] {logging_mixin.py:188} INFO - [2025-06-12T14:27:16.950+0000] {dagbag.py:540} INFO - Filling up the DagBag from /home/airflow/.local/lib/python3.12/site-packages/airflow/example_dags/example_branch_operator.py
[2025-06-12T14:27:16.957+0000] {processor.py:840} INFO - DAG(s) 'example_branch_operator' retrieved from /home/airflow/.local/lib/python3.12/site-packages/airflow/example_dags/example_branch_operator.py
[2025-06-12T14:27:16.974+0000] {logging_mixin.py:188} INFO - [2025-06-12T14:27:16.974+0000] {dag.py:3096} INFO - Sync 1 DAGs
[2025-06-12T14:27:16.987+0000] {logging_mixin.py:188} INFO - [2025-06-12T14:27:16.986+0000] {dag.py:3954} INFO - Setting next_dagrun for example_branch_operator to 2025-06-11 00:00:00+00:00, run_after=2025-06-12 00:00:00+00:00
[2025-06-12T14:27:16.997+0000] {processor.py:183} INFO - Processing /home/airflow/.local/lib/python3.12/site-packages/airflow/example_dags/example_branch_operator.py took 0.052 seconds
[2025-06-12T14:27:47.845+0000] {processor.py:161} INFO - Started process (PID=1357) to work on /home/airflow/.local/lib/python3.12/site-packages/airflow/example_dags/example_branch_operator.py
[2025-06-12T14:27:47.847+0000] {processor.py:830} INFO - Processing file /home/airflow/.local/lib/python3.12/site-packages/airflow/example_dags/example_branch_operator.py for tasks to queue
[2025-06-12T14:27:47.850+0000] {logging_mixin.py:188} INFO - [2025-06-12T14:27:47.850+0000] {dagbag.py:540} INFO - Filling up the DagBag from /home/airflow/.local/lib/python3.12/site-packages/airflow/example_dags/example_branch_operator.py
[2025-06-12T14:27:47.857+0000] {processor.py:840} INFO - DAG(s) 'example_branch_operator' retrieved from /home/airflow/.local/lib/python3.12/site-packages/airflow/example_dags/example_branch_operator.py
[2025-06-12T14:27:47.875+0000] {logging_mixin.py:188} INFO - [2025-06-12T14:27:47.875+0000] {dag.py:3096} INFO - Sync 1 DAGs
[2025-06-12T14:27:47.883+0000] {logging_mixin.py:188} INFO - [2025-06-12T14:27:47.883+0000] {dag.py:3954} INFO - Setting next_dagrun for example_branch_operator to 2025-06-11 00:00:00+00:00, run_after=2025-06-12 00:00:00+00:00
[2025-06-12T14:27:47.893+0000] {processor.py:183} INFO - Processing /home/airflow/.local/lib/python3.12/site-packages/airflow/example_dags/example_branch_operator.py took 0.054 seconds
[2025-06-12T14:35:53.374+0000] {processor.py:161} INFO - Started process (PID=75) to work on /home/airflow/.local/lib/python3.12/site-packages/airflow/example_dags/example_branch_operator.py
[2025-06-12T14:35:53.376+0000] {processor.py:830} INFO - Processing file /home/airflow/.local/lib/python3.12/site-packages/airflow/example_dags/example_branch_operator.py for tasks to queue
[2025-06-12T14:35:53.378+0000] {logging_mixin.py:188} INFO - [2025-06-12T14:35:53.377+0000] {dagbag.py:540} INFO - Filling up the DagBag from /home/airflow/.local/lib/python3.12/site-packages/airflow/example_dags/example_branch_operator.py
[2025-06-12T14:35:53.401+0000] {processor.py:840} INFO - DAG(s) 'example_branch_operator' retrieved from /home/airflow/.local/lib/python3.12/site-packages/airflow/example_dags/example_branch_operator.py
[2025-06-12T14:35:53.417+0000] {logging_mixin.py:188} INFO - [2025-06-12T14:35:53.416+0000] {dag.py:3096} INFO - Sync 1 DAGs
[2025-06-12T14:35:53.448+0000] {logging_mixin.py:188} INFO - [2025-06-12T14:35:53.448+0000] {dag.py:3954} INFO - Setting next_dagrun for example_branch_operator to 2025-06-11 00:00:00+00:00, run_after=2025-06-12 00:00:00+00:00
[2025-06-12T14:35:53.504+0000] {processor.py:183} INFO - Processing /home/airflow/.local/lib/python3.12/site-packages/airflow/example_dags/example_branch_operator.py took 0.135 seconds
[2025-06-12T14:36:24.435+0000] {processor.py:161} INFO - Started process (PID=148) to work on /home/airflow/.local/lib/python3.12/site-packages/airflow/example_dags/example_branch_operator.py
[2025-06-12T14:36:24.437+0000] {processor.py:830} INFO - Processing file /home/airflow/.local/lib/python3.12/site-packages/airflow/example_dags/example_branch_operator.py for tasks to queue
[2025-06-12T14:36:24.440+0000] {logging_mixin.py:188} INFO - [2025-06-12T14:36:24.440+0000] {dagbag.py:540} INFO - Filling up the DagBag from /home/airflow/.local/lib/python3.12/site-packages/airflow/example_dags/example_branch_operator.py
[2025-06-12T14:36:24.448+0000] {processor.py:840} INFO - DAG(s) 'example_branch_operator' retrieved from /home/airflow/.local/lib/python3.12/site-packages/airflow/example_dags/example_branch_operator.py
[2025-06-12T14:36:24.530+0000] {logging_mixin.py:188} INFO - [2025-06-12T14:36:24.530+0000] {dag.py:3096} INFO - Sync 1 DAGs
[2025-06-12T14:36:24.550+0000] {logging_mixin.py:188} INFO - [2025-06-12T14:36:24.550+0000] {dag.py:3954} INFO - Setting next_dagrun for example_branch_operator to 2025-06-11 00:00:00+00:00, run_after=2025-06-12 00:00:00+00:00
[2025-06-12T14:36:24.567+0000] {processor.py:183} INFO - Processing /home/airflow/.local/lib/python3.12/site-packages/airflow/example_dags/example_branch_operator.py took 0.136 seconds
[2025-06-12T14:36:55.517+0000] {processor.py:161} INFO - Started process (PID=215) to work on /home/airflow/.local/lib/python3.12/site-packages/airflow/example_dags/example_branch_operator.py
[2025-06-12T14:36:55.517+0000] {processor.py:830} INFO - Processing file /home/airflow/.local/lib/python3.12/site-packages/airflow/example_dags/example_branch_operator.py for tasks to queue
[2025-06-12T14:36:55.519+0000] {logging_mixin.py:188} INFO - [2025-06-12T14:36:55.519+0000] {dagbag.py:540} INFO - Filling up the DagBag from /home/airflow/.local/lib/python3.12/site-packages/airflow/example_dags/example_branch_operator.py
[2025-06-12T14:36:55.529+0000] {processor.py:840} INFO - DAG(s) 'example_branch_operator' retrieved from /home/airflow/.local/lib/python3.12/site-packages/airflow/example_dags/example_branch_operator.py
[2025-06-12T14:36:55.544+0000] {logging_mixin.py:188} INFO - [2025-06-12T14:36:55.544+0000] {dag.py:3096} INFO - Sync 1 DAGs
[2025-06-12T14:36:55.554+0000] {logging_mixin.py:188} INFO - [2025-06-12T14:36:55.554+0000] {dag.py:3954} INFO - Setting next_dagrun for example_branch_operator to 2025-06-11 00:00:00+00:00, run_after=2025-06-12 00:00:00+00:00
[2025-06-12T14:36:55.567+0000] {processor.py:183} INFO - Processing /home/airflow/.local/lib/python3.12/site-packages/airflow/example_dags/example_branch_operator.py took 0.053 seconds
[2025-06-12T14:37:26.026+0000] {processor.py:161} INFO - Started process (PID=289) to work on /home/airflow/.local/lib/python3.12/site-packages/airflow/example_dags/example_branch_operator.py
[2025-06-12T14:37:26.027+0000] {processor.py:830} INFO - Processing file /home/airflow/.local/lib/python3.12/site-packages/airflow/example_dags/example_branch_operator.py for tasks to queue
[2025-06-12T14:37:26.029+0000] {logging_mixin.py:188} INFO - [2025-06-12T14:37:26.028+0000] {dagbag.py:540} INFO - Filling up the DagBag from /home/airflow/.local/lib/python3.12/site-packages/airflow/example_dags/example_branch_operator.py
[2025-06-12T14:37:26.036+0000] {processor.py:840} INFO - DAG(s) 'example_branch_operator' retrieved from /home/airflow/.local/lib/python3.12/site-packages/airflow/example_dags/example_branch_operator.py
[2025-06-12T14:37:26.056+0000] {logging_mixin.py:188} INFO - [2025-06-12T14:37:26.055+0000] {dag.py:3096} INFO - Sync 1 DAGs
[2025-06-12T14:37:26.068+0000] {logging_mixin.py:188} INFO - [2025-06-12T14:37:26.068+0000] {dag.py:3954} INFO - Setting next_dagrun for example_branch_operator to 2025-06-11 00:00:00+00:00, run_after=2025-06-12 00:00:00+00:00
[2025-06-12T14:37:26.079+0000] {processor.py:183} INFO - Processing /home/airflow/.local/lib/python3.12/site-packages/airflow/example_dags/example_branch_operator.py took 0.056 seconds
[2025-06-12T14:37:56.334+0000] {processor.py:161} INFO - Started process (PID=356) to work on /home/airflow/.local/lib/python3.12/site-packages/airflow/example_dags/example_branch_operator.py
[2025-06-12T14:37:56.335+0000] {processor.py:830} INFO - Processing file /home/airflow/.local/lib/python3.12/site-packages/airflow/example_dags/example_branch_operator.py for tasks to queue
[2025-06-12T14:37:56.336+0000] {logging_mixin.py:188} INFO - [2025-06-12T14:37:56.336+0000] {dagbag.py:540} INFO - Filling up the DagBag from /home/airflow/.local/lib/python3.12/site-packages/airflow/example_dags/example_branch_operator.py
[2025-06-12T14:37:56.345+0000] {processor.py:840} INFO - DAG(s) 'example_branch_operator' retrieved from /home/airflow/.local/lib/python3.12/site-packages/airflow/example_dags/example_branch_operator.py
[2025-06-12T14:37:56.363+0000] {logging_mixin.py:188} INFO - [2025-06-12T14:37:56.363+0000] {dag.py:3096} INFO - Sync 1 DAGs
[2025-06-12T14:37:56.376+0000] {logging_mixin.py:188} INFO - [2025-06-12T14:37:56.376+0000] {dag.py:3954} INFO - Setting next_dagrun for example_branch_operator to 2025-06-11 00:00:00+00:00, run_after=2025-06-12 00:00:00+00:00
[2025-06-12T14:37:56.387+0000] {processor.py:183} INFO - Processing /home/airflow/.local/lib/python3.12/site-packages/airflow/example_dags/example_branch_operator.py took 0.056 seconds
[2025-06-12T14:38:27.053+0000] {processor.py:161} INFO - Started process (PID=431) to work on /home/airflow/.local/lib/python3.12/site-packages/airflow/example_dags/example_branch_operator.py
[2025-06-12T14:38:27.053+0000] {processor.py:830} INFO - Processing file /home/airflow/.local/lib/python3.12/site-packages/airflow/example_dags/example_branch_operator.py for tasks to queue
[2025-06-12T14:38:27.054+0000] {logging_mixin.py:188} INFO - [2025-06-12T14:38:27.054+0000] {dagbag.py:540} INFO - Filling up the DagBag from /home/airflow/.local/lib/python3.12/site-packages/airflow/example_dags/example_branch_operator.py
[2025-06-12T14:38:27.061+0000] {processor.py:840} INFO - DAG(s) 'example_branch_operator' retrieved from /home/airflow/.local/lib/python3.12/site-packages/airflow/example_dags/example_branch_operator.py
[2025-06-12T14:38:27.078+0000] {logging_mixin.py:188} INFO - [2025-06-12T14:38:27.077+0000] {dag.py:3096} INFO - Sync 1 DAGs
[2025-06-12T14:38:27.091+0000] {logging_mixin.py:188} INFO - [2025-06-12T14:38:27.090+0000] {dag.py:3954} INFO - Setting next_dagrun for example_branch_operator to 2025-06-11 00:00:00+00:00, run_after=2025-06-12 00:00:00+00:00
[2025-06-12T14:38:27.101+0000] {processor.py:183} INFO - Processing /home/airflow/.local/lib/python3.12/site-packages/airflow/example_dags/example_branch_operator.py took 0.051 seconds
[2025-06-12T14:38:58.042+0000] {processor.py:161} INFO - Started process (PID=505) to work on /home/airflow/.local/lib/python3.12/site-packages/airflow/example_dags/example_branch_operator.py
[2025-06-12T14:38:58.045+0000] {processor.py:830} INFO - Processing file /home/airflow/.local/lib/python3.12/site-packages/airflow/example_dags/example_branch_operator.py for tasks to queue
[2025-06-12T14:38:58.046+0000] {logging_mixin.py:188} INFO - [2025-06-12T14:38:58.045+0000] {dagbag.py:540} INFO - Filling up the DagBag from /home/airflow/.local/lib/python3.12/site-packages/airflow/example_dags/example_branch_operator.py
[2025-06-12T14:38:58.057+0000] {processor.py:840} INFO - DAG(s) 'example_branch_operator' retrieved from /home/airflow/.local/lib/python3.12/site-packages/airflow/example_dags/example_branch_operator.py
[2025-06-12T14:38:58.077+0000] {logging_mixin.py:188} INFO - [2025-06-12T14:38:58.077+0000] {dag.py:3096} INFO - Sync 1 DAGs
[2025-06-12T14:38:58.092+0000] {logging_mixin.py:188} INFO - [2025-06-12T14:38:58.092+0000] {dag.py:3954} INFO - Setting next_dagrun for example_branch_operator to 2025-06-11 00:00:00+00:00, run_after=2025-06-12 00:00:00+00:00
[2025-06-12T14:38:58.106+0000] {processor.py:183} INFO - Processing /home/airflow/.local/lib/python3.12/site-packages/airflow/example_dags/example_branch_operator.py took 0.068 seconds
[2025-06-12T14:39:28.486+0000] {processor.py:161} INFO - Started process (PID=572) to work on /home/airflow/.local/lib/python3.12/site-packages/airflow/example_dags/example_branch_operator.py
[2025-06-12T14:39:28.488+0000] {processor.py:830} INFO - Processing file /home/airflow/.local/lib/python3.12/site-packages/airflow/example_dags/example_branch_operator.py for tasks to queue
[2025-06-12T14:39:28.489+0000] {logging_mixin.py:188} INFO - [2025-06-12T14:39:28.489+0000] {dagbag.py:540} INFO - Filling up the DagBag from /home/airflow/.local/lib/python3.12/site-packages/airflow/example_dags/example_branch_operator.py
[2025-06-12T14:39:28.496+0000] {processor.py:840} INFO - DAG(s) 'example_branch_operator' retrieved from /home/airflow/.local/lib/python3.12/site-packages/airflow/example_dags/example_branch_operator.py
[2025-06-12T14:39:28.513+0000] {logging_mixin.py:188} INFO - [2025-06-12T14:39:28.513+0000] {dag.py:3096} INFO - Sync 1 DAGs
[2025-06-12T14:39:28.525+0000] {logging_mixin.py:188} INFO - [2025-06-12T14:39:28.525+0000] {dag.py:3954} INFO - Setting next_dagrun for example_branch_operator to 2025-06-11 00:00:00+00:00, run_after=2025-06-12 00:00:00+00:00
[2025-06-12T14:39:28.534+0000] {processor.py:183} INFO - Processing /home/airflow/.local/lib/python3.12/site-packages/airflow/example_dags/example_branch_operator.py took 0.051 seconds
[2025-06-12T14:46:33.081+0000] {processor.py:161} INFO - Started process (PID=77) to work on /home/airflow/.local/lib/python3.12/site-packages/airflow/example_dags/example_branch_operator.py
[2025-06-12T14:46:33.087+0000] {processor.py:830} INFO - Processing file /home/airflow/.local/lib/python3.12/site-packages/airflow/example_dags/example_branch_operator.py for tasks to queue
[2025-06-12T14:46:33.091+0000] {logging_mixin.py:188} INFO - [2025-06-12T14:46:33.090+0000] {dagbag.py:540} INFO - Filling up the DagBag from /home/airflow/.local/lib/python3.12/site-packages/airflow/example_dags/example_branch_operator.py
[2025-06-12T14:46:33.124+0000] {processor.py:840} INFO - DAG(s) 'example_branch_operator' retrieved from /home/airflow/.local/lib/python3.12/site-packages/airflow/example_dags/example_branch_operator.py
[2025-06-12T14:46:33.155+0000] {logging_mixin.py:188} INFO - [2025-06-12T14:46:33.154+0000] {dag.py:3096} INFO - Sync 1 DAGs
[2025-06-12T14:46:33.186+0000] {logging_mixin.py:188} INFO - [2025-06-12T14:46:33.185+0000] {dag.py:3954} INFO - Setting next_dagrun for example_branch_operator to 2025-06-11 00:00:00+00:00, run_after=2025-06-12 00:00:00+00:00
[2025-06-12T14:46:33.219+0000] {processor.py:183} INFO - Processing /home/airflow/.local/lib/python3.12/site-packages/airflow/example_dags/example_branch_operator.py took 0.148 seconds
[2025-06-12T14:47:03.928+0000] {processor.py:161} INFO - Started process (PID=144) to work on /home/airflow/.local/lib/python3.12/site-packages/airflow/example_dags/example_branch_operator.py
[2025-06-12T14:47:03.930+0000] {processor.py:830} INFO - Processing file /home/airflow/.local/lib/python3.12/site-packages/airflow/example_dags/example_branch_operator.py for tasks to queue
[2025-06-12T14:47:03.931+0000] {logging_mixin.py:188} INFO - [2025-06-12T14:47:03.931+0000] {dagbag.py:540} INFO - Filling up the DagBag from /home/airflow/.local/lib/python3.12/site-packages/airflow/example_dags/example_branch_operator.py
[2025-06-12T14:47:03.942+0000] {processor.py:840} INFO - DAG(s) 'example_branch_operator' retrieved from /home/airflow/.local/lib/python3.12/site-packages/airflow/example_dags/example_branch_operator.py
[2025-06-12T14:47:03.993+0000] {logging_mixin.py:188} INFO - [2025-06-12T14:47:03.993+0000] {dag.py:3096} INFO - Sync 1 DAGs
[2025-06-12T14:47:04.003+0000] {logging_mixin.py:188} INFO - [2025-06-12T14:47:04.003+0000] {dag.py:3954} INFO - Setting next_dagrun for example_branch_operator to 2025-06-11 00:00:00+00:00, run_after=2025-06-12 00:00:00+00:00
[2025-06-12T14:47:04.017+0000] {processor.py:183} INFO - Processing /home/airflow/.local/lib/python3.12/site-packages/airflow/example_dags/example_branch_operator.py took 0.091 seconds
[2025-06-12T14:47:34.588+0000] {processor.py:161} INFO - Started process (PID=217) to work on /home/airflow/.local/lib/python3.12/site-packages/airflow/example_dags/example_branch_operator.py
[2025-06-12T14:47:34.592+0000] {processor.py:830} INFO - Processing file /home/airflow/.local/lib/python3.12/site-packages/airflow/example_dags/example_branch_operator.py for tasks to queue
[2025-06-12T14:47:34.593+0000] {logging_mixin.py:188} INFO - [2025-06-12T14:47:34.592+0000] {dagbag.py:540} INFO - Filling up the DagBag from /home/airflow/.local/lib/python3.12/site-packages/airflow/example_dags/example_branch_operator.py
[2025-06-12T14:47:34.603+0000] {processor.py:840} INFO - DAG(s) 'example_branch_operator' retrieved from /home/airflow/.local/lib/python3.12/site-packages/airflow/example_dags/example_branch_operator.py
[2025-06-12T14:47:34.623+0000] {logging_mixin.py:188} INFO - [2025-06-12T14:47:34.623+0000] {dag.py:3096} INFO - Sync 1 DAGs
[2025-06-12T14:47:34.634+0000] {logging_mixin.py:188} INFO - [2025-06-12T14:47:34.634+0000] {dag.py:3954} INFO - Setting next_dagrun for example_branch_operator to 2025-06-11 00:00:00+00:00, run_after=2025-06-12 00:00:00+00:00
[2025-06-12T14:47:34.649+0000] {processor.py:183} INFO - Processing /home/airflow/.local/lib/python3.12/site-packages/airflow/example_dags/example_branch_operator.py took 0.064 seconds
[2025-06-12T14:48:05.521+0000] {processor.py:161} INFO - Started process (PID=284) to work on /home/airflow/.local/lib/python3.12/site-packages/airflow/example_dags/example_branch_operator.py
[2025-06-12T14:48:05.524+0000] {processor.py:830} INFO - Processing file /home/airflow/.local/lib/python3.12/site-packages/airflow/example_dags/example_branch_operator.py for tasks to queue
[2025-06-12T14:48:05.525+0000] {logging_mixin.py:188} INFO - [2025-06-12T14:48:05.525+0000] {dagbag.py:540} INFO - Filling up the DagBag from /home/airflow/.local/lib/python3.12/site-packages/airflow/example_dags/example_branch_operator.py
[2025-06-12T14:48:05.534+0000] {processor.py:840} INFO - DAG(s) 'example_branch_operator' retrieved from /home/airflow/.local/lib/python3.12/site-packages/airflow/example_dags/example_branch_operator.py
[2025-06-12T14:48:05.557+0000] {logging_mixin.py:188} INFO - [2025-06-12T14:48:05.557+0000] {dag.py:3096} INFO - Sync 1 DAGs
[2025-06-12T14:48:05.568+0000] {logging_mixin.py:188} INFO - [2025-06-12T14:48:05.568+0000] {dag.py:3954} INFO - Setting next_dagrun for example_branch_operator to 2025-06-11 00:00:00+00:00, run_after=2025-06-12 00:00:00+00:00
[2025-06-12T14:48:05.581+0000] {processor.py:183} INFO - Processing /home/airflow/.local/lib/python3.12/site-packages/airflow/example_dags/example_branch_operator.py took 0.063 seconds
[2025-06-12T15:07:52.037+0000] {processor.py:161} INFO - Started process (PID=77) to work on /home/airflow/.local/lib/python3.12/site-packages/airflow/example_dags/example_branch_operator.py
[2025-06-12T15:07:52.039+0000] {processor.py:830} INFO - Processing file /home/airflow/.local/lib/python3.12/site-packages/airflow/example_dags/example_branch_operator.py for tasks to queue
[2025-06-12T15:07:52.042+0000] {logging_mixin.py:188} INFO - [2025-06-12T15:07:52.041+0000] {dagbag.py:540} INFO - Filling up the DagBag from /home/airflow/.local/lib/python3.12/site-packages/airflow/example_dags/example_branch_operator.py
[2025-06-12T15:07:52.061+0000] {processor.py:840} INFO - DAG(s) 'example_branch_operator' retrieved from /home/airflow/.local/lib/python3.12/site-packages/airflow/example_dags/example_branch_operator.py
[2025-06-12T15:07:52.089+0000] {logging_mixin.py:188} INFO - [2025-06-12T15:07:52.088+0000] {dag.py:3096} INFO - Sync 1 DAGs
[2025-06-12T15:07:52.120+0000] {logging_mixin.py:188} INFO - [2025-06-12T15:07:52.120+0000] {dag.py:3954} INFO - Setting next_dagrun for example_branch_operator to 2025-06-11 00:00:00+00:00, run_after=2025-06-12 00:00:00+00:00
[2025-06-12T15:07:52.144+0000] {processor.py:183} INFO - Processing /home/airflow/.local/lib/python3.12/site-packages/airflow/example_dags/example_branch_operator.py took 0.112 seconds
[2025-06-12T15:08:22.296+0000] {processor.py:161} INFO - Started process (PID=144) to work on /home/airflow/.local/lib/python3.12/site-packages/airflow/example_dags/example_branch_operator.py
[2025-06-12T15:08:22.297+0000] {processor.py:830} INFO - Processing file /home/airflow/.local/lib/python3.12/site-packages/airflow/example_dags/example_branch_operator.py for tasks to queue
[2025-06-12T15:08:22.299+0000] {logging_mixin.py:188} INFO - [2025-06-12T15:08:22.299+0000] {dagbag.py:540} INFO - Filling up the DagBag from /home/airflow/.local/lib/python3.12/site-packages/airflow/example_dags/example_branch_operator.py
[2025-06-12T15:08:22.307+0000] {processor.py:840} INFO - DAG(s) 'example_branch_operator' retrieved from /home/airflow/.local/lib/python3.12/site-packages/airflow/example_dags/example_branch_operator.py
[2025-06-12T15:08:22.355+0000] {logging_mixin.py:188} INFO - [2025-06-12T15:08:22.355+0000] {dag.py:3096} INFO - Sync 1 DAGs
[2025-06-12T15:08:22.363+0000] {logging_mixin.py:188} INFO - [2025-06-12T15:08:22.363+0000] {dag.py:3954} INFO - Setting next_dagrun for example_branch_operator to 2025-06-11 00:00:00+00:00, run_after=2025-06-12 00:00:00+00:00
[2025-06-12T15:08:22.371+0000] {processor.py:183} INFO - Processing /home/airflow/.local/lib/python3.12/site-packages/airflow/example_dags/example_branch_operator.py took 0.077 seconds
[2025-06-12T15:08:53.252+0000] {processor.py:161} INFO - Started process (PID=218) to work on /home/airflow/.local/lib/python3.12/site-packages/airflow/example_dags/example_branch_operator.py
[2025-06-12T15:08:53.253+0000] {processor.py:830} INFO - Processing file /home/airflow/.local/lib/python3.12/site-packages/airflow/example_dags/example_branch_operator.py for tasks to queue
[2025-06-12T15:08:53.254+0000] {logging_mixin.py:188} INFO - [2025-06-12T15:08:53.254+0000] {dagbag.py:540} INFO - Filling up the DagBag from /home/airflow/.local/lib/python3.12/site-packages/airflow/example_dags/example_branch_operator.py
[2025-06-12T15:08:53.266+0000] {processor.py:840} INFO - DAG(s) 'example_branch_operator' retrieved from /home/airflow/.local/lib/python3.12/site-packages/airflow/example_dags/example_branch_operator.py
[2025-06-12T15:08:53.288+0000] {logging_mixin.py:188} INFO - [2025-06-12T15:08:53.287+0000] {dag.py:3096} INFO - Sync 1 DAGs
[2025-06-12T15:08:53.299+0000] {logging_mixin.py:188} INFO - [2025-06-12T15:08:53.299+0000] {dag.py:3954} INFO - Setting next_dagrun for example_branch_operator to 2025-06-11 00:00:00+00:00, run_after=2025-06-12 00:00:00+00:00
[2025-06-12T15:08:53.310+0000] {processor.py:183} INFO - Processing /home/airflow/.local/lib/python3.12/site-packages/airflow/example_dags/example_branch_operator.py took 0.060 seconds
[2025-06-12T15:09:23.423+0000] {processor.py:161} INFO - Started process (PID=285) to work on /home/airflow/.local/lib/python3.12/site-packages/airflow/example_dags/example_branch_operator.py
[2025-06-12T15:09:23.426+0000] {processor.py:830} INFO - Processing file /home/airflow/.local/lib/python3.12/site-packages/airflow/example_dags/example_branch_operator.py for tasks to queue
[2025-06-12T15:09:23.427+0000] {logging_mixin.py:188} INFO - [2025-06-12T15:09:23.427+0000] {dagbag.py:540} INFO - Filling up the DagBag from /home/airflow/.local/lib/python3.12/site-packages/airflow/example_dags/example_branch_operator.py
[2025-06-12T15:09:23.435+0000] {processor.py:840} INFO - DAG(s) 'example_branch_operator' retrieved from /home/airflow/.local/lib/python3.12/site-packages/airflow/example_dags/example_branch_operator.py
[2025-06-12T15:09:23.449+0000] {logging_mixin.py:188} INFO - [2025-06-12T15:09:23.449+0000] {dag.py:3096} INFO - Sync 1 DAGs
[2025-06-12T15:09:23.471+0000] {logging_mixin.py:188} INFO - [2025-06-12T15:09:23.471+0000] {dag.py:3954} INFO - Setting next_dagrun for example_branch_operator to 2025-06-11 00:00:00+00:00, run_after=2025-06-12 00:00:00+00:00
[2025-06-12T15:09:23.482+0000] {processor.py:183} INFO - Processing /home/airflow/.local/lib/python3.12/site-packages/airflow/example_dags/example_branch_operator.py took 0.061 seconds
[2025-06-12T15:09:53.961+0000] {processor.py:161} INFO - Started process (PID=359) to work on /home/airflow/.local/lib/python3.12/site-packages/airflow/example_dags/example_branch_operator.py
[2025-06-12T15:09:53.963+0000] {processor.py:830} INFO - Processing file /home/airflow/.local/lib/python3.12/site-packages/airflow/example_dags/example_branch_operator.py for tasks to queue
[2025-06-12T15:09:53.967+0000] {logging_mixin.py:188} INFO - [2025-06-12T15:09:53.965+0000] {dagbag.py:540} INFO - Filling up the DagBag from /home/airflow/.local/lib/python3.12/site-packages/airflow/example_dags/example_branch_operator.py
[2025-06-12T15:09:53.974+0000] {processor.py:840} INFO - DAG(s) 'example_branch_operator' retrieved from /home/airflow/.local/lib/python3.12/site-packages/airflow/example_dags/example_branch_operator.py
[2025-06-12T15:09:53.989+0000] {logging_mixin.py:188} INFO - [2025-06-12T15:09:53.989+0000] {dag.py:3096} INFO - Sync 1 DAGs
[2025-06-12T15:09:54.000+0000] {logging_mixin.py:188} INFO - [2025-06-12T15:09:54.000+0000] {dag.py:3954} INFO - Setting next_dagrun for example_branch_operator to 2025-06-11 00:00:00+00:00, run_after=2025-06-12 00:00:00+00:00
[2025-06-12T15:09:54.009+0000] {processor.py:183} INFO - Processing /home/airflow/.local/lib/python3.12/site-packages/airflow/example_dags/example_branch_operator.py took 0.050 seconds
[2025-06-12T15:10:24.253+0000] {processor.py:161} INFO - Started process (PID=433) to work on /home/airflow/.local/lib/python3.12/site-packages/airflow/example_dags/example_branch_operator.py
[2025-06-12T15:10:24.255+0000] {processor.py:830} INFO - Processing file /home/airflow/.local/lib/python3.12/site-packages/airflow/example_dags/example_branch_operator.py for tasks to queue
[2025-06-12T15:10:24.257+0000] {logging_mixin.py:188} INFO - [2025-06-12T15:10:24.256+0000] {dagbag.py:540} INFO - Filling up the DagBag from /home/airflow/.local/lib/python3.12/site-packages/airflow/example_dags/example_branch_operator.py
[2025-06-12T15:10:24.277+0000] {processor.py:840} INFO - DAG(s) 'example_branch_operator' retrieved from /home/airflow/.local/lib/python3.12/site-packages/airflow/example_dags/example_branch_operator.py
[2025-06-12T15:10:24.310+0000] {logging_mixin.py:188} INFO - [2025-06-12T15:10:24.310+0000] {dag.py:3096} INFO - Sync 1 DAGs
[2025-06-12T15:10:24.330+0000] {logging_mixin.py:188} INFO - [2025-06-12T15:10:24.330+0000] {dag.py:3954} INFO - Setting next_dagrun for example_branch_operator to 2025-06-11 00:00:00+00:00, run_after=2025-06-12 00:00:00+00:00
[2025-06-12T15:10:24.354+0000] {processor.py:183} INFO - Processing /home/airflow/.local/lib/python3.12/site-packages/airflow/example_dags/example_branch_operator.py took 0.108 seconds
[2025-06-12T15:10:55.225+0000] {processor.py:161} INFO - Started process (PID=500) to work on /home/airflow/.local/lib/python3.12/site-packages/airflow/example_dags/example_branch_operator.py
[2025-06-12T15:10:55.226+0000] {processor.py:830} INFO - Processing file /home/airflow/.local/lib/python3.12/site-packages/airflow/example_dags/example_branch_operator.py for tasks to queue
[2025-06-12T15:10:55.227+0000] {logging_mixin.py:188} INFO - [2025-06-12T15:10:55.227+0000] {dagbag.py:540} INFO - Filling up the DagBag from /home/airflow/.local/lib/python3.12/site-packages/airflow/example_dags/example_branch_operator.py
[2025-06-12T15:10:55.236+0000] {processor.py:840} INFO - DAG(s) 'example_branch_operator' retrieved from /home/airflow/.local/lib/python3.12/site-packages/airflow/example_dags/example_branch_operator.py
[2025-06-12T15:10:55.254+0000] {logging_mixin.py:188} INFO - [2025-06-12T15:10:55.254+0000] {dag.py:3096} INFO - Sync 1 DAGs
[2025-06-12T15:10:55.266+0000] {logging_mixin.py:188} INFO - [2025-06-12T15:10:55.266+0000] {dag.py:3954} INFO - Setting next_dagrun for example_branch_operator to 2025-06-11 00:00:00+00:00, run_after=2025-06-12 00:00:00+00:00
[2025-06-12T15:10:55.278+0000] {processor.py:183} INFO - Processing /home/airflow/.local/lib/python3.12/site-packages/airflow/example_dags/example_branch_operator.py took 0.055 seconds
[2025-06-12T15:11:25.678+0000] {processor.py:161} INFO - Started process (PID=573) to work on /home/airflow/.local/lib/python3.12/site-packages/airflow/example_dags/example_branch_operator.py
[2025-06-12T15:11:25.680+0000] {processor.py:830} INFO - Processing file /home/airflow/.local/lib/python3.12/site-packages/airflow/example_dags/example_branch_operator.py for tasks to queue
[2025-06-12T15:11:25.681+0000] {logging_mixin.py:188} INFO - [2025-06-12T15:11:25.681+0000] {dagbag.py:540} INFO - Filling up the DagBag from /home/airflow/.local/lib/python3.12/site-packages/airflow/example_dags/example_branch_operator.py
[2025-06-12T15:11:25.688+0000] {processor.py:840} INFO - DAG(s) 'example_branch_operator' retrieved from /home/airflow/.local/lib/python3.12/site-packages/airflow/example_dags/example_branch_operator.py
[2025-06-12T15:11:25.701+0000] {logging_mixin.py:188} INFO - [2025-06-12T15:11:25.700+0000] {dag.py:3096} INFO - Sync 1 DAGs
[2025-06-12T15:11:25.710+0000] {logging_mixin.py:188} INFO - [2025-06-12T15:11:25.710+0000] {dag.py:3954} INFO - Setting next_dagrun for example_branch_operator to 2025-06-11 00:00:00+00:00, run_after=2025-06-12 00:00:00+00:00
[2025-06-12T15:11:25.721+0000] {processor.py:183} INFO - Processing /home/airflow/.local/lib/python3.12/site-packages/airflow/example_dags/example_branch_operator.py took 0.046 seconds
[2025-06-12T15:11:55.883+0000] {processor.py:161} INFO - Started process (PID=646) to work on /home/airflow/.local/lib/python3.12/site-packages/airflow/example_dags/example_branch_operator.py
[2025-06-12T15:11:55.884+0000] {processor.py:830} INFO - Processing file /home/airflow/.local/lib/python3.12/site-packages/airflow/example_dags/example_branch_operator.py for tasks to queue
[2025-06-12T15:11:55.886+0000] {logging_mixin.py:188} INFO - [2025-06-12T15:11:55.885+0000] {dagbag.py:540} INFO - Filling up the DagBag from /home/airflow/.local/lib/python3.12/site-packages/airflow/example_dags/example_branch_operator.py
[2025-06-12T15:11:55.896+0000] {processor.py:840} INFO - DAG(s) 'example_branch_operator' retrieved from /home/airflow/.local/lib/python3.12/site-packages/airflow/example_dags/example_branch_operator.py
[2025-06-12T15:11:55.918+0000] {logging_mixin.py:188} INFO - [2025-06-12T15:11:55.918+0000] {dag.py:3096} INFO - Sync 1 DAGs
[2025-06-12T15:11:55.928+0000] {logging_mixin.py:188} INFO - [2025-06-12T15:11:55.928+0000] {dag.py:3954} INFO - Setting next_dagrun for example_branch_operator to 2025-06-11 00:00:00+00:00, run_after=2025-06-12 00:00:00+00:00
[2025-06-12T15:11:55.939+0000] {processor.py:183} INFO - Processing /home/airflow/.local/lib/python3.12/site-packages/airflow/example_dags/example_branch_operator.py took 0.059 seconds
[2025-06-12T15:12:26.069+0000] {processor.py:161} INFO - Started process (PID=712) to work on /home/airflow/.local/lib/python3.12/site-packages/airflow/example_dags/example_branch_operator.py
[2025-06-12T15:12:26.070+0000] {processor.py:830} INFO - Processing file /home/airflow/.local/lib/python3.12/site-packages/airflow/example_dags/example_branch_operator.py for tasks to queue
[2025-06-12T15:12:26.071+0000] {logging_mixin.py:188} INFO - [2025-06-12T15:12:26.071+0000] {dagbag.py:540} INFO - Filling up the DagBag from /home/airflow/.local/lib/python3.12/site-packages/airflow/example_dags/example_branch_operator.py
[2025-06-12T15:12:26.080+0000] {processor.py:840} INFO - DAG(s) 'example_branch_operator' retrieved from /home/airflow/.local/lib/python3.12/site-packages/airflow/example_dags/example_branch_operator.py
[2025-06-12T15:12:26.094+0000] {logging_mixin.py:188} INFO - [2025-06-12T15:12:26.094+0000] {dag.py:3096} INFO - Sync 1 DAGs
[2025-06-12T15:12:26.104+0000] {logging_mixin.py:188} INFO - [2025-06-12T15:12:26.104+0000] {dag.py:3954} INFO - Setting next_dagrun for example_branch_operator to 2025-06-11 00:00:00+00:00, run_after=2025-06-12 00:00:00+00:00
[2025-06-12T15:12:26.112+0000] {processor.py:183} INFO - Processing /home/airflow/.local/lib/python3.12/site-packages/airflow/example_dags/example_branch_operator.py took 0.045 seconds
[2025-06-12T15:12:56.281+0000] {processor.py:161} INFO - Started process (PID=786) to work on /home/airflow/.local/lib/python3.12/site-packages/airflow/example_dags/example_branch_operator.py
[2025-06-12T15:12:56.282+0000] {processor.py:830} INFO - Processing file /home/airflow/.local/lib/python3.12/site-packages/airflow/example_dags/example_branch_operator.py for tasks to queue
[2025-06-12T15:12:56.283+0000] {logging_mixin.py:188} INFO - [2025-06-12T15:12:56.283+0000] {dagbag.py:540} INFO - Filling up the DagBag from /home/airflow/.local/lib/python3.12/site-packages/airflow/example_dags/example_branch_operator.py
[2025-06-12T15:12:56.291+0000] {processor.py:840} INFO - DAG(s) 'example_branch_operator' retrieved from /home/airflow/.local/lib/python3.12/site-packages/airflow/example_dags/example_branch_operator.py
[2025-06-12T15:12:56.307+0000] {logging_mixin.py:188} INFO - [2025-06-12T15:12:56.306+0000] {dag.py:3096} INFO - Sync 1 DAGs
[2025-06-12T15:12:56.317+0000] {logging_mixin.py:188} INFO - [2025-06-12T15:12:56.317+0000] {dag.py:3954} INFO - Setting next_dagrun for example_branch_operator to 2025-06-11 00:00:00+00:00, run_after=2025-06-12 00:00:00+00:00
[2025-06-12T15:12:56.327+0000] {processor.py:183} INFO - Processing /home/airflow/.local/lib/python3.12/site-packages/airflow/example_dags/example_branch_operator.py took 0.049 seconds
[2025-06-12T15:13:27.101+0000] {processor.py:161} INFO - Started process (PID=853) to work on /home/airflow/.local/lib/python3.12/site-packages/airflow/example_dags/example_branch_operator.py
[2025-06-12T15:13:27.102+0000] {processor.py:830} INFO - Processing file /home/airflow/.local/lib/python3.12/site-packages/airflow/example_dags/example_branch_operator.py for tasks to queue
[2025-06-12T15:13:27.103+0000] {logging_mixin.py:188} INFO - [2025-06-12T15:13:27.103+0000] {dagbag.py:540} INFO - Filling up the DagBag from /home/airflow/.local/lib/python3.12/site-packages/airflow/example_dags/example_branch_operator.py
[2025-06-12T15:13:27.110+0000] {processor.py:840} INFO - DAG(s) 'example_branch_operator' retrieved from /home/airflow/.local/lib/python3.12/site-packages/airflow/example_dags/example_branch_operator.py
[2025-06-12T15:13:27.124+0000] {logging_mixin.py:188} INFO - [2025-06-12T15:13:27.124+0000] {dag.py:3096} INFO - Sync 1 DAGs
[2025-06-12T15:13:27.135+0000] {logging_mixin.py:188} INFO - [2025-06-12T15:13:27.135+0000] {dag.py:3954} INFO - Setting next_dagrun for example_branch_operator to 2025-06-11 00:00:00+00:00, run_after=2025-06-12 00:00:00+00:00
[2025-06-12T15:13:27.145+0000] {processor.py:183} INFO - Processing /home/airflow/.local/lib/python3.12/site-packages/airflow/example_dags/example_branch_operator.py took 0.046 seconds
[2025-06-12T15:13:57.437+0000] {processor.py:161} INFO - Started process (PID=927) to work on /home/airflow/.local/lib/python3.12/site-packages/airflow/example_dags/example_branch_operator.py
[2025-06-12T15:13:57.438+0000] {processor.py:830} INFO - Processing file /home/airflow/.local/lib/python3.12/site-packages/airflow/example_dags/example_branch_operator.py for tasks to queue
[2025-06-12T15:13:57.440+0000] {logging_mixin.py:188} INFO - [2025-06-12T15:13:57.440+0000] {dagbag.py:540} INFO - Filling up the DagBag from /home/airflow/.local/lib/python3.12/site-packages/airflow/example_dags/example_branch_operator.py
[2025-06-12T15:13:57.448+0000] {processor.py:840} INFO - DAG(s) 'example_branch_operator' retrieved from /home/airflow/.local/lib/python3.12/site-packages/airflow/example_dags/example_branch_operator.py
[2025-06-12T15:13:57.463+0000] {logging_mixin.py:188} INFO - [2025-06-12T15:13:57.463+0000] {dag.py:3096} INFO - Sync 1 DAGs
[2025-06-12T15:13:57.472+0000] {logging_mixin.py:188} INFO - [2025-06-12T15:13:57.472+0000] {dag.py:3954} INFO - Setting next_dagrun for example_branch_operator to 2025-06-11 00:00:00+00:00, run_after=2025-06-12 00:00:00+00:00
[2025-06-12T15:13:57.481+0000] {processor.py:183} INFO - Processing /home/airflow/.local/lib/python3.12/site-packages/airflow/example_dags/example_branch_operator.py took 0.046 seconds
[2025-06-12T15:14:27.969+0000] {processor.py:161} INFO - Started process (PID=1002) to work on /home/airflow/.local/lib/python3.12/site-packages/airflow/example_dags/example_branch_operator.py
[2025-06-12T15:14:27.970+0000] {processor.py:830} INFO - Processing file /home/airflow/.local/lib/python3.12/site-packages/airflow/example_dags/example_branch_operator.py for tasks to queue
[2025-06-12T15:14:27.971+0000] {logging_mixin.py:188} INFO - [2025-06-12T15:14:27.971+0000] {dagbag.py:540} INFO - Filling up the DagBag from /home/airflow/.local/lib/python3.12/site-packages/airflow/example_dags/example_branch_operator.py
[2025-06-12T15:14:27.979+0000] {processor.py:840} INFO - DAG(s) 'example_branch_operator' retrieved from /home/airflow/.local/lib/python3.12/site-packages/airflow/example_dags/example_branch_operator.py
[2025-06-12T15:14:27.996+0000] {logging_mixin.py:188} INFO - [2025-06-12T15:14:27.996+0000] {dag.py:3096} INFO - Sync 1 DAGs
[2025-06-12T15:14:28.007+0000] {logging_mixin.py:188} INFO - [2025-06-12T15:14:28.007+0000] {dag.py:3954} INFO - Setting next_dagrun for example_branch_operator to 2025-06-11 00:00:00+00:00, run_after=2025-06-12 00:00:00+00:00
[2025-06-12T15:14:28.017+0000] {processor.py:183} INFO - Processing /home/airflow/.local/lib/python3.12/site-packages/airflow/example_dags/example_branch_operator.py took 0.050 seconds
[2025-06-12T15:14:58.426+0000] {processor.py:161} INFO - Started process (PID=1069) to work on /home/airflow/.local/lib/python3.12/site-packages/airflow/example_dags/example_branch_operator.py
[2025-06-12T15:14:58.428+0000] {processor.py:830} INFO - Processing file /home/airflow/.local/lib/python3.12/site-packages/airflow/example_dags/example_branch_operator.py for tasks to queue
[2025-06-12T15:14:58.431+0000] {logging_mixin.py:188} INFO - [2025-06-12T15:14:58.430+0000] {dagbag.py:540} INFO - Filling up the DagBag from /home/airflow/.local/lib/python3.12/site-packages/airflow/example_dags/example_branch_operator.py
[2025-06-12T15:14:58.438+0000] {processor.py:840} INFO - DAG(s) 'example_branch_operator' retrieved from /home/airflow/.local/lib/python3.12/site-packages/airflow/example_dags/example_branch_operator.py
[2025-06-12T15:14:58.453+0000] {logging_mixin.py:188} INFO - [2025-06-12T15:14:58.453+0000] {dag.py:3096} INFO - Sync 1 DAGs
[2025-06-12T15:14:58.462+0000] {logging_mixin.py:188} INFO - [2025-06-12T15:14:58.462+0000] {dag.py:3954} INFO - Setting next_dagrun for example_branch_operator to 2025-06-11 00:00:00+00:00, run_after=2025-06-12 00:00:00+00:00
[2025-06-12T15:14:58.472+0000] {processor.py:183} INFO - Processing /home/airflow/.local/lib/python3.12/site-packages/airflow/example_dags/example_branch_operator.py took 0.048 seconds
[2025-06-12T15:15:29.054+0000] {processor.py:161} INFO - Started process (PID=1143) to work on /home/airflow/.local/lib/python3.12/site-packages/airflow/example_dags/example_branch_operator.py
[2025-06-12T15:15:29.055+0000] {processor.py:830} INFO - Processing file /home/airflow/.local/lib/python3.12/site-packages/airflow/example_dags/example_branch_operator.py for tasks to queue
[2025-06-12T15:15:29.057+0000] {logging_mixin.py:188} INFO - [2025-06-12T15:15:29.056+0000] {dagbag.py:540} INFO - Filling up the DagBag from /home/airflow/.local/lib/python3.12/site-packages/airflow/example_dags/example_branch_operator.py
[2025-06-12T15:15:29.065+0000] {processor.py:840} INFO - DAG(s) 'example_branch_operator' retrieved from /home/airflow/.local/lib/python3.12/site-packages/airflow/example_dags/example_branch_operator.py
[2025-06-12T15:15:29.078+0000] {logging_mixin.py:188} INFO - [2025-06-12T15:15:29.078+0000] {dag.py:3096} INFO - Sync 1 DAGs
[2025-06-12T15:15:29.088+0000] {logging_mixin.py:188} INFO - [2025-06-12T15:15:29.088+0000] {dag.py:3954} INFO - Setting next_dagrun for example_branch_operator to 2025-06-11 00:00:00+00:00, run_after=2025-06-12 00:00:00+00:00
[2025-06-12T15:15:29.097+0000] {processor.py:183} INFO - Processing /home/airflow/.local/lib/python3.12/site-packages/airflow/example_dags/example_branch_operator.py took 0.045 seconds
[2025-06-12T15:15:59.502+0000] {processor.py:161} INFO - Started process (PID=1216) to work on /home/airflow/.local/lib/python3.12/site-packages/airflow/example_dags/example_branch_operator.py
[2025-06-12T15:15:59.503+0000] {processor.py:830} INFO - Processing file /home/airflow/.local/lib/python3.12/site-packages/airflow/example_dags/example_branch_operator.py for tasks to queue
[2025-06-12T15:15:59.504+0000] {logging_mixin.py:188} INFO - [2025-06-12T15:15:59.504+0000] {dagbag.py:540} INFO - Filling up the DagBag from /home/airflow/.local/lib/python3.12/site-packages/airflow/example_dags/example_branch_operator.py
[2025-06-12T15:15:59.518+0000] {processor.py:840} INFO - DAG(s) 'example_branch_operator' retrieved from /home/airflow/.local/lib/python3.12/site-packages/airflow/example_dags/example_branch_operator.py
[2025-06-12T15:15:59.539+0000] {logging_mixin.py:188} INFO - [2025-06-12T15:15:59.538+0000] {dag.py:3096} INFO - Sync 1 DAGs
[2025-06-12T15:15:59.659+0000] {logging_mixin.py:188} INFO - [2025-06-12T15:15:59.659+0000] {dag.py:3954} INFO - Setting next_dagrun for example_branch_operator to 2025-06-11 00:00:00+00:00, run_after=2025-06-12 00:00:00+00:00
[2025-06-12T15:15:59.667+0000] {processor.py:183} INFO - Processing /home/airflow/.local/lib/python3.12/site-packages/airflow/example_dags/example_branch_operator.py took 0.171 seconds
[2025-06-12T15:16:30.320+0000] {processor.py:161} INFO - Started process (PID=1284) to work on /home/airflow/.local/lib/python3.12/site-packages/airflow/example_dags/example_branch_operator.py
[2025-06-12T15:16:30.322+0000] {processor.py:830} INFO - Processing file /home/airflow/.local/lib/python3.12/site-packages/airflow/example_dags/example_branch_operator.py for tasks to queue
[2025-06-12T15:16:30.323+0000] {logging_mixin.py:188} INFO - [2025-06-12T15:16:30.323+0000] {dagbag.py:540} INFO - Filling up the DagBag from /home/airflow/.local/lib/python3.12/site-packages/airflow/example_dags/example_branch_operator.py
[2025-06-12T15:16:30.332+0000] {processor.py:840} INFO - DAG(s) 'example_branch_operator' retrieved from /home/airflow/.local/lib/python3.12/site-packages/airflow/example_dags/example_branch_operator.py
[2025-06-12T15:16:30.356+0000] {logging_mixin.py:188} INFO - [2025-06-12T15:16:30.356+0000] {dag.py:3096} INFO - Sync 1 DAGs
[2025-06-12T15:16:30.367+0000] {logging_mixin.py:188} INFO - [2025-06-12T15:16:30.367+0000] {dag.py:3954} INFO - Setting next_dagrun for example_branch_operator to 2025-06-11 00:00:00+00:00, run_after=2025-06-12 00:00:00+00:00
[2025-06-12T15:16:30.496+0000] {processor.py:183} INFO - Processing /home/airflow/.local/lib/python3.12/site-packages/airflow/example_dags/example_branch_operator.py took 0.180 seconds
[2025-06-12T15:17:01.337+0000] {processor.py:161} INFO - Started process (PID=1358) to work on /home/airflow/.local/lib/python3.12/site-packages/airflow/example_dags/example_branch_operator.py
[2025-06-12T15:17:01.337+0000] {processor.py:830} INFO - Processing file /home/airflow/.local/lib/python3.12/site-packages/airflow/example_dags/example_branch_operator.py for tasks to queue
[2025-06-12T15:17:01.339+0000] {logging_mixin.py:188} INFO - [2025-06-12T15:17:01.339+0000] {dagbag.py:540} INFO - Filling up the DagBag from /home/airflow/.local/lib/python3.12/site-packages/airflow/example_dags/example_branch_operator.py
[2025-06-12T15:17:01.349+0000] {processor.py:840} INFO - DAG(s) 'example_branch_operator' retrieved from /home/airflow/.local/lib/python3.12/site-packages/airflow/example_dags/example_branch_operator.py
[2025-06-12T15:17:01.365+0000] {logging_mixin.py:188} INFO - [2025-06-12T15:17:01.365+0000] {dag.py:3096} INFO - Sync 1 DAGs
[2025-06-12T15:17:01.378+0000] {logging_mixin.py:188} INFO - [2025-06-12T15:17:01.378+0000] {dag.py:3954} INFO - Setting next_dagrun for example_branch_operator to 2025-06-11 00:00:00+00:00, run_after=2025-06-12 00:00:00+00:00
[2025-06-12T15:17:01.392+0000] {processor.py:183} INFO - Processing /home/airflow/.local/lib/python3.12/site-packages/airflow/example_dags/example_branch_operator.py took 0.059 seconds
[2025-06-12T15:17:31.892+0000] {processor.py:161} INFO - Started process (PID=1432) to work on /home/airflow/.local/lib/python3.12/site-packages/airflow/example_dags/example_branch_operator.py
[2025-06-12T15:17:31.893+0000] {processor.py:830} INFO - Processing file /home/airflow/.local/lib/python3.12/site-packages/airflow/example_dags/example_branch_operator.py for tasks to queue
[2025-06-12T15:17:31.894+0000] {logging_mixin.py:188} INFO - [2025-06-12T15:17:31.894+0000] {dagbag.py:540} INFO - Filling up the DagBag from /home/airflow/.local/lib/python3.12/site-packages/airflow/example_dags/example_branch_operator.py
[2025-06-12T15:17:31.904+0000] {processor.py:840} INFO - DAG(s) 'example_branch_operator' retrieved from /home/airflow/.local/lib/python3.12/site-packages/airflow/example_dags/example_branch_operator.py
[2025-06-12T15:17:31.924+0000] {logging_mixin.py:188} INFO - [2025-06-12T15:17:31.923+0000] {dag.py:3096} INFO - Sync 1 DAGs
[2025-06-12T15:17:31.934+0000] {logging_mixin.py:188} INFO - [2025-06-12T15:17:31.934+0000] {dag.py:3954} INFO - Setting next_dagrun for example_branch_operator to 2025-06-11 00:00:00+00:00, run_after=2025-06-12 00:00:00+00:00
[2025-06-12T15:17:31.946+0000] {processor.py:183} INFO - Processing /home/airflow/.local/lib/python3.12/site-packages/airflow/example_dags/example_branch_operator.py took 0.060 seconds
[2025-06-12T15:18:02.168+0000] {processor.py:161} INFO - Started process (PID=1499) to work on /home/airflow/.local/lib/python3.12/site-packages/airflow/example_dags/example_branch_operator.py
[2025-06-12T15:18:02.168+0000] {processor.py:830} INFO - Processing file /home/airflow/.local/lib/python3.12/site-packages/airflow/example_dags/example_branch_operator.py for tasks to queue
[2025-06-12T15:18:02.169+0000] {logging_mixin.py:188} INFO - [2025-06-12T15:18:02.169+0000] {dagbag.py:540} INFO - Filling up the DagBag from /home/airflow/.local/lib/python3.12/site-packages/airflow/example_dags/example_branch_operator.py
[2025-06-12T15:18:02.177+0000] {processor.py:840} INFO - DAG(s) 'example_branch_operator' retrieved from /home/airflow/.local/lib/python3.12/site-packages/airflow/example_dags/example_branch_operator.py
[2025-06-12T15:18:02.195+0000] {logging_mixin.py:188} INFO - [2025-06-12T15:18:02.195+0000] {dag.py:3096} INFO - Sync 1 DAGs
[2025-06-12T15:18:02.206+0000] {logging_mixin.py:188} INFO - [2025-06-12T15:18:02.206+0000] {dag.py:3954} INFO - Setting next_dagrun for example_branch_operator to 2025-06-11 00:00:00+00:00, run_after=2025-06-12 00:00:00+00:00
[2025-06-12T15:18:02.217+0000] {processor.py:183} INFO - Processing /home/airflow/.local/lib/python3.12/site-packages/airflow/example_dags/example_branch_operator.py took 0.052 seconds
[2025-06-12T15:18:32.781+0000] {processor.py:161} INFO - Started process (PID=1573) to work on /home/airflow/.local/lib/python3.12/site-packages/airflow/example_dags/example_branch_operator.py
[2025-06-12T15:18:32.782+0000] {processor.py:830} INFO - Processing file /home/airflow/.local/lib/python3.12/site-packages/airflow/example_dags/example_branch_operator.py for tasks to queue
[2025-06-12T15:18:32.784+0000] {logging_mixin.py:188} INFO - [2025-06-12T15:18:32.783+0000] {dagbag.py:540} INFO - Filling up the DagBag from /home/airflow/.local/lib/python3.12/site-packages/airflow/example_dags/example_branch_operator.py
[2025-06-12T15:18:32.791+0000] {processor.py:840} INFO - DAG(s) 'example_branch_operator' retrieved from /home/airflow/.local/lib/python3.12/site-packages/airflow/example_dags/example_branch_operator.py
[2025-06-12T15:18:32.808+0000] {logging_mixin.py:188} INFO - [2025-06-12T15:18:32.808+0000] {dag.py:3096} INFO - Sync 1 DAGs
[2025-06-12T15:18:32.817+0000] {logging_mixin.py:188} INFO - [2025-06-12T15:18:32.817+0000] {dag.py:3954} INFO - Setting next_dagrun for example_branch_operator to 2025-06-11 00:00:00+00:00, run_after=2025-06-12 00:00:00+00:00
[2025-06-12T15:18:32.825+0000] {processor.py:183} INFO - Processing /home/airflow/.local/lib/python3.12/site-packages/airflow/example_dags/example_branch_operator.py took 0.047 seconds
