[2025-06-12T13:58:41.654+0000] {processor.py:161} INFO - Started process (PID=80) to work on /home/airflow/.local/lib/python3.12/site-packages/airflow/example_dags/example_bash_operator.py
[2025-06-12T13:58:41.655+0000] {processor.py:830} INFO - Processing file /home/airflow/.local/lib/python3.12/site-packages/airflow/example_dags/example_bash_operator.py for tasks to queue
[2025-06-12T13:58:41.659+0000] {logging_mixin.py:188} INFO - [2025-06-12T13:58:41.658+0000] {dagbag.py:540} INFO - Filling up the DagBag from /home/airflow/.local/lib/python3.12/site-packages/airflow/example_dags/example_bash_operator.py
[2025-06-12T13:58:41.681+0000] {processor.py:840} INFO - DAG(s) 'example_bash_operator' retrieved from /home/airflow/.local/lib/python3.12/site-packages/airflow/example_dags/example_bash_operator.py
[2025-06-12T13:58:41.708+0000] {logging_mixin.py:188} INFO - [2025-06-12T13:58:41.707+0000] {dag.py:3096} INFO - Sync 1 DAGs
[2025-06-12T13:58:41.750+0000] {logging_mixin.py:188} INFO - [2025-06-12T13:58:41.750+0000] {dag.py:3954} INFO - Setting next_dagrun for example_bash_operator to 2025-06-11 00:00:00+00:00, run_after=2025-06-12 00:00:00+00:00
[2025-06-12T13:58:41.801+0000] {processor.py:183} INFO - Processing /home/airflow/.local/lib/python3.12/site-packages/airflow/example_dags/example_bash_operator.py took 0.154 seconds
[2025-06-12T13:59:11.901+0000] {processor.py:161} INFO - Started process (PID=147) to work on /home/airflow/.local/lib/python3.12/site-packages/airflow/example_dags/example_bash_operator.py
[2025-06-12T13:59:11.902+0000] {processor.py:830} INFO - Processing file /home/airflow/.local/lib/python3.12/site-packages/airflow/example_dags/example_bash_operator.py for tasks to queue
[2025-06-12T13:59:11.903+0000] {logging_mixin.py:188} INFO - [2025-06-12T13:59:11.903+0000] {dagbag.py:540} INFO - Filling up the DagBag from /home/airflow/.local/lib/python3.12/site-packages/airflow/example_dags/example_bash_operator.py
[2025-06-12T13:59:11.908+0000] {processor.py:840} INFO - DAG(s) 'example_bash_operator' retrieved from /home/airflow/.local/lib/python3.12/site-packages/airflow/example_dags/example_bash_operator.py
[2025-06-12T13:59:11.977+0000] {logging_mixin.py:188} INFO - [2025-06-12T13:59:11.977+0000] {dag.py:3096} INFO - Sync 1 DAGs
[2025-06-12T13:59:12.004+0000] {logging_mixin.py:188} INFO - [2025-06-12T13:59:12.004+0000] {dag.py:3954} INFO - Setting next_dagrun for example_bash_operator to 2025-06-11 00:00:00+00:00, run_after=2025-06-12 00:00:00+00:00
[2025-06-12T13:59:12.021+0000] {processor.py:183} INFO - Processing /home/airflow/.local/lib/python3.12/site-packages/airflow/example_dags/example_bash_operator.py took 0.123 seconds
[2025-06-12T13:59:42.379+0000] {processor.py:161} INFO - Started process (PID=221) to work on /home/airflow/.local/lib/python3.12/site-packages/airflow/example_dags/example_bash_operator.py
[2025-06-12T13:59:42.380+0000] {processor.py:830} INFO - Processing file /home/airflow/.local/lib/python3.12/site-packages/airflow/example_dags/example_bash_operator.py for tasks to queue
[2025-06-12T13:59:42.382+0000] {logging_mixin.py:188} INFO - [2025-06-12T13:59:42.382+0000] {dagbag.py:540} INFO - Filling up the DagBag from /home/airflow/.local/lib/python3.12/site-packages/airflow/example_dags/example_bash_operator.py
[2025-06-12T13:59:42.389+0000] {processor.py:840} INFO - DAG(s) 'example_bash_operator' retrieved from /home/airflow/.local/lib/python3.12/site-packages/airflow/example_dags/example_bash_operator.py
[2025-06-12T13:59:42.422+0000] {logging_mixin.py:188} INFO - [2025-06-12T13:59:42.421+0000] {dag.py:3096} INFO - Sync 1 DAGs
[2025-06-12T13:59:42.455+0000] {logging_mixin.py:188} INFO - [2025-06-12T13:59:42.454+0000] {dag.py:3954} INFO - Setting next_dagrun for example_bash_operator to 2025-06-11 00:00:00+00:00, run_after=2025-06-12 00:00:00+00:00
[2025-06-12T13:59:42.467+0000] {processor.py:183} INFO - Processing /home/airflow/.local/lib/python3.12/site-packages/airflow/example_dags/example_bash_operator.py took 0.092 seconds
[2025-06-12T14:00:13.077+0000] {processor.py:161} INFO - Started process (PID=288) to work on /home/airflow/.local/lib/python3.12/site-packages/airflow/example_dags/example_bash_operator.py
[2025-06-12T14:00:13.077+0000] {processor.py:830} INFO - Processing file /home/airflow/.local/lib/python3.12/site-packages/airflow/example_dags/example_bash_operator.py for tasks to queue
[2025-06-12T14:00:13.078+0000] {logging_mixin.py:188} INFO - [2025-06-12T14:00:13.078+0000] {dagbag.py:540} INFO - Filling up the DagBag from /home/airflow/.local/lib/python3.12/site-packages/airflow/example_dags/example_bash_operator.py
[2025-06-12T14:00:13.084+0000] {processor.py:840} INFO - DAG(s) 'example_bash_operator' retrieved from /home/airflow/.local/lib/python3.12/site-packages/airflow/example_dags/example_bash_operator.py
[2025-06-12T14:00:13.100+0000] {logging_mixin.py:188} INFO - [2025-06-12T14:00:13.100+0000] {dag.py:3096} INFO - Sync 1 DAGs
[2025-06-12T14:00:13.117+0000] {logging_mixin.py:188} INFO - [2025-06-12T14:00:13.117+0000] {dag.py:3954} INFO - Setting next_dagrun for example_bash_operator to 2025-06-11 00:00:00+00:00, run_after=2025-06-12 00:00:00+00:00
[2025-06-12T14:00:13.128+0000] {processor.py:183} INFO - Processing /home/airflow/.local/lib/python3.12/site-packages/airflow/example_dags/example_bash_operator.py took 0.054 seconds
[2025-06-12T14:00:43.329+0000] {processor.py:161} INFO - Started process (PID=362) to work on /home/airflow/.local/lib/python3.12/site-packages/airflow/example_dags/example_bash_operator.py
[2025-06-12T14:00:43.329+0000] {processor.py:830} INFO - Processing file /home/airflow/.local/lib/python3.12/site-packages/airflow/example_dags/example_bash_operator.py for tasks to queue
[2025-06-12T14:00:43.330+0000] {logging_mixin.py:188} INFO - [2025-06-12T14:00:43.330+0000] {dagbag.py:540} INFO - Filling up the DagBag from /home/airflow/.local/lib/python3.12/site-packages/airflow/example_dags/example_bash_operator.py
[2025-06-12T14:00:43.336+0000] {processor.py:840} INFO - DAG(s) 'example_bash_operator' retrieved from /home/airflow/.local/lib/python3.12/site-packages/airflow/example_dags/example_bash_operator.py
[2025-06-12T14:00:43.353+0000] {logging_mixin.py:188} INFO - [2025-06-12T14:00:43.353+0000] {dag.py:3096} INFO - Sync 1 DAGs
[2025-06-12T14:00:43.365+0000] {logging_mixin.py:188} INFO - [2025-06-12T14:00:43.365+0000] {dag.py:3954} INFO - Setting next_dagrun for example_bash_operator to 2025-06-11 00:00:00+00:00, run_after=2025-06-12 00:00:00+00:00
[2025-06-12T14:00:43.379+0000] {processor.py:183} INFO - Processing /home/airflow/.local/lib/python3.12/site-packages/airflow/example_dags/example_bash_operator.py took 0.053 seconds
[2025-06-12T14:01:14.454+0000] {processor.py:161} INFO - Started process (PID=429) to work on /home/airflow/.local/lib/python3.12/site-packages/airflow/example_dags/example_bash_operator.py
[2025-06-12T14:01:14.456+0000] {processor.py:830} INFO - Processing file /home/airflow/.local/lib/python3.12/site-packages/airflow/example_dags/example_bash_operator.py for tasks to queue
[2025-06-12T14:01:14.457+0000] {logging_mixin.py:188} INFO - [2025-06-12T14:01:14.457+0000] {dagbag.py:540} INFO - Filling up the DagBag from /home/airflow/.local/lib/python3.12/site-packages/airflow/example_dags/example_bash_operator.py
[2025-06-12T14:01:14.464+0000] {processor.py:840} INFO - DAG(s) 'example_bash_operator' retrieved from /home/airflow/.local/lib/python3.12/site-packages/airflow/example_dags/example_bash_operator.py
[2025-06-12T14:01:14.482+0000] {logging_mixin.py:188} INFO - [2025-06-12T14:01:14.482+0000] {dag.py:3096} INFO - Sync 1 DAGs
[2025-06-12T14:01:14.494+0000] {logging_mixin.py:188} INFO - [2025-06-12T14:01:14.494+0000] {dag.py:3954} INFO - Setting next_dagrun for example_bash_operator to 2025-06-11 00:00:00+00:00, run_after=2025-06-12 00:00:00+00:00
[2025-06-12T14:01:14.506+0000] {processor.py:183} INFO - Processing /home/airflow/.local/lib/python3.12/site-packages/airflow/example_dags/example_bash_operator.py took 0.055 seconds
[2025-06-12T14:15:49.258+0000] {processor.py:161} INFO - Started process (PID=81) to work on /home/airflow/.local/lib/python3.12/site-packages/airflow/example_dags/example_bash_operator.py
[2025-06-12T14:15:49.260+0000] {processor.py:830} INFO - Processing file /home/airflow/.local/lib/python3.12/site-packages/airflow/example_dags/example_bash_operator.py for tasks to queue
[2025-06-12T14:15:49.261+0000] {logging_mixin.py:188} INFO - [2025-06-12T14:15:49.260+0000] {dagbag.py:540} INFO - Filling up the DagBag from /home/airflow/.local/lib/python3.12/site-packages/airflow/example_dags/example_bash_operator.py
[2025-06-12T14:15:49.267+0000] {processor.py:840} INFO - DAG(s) 'example_bash_operator' retrieved from /home/airflow/.local/lib/python3.12/site-packages/airflow/example_dags/example_bash_operator.py
[2025-06-12T14:15:49.278+0000] {logging_mixin.py:188} INFO - [2025-06-12T14:15:49.278+0000] {dag.py:3096} INFO - Sync 1 DAGs
[2025-06-12T14:15:49.291+0000] {logging_mixin.py:188} INFO - [2025-06-12T14:15:49.291+0000] {dag.py:3954} INFO - Setting next_dagrun for example_bash_operator to 2025-06-11 00:00:00+00:00, run_after=2025-06-12 00:00:00+00:00
[2025-06-12T14:15:49.302+0000] {processor.py:183} INFO - Processing /home/airflow/.local/lib/python3.12/site-packages/airflow/example_dags/example_bash_operator.py took 0.047 seconds
[2025-06-12T14:16:20.737+0000] {processor.py:161} INFO - Started process (PID=155) to work on /home/airflow/.local/lib/python3.12/site-packages/airflow/example_dags/example_bash_operator.py
[2025-06-12T14:16:20.745+0000] {processor.py:830} INFO - Processing file /home/airflow/.local/lib/python3.12/site-packages/airflow/example_dags/example_bash_operator.py for tasks to queue
[2025-06-12T14:16:20.753+0000] {logging_mixin.py:188} INFO - [2025-06-12T14:16:20.752+0000] {dagbag.py:540} INFO - Filling up the DagBag from /home/airflow/.local/lib/python3.12/site-packages/airflow/example_dags/example_bash_operator.py
[2025-06-12T14:16:20.774+0000] {processor.py:840} INFO - DAG(s) 'example_bash_operator' retrieved from /home/airflow/.local/lib/python3.12/site-packages/airflow/example_dags/example_bash_operator.py
[2025-06-12T14:16:20.952+0000] {logging_mixin.py:188} INFO - [2025-06-12T14:16:20.952+0000] {dag.py:3096} INFO - Sync 1 DAGs
[2025-06-12T14:16:20.983+0000] {logging_mixin.py:188} INFO - [2025-06-12T14:16:20.982+0000] {dag.py:3954} INFO - Setting next_dagrun for example_bash_operator to 2025-06-11 00:00:00+00:00, run_after=2025-06-12 00:00:00+00:00
[2025-06-12T14:16:21.024+0000] {processor.py:183} INFO - Processing /home/airflow/.local/lib/python3.12/site-packages/airflow/example_dags/example_bash_operator.py took 0.297 seconds
[2025-06-12T14:16:51.809+0000] {processor.py:161} INFO - Started process (PID=222) to work on /home/airflow/.local/lib/python3.12/site-packages/airflow/example_dags/example_bash_operator.py
[2025-06-12T14:16:51.810+0000] {processor.py:830} INFO - Processing file /home/airflow/.local/lib/python3.12/site-packages/airflow/example_dags/example_bash_operator.py for tasks to queue
[2025-06-12T14:16:51.811+0000] {logging_mixin.py:188} INFO - [2025-06-12T14:16:51.811+0000] {dagbag.py:540} INFO - Filling up the DagBag from /home/airflow/.local/lib/python3.12/site-packages/airflow/example_dags/example_bash_operator.py
[2025-06-12T14:16:51.820+0000] {processor.py:840} INFO - DAG(s) 'example_bash_operator' retrieved from /home/airflow/.local/lib/python3.12/site-packages/airflow/example_dags/example_bash_operator.py
[2025-06-12T14:16:51.829+0000] {logging_mixin.py:188} INFO - [2025-06-12T14:16:51.829+0000] {dag.py:3096} INFO - Sync 1 DAGs
[2025-06-12T14:16:51.845+0000] {logging_mixin.py:188} INFO - [2025-06-12T14:16:51.844+0000] {dag.py:3954} INFO - Setting next_dagrun for example_bash_operator to 2025-06-11 00:00:00+00:00, run_after=2025-06-12 00:00:00+00:00
[2025-06-12T14:16:51.858+0000] {processor.py:183} INFO - Processing /home/airflow/.local/lib/python3.12/site-packages/airflow/example_dags/example_bash_operator.py took 0.054 seconds
[2025-06-12T14:17:22.687+0000] {processor.py:161} INFO - Started process (PID=296) to work on /home/airflow/.local/lib/python3.12/site-packages/airflow/example_dags/example_bash_operator.py
[2025-06-12T14:17:22.690+0000] {processor.py:830} INFO - Processing file /home/airflow/.local/lib/python3.12/site-packages/airflow/example_dags/example_bash_operator.py for tasks to queue
[2025-06-12T14:17:22.691+0000] {logging_mixin.py:188} INFO - [2025-06-12T14:17:22.691+0000] {dagbag.py:540} INFO - Filling up the DagBag from /home/airflow/.local/lib/python3.12/site-packages/airflow/example_dags/example_bash_operator.py
[2025-06-12T14:17:22.704+0000] {processor.py:840} INFO - DAG(s) 'example_bash_operator' retrieved from /home/airflow/.local/lib/python3.12/site-packages/airflow/example_dags/example_bash_operator.py
[2025-06-12T14:17:22.770+0000] {logging_mixin.py:188} INFO - [2025-06-12T14:17:22.770+0000] {dag.py:3096} INFO - Sync 1 DAGs
[2025-06-12T14:17:22.779+0000] {logging_mixin.py:188} INFO - [2025-06-12T14:17:22.779+0000] {dag.py:3954} INFO - Setting next_dagrun for example_bash_operator to 2025-06-11 00:00:00+00:00, run_after=2025-06-12 00:00:00+00:00
[2025-06-12T14:17:22.903+0000] {processor.py:183} INFO - Processing /home/airflow/.local/lib/python3.12/site-packages/airflow/example_dags/example_bash_operator.py took 0.224 seconds
[2025-06-12T14:17:52.956+0000] {processor.py:161} INFO - Started process (PID=362) to work on /home/airflow/.local/lib/python3.12/site-packages/airflow/example_dags/example_bash_operator.py
[2025-06-12T14:17:52.957+0000] {processor.py:830} INFO - Processing file /home/airflow/.local/lib/python3.12/site-packages/airflow/example_dags/example_bash_operator.py for tasks to queue
[2025-06-12T14:17:52.959+0000] {logging_mixin.py:188} INFO - [2025-06-12T14:17:52.959+0000] {dagbag.py:540} INFO - Filling up the DagBag from /home/airflow/.local/lib/python3.12/site-packages/airflow/example_dags/example_bash_operator.py
[2025-06-12T14:17:52.965+0000] {processor.py:840} INFO - DAG(s) 'example_bash_operator' retrieved from /home/airflow/.local/lib/python3.12/site-packages/airflow/example_dags/example_bash_operator.py
[2025-06-12T14:17:52.982+0000] {logging_mixin.py:188} INFO - [2025-06-12T14:17:52.982+0000] {dag.py:3096} INFO - Sync 1 DAGs
[2025-06-12T14:17:52.993+0000] {logging_mixin.py:188} INFO - [2025-06-12T14:17:52.993+0000] {dag.py:3954} INFO - Setting next_dagrun for example_bash_operator to 2025-06-11 00:00:00+00:00, run_after=2025-06-12 00:00:00+00:00
[2025-06-12T14:17:53.001+0000] {processor.py:183} INFO - Processing /home/airflow/.local/lib/python3.12/site-packages/airflow/example_dags/example_bash_operator.py took 0.048 seconds
[2025-06-12T14:18:38.477+0000] {processor.py:161} INFO - Started process (PID=80) to work on /home/airflow/.local/lib/python3.12/site-packages/airflow/example_dags/example_bash_operator.py
[2025-06-12T14:18:38.478+0000] {processor.py:830} INFO - Processing file /home/airflow/.local/lib/python3.12/site-packages/airflow/example_dags/example_bash_operator.py for tasks to queue
[2025-06-12T14:18:38.479+0000] {logging_mixin.py:188} INFO - [2025-06-12T14:18:38.479+0000] {dagbag.py:540} INFO - Filling up the DagBag from /home/airflow/.local/lib/python3.12/site-packages/airflow/example_dags/example_bash_operator.py
[2025-06-12T14:18:38.484+0000] {processor.py:840} INFO - DAG(s) 'example_bash_operator' retrieved from /home/airflow/.local/lib/python3.12/site-packages/airflow/example_dags/example_bash_operator.py
[2025-06-12T14:18:38.506+0000] {logging_mixin.py:188} INFO - [2025-06-12T14:18:38.506+0000] {dag.py:3096} INFO - Sync 1 DAGs
[2025-06-12T14:18:38.598+0000] {logging_mixin.py:188} INFO - [2025-06-12T14:18:38.598+0000] {dag.py:3954} INFO - Setting next_dagrun for example_bash_operator to 2025-06-11 00:00:00+00:00, run_after=2025-06-12 00:00:00+00:00
[2025-06-12T14:18:38.612+0000] {processor.py:183} INFO - Processing /home/airflow/.local/lib/python3.12/site-packages/airflow/example_dags/example_bash_operator.py took 0.137 seconds
[2025-06-12T14:19:09.533+0000] {processor.py:161} INFO - Started process (PID=153) to work on /home/airflow/.local/lib/python3.12/site-packages/airflow/example_dags/example_bash_operator.py
[2025-06-12T14:19:09.536+0000] {processor.py:830} INFO - Processing file /home/airflow/.local/lib/python3.12/site-packages/airflow/example_dags/example_bash_operator.py for tasks to queue
[2025-06-12T14:19:09.539+0000] {logging_mixin.py:188} INFO - [2025-06-12T14:19:09.539+0000] {dagbag.py:540} INFO - Filling up the DagBag from /home/airflow/.local/lib/python3.12/site-packages/airflow/example_dags/example_bash_operator.py
[2025-06-12T14:19:09.553+0000] {processor.py:840} INFO - DAG(s) 'example_bash_operator' retrieved from /home/airflow/.local/lib/python3.12/site-packages/airflow/example_dags/example_bash_operator.py
[2025-06-12T14:19:09.565+0000] {logging_mixin.py:188} INFO - [2025-06-12T14:19:09.564+0000] {dag.py:3096} INFO - Sync 1 DAGs
[2025-06-12T14:19:09.591+0000] {logging_mixin.py:188} INFO - [2025-06-12T14:19:09.590+0000] {dag.py:3954} INFO - Setting next_dagrun for example_bash_operator to 2025-06-11 00:00:00+00:00, run_after=2025-06-12 00:00:00+00:00
[2025-06-12T14:19:09.615+0000] {processor.py:183} INFO - Processing /home/airflow/.local/lib/python3.12/site-packages/airflow/example_dags/example_bash_operator.py took 0.087 seconds
[2025-06-12T14:19:39.996+0000] {processor.py:161} INFO - Started process (PID=220) to work on /home/airflow/.local/lib/python3.12/site-packages/airflow/example_dags/example_bash_operator.py
[2025-06-12T14:19:39.996+0000] {processor.py:830} INFO - Processing file /home/airflow/.local/lib/python3.12/site-packages/airflow/example_dags/example_bash_operator.py for tasks to queue
[2025-06-12T14:19:39.998+0000] {logging_mixin.py:188} INFO - [2025-06-12T14:19:39.998+0000] {dagbag.py:540} INFO - Filling up the DagBag from /home/airflow/.local/lib/python3.12/site-packages/airflow/example_dags/example_bash_operator.py
[2025-06-12T14:19:40.005+0000] {processor.py:840} INFO - DAG(s) 'example_bash_operator' retrieved from /home/airflow/.local/lib/python3.12/site-packages/airflow/example_dags/example_bash_operator.py
[2025-06-12T14:19:40.060+0000] {logging_mixin.py:188} INFO - [2025-06-12T14:19:40.060+0000] {dag.py:3096} INFO - Sync 1 DAGs
[2025-06-12T14:19:40.069+0000] {logging_mixin.py:188} INFO - [2025-06-12T14:19:40.069+0000] {dag.py:3954} INFO - Setting next_dagrun for example_bash_operator to 2025-06-11 00:00:00+00:00, run_after=2025-06-12 00:00:00+00:00
[2025-06-12T14:19:40.081+0000] {processor.py:183} INFO - Processing /home/airflow/.local/lib/python3.12/site-packages/airflow/example_dags/example_bash_operator.py took 0.090 seconds
[2025-06-12T14:20:10.200+0000] {processor.py:161} INFO - Started process (PID=294) to work on /home/airflow/.local/lib/python3.12/site-packages/airflow/example_dags/example_bash_operator.py
[2025-06-12T14:20:10.201+0000] {processor.py:830} INFO - Processing file /home/airflow/.local/lib/python3.12/site-packages/airflow/example_dags/example_bash_operator.py for tasks to queue
[2025-06-12T14:20:10.203+0000] {logging_mixin.py:188} INFO - [2025-06-12T14:20:10.203+0000] {dagbag.py:540} INFO - Filling up the DagBag from /home/airflow/.local/lib/python3.12/site-packages/airflow/example_dags/example_bash_operator.py
[2025-06-12T14:20:10.213+0000] {processor.py:840} INFO - DAG(s) 'example_bash_operator' retrieved from /home/airflow/.local/lib/python3.12/site-packages/airflow/example_dags/example_bash_operator.py
[2025-06-12T14:20:10.231+0000] {logging_mixin.py:188} INFO - [2025-06-12T14:20:10.231+0000] {dag.py:3096} INFO - Sync 1 DAGs
[2025-06-12T14:20:10.244+0000] {logging_mixin.py:188} INFO - [2025-06-12T14:20:10.244+0000] {dag.py:3954} INFO - Setting next_dagrun for example_bash_operator to 2025-06-11 00:00:00+00:00, run_after=2025-06-12 00:00:00+00:00
[2025-06-12T14:20:10.253+0000] {processor.py:183} INFO - Processing /home/airflow/.local/lib/python3.12/site-packages/airflow/example_dags/example_bash_operator.py took 0.059 seconds
[2025-06-12T14:20:40.505+0000] {processor.py:161} INFO - Started process (PID=361) to work on /home/airflow/.local/lib/python3.12/site-packages/airflow/example_dags/example_bash_operator.py
[2025-06-12T14:20:40.508+0000] {processor.py:830} INFO - Processing file /home/airflow/.local/lib/python3.12/site-packages/airflow/example_dags/example_bash_operator.py for tasks to queue
[2025-06-12T14:20:40.510+0000] {logging_mixin.py:188} INFO - [2025-06-12T14:20:40.510+0000] {dagbag.py:540} INFO - Filling up the DagBag from /home/airflow/.local/lib/python3.12/site-packages/airflow/example_dags/example_bash_operator.py
[2025-06-12T14:20:40.518+0000] {processor.py:840} INFO - DAG(s) 'example_bash_operator' retrieved from /home/airflow/.local/lib/python3.12/site-packages/airflow/example_dags/example_bash_operator.py
[2025-06-12T14:20:40.532+0000] {logging_mixin.py:188} INFO - [2025-06-12T14:20:40.532+0000] {dag.py:3096} INFO - Sync 1 DAGs
[2025-06-12T14:20:40.543+0000] {logging_mixin.py:188} INFO - [2025-06-12T14:20:40.543+0000] {dag.py:3954} INFO - Setting next_dagrun for example_bash_operator to 2025-06-11 00:00:00+00:00, run_after=2025-06-12 00:00:00+00:00
[2025-06-12T14:20:40.554+0000] {processor.py:183} INFO - Processing /home/airflow/.local/lib/python3.12/site-packages/airflow/example_dags/example_bash_operator.py took 0.053 seconds
[2025-06-12T14:21:11.210+0000] {processor.py:161} INFO - Started process (PID=435) to work on /home/airflow/.local/lib/python3.12/site-packages/airflow/example_dags/example_bash_operator.py
[2025-06-12T14:21:11.211+0000] {processor.py:830} INFO - Processing file /home/airflow/.local/lib/python3.12/site-packages/airflow/example_dags/example_bash_operator.py for tasks to queue
[2025-06-12T14:21:11.212+0000] {logging_mixin.py:188} INFO - [2025-06-12T14:21:11.212+0000] {dagbag.py:540} INFO - Filling up the DagBag from /home/airflow/.local/lib/python3.12/site-packages/airflow/example_dags/example_bash_operator.py
[2025-06-12T14:21:11.220+0000] {processor.py:840} INFO - DAG(s) 'example_bash_operator' retrieved from /home/airflow/.local/lib/python3.12/site-packages/airflow/example_dags/example_bash_operator.py
[2025-06-12T14:21:11.240+0000] {logging_mixin.py:188} INFO - [2025-06-12T14:21:11.240+0000] {dag.py:3096} INFO - Sync 1 DAGs
[2025-06-12T14:21:11.254+0000] {logging_mixin.py:188} INFO - [2025-06-12T14:21:11.254+0000] {dag.py:3954} INFO - Setting next_dagrun for example_bash_operator to 2025-06-11 00:00:00+00:00, run_after=2025-06-12 00:00:00+00:00
[2025-06-12T14:21:11.267+0000] {processor.py:183} INFO - Processing /home/airflow/.local/lib/python3.12/site-packages/airflow/example_dags/example_bash_operator.py took 0.061 seconds
[2025-06-12T14:21:41.789+0000] {processor.py:161} INFO - Started process (PID=508) to work on /home/airflow/.local/lib/python3.12/site-packages/airflow/example_dags/example_bash_operator.py
[2025-06-12T14:21:41.791+0000] {processor.py:830} INFO - Processing file /home/airflow/.local/lib/python3.12/site-packages/airflow/example_dags/example_bash_operator.py for tasks to queue
[2025-06-12T14:21:41.794+0000] {logging_mixin.py:188} INFO - [2025-06-12T14:21:41.794+0000] {dagbag.py:540} INFO - Filling up the DagBag from /home/airflow/.local/lib/python3.12/site-packages/airflow/example_dags/example_bash_operator.py
[2025-06-12T14:21:41.806+0000] {processor.py:840} INFO - DAG(s) 'example_bash_operator' retrieved from /home/airflow/.local/lib/python3.12/site-packages/airflow/example_dags/example_bash_operator.py
[2025-06-12T14:21:41.825+0000] {logging_mixin.py:188} INFO - [2025-06-12T14:21:41.825+0000] {dag.py:3096} INFO - Sync 1 DAGs
[2025-06-12T14:21:41.840+0000] {logging_mixin.py:188} INFO - [2025-06-12T14:21:41.840+0000] {dag.py:3954} INFO - Setting next_dagrun for example_bash_operator to 2025-06-11 00:00:00+00:00, run_after=2025-06-12 00:00:00+00:00
[2025-06-12T14:21:41.852+0000] {processor.py:183} INFO - Processing /home/airflow/.local/lib/python3.12/site-packages/airflow/example_dags/example_bash_operator.py took 0.068 seconds
[2025-06-12T14:22:12.719+0000] {processor.py:161} INFO - Started process (PID=575) to work on /home/airflow/.local/lib/python3.12/site-packages/airflow/example_dags/example_bash_operator.py
[2025-06-12T14:22:12.726+0000] {processor.py:830} INFO - Processing file /home/airflow/.local/lib/python3.12/site-packages/airflow/example_dags/example_bash_operator.py for tasks to queue
[2025-06-12T14:22:12.727+0000] {logging_mixin.py:188} INFO - [2025-06-12T14:22:12.727+0000] {dagbag.py:540} INFO - Filling up the DagBag from /home/airflow/.local/lib/python3.12/site-packages/airflow/example_dags/example_bash_operator.py
[2025-06-12T14:22:12.736+0000] {processor.py:840} INFO - DAG(s) 'example_bash_operator' retrieved from /home/airflow/.local/lib/python3.12/site-packages/airflow/example_dags/example_bash_operator.py
[2025-06-12T14:22:12.758+0000] {logging_mixin.py:188} INFO - [2025-06-12T14:22:12.758+0000] {dag.py:3096} INFO - Sync 1 DAGs
[2025-06-12T14:22:12.770+0000] {logging_mixin.py:188} INFO - [2025-06-12T14:22:12.770+0000] {dag.py:3954} INFO - Setting next_dagrun for example_bash_operator to 2025-06-11 00:00:00+00:00, run_after=2025-06-12 00:00:00+00:00
[2025-06-12T14:22:12.780+0000] {processor.py:183} INFO - Processing /home/airflow/.local/lib/python3.12/site-packages/airflow/example_dags/example_bash_operator.py took 0.067 seconds
[2025-06-12T14:22:42.901+0000] {processor.py:161} INFO - Started process (PID=649) to work on /home/airflow/.local/lib/python3.12/site-packages/airflow/example_dags/example_bash_operator.py
[2025-06-12T14:22:42.906+0000] {processor.py:830} INFO - Processing file /home/airflow/.local/lib/python3.12/site-packages/airflow/example_dags/example_bash_operator.py for tasks to queue
[2025-06-12T14:22:42.907+0000] {logging_mixin.py:188} INFO - [2025-06-12T14:22:42.907+0000] {dagbag.py:540} INFO - Filling up the DagBag from /home/airflow/.local/lib/python3.12/site-packages/airflow/example_dags/example_bash_operator.py
[2025-06-12T14:22:42.914+0000] {processor.py:840} INFO - DAG(s) 'example_bash_operator' retrieved from /home/airflow/.local/lib/python3.12/site-packages/airflow/example_dags/example_bash_operator.py
[2025-06-12T14:22:42.934+0000] {logging_mixin.py:188} INFO - [2025-06-12T14:22:42.934+0000] {dag.py:3096} INFO - Sync 1 DAGs
[2025-06-12T14:22:42.947+0000] {logging_mixin.py:188} INFO - [2025-06-12T14:22:42.947+0000] {dag.py:3954} INFO - Setting next_dagrun for example_bash_operator to 2025-06-11 00:00:00+00:00, run_after=2025-06-12 00:00:00+00:00
[2025-06-12T14:22:42.959+0000] {processor.py:183} INFO - Processing /home/airflow/.local/lib/python3.12/site-packages/airflow/example_dags/example_bash_operator.py took 0.062 seconds
[2025-06-12T14:23:13.212+0000] {processor.py:161} INFO - Started process (PID=723) to work on /home/airflow/.local/lib/python3.12/site-packages/airflow/example_dags/example_bash_operator.py
[2025-06-12T14:23:13.216+0000] {processor.py:830} INFO - Processing file /home/airflow/.local/lib/python3.12/site-packages/airflow/example_dags/example_bash_operator.py for tasks to queue
[2025-06-12T14:23:13.217+0000] {logging_mixin.py:188} INFO - [2025-06-12T14:23:13.217+0000] {dagbag.py:540} INFO - Filling up the DagBag from /home/airflow/.local/lib/python3.12/site-packages/airflow/example_dags/example_bash_operator.py
[2025-06-12T14:23:13.225+0000] {processor.py:840} INFO - DAG(s) 'example_bash_operator' retrieved from /home/airflow/.local/lib/python3.12/site-packages/airflow/example_dags/example_bash_operator.py
[2025-06-12T14:23:13.244+0000] {logging_mixin.py:188} INFO - [2025-06-12T14:23:13.244+0000] {dag.py:3096} INFO - Sync 1 DAGs
[2025-06-12T14:23:13.259+0000] {logging_mixin.py:188} INFO - [2025-06-12T14:23:13.259+0000] {dag.py:3954} INFO - Setting next_dagrun for example_bash_operator to 2025-06-11 00:00:00+00:00, run_after=2025-06-12 00:00:00+00:00
[2025-06-12T14:23:13.272+0000] {processor.py:183} INFO - Processing /home/airflow/.local/lib/python3.12/site-packages/airflow/example_dags/example_bash_operator.py took 0.062 seconds
[2025-06-12T14:23:43.356+0000] {processor.py:161} INFO - Started process (PID=790) to work on /home/airflow/.local/lib/python3.12/site-packages/airflow/example_dags/example_bash_operator.py
[2025-06-12T14:23:43.357+0000] {processor.py:830} INFO - Processing file /home/airflow/.local/lib/python3.12/site-packages/airflow/example_dags/example_bash_operator.py for tasks to queue
[2025-06-12T14:23:43.358+0000] {logging_mixin.py:188} INFO - [2025-06-12T14:23:43.358+0000] {dagbag.py:540} INFO - Filling up the DagBag from /home/airflow/.local/lib/python3.12/site-packages/airflow/example_dags/example_bash_operator.py
[2025-06-12T14:23:43.366+0000] {processor.py:840} INFO - DAG(s) 'example_bash_operator' retrieved from /home/airflow/.local/lib/python3.12/site-packages/airflow/example_dags/example_bash_operator.py
[2025-06-12T14:23:43.383+0000] {logging_mixin.py:188} INFO - [2025-06-12T14:23:43.383+0000] {dag.py:3096} INFO - Sync 1 DAGs
[2025-06-12T14:23:43.395+0000] {logging_mixin.py:188} INFO - [2025-06-12T14:23:43.395+0000] {dag.py:3954} INFO - Setting next_dagrun for example_bash_operator to 2025-06-11 00:00:00+00:00, run_after=2025-06-12 00:00:00+00:00
[2025-06-12T14:23:43.406+0000] {processor.py:183} INFO - Processing /home/airflow/.local/lib/python3.12/site-packages/airflow/example_dags/example_bash_operator.py took 0.055 seconds
[2025-06-12T14:24:13.841+0000] {processor.py:161} INFO - Started process (PID=864) to work on /home/airflow/.local/lib/python3.12/site-packages/airflow/example_dags/example_bash_operator.py
[2025-06-12T14:24:13.845+0000] {processor.py:830} INFO - Processing file /home/airflow/.local/lib/python3.12/site-packages/airflow/example_dags/example_bash_operator.py for tasks to queue
[2025-06-12T14:24:13.847+0000] {logging_mixin.py:188} INFO - [2025-06-12T14:24:13.846+0000] {dagbag.py:540} INFO - Filling up the DagBag from /home/airflow/.local/lib/python3.12/site-packages/airflow/example_dags/example_bash_operator.py
[2025-06-12T14:24:13.856+0000] {processor.py:840} INFO - DAG(s) 'example_bash_operator' retrieved from /home/airflow/.local/lib/python3.12/site-packages/airflow/example_dags/example_bash_operator.py
[2025-06-12T14:24:13.879+0000] {logging_mixin.py:188} INFO - [2025-06-12T14:24:13.879+0000] {dag.py:3096} INFO - Sync 1 DAGs
[2025-06-12T14:24:13.891+0000] {logging_mixin.py:188} INFO - [2025-06-12T14:24:13.891+0000] {dag.py:3954} INFO - Setting next_dagrun for example_bash_operator to 2025-06-11 00:00:00+00:00, run_after=2025-06-12 00:00:00+00:00
[2025-06-12T14:24:13.903+0000] {processor.py:183} INFO - Processing /home/airflow/.local/lib/python3.12/site-packages/airflow/example_dags/example_bash_operator.py took 0.066 seconds
[2025-06-12T14:24:44.808+0000] {processor.py:161} INFO - Started process (PID=931) to work on /home/airflow/.local/lib/python3.12/site-packages/airflow/example_dags/example_bash_operator.py
[2025-06-12T14:24:44.813+0000] {processor.py:830} INFO - Processing file /home/airflow/.local/lib/python3.12/site-packages/airflow/example_dags/example_bash_operator.py for tasks to queue
[2025-06-12T14:24:44.815+0000] {logging_mixin.py:188} INFO - [2025-06-12T14:24:44.815+0000] {dagbag.py:540} INFO - Filling up the DagBag from /home/airflow/.local/lib/python3.12/site-packages/airflow/example_dags/example_bash_operator.py
[2025-06-12T14:24:44.825+0000] {processor.py:840} INFO - DAG(s) 'example_bash_operator' retrieved from /home/airflow/.local/lib/python3.12/site-packages/airflow/example_dags/example_bash_operator.py
[2025-06-12T14:24:44.851+0000] {logging_mixin.py:188} INFO - [2025-06-12T14:24:44.851+0000] {dag.py:3096} INFO - Sync 1 DAGs
[2025-06-12T14:24:44.867+0000] {logging_mixin.py:188} INFO - [2025-06-12T14:24:44.867+0000] {dag.py:3954} INFO - Setting next_dagrun for example_bash_operator to 2025-06-11 00:00:00+00:00, run_after=2025-06-12 00:00:00+00:00
[2025-06-12T14:24:44.882+0000] {processor.py:183} INFO - Processing /home/airflow/.local/lib/python3.12/site-packages/airflow/example_dags/example_bash_operator.py took 0.078 seconds
[2025-06-12T14:25:15.880+0000] {processor.py:161} INFO - Started process (PID=1005) to work on /home/airflow/.local/lib/python3.12/site-packages/airflow/example_dags/example_bash_operator.py
[2025-06-12T14:25:15.881+0000] {processor.py:830} INFO - Processing file /home/airflow/.local/lib/python3.12/site-packages/airflow/example_dags/example_bash_operator.py for tasks to queue
[2025-06-12T14:25:15.889+0000] {logging_mixin.py:188} INFO - [2025-06-12T14:25:15.889+0000] {dagbag.py:540} INFO - Filling up the DagBag from /home/airflow/.local/lib/python3.12/site-packages/airflow/example_dags/example_bash_operator.py
[2025-06-12T14:25:15.899+0000] {processor.py:840} INFO - DAG(s) 'example_bash_operator' retrieved from /home/airflow/.local/lib/python3.12/site-packages/airflow/example_dags/example_bash_operator.py
[2025-06-12T14:25:15.918+0000] {logging_mixin.py:188} INFO - [2025-06-12T14:25:15.918+0000] {dag.py:3096} INFO - Sync 1 DAGs
[2025-06-12T14:25:15.934+0000] {logging_mixin.py:188} INFO - [2025-06-12T14:25:15.934+0000] {dag.py:3954} INFO - Setting next_dagrun for example_bash_operator to 2025-06-11 00:00:00+00:00, run_after=2025-06-12 00:00:00+00:00
[2025-06-12T14:25:15.945+0000] {processor.py:183} INFO - Processing /home/airflow/.local/lib/python3.12/site-packages/airflow/example_dags/example_bash_operator.py took 0.072 seconds
[2025-06-12T14:25:46.195+0000] {processor.py:161} INFO - Started process (PID=1079) to work on /home/airflow/.local/lib/python3.12/site-packages/airflow/example_dags/example_bash_operator.py
[2025-06-12T14:25:46.197+0000] {processor.py:830} INFO - Processing file /home/airflow/.local/lib/python3.12/site-packages/airflow/example_dags/example_bash_operator.py for tasks to queue
[2025-06-12T14:25:46.199+0000] {logging_mixin.py:188} INFO - [2025-06-12T14:25:46.199+0000] {dagbag.py:540} INFO - Filling up the DagBag from /home/airflow/.local/lib/python3.12/site-packages/airflow/example_dags/example_bash_operator.py
[2025-06-12T14:25:46.217+0000] {processor.py:840} INFO - DAG(s) 'example_bash_operator' retrieved from /home/airflow/.local/lib/python3.12/site-packages/airflow/example_dags/example_bash_operator.py
[2025-06-12T14:25:46.251+0000] {logging_mixin.py:188} INFO - [2025-06-12T14:25:46.251+0000] {dag.py:3096} INFO - Sync 1 DAGs
[2025-06-12T14:25:46.288+0000] {logging_mixin.py:188} INFO - [2025-06-12T14:25:46.288+0000] {dag.py:3954} INFO - Setting next_dagrun for example_bash_operator to 2025-06-11 00:00:00+00:00, run_after=2025-06-12 00:00:00+00:00
[2025-06-12T14:25:46.485+0000] {processor.py:183} INFO - Processing /home/airflow/.local/lib/python3.12/site-packages/airflow/example_dags/example_bash_operator.py took 0.297 seconds
[2025-06-12T14:26:16.852+0000] {processor.py:161} INFO - Started process (PID=1146) to work on /home/airflow/.local/lib/python3.12/site-packages/airflow/example_dags/example_bash_operator.py
[2025-06-12T14:26:16.856+0000] {processor.py:830} INFO - Processing file /home/airflow/.local/lib/python3.12/site-packages/airflow/example_dags/example_bash_operator.py for tasks to queue
[2025-06-12T14:26:16.857+0000] {logging_mixin.py:188} INFO - [2025-06-12T14:26:16.857+0000] {dagbag.py:540} INFO - Filling up the DagBag from /home/airflow/.local/lib/python3.12/site-packages/airflow/example_dags/example_bash_operator.py
[2025-06-12T14:26:16.867+0000] {processor.py:840} INFO - DAG(s) 'example_bash_operator' retrieved from /home/airflow/.local/lib/python3.12/site-packages/airflow/example_dags/example_bash_operator.py
[2025-06-12T14:26:16.883+0000] {logging_mixin.py:188} INFO - [2025-06-12T14:26:16.883+0000] {dag.py:3096} INFO - Sync 1 DAGs
[2025-06-12T14:26:16.895+0000] {logging_mixin.py:188} INFO - [2025-06-12T14:26:16.894+0000] {dag.py:3954} INFO - Setting next_dagrun for example_bash_operator to 2025-06-11 00:00:00+00:00, run_after=2025-06-12 00:00:00+00:00
[2025-06-12T14:26:16.904+0000] {processor.py:183} INFO - Processing /home/airflow/.local/lib/python3.12/site-packages/airflow/example_dags/example_bash_operator.py took 0.056 seconds
[2025-06-12T14:26:47.817+0000] {processor.py:161} INFO - Started process (PID=1220) to work on /home/airflow/.local/lib/python3.12/site-packages/airflow/example_dags/example_bash_operator.py
[2025-06-12T14:26:47.819+0000] {processor.py:830} INFO - Processing file /home/airflow/.local/lib/python3.12/site-packages/airflow/example_dags/example_bash_operator.py for tasks to queue
[2025-06-12T14:26:47.821+0000] {logging_mixin.py:188} INFO - [2025-06-12T14:26:47.821+0000] {dagbag.py:540} INFO - Filling up the DagBag from /home/airflow/.local/lib/python3.12/site-packages/airflow/example_dags/example_bash_operator.py
[2025-06-12T14:26:47.827+0000] {processor.py:840} INFO - DAG(s) 'example_bash_operator' retrieved from /home/airflow/.local/lib/python3.12/site-packages/airflow/example_dags/example_bash_operator.py
[2025-06-12T14:26:47.844+0000] {logging_mixin.py:188} INFO - [2025-06-12T14:26:47.844+0000] {dag.py:3096} INFO - Sync 1 DAGs
[2025-06-12T14:26:47.856+0000] {logging_mixin.py:188} INFO - [2025-06-12T14:26:47.856+0000] {dag.py:3954} INFO - Setting next_dagrun for example_bash_operator to 2025-06-11 00:00:00+00:00, run_after=2025-06-12 00:00:00+00:00
[2025-06-12T14:26:47.866+0000] {processor.py:183} INFO - Processing /home/airflow/.local/lib/python3.12/site-packages/airflow/example_dags/example_bash_operator.py took 0.052 seconds
[2025-06-12T14:27:18.021+0000] {processor.py:161} INFO - Started process (PID=1294) to work on /home/airflow/.local/lib/python3.12/site-packages/airflow/example_dags/example_bash_operator.py
[2025-06-12T14:27:18.022+0000] {processor.py:830} INFO - Processing file /home/airflow/.local/lib/python3.12/site-packages/airflow/example_dags/example_bash_operator.py for tasks to queue
[2025-06-12T14:27:18.027+0000] {logging_mixin.py:188} INFO - [2025-06-12T14:27:18.027+0000] {dagbag.py:540} INFO - Filling up the DagBag from /home/airflow/.local/lib/python3.12/site-packages/airflow/example_dags/example_bash_operator.py
[2025-06-12T14:27:18.035+0000] {processor.py:840} INFO - DAG(s) 'example_bash_operator' retrieved from /home/airflow/.local/lib/python3.12/site-packages/airflow/example_dags/example_bash_operator.py
[2025-06-12T14:27:18.064+0000] {logging_mixin.py:188} INFO - [2025-06-12T14:27:18.064+0000] {dag.py:3096} INFO - Sync 1 DAGs
[2025-06-12T14:27:18.079+0000] {logging_mixin.py:188} INFO - [2025-06-12T14:27:18.079+0000] {dag.py:3954} INFO - Setting next_dagrun for example_bash_operator to 2025-06-11 00:00:00+00:00, run_after=2025-06-12 00:00:00+00:00
[2025-06-12T14:27:18.099+0000] {processor.py:183} INFO - Processing /home/airflow/.local/lib/python3.12/site-packages/airflow/example_dags/example_bash_operator.py took 0.082 seconds
[2025-06-12T14:27:48.977+0000] {processor.py:161} INFO - Started process (PID=1361) to work on /home/airflow/.local/lib/python3.12/site-packages/airflow/example_dags/example_bash_operator.py
[2025-06-12T14:27:48.979+0000] {processor.py:830} INFO - Processing file /home/airflow/.local/lib/python3.12/site-packages/airflow/example_dags/example_bash_operator.py for tasks to queue
[2025-06-12T14:27:48.984+0000] {logging_mixin.py:188} INFO - [2025-06-12T14:27:48.984+0000] {dagbag.py:540} INFO - Filling up the DagBag from /home/airflow/.local/lib/python3.12/site-packages/airflow/example_dags/example_bash_operator.py
[2025-06-12T14:27:48.991+0000] {processor.py:840} INFO - DAG(s) 'example_bash_operator' retrieved from /home/airflow/.local/lib/python3.12/site-packages/airflow/example_dags/example_bash_operator.py
[2025-06-12T14:27:49.013+0000] {logging_mixin.py:188} INFO - [2025-06-12T14:27:49.013+0000] {dag.py:3096} INFO - Sync 1 DAGs
[2025-06-12T14:27:49.024+0000] {logging_mixin.py:188} INFO - [2025-06-12T14:27:49.024+0000] {dag.py:3954} INFO - Setting next_dagrun for example_bash_operator to 2025-06-11 00:00:00+00:00, run_after=2025-06-12 00:00:00+00:00
[2025-06-12T14:27:49.032+0000] {processor.py:183} INFO - Processing /home/airflow/.local/lib/python3.12/site-packages/airflow/example_dags/example_bash_operator.py took 0.058 seconds
[2025-06-12T14:35:53.653+0000] {processor.py:161} INFO - Started process (PID=79) to work on /home/airflow/.local/lib/python3.12/site-packages/airflow/example_dags/example_bash_operator.py
[2025-06-12T14:35:53.655+0000] {processor.py:830} INFO - Processing file /home/airflow/.local/lib/python3.12/site-packages/airflow/example_dags/example_bash_operator.py for tasks to queue
[2025-06-12T14:35:53.656+0000] {logging_mixin.py:188} INFO - [2025-06-12T14:35:53.656+0000] {dagbag.py:540} INFO - Filling up the DagBag from /home/airflow/.local/lib/python3.12/site-packages/airflow/example_dags/example_bash_operator.py
[2025-06-12T14:35:53.675+0000] {processor.py:840} INFO - DAG(s) 'example_bash_operator' retrieved from /home/airflow/.local/lib/python3.12/site-packages/airflow/example_dags/example_bash_operator.py
[2025-06-12T14:35:53.705+0000] {logging_mixin.py:188} INFO - [2025-06-12T14:35:53.704+0000] {dag.py:3096} INFO - Sync 1 DAGs
[2025-06-12T14:35:53.743+0000] {logging_mixin.py:188} INFO - [2025-06-12T14:35:53.742+0000] {dag.py:3954} INFO - Setting next_dagrun for example_bash_operator to 2025-06-11 00:00:00+00:00, run_after=2025-06-12 00:00:00+00:00
[2025-06-12T14:35:53.775+0000] {processor.py:183} INFO - Processing /home/airflow/.local/lib/python3.12/site-packages/airflow/example_dags/example_bash_operator.py took 0.125 seconds
[2025-06-12T14:36:24.735+0000] {processor.py:161} INFO - Started process (PID=152) to work on /home/airflow/.local/lib/python3.12/site-packages/airflow/example_dags/example_bash_operator.py
[2025-06-12T14:36:24.740+0000] {processor.py:830} INFO - Processing file /home/airflow/.local/lib/python3.12/site-packages/airflow/example_dags/example_bash_operator.py for tasks to queue
[2025-06-12T14:36:24.741+0000] {logging_mixin.py:188} INFO - [2025-06-12T14:36:24.741+0000] {dagbag.py:540} INFO - Filling up the DagBag from /home/airflow/.local/lib/python3.12/site-packages/airflow/example_dags/example_bash_operator.py
[2025-06-12T14:36:24.747+0000] {processor.py:840} INFO - DAG(s) 'example_bash_operator' retrieved from /home/airflow/.local/lib/python3.12/site-packages/airflow/example_dags/example_bash_operator.py
[2025-06-12T14:36:24.816+0000] {logging_mixin.py:188} INFO - [2025-06-12T14:36:24.816+0000] {dag.py:3096} INFO - Sync 1 DAGs
[2025-06-12T14:36:24.843+0000] {logging_mixin.py:188} INFO - [2025-06-12T14:36:24.842+0000] {dag.py:3954} INFO - Setting next_dagrun for example_bash_operator to 2025-06-11 00:00:00+00:00, run_after=2025-06-12 00:00:00+00:00
[2025-06-12T14:36:24.890+0000] {processor.py:183} INFO - Processing /home/airflow/.local/lib/python3.12/site-packages/airflow/example_dags/example_bash_operator.py took 0.158 seconds
[2025-06-12T14:36:55.666+0000] {processor.py:161} INFO - Started process (PID=219) to work on /home/airflow/.local/lib/python3.12/site-packages/airflow/example_dags/example_bash_operator.py
[2025-06-12T14:36:55.666+0000] {processor.py:830} INFO - Processing file /home/airflow/.local/lib/python3.12/site-packages/airflow/example_dags/example_bash_operator.py for tasks to queue
[2025-06-12T14:36:55.667+0000] {logging_mixin.py:188} INFO - [2025-06-12T14:36:55.667+0000] {dagbag.py:540} INFO - Filling up the DagBag from /home/airflow/.local/lib/python3.12/site-packages/airflow/example_dags/example_bash_operator.py
[2025-06-12T14:36:55.672+0000] {processor.py:840} INFO - DAG(s) 'example_bash_operator' retrieved from /home/airflow/.local/lib/python3.12/site-packages/airflow/example_dags/example_bash_operator.py
[2025-06-12T14:36:55.684+0000] {logging_mixin.py:188} INFO - [2025-06-12T14:36:55.684+0000] {dag.py:3096} INFO - Sync 1 DAGs
[2025-06-12T14:36:55.695+0000] {logging_mixin.py:188} INFO - [2025-06-12T14:36:55.695+0000] {dag.py:3954} INFO - Setting next_dagrun for example_bash_operator to 2025-06-11 00:00:00+00:00, run_after=2025-06-12 00:00:00+00:00
[2025-06-12T14:36:55.708+0000] {processor.py:183} INFO - Processing /home/airflow/.local/lib/python3.12/site-packages/airflow/example_dags/example_bash_operator.py took 0.045 seconds
[2025-06-12T14:37:26.134+0000] {processor.py:161} INFO - Started process (PID=293) to work on /home/airflow/.local/lib/python3.12/site-packages/airflow/example_dags/example_bash_operator.py
[2025-06-12T14:37:26.135+0000] {processor.py:830} INFO - Processing file /home/airflow/.local/lib/python3.12/site-packages/airflow/example_dags/example_bash_operator.py for tasks to queue
[2025-06-12T14:37:26.135+0000] {logging_mixin.py:188} INFO - [2025-06-12T14:37:26.135+0000] {dagbag.py:540} INFO - Filling up the DagBag from /home/airflow/.local/lib/python3.12/site-packages/airflow/example_dags/example_bash_operator.py
[2025-06-12T14:37:26.140+0000] {processor.py:840} INFO - DAG(s) 'example_bash_operator' retrieved from /home/airflow/.local/lib/python3.12/site-packages/airflow/example_dags/example_bash_operator.py
[2025-06-12T14:37:26.153+0000] {logging_mixin.py:188} INFO - [2025-06-12T14:37:26.152+0000] {dag.py:3096} INFO - Sync 1 DAGs
[2025-06-12T14:37:26.162+0000] {logging_mixin.py:188} INFO - [2025-06-12T14:37:26.162+0000] {dag.py:3954} INFO - Setting next_dagrun for example_bash_operator to 2025-06-11 00:00:00+00:00, run_after=2025-06-12 00:00:00+00:00
[2025-06-12T14:37:26.173+0000] {processor.py:183} INFO - Processing /home/airflow/.local/lib/python3.12/site-packages/airflow/example_dags/example_bash_operator.py took 0.042 seconds
[2025-06-12T14:37:56.446+0000] {processor.py:161} INFO - Started process (PID=360) to work on /home/airflow/.local/lib/python3.12/site-packages/airflow/example_dags/example_bash_operator.py
[2025-06-12T14:37:56.447+0000] {processor.py:830} INFO - Processing file /home/airflow/.local/lib/python3.12/site-packages/airflow/example_dags/example_bash_operator.py for tasks to queue
[2025-06-12T14:37:56.448+0000] {logging_mixin.py:188} INFO - [2025-06-12T14:37:56.448+0000] {dagbag.py:540} INFO - Filling up the DagBag from /home/airflow/.local/lib/python3.12/site-packages/airflow/example_dags/example_bash_operator.py
[2025-06-12T14:37:56.453+0000] {processor.py:840} INFO - DAG(s) 'example_bash_operator' retrieved from /home/airflow/.local/lib/python3.12/site-packages/airflow/example_dags/example_bash_operator.py
[2025-06-12T14:37:56.471+0000] {logging_mixin.py:188} INFO - [2025-06-12T14:37:56.471+0000] {dag.py:3096} INFO - Sync 1 DAGs
[2025-06-12T14:37:56.481+0000] {logging_mixin.py:188} INFO - [2025-06-12T14:37:56.481+0000] {dag.py:3954} INFO - Setting next_dagrun for example_bash_operator to 2025-06-11 00:00:00+00:00, run_after=2025-06-12 00:00:00+00:00
[2025-06-12T14:37:56.491+0000] {processor.py:183} INFO - Processing /home/airflow/.local/lib/python3.12/site-packages/airflow/example_dags/example_bash_operator.py took 0.047 seconds
[2025-06-12T14:38:27.167+0000] {processor.py:161} INFO - Started process (PID=435) to work on /home/airflow/.local/lib/python3.12/site-packages/airflow/example_dags/example_bash_operator.py
[2025-06-12T14:38:27.167+0000] {processor.py:830} INFO - Processing file /home/airflow/.local/lib/python3.12/site-packages/airflow/example_dags/example_bash_operator.py for tasks to queue
[2025-06-12T14:38:27.168+0000] {logging_mixin.py:188} INFO - [2025-06-12T14:38:27.168+0000] {dagbag.py:540} INFO - Filling up the DagBag from /home/airflow/.local/lib/python3.12/site-packages/airflow/example_dags/example_bash_operator.py
[2025-06-12T14:38:27.174+0000] {processor.py:840} INFO - DAG(s) 'example_bash_operator' retrieved from /home/airflow/.local/lib/python3.12/site-packages/airflow/example_dags/example_bash_operator.py
[2025-06-12T14:38:27.188+0000] {logging_mixin.py:188} INFO - [2025-06-12T14:38:27.188+0000] {dag.py:3096} INFO - Sync 1 DAGs
[2025-06-12T14:38:27.203+0000] {logging_mixin.py:188} INFO - [2025-06-12T14:38:27.203+0000] {dag.py:3954} INFO - Setting next_dagrun for example_bash_operator to 2025-06-11 00:00:00+00:00, run_after=2025-06-12 00:00:00+00:00
[2025-06-12T14:38:27.218+0000] {processor.py:183} INFO - Processing /home/airflow/.local/lib/python3.12/site-packages/airflow/example_dags/example_bash_operator.py took 0.054 seconds
[2025-06-12T14:38:58.223+0000] {processor.py:161} INFO - Started process (PID=509) to work on /home/airflow/.local/lib/python3.12/site-packages/airflow/example_dags/example_bash_operator.py
[2025-06-12T14:38:58.224+0000] {processor.py:830} INFO - Processing file /home/airflow/.local/lib/python3.12/site-packages/airflow/example_dags/example_bash_operator.py for tasks to queue
[2025-06-12T14:38:58.225+0000] {logging_mixin.py:188} INFO - [2025-06-12T14:38:58.225+0000] {dagbag.py:540} INFO - Filling up the DagBag from /home/airflow/.local/lib/python3.12/site-packages/airflow/example_dags/example_bash_operator.py
[2025-06-12T14:38:58.233+0000] {processor.py:840} INFO - DAG(s) 'example_bash_operator' retrieved from /home/airflow/.local/lib/python3.12/site-packages/airflow/example_dags/example_bash_operator.py
[2025-06-12T14:38:58.254+0000] {logging_mixin.py:188} INFO - [2025-06-12T14:38:58.254+0000] {dag.py:3096} INFO - Sync 1 DAGs
[2025-06-12T14:38:58.270+0000] {logging_mixin.py:188} INFO - [2025-06-12T14:38:58.269+0000] {dag.py:3954} INFO - Setting next_dagrun for example_bash_operator to 2025-06-11 00:00:00+00:00, run_after=2025-06-12 00:00:00+00:00
[2025-06-12T14:38:58.283+0000] {processor.py:183} INFO - Processing /home/airflow/.local/lib/python3.12/site-packages/airflow/example_dags/example_bash_operator.py took 0.063 seconds
[2025-06-12T14:39:28.578+0000] {processor.py:161} INFO - Started process (PID=576) to work on /home/airflow/.local/lib/python3.12/site-packages/airflow/example_dags/example_bash_operator.py
[2025-06-12T14:39:28.579+0000] {processor.py:830} INFO - Processing file /home/airflow/.local/lib/python3.12/site-packages/airflow/example_dags/example_bash_operator.py for tasks to queue
[2025-06-12T14:39:28.580+0000] {logging_mixin.py:188} INFO - [2025-06-12T14:39:28.580+0000] {dagbag.py:540} INFO - Filling up the DagBag from /home/airflow/.local/lib/python3.12/site-packages/airflow/example_dags/example_bash_operator.py
[2025-06-12T14:39:28.585+0000] {processor.py:840} INFO - DAG(s) 'example_bash_operator' retrieved from /home/airflow/.local/lib/python3.12/site-packages/airflow/example_dags/example_bash_operator.py
[2025-06-12T14:39:28.603+0000] {logging_mixin.py:188} INFO - [2025-06-12T14:39:28.603+0000] {dag.py:3096} INFO - Sync 1 DAGs
[2025-06-12T14:39:28.612+0000] {logging_mixin.py:188} INFO - [2025-06-12T14:39:28.612+0000] {dag.py:3954} INFO - Setting next_dagrun for example_bash_operator to 2025-06-11 00:00:00+00:00, run_after=2025-06-12 00:00:00+00:00
[2025-06-12T14:39:28.623+0000] {processor.py:183} INFO - Processing /home/airflow/.local/lib/python3.12/site-packages/airflow/example_dags/example_bash_operator.py took 0.047 seconds
[2025-06-12T14:46:33.436+0000] {processor.py:161} INFO - Started process (PID=81) to work on /home/airflow/.local/lib/python3.12/site-packages/airflow/example_dags/example_bash_operator.py
[2025-06-12T14:46:33.437+0000] {processor.py:830} INFO - Processing file /home/airflow/.local/lib/python3.12/site-packages/airflow/example_dags/example_bash_operator.py for tasks to queue
[2025-06-12T14:46:33.441+0000] {logging_mixin.py:188} INFO - [2025-06-12T14:46:33.440+0000] {dagbag.py:540} INFO - Filling up the DagBag from /home/airflow/.local/lib/python3.12/site-packages/airflow/example_dags/example_bash_operator.py
[2025-06-12T14:46:33.464+0000] {processor.py:840} INFO - DAG(s) 'example_bash_operator' retrieved from /home/airflow/.local/lib/python3.12/site-packages/airflow/example_dags/example_bash_operator.py
[2025-06-12T14:46:33.485+0000] {logging_mixin.py:188} INFO - [2025-06-12T14:46:33.485+0000] {dag.py:3096} INFO - Sync 1 DAGs
[2025-06-12T14:46:33.521+0000] {logging_mixin.py:188} INFO - [2025-06-12T14:46:33.521+0000] {dag.py:3954} INFO - Setting next_dagrun for example_bash_operator to 2025-06-11 00:00:00+00:00, run_after=2025-06-12 00:00:00+00:00
[2025-06-12T14:46:33.546+0000] {processor.py:183} INFO - Processing /home/airflow/.local/lib/python3.12/site-packages/airflow/example_dags/example_bash_operator.py took 0.122 seconds
[2025-06-12T14:47:04.115+0000] {processor.py:161} INFO - Started process (PID=148) to work on /home/airflow/.local/lib/python3.12/site-packages/airflow/example_dags/example_bash_operator.py
[2025-06-12T14:47:04.116+0000] {processor.py:830} INFO - Processing file /home/airflow/.local/lib/python3.12/site-packages/airflow/example_dags/example_bash_operator.py for tasks to queue
[2025-06-12T14:47:04.117+0000] {logging_mixin.py:188} INFO - [2025-06-12T14:47:04.117+0000] {dagbag.py:540} INFO - Filling up the DagBag from /home/airflow/.local/lib/python3.12/site-packages/airflow/example_dags/example_bash_operator.py
[2025-06-12T14:47:04.122+0000] {processor.py:840} INFO - DAG(s) 'example_bash_operator' retrieved from /home/airflow/.local/lib/python3.12/site-packages/airflow/example_dags/example_bash_operator.py
[2025-06-12T14:47:04.169+0000] {logging_mixin.py:188} INFO - [2025-06-12T14:47:04.169+0000] {dag.py:3096} INFO - Sync 1 DAGs
[2025-06-12T14:47:04.177+0000] {logging_mixin.py:188} INFO - [2025-06-12T14:47:04.177+0000] {dag.py:3954} INFO - Setting next_dagrun for example_bash_operator to 2025-06-11 00:00:00+00:00, run_after=2025-06-12 00:00:00+00:00
[2025-06-12T14:47:04.189+0000] {processor.py:183} INFO - Processing /home/airflow/.local/lib/python3.12/site-packages/airflow/example_dags/example_bash_operator.py took 0.077 seconds
[2025-06-12T14:47:34.759+0000] {processor.py:161} INFO - Started process (PID=221) to work on /home/airflow/.local/lib/python3.12/site-packages/airflow/example_dags/example_bash_operator.py
[2025-06-12T14:47:34.760+0000] {processor.py:830} INFO - Processing file /home/airflow/.local/lib/python3.12/site-packages/airflow/example_dags/example_bash_operator.py for tasks to queue
[2025-06-12T14:47:34.762+0000] {logging_mixin.py:188} INFO - [2025-06-12T14:47:34.762+0000] {dagbag.py:540} INFO - Filling up the DagBag from /home/airflow/.local/lib/python3.12/site-packages/airflow/example_dags/example_bash_operator.py
[2025-06-12T14:47:34.770+0000] {processor.py:840} INFO - DAG(s) 'example_bash_operator' retrieved from /home/airflow/.local/lib/python3.12/site-packages/airflow/example_dags/example_bash_operator.py
[2025-06-12T14:47:34.787+0000] {logging_mixin.py:188} INFO - [2025-06-12T14:47:34.787+0000] {dag.py:3096} INFO - Sync 1 DAGs
[2025-06-12T14:47:34.800+0000] {logging_mixin.py:188} INFO - [2025-06-12T14:47:34.800+0000] {dag.py:3954} INFO - Setting next_dagrun for example_bash_operator to 2025-06-11 00:00:00+00:00, run_after=2025-06-12 00:00:00+00:00
[2025-06-12T14:47:34.814+0000] {processor.py:183} INFO - Processing /home/airflow/.local/lib/python3.12/site-packages/airflow/example_dags/example_bash_operator.py took 0.063 seconds
[2025-06-12T14:48:05.650+0000] {processor.py:161} INFO - Started process (PID=288) to work on /home/airflow/.local/lib/python3.12/site-packages/airflow/example_dags/example_bash_operator.py
[2025-06-12T14:48:05.651+0000] {processor.py:830} INFO - Processing file /home/airflow/.local/lib/python3.12/site-packages/airflow/example_dags/example_bash_operator.py for tasks to queue
[2025-06-12T14:48:05.652+0000] {logging_mixin.py:188} INFO - [2025-06-12T14:48:05.652+0000] {dagbag.py:540} INFO - Filling up the DagBag from /home/airflow/.local/lib/python3.12/site-packages/airflow/example_dags/example_bash_operator.py
[2025-06-12T14:48:05.659+0000] {processor.py:840} INFO - DAG(s) 'example_bash_operator' retrieved from /home/airflow/.local/lib/python3.12/site-packages/airflow/example_dags/example_bash_operator.py
[2025-06-12T14:48:05.676+0000] {logging_mixin.py:188} INFO - [2025-06-12T14:48:05.676+0000] {dag.py:3096} INFO - Sync 1 DAGs
[2025-06-12T14:48:05.688+0000] {logging_mixin.py:188} INFO - [2025-06-12T14:48:05.688+0000] {dag.py:3954} INFO - Setting next_dagrun for example_bash_operator to 2025-06-11 00:00:00+00:00, run_after=2025-06-12 00:00:00+00:00
[2025-06-12T14:48:05.702+0000] {processor.py:183} INFO - Processing /home/airflow/.local/lib/python3.12/site-packages/airflow/example_dags/example_bash_operator.py took 0.055 seconds
[2025-06-12T15:07:52.636+0000] {processor.py:161} INFO - Started process (PID=81) to work on /home/airflow/.local/lib/python3.12/site-packages/airflow/example_dags/example_bash_operator.py
[2025-06-12T15:07:52.639+0000] {processor.py:830} INFO - Processing file /home/airflow/.local/lib/python3.12/site-packages/airflow/example_dags/example_bash_operator.py for tasks to queue
[2025-06-12T15:07:52.643+0000] {logging_mixin.py:188} INFO - [2025-06-12T15:07:52.642+0000] {dagbag.py:540} INFO - Filling up the DagBag from /home/airflow/.local/lib/python3.12/site-packages/airflow/example_dags/example_bash_operator.py
[2025-06-12T15:07:52.678+0000] {processor.py:840} INFO - DAG(s) 'example_bash_operator' retrieved from /home/airflow/.local/lib/python3.12/site-packages/airflow/example_dags/example_bash_operator.py
[2025-06-12T15:07:52.705+0000] {logging_mixin.py:188} INFO - [2025-06-12T15:07:52.704+0000] {dag.py:3096} INFO - Sync 1 DAGs
[2025-06-12T15:07:52.749+0000] {logging_mixin.py:188} INFO - [2025-06-12T15:07:52.749+0000] {dag.py:3954} INFO - Setting next_dagrun for example_bash_operator to 2025-06-11 00:00:00+00:00, run_after=2025-06-12 00:00:00+00:00
[2025-06-12T15:07:52.788+0000] {processor.py:183} INFO - Processing /home/airflow/.local/lib/python3.12/site-packages/airflow/example_dags/example_bash_operator.py took 0.161 seconds
[2025-06-12T15:08:23.527+0000] {processor.py:161} INFO - Started process (PID=148) to work on /home/airflow/.local/lib/python3.12/site-packages/airflow/example_dags/example_bash_operator.py
[2025-06-12T15:08:23.528+0000] {processor.py:830} INFO - Processing file /home/airflow/.local/lib/python3.12/site-packages/airflow/example_dags/example_bash_operator.py for tasks to queue
[2025-06-12T15:08:23.529+0000] {logging_mixin.py:188} INFO - [2025-06-12T15:08:23.529+0000] {dagbag.py:540} INFO - Filling up the DagBag from /home/airflow/.local/lib/python3.12/site-packages/airflow/example_dags/example_bash_operator.py
[2025-06-12T15:08:23.540+0000] {processor.py:840} INFO - DAG(s) 'example_bash_operator' retrieved from /home/airflow/.local/lib/python3.12/site-packages/airflow/example_dags/example_bash_operator.py
[2025-06-12T15:08:23.605+0000] {logging_mixin.py:188} INFO - [2025-06-12T15:08:23.605+0000] {dag.py:3096} INFO - Sync 1 DAGs
[2025-06-12T15:08:23.617+0000] {logging_mixin.py:188} INFO - [2025-06-12T15:08:23.617+0000] {dag.py:3954} INFO - Setting next_dagrun for example_bash_operator to 2025-06-11 00:00:00+00:00, run_after=2025-06-12 00:00:00+00:00
[2025-06-12T15:08:23.630+0000] {processor.py:183} INFO - Processing /home/airflow/.local/lib/python3.12/site-packages/airflow/example_dags/example_bash_operator.py took 0.107 seconds
[2025-06-12T15:08:54.406+0000] {processor.py:161} INFO - Started process (PID=222) to work on /home/airflow/.local/lib/python3.12/site-packages/airflow/example_dags/example_bash_operator.py
[2025-06-12T15:08:54.410+0000] {processor.py:830} INFO - Processing file /home/airflow/.local/lib/python3.12/site-packages/airflow/example_dags/example_bash_operator.py for tasks to queue
[2025-06-12T15:08:54.411+0000] {logging_mixin.py:188} INFO - [2025-06-12T15:08:54.411+0000] {dagbag.py:540} INFO - Filling up the DagBag from /home/airflow/.local/lib/python3.12/site-packages/airflow/example_dags/example_bash_operator.py
[2025-06-12T15:08:54.418+0000] {processor.py:840} INFO - DAG(s) 'example_bash_operator' retrieved from /home/airflow/.local/lib/python3.12/site-packages/airflow/example_dags/example_bash_operator.py
[2025-06-12T15:08:54.436+0000] {logging_mixin.py:188} INFO - [2025-06-12T15:08:54.436+0000] {dag.py:3096} INFO - Sync 1 DAGs
[2025-06-12T15:08:54.449+0000] {logging_mixin.py:188} INFO - [2025-06-12T15:08:54.449+0000] {dag.py:3954} INFO - Setting next_dagrun for example_bash_operator to 2025-06-11 00:00:00+00:00, run_after=2025-06-12 00:00:00+00:00
[2025-06-12T15:08:54.460+0000] {processor.py:183} INFO - Processing /home/airflow/.local/lib/python3.12/site-packages/airflow/example_dags/example_bash_operator.py took 0.059 seconds
[2025-06-12T15:09:24.526+0000] {processor.py:161} INFO - Started process (PID=289) to work on /home/airflow/.local/lib/python3.12/site-packages/airflow/example_dags/example_bash_operator.py
[2025-06-12T15:09:24.527+0000] {processor.py:830} INFO - Processing file /home/airflow/.local/lib/python3.12/site-packages/airflow/example_dags/example_bash_operator.py for tasks to queue
[2025-06-12T15:09:24.529+0000] {logging_mixin.py:188} INFO - [2025-06-12T15:09:24.529+0000] {dagbag.py:540} INFO - Filling up the DagBag from /home/airflow/.local/lib/python3.12/site-packages/airflow/example_dags/example_bash_operator.py
[2025-06-12T15:09:24.537+0000] {processor.py:840} INFO - DAG(s) 'example_bash_operator' retrieved from /home/airflow/.local/lib/python3.12/site-packages/airflow/example_dags/example_bash_operator.py
[2025-06-12T15:09:24.554+0000] {logging_mixin.py:188} INFO - [2025-06-12T15:09:24.554+0000] {dag.py:3096} INFO - Sync 1 DAGs
[2025-06-12T15:09:24.565+0000] {logging_mixin.py:188} INFO - [2025-06-12T15:09:24.565+0000] {dag.py:3954} INFO - Setting next_dagrun for example_bash_operator to 2025-06-11 00:00:00+00:00, run_after=2025-06-12 00:00:00+00:00
[2025-06-12T15:09:24.576+0000] {processor.py:183} INFO - Processing /home/airflow/.local/lib/python3.12/site-packages/airflow/example_dags/example_bash_operator.py took 0.054 seconds
[2025-06-12T15:09:55.067+0000] {processor.py:161} INFO - Started process (PID=363) to work on /home/airflow/.local/lib/python3.12/site-packages/airflow/example_dags/example_bash_operator.py
[2025-06-12T15:09:55.070+0000] {processor.py:830} INFO - Processing file /home/airflow/.local/lib/python3.12/site-packages/airflow/example_dags/example_bash_operator.py for tasks to queue
[2025-06-12T15:09:55.071+0000] {logging_mixin.py:188} INFO - [2025-06-12T15:09:55.071+0000] {dagbag.py:540} INFO - Filling up the DagBag from /home/airflow/.local/lib/python3.12/site-packages/airflow/example_dags/example_bash_operator.py
[2025-06-12T15:09:55.078+0000] {processor.py:840} INFO - DAG(s) 'example_bash_operator' retrieved from /home/airflow/.local/lib/python3.12/site-packages/airflow/example_dags/example_bash_operator.py
[2025-06-12T15:09:55.093+0000] {logging_mixin.py:188} INFO - [2025-06-12T15:09:55.092+0000] {dag.py:3096} INFO - Sync 1 DAGs
[2025-06-12T15:09:55.109+0000] {logging_mixin.py:188} INFO - [2025-06-12T15:09:55.109+0000] {dag.py:3954} INFO - Setting next_dagrun for example_bash_operator to 2025-06-11 00:00:00+00:00, run_after=2025-06-12 00:00:00+00:00
[2025-06-12T15:09:55.119+0000] {processor.py:183} INFO - Processing /home/airflow/.local/lib/python3.12/site-packages/airflow/example_dags/example_bash_operator.py took 0.056 seconds
[2025-06-12T15:10:25.384+0000] {processor.py:161} INFO - Started process (PID=437) to work on /home/airflow/.local/lib/python3.12/site-packages/airflow/example_dags/example_bash_operator.py
[2025-06-12T15:10:25.387+0000] {processor.py:830} INFO - Processing file /home/airflow/.local/lib/python3.12/site-packages/airflow/example_dags/example_bash_operator.py for tasks to queue
[2025-06-12T15:10:25.389+0000] {logging_mixin.py:188} INFO - [2025-06-12T15:10:25.389+0000] {dagbag.py:540} INFO - Filling up the DagBag from /home/airflow/.local/lib/python3.12/site-packages/airflow/example_dags/example_bash_operator.py
[2025-06-12T15:10:25.395+0000] {processor.py:840} INFO - DAG(s) 'example_bash_operator' retrieved from /home/airflow/.local/lib/python3.12/site-packages/airflow/example_dags/example_bash_operator.py
[2025-06-12T15:10:25.412+0000] {logging_mixin.py:188} INFO - [2025-06-12T15:10:25.412+0000] {dag.py:3096} INFO - Sync 1 DAGs
[2025-06-12T15:10:25.423+0000] {logging_mixin.py:188} INFO - [2025-06-12T15:10:25.423+0000] {dag.py:3954} INFO - Setting next_dagrun for example_bash_operator to 2025-06-11 00:00:00+00:00, run_after=2025-06-12 00:00:00+00:00
[2025-06-12T15:10:25.434+0000] {processor.py:183} INFO - Processing /home/airflow/.local/lib/python3.12/site-packages/airflow/example_dags/example_bash_operator.py took 0.054 seconds
[2025-06-12T15:10:56.358+0000] {processor.py:161} INFO - Started process (PID=504) to work on /home/airflow/.local/lib/python3.12/site-packages/airflow/example_dags/example_bash_operator.py
[2025-06-12T15:10:56.363+0000] {processor.py:830} INFO - Processing file /home/airflow/.local/lib/python3.12/site-packages/airflow/example_dags/example_bash_operator.py for tasks to queue
[2025-06-12T15:10:56.365+0000] {logging_mixin.py:188} INFO - [2025-06-12T15:10:56.365+0000] {dagbag.py:540} INFO - Filling up the DagBag from /home/airflow/.local/lib/python3.12/site-packages/airflow/example_dags/example_bash_operator.py
[2025-06-12T15:10:56.371+0000] {processor.py:840} INFO - DAG(s) 'example_bash_operator' retrieved from /home/airflow/.local/lib/python3.12/site-packages/airflow/example_dags/example_bash_operator.py
[2025-06-12T15:10:56.394+0000] {logging_mixin.py:188} INFO - [2025-06-12T15:10:56.394+0000] {dag.py:3096} INFO - Sync 1 DAGs
[2025-06-12T15:10:56.406+0000] {logging_mixin.py:188} INFO - [2025-06-12T15:10:56.406+0000] {dag.py:3954} INFO - Setting next_dagrun for example_bash_operator to 2025-06-11 00:00:00+00:00, run_after=2025-06-12 00:00:00+00:00
[2025-06-12T15:10:56.419+0000] {processor.py:183} INFO - Processing /home/airflow/.local/lib/python3.12/site-packages/airflow/example_dags/example_bash_operator.py took 0.065 seconds
[2025-06-12T15:11:26.766+0000] {processor.py:161} INFO - Started process (PID=577) to work on /home/airflow/.local/lib/python3.12/site-packages/airflow/example_dags/example_bash_operator.py
[2025-06-12T15:11:26.770+0000] {processor.py:830} INFO - Processing file /home/airflow/.local/lib/python3.12/site-packages/airflow/example_dags/example_bash_operator.py for tasks to queue
[2025-06-12T15:11:26.773+0000] {logging_mixin.py:188} INFO - [2025-06-12T15:11:26.773+0000] {dagbag.py:540} INFO - Filling up the DagBag from /home/airflow/.local/lib/python3.12/site-packages/airflow/example_dags/example_bash_operator.py
[2025-06-12T15:11:26.782+0000] {processor.py:840} INFO - DAG(s) 'example_bash_operator' retrieved from /home/airflow/.local/lib/python3.12/site-packages/airflow/example_dags/example_bash_operator.py
[2025-06-12T15:11:26.808+0000] {logging_mixin.py:188} INFO - [2025-06-12T15:11:26.808+0000] {dag.py:3096} INFO - Sync 1 DAGs
[2025-06-12T15:11:26.820+0000] {logging_mixin.py:188} INFO - [2025-06-12T15:11:26.820+0000] {dag.py:3954} INFO - Setting next_dagrun for example_bash_operator to 2025-06-11 00:00:00+00:00, run_after=2025-06-12 00:00:00+00:00
[2025-06-12T15:11:26.832+0000] {processor.py:183} INFO - Processing /home/airflow/.local/lib/python3.12/site-packages/airflow/example_dags/example_bash_operator.py took 0.072 seconds
[2025-06-12T15:11:56.966+0000] {processor.py:161} INFO - Started process (PID=650) to work on /home/airflow/.local/lib/python3.12/site-packages/airflow/example_dags/example_bash_operator.py
[2025-06-12T15:11:56.967+0000] {processor.py:830} INFO - Processing file /home/airflow/.local/lib/python3.12/site-packages/airflow/example_dags/example_bash_operator.py for tasks to queue
[2025-06-12T15:11:56.969+0000] {logging_mixin.py:188} INFO - [2025-06-12T15:11:56.968+0000] {dagbag.py:540} INFO - Filling up the DagBag from /home/airflow/.local/lib/python3.12/site-packages/airflow/example_dags/example_bash_operator.py
[2025-06-12T15:11:56.981+0000] {processor.py:840} INFO - DAG(s) 'example_bash_operator' retrieved from /home/airflow/.local/lib/python3.12/site-packages/airflow/example_dags/example_bash_operator.py
[2025-06-12T15:11:57.012+0000] {logging_mixin.py:188} INFO - [2025-06-12T15:11:57.012+0000] {dag.py:3096} INFO - Sync 1 DAGs
[2025-06-12T15:11:57.031+0000] {logging_mixin.py:188} INFO - [2025-06-12T15:11:57.031+0000] {dag.py:3954} INFO - Setting next_dagrun for example_bash_operator to 2025-06-11 00:00:00+00:00, run_after=2025-06-12 00:00:00+00:00
[2025-06-12T15:11:57.048+0000] {processor.py:183} INFO - Processing /home/airflow/.local/lib/python3.12/site-packages/airflow/example_dags/example_bash_operator.py took 0.087 seconds
[2025-06-12T15:12:27.152+0000] {processor.py:161} INFO - Started process (PID=716) to work on /home/airflow/.local/lib/python3.12/site-packages/airflow/example_dags/example_bash_operator.py
[2025-06-12T15:12:27.156+0000] {processor.py:830} INFO - Processing file /home/airflow/.local/lib/python3.12/site-packages/airflow/example_dags/example_bash_operator.py for tasks to queue
[2025-06-12T15:12:27.159+0000] {logging_mixin.py:188} INFO - [2025-06-12T15:12:27.158+0000] {dagbag.py:540} INFO - Filling up the DagBag from /home/airflow/.local/lib/python3.12/site-packages/airflow/example_dags/example_bash_operator.py
[2025-06-12T15:12:27.165+0000] {processor.py:840} INFO - DAG(s) 'example_bash_operator' retrieved from /home/airflow/.local/lib/python3.12/site-packages/airflow/example_dags/example_bash_operator.py
[2025-06-12T15:12:27.186+0000] {logging_mixin.py:188} INFO - [2025-06-12T15:12:27.185+0000] {dag.py:3096} INFO - Sync 1 DAGs
[2025-06-12T15:12:27.197+0000] {logging_mixin.py:188} INFO - [2025-06-12T15:12:27.197+0000] {dag.py:3954} INFO - Setting next_dagrun for example_bash_operator to 2025-06-11 00:00:00+00:00, run_after=2025-06-12 00:00:00+00:00
[2025-06-12T15:12:27.209+0000] {processor.py:183} INFO - Processing /home/airflow/.local/lib/python3.12/site-packages/airflow/example_dags/example_bash_operator.py took 0.060 seconds
[2025-06-12T15:12:57.366+0000] {processor.py:161} INFO - Started process (PID=790) to work on /home/airflow/.local/lib/python3.12/site-packages/airflow/example_dags/example_bash_operator.py
[2025-06-12T15:12:57.368+0000] {processor.py:830} INFO - Processing file /home/airflow/.local/lib/python3.12/site-packages/airflow/example_dags/example_bash_operator.py for tasks to queue
[2025-06-12T15:12:57.371+0000] {logging_mixin.py:188} INFO - [2025-06-12T15:12:57.371+0000] {dagbag.py:540} INFO - Filling up the DagBag from /home/airflow/.local/lib/python3.12/site-packages/airflow/example_dags/example_bash_operator.py
[2025-06-12T15:12:57.378+0000] {processor.py:840} INFO - DAG(s) 'example_bash_operator' retrieved from /home/airflow/.local/lib/python3.12/site-packages/airflow/example_dags/example_bash_operator.py
[2025-06-12T15:12:57.396+0000] {logging_mixin.py:188} INFO - [2025-06-12T15:12:57.396+0000] {dag.py:3096} INFO - Sync 1 DAGs
[2025-06-12T15:12:57.409+0000] {logging_mixin.py:188} INFO - [2025-06-12T15:12:57.409+0000] {dag.py:3954} INFO - Setting next_dagrun for example_bash_operator to 2025-06-11 00:00:00+00:00, run_after=2025-06-12 00:00:00+00:00
[2025-06-12T15:12:57.420+0000] {processor.py:183} INFO - Processing /home/airflow/.local/lib/python3.12/site-packages/airflow/example_dags/example_bash_operator.py took 0.058 seconds
[2025-06-12T15:13:28.204+0000] {processor.py:161} INFO - Started process (PID=864) to work on /home/airflow/.local/lib/python3.12/site-packages/airflow/example_dags/example_bash_operator.py
[2025-06-12T15:13:28.205+0000] {processor.py:830} INFO - Processing file /home/airflow/.local/lib/python3.12/site-packages/airflow/example_dags/example_bash_operator.py for tasks to queue
[2025-06-12T15:13:28.206+0000] {logging_mixin.py:188} INFO - [2025-06-12T15:13:28.206+0000] {dagbag.py:540} INFO - Filling up the DagBag from /home/airflow/.local/lib/python3.12/site-packages/airflow/example_dags/example_bash_operator.py
[2025-06-12T15:13:28.213+0000] {processor.py:840} INFO - DAG(s) 'example_bash_operator' retrieved from /home/airflow/.local/lib/python3.12/site-packages/airflow/example_dags/example_bash_operator.py
[2025-06-12T15:13:28.228+0000] {logging_mixin.py:188} INFO - [2025-06-12T15:13:28.228+0000] {dag.py:3096} INFO - Sync 1 DAGs
[2025-06-12T15:13:28.239+0000] {logging_mixin.py:188} INFO - [2025-06-12T15:13:28.239+0000] {dag.py:3954} INFO - Setting next_dagrun for example_bash_operator to 2025-06-11 00:00:00+00:00, run_after=2025-06-12 00:00:00+00:00
[2025-06-12T15:13:28.252+0000] {processor.py:183} INFO - Processing /home/airflow/.local/lib/python3.12/site-packages/airflow/example_dags/example_bash_operator.py took 0.052 seconds
[2025-06-12T15:13:58.562+0000] {processor.py:161} INFO - Started process (PID=931) to work on /home/airflow/.local/lib/python3.12/site-packages/airflow/example_dags/example_bash_operator.py
[2025-06-12T15:13:58.567+0000] {processor.py:830} INFO - Processing file /home/airflow/.local/lib/python3.12/site-packages/airflow/example_dags/example_bash_operator.py for tasks to queue
[2025-06-12T15:13:58.569+0000] {logging_mixin.py:188} INFO - [2025-06-12T15:13:58.568+0000] {dagbag.py:540} INFO - Filling up the DagBag from /home/airflow/.local/lib/python3.12/site-packages/airflow/example_dags/example_bash_operator.py
[2025-06-12T15:13:58.578+0000] {processor.py:840} INFO - DAG(s) 'example_bash_operator' retrieved from /home/airflow/.local/lib/python3.12/site-packages/airflow/example_dags/example_bash_operator.py
[2025-06-12T15:13:58.594+0000] {logging_mixin.py:188} INFO - [2025-06-12T15:13:58.594+0000] {dag.py:3096} INFO - Sync 1 DAGs
[2025-06-12T15:13:58.608+0000] {logging_mixin.py:188} INFO - [2025-06-12T15:13:58.608+0000] {dag.py:3954} INFO - Setting next_dagrun for example_bash_operator to 2025-06-11 00:00:00+00:00, run_after=2025-06-12 00:00:00+00:00
[2025-06-12T15:13:58.618+0000] {processor.py:183} INFO - Processing /home/airflow/.local/lib/python3.12/site-packages/airflow/example_dags/example_bash_operator.py took 0.061 seconds
[2025-06-12T15:14:29.055+0000] {processor.py:161} INFO - Started process (PID=1006) to work on /home/airflow/.local/lib/python3.12/site-packages/airflow/example_dags/example_bash_operator.py
[2025-06-12T15:14:29.058+0000] {processor.py:830} INFO - Processing file /home/airflow/.local/lib/python3.12/site-packages/airflow/example_dags/example_bash_operator.py for tasks to queue
[2025-06-12T15:14:29.062+0000] {logging_mixin.py:188} INFO - [2025-06-12T15:14:29.062+0000] {dagbag.py:540} INFO - Filling up the DagBag from /home/airflow/.local/lib/python3.12/site-packages/airflow/example_dags/example_bash_operator.py
[2025-06-12T15:14:29.071+0000] {processor.py:840} INFO - DAG(s) 'example_bash_operator' retrieved from /home/airflow/.local/lib/python3.12/site-packages/airflow/example_dags/example_bash_operator.py
[2025-06-12T15:14:29.094+0000] {logging_mixin.py:188} INFO - [2025-06-12T15:14:29.094+0000] {dag.py:3096} INFO - Sync 1 DAGs
[2025-06-12T15:14:29.106+0000] {logging_mixin.py:188} INFO - [2025-06-12T15:14:29.106+0000] {dag.py:3954} INFO - Setting next_dagrun for example_bash_operator to 2025-06-11 00:00:00+00:00, run_after=2025-06-12 00:00:00+00:00
[2025-06-12T15:14:29.117+0000] {processor.py:183} INFO - Processing /home/airflow/.local/lib/python3.12/site-packages/airflow/example_dags/example_bash_operator.py took 0.066 seconds
[2025-06-12T15:14:59.514+0000] {processor.py:161} INFO - Started process (PID=1073) to work on /home/airflow/.local/lib/python3.12/site-packages/airflow/example_dags/example_bash_operator.py
[2025-06-12T15:14:59.516+0000] {processor.py:830} INFO - Processing file /home/airflow/.local/lib/python3.12/site-packages/airflow/example_dags/example_bash_operator.py for tasks to queue
[2025-06-12T15:14:59.517+0000] {logging_mixin.py:188} INFO - [2025-06-12T15:14:59.517+0000] {dagbag.py:540} INFO - Filling up the DagBag from /home/airflow/.local/lib/python3.12/site-packages/airflow/example_dags/example_bash_operator.py
[2025-06-12T15:14:59.530+0000] {processor.py:840} INFO - DAG(s) 'example_bash_operator' retrieved from /home/airflow/.local/lib/python3.12/site-packages/airflow/example_dags/example_bash_operator.py
[2025-06-12T15:14:59.551+0000] {logging_mixin.py:188} INFO - [2025-06-12T15:14:59.551+0000] {dag.py:3096} INFO - Sync 1 DAGs
[2025-06-12T15:14:59.565+0000] {logging_mixin.py:188} INFO - [2025-06-12T15:14:59.565+0000] {dag.py:3954} INFO - Setting next_dagrun for example_bash_operator to 2025-06-11 00:00:00+00:00, run_after=2025-06-12 00:00:00+00:00
[2025-06-12T15:14:59.576+0000] {processor.py:183} INFO - Processing /home/airflow/.local/lib/python3.12/site-packages/airflow/example_dags/example_bash_operator.py took 0.069 seconds
[2025-06-12T15:15:30.162+0000] {processor.py:161} INFO - Started process (PID=1147) to work on /home/airflow/.local/lib/python3.12/site-packages/airflow/example_dags/example_bash_operator.py
[2025-06-12T15:15:30.163+0000] {processor.py:830} INFO - Processing file /home/airflow/.local/lib/python3.12/site-packages/airflow/example_dags/example_bash_operator.py for tasks to queue
[2025-06-12T15:15:30.165+0000] {logging_mixin.py:188} INFO - [2025-06-12T15:15:30.165+0000] {dagbag.py:540} INFO - Filling up the DagBag from /home/airflow/.local/lib/python3.12/site-packages/airflow/example_dags/example_bash_operator.py
[2025-06-12T15:15:30.174+0000] {processor.py:840} INFO - DAG(s) 'example_bash_operator' retrieved from /home/airflow/.local/lib/python3.12/site-packages/airflow/example_dags/example_bash_operator.py
[2025-06-12T15:15:30.193+0000] {logging_mixin.py:188} INFO - [2025-06-12T15:15:30.192+0000] {dag.py:3096} INFO - Sync 1 DAGs
[2025-06-12T15:15:30.203+0000] {logging_mixin.py:188} INFO - [2025-06-12T15:15:30.203+0000] {dag.py:3954} INFO - Setting next_dagrun for example_bash_operator to 2025-06-11 00:00:00+00:00, run_after=2025-06-12 00:00:00+00:00
[2025-06-12T15:15:30.214+0000] {processor.py:183} INFO - Processing /home/airflow/.local/lib/python3.12/site-packages/airflow/example_dags/example_bash_operator.py took 0.055 seconds
[2025-06-12T15:16:00.873+0000] {processor.py:161} INFO - Started process (PID=1221) to work on /home/airflow/.local/lib/python3.12/site-packages/airflow/example_dags/example_bash_operator.py
[2025-06-12T15:16:00.874+0000] {processor.py:830} INFO - Processing file /home/airflow/.local/lib/python3.12/site-packages/airflow/example_dags/example_bash_operator.py for tasks to queue
[2025-06-12T15:16:00.876+0000] {logging_mixin.py:188} INFO - [2025-06-12T15:16:00.876+0000] {dagbag.py:540} INFO - Filling up the DagBag from /home/airflow/.local/lib/python3.12/site-packages/airflow/example_dags/example_bash_operator.py
[2025-06-12T15:16:00.887+0000] {processor.py:840} INFO - DAG(s) 'example_bash_operator' retrieved from /home/airflow/.local/lib/python3.12/site-packages/airflow/example_dags/example_bash_operator.py
[2025-06-12T15:16:00.906+0000] {logging_mixin.py:188} INFO - [2025-06-12T15:16:00.906+0000] {dag.py:3096} INFO - Sync 1 DAGs
[2025-06-12T15:16:01.034+0000] {logging_mixin.py:188} INFO - [2025-06-12T15:16:01.033+0000] {dag.py:3954} INFO - Setting next_dagrun for example_bash_operator to 2025-06-11 00:00:00+00:00, run_after=2025-06-12 00:00:00+00:00
[2025-06-12T15:16:01.043+0000] {processor.py:183} INFO - Processing /home/airflow/.local/lib/python3.12/site-packages/airflow/example_dags/example_bash_operator.py took 0.176 seconds
[2025-06-12T15:16:31.465+0000] {processor.py:161} INFO - Started process (PID=1288) to work on /home/airflow/.local/lib/python3.12/site-packages/airflow/example_dags/example_bash_operator.py
[2025-06-12T15:16:31.467+0000] {processor.py:830} INFO - Processing file /home/airflow/.local/lib/python3.12/site-packages/airflow/example_dags/example_bash_operator.py for tasks to queue
[2025-06-12T15:16:31.469+0000] {logging_mixin.py:188} INFO - [2025-06-12T15:16:31.469+0000] {dagbag.py:540} INFO - Filling up the DagBag from /home/airflow/.local/lib/python3.12/site-packages/airflow/example_dags/example_bash_operator.py
[2025-06-12T15:16:31.478+0000] {processor.py:840} INFO - DAG(s) 'example_bash_operator' retrieved from /home/airflow/.local/lib/python3.12/site-packages/airflow/example_dags/example_bash_operator.py
[2025-06-12T15:16:31.497+0000] {logging_mixin.py:188} INFO - [2025-06-12T15:16:31.497+0000] {dag.py:3096} INFO - Sync 1 DAGs
[2025-06-12T15:16:31.510+0000] {logging_mixin.py:188} INFO - [2025-06-12T15:16:31.510+0000] {dag.py:3954} INFO - Setting next_dagrun for example_bash_operator to 2025-06-11 00:00:00+00:00, run_after=2025-06-12 00:00:00+00:00
[2025-06-12T15:16:31.523+0000] {processor.py:183} INFO - Processing /home/airflow/.local/lib/python3.12/site-packages/airflow/example_dags/example_bash_operator.py took 0.063 seconds
[2025-06-12T15:17:02.429+0000] {processor.py:161} INFO - Started process (PID=1362) to work on /home/airflow/.local/lib/python3.12/site-packages/airflow/example_dags/example_bash_operator.py
[2025-06-12T15:17:02.431+0000] {processor.py:830} INFO - Processing file /home/airflow/.local/lib/python3.12/site-packages/airflow/example_dags/example_bash_operator.py for tasks to queue
[2025-06-12T15:17:02.433+0000] {logging_mixin.py:188} INFO - [2025-06-12T15:17:02.433+0000] {dagbag.py:540} INFO - Filling up the DagBag from /home/airflow/.local/lib/python3.12/site-packages/airflow/example_dags/example_bash_operator.py
[2025-06-12T15:17:02.449+0000] {processor.py:840} INFO - DAG(s) 'example_bash_operator' retrieved from /home/airflow/.local/lib/python3.12/site-packages/airflow/example_dags/example_bash_operator.py
[2025-06-12T15:17:02.470+0000] {logging_mixin.py:188} INFO - [2025-06-12T15:17:02.469+0000] {dag.py:3096} INFO - Sync 1 DAGs
[2025-06-12T15:17:02.481+0000] {logging_mixin.py:188} INFO - [2025-06-12T15:17:02.481+0000] {dag.py:3954} INFO - Setting next_dagrun for example_bash_operator to 2025-06-11 00:00:00+00:00, run_after=2025-06-12 00:00:00+00:00
[2025-06-12T15:17:02.492+0000] {processor.py:183} INFO - Processing /home/airflow/.local/lib/python3.12/site-packages/airflow/example_dags/example_bash_operator.py took 0.067 seconds
[2025-06-12T15:17:32.987+0000] {processor.py:161} INFO - Started process (PID=1436) to work on /home/airflow/.local/lib/python3.12/site-packages/airflow/example_dags/example_bash_operator.py
[2025-06-12T15:17:32.992+0000] {processor.py:830} INFO - Processing file /home/airflow/.local/lib/python3.12/site-packages/airflow/example_dags/example_bash_operator.py for tasks to queue
[2025-06-12T15:17:32.994+0000] {logging_mixin.py:188} INFO - [2025-06-12T15:17:32.993+0000] {dagbag.py:540} INFO - Filling up the DagBag from /home/airflow/.local/lib/python3.12/site-packages/airflow/example_dags/example_bash_operator.py
[2025-06-12T15:17:33.002+0000] {processor.py:840} INFO - DAG(s) 'example_bash_operator' retrieved from /home/airflow/.local/lib/python3.12/site-packages/airflow/example_dags/example_bash_operator.py
[2025-06-12T15:17:33.021+0000] {logging_mixin.py:188} INFO - [2025-06-12T15:17:33.021+0000] {dag.py:3096} INFO - Sync 1 DAGs
[2025-06-12T15:17:33.039+0000] {logging_mixin.py:188} INFO - [2025-06-12T15:17:33.039+0000] {dag.py:3954} INFO - Setting next_dagrun for example_bash_operator to 2025-06-11 00:00:00+00:00, run_after=2025-06-12 00:00:00+00:00
[2025-06-12T15:17:33.051+0000] {processor.py:183} INFO - Processing /home/airflow/.local/lib/python3.12/site-packages/airflow/example_dags/example_bash_operator.py took 0.069 seconds
[2025-06-12T15:18:03.258+0000] {processor.py:161} INFO - Started process (PID=1503) to work on /home/airflow/.local/lib/python3.12/site-packages/airflow/example_dags/example_bash_operator.py
[2025-06-12T15:18:03.261+0000] {processor.py:830} INFO - Processing file /home/airflow/.local/lib/python3.12/site-packages/airflow/example_dags/example_bash_operator.py for tasks to queue
[2025-06-12T15:18:03.264+0000] {logging_mixin.py:188} INFO - [2025-06-12T15:18:03.264+0000] {dagbag.py:540} INFO - Filling up the DagBag from /home/airflow/.local/lib/python3.12/site-packages/airflow/example_dags/example_bash_operator.py
[2025-06-12T15:18:03.271+0000] {processor.py:840} INFO - DAG(s) 'example_bash_operator' retrieved from /home/airflow/.local/lib/python3.12/site-packages/airflow/example_dags/example_bash_operator.py
[2025-06-12T15:18:03.292+0000] {logging_mixin.py:188} INFO - [2025-06-12T15:18:03.291+0000] {dag.py:3096} INFO - Sync 1 DAGs
[2025-06-12T15:18:03.306+0000] {logging_mixin.py:188} INFO - [2025-06-12T15:18:03.306+0000] {dag.py:3954} INFO - Setting next_dagrun for example_bash_operator to 2025-06-11 00:00:00+00:00, run_after=2025-06-12 00:00:00+00:00
[2025-06-12T15:18:03.320+0000] {processor.py:183} INFO - Processing /home/airflow/.local/lib/python3.12/site-packages/airflow/example_dags/example_bash_operator.py took 0.067 seconds
[2025-06-12T15:18:33.908+0000] {processor.py:161} INFO - Started process (PID=1577) to work on /home/airflow/.local/lib/python3.12/site-packages/airflow/example_dags/example_bash_operator.py
[2025-06-12T15:18:33.910+0000] {processor.py:830} INFO - Processing file /home/airflow/.local/lib/python3.12/site-packages/airflow/example_dags/example_bash_operator.py for tasks to queue
[2025-06-12T15:18:33.917+0000] {logging_mixin.py:188} INFO - [2025-06-12T15:18:33.916+0000] {dagbag.py:540} INFO - Filling up the DagBag from /home/airflow/.local/lib/python3.12/site-packages/airflow/example_dags/example_bash_operator.py
[2025-06-12T15:18:33.927+0000] {processor.py:840} INFO - DAG(s) 'example_bash_operator' retrieved from /home/airflow/.local/lib/python3.12/site-packages/airflow/example_dags/example_bash_operator.py
[2025-06-12T15:18:33.946+0000] {logging_mixin.py:188} INFO - [2025-06-12T15:18:33.946+0000] {dag.py:3096} INFO - Sync 1 DAGs
[2025-06-12T15:18:33.959+0000] {logging_mixin.py:188} INFO - [2025-06-12T15:18:33.959+0000] {dag.py:3954} INFO - Setting next_dagrun for example_bash_operator to 2025-06-11 00:00:00+00:00, run_after=2025-06-12 00:00:00+00:00
[2025-06-12T15:18:33.970+0000] {processor.py:183} INFO - Processing /home/airflow/.local/lib/python3.12/site-packages/airflow/example_dags/example_bash_operator.py took 0.067 seconds
