[2025-06-12T13:58:41.840+0000] {processor.py:161} INFO - Started process (PID=81) to work on /home/airflow/.local/lib/python3.12/site-packages/airflow/example_dags/example_latest_only.py
[2025-06-12T13:58:41.841+0000] {processor.py:830} INFO - Processing file /home/airflow/.local/lib/python3.12/site-packages/airflow/example_dags/example_latest_only.py for tasks to queue
[2025-06-12T13:58:41.843+0000] {logging_mixin.py:188} INFO - [2025-06-12T13:58:41.842+0000] {dagbag.py:540} INFO - Filling up the DagBag from /home/airflow/.local/lib/python3.12/site-packages/airflow/example_dags/example_latest_only.py
[2025-06-12T13:58:41.852+0000] {processor.py:840} INFO - DAG(s) 'latest_only' retrieved from /home/airflow/.local/lib/python3.12/site-packages/airflow/example_dags/example_latest_only.py
[2025-06-12T13:58:41.875+0000] {logging_mixin.py:188} INFO - [2025-06-12T13:58:41.875+0000] {dag.py:3096} INFO - Sync 1 DAGs
[2025-06-12T13:58:41.912+0000] {logging_mixin.py:188} INFO - [2025-06-12T13:58:41.912+0000] {dag.py:3954} INFO - Setting next_dagrun for latest_only to 2025-06-12 08:00:00+00:00, run_after=2025-06-12 12:00:00+00:00
[2025-06-12T13:58:41.928+0000] {processor.py:183} INFO - Processing /home/airflow/.local/lib/python3.12/site-packages/airflow/example_dags/example_latest_only.py took 0.095 seconds
[2025-06-12T13:59:12.041+0000] {processor.py:161} INFO - Started process (PID=148) to work on /home/airflow/.local/lib/python3.12/site-packages/airflow/example_dags/example_latest_only.py
[2025-06-12T13:59:12.042+0000] {processor.py:830} INFO - Processing file /home/airflow/.local/lib/python3.12/site-packages/airflow/example_dags/example_latest_only.py for tasks to queue
[2025-06-12T13:59:12.044+0000] {logging_mixin.py:188} INFO - [2025-06-12T13:59:12.044+0000] {dagbag.py:540} INFO - Filling up the DagBag from /home/airflow/.local/lib/python3.12/site-packages/airflow/example_dags/example_latest_only.py
[2025-06-12T13:59:12.048+0000] {processor.py:840} INFO - DAG(s) 'latest_only' retrieved from /home/airflow/.local/lib/python3.12/site-packages/airflow/example_dags/example_latest_only.py
[2025-06-12T13:59:12.101+0000] {logging_mixin.py:188} INFO - [2025-06-12T13:59:12.101+0000] {dag.py:3096} INFO - Sync 1 DAGs
[2025-06-12T13:59:12.109+0000] {logging_mixin.py:188} INFO - [2025-06-12T13:59:12.109+0000] {dag.py:3954} INFO - Setting next_dagrun for latest_only to 2025-06-12 08:00:00+00:00, run_after=2025-06-12 12:00:00+00:00
[2025-06-12T13:59:12.116+0000] {processor.py:183} INFO - Processing /home/airflow/.local/lib/python3.12/site-packages/airflow/example_dags/example_latest_only.py took 0.081 seconds
[2025-06-12T13:59:42.425+0000] {processor.py:161} INFO - Started process (PID=222) to work on /home/airflow/.local/lib/python3.12/site-packages/airflow/example_dags/example_latest_only.py
[2025-06-12T13:59:42.426+0000] {processor.py:830} INFO - Processing file /home/airflow/.local/lib/python3.12/site-packages/airflow/example_dags/example_latest_only.py for tasks to queue
[2025-06-12T13:59:42.428+0000] {logging_mixin.py:188} INFO - [2025-06-12T13:59:42.428+0000] {dagbag.py:540} INFO - Filling up the DagBag from /home/airflow/.local/lib/python3.12/site-packages/airflow/example_dags/example_latest_only.py
[2025-06-12T13:59:42.438+0000] {processor.py:840} INFO - DAG(s) 'latest_only' retrieved from /home/airflow/.local/lib/python3.12/site-packages/airflow/example_dags/example_latest_only.py
[2025-06-12T13:59:42.462+0000] {logging_mixin.py:188} INFO - [2025-06-12T13:59:42.462+0000] {dag.py:3096} INFO - Sync 1 DAGs
[2025-06-12T13:59:42.477+0000] {logging_mixin.py:188} INFO - [2025-06-12T13:59:42.477+0000] {dag.py:3954} INFO - Setting next_dagrun for latest_only to 2025-06-12 08:00:00+00:00, run_after=2025-06-12 12:00:00+00:00
[2025-06-12T13:59:42.497+0000] {processor.py:183} INFO - Processing /home/airflow/.local/lib/python3.12/site-packages/airflow/example_dags/example_latest_only.py took 0.076 seconds
[2025-06-12T14:00:13.081+0000] {processor.py:161} INFO - Started process (PID=289) to work on /home/airflow/.local/lib/python3.12/site-packages/airflow/example_dags/example_latest_only.py
[2025-06-12T14:00:13.081+0000] {processor.py:830} INFO - Processing file /home/airflow/.local/lib/python3.12/site-packages/airflow/example_dags/example_latest_only.py for tasks to queue
[2025-06-12T14:00:13.083+0000] {logging_mixin.py:188} INFO - [2025-06-12T14:00:13.083+0000] {dagbag.py:540} INFO - Filling up the DagBag from /home/airflow/.local/lib/python3.12/site-packages/airflow/example_dags/example_latest_only.py
[2025-06-12T14:00:13.086+0000] {processor.py:840} INFO - DAG(s) 'latest_only' retrieved from /home/airflow/.local/lib/python3.12/site-packages/airflow/example_dags/example_latest_only.py
[2025-06-12T14:00:13.097+0000] {logging_mixin.py:188} INFO - [2025-06-12T14:00:13.097+0000] {dag.py:3096} INFO - Sync 1 DAGs
[2025-06-12T14:00:13.108+0000] {logging_mixin.py:188} INFO - [2025-06-12T14:00:13.108+0000] {dag.py:3954} INFO - Setting next_dagrun for latest_only to 2025-06-12 08:00:00+00:00, run_after=2025-06-12 12:00:00+00:00
[2025-06-12T14:00:13.121+0000] {processor.py:183} INFO - Processing /home/airflow/.local/lib/python3.12/site-packages/airflow/example_dags/example_latest_only.py took 0.043 seconds
[2025-06-12T14:00:43.358+0000] {processor.py:161} INFO - Started process (PID=363) to work on /home/airflow/.local/lib/python3.12/site-packages/airflow/example_dags/example_latest_only.py
[2025-06-12T14:00:43.359+0000] {processor.py:830} INFO - Processing file /home/airflow/.local/lib/python3.12/site-packages/airflow/example_dags/example_latest_only.py for tasks to queue
[2025-06-12T14:00:43.359+0000] {logging_mixin.py:188} INFO - [2025-06-12T14:00:43.359+0000] {dagbag.py:540} INFO - Filling up the DagBag from /home/airflow/.local/lib/python3.12/site-packages/airflow/example_dags/example_latest_only.py
[2025-06-12T14:00:43.363+0000] {processor.py:840} INFO - DAG(s) 'latest_only' retrieved from /home/airflow/.local/lib/python3.12/site-packages/airflow/example_dags/example_latest_only.py
[2025-06-12T14:00:43.375+0000] {logging_mixin.py:188} INFO - [2025-06-12T14:00:43.375+0000] {dag.py:3096} INFO - Sync 1 DAGs
[2025-06-12T14:00:43.385+0000] {logging_mixin.py:188} INFO - [2025-06-12T14:00:43.385+0000] {dag.py:3954} INFO - Setting next_dagrun for latest_only to 2025-06-12 08:00:00+00:00, run_after=2025-06-12 12:00:00+00:00
[2025-06-12T14:00:43.392+0000] {processor.py:183} INFO - Processing /home/airflow/.local/lib/python3.12/site-packages/airflow/example_dags/example_latest_only.py took 0.038 seconds
[2025-06-12T14:01:14.520+0000] {processor.py:161} INFO - Started process (PID=430) to work on /home/airflow/.local/lib/python3.12/site-packages/airflow/example_dags/example_latest_only.py
[2025-06-12T14:01:14.521+0000] {processor.py:830} INFO - Processing file /home/airflow/.local/lib/python3.12/site-packages/airflow/example_dags/example_latest_only.py for tasks to queue
[2025-06-12T14:01:14.522+0000] {logging_mixin.py:188} INFO - [2025-06-12T14:01:14.521+0000] {dagbag.py:540} INFO - Filling up the DagBag from /home/airflow/.local/lib/python3.12/site-packages/airflow/example_dags/example_latest_only.py
[2025-06-12T14:01:14.524+0000] {processor.py:840} INFO - DAG(s) 'latest_only' retrieved from /home/airflow/.local/lib/python3.12/site-packages/airflow/example_dags/example_latest_only.py
[2025-06-12T14:01:14.535+0000] {logging_mixin.py:188} INFO - [2025-06-12T14:01:14.535+0000] {dag.py:3096} INFO - Sync 1 DAGs
[2025-06-12T14:01:14.544+0000] {logging_mixin.py:188} INFO - [2025-06-12T14:01:14.544+0000] {dag.py:3954} INFO - Setting next_dagrun for latest_only to 2025-06-12 08:00:00+00:00, run_after=2025-06-12 12:00:00+00:00
[2025-06-12T14:01:14.552+0000] {processor.py:183} INFO - Processing /home/airflow/.local/lib/python3.12/site-packages/airflow/example_dags/example_latest_only.py took 0.035 seconds
[2025-06-12T14:15:49.313+0000] {processor.py:161} INFO - Started process (PID=82) to work on /home/airflow/.local/lib/python3.12/site-packages/airflow/example_dags/example_latest_only.py
[2025-06-12T14:15:49.314+0000] {processor.py:830} INFO - Processing file /home/airflow/.local/lib/python3.12/site-packages/airflow/example_dags/example_latest_only.py for tasks to queue
[2025-06-12T14:15:49.315+0000] {logging_mixin.py:188} INFO - [2025-06-12T14:15:49.315+0000] {dagbag.py:540} INFO - Filling up the DagBag from /home/airflow/.local/lib/python3.12/site-packages/airflow/example_dags/example_latest_only.py
[2025-06-12T14:15:49.319+0000] {processor.py:840} INFO - DAG(s) 'latest_only' retrieved from /home/airflow/.local/lib/python3.12/site-packages/airflow/example_dags/example_latest_only.py
[2025-06-12T14:15:49.336+0000] {logging_mixin.py:188} INFO - [2025-06-12T14:15:49.336+0000] {dag.py:3096} INFO - Sync 1 DAGs
[2025-06-12T14:15:49.350+0000] {logging_mixin.py:188} INFO - [2025-06-12T14:15:49.350+0000] {dag.py:3954} INFO - Setting next_dagrun for latest_only to 2025-06-12 08:00:00+00:00, run_after=2025-06-12 12:00:00+00:00
[2025-06-12T14:15:49.359+0000] {processor.py:183} INFO - Processing /home/airflow/.local/lib/python3.12/site-packages/airflow/example_dags/example_latest_only.py took 0.050 seconds
[2025-06-12T14:16:21.079+0000] {processor.py:161} INFO - Started process (PID=156) to work on /home/airflow/.local/lib/python3.12/site-packages/airflow/example_dags/example_latest_only.py
[2025-06-12T14:16:21.083+0000] {processor.py:830} INFO - Processing file /home/airflow/.local/lib/python3.12/site-packages/airflow/example_dags/example_latest_only.py for tasks to queue
[2025-06-12T14:16:21.086+0000] {logging_mixin.py:188} INFO - [2025-06-12T14:16:21.086+0000] {dagbag.py:540} INFO - Filling up the DagBag from /home/airflow/.local/lib/python3.12/site-packages/airflow/example_dags/example_latest_only.py
[2025-06-12T14:16:21.095+0000] {processor.py:840} INFO - DAG(s) 'latest_only' retrieved from /home/airflow/.local/lib/python3.12/site-packages/airflow/example_dags/example_latest_only.py
[2025-06-12T14:16:21.225+0000] {logging_mixin.py:188} INFO - [2025-06-12T14:16:21.224+0000] {dag.py:3096} INFO - Sync 1 DAGs
[2025-06-12T14:16:21.241+0000] {logging_mixin.py:188} INFO - [2025-06-12T14:16:21.241+0000] {dag.py:3954} INFO - Setting next_dagrun for latest_only to 2025-06-12 08:00:00+00:00, run_after=2025-06-12 12:00:00+00:00
[2025-06-12T14:16:21.254+0000] {processor.py:183} INFO - Processing /home/airflow/.local/lib/python3.12/site-packages/airflow/example_dags/example_latest_only.py took 0.191 seconds
[2025-06-12T14:16:51.873+0000] {processor.py:161} INFO - Started process (PID=223) to work on /home/airflow/.local/lib/python3.12/site-packages/airflow/example_dags/example_latest_only.py
[2025-06-12T14:16:51.874+0000] {processor.py:830} INFO - Processing file /home/airflow/.local/lib/python3.12/site-packages/airflow/example_dags/example_latest_only.py for tasks to queue
[2025-06-12T14:16:51.875+0000] {logging_mixin.py:188} INFO - [2025-06-12T14:16:51.875+0000] {dagbag.py:540} INFO - Filling up the DagBag from /home/airflow/.local/lib/python3.12/site-packages/airflow/example_dags/example_latest_only.py
[2025-06-12T14:16:51.880+0000] {processor.py:840} INFO - DAG(s) 'latest_only' retrieved from /home/airflow/.local/lib/python3.12/site-packages/airflow/example_dags/example_latest_only.py
[2025-06-12T14:16:51.894+0000] {logging_mixin.py:188} INFO - [2025-06-12T14:16:51.893+0000] {dag.py:3096} INFO - Sync 1 DAGs
[2025-06-12T14:16:51.905+0000] {logging_mixin.py:188} INFO - [2025-06-12T14:16:51.905+0000] {dag.py:3954} INFO - Setting next_dagrun for latest_only to 2025-06-12 08:00:00+00:00, run_after=2025-06-12 12:00:00+00:00
[2025-06-12T14:16:51.914+0000] {processor.py:183} INFO - Processing /home/airflow/.local/lib/python3.12/site-packages/airflow/example_dags/example_latest_only.py took 0.046 seconds
[2025-06-12T14:17:22.818+0000] {processor.py:161} INFO - Started process (PID=297) to work on /home/airflow/.local/lib/python3.12/site-packages/airflow/example_dags/example_latest_only.py
[2025-06-12T14:17:22.819+0000] {processor.py:830} INFO - Processing file /home/airflow/.local/lib/python3.12/site-packages/airflow/example_dags/example_latest_only.py for tasks to queue
[2025-06-12T14:17:22.820+0000] {logging_mixin.py:188} INFO - [2025-06-12T14:17:22.820+0000] {dagbag.py:540} INFO - Filling up the DagBag from /home/airflow/.local/lib/python3.12/site-packages/airflow/example_dags/example_latest_only.py
[2025-06-12T14:17:22.823+0000] {processor.py:840} INFO - DAG(s) 'latest_only' retrieved from /home/airflow/.local/lib/python3.12/site-packages/airflow/example_dags/example_latest_only.py
[2025-06-12T14:17:22.888+0000] {logging_mixin.py:188} INFO - [2025-06-12T14:17:22.887+0000] {dag.py:3096} INFO - Sync 1 DAGs
[2025-06-12T14:17:22.898+0000] {logging_mixin.py:188} INFO - [2025-06-12T14:17:22.898+0000] {dag.py:3954} INFO - Setting next_dagrun for latest_only to 2025-06-12 08:00:00+00:00, run_after=2025-06-12 12:00:00+00:00
[2025-06-12T14:17:22.910+0000] {processor.py:183} INFO - Processing /home/airflow/.local/lib/python3.12/site-packages/airflow/example_dags/example_latest_only.py took 0.095 seconds
[2025-06-12T14:17:52.982+0000] {processor.py:161} INFO - Started process (PID=363) to work on /home/airflow/.local/lib/python3.12/site-packages/airflow/example_dags/example_latest_only.py
[2025-06-12T14:17:52.986+0000] {processor.py:830} INFO - Processing file /home/airflow/.local/lib/python3.12/site-packages/airflow/example_dags/example_latest_only.py for tasks to queue
[2025-06-12T14:17:52.987+0000] {logging_mixin.py:188} INFO - [2025-06-12T14:17:52.987+0000] {dagbag.py:540} INFO - Filling up the DagBag from /home/airflow/.local/lib/python3.12/site-packages/airflow/example_dags/example_latest_only.py
[2025-06-12T14:17:52.990+0000] {processor.py:840} INFO - DAG(s) 'latest_only' retrieved from /home/airflow/.local/lib/python3.12/site-packages/airflow/example_dags/example_latest_only.py
[2025-06-12T14:17:53.001+0000] {logging_mixin.py:188} INFO - [2025-06-12T14:17:53.001+0000] {dag.py:3096} INFO - Sync 1 DAGs
[2025-06-12T14:17:53.010+0000] {logging_mixin.py:188} INFO - [2025-06-12T14:17:53.010+0000] {dag.py:3954} INFO - Setting next_dagrun for latest_only to 2025-06-12 08:00:00+00:00, run_after=2025-06-12 12:00:00+00:00
[2025-06-12T14:17:53.017+0000] {processor.py:183} INFO - Processing /home/airflow/.local/lib/python3.12/site-packages/airflow/example_dags/example_latest_only.py took 0.038 seconds
[2025-06-12T14:18:38.629+0000] {processor.py:161} INFO - Started process (PID=81) to work on /home/airflow/.local/lib/python3.12/site-packages/airflow/example_dags/example_latest_only.py
[2025-06-12T14:18:38.629+0000] {processor.py:830} INFO - Processing file /home/airflow/.local/lib/python3.12/site-packages/airflow/example_dags/example_latest_only.py for tasks to queue
[2025-06-12T14:18:38.631+0000] {logging_mixin.py:188} INFO - [2025-06-12T14:18:38.631+0000] {dagbag.py:540} INFO - Filling up the DagBag from /home/airflow/.local/lib/python3.12/site-packages/airflow/example_dags/example_latest_only.py
[2025-06-12T14:18:38.638+0000] {processor.py:840} INFO - DAG(s) 'latest_only' retrieved from /home/airflow/.local/lib/python3.12/site-packages/airflow/example_dags/example_latest_only.py
[2025-06-12T14:18:38.655+0000] {logging_mixin.py:188} INFO - [2025-06-12T14:18:38.655+0000] {dag.py:3096} INFO - Sync 1 DAGs
[2025-06-12T14:18:38.670+0000] {logging_mixin.py:188} INFO - [2025-06-12T14:18:38.670+0000] {dag.py:3954} INFO - Setting next_dagrun for latest_only to 2025-06-12 08:00:00+00:00, run_after=2025-06-12 12:00:00+00:00
[2025-06-12T14:18:38.681+0000] {processor.py:183} INFO - Processing /home/airflow/.local/lib/python3.12/site-packages/airflow/example_dags/example_latest_only.py took 0.057 seconds
[2025-06-12T14:19:09.633+0000] {processor.py:161} INFO - Started process (PID=154) to work on /home/airflow/.local/lib/python3.12/site-packages/airflow/example_dags/example_latest_only.py
[2025-06-12T14:19:09.634+0000] {processor.py:830} INFO - Processing file /home/airflow/.local/lib/python3.12/site-packages/airflow/example_dags/example_latest_only.py for tasks to queue
[2025-06-12T14:19:09.636+0000] {logging_mixin.py:188} INFO - [2025-06-12T14:19:09.636+0000] {dagbag.py:540} INFO - Filling up the DagBag from /home/airflow/.local/lib/python3.12/site-packages/airflow/example_dags/example_latest_only.py
[2025-06-12T14:19:09.642+0000] {processor.py:840} INFO - DAG(s) 'latest_only' retrieved from /home/airflow/.local/lib/python3.12/site-packages/airflow/example_dags/example_latest_only.py
[2025-06-12T14:19:09.658+0000] {logging_mixin.py:188} INFO - [2025-06-12T14:19:09.658+0000] {dag.py:3096} INFO - Sync 1 DAGs
[2025-06-12T14:19:09.677+0000] {logging_mixin.py:188} INFO - [2025-06-12T14:19:09.677+0000] {dag.py:3954} INFO - Setting next_dagrun for latest_only to 2025-06-12 08:00:00+00:00, run_after=2025-06-12 12:00:00+00:00
[2025-06-12T14:19:09.697+0000] {processor.py:183} INFO - Processing /home/airflow/.local/lib/python3.12/site-packages/airflow/example_dags/example_latest_only.py took 0.067 seconds
[2025-06-12T14:19:40.093+0000] {processor.py:161} INFO - Started process (PID=221) to work on /home/airflow/.local/lib/python3.12/site-packages/airflow/example_dags/example_latest_only.py
[2025-06-12T14:19:40.095+0000] {processor.py:830} INFO - Processing file /home/airflow/.local/lib/python3.12/site-packages/airflow/example_dags/example_latest_only.py for tasks to queue
[2025-06-12T14:19:40.096+0000] {logging_mixin.py:188} INFO - [2025-06-12T14:19:40.096+0000] {dagbag.py:540} INFO - Filling up the DagBag from /home/airflow/.local/lib/python3.12/site-packages/airflow/example_dags/example_latest_only.py
[2025-06-12T14:19:40.098+0000] {processor.py:840} INFO - DAG(s) 'latest_only' retrieved from /home/airflow/.local/lib/python3.12/site-packages/airflow/example_dags/example_latest_only.py
[2025-06-12T14:19:40.155+0000] {logging_mixin.py:188} INFO - [2025-06-12T14:19:40.155+0000] {dag.py:3096} INFO - Sync 1 DAGs
[2025-06-12T14:19:40.164+0000] {logging_mixin.py:188} INFO - [2025-06-12T14:19:40.164+0000] {dag.py:3954} INFO - Setting next_dagrun for latest_only to 2025-06-12 08:00:00+00:00, run_after=2025-06-12 12:00:00+00:00
[2025-06-12T14:19:40.176+0000] {processor.py:183} INFO - Processing /home/airflow/.local/lib/python3.12/site-packages/airflow/example_dags/example_latest_only.py took 0.085 seconds
[2025-06-12T14:20:10.286+0000] {processor.py:161} INFO - Started process (PID=297) to work on /home/airflow/.local/lib/python3.12/site-packages/airflow/example_dags/example_latest_only.py
[2025-06-12T14:20:10.287+0000] {processor.py:830} INFO - Processing file /home/airflow/.local/lib/python3.12/site-packages/airflow/example_dags/example_latest_only.py for tasks to queue
[2025-06-12T14:20:10.289+0000] {logging_mixin.py:188} INFO - [2025-06-12T14:20:10.288+0000] {dagbag.py:540} INFO - Filling up the DagBag from /home/airflow/.local/lib/python3.12/site-packages/airflow/example_dags/example_latest_only.py
[2025-06-12T14:20:10.291+0000] {processor.py:840} INFO - DAG(s) 'latest_only' retrieved from /home/airflow/.local/lib/python3.12/site-packages/airflow/example_dags/example_latest_only.py
[2025-06-12T14:20:10.303+0000] {logging_mixin.py:188} INFO - [2025-06-12T14:20:10.303+0000] {dag.py:3096} INFO - Sync 1 DAGs
[2025-06-12T14:20:10.313+0000] {logging_mixin.py:188} INFO - [2025-06-12T14:20:10.313+0000] {dag.py:3954} INFO - Setting next_dagrun for latest_only to 2025-06-12 08:00:00+00:00, run_after=2025-06-12 12:00:00+00:00
[2025-06-12T14:20:10.324+0000] {processor.py:183} INFO - Processing /home/airflow/.local/lib/python3.12/site-packages/airflow/example_dags/example_latest_only.py took 0.040 seconds
[2025-06-12T14:20:40.563+0000] {processor.py:161} INFO - Started process (PID=362) to work on /home/airflow/.local/lib/python3.12/site-packages/airflow/example_dags/example_latest_only.py
[2025-06-12T14:20:40.564+0000] {processor.py:830} INFO - Processing file /home/airflow/.local/lib/python3.12/site-packages/airflow/example_dags/example_latest_only.py for tasks to queue
[2025-06-12T14:20:40.565+0000] {logging_mixin.py:188} INFO - [2025-06-12T14:20:40.565+0000] {dagbag.py:540} INFO - Filling up the DagBag from /home/airflow/.local/lib/python3.12/site-packages/airflow/example_dags/example_latest_only.py
[2025-06-12T14:20:40.567+0000] {processor.py:840} INFO - DAG(s) 'latest_only' retrieved from /home/airflow/.local/lib/python3.12/site-packages/airflow/example_dags/example_latest_only.py
[2025-06-12T14:20:40.580+0000] {logging_mixin.py:188} INFO - [2025-06-12T14:20:40.579+0000] {dag.py:3096} INFO - Sync 1 DAGs
[2025-06-12T14:20:40.591+0000] {logging_mixin.py:188} INFO - [2025-06-12T14:20:40.590+0000] {dag.py:3954} INFO - Setting next_dagrun for latest_only to 2025-06-12 08:00:00+00:00, run_after=2025-06-12 12:00:00+00:00
[2025-06-12T14:20:40.602+0000] {processor.py:183} INFO - Processing /home/airflow/.local/lib/python3.12/site-packages/airflow/example_dags/example_latest_only.py took 0.041 seconds
[2025-06-12T14:21:11.278+0000] {processor.py:161} INFO - Started process (PID=436) to work on /home/airflow/.local/lib/python3.12/site-packages/airflow/example_dags/example_latest_only.py
[2025-06-12T14:21:11.279+0000] {processor.py:830} INFO - Processing file /home/airflow/.local/lib/python3.12/site-packages/airflow/example_dags/example_latest_only.py for tasks to queue
[2025-06-12T14:21:11.279+0000] {logging_mixin.py:188} INFO - [2025-06-12T14:21:11.279+0000] {dagbag.py:540} INFO - Filling up the DagBag from /home/airflow/.local/lib/python3.12/site-packages/airflow/example_dags/example_latest_only.py
[2025-06-12T14:21:11.282+0000] {processor.py:840} INFO - DAG(s) 'latest_only' retrieved from /home/airflow/.local/lib/python3.12/site-packages/airflow/example_dags/example_latest_only.py
[2025-06-12T14:21:11.295+0000] {logging_mixin.py:188} INFO - [2025-06-12T14:21:11.295+0000] {dag.py:3096} INFO - Sync 1 DAGs
[2025-06-12T14:21:11.305+0000] {logging_mixin.py:188} INFO - [2025-06-12T14:21:11.305+0000] {dag.py:3954} INFO - Setting next_dagrun for latest_only to 2025-06-12 08:00:00+00:00, run_after=2025-06-12 12:00:00+00:00
[2025-06-12T14:21:11.312+0000] {processor.py:183} INFO - Processing /home/airflow/.local/lib/python3.12/site-packages/airflow/example_dags/example_latest_only.py took 0.037 seconds
[2025-06-12T14:21:41.864+0000] {processor.py:161} INFO - Started process (PID=509) to work on /home/airflow/.local/lib/python3.12/site-packages/airflow/example_dags/example_latest_only.py
[2025-06-12T14:21:41.866+0000] {processor.py:830} INFO - Processing file /home/airflow/.local/lib/python3.12/site-packages/airflow/example_dags/example_latest_only.py for tasks to queue
[2025-06-12T14:21:41.867+0000] {logging_mixin.py:188} INFO - [2025-06-12T14:21:41.867+0000] {dagbag.py:540} INFO - Filling up the DagBag from /home/airflow/.local/lib/python3.12/site-packages/airflow/example_dags/example_latest_only.py
[2025-06-12T14:21:41.870+0000] {processor.py:840} INFO - DAG(s) 'latest_only' retrieved from /home/airflow/.local/lib/python3.12/site-packages/airflow/example_dags/example_latest_only.py
[2025-06-12T14:21:41.883+0000] {logging_mixin.py:188} INFO - [2025-06-12T14:21:41.883+0000] {dag.py:3096} INFO - Sync 1 DAGs
[2025-06-12T14:21:41.893+0000] {logging_mixin.py:188} INFO - [2025-06-12T14:21:41.893+0000] {dag.py:3954} INFO - Setting next_dagrun for latest_only to 2025-06-12 08:00:00+00:00, run_after=2025-06-12 12:00:00+00:00
[2025-06-12T14:21:41.902+0000] {processor.py:183} INFO - Processing /home/airflow/.local/lib/python3.12/site-packages/airflow/example_dags/example_latest_only.py took 0.041 seconds
[2025-06-12T14:22:12.789+0000] {processor.py:161} INFO - Started process (PID=576) to work on /home/airflow/.local/lib/python3.12/site-packages/airflow/example_dags/example_latest_only.py
[2025-06-12T14:22:12.790+0000] {processor.py:830} INFO - Processing file /home/airflow/.local/lib/python3.12/site-packages/airflow/example_dags/example_latest_only.py for tasks to queue
[2025-06-12T14:22:12.790+0000] {logging_mixin.py:188} INFO - [2025-06-12T14:22:12.790+0000] {dagbag.py:540} INFO - Filling up the DagBag from /home/airflow/.local/lib/python3.12/site-packages/airflow/example_dags/example_latest_only.py
[2025-06-12T14:22:12.792+0000] {processor.py:840} INFO - DAG(s) 'latest_only' retrieved from /home/airflow/.local/lib/python3.12/site-packages/airflow/example_dags/example_latest_only.py
[2025-06-12T14:22:12.804+0000] {logging_mixin.py:188} INFO - [2025-06-12T14:22:12.804+0000] {dag.py:3096} INFO - Sync 1 DAGs
[2025-06-12T14:22:12.817+0000] {logging_mixin.py:188} INFO - [2025-06-12T14:22:12.817+0000] {dag.py:3954} INFO - Setting next_dagrun for latest_only to 2025-06-12 08:00:00+00:00, run_after=2025-06-12 12:00:00+00:00
[2025-06-12T14:22:12.825+0000] {processor.py:183} INFO - Processing /home/airflow/.local/lib/python3.12/site-packages/airflow/example_dags/example_latest_only.py took 0.038 seconds
[2025-06-12T14:22:42.967+0000] {processor.py:161} INFO - Started process (PID=650) to work on /home/airflow/.local/lib/python3.12/site-packages/airflow/example_dags/example_latest_only.py
[2025-06-12T14:22:42.967+0000] {processor.py:830} INFO - Processing file /home/airflow/.local/lib/python3.12/site-packages/airflow/example_dags/example_latest_only.py for tasks to queue
[2025-06-12T14:22:42.968+0000] {logging_mixin.py:188} INFO - [2025-06-12T14:22:42.968+0000] {dagbag.py:540} INFO - Filling up the DagBag from /home/airflow/.local/lib/python3.12/site-packages/airflow/example_dags/example_latest_only.py
[2025-06-12T14:22:42.970+0000] {processor.py:840} INFO - DAG(s) 'latest_only' retrieved from /home/airflow/.local/lib/python3.12/site-packages/airflow/example_dags/example_latest_only.py
[2025-06-12T14:22:42.980+0000] {logging_mixin.py:188} INFO - [2025-06-12T14:22:42.979+0000] {dag.py:3096} INFO - Sync 1 DAGs
[2025-06-12T14:22:42.987+0000] {logging_mixin.py:188} INFO - [2025-06-12T14:22:42.987+0000] {dag.py:3954} INFO - Setting next_dagrun for latest_only to 2025-06-12 08:00:00+00:00, run_after=2025-06-12 12:00:00+00:00
[2025-06-12T14:22:42.994+0000] {processor.py:183} INFO - Processing /home/airflow/.local/lib/python3.12/site-packages/airflow/example_dags/example_latest_only.py took 0.030 seconds
[2025-06-12T14:23:13.282+0000] {processor.py:161} INFO - Started process (PID=724) to work on /home/airflow/.local/lib/python3.12/site-packages/airflow/example_dags/example_latest_only.py
[2025-06-12T14:23:13.283+0000] {processor.py:830} INFO - Processing file /home/airflow/.local/lib/python3.12/site-packages/airflow/example_dags/example_latest_only.py for tasks to queue
[2025-06-12T14:23:13.284+0000] {logging_mixin.py:188} INFO - [2025-06-12T14:23:13.284+0000] {dagbag.py:540} INFO - Filling up the DagBag from /home/airflow/.local/lib/python3.12/site-packages/airflow/example_dags/example_latest_only.py
[2025-06-12T14:23:13.286+0000] {processor.py:840} INFO - DAG(s) 'latest_only' retrieved from /home/airflow/.local/lib/python3.12/site-packages/airflow/example_dags/example_latest_only.py
[2025-06-12T14:23:13.297+0000] {logging_mixin.py:188} INFO - [2025-06-12T14:23:13.296+0000] {dag.py:3096} INFO - Sync 1 DAGs
[2025-06-12T14:23:13.306+0000] {logging_mixin.py:188} INFO - [2025-06-12T14:23:13.305+0000] {dag.py:3954} INFO - Setting next_dagrun for latest_only to 2025-06-12 08:00:00+00:00, run_after=2025-06-12 12:00:00+00:00
[2025-06-12T14:23:13.314+0000] {processor.py:183} INFO - Processing /home/airflow/.local/lib/python3.12/site-packages/airflow/example_dags/example_latest_only.py took 0.035 seconds
[2025-06-12T14:23:43.417+0000] {processor.py:161} INFO - Started process (PID=791) to work on /home/airflow/.local/lib/python3.12/site-packages/airflow/example_dags/example_latest_only.py
[2025-06-12T14:23:43.418+0000] {processor.py:830} INFO - Processing file /home/airflow/.local/lib/python3.12/site-packages/airflow/example_dags/example_latest_only.py for tasks to queue
[2025-06-12T14:23:43.418+0000] {logging_mixin.py:188} INFO - [2025-06-12T14:23:43.418+0000] {dagbag.py:540} INFO - Filling up the DagBag from /home/airflow/.local/lib/python3.12/site-packages/airflow/example_dags/example_latest_only.py
[2025-06-12T14:23:43.421+0000] {processor.py:840} INFO - DAG(s) 'latest_only' retrieved from /home/airflow/.local/lib/python3.12/site-packages/airflow/example_dags/example_latest_only.py
[2025-06-12T14:23:43.433+0000] {logging_mixin.py:188} INFO - [2025-06-12T14:23:43.433+0000] {dag.py:3096} INFO - Sync 1 DAGs
[2025-06-12T14:23:43.442+0000] {logging_mixin.py:188} INFO - [2025-06-12T14:23:43.442+0000] {dag.py:3954} INFO - Setting next_dagrun for latest_only to 2025-06-12 08:00:00+00:00, run_after=2025-06-12 12:00:00+00:00
[2025-06-12T14:23:43.454+0000] {processor.py:183} INFO - Processing /home/airflow/.local/lib/python3.12/site-packages/airflow/example_dags/example_latest_only.py took 0.040 seconds
[2025-06-12T14:24:13.912+0000] {processor.py:161} INFO - Started process (PID=865) to work on /home/airflow/.local/lib/python3.12/site-packages/airflow/example_dags/example_latest_only.py
[2025-06-12T14:24:13.913+0000] {processor.py:830} INFO - Processing file /home/airflow/.local/lib/python3.12/site-packages/airflow/example_dags/example_latest_only.py for tasks to queue
[2025-06-12T14:24:13.914+0000] {logging_mixin.py:188} INFO - [2025-06-12T14:24:13.913+0000] {dagbag.py:540} INFO - Filling up the DagBag from /home/airflow/.local/lib/python3.12/site-packages/airflow/example_dags/example_latest_only.py
[2025-06-12T14:24:13.916+0000] {processor.py:840} INFO - DAG(s) 'latest_only' retrieved from /home/airflow/.local/lib/python3.12/site-packages/airflow/example_dags/example_latest_only.py
[2025-06-12T14:24:13.925+0000] {logging_mixin.py:188} INFO - [2025-06-12T14:24:13.925+0000] {dag.py:3096} INFO - Sync 1 DAGs
[2025-06-12T14:24:13.932+0000] {logging_mixin.py:188} INFO - [2025-06-12T14:24:13.932+0000] {dag.py:3954} INFO - Setting next_dagrun for latest_only to 2025-06-12 08:00:00+00:00, run_after=2025-06-12 12:00:00+00:00
[2025-06-12T14:24:13.939+0000] {processor.py:183} INFO - Processing /home/airflow/.local/lib/python3.12/site-packages/airflow/example_dags/example_latest_only.py took 0.029 seconds
[2025-06-12T14:24:44.899+0000] {processor.py:161} INFO - Started process (PID=932) to work on /home/airflow/.local/lib/python3.12/site-packages/airflow/example_dags/example_latest_only.py
[2025-06-12T14:24:44.900+0000] {processor.py:830} INFO - Processing file /home/airflow/.local/lib/python3.12/site-packages/airflow/example_dags/example_latest_only.py for tasks to queue
[2025-06-12T14:24:44.901+0000] {logging_mixin.py:188} INFO - [2025-06-12T14:24:44.901+0000] {dagbag.py:540} INFO - Filling up the DagBag from /home/airflow/.local/lib/python3.12/site-packages/airflow/example_dags/example_latest_only.py
[2025-06-12T14:24:44.904+0000] {processor.py:840} INFO - DAG(s) 'latest_only' retrieved from /home/airflow/.local/lib/python3.12/site-packages/airflow/example_dags/example_latest_only.py
[2025-06-12T14:24:44.916+0000] {logging_mixin.py:188} INFO - [2025-06-12T14:24:44.916+0000] {dag.py:3096} INFO - Sync 1 DAGs
[2025-06-12T14:24:44.925+0000] {logging_mixin.py:188} INFO - [2025-06-12T14:24:44.925+0000] {dag.py:3954} INFO - Setting next_dagrun for latest_only to 2025-06-12 08:00:00+00:00, run_after=2025-06-12 12:00:00+00:00
[2025-06-12T14:24:44.933+0000] {processor.py:183} INFO - Processing /home/airflow/.local/lib/python3.12/site-packages/airflow/example_dags/example_latest_only.py took 0.037 seconds
[2025-06-12T14:25:15.961+0000] {processor.py:161} INFO - Started process (PID=1006) to work on /home/airflow/.local/lib/python3.12/site-packages/airflow/example_dags/example_latest_only.py
[2025-06-12T14:25:15.962+0000] {processor.py:830} INFO - Processing file /home/airflow/.local/lib/python3.12/site-packages/airflow/example_dags/example_latest_only.py for tasks to queue
[2025-06-12T14:25:15.963+0000] {logging_mixin.py:188} INFO - [2025-06-12T14:25:15.963+0000] {dagbag.py:540} INFO - Filling up the DagBag from /home/airflow/.local/lib/python3.12/site-packages/airflow/example_dags/example_latest_only.py
[2025-06-12T14:25:15.966+0000] {processor.py:840} INFO - DAG(s) 'latest_only' retrieved from /home/airflow/.local/lib/python3.12/site-packages/airflow/example_dags/example_latest_only.py
[2025-06-12T14:25:15.980+0000] {logging_mixin.py:188} INFO - [2025-06-12T14:25:15.979+0000] {dag.py:3096} INFO - Sync 1 DAGs
[2025-06-12T14:25:15.990+0000] {logging_mixin.py:188} INFO - [2025-06-12T14:25:15.990+0000] {dag.py:3954} INFO - Setting next_dagrun for latest_only to 2025-06-12 08:00:00+00:00, run_after=2025-06-12 12:00:00+00:00
[2025-06-12T14:25:16.000+0000] {processor.py:183} INFO - Processing /home/airflow/.local/lib/python3.12/site-packages/airflow/example_dags/example_latest_only.py took 0.043 seconds
[2025-06-12T14:25:46.506+0000] {processor.py:161} INFO - Started process (PID=1080) to work on /home/airflow/.local/lib/python3.12/site-packages/airflow/example_dags/example_latest_only.py
[2025-06-12T14:25:46.507+0000] {processor.py:830} INFO - Processing file /home/airflow/.local/lib/python3.12/site-packages/airflow/example_dags/example_latest_only.py for tasks to queue
[2025-06-12T14:25:46.508+0000] {logging_mixin.py:188} INFO - [2025-06-12T14:25:46.508+0000] {dagbag.py:540} INFO - Filling up the DagBag from /home/airflow/.local/lib/python3.12/site-packages/airflow/example_dags/example_latest_only.py
[2025-06-12T14:25:46.511+0000] {processor.py:840} INFO - DAG(s) 'latest_only' retrieved from /home/airflow/.local/lib/python3.12/site-packages/airflow/example_dags/example_latest_only.py
[2025-06-12T14:25:46.523+0000] {logging_mixin.py:188} INFO - [2025-06-12T14:25:46.523+0000] {dag.py:3096} INFO - Sync 1 DAGs
[2025-06-12T14:25:46.532+0000] {logging_mixin.py:188} INFO - [2025-06-12T14:25:46.532+0000] {dag.py:3954} INFO - Setting next_dagrun for latest_only to 2025-06-12 08:00:00+00:00, run_after=2025-06-12 12:00:00+00:00
[2025-06-12T14:25:46.625+0000] {processor.py:183} INFO - Processing /home/airflow/.local/lib/python3.12/site-packages/airflow/example_dags/example_latest_only.py took 0.123 seconds
[2025-06-12T14:26:16.916+0000] {processor.py:161} INFO - Started process (PID=1147) to work on /home/airflow/.local/lib/python3.12/site-packages/airflow/example_dags/example_latest_only.py
[2025-06-12T14:26:16.916+0000] {processor.py:830} INFO - Processing file /home/airflow/.local/lib/python3.12/site-packages/airflow/example_dags/example_latest_only.py for tasks to queue
[2025-06-12T14:26:16.917+0000] {logging_mixin.py:188} INFO - [2025-06-12T14:26:16.917+0000] {dagbag.py:540} INFO - Filling up the DagBag from /home/airflow/.local/lib/python3.12/site-packages/airflow/example_dags/example_latest_only.py
[2025-06-12T14:26:16.919+0000] {processor.py:840} INFO - DAG(s) 'latest_only' retrieved from /home/airflow/.local/lib/python3.12/site-packages/airflow/example_dags/example_latest_only.py
[2025-06-12T14:26:16.931+0000] {logging_mixin.py:188} INFO - [2025-06-12T14:26:16.931+0000] {dag.py:3096} INFO - Sync 1 DAGs
[2025-06-12T14:26:16.944+0000] {logging_mixin.py:188} INFO - [2025-06-12T14:26:16.944+0000] {dag.py:3954} INFO - Setting next_dagrun for latest_only to 2025-06-12 08:00:00+00:00, run_after=2025-06-12 12:00:00+00:00
[2025-06-12T14:26:16.951+0000] {processor.py:183} INFO - Processing /home/airflow/.local/lib/python3.12/site-packages/airflow/example_dags/example_latest_only.py took 0.039 seconds
[2025-06-12T14:26:47.876+0000] {processor.py:161} INFO - Started process (PID=1221) to work on /home/airflow/.local/lib/python3.12/site-packages/airflow/example_dags/example_latest_only.py
[2025-06-12T14:26:47.877+0000] {processor.py:830} INFO - Processing file /home/airflow/.local/lib/python3.12/site-packages/airflow/example_dags/example_latest_only.py for tasks to queue
[2025-06-12T14:26:47.878+0000] {logging_mixin.py:188} INFO - [2025-06-12T14:26:47.878+0000] {dagbag.py:540} INFO - Filling up the DagBag from /home/airflow/.local/lib/python3.12/site-packages/airflow/example_dags/example_latest_only.py
[2025-06-12T14:26:47.880+0000] {processor.py:840} INFO - DAG(s) 'latest_only' retrieved from /home/airflow/.local/lib/python3.12/site-packages/airflow/example_dags/example_latest_only.py
[2025-06-12T14:26:47.892+0000] {logging_mixin.py:188} INFO - [2025-06-12T14:26:47.892+0000] {dag.py:3096} INFO - Sync 1 DAGs
[2025-06-12T14:26:47.901+0000] {logging_mixin.py:188} INFO - [2025-06-12T14:26:47.901+0000] {dag.py:3954} INFO - Setting next_dagrun for latest_only to 2025-06-12 08:00:00+00:00, run_after=2025-06-12 12:00:00+00:00
[2025-06-12T14:26:47.908+0000] {processor.py:183} INFO - Processing /home/airflow/.local/lib/python3.12/site-packages/airflow/example_dags/example_latest_only.py took 0.035 seconds
[2025-06-12T14:27:18.112+0000] {processor.py:161} INFO - Started process (PID=1295) to work on /home/airflow/.local/lib/python3.12/site-packages/airflow/example_dags/example_latest_only.py
[2025-06-12T14:27:18.113+0000] {processor.py:830} INFO - Processing file /home/airflow/.local/lib/python3.12/site-packages/airflow/example_dags/example_latest_only.py for tasks to queue
[2025-06-12T14:27:18.114+0000] {logging_mixin.py:188} INFO - [2025-06-12T14:27:18.113+0000] {dagbag.py:540} INFO - Filling up the DagBag from /home/airflow/.local/lib/python3.12/site-packages/airflow/example_dags/example_latest_only.py
[2025-06-12T14:27:18.116+0000] {processor.py:840} INFO - DAG(s) 'latest_only' retrieved from /home/airflow/.local/lib/python3.12/site-packages/airflow/example_dags/example_latest_only.py
[2025-06-12T14:27:18.131+0000] {logging_mixin.py:188} INFO - [2025-06-12T14:27:18.131+0000] {dag.py:3096} INFO - Sync 1 DAGs
[2025-06-12T14:27:18.143+0000] {logging_mixin.py:188} INFO - [2025-06-12T14:27:18.142+0000] {dag.py:3954} INFO - Setting next_dagrun for latest_only to 2025-06-12 08:00:00+00:00, run_after=2025-06-12 12:00:00+00:00
[2025-06-12T14:27:18.151+0000] {processor.py:183} INFO - Processing /home/airflow/.local/lib/python3.12/site-packages/airflow/example_dags/example_latest_only.py took 0.043 seconds
[2025-06-12T14:27:49.042+0000] {processor.py:161} INFO - Started process (PID=1362) to work on /home/airflow/.local/lib/python3.12/site-packages/airflow/example_dags/example_latest_only.py
[2025-06-12T14:27:49.043+0000] {processor.py:830} INFO - Processing file /home/airflow/.local/lib/python3.12/site-packages/airflow/example_dags/example_latest_only.py for tasks to queue
[2025-06-12T14:27:49.044+0000] {logging_mixin.py:188} INFO - [2025-06-12T14:27:49.044+0000] {dagbag.py:540} INFO - Filling up the DagBag from /home/airflow/.local/lib/python3.12/site-packages/airflow/example_dags/example_latest_only.py
[2025-06-12T14:27:49.046+0000] {processor.py:840} INFO - DAG(s) 'latest_only' retrieved from /home/airflow/.local/lib/python3.12/site-packages/airflow/example_dags/example_latest_only.py
[2025-06-12T14:27:49.060+0000] {logging_mixin.py:188} INFO - [2025-06-12T14:27:49.059+0000] {dag.py:3096} INFO - Sync 1 DAGs
[2025-06-12T14:27:49.070+0000] {logging_mixin.py:188} INFO - [2025-06-12T14:27:49.070+0000] {dag.py:3954} INFO - Setting next_dagrun for latest_only to 2025-06-12 08:00:00+00:00, run_after=2025-06-12 12:00:00+00:00
[2025-06-12T14:27:49.077+0000] {processor.py:183} INFO - Processing /home/airflow/.local/lib/python3.12/site-packages/airflow/example_dags/example_latest_only.py took 0.038 seconds
[2025-06-12T14:35:53.780+0000] {processor.py:161} INFO - Started process (PID=80) to work on /home/airflow/.local/lib/python3.12/site-packages/airflow/example_dags/example_latest_only.py
[2025-06-12T14:35:53.781+0000] {processor.py:830} INFO - Processing file /home/airflow/.local/lib/python3.12/site-packages/airflow/example_dags/example_latest_only.py for tasks to queue
[2025-06-12T14:35:53.783+0000] {logging_mixin.py:188} INFO - [2025-06-12T14:35:53.783+0000] {dagbag.py:540} INFO - Filling up the DagBag from /home/airflow/.local/lib/python3.12/site-packages/airflow/example_dags/example_latest_only.py
[2025-06-12T14:35:53.787+0000] {processor.py:840} INFO - DAG(s) 'latest_only' retrieved from /home/airflow/.local/lib/python3.12/site-packages/airflow/example_dags/example_latest_only.py
[2025-06-12T14:35:53.799+0000] {logging_mixin.py:188} INFO - [2025-06-12T14:35:53.799+0000] {dag.py:3096} INFO - Sync 1 DAGs
[2025-06-12T14:35:53.820+0000] {logging_mixin.py:188} INFO - [2025-06-12T14:35:53.820+0000] {dag.py:3954} INFO - Setting next_dagrun for latest_only to 2025-06-12 08:00:00+00:00, run_after=2025-06-12 12:00:00+00:00
[2025-06-12T14:35:53.840+0000] {processor.py:183} INFO - Processing /home/airflow/.local/lib/python3.12/site-packages/airflow/example_dags/example_latest_only.py took 0.079 seconds
[2025-06-12T14:36:24.925+0000] {processor.py:161} INFO - Started process (PID=153) to work on /home/airflow/.local/lib/python3.12/site-packages/airflow/example_dags/example_latest_only.py
[2025-06-12T14:36:24.927+0000] {processor.py:830} INFO - Processing file /home/airflow/.local/lib/python3.12/site-packages/airflow/example_dags/example_latest_only.py for tasks to queue
[2025-06-12T14:36:24.929+0000] {logging_mixin.py:188} INFO - [2025-06-12T14:36:24.929+0000] {dagbag.py:540} INFO - Filling up the DagBag from /home/airflow/.local/lib/python3.12/site-packages/airflow/example_dags/example_latest_only.py
[2025-06-12T14:36:24.934+0000] {processor.py:840} INFO - DAG(s) 'latest_only' retrieved from /home/airflow/.local/lib/python3.12/site-packages/airflow/example_dags/example_latest_only.py
[2025-06-12T14:36:25.024+0000] {logging_mixin.py:188} INFO - [2025-06-12T14:36:25.024+0000] {dag.py:3096} INFO - Sync 1 DAGs
[2025-06-12T14:36:25.044+0000] {logging_mixin.py:188} INFO - [2025-06-12T14:36:25.044+0000] {dag.py:3954} INFO - Setting next_dagrun for latest_only to 2025-06-12 08:00:00+00:00, run_after=2025-06-12 12:00:00+00:00
[2025-06-12T14:36:25.056+0000] {processor.py:183} INFO - Processing /home/airflow/.local/lib/python3.12/site-packages/airflow/example_dags/example_latest_only.py took 0.135 seconds
[2025-06-12T14:36:55.685+0000] {processor.py:161} INFO - Started process (PID=220) to work on /home/airflow/.local/lib/python3.12/site-packages/airflow/example_dags/example_latest_only.py
[2025-06-12T14:36:55.686+0000] {processor.py:830} INFO - Processing file /home/airflow/.local/lib/python3.12/site-packages/airflow/example_dags/example_latest_only.py for tasks to queue
[2025-06-12T14:36:55.687+0000] {logging_mixin.py:188} INFO - [2025-06-12T14:36:55.687+0000] {dagbag.py:540} INFO - Filling up the DagBag from /home/airflow/.local/lib/python3.12/site-packages/airflow/example_dags/example_latest_only.py
[2025-06-12T14:36:55.689+0000] {processor.py:840} INFO - DAG(s) 'latest_only' retrieved from /home/airflow/.local/lib/python3.12/site-packages/airflow/example_dags/example_latest_only.py
[2025-06-12T14:36:55.704+0000] {logging_mixin.py:188} INFO - [2025-06-12T14:36:55.704+0000] {dag.py:3096} INFO - Sync 1 DAGs
[2025-06-12T14:36:55.715+0000] {logging_mixin.py:188} INFO - [2025-06-12T14:36:55.715+0000] {dag.py:3954} INFO - Setting next_dagrun for latest_only to 2025-06-12 08:00:00+00:00, run_after=2025-06-12 12:00:00+00:00
[2025-06-12T14:36:55.722+0000] {processor.py:183} INFO - Processing /home/airflow/.local/lib/python3.12/site-packages/airflow/example_dags/example_latest_only.py took 0.040 seconds
[2025-06-12T14:37:26.153+0000] {processor.py:161} INFO - Started process (PID=294) to work on /home/airflow/.local/lib/python3.12/site-packages/airflow/example_dags/example_latest_only.py
[2025-06-12T14:37:26.156+0000] {processor.py:830} INFO - Processing file /home/airflow/.local/lib/python3.12/site-packages/airflow/example_dags/example_latest_only.py for tasks to queue
[2025-06-12T14:37:26.159+0000] {logging_mixin.py:188} INFO - [2025-06-12T14:37:26.158+0000] {dagbag.py:540} INFO - Filling up the DagBag from /home/airflow/.local/lib/python3.12/site-packages/airflow/example_dags/example_latest_only.py
[2025-06-12T14:37:26.162+0000] {processor.py:840} INFO - DAG(s) 'latest_only' retrieved from /home/airflow/.local/lib/python3.12/site-packages/airflow/example_dags/example_latest_only.py
[2025-06-12T14:37:26.174+0000] {logging_mixin.py:188} INFO - [2025-06-12T14:37:26.174+0000] {dag.py:3096} INFO - Sync 1 DAGs
[2025-06-12T14:37:26.183+0000] {logging_mixin.py:188} INFO - [2025-06-12T14:37:26.183+0000] {dag.py:3954} INFO - Setting next_dagrun for latest_only to 2025-06-12 08:00:00+00:00, run_after=2025-06-12 12:00:00+00:00
[2025-06-12T14:37:26.191+0000] {processor.py:183} INFO - Processing /home/airflow/.local/lib/python3.12/site-packages/airflow/example_dags/example_latest_only.py took 0.040 seconds
[2025-06-12T14:37:56.485+0000] {processor.py:161} INFO - Started process (PID=361) to work on /home/airflow/.local/lib/python3.12/site-packages/airflow/example_dags/example_latest_only.py
[2025-06-12T14:37:56.485+0000] {processor.py:830} INFO - Processing file /home/airflow/.local/lib/python3.12/site-packages/airflow/example_dags/example_latest_only.py for tasks to queue
[2025-06-12T14:37:56.487+0000] {logging_mixin.py:188} INFO - [2025-06-12T14:37:56.487+0000] {dagbag.py:540} INFO - Filling up the DagBag from /home/airflow/.local/lib/python3.12/site-packages/airflow/example_dags/example_latest_only.py
[2025-06-12T14:37:56.489+0000] {processor.py:840} INFO - DAG(s) 'latest_only' retrieved from /home/airflow/.local/lib/python3.12/site-packages/airflow/example_dags/example_latest_only.py
[2025-06-12T14:37:56.503+0000] {logging_mixin.py:188} INFO - [2025-06-12T14:37:56.503+0000] {dag.py:3096} INFO - Sync 1 DAGs
[2025-06-12T14:37:56.513+0000] {logging_mixin.py:188} INFO - [2025-06-12T14:37:56.513+0000] {dag.py:3954} INFO - Setting next_dagrun for latest_only to 2025-06-12 08:00:00+00:00, run_after=2025-06-12 12:00:00+00:00
[2025-06-12T14:37:56.520+0000] {processor.py:183} INFO - Processing /home/airflow/.local/lib/python3.12/site-packages/airflow/example_dags/example_latest_only.py took 0.038 seconds
[2025-06-12T14:38:27.184+0000] {processor.py:161} INFO - Started process (PID=436) to work on /home/airflow/.local/lib/python3.12/site-packages/airflow/example_dags/example_latest_only.py
[2025-06-12T14:38:27.186+0000] {processor.py:830} INFO - Processing file /home/airflow/.local/lib/python3.12/site-packages/airflow/example_dags/example_latest_only.py for tasks to queue
[2025-06-12T14:38:27.188+0000] {logging_mixin.py:188} INFO - [2025-06-12T14:38:27.187+0000] {dagbag.py:540} INFO - Filling up the DagBag from /home/airflow/.local/lib/python3.12/site-packages/airflow/example_dags/example_latest_only.py
[2025-06-12T14:38:27.192+0000] {processor.py:840} INFO - DAG(s) 'latest_only' retrieved from /home/airflow/.local/lib/python3.12/site-packages/airflow/example_dags/example_latest_only.py
[2025-06-12T14:38:27.207+0000] {logging_mixin.py:188} INFO - [2025-06-12T14:38:27.207+0000] {dag.py:3096} INFO - Sync 1 DAGs
[2025-06-12T14:38:27.217+0000] {logging_mixin.py:188} INFO - [2025-06-12T14:38:27.217+0000] {dag.py:3954} INFO - Setting next_dagrun for latest_only to 2025-06-12 08:00:00+00:00, run_after=2025-06-12 12:00:00+00:00
[2025-06-12T14:38:27.226+0000] {processor.py:183} INFO - Processing /home/airflow/.local/lib/python3.12/site-packages/airflow/example_dags/example_latest_only.py took 0.045 seconds
[2025-06-12T14:38:58.244+0000] {processor.py:161} INFO - Started process (PID=510) to work on /home/airflow/.local/lib/python3.12/site-packages/airflow/example_dags/example_latest_only.py
[2025-06-12T14:38:58.248+0000] {processor.py:830} INFO - Processing file /home/airflow/.local/lib/python3.12/site-packages/airflow/example_dags/example_latest_only.py for tasks to queue
[2025-06-12T14:38:58.249+0000] {logging_mixin.py:188} INFO - [2025-06-12T14:38:58.249+0000] {dagbag.py:540} INFO - Filling up the DagBag from /home/airflow/.local/lib/python3.12/site-packages/airflow/example_dags/example_latest_only.py
[2025-06-12T14:38:58.253+0000] {processor.py:840} INFO - DAG(s) 'latest_only' retrieved from /home/airflow/.local/lib/python3.12/site-packages/airflow/example_dags/example_latest_only.py
[2025-06-12T14:38:58.276+0000] {logging_mixin.py:188} INFO - [2025-06-12T14:38:58.276+0000] {dag.py:3096} INFO - Sync 1 DAGs
[2025-06-12T14:38:58.290+0000] {logging_mixin.py:188} INFO - [2025-06-12T14:38:58.290+0000] {dag.py:3954} INFO - Setting next_dagrun for latest_only to 2025-06-12 08:00:00+00:00, run_after=2025-06-12 12:00:00+00:00
[2025-06-12T14:38:58.299+0000] {processor.py:183} INFO - Processing /home/airflow/.local/lib/python3.12/site-packages/airflow/example_dags/example_latest_only.py took 0.058 seconds
[2025-06-12T14:39:28.634+0000] {processor.py:161} INFO - Started process (PID=577) to work on /home/airflow/.local/lib/python3.12/site-packages/airflow/example_dags/example_latest_only.py
[2025-06-12T14:39:28.636+0000] {processor.py:830} INFO - Processing file /home/airflow/.local/lib/python3.12/site-packages/airflow/example_dags/example_latest_only.py for tasks to queue
[2025-06-12T14:39:28.636+0000] {logging_mixin.py:188} INFO - [2025-06-12T14:39:28.636+0000] {dagbag.py:540} INFO - Filling up the DagBag from /home/airflow/.local/lib/python3.12/site-packages/airflow/example_dags/example_latest_only.py
[2025-06-12T14:39:28.639+0000] {processor.py:840} INFO - DAG(s) 'latest_only' retrieved from /home/airflow/.local/lib/python3.12/site-packages/airflow/example_dags/example_latest_only.py
[2025-06-12T14:39:28.651+0000] {logging_mixin.py:188} INFO - [2025-06-12T14:39:28.650+0000] {dag.py:3096} INFO - Sync 1 DAGs
[2025-06-12T14:39:28.660+0000] {logging_mixin.py:188} INFO - [2025-06-12T14:39:28.660+0000] {dag.py:3954} INFO - Setting next_dagrun for latest_only to 2025-06-12 08:00:00+00:00, run_after=2025-06-12 12:00:00+00:00
[2025-06-12T14:39:28.667+0000] {processor.py:183} INFO - Processing /home/airflow/.local/lib/python3.12/site-packages/airflow/example_dags/example_latest_only.py took 0.035 seconds
[2025-06-12T14:46:33.535+0000] {processor.py:161} INFO - Started process (PID=82) to work on /home/airflow/.local/lib/python3.12/site-packages/airflow/example_dags/example_latest_only.py
[2025-06-12T14:46:33.536+0000] {processor.py:830} INFO - Processing file /home/airflow/.local/lib/python3.12/site-packages/airflow/example_dags/example_latest_only.py for tasks to queue
[2025-06-12T14:46:33.540+0000] {logging_mixin.py:188} INFO - [2025-06-12T14:46:33.539+0000] {dagbag.py:540} INFO - Filling up the DagBag from /home/airflow/.local/lib/python3.12/site-packages/airflow/example_dags/example_latest_only.py
[2025-06-12T14:46:33.553+0000] {processor.py:840} INFO - DAG(s) 'latest_only' retrieved from /home/airflow/.local/lib/python3.12/site-packages/airflow/example_dags/example_latest_only.py
[2025-06-12T14:46:33.573+0000] {logging_mixin.py:188} INFO - [2025-06-12T14:46:33.572+0000] {dag.py:3096} INFO - Sync 1 DAGs
[2025-06-12T14:46:33.592+0000] {logging_mixin.py:188} INFO - [2025-06-12T14:46:33.591+0000] {dag.py:3954} INFO - Setting next_dagrun for latest_only to 2025-06-12 08:00:00+00:00, run_after=2025-06-12 12:00:00+00:00
[2025-06-12T14:46:33.606+0000] {processor.py:183} INFO - Processing /home/airflow/.local/lib/python3.12/site-packages/airflow/example_dags/example_latest_only.py took 0.080 seconds
[2025-06-12T14:47:04.201+0000] {processor.py:161} INFO - Started process (PID=149) to work on /home/airflow/.local/lib/python3.12/site-packages/airflow/example_dags/example_latest_only.py
[2025-06-12T14:47:04.201+0000] {processor.py:830} INFO - Processing file /home/airflow/.local/lib/python3.12/site-packages/airflow/example_dags/example_latest_only.py for tasks to queue
[2025-06-12T14:47:04.202+0000] {logging_mixin.py:188} INFO - [2025-06-12T14:47:04.202+0000] {dagbag.py:540} INFO - Filling up the DagBag from /home/airflow/.local/lib/python3.12/site-packages/airflow/example_dags/example_latest_only.py
[2025-06-12T14:47:04.205+0000] {processor.py:840} INFO - DAG(s) 'latest_only' retrieved from /home/airflow/.local/lib/python3.12/site-packages/airflow/example_dags/example_latest_only.py
[2025-06-12T14:47:04.253+0000] {logging_mixin.py:188} INFO - [2025-06-12T14:47:04.253+0000] {dag.py:3096} INFO - Sync 1 DAGs
[2025-06-12T14:47:04.263+0000] {logging_mixin.py:188} INFO - [2025-06-12T14:47:04.262+0000] {dag.py:3954} INFO - Setting next_dagrun for latest_only to 2025-06-12 08:00:00+00:00, run_after=2025-06-12 12:00:00+00:00
[2025-06-12T14:47:04.271+0000] {processor.py:183} INFO - Processing /home/airflow/.local/lib/python3.12/site-packages/airflow/example_dags/example_latest_only.py took 0.074 seconds
[2025-06-12T14:47:34.791+0000] {processor.py:161} INFO - Started process (PID=222) to work on /home/airflow/.local/lib/python3.12/site-packages/airflow/example_dags/example_latest_only.py
[2025-06-12T14:47:34.792+0000] {processor.py:830} INFO - Processing file /home/airflow/.local/lib/python3.12/site-packages/airflow/example_dags/example_latest_only.py for tasks to queue
[2025-06-12T14:47:34.793+0000] {logging_mixin.py:188} INFO - [2025-06-12T14:47:34.793+0000] {dagbag.py:540} INFO - Filling up the DagBag from /home/airflow/.local/lib/python3.12/site-packages/airflow/example_dags/example_latest_only.py
[2025-06-12T14:47:34.796+0000] {processor.py:840} INFO - DAG(s) 'latest_only' retrieved from /home/airflow/.local/lib/python3.12/site-packages/airflow/example_dags/example_latest_only.py
[2025-06-12T14:47:34.818+0000] {logging_mixin.py:188} INFO - [2025-06-12T14:47:34.817+0000] {dag.py:3096} INFO - Sync 1 DAGs
[2025-06-12T14:47:34.830+0000] {logging_mixin.py:188} INFO - [2025-06-12T14:47:34.830+0000] {dag.py:3954} INFO - Setting next_dagrun for latest_only to 2025-06-12 08:00:00+00:00, run_after=2025-06-12 12:00:00+00:00
[2025-06-12T14:47:34.842+0000] {processor.py:183} INFO - Processing /home/airflow/.local/lib/python3.12/site-packages/airflow/example_dags/example_latest_only.py took 0.054 seconds
[2025-06-12T14:48:05.672+0000] {processor.py:161} INFO - Started process (PID=289) to work on /home/airflow/.local/lib/python3.12/site-packages/airflow/example_dags/example_latest_only.py
[2025-06-12T14:48:05.674+0000] {processor.py:830} INFO - Processing file /home/airflow/.local/lib/python3.12/site-packages/airflow/example_dags/example_latest_only.py for tasks to queue
[2025-06-12T14:48:05.675+0000] {logging_mixin.py:188} INFO - [2025-06-12T14:48:05.675+0000] {dagbag.py:540} INFO - Filling up the DagBag from /home/airflow/.local/lib/python3.12/site-packages/airflow/example_dags/example_latest_only.py
[2025-06-12T14:48:05.678+0000] {processor.py:840} INFO - DAG(s) 'latest_only' retrieved from /home/airflow/.local/lib/python3.12/site-packages/airflow/example_dags/example_latest_only.py
[2025-06-12T14:48:05.692+0000] {logging_mixin.py:188} INFO - [2025-06-12T14:48:05.692+0000] {dag.py:3096} INFO - Sync 1 DAGs
[2025-06-12T14:48:05.704+0000] {logging_mixin.py:188} INFO - [2025-06-12T14:48:05.704+0000] {dag.py:3954} INFO - Setting next_dagrun for latest_only to 2025-06-12 08:00:00+00:00, run_after=2025-06-12 12:00:00+00:00
[2025-06-12T14:48:05.714+0000] {processor.py:183} INFO - Processing /home/airflow/.local/lib/python3.12/site-packages/airflow/example_dags/example_latest_only.py took 0.044 seconds
[2025-06-12T15:07:52.641+0000] {processor.py:161} INFO - Started process (PID=82) to work on /home/airflow/.local/lib/python3.12/site-packages/airflow/example_dags/example_latest_only.py
[2025-06-12T15:07:52.643+0000] {processor.py:830} INFO - Processing file /home/airflow/.local/lib/python3.12/site-packages/airflow/example_dags/example_latest_only.py for tasks to queue
[2025-06-12T15:07:52.646+0000] {logging_mixin.py:188} INFO - [2025-06-12T15:07:52.646+0000] {dagbag.py:540} INFO - Filling up the DagBag from /home/airflow/.local/lib/python3.12/site-packages/airflow/example_dags/example_latest_only.py
[2025-06-12T15:07:52.659+0000] {processor.py:840} INFO - DAG(s) 'latest_only' retrieved from /home/airflow/.local/lib/python3.12/site-packages/airflow/example_dags/example_latest_only.py
[2025-06-12T15:07:52.688+0000] {logging_mixin.py:188} INFO - [2025-06-12T15:07:52.688+0000] {dag.py:3096} INFO - Sync 1 DAGs
[2025-06-12T15:07:52.735+0000] {logging_mixin.py:188} INFO - [2025-06-12T15:07:52.734+0000] {dag.py:3954} INFO - Setting next_dagrun for latest_only to 2025-06-12 08:00:00+00:00, run_after=2025-06-12 12:00:00+00:00
[2025-06-12T15:07:52.774+0000] {processor.py:183} INFO - Processing /home/airflow/.local/lib/python3.12/site-packages/airflow/example_dags/example_latest_only.py took 0.142 seconds
[2025-06-12T15:08:23.644+0000] {processor.py:161} INFO - Started process (PID=149) to work on /home/airflow/.local/lib/python3.12/site-packages/airflow/example_dags/example_latest_only.py
[2025-06-12T15:08:23.646+0000] {processor.py:830} INFO - Processing file /home/airflow/.local/lib/python3.12/site-packages/airflow/example_dags/example_latest_only.py for tasks to queue
[2025-06-12T15:08:23.651+0000] {logging_mixin.py:188} INFO - [2025-06-12T15:08:23.650+0000] {dagbag.py:540} INFO - Filling up the DagBag from /home/airflow/.local/lib/python3.12/site-packages/airflow/example_dags/example_latest_only.py
[2025-06-12T15:08:23.654+0000] {processor.py:840} INFO - DAG(s) 'latest_only' retrieved from /home/airflow/.local/lib/python3.12/site-packages/airflow/example_dags/example_latest_only.py
[2025-06-12T15:08:23.712+0000] {logging_mixin.py:188} INFO - [2025-06-12T15:08:23.712+0000] {dag.py:3096} INFO - Sync 1 DAGs
[2025-06-12T15:08:23.729+0000] {logging_mixin.py:188} INFO - [2025-06-12T15:08:23.729+0000] {dag.py:3954} INFO - Setting next_dagrun for latest_only to 2025-06-12 08:00:00+00:00, run_after=2025-06-12 12:00:00+00:00
[2025-06-12T15:08:23.740+0000] {processor.py:183} INFO - Processing /home/airflow/.local/lib/python3.12/site-packages/airflow/example_dags/example_latest_only.py took 0.099 seconds
[2025-06-12T15:08:54.471+0000] {processor.py:161} INFO - Started process (PID=223) to work on /home/airflow/.local/lib/python3.12/site-packages/airflow/example_dags/example_latest_only.py
[2025-06-12T15:08:54.472+0000] {processor.py:830} INFO - Processing file /home/airflow/.local/lib/python3.12/site-packages/airflow/example_dags/example_latest_only.py for tasks to queue
[2025-06-12T15:08:54.472+0000] {logging_mixin.py:188} INFO - [2025-06-12T15:08:54.472+0000] {dagbag.py:540} INFO - Filling up the DagBag from /home/airflow/.local/lib/python3.12/site-packages/airflow/example_dags/example_latest_only.py
[2025-06-12T15:08:54.474+0000] {processor.py:840} INFO - DAG(s) 'latest_only' retrieved from /home/airflow/.local/lib/python3.12/site-packages/airflow/example_dags/example_latest_only.py
[2025-06-12T15:08:54.484+0000] {logging_mixin.py:188} INFO - [2025-06-12T15:08:54.484+0000] {dag.py:3096} INFO - Sync 1 DAGs
[2025-06-12T15:08:54.492+0000] {logging_mixin.py:188} INFO - [2025-06-12T15:08:54.492+0000] {dag.py:3954} INFO - Setting next_dagrun for latest_only to 2025-06-12 08:00:00+00:00, run_after=2025-06-12 12:00:00+00:00
[2025-06-12T15:08:54.498+0000] {processor.py:183} INFO - Processing /home/airflow/.local/lib/python3.12/site-packages/airflow/example_dags/example_latest_only.py took 0.030 seconds
[2025-06-12T15:09:24.589+0000] {processor.py:161} INFO - Started process (PID=290) to work on /home/airflow/.local/lib/python3.12/site-packages/airflow/example_dags/example_latest_only.py
[2025-06-12T15:09:24.590+0000] {processor.py:830} INFO - Processing file /home/airflow/.local/lib/python3.12/site-packages/airflow/example_dags/example_latest_only.py for tasks to queue
[2025-06-12T15:09:24.591+0000] {logging_mixin.py:188} INFO - [2025-06-12T15:09:24.591+0000] {dagbag.py:540} INFO - Filling up the DagBag from /home/airflow/.local/lib/python3.12/site-packages/airflow/example_dags/example_latest_only.py
[2025-06-12T15:09:24.593+0000] {processor.py:840} INFO - DAG(s) 'latest_only' retrieved from /home/airflow/.local/lib/python3.12/site-packages/airflow/example_dags/example_latest_only.py
[2025-06-12T15:09:24.605+0000] {logging_mixin.py:188} INFO - [2025-06-12T15:09:24.605+0000] {dag.py:3096} INFO - Sync 1 DAGs
[2025-06-12T15:09:24.614+0000] {logging_mixin.py:188} INFO - [2025-06-12T15:09:24.614+0000] {dag.py:3954} INFO - Setting next_dagrun for latest_only to 2025-06-12 08:00:00+00:00, run_after=2025-06-12 12:00:00+00:00
[2025-06-12T15:09:24.623+0000] {processor.py:183} INFO - Processing /home/airflow/.local/lib/python3.12/site-packages/airflow/example_dags/example_latest_only.py took 0.037 seconds
[2025-06-12T15:09:55.129+0000] {processor.py:161} INFO - Started process (PID=364) to work on /home/airflow/.local/lib/python3.12/site-packages/airflow/example_dags/example_latest_only.py
[2025-06-12T15:09:55.130+0000] {processor.py:830} INFO - Processing file /home/airflow/.local/lib/python3.12/site-packages/airflow/example_dags/example_latest_only.py for tasks to queue
[2025-06-12T15:09:55.131+0000] {logging_mixin.py:188} INFO - [2025-06-12T15:09:55.131+0000] {dagbag.py:540} INFO - Filling up the DagBag from /home/airflow/.local/lib/python3.12/site-packages/airflow/example_dags/example_latest_only.py
[2025-06-12T15:09:55.133+0000] {processor.py:840} INFO - DAG(s) 'latest_only' retrieved from /home/airflow/.local/lib/python3.12/site-packages/airflow/example_dags/example_latest_only.py
[2025-06-12T15:09:55.143+0000] {logging_mixin.py:188} INFO - [2025-06-12T15:09:55.143+0000] {dag.py:3096} INFO - Sync 1 DAGs
[2025-06-12T15:09:55.151+0000] {logging_mixin.py:188} INFO - [2025-06-12T15:09:55.151+0000] {dag.py:3954} INFO - Setting next_dagrun for latest_only to 2025-06-12 08:00:00+00:00, run_after=2025-06-12 12:00:00+00:00
[2025-06-12T15:09:55.158+0000] {processor.py:183} INFO - Processing /home/airflow/.local/lib/python3.12/site-packages/airflow/example_dags/example_latest_only.py took 0.031 seconds
[2025-06-12T15:10:25.445+0000] {processor.py:161} INFO - Started process (PID=438) to work on /home/airflow/.local/lib/python3.12/site-packages/airflow/example_dags/example_latest_only.py
[2025-06-12T15:10:25.446+0000] {processor.py:830} INFO - Processing file /home/airflow/.local/lib/python3.12/site-packages/airflow/example_dags/example_latest_only.py for tasks to queue
[2025-06-12T15:10:25.446+0000] {logging_mixin.py:188} INFO - [2025-06-12T15:10:25.446+0000] {dagbag.py:540} INFO - Filling up the DagBag from /home/airflow/.local/lib/python3.12/site-packages/airflow/example_dags/example_latest_only.py
[2025-06-12T15:10:25.449+0000] {processor.py:840} INFO - DAG(s) 'latest_only' retrieved from /home/airflow/.local/lib/python3.12/site-packages/airflow/example_dags/example_latest_only.py
[2025-06-12T15:10:25.458+0000] {logging_mixin.py:188} INFO - [2025-06-12T15:10:25.458+0000] {dag.py:3096} INFO - Sync 1 DAGs
[2025-06-12T15:10:25.466+0000] {logging_mixin.py:188} INFO - [2025-06-12T15:10:25.466+0000] {dag.py:3954} INFO - Setting next_dagrun for latest_only to 2025-06-12 08:00:00+00:00, run_after=2025-06-12 12:00:00+00:00
[2025-06-12T15:10:25.473+0000] {processor.py:183} INFO - Processing /home/airflow/.local/lib/python3.12/site-packages/airflow/example_dags/example_latest_only.py took 0.030 seconds
[2025-06-12T15:10:56.432+0000] {processor.py:161} INFO - Started process (PID=505) to work on /home/airflow/.local/lib/python3.12/site-packages/airflow/example_dags/example_latest_only.py
[2025-06-12T15:10:56.433+0000] {processor.py:830} INFO - Processing file /home/airflow/.local/lib/python3.12/site-packages/airflow/example_dags/example_latest_only.py for tasks to queue
[2025-06-12T15:10:56.434+0000] {logging_mixin.py:188} INFO - [2025-06-12T15:10:56.434+0000] {dagbag.py:540} INFO - Filling up the DagBag from /home/airflow/.local/lib/python3.12/site-packages/airflow/example_dags/example_latest_only.py
[2025-06-12T15:10:56.437+0000] {processor.py:840} INFO - DAG(s) 'latest_only' retrieved from /home/airflow/.local/lib/python3.12/site-packages/airflow/example_dags/example_latest_only.py
[2025-06-12T15:10:56.452+0000] {logging_mixin.py:188} INFO - [2025-06-12T15:10:56.452+0000] {dag.py:3096} INFO - Sync 1 DAGs
[2025-06-12T15:10:56.462+0000] {logging_mixin.py:188} INFO - [2025-06-12T15:10:56.461+0000] {dag.py:3954} INFO - Setting next_dagrun for latest_only to 2025-06-12 08:00:00+00:00, run_after=2025-06-12 12:00:00+00:00
[2025-06-12T15:10:56.471+0000] {processor.py:183} INFO - Processing /home/airflow/.local/lib/python3.12/site-packages/airflow/example_dags/example_latest_only.py took 0.042 seconds
[2025-06-12T15:11:26.848+0000] {processor.py:161} INFO - Started process (PID=578) to work on /home/airflow/.local/lib/python3.12/site-packages/airflow/example_dags/example_latest_only.py
[2025-06-12T15:11:26.849+0000] {processor.py:830} INFO - Processing file /home/airflow/.local/lib/python3.12/site-packages/airflow/example_dags/example_latest_only.py for tasks to queue
[2025-06-12T15:11:26.850+0000] {logging_mixin.py:188} INFO - [2025-06-12T15:11:26.850+0000] {dagbag.py:540} INFO - Filling up the DagBag from /home/airflow/.local/lib/python3.12/site-packages/airflow/example_dags/example_latest_only.py
[2025-06-12T15:11:26.853+0000] {processor.py:840} INFO - DAG(s) 'latest_only' retrieved from /home/airflow/.local/lib/python3.12/site-packages/airflow/example_dags/example_latest_only.py
[2025-06-12T15:11:26.866+0000] {logging_mixin.py:188} INFO - [2025-06-12T15:11:26.866+0000] {dag.py:3096} INFO - Sync 1 DAGs
[2025-06-12T15:11:26.875+0000] {logging_mixin.py:188} INFO - [2025-06-12T15:11:26.875+0000] {dag.py:3954} INFO - Setting next_dagrun for latest_only to 2025-06-12 08:00:00+00:00, run_after=2025-06-12 12:00:00+00:00
[2025-06-12T15:11:26.883+0000] {processor.py:183} INFO - Processing /home/airflow/.local/lib/python3.12/site-packages/airflow/example_dags/example_latest_only.py took 0.039 seconds
[2025-06-12T15:11:57.075+0000] {processor.py:161} INFO - Started process (PID=651) to work on /home/airflow/.local/lib/python3.12/site-packages/airflow/example_dags/example_latest_only.py
[2025-06-12T15:11:57.075+0000] {processor.py:830} INFO - Processing file /home/airflow/.local/lib/python3.12/site-packages/airflow/example_dags/example_latest_only.py for tasks to queue
[2025-06-12T15:11:57.077+0000] {logging_mixin.py:188} INFO - [2025-06-12T15:11:57.077+0000] {dagbag.py:540} INFO - Filling up the DagBag from /home/airflow/.local/lib/python3.12/site-packages/airflow/example_dags/example_latest_only.py
[2025-06-12T15:11:57.082+0000] {processor.py:840} INFO - DAG(s) 'latest_only' retrieved from /home/airflow/.local/lib/python3.12/site-packages/airflow/example_dags/example_latest_only.py
[2025-06-12T15:11:57.101+0000] {logging_mixin.py:188} INFO - [2025-06-12T15:11:57.101+0000] {dag.py:3096} INFO - Sync 1 DAGs
[2025-06-12T15:11:57.117+0000] {logging_mixin.py:188} INFO - [2025-06-12T15:11:57.117+0000] {dag.py:3954} INFO - Setting next_dagrun for latest_only to 2025-06-12 08:00:00+00:00, run_after=2025-06-12 12:00:00+00:00
[2025-06-12T15:11:57.132+0000] {processor.py:183} INFO - Processing /home/airflow/.local/lib/python3.12/site-packages/airflow/example_dags/example_latest_only.py took 0.065 seconds
[2025-06-12T15:12:27.225+0000] {processor.py:161} INFO - Started process (PID=718) to work on /home/airflow/.local/lib/python3.12/site-packages/airflow/example_dags/example_latest_only.py
[2025-06-12T15:12:27.226+0000] {processor.py:830} INFO - Processing file /home/airflow/.local/lib/python3.12/site-packages/airflow/example_dags/example_latest_only.py for tasks to queue
[2025-06-12T15:12:27.227+0000] {logging_mixin.py:188} INFO - [2025-06-12T15:12:27.226+0000] {dagbag.py:540} INFO - Filling up the DagBag from /home/airflow/.local/lib/python3.12/site-packages/airflow/example_dags/example_latest_only.py
[2025-06-12T15:12:27.229+0000] {processor.py:840} INFO - DAG(s) 'latest_only' retrieved from /home/airflow/.local/lib/python3.12/site-packages/airflow/example_dags/example_latest_only.py
[2025-06-12T15:12:27.239+0000] {logging_mixin.py:188} INFO - [2025-06-12T15:12:27.239+0000] {dag.py:3096} INFO - Sync 1 DAGs
[2025-06-12T15:12:27.248+0000] {logging_mixin.py:188} INFO - [2025-06-12T15:12:27.248+0000] {dag.py:3954} INFO - Setting next_dagrun for latest_only to 2025-06-12 08:00:00+00:00, run_after=2025-06-12 12:00:00+00:00
[2025-06-12T15:12:27.256+0000] {processor.py:183} INFO - Processing /home/airflow/.local/lib/python3.12/site-packages/airflow/example_dags/example_latest_only.py took 0.034 seconds
[2025-06-12T15:12:57.430+0000] {processor.py:161} INFO - Started process (PID=791) to work on /home/airflow/.local/lib/python3.12/site-packages/airflow/example_dags/example_latest_only.py
[2025-06-12T15:12:57.430+0000] {processor.py:830} INFO - Processing file /home/airflow/.local/lib/python3.12/site-packages/airflow/example_dags/example_latest_only.py for tasks to queue
[2025-06-12T15:12:57.431+0000] {logging_mixin.py:188} INFO - [2025-06-12T15:12:57.431+0000] {dagbag.py:540} INFO - Filling up the DagBag from /home/airflow/.local/lib/python3.12/site-packages/airflow/example_dags/example_latest_only.py
[2025-06-12T15:12:57.433+0000] {processor.py:840} INFO - DAG(s) 'latest_only' retrieved from /home/airflow/.local/lib/python3.12/site-packages/airflow/example_dags/example_latest_only.py
[2025-06-12T15:12:57.443+0000] {logging_mixin.py:188} INFO - [2025-06-12T15:12:57.443+0000] {dag.py:3096} INFO - Sync 1 DAGs
[2025-06-12T15:12:57.452+0000] {logging_mixin.py:188} INFO - [2025-06-12T15:12:57.452+0000] {dag.py:3954} INFO - Setting next_dagrun for latest_only to 2025-06-12 08:00:00+00:00, run_after=2025-06-12 12:00:00+00:00
[2025-06-12T15:12:57.460+0000] {processor.py:183} INFO - Processing /home/airflow/.local/lib/python3.12/site-packages/airflow/example_dags/example_latest_only.py took 0.032 seconds
[2025-06-12T15:13:28.265+0000] {processor.py:161} INFO - Started process (PID=865) to work on /home/airflow/.local/lib/python3.12/site-packages/airflow/example_dags/example_latest_only.py
[2025-06-12T15:13:28.267+0000] {processor.py:830} INFO - Processing file /home/airflow/.local/lib/python3.12/site-packages/airflow/example_dags/example_latest_only.py for tasks to queue
[2025-06-12T15:13:28.268+0000] {logging_mixin.py:188} INFO - [2025-06-12T15:13:28.268+0000] {dagbag.py:540} INFO - Filling up the DagBag from /home/airflow/.local/lib/python3.12/site-packages/airflow/example_dags/example_latest_only.py
[2025-06-12T15:13:28.271+0000] {processor.py:840} INFO - DAG(s) 'latest_only' retrieved from /home/airflow/.local/lib/python3.12/site-packages/airflow/example_dags/example_latest_only.py
[2025-06-12T15:13:28.287+0000] {logging_mixin.py:188} INFO - [2025-06-12T15:13:28.286+0000] {dag.py:3096} INFO - Sync 1 DAGs
[2025-06-12T15:13:28.305+0000] {logging_mixin.py:188} INFO - [2025-06-12T15:13:28.305+0000] {dag.py:3954} INFO - Setting next_dagrun for latest_only to 2025-06-12 08:00:00+00:00, run_after=2025-06-12 12:00:00+00:00
[2025-06-12T15:13:28.317+0000] {processor.py:183} INFO - Processing /home/airflow/.local/lib/python3.12/site-packages/airflow/example_dags/example_latest_only.py took 0.056 seconds
[2025-06-12T15:13:58.629+0000] {processor.py:161} INFO - Started process (PID=932) to work on /home/airflow/.local/lib/python3.12/site-packages/airflow/example_dags/example_latest_only.py
[2025-06-12T15:13:58.629+0000] {processor.py:830} INFO - Processing file /home/airflow/.local/lib/python3.12/site-packages/airflow/example_dags/example_latest_only.py for tasks to queue
[2025-06-12T15:13:58.630+0000] {logging_mixin.py:188} INFO - [2025-06-12T15:13:58.630+0000] {dagbag.py:540} INFO - Filling up the DagBag from /home/airflow/.local/lib/python3.12/site-packages/airflow/example_dags/example_latest_only.py
[2025-06-12T15:13:58.633+0000] {processor.py:840} INFO - DAG(s) 'latest_only' retrieved from /home/airflow/.local/lib/python3.12/site-packages/airflow/example_dags/example_latest_only.py
[2025-06-12T15:13:58.646+0000] {logging_mixin.py:188} INFO - [2025-06-12T15:13:58.646+0000] {dag.py:3096} INFO - Sync 1 DAGs
[2025-06-12T15:13:58.655+0000] {logging_mixin.py:188} INFO - [2025-06-12T15:13:58.654+0000] {dag.py:3954} INFO - Setting next_dagrun for latest_only to 2025-06-12 08:00:00+00:00, run_after=2025-06-12 12:00:00+00:00
[2025-06-12T15:13:58.662+0000] {processor.py:183} INFO - Processing /home/airflow/.local/lib/python3.12/site-packages/airflow/example_dags/example_latest_only.py took 0.036 seconds
[2025-06-12T15:14:29.127+0000] {processor.py:161} INFO - Started process (PID=1007) to work on /home/airflow/.local/lib/python3.12/site-packages/airflow/example_dags/example_latest_only.py
[2025-06-12T15:14:29.127+0000] {processor.py:830} INFO - Processing file /home/airflow/.local/lib/python3.12/site-packages/airflow/example_dags/example_latest_only.py for tasks to queue
[2025-06-12T15:14:29.128+0000] {logging_mixin.py:188} INFO - [2025-06-12T15:14:29.128+0000] {dagbag.py:540} INFO - Filling up the DagBag from /home/airflow/.local/lib/python3.12/site-packages/airflow/example_dags/example_latest_only.py
[2025-06-12T15:14:29.130+0000] {processor.py:840} INFO - DAG(s) 'latest_only' retrieved from /home/airflow/.local/lib/python3.12/site-packages/airflow/example_dags/example_latest_only.py
[2025-06-12T15:14:29.141+0000] {logging_mixin.py:188} INFO - [2025-06-12T15:14:29.141+0000] {dag.py:3096} INFO - Sync 1 DAGs
[2025-06-12T15:14:29.149+0000] {logging_mixin.py:188} INFO - [2025-06-12T15:14:29.149+0000] {dag.py:3954} INFO - Setting next_dagrun for latest_only to 2025-06-12 08:00:00+00:00, run_after=2025-06-12 12:00:00+00:00
[2025-06-12T15:14:29.156+0000] {processor.py:183} INFO - Processing /home/airflow/.local/lib/python3.12/site-packages/airflow/example_dags/example_latest_only.py took 0.032 seconds
[2025-06-12T15:14:59.589+0000] {processor.py:161} INFO - Started process (PID=1074) to work on /home/airflow/.local/lib/python3.12/site-packages/airflow/example_dags/example_latest_only.py
[2025-06-12T15:14:59.591+0000] {processor.py:830} INFO - Processing file /home/airflow/.local/lib/python3.12/site-packages/airflow/example_dags/example_latest_only.py for tasks to queue
[2025-06-12T15:14:59.592+0000] {logging_mixin.py:188} INFO - [2025-06-12T15:14:59.592+0000] {dagbag.py:540} INFO - Filling up the DagBag from /home/airflow/.local/lib/python3.12/site-packages/airflow/example_dags/example_latest_only.py
[2025-06-12T15:14:59.595+0000] {processor.py:840} INFO - DAG(s) 'latest_only' retrieved from /home/airflow/.local/lib/python3.12/site-packages/airflow/example_dags/example_latest_only.py
[2025-06-12T15:14:59.609+0000] {logging_mixin.py:188} INFO - [2025-06-12T15:14:59.609+0000] {dag.py:3096} INFO - Sync 1 DAGs
[2025-06-12T15:14:59.623+0000] {logging_mixin.py:188} INFO - [2025-06-12T15:14:59.622+0000] {dag.py:3954} INFO - Setting next_dagrun for latest_only to 2025-06-12 08:00:00+00:00, run_after=2025-06-12 12:00:00+00:00
[2025-06-12T15:14:59.634+0000] {processor.py:183} INFO - Processing /home/airflow/.local/lib/python3.12/site-packages/airflow/example_dags/example_latest_only.py took 0.050 seconds
[2025-06-12T15:15:30.225+0000] {processor.py:161} INFO - Started process (PID=1148) to work on /home/airflow/.local/lib/python3.12/site-packages/airflow/example_dags/example_latest_only.py
[2025-06-12T15:15:30.226+0000] {processor.py:830} INFO - Processing file /home/airflow/.local/lib/python3.12/site-packages/airflow/example_dags/example_latest_only.py for tasks to queue
[2025-06-12T15:15:30.227+0000] {logging_mixin.py:188} INFO - [2025-06-12T15:15:30.227+0000] {dagbag.py:540} INFO - Filling up the DagBag from /home/airflow/.local/lib/python3.12/site-packages/airflow/example_dags/example_latest_only.py
[2025-06-12T15:15:30.230+0000] {processor.py:840} INFO - DAG(s) 'latest_only' retrieved from /home/airflow/.local/lib/python3.12/site-packages/airflow/example_dags/example_latest_only.py
[2025-06-12T15:15:30.243+0000] {logging_mixin.py:188} INFO - [2025-06-12T15:15:30.243+0000] {dag.py:3096} INFO - Sync 1 DAGs
[2025-06-12T15:15:30.253+0000] {logging_mixin.py:188} INFO - [2025-06-12T15:15:30.253+0000] {dag.py:3954} INFO - Setting next_dagrun for latest_only to 2025-06-12 08:00:00+00:00, run_after=2025-06-12 12:00:00+00:00
[2025-06-12T15:15:30.261+0000] {processor.py:183} INFO - Processing /home/airflow/.local/lib/python3.12/site-packages/airflow/example_dags/example_latest_only.py took 0.039 seconds
[2025-06-12T15:16:01.057+0000] {processor.py:161} INFO - Started process (PID=1222) to work on /home/airflow/.local/lib/python3.12/site-packages/airflow/example_dags/example_latest_only.py
[2025-06-12T15:16:01.058+0000] {processor.py:830} INFO - Processing file /home/airflow/.local/lib/python3.12/site-packages/airflow/example_dags/example_latest_only.py for tasks to queue
[2025-06-12T15:16:01.059+0000] {logging_mixin.py:188} INFO - [2025-06-12T15:16:01.059+0000] {dagbag.py:540} INFO - Filling up the DagBag from /home/airflow/.local/lib/python3.12/site-packages/airflow/example_dags/example_latest_only.py
[2025-06-12T15:16:01.061+0000] {processor.py:840} INFO - DAG(s) 'latest_only' retrieved from /home/airflow/.local/lib/python3.12/site-packages/airflow/example_dags/example_latest_only.py
[2025-06-12T15:16:01.075+0000] {logging_mixin.py:188} INFO - [2025-06-12T15:16:01.075+0000] {dag.py:3096} INFO - Sync 1 DAGs
[2025-06-12T15:16:01.085+0000] {logging_mixin.py:188} INFO - [2025-06-12T15:16:01.085+0000] {dag.py:3954} INFO - Setting next_dagrun for latest_only to 2025-06-12 08:00:00+00:00, run_after=2025-06-12 12:00:00+00:00
[2025-06-12T15:16:01.187+0000] {processor.py:183} INFO - Processing /home/airflow/.local/lib/python3.12/site-packages/airflow/example_dags/example_latest_only.py took 0.133 seconds
[2025-06-12T15:16:31.530+0000] {processor.py:161} INFO - Started process (PID=1289) to work on /home/airflow/.local/lib/python3.12/site-packages/airflow/example_dags/example_latest_only.py
[2025-06-12T15:16:31.530+0000] {processor.py:830} INFO - Processing file /home/airflow/.local/lib/python3.12/site-packages/airflow/example_dags/example_latest_only.py for tasks to queue
[2025-06-12T15:16:31.531+0000] {logging_mixin.py:188} INFO - [2025-06-12T15:16:31.531+0000] {dagbag.py:540} INFO - Filling up the DagBag from /home/airflow/.local/lib/python3.12/site-packages/airflow/example_dags/example_latest_only.py
[2025-06-12T15:16:31.533+0000] {processor.py:840} INFO - DAG(s) 'latest_only' retrieved from /home/airflow/.local/lib/python3.12/site-packages/airflow/example_dags/example_latest_only.py
[2025-06-12T15:16:31.544+0000] {logging_mixin.py:188} INFO - [2025-06-12T15:16:31.544+0000] {dag.py:3096} INFO - Sync 1 DAGs
[2025-06-12T15:16:31.552+0000] {logging_mixin.py:188} INFO - [2025-06-12T15:16:31.552+0000] {dag.py:3954} INFO - Setting next_dagrun for latest_only to 2025-06-12 08:00:00+00:00, run_after=2025-06-12 12:00:00+00:00
[2025-06-12T15:16:31.560+0000] {processor.py:183} INFO - Processing /home/airflow/.local/lib/python3.12/site-packages/airflow/example_dags/example_latest_only.py took 0.032 seconds
[2025-06-12T15:17:02.504+0000] {processor.py:161} INFO - Started process (PID=1363) to work on /home/airflow/.local/lib/python3.12/site-packages/airflow/example_dags/example_latest_only.py
[2025-06-12T15:17:02.505+0000] {processor.py:830} INFO - Processing file /home/airflow/.local/lib/python3.12/site-packages/airflow/example_dags/example_latest_only.py for tasks to queue
[2025-06-12T15:17:02.505+0000] {logging_mixin.py:188} INFO - [2025-06-12T15:17:02.505+0000] {dagbag.py:540} INFO - Filling up the DagBag from /home/airflow/.local/lib/python3.12/site-packages/airflow/example_dags/example_latest_only.py
[2025-06-12T15:17:02.508+0000] {processor.py:840} INFO - DAG(s) 'latest_only' retrieved from /home/airflow/.local/lib/python3.12/site-packages/airflow/example_dags/example_latest_only.py
[2025-06-12T15:17:02.521+0000] {logging_mixin.py:188} INFO - [2025-06-12T15:17:02.521+0000] {dag.py:3096} INFO - Sync 1 DAGs
[2025-06-12T15:17:02.531+0000] {logging_mixin.py:188} INFO - [2025-06-12T15:17:02.531+0000] {dag.py:3954} INFO - Setting next_dagrun for latest_only to 2025-06-12 08:00:00+00:00, run_after=2025-06-12 12:00:00+00:00
[2025-06-12T15:17:02.542+0000] {processor.py:183} INFO - Processing /home/airflow/.local/lib/python3.12/site-packages/airflow/example_dags/example_latest_only.py took 0.041 seconds
[2025-06-12T15:17:33.061+0000] {processor.py:161} INFO - Started process (PID=1437) to work on /home/airflow/.local/lib/python3.12/site-packages/airflow/example_dags/example_latest_only.py
[2025-06-12T15:17:33.062+0000] {processor.py:830} INFO - Processing file /home/airflow/.local/lib/python3.12/site-packages/airflow/example_dags/example_latest_only.py for tasks to queue
[2025-06-12T15:17:33.063+0000] {logging_mixin.py:188} INFO - [2025-06-12T15:17:33.063+0000] {dagbag.py:540} INFO - Filling up the DagBag from /home/airflow/.local/lib/python3.12/site-packages/airflow/example_dags/example_latest_only.py
[2025-06-12T15:17:33.065+0000] {processor.py:840} INFO - DAG(s) 'latest_only' retrieved from /home/airflow/.local/lib/python3.12/site-packages/airflow/example_dags/example_latest_only.py
[2025-06-12T15:17:33.075+0000] {logging_mixin.py:188} INFO - [2025-06-12T15:17:33.075+0000] {dag.py:3096} INFO - Sync 1 DAGs
[2025-06-12T15:17:33.083+0000] {logging_mixin.py:188} INFO - [2025-06-12T15:17:33.083+0000] {dag.py:3954} INFO - Setting next_dagrun for latest_only to 2025-06-12 08:00:00+00:00, run_after=2025-06-12 12:00:00+00:00
[2025-06-12T15:17:33.090+0000] {processor.py:183} INFO - Processing /home/airflow/.local/lib/python3.12/site-packages/airflow/example_dags/example_latest_only.py took 0.031 seconds
[2025-06-12T15:18:03.334+0000] {processor.py:161} INFO - Started process (PID=1504) to work on /home/airflow/.local/lib/python3.12/site-packages/airflow/example_dags/example_latest_only.py
[2025-06-12T15:18:03.336+0000] {processor.py:830} INFO - Processing file /home/airflow/.local/lib/python3.12/site-packages/airflow/example_dags/example_latest_only.py for tasks to queue
[2025-06-12T15:18:03.337+0000] {logging_mixin.py:188} INFO - [2025-06-12T15:18:03.337+0000] {dagbag.py:540} INFO - Filling up the DagBag from /home/airflow/.local/lib/python3.12/site-packages/airflow/example_dags/example_latest_only.py
[2025-06-12T15:18:03.339+0000] {processor.py:840} INFO - DAG(s) 'latest_only' retrieved from /home/airflow/.local/lib/python3.12/site-packages/airflow/example_dags/example_latest_only.py
[2025-06-12T15:18:03.363+0000] {logging_mixin.py:188} INFO - [2025-06-12T15:18:03.363+0000] {dag.py:3096} INFO - Sync 1 DAGs
[2025-06-12T15:18:03.385+0000] {logging_mixin.py:188} INFO - [2025-06-12T15:18:03.385+0000] {dag.py:3954} INFO - Setting next_dagrun for latest_only to 2025-06-12 08:00:00+00:00, run_after=2025-06-12 12:00:00+00:00
[2025-06-12T15:18:03.401+0000] {processor.py:183} INFO - Processing /home/airflow/.local/lib/python3.12/site-packages/airflow/example_dags/example_latest_only.py took 0.069 seconds
[2025-06-12T15:18:33.981+0000] {processor.py:161} INFO - Started process (PID=1578) to work on /home/airflow/.local/lib/python3.12/site-packages/airflow/example_dags/example_latest_only.py
[2025-06-12T15:18:33.982+0000] {processor.py:830} INFO - Processing file /home/airflow/.local/lib/python3.12/site-packages/airflow/example_dags/example_latest_only.py for tasks to queue
[2025-06-12T15:18:33.983+0000] {logging_mixin.py:188} INFO - [2025-06-12T15:18:33.983+0000] {dagbag.py:540} INFO - Filling up the DagBag from /home/airflow/.local/lib/python3.12/site-packages/airflow/example_dags/example_latest_only.py
[2025-06-12T15:18:33.985+0000] {processor.py:840} INFO - DAG(s) 'latest_only' retrieved from /home/airflow/.local/lib/python3.12/site-packages/airflow/example_dags/example_latest_only.py
[2025-06-12T15:18:34.001+0000] {logging_mixin.py:188} INFO - [2025-06-12T15:18:34.000+0000] {dag.py:3096} INFO - Sync 1 DAGs
[2025-06-12T15:18:34.011+0000] {logging_mixin.py:188} INFO - [2025-06-12T15:18:34.011+0000] {dag.py:3954} INFO - Setting next_dagrun for latest_only to 2025-06-12 08:00:00+00:00, run_after=2025-06-12 12:00:00+00:00
[2025-06-12T15:18:34.021+0000] {processor.py:183} INFO - Processing /home/airflow/.local/lib/python3.12/site-packages/airflow/example_dags/example_latest_only.py took 0.043 seconds
