[2025-06-12T13:58:35.462+0000] {processor.py:161} INFO - Started process (PID=36) to work on /home/airflow/.local/lib/python3.12/site-packages/airflow/example_dags/example_nested_branch_dag.py
[2025-06-12T13:58:35.466+0000] {processor.py:830} INFO - Processing file /home/airflow/.local/lib/python3.12/site-packages/airflow/example_dags/example_nested_branch_dag.py for tasks to queue
[2025-06-12T13:58:35.489+0000] {logging_mixin.py:188} INFO - [2025-06-12T13:58:35.487+0000] {dagbag.py:540} INFO - Filling up the DagBag from /home/airflow/.local/lib/python3.12/site-packages/airflow/example_dags/example_nested_branch_dag.py
[2025-06-12T13:58:35.537+0000] {processor.py:840} INFO - DAG(s) 'example_nested_branch_dag' retrieved from /home/airflow/.local/lib/python3.12/site-packages/airflow/example_dags/example_nested_branch_dag.py
[2025-06-12T13:58:35.615+0000] {logging_mixin.py:188} INFO - [2025-06-12T13:58:35.615+0000] {dag.py:3096} INFO - Sync 1 DAGs
[2025-06-12T13:58:35.641+0000] {logging_mixin.py:188} INFO - [2025-06-12T13:58:35.640+0000] {dag.py:3954} INFO - Setting next_dagrun for example_nested_branch_dag to 2025-06-11 00:00:00+00:00, run_after=2025-06-12 00:00:00+00:00
[2025-06-12T13:58:35.690+0000] {processor.py:183} INFO - Processing /home/airflow/.local/lib/python3.12/site-packages/airflow/example_dags/example_nested_branch_dag.py took 0.264 seconds
[2025-06-12T13:59:06.499+0000] {processor.py:161} INFO - Started process (PID=103) to work on /home/airflow/.local/lib/python3.12/site-packages/airflow/example_dags/example_nested_branch_dag.py
[2025-06-12T13:59:06.500+0000] {processor.py:830} INFO - Processing file /home/airflow/.local/lib/python3.12/site-packages/airflow/example_dags/example_nested_branch_dag.py for tasks to queue
[2025-06-12T13:59:06.503+0000] {logging_mixin.py:188} INFO - [2025-06-12T13:59:06.503+0000] {dagbag.py:540} INFO - Filling up the DagBag from /home/airflow/.local/lib/python3.12/site-packages/airflow/example_dags/example_nested_branch_dag.py
[2025-06-12T13:59:06.524+0000] {processor.py:840} INFO - DAG(s) 'example_nested_branch_dag' retrieved from /home/airflow/.local/lib/python3.12/site-packages/airflow/example_dags/example_nested_branch_dag.py
[2025-06-12T13:59:06.727+0000] {logging_mixin.py:188} INFO - [2025-06-12T13:59:06.727+0000] {dag.py:3096} INFO - Sync 1 DAGs
[2025-06-12T13:59:06.751+0000] {logging_mixin.py:188} INFO - [2025-06-12T13:59:06.751+0000] {dag.py:3954} INFO - Setting next_dagrun for example_nested_branch_dag to 2025-06-11 00:00:00+00:00, run_after=2025-06-12 00:00:00+00:00
[2025-06-12T13:59:06.765+0000] {processor.py:183} INFO - Processing /home/airflow/.local/lib/python3.12/site-packages/airflow/example_dags/example_nested_branch_dag.py took 0.281 seconds
[2025-06-12T13:59:36.978+0000] {processor.py:161} INFO - Started process (PID=170) to work on /home/airflow/.local/lib/python3.12/site-packages/airflow/example_dags/example_nested_branch_dag.py
[2025-06-12T13:59:36.980+0000] {processor.py:830} INFO - Processing file /home/airflow/.local/lib/python3.12/site-packages/airflow/example_dags/example_nested_branch_dag.py for tasks to queue
[2025-06-12T13:59:36.984+0000] {logging_mixin.py:188} INFO - [2025-06-12T13:59:36.983+0000] {dagbag.py:540} INFO - Filling up the DagBag from /home/airflow/.local/lib/python3.12/site-packages/airflow/example_dags/example_nested_branch_dag.py
[2025-06-12T13:59:37.001+0000] {processor.py:840} INFO - DAG(s) 'example_nested_branch_dag' retrieved from /home/airflow/.local/lib/python3.12/site-packages/airflow/example_dags/example_nested_branch_dag.py
[2025-06-12T13:59:37.023+0000] {logging_mixin.py:188} INFO - [2025-06-12T13:59:37.023+0000] {dag.py:3096} INFO - Sync 1 DAGs
[2025-06-12T13:59:37.038+0000] {logging_mixin.py:188} INFO - [2025-06-12T13:59:37.038+0000] {dag.py:3954} INFO - Setting next_dagrun for example_nested_branch_dag to 2025-06-11 00:00:00+00:00, run_after=2025-06-12 00:00:00+00:00
[2025-06-12T13:59:37.048+0000] {processor.py:183} INFO - Processing /home/airflow/.local/lib/python3.12/site-packages/airflow/example_dags/example_nested_branch_dag.py took 0.083 seconds
[2025-06-12T14:00:07.319+0000] {processor.py:161} INFO - Started process (PID=244) to work on /home/airflow/.local/lib/python3.12/site-packages/airflow/example_dags/example_nested_branch_dag.py
[2025-06-12T14:00:07.325+0000] {processor.py:830} INFO - Processing file /home/airflow/.local/lib/python3.12/site-packages/airflow/example_dags/example_nested_branch_dag.py for tasks to queue
[2025-06-12T14:00:07.328+0000] {logging_mixin.py:188} INFO - [2025-06-12T14:00:07.328+0000] {dagbag.py:540} INFO - Filling up the DagBag from /home/airflow/.local/lib/python3.12/site-packages/airflow/example_dags/example_nested_branch_dag.py
[2025-06-12T14:00:07.353+0000] {processor.py:840} INFO - DAG(s) 'example_nested_branch_dag' retrieved from /home/airflow/.local/lib/python3.12/site-packages/airflow/example_dags/example_nested_branch_dag.py
[2025-06-12T14:00:07.388+0000] {logging_mixin.py:188} INFO - [2025-06-12T14:00:07.388+0000] {dag.py:3096} INFO - Sync 1 DAGs
[2025-06-12T14:00:07.406+0000] {logging_mixin.py:188} INFO - [2025-06-12T14:00:07.405+0000] {dag.py:3954} INFO - Setting next_dagrun for example_nested_branch_dag to 2025-06-11 00:00:00+00:00, run_after=2025-06-12 00:00:00+00:00
[2025-06-12T14:00:07.419+0000] {processor.py:183} INFO - Processing /home/airflow/.local/lib/python3.12/site-packages/airflow/example_dags/example_nested_branch_dag.py took 0.106 seconds
[2025-06-12T14:00:38.027+0000] {processor.py:161} INFO - Started process (PID=311) to work on /home/airflow/.local/lib/python3.12/site-packages/airflow/example_dags/example_nested_branch_dag.py
[2025-06-12T14:00:38.029+0000] {processor.py:830} INFO - Processing file /home/airflow/.local/lib/python3.12/site-packages/airflow/example_dags/example_nested_branch_dag.py for tasks to queue
[2025-06-12T14:00:38.036+0000] {logging_mixin.py:188} INFO - [2025-06-12T14:00:38.035+0000] {dagbag.py:540} INFO - Filling up the DagBag from /home/airflow/.local/lib/python3.12/site-packages/airflow/example_dags/example_nested_branch_dag.py
[2025-06-12T14:00:38.057+0000] {processor.py:840} INFO - DAG(s) 'example_nested_branch_dag' retrieved from /home/airflow/.local/lib/python3.12/site-packages/airflow/example_dags/example_nested_branch_dag.py
[2025-06-12T14:00:38.095+0000] {logging_mixin.py:188} INFO - [2025-06-12T14:00:38.095+0000] {dag.py:3096} INFO - Sync 1 DAGs
[2025-06-12T14:00:38.121+0000] {logging_mixin.py:188} INFO - [2025-06-12T14:00:38.121+0000] {dag.py:3954} INFO - Setting next_dagrun for example_nested_branch_dag to 2025-06-11 00:00:00+00:00, run_after=2025-06-12 00:00:00+00:00
[2025-06-12T14:00:38.139+0000] {processor.py:183} INFO - Processing /home/airflow/.local/lib/python3.12/site-packages/airflow/example_dags/example_nested_branch_dag.py took 0.124 seconds
[2025-06-12T14:01:08.318+0000] {processor.py:161} INFO - Started process (PID=385) to work on /home/airflow/.local/lib/python3.12/site-packages/airflow/example_dags/example_nested_branch_dag.py
[2025-06-12T14:01:08.320+0000] {processor.py:830} INFO - Processing file /home/airflow/.local/lib/python3.12/site-packages/airflow/example_dags/example_nested_branch_dag.py for tasks to queue
[2025-06-12T14:01:08.323+0000] {logging_mixin.py:188} INFO - [2025-06-12T14:01:08.323+0000] {dagbag.py:540} INFO - Filling up the DagBag from /home/airflow/.local/lib/python3.12/site-packages/airflow/example_dags/example_nested_branch_dag.py
[2025-06-12T14:01:08.338+0000] {processor.py:840} INFO - DAG(s) 'example_nested_branch_dag' retrieved from /home/airflow/.local/lib/python3.12/site-packages/airflow/example_dags/example_nested_branch_dag.py
[2025-06-12T14:01:08.360+0000] {logging_mixin.py:188} INFO - [2025-06-12T14:01:08.360+0000] {dag.py:3096} INFO - Sync 1 DAGs
[2025-06-12T14:01:08.374+0000] {logging_mixin.py:188} INFO - [2025-06-12T14:01:08.374+0000] {dag.py:3954} INFO - Setting next_dagrun for example_nested_branch_dag to 2025-06-11 00:00:00+00:00, run_after=2025-06-12 00:00:00+00:00
[2025-06-12T14:01:08.388+0000] {processor.py:183} INFO - Processing /home/airflow/.local/lib/python3.12/site-packages/airflow/example_dags/example_nested_branch_dag.py took 0.082 seconds
[2025-06-12T14:15:46.144+0000] {processor.py:161} INFO - Started process (PID=37) to work on /home/airflow/.local/lib/python3.12/site-packages/airflow/example_dags/example_nested_branch_dag.py
[2025-06-12T14:15:46.146+0000] {processor.py:830} INFO - Processing file /home/airflow/.local/lib/python3.12/site-packages/airflow/example_dags/example_nested_branch_dag.py for tasks to queue
[2025-06-12T14:15:46.148+0000] {logging_mixin.py:188} INFO - [2025-06-12T14:15:46.148+0000] {dagbag.py:540} INFO - Filling up the DagBag from /home/airflow/.local/lib/python3.12/site-packages/airflow/example_dags/example_nested_branch_dag.py
[2025-06-12T14:15:46.162+0000] {processor.py:840} INFO - DAG(s) 'example_nested_branch_dag' retrieved from /home/airflow/.local/lib/python3.12/site-packages/airflow/example_dags/example_nested_branch_dag.py
[2025-06-12T14:15:46.203+0000] {logging_mixin.py:188} INFO - [2025-06-12T14:15:46.203+0000] {dag.py:3096} INFO - Sync 1 DAGs
[2025-06-12T14:15:46.228+0000] {logging_mixin.py:188} INFO - [2025-06-12T14:15:46.228+0000] {dag.py:3954} INFO - Setting next_dagrun for example_nested_branch_dag to 2025-06-11 00:00:00+00:00, run_after=2025-06-12 00:00:00+00:00
[2025-06-12T14:15:46.256+0000] {processor.py:183} INFO - Processing /home/airflow/.local/lib/python3.12/site-packages/airflow/example_dags/example_nested_branch_dag.py took 0.121 seconds
[2025-06-12T14:16:16.833+0000] {processor.py:161} INFO - Started process (PID=104) to work on /home/airflow/.local/lib/python3.12/site-packages/airflow/example_dags/example_nested_branch_dag.py
[2025-06-12T14:16:16.835+0000] {processor.py:830} INFO - Processing file /home/airflow/.local/lib/python3.12/site-packages/airflow/example_dags/example_nested_branch_dag.py for tasks to queue
[2025-06-12T14:16:16.838+0000] {logging_mixin.py:188} INFO - [2025-06-12T14:16:16.837+0000] {dagbag.py:540} INFO - Filling up the DagBag from /home/airflow/.local/lib/python3.12/site-packages/airflow/example_dags/example_nested_branch_dag.py
[2025-06-12T14:16:16.853+0000] {processor.py:840} INFO - DAG(s) 'example_nested_branch_dag' retrieved from /home/airflow/.local/lib/python3.12/site-packages/airflow/example_dags/example_nested_branch_dag.py
[2025-06-12T14:16:17.068+0000] {logging_mixin.py:188} INFO - [2025-06-12T14:16:17.068+0000] {dag.py:3096} INFO - Sync 1 DAGs
[2025-06-12T14:16:17.081+0000] {logging_mixin.py:188} INFO - [2025-06-12T14:16:17.081+0000] {dag.py:3954} INFO - Setting next_dagrun for example_nested_branch_dag to 2025-06-11 00:00:00+00:00, run_after=2025-06-12 00:00:00+00:00
[2025-06-12T14:16:17.095+0000] {processor.py:183} INFO - Processing /home/airflow/.local/lib/python3.12/site-packages/airflow/example_dags/example_nested_branch_dag.py took 0.271 seconds
[2025-06-12T14:16:47.552+0000] {processor.py:161} INFO - Started process (PID=178) to work on /home/airflow/.local/lib/python3.12/site-packages/airflow/example_dags/example_nested_branch_dag.py
[2025-06-12T14:16:47.555+0000] {processor.py:830} INFO - Processing file /home/airflow/.local/lib/python3.12/site-packages/airflow/example_dags/example_nested_branch_dag.py for tasks to queue
[2025-06-12T14:16:47.556+0000] {logging_mixin.py:188} INFO - [2025-06-12T14:16:47.556+0000] {dagbag.py:540} INFO - Filling up the DagBag from /home/airflow/.local/lib/python3.12/site-packages/airflow/example_dags/example_nested_branch_dag.py
[2025-06-12T14:16:47.571+0000] {processor.py:840} INFO - DAG(s) 'example_nested_branch_dag' retrieved from /home/airflow/.local/lib/python3.12/site-packages/airflow/example_dags/example_nested_branch_dag.py
[2025-06-12T14:16:47.591+0000] {logging_mixin.py:188} INFO - [2025-06-12T14:16:47.590+0000] {dag.py:3096} INFO - Sync 1 DAGs
[2025-06-12T14:16:47.612+0000] {logging_mixin.py:188} INFO - [2025-06-12T14:16:47.612+0000] {dag.py:3954} INFO - Setting next_dagrun for example_nested_branch_dag to 2025-06-11 00:00:00+00:00, run_after=2025-06-12 00:00:00+00:00
[2025-06-12T14:16:47.626+0000] {processor.py:183} INFO - Processing /home/airflow/.local/lib/python3.12/site-packages/airflow/example_dags/example_nested_branch_dag.py took 0.082 seconds
[2025-06-12T14:17:18.272+0000] {processor.py:161} INFO - Started process (PID=245) to work on /home/airflow/.local/lib/python3.12/site-packages/airflow/example_dags/example_nested_branch_dag.py
[2025-06-12T14:17:18.274+0000] {processor.py:830} INFO - Processing file /home/airflow/.local/lib/python3.12/site-packages/airflow/example_dags/example_nested_branch_dag.py for tasks to queue
[2025-06-12T14:17:18.279+0000] {logging_mixin.py:188} INFO - [2025-06-12T14:17:18.278+0000] {dagbag.py:540} INFO - Filling up the DagBag from /home/airflow/.local/lib/python3.12/site-packages/airflow/example_dags/example_nested_branch_dag.py
[2025-06-12T14:17:18.310+0000] {processor.py:840} INFO - DAG(s) 'example_nested_branch_dag' retrieved from /home/airflow/.local/lib/python3.12/site-packages/airflow/example_dags/example_nested_branch_dag.py
[2025-06-12T14:17:18.424+0000] {logging_mixin.py:188} INFO - [2025-06-12T14:17:18.424+0000] {dag.py:3096} INFO - Sync 1 DAGs
[2025-06-12T14:17:18.434+0000] {logging_mixin.py:188} INFO - [2025-06-12T14:17:18.434+0000] {dag.py:3954} INFO - Setting next_dagrun for example_nested_branch_dag to 2025-06-11 00:00:00+00:00, run_after=2025-06-12 00:00:00+00:00
[2025-06-12T14:17:18.450+0000] {processor.py:183} INFO - Processing /home/airflow/.local/lib/python3.12/site-packages/airflow/example_dags/example_nested_branch_dag.py took 0.185 seconds
[2025-06-12T14:17:49.389+0000] {processor.py:161} INFO - Started process (PID=318) to work on /home/airflow/.local/lib/python3.12/site-packages/airflow/example_dags/example_nested_branch_dag.py
[2025-06-12T14:17:49.390+0000] {processor.py:830} INFO - Processing file /home/airflow/.local/lib/python3.12/site-packages/airflow/example_dags/example_nested_branch_dag.py for tasks to queue
[2025-06-12T14:17:49.393+0000] {logging_mixin.py:188} INFO - [2025-06-12T14:17:49.392+0000] {dagbag.py:540} INFO - Filling up the DagBag from /home/airflow/.local/lib/python3.12/site-packages/airflow/example_dags/example_nested_branch_dag.py
[2025-06-12T14:17:49.409+0000] {processor.py:840} INFO - DAG(s) 'example_nested_branch_dag' retrieved from /home/airflow/.local/lib/python3.12/site-packages/airflow/example_dags/example_nested_branch_dag.py
[2025-06-12T14:17:49.436+0000] {logging_mixin.py:188} INFO - [2025-06-12T14:17:49.436+0000] {dag.py:3096} INFO - Sync 1 DAGs
[2025-06-12T14:17:49.458+0000] {logging_mixin.py:188} INFO - [2025-06-12T14:17:49.457+0000] {dag.py:3954} INFO - Setting next_dagrun for example_nested_branch_dag to 2025-06-11 00:00:00+00:00, run_after=2025-06-12 00:00:00+00:00
[2025-06-12T14:17:49.474+0000] {processor.py:183} INFO - Processing /home/airflow/.local/lib/python3.12/site-packages/airflow/example_dags/example_nested_branch_dag.py took 0.095 seconds
[2025-06-12T14:18:31.602+0000] {processor.py:161} INFO - Started process (PID=30) to work on /home/airflow/.local/lib/python3.12/site-packages/airflow/example_dags/example_nested_branch_dag.py
[2025-06-12T14:18:31.604+0000] {processor.py:830} INFO - Processing file /home/airflow/.local/lib/python3.12/site-packages/airflow/example_dags/example_nested_branch_dag.py for tasks to queue
[2025-06-12T14:18:31.607+0000] {logging_mixin.py:188} INFO - [2025-06-12T14:18:31.606+0000] {dagbag.py:540} INFO - Filling up the DagBag from /home/airflow/.local/lib/python3.12/site-packages/airflow/example_dags/example_nested_branch_dag.py
[2025-06-12T14:18:31.616+0000] {processor.py:840} INFO - DAG(s) 'example_nested_branch_dag' retrieved from /home/airflow/.local/lib/python3.12/site-packages/airflow/example_dags/example_nested_branch_dag.py
[2025-06-12T14:18:31.655+0000] {logging_mixin.py:188} INFO - [2025-06-12T14:18:31.654+0000] {dag.py:3096} INFO - Sync 1 DAGs
[2025-06-12T14:18:31.677+0000] {logging_mixin.py:188} INFO - [2025-06-12T14:18:31.677+0000] {dag.py:3954} INFO - Setting next_dagrun for example_nested_branch_dag to 2025-06-11 00:00:00+00:00, run_after=2025-06-12 00:00:00+00:00
[2025-06-12T14:18:31.700+0000] {processor.py:183} INFO - Processing /home/airflow/.local/lib/python3.12/site-packages/airflow/example_dags/example_nested_branch_dag.py took 0.103 seconds
[2025-06-12T14:19:02.048+0000] {processor.py:161} INFO - Started process (PID=102) to work on /home/airflow/.local/lib/python3.12/site-packages/airflow/example_dags/example_nested_branch_dag.py
[2025-06-12T14:19:02.051+0000] {processor.py:830} INFO - Processing file /home/airflow/.local/lib/python3.12/site-packages/airflow/example_dags/example_nested_branch_dag.py for tasks to queue
[2025-06-12T14:19:02.058+0000] {logging_mixin.py:188} INFO - [2025-06-12T14:19:02.058+0000] {dagbag.py:540} INFO - Filling up the DagBag from /home/airflow/.local/lib/python3.12/site-packages/airflow/example_dags/example_nested_branch_dag.py
[2025-06-12T14:19:02.074+0000] {processor.py:840} INFO - DAG(s) 'example_nested_branch_dag' retrieved from /home/airflow/.local/lib/python3.12/site-packages/airflow/example_dags/example_nested_branch_dag.py
[2025-06-12T14:19:02.085+0000] {logging_mixin.py:188} INFO - [2025-06-12T14:19:02.085+0000] {dag.py:3096} INFO - Sync 1 DAGs
[2025-06-12T14:19:02.102+0000] {logging_mixin.py:188} INFO - [2025-06-12T14:19:02.102+0000] {dag.py:3954} INFO - Setting next_dagrun for example_nested_branch_dag to 2025-06-11 00:00:00+00:00, run_after=2025-06-12 00:00:00+00:00
[2025-06-12T14:19:02.114+0000] {processor.py:183} INFO - Processing /home/airflow/.local/lib/python3.12/site-packages/airflow/example_dags/example_nested_branch_dag.py took 0.072 seconds
[2025-06-12T14:19:32.356+0000] {processor.py:161} INFO - Started process (PID=169) to work on /home/airflow/.local/lib/python3.12/site-packages/airflow/example_dags/example_nested_branch_dag.py
[2025-06-12T14:19:32.360+0000] {processor.py:830} INFO - Processing file /home/airflow/.local/lib/python3.12/site-packages/airflow/example_dags/example_nested_branch_dag.py for tasks to queue
[2025-06-12T14:19:32.362+0000] {logging_mixin.py:188} INFO - [2025-06-12T14:19:32.362+0000] {dagbag.py:540} INFO - Filling up the DagBag from /home/airflow/.local/lib/python3.12/site-packages/airflow/example_dags/example_nested_branch_dag.py
[2025-06-12T14:19:32.376+0000] {processor.py:840} INFO - DAG(s) 'example_nested_branch_dag' retrieved from /home/airflow/.local/lib/python3.12/site-packages/airflow/example_dags/example_nested_branch_dag.py
[2025-06-12T14:19:32.392+0000] {logging_mixin.py:188} INFO - [2025-06-12T14:19:32.391+0000] {dag.py:3096} INFO - Sync 1 DAGs
[2025-06-12T14:19:32.409+0000] {logging_mixin.py:188} INFO - [2025-06-12T14:19:32.409+0000] {dag.py:3954} INFO - Setting next_dagrun for example_nested_branch_dag to 2025-06-11 00:00:00+00:00, run_after=2025-06-12 00:00:00+00:00
[2025-06-12T14:19:32.420+0000] {processor.py:183} INFO - Processing /home/airflow/.local/lib/python3.12/site-packages/airflow/example_dags/example_nested_branch_dag.py took 0.072 seconds
[2025-06-12T14:20:02.715+0000] {processor.py:161} INFO - Started process (PID=242) to work on /home/airflow/.local/lib/python3.12/site-packages/airflow/example_dags/example_nested_branch_dag.py
[2025-06-12T14:20:02.718+0000] {processor.py:830} INFO - Processing file /home/airflow/.local/lib/python3.12/site-packages/airflow/example_dags/example_nested_branch_dag.py for tasks to queue
[2025-06-12T14:20:02.721+0000] {logging_mixin.py:188} INFO - [2025-06-12T14:20:02.721+0000] {dagbag.py:540} INFO - Filling up the DagBag from /home/airflow/.local/lib/python3.12/site-packages/airflow/example_dags/example_nested_branch_dag.py
[2025-06-12T14:20:02.741+0000] {processor.py:840} INFO - DAG(s) 'example_nested_branch_dag' retrieved from /home/airflow/.local/lib/python3.12/site-packages/airflow/example_dags/example_nested_branch_dag.py
[2025-06-12T14:20:02.818+0000] {logging_mixin.py:188} INFO - [2025-06-12T14:20:02.818+0000] {dag.py:3096} INFO - Sync 1 DAGs
[2025-06-12T14:20:02.830+0000] {logging_mixin.py:188} INFO - [2025-06-12T14:20:02.830+0000] {dag.py:3954} INFO - Setting next_dagrun for example_nested_branch_dag to 2025-06-11 00:00:00+00:00, run_after=2025-06-12 00:00:00+00:00
[2025-06-12T14:20:02.843+0000] {processor.py:183} INFO - Processing /home/airflow/.local/lib/python3.12/site-packages/airflow/example_dags/example_nested_branch_dag.py took 0.137 seconds
[2025-06-12T14:20:32.955+0000] {processor.py:161} INFO - Started process (PID=317) to work on /home/airflow/.local/lib/python3.12/site-packages/airflow/example_dags/example_nested_branch_dag.py
[2025-06-12T14:20:32.959+0000] {processor.py:830} INFO - Processing file /home/airflow/.local/lib/python3.12/site-packages/airflow/example_dags/example_nested_branch_dag.py for tasks to queue
[2025-06-12T14:20:32.961+0000] {logging_mixin.py:188} INFO - [2025-06-12T14:20:32.960+0000] {dagbag.py:540} INFO - Filling up the DagBag from /home/airflow/.local/lib/python3.12/site-packages/airflow/example_dags/example_nested_branch_dag.py
[2025-06-12T14:20:32.971+0000] {processor.py:840} INFO - DAG(s) 'example_nested_branch_dag' retrieved from /home/airflow/.local/lib/python3.12/site-packages/airflow/example_dags/example_nested_branch_dag.py
[2025-06-12T14:20:32.996+0000] {logging_mixin.py:188} INFO - [2025-06-12T14:20:32.996+0000] {dag.py:3096} INFO - Sync 1 DAGs
[2025-06-12T14:20:33.014+0000] {logging_mixin.py:188} INFO - [2025-06-12T14:20:33.013+0000] {dag.py:3954} INFO - Setting next_dagrun for example_nested_branch_dag to 2025-06-11 00:00:00+00:00, run_after=2025-06-12 00:00:00+00:00
[2025-06-12T14:20:33.030+0000] {processor.py:183} INFO - Processing /home/airflow/.local/lib/python3.12/site-packages/airflow/example_dags/example_nested_branch_dag.py took 0.081 seconds
[2025-06-12T14:21:03.586+0000] {processor.py:161} INFO - Started process (PID=384) to work on /home/airflow/.local/lib/python3.12/site-packages/airflow/example_dags/example_nested_branch_dag.py
[2025-06-12T14:21:03.592+0000] {processor.py:830} INFO - Processing file /home/airflow/.local/lib/python3.12/site-packages/airflow/example_dags/example_nested_branch_dag.py for tasks to queue
[2025-06-12T14:21:03.598+0000] {logging_mixin.py:188} INFO - [2025-06-12T14:21:03.598+0000] {dagbag.py:540} INFO - Filling up the DagBag from /home/airflow/.local/lib/python3.12/site-packages/airflow/example_dags/example_nested_branch_dag.py
[2025-06-12T14:21:03.628+0000] {processor.py:840} INFO - DAG(s) 'example_nested_branch_dag' retrieved from /home/airflow/.local/lib/python3.12/site-packages/airflow/example_dags/example_nested_branch_dag.py
[2025-06-12T14:21:03.655+0000] {logging_mixin.py:188} INFO - [2025-06-12T14:21:03.654+0000] {dag.py:3096} INFO - Sync 1 DAGs
[2025-06-12T14:21:03.674+0000] {logging_mixin.py:188} INFO - [2025-06-12T14:21:03.674+0000] {dag.py:3954} INFO - Setting next_dagrun for example_nested_branch_dag to 2025-06-11 00:00:00+00:00, run_after=2025-06-12 00:00:00+00:00
[2025-06-12T14:21:03.695+0000] {processor.py:183} INFO - Processing /home/airflow/.local/lib/python3.12/site-packages/airflow/example_dags/example_nested_branch_dag.py took 0.120 seconds
[2025-06-12T14:21:33.951+0000] {processor.py:161} INFO - Started process (PID=457) to work on /home/airflow/.local/lib/python3.12/site-packages/airflow/example_dags/example_nested_branch_dag.py
[2025-06-12T14:21:33.954+0000] {processor.py:830} INFO - Processing file /home/airflow/.local/lib/python3.12/site-packages/airflow/example_dags/example_nested_branch_dag.py for tasks to queue
[2025-06-12T14:21:33.958+0000] {logging_mixin.py:188} INFO - [2025-06-12T14:21:33.956+0000] {dagbag.py:540} INFO - Filling up the DagBag from /home/airflow/.local/lib/python3.12/site-packages/airflow/example_dags/example_nested_branch_dag.py
[2025-06-12T14:21:33.975+0000] {processor.py:840} INFO - DAG(s) 'example_nested_branch_dag' retrieved from /home/airflow/.local/lib/python3.12/site-packages/airflow/example_dags/example_nested_branch_dag.py
[2025-06-12T14:21:34.002+0000] {logging_mixin.py:188} INFO - [2025-06-12T14:21:34.002+0000] {dag.py:3096} INFO - Sync 1 DAGs
[2025-06-12T14:21:34.020+0000] {logging_mixin.py:188} INFO - [2025-06-12T14:21:34.019+0000] {dag.py:3954} INFO - Setting next_dagrun for example_nested_branch_dag to 2025-06-11 00:00:00+00:00, run_after=2025-06-12 00:00:00+00:00
[2025-06-12T14:21:34.031+0000] {processor.py:183} INFO - Processing /home/airflow/.local/lib/python3.12/site-packages/airflow/example_dags/example_nested_branch_dag.py took 0.088 seconds
[2025-06-12T14:22:04.169+0000] {processor.py:161} INFO - Started process (PID=524) to work on /home/airflow/.local/lib/python3.12/site-packages/airflow/example_dags/example_nested_branch_dag.py
[2025-06-12T14:22:04.170+0000] {processor.py:830} INFO - Processing file /home/airflow/.local/lib/python3.12/site-packages/airflow/example_dags/example_nested_branch_dag.py for tasks to queue
[2025-06-12T14:22:04.172+0000] {logging_mixin.py:188} INFO - [2025-06-12T14:22:04.172+0000] {dagbag.py:540} INFO - Filling up the DagBag from /home/airflow/.local/lib/python3.12/site-packages/airflow/example_dags/example_nested_branch_dag.py
[2025-06-12T14:22:04.183+0000] {processor.py:840} INFO - DAG(s) 'example_nested_branch_dag' retrieved from /home/airflow/.local/lib/python3.12/site-packages/airflow/example_dags/example_nested_branch_dag.py
[2025-06-12T14:22:04.206+0000] {logging_mixin.py:188} INFO - [2025-06-12T14:22:04.206+0000] {dag.py:3096} INFO - Sync 1 DAGs
[2025-06-12T14:22:04.225+0000] {logging_mixin.py:188} INFO - [2025-06-12T14:22:04.225+0000] {dag.py:3954} INFO - Setting next_dagrun for example_nested_branch_dag to 2025-06-11 00:00:00+00:00, run_after=2025-06-12 00:00:00+00:00
[2025-06-12T14:22:04.242+0000] {processor.py:183} INFO - Processing /home/airflow/.local/lib/python3.12/site-packages/airflow/example_dags/example_nested_branch_dag.py took 0.077 seconds
[2025-06-12T14:22:34.413+0000] {processor.py:161} INFO - Started process (PID=598) to work on /home/airflow/.local/lib/python3.12/site-packages/airflow/example_dags/example_nested_branch_dag.py
[2025-06-12T14:22:34.415+0000] {processor.py:830} INFO - Processing file /home/airflow/.local/lib/python3.12/site-packages/airflow/example_dags/example_nested_branch_dag.py for tasks to queue
[2025-06-12T14:22:34.418+0000] {logging_mixin.py:188} INFO - [2025-06-12T14:22:34.418+0000] {dagbag.py:540} INFO - Filling up the DagBag from /home/airflow/.local/lib/python3.12/site-packages/airflow/example_dags/example_nested_branch_dag.py
[2025-06-12T14:22:34.439+0000] {processor.py:840} INFO - DAG(s) 'example_nested_branch_dag' retrieved from /home/airflow/.local/lib/python3.12/site-packages/airflow/example_dags/example_nested_branch_dag.py
[2025-06-12T14:22:34.465+0000] {logging_mixin.py:188} INFO - [2025-06-12T14:22:34.465+0000] {dag.py:3096} INFO - Sync 1 DAGs
[2025-06-12T14:22:34.492+0000] {logging_mixin.py:188} INFO - [2025-06-12T14:22:34.492+0000] {dag.py:3954} INFO - Setting next_dagrun for example_nested_branch_dag to 2025-06-11 00:00:00+00:00, run_after=2025-06-12 00:00:00+00:00
[2025-06-12T14:22:34.510+0000] {processor.py:183} INFO - Processing /home/airflow/.local/lib/python3.12/site-packages/airflow/example_dags/example_nested_branch_dag.py took 0.104 seconds
[2025-06-12T14:23:04.531+0000] {processor.py:161} INFO - Started process (PID=671) to work on /home/airflow/.local/lib/python3.12/site-packages/airflow/example_dags/example_nested_branch_dag.py
[2025-06-12T14:23:04.533+0000] {processor.py:830} INFO - Processing file /home/airflow/.local/lib/python3.12/site-packages/airflow/example_dags/example_nested_branch_dag.py for tasks to queue
[2025-06-12T14:23:04.535+0000] {logging_mixin.py:188} INFO - [2025-06-12T14:23:04.535+0000] {dagbag.py:540} INFO - Filling up the DagBag from /home/airflow/.local/lib/python3.12/site-packages/airflow/example_dags/example_nested_branch_dag.py
[2025-06-12T14:23:04.546+0000] {processor.py:840} INFO - DAG(s) 'example_nested_branch_dag' retrieved from /home/airflow/.local/lib/python3.12/site-packages/airflow/example_dags/example_nested_branch_dag.py
[2025-06-12T14:23:04.560+0000] {logging_mixin.py:188} INFO - [2025-06-12T14:23:04.560+0000] {dag.py:3096} INFO - Sync 1 DAGs
[2025-06-12T14:23:04.571+0000] {logging_mixin.py:188} INFO - [2025-06-12T14:23:04.571+0000] {dag.py:3954} INFO - Setting next_dagrun for example_nested_branch_dag to 2025-06-11 00:00:00+00:00, run_after=2025-06-12 00:00:00+00:00
[2025-06-12T14:23:04.580+0000] {processor.py:183} INFO - Processing /home/airflow/.local/lib/python3.12/site-packages/airflow/example_dags/example_nested_branch_dag.py took 0.057 seconds
[2025-06-12T14:23:34.725+0000] {processor.py:161} INFO - Started process (PID=739) to work on /home/airflow/.local/lib/python3.12/site-packages/airflow/example_dags/example_nested_branch_dag.py
[2025-06-12T14:23:34.727+0000] {processor.py:830} INFO - Processing file /home/airflow/.local/lib/python3.12/site-packages/airflow/example_dags/example_nested_branch_dag.py for tasks to queue
[2025-06-12T14:23:34.729+0000] {logging_mixin.py:188} INFO - [2025-06-12T14:23:34.729+0000] {dagbag.py:540} INFO - Filling up the DagBag from /home/airflow/.local/lib/python3.12/site-packages/airflow/example_dags/example_nested_branch_dag.py
[2025-06-12T14:23:34.741+0000] {processor.py:840} INFO - DAG(s) 'example_nested_branch_dag' retrieved from /home/airflow/.local/lib/python3.12/site-packages/airflow/example_dags/example_nested_branch_dag.py
[2025-06-12T14:23:34.766+0000] {logging_mixin.py:188} INFO - [2025-06-12T14:23:34.766+0000] {dag.py:3096} INFO - Sync 1 DAGs
[2025-06-12T14:23:34.786+0000] {logging_mixin.py:188} INFO - [2025-06-12T14:23:34.786+0000] {dag.py:3954} INFO - Setting next_dagrun for example_nested_branch_dag to 2025-06-11 00:00:00+00:00, run_after=2025-06-12 00:00:00+00:00
[2025-06-12T14:23:34.800+0000] {processor.py:183} INFO - Processing /home/airflow/.local/lib/python3.12/site-packages/airflow/example_dags/example_nested_branch_dag.py took 0.080 seconds
[2025-06-12T14:24:05.451+0000] {processor.py:161} INFO - Started process (PID=813) to work on /home/airflow/.local/lib/python3.12/site-packages/airflow/example_dags/example_nested_branch_dag.py
[2025-06-12T14:24:05.454+0000] {processor.py:830} INFO - Processing file /home/airflow/.local/lib/python3.12/site-packages/airflow/example_dags/example_nested_branch_dag.py for tasks to queue
[2025-06-12T14:24:05.457+0000] {logging_mixin.py:188} INFO - [2025-06-12T14:24:05.457+0000] {dagbag.py:540} INFO - Filling up the DagBag from /home/airflow/.local/lib/python3.12/site-packages/airflow/example_dags/example_nested_branch_dag.py
[2025-06-12T14:24:05.470+0000] {processor.py:840} INFO - DAG(s) 'example_nested_branch_dag' retrieved from /home/airflow/.local/lib/python3.12/site-packages/airflow/example_dags/example_nested_branch_dag.py
[2025-06-12T14:24:05.489+0000] {logging_mixin.py:188} INFO - [2025-06-12T14:24:05.488+0000] {dag.py:3096} INFO - Sync 1 DAGs
[2025-06-12T14:24:05.501+0000] {logging_mixin.py:188} INFO - [2025-06-12T14:24:05.501+0000] {dag.py:3954} INFO - Setting next_dagrun for example_nested_branch_dag to 2025-06-11 00:00:00+00:00, run_after=2025-06-12 00:00:00+00:00
[2025-06-12T14:24:05.513+0000] {processor.py:183} INFO - Processing /home/airflow/.local/lib/python3.12/site-packages/airflow/example_dags/example_nested_branch_dag.py took 0.067 seconds
[2025-06-12T14:24:36.239+0000] {processor.py:161} INFO - Started process (PID=887) to work on /home/airflow/.local/lib/python3.12/site-packages/airflow/example_dags/example_nested_branch_dag.py
[2025-06-12T14:24:36.242+0000] {processor.py:830} INFO - Processing file /home/airflow/.local/lib/python3.12/site-packages/airflow/example_dags/example_nested_branch_dag.py for tasks to queue
[2025-06-12T14:24:36.245+0000] {logging_mixin.py:188} INFO - [2025-06-12T14:24:36.244+0000] {dagbag.py:540} INFO - Filling up the DagBag from /home/airflow/.local/lib/python3.12/site-packages/airflow/example_dags/example_nested_branch_dag.py
[2025-06-12T14:24:36.259+0000] {processor.py:840} INFO - DAG(s) 'example_nested_branch_dag' retrieved from /home/airflow/.local/lib/python3.12/site-packages/airflow/example_dags/example_nested_branch_dag.py
[2025-06-12T14:24:36.280+0000] {logging_mixin.py:188} INFO - [2025-06-12T14:24:36.280+0000] {dag.py:3096} INFO - Sync 1 DAGs
[2025-06-12T14:24:36.294+0000] {logging_mixin.py:188} INFO - [2025-06-12T14:24:36.294+0000] {dag.py:3954} INFO - Setting next_dagrun for example_nested_branch_dag to 2025-06-11 00:00:00+00:00, run_after=2025-06-12 00:00:00+00:00
[2025-06-12T14:24:36.307+0000] {processor.py:183} INFO - Processing /home/airflow/.local/lib/python3.12/site-packages/airflow/example_dags/example_nested_branch_dag.py took 0.073 seconds
[2025-06-12T14:25:06.519+0000] {processor.py:161} INFO - Started process (PID=954) to work on /home/airflow/.local/lib/python3.12/site-packages/airflow/example_dags/example_nested_branch_dag.py
[2025-06-12T14:25:06.521+0000] {processor.py:830} INFO - Processing file /home/airflow/.local/lib/python3.12/site-packages/airflow/example_dags/example_nested_branch_dag.py for tasks to queue
[2025-06-12T14:25:06.525+0000] {logging_mixin.py:188} INFO - [2025-06-12T14:25:06.524+0000] {dagbag.py:540} INFO - Filling up the DagBag from /home/airflow/.local/lib/python3.12/site-packages/airflow/example_dags/example_nested_branch_dag.py
[2025-06-12T14:25:06.538+0000] {processor.py:840} INFO - DAG(s) 'example_nested_branch_dag' retrieved from /home/airflow/.local/lib/python3.12/site-packages/airflow/example_dags/example_nested_branch_dag.py
[2025-06-12T14:25:06.567+0000] {logging_mixin.py:188} INFO - [2025-06-12T14:25:06.567+0000] {dag.py:3096} INFO - Sync 1 DAGs
[2025-06-12T14:25:06.584+0000] {logging_mixin.py:188} INFO - [2025-06-12T14:25:06.584+0000] {dag.py:3954} INFO - Setting next_dagrun for example_nested_branch_dag to 2025-06-11 00:00:00+00:00, run_after=2025-06-12 00:00:00+00:00
[2025-06-12T14:25:06.603+0000] {processor.py:183} INFO - Processing /home/airflow/.local/lib/python3.12/site-packages/airflow/example_dags/example_nested_branch_dag.py took 0.089 seconds
[2025-06-12T14:25:36.745+0000] {processor.py:161} INFO - Started process (PID=1028) to work on /home/airflow/.local/lib/python3.12/site-packages/airflow/example_dags/example_nested_branch_dag.py
[2025-06-12T14:25:36.749+0000] {processor.py:830} INFO - Processing file /home/airflow/.local/lib/python3.12/site-packages/airflow/example_dags/example_nested_branch_dag.py for tasks to queue
[2025-06-12T14:25:36.753+0000] {logging_mixin.py:188} INFO - [2025-06-12T14:25:36.753+0000] {dagbag.py:540} INFO - Filling up the DagBag from /home/airflow/.local/lib/python3.12/site-packages/airflow/example_dags/example_nested_branch_dag.py
[2025-06-12T14:25:36.772+0000] {processor.py:840} INFO - DAG(s) 'example_nested_branch_dag' retrieved from /home/airflow/.local/lib/python3.12/site-packages/airflow/example_dags/example_nested_branch_dag.py
[2025-06-12T14:25:36.797+0000] {logging_mixin.py:188} INFO - [2025-06-12T14:25:36.796+0000] {dag.py:3096} INFO - Sync 1 DAGs
[2025-06-12T14:25:36.813+0000] {logging_mixin.py:188} INFO - [2025-06-12T14:25:36.813+0000] {dag.py:3954} INFO - Setting next_dagrun for example_nested_branch_dag to 2025-06-11 00:00:00+00:00, run_after=2025-06-12 00:00:00+00:00
[2025-06-12T14:25:36.830+0000] {processor.py:183} INFO - Processing /home/airflow/.local/lib/python3.12/site-packages/airflow/example_dags/example_nested_branch_dag.py took 0.093 seconds
[2025-06-12T14:26:06.986+0000] {processor.py:161} INFO - Started process (PID=1095) to work on /home/airflow/.local/lib/python3.12/site-packages/airflow/example_dags/example_nested_branch_dag.py
[2025-06-12T14:26:06.990+0000] {processor.py:830} INFO - Processing file /home/airflow/.local/lib/python3.12/site-packages/airflow/example_dags/example_nested_branch_dag.py for tasks to queue
[2025-06-12T14:26:06.993+0000] {logging_mixin.py:188} INFO - [2025-06-12T14:26:06.993+0000] {dagbag.py:540} INFO - Filling up the DagBag from /home/airflow/.local/lib/python3.12/site-packages/airflow/example_dags/example_nested_branch_dag.py
[2025-06-12T14:26:07.009+0000] {processor.py:840} INFO - DAG(s) 'example_nested_branch_dag' retrieved from /home/airflow/.local/lib/python3.12/site-packages/airflow/example_dags/example_nested_branch_dag.py
[2025-06-12T14:26:07.037+0000] {logging_mixin.py:188} INFO - [2025-06-12T14:26:07.036+0000] {dag.py:3096} INFO - Sync 1 DAGs
[2025-06-12T14:26:07.055+0000] {logging_mixin.py:188} INFO - [2025-06-12T14:26:07.055+0000] {dag.py:3954} INFO - Setting next_dagrun for example_nested_branch_dag to 2025-06-11 00:00:00+00:00, run_after=2025-06-12 00:00:00+00:00
[2025-06-12T14:26:07.067+0000] {processor.py:183} INFO - Processing /home/airflow/.local/lib/python3.12/site-packages/airflow/example_dags/example_nested_branch_dag.py took 0.087 seconds
[2025-06-12T14:26:37.284+0000] {processor.py:161} INFO - Started process (PID=1169) to work on /home/airflow/.local/lib/python3.12/site-packages/airflow/example_dags/example_nested_branch_dag.py
[2025-06-12T14:26:37.286+0000] {processor.py:830} INFO - Processing file /home/airflow/.local/lib/python3.12/site-packages/airflow/example_dags/example_nested_branch_dag.py for tasks to queue
[2025-06-12T14:26:37.291+0000] {logging_mixin.py:188} INFO - [2025-06-12T14:26:37.290+0000] {dagbag.py:540} INFO - Filling up the DagBag from /home/airflow/.local/lib/python3.12/site-packages/airflow/example_dags/example_nested_branch_dag.py
[2025-06-12T14:26:37.310+0000] {processor.py:840} INFO - DAG(s) 'example_nested_branch_dag' retrieved from /home/airflow/.local/lib/python3.12/site-packages/airflow/example_dags/example_nested_branch_dag.py
[2025-06-12T14:26:37.333+0000] {logging_mixin.py:188} INFO - [2025-06-12T14:26:37.332+0000] {dag.py:3096} INFO - Sync 1 DAGs
[2025-06-12T14:26:37.346+0000] {logging_mixin.py:188} INFO - [2025-06-12T14:26:37.346+0000] {dag.py:3954} INFO - Setting next_dagrun for example_nested_branch_dag to 2025-06-11 00:00:00+00:00, run_after=2025-06-12 00:00:00+00:00
[2025-06-12T14:26:37.514+0000] {processor.py:183} INFO - Processing /home/airflow/.local/lib/python3.12/site-packages/airflow/example_dags/example_nested_branch_dag.py took 0.241 seconds
[2025-06-12T14:27:08.185+0000] {processor.py:161} INFO - Started process (PID=1243) to work on /home/airflow/.local/lib/python3.12/site-packages/airflow/example_dags/example_nested_branch_dag.py
[2025-06-12T14:27:08.187+0000] {processor.py:830} INFO - Processing file /home/airflow/.local/lib/python3.12/site-packages/airflow/example_dags/example_nested_branch_dag.py for tasks to queue
[2025-06-12T14:27:08.190+0000] {logging_mixin.py:188} INFO - [2025-06-12T14:27:08.189+0000] {dagbag.py:540} INFO - Filling up the DagBag from /home/airflow/.local/lib/python3.12/site-packages/airflow/example_dags/example_nested_branch_dag.py
[2025-06-12T14:27:08.204+0000] {processor.py:840} INFO - DAG(s) 'example_nested_branch_dag' retrieved from /home/airflow/.local/lib/python3.12/site-packages/airflow/example_dags/example_nested_branch_dag.py
[2025-06-12T14:27:08.223+0000] {logging_mixin.py:188} INFO - [2025-06-12T14:27:08.223+0000] {dag.py:3096} INFO - Sync 1 DAGs
[2025-06-12T14:27:08.235+0000] {logging_mixin.py:188} INFO - [2025-06-12T14:27:08.235+0000] {dag.py:3954} INFO - Setting next_dagrun for example_nested_branch_dag to 2025-06-11 00:00:00+00:00, run_after=2025-06-12 00:00:00+00:00
[2025-06-12T14:27:08.393+0000] {processor.py:183} INFO - Processing /home/airflow/.local/lib/python3.12/site-packages/airflow/example_dags/example_nested_branch_dag.py took 0.213 seconds
[2025-06-12T14:27:38.746+0000] {processor.py:161} INFO - Started process (PID=1310) to work on /home/airflow/.local/lib/python3.12/site-packages/airflow/example_dags/example_nested_branch_dag.py
[2025-06-12T14:27:38.748+0000] {processor.py:830} INFO - Processing file /home/airflow/.local/lib/python3.12/site-packages/airflow/example_dags/example_nested_branch_dag.py for tasks to queue
[2025-06-12T14:27:38.750+0000] {logging_mixin.py:188} INFO - [2025-06-12T14:27:38.750+0000] {dagbag.py:540} INFO - Filling up the DagBag from /home/airflow/.local/lib/python3.12/site-packages/airflow/example_dags/example_nested_branch_dag.py
[2025-06-12T14:27:38.765+0000] {processor.py:840} INFO - DAG(s) 'example_nested_branch_dag' retrieved from /home/airflow/.local/lib/python3.12/site-packages/airflow/example_dags/example_nested_branch_dag.py
[2025-06-12T14:27:38.785+0000] {logging_mixin.py:188} INFO - [2025-06-12T14:27:38.785+0000] {dag.py:3096} INFO - Sync 1 DAGs
[2025-06-12T14:27:38.798+0000] {logging_mixin.py:188} INFO - [2025-06-12T14:27:38.797+0000] {dag.py:3954} INFO - Setting next_dagrun for example_nested_branch_dag to 2025-06-11 00:00:00+00:00, run_after=2025-06-12 00:00:00+00:00
[2025-06-12T14:27:38.809+0000] {processor.py:183} INFO - Processing /home/airflow/.local/lib/python3.12/site-packages/airflow/example_dags/example_nested_branch_dag.py took 0.068 seconds
[2025-06-12T14:28:09.408+0000] {processor.py:161} INFO - Started process (PID=1384) to work on /home/airflow/.local/lib/python3.12/site-packages/airflow/example_dags/example_nested_branch_dag.py
[2025-06-12T14:28:09.410+0000] {processor.py:830} INFO - Processing file /home/airflow/.local/lib/python3.12/site-packages/airflow/example_dags/example_nested_branch_dag.py for tasks to queue
[2025-06-12T14:28:09.411+0000] {logging_mixin.py:188} INFO - [2025-06-12T14:28:09.411+0000] {dagbag.py:540} INFO - Filling up the DagBag from /home/airflow/.local/lib/python3.12/site-packages/airflow/example_dags/example_nested_branch_dag.py
[2025-06-12T14:28:09.418+0000] {processor.py:840} INFO - DAG(s) 'example_nested_branch_dag' retrieved from /home/airflow/.local/lib/python3.12/site-packages/airflow/example_dags/example_nested_branch_dag.py
[2025-06-12T14:28:09.442+0000] {logging_mixin.py:188} INFO - [2025-06-12T14:28:09.442+0000] {dag.py:3096} INFO - Sync 1 DAGs
[2025-06-12T14:28:09.459+0000] {logging_mixin.py:188} INFO - [2025-06-12T14:28:09.459+0000] {dag.py:3954} INFO - Setting next_dagrun for example_nested_branch_dag to 2025-06-11 00:00:00+00:00, run_after=2025-06-12 00:00:00+00:00
[2025-06-12T14:28:09.471+0000] {processor.py:183} INFO - Processing /home/airflow/.local/lib/python3.12/site-packages/airflow/example_dags/example_nested_branch_dag.py took 0.068 seconds
[2025-06-12T14:35:49.394+0000] {processor.py:161} INFO - Started process (PID=35) to work on /home/airflow/.local/lib/python3.12/site-packages/airflow/example_dags/example_nested_branch_dag.py
[2025-06-12T14:35:49.424+0000] {processor.py:830} INFO - Processing file /home/airflow/.local/lib/python3.12/site-packages/airflow/example_dags/example_nested_branch_dag.py for tasks to queue
[2025-06-12T14:35:49.432+0000] {logging_mixin.py:188} INFO - [2025-06-12T14:35:49.430+0000] {dagbag.py:540} INFO - Filling up the DagBag from /home/airflow/.local/lib/python3.12/site-packages/airflow/example_dags/example_nested_branch_dag.py
[2025-06-12T14:35:49.463+0000] {processor.py:840} INFO - DAG(s) 'example_nested_branch_dag' retrieved from /home/airflow/.local/lib/python3.12/site-packages/airflow/example_dags/example_nested_branch_dag.py
[2025-06-12T14:35:49.547+0000] {logging_mixin.py:188} INFO - [2025-06-12T14:35:49.547+0000] {dag.py:3096} INFO - Sync 1 DAGs
[2025-06-12T14:35:49.618+0000] {logging_mixin.py:188} INFO - [2025-06-12T14:35:49.618+0000] {dag.py:3954} INFO - Setting next_dagrun for example_nested_branch_dag to 2025-06-11 00:00:00+00:00, run_after=2025-06-12 00:00:00+00:00
[2025-06-12T14:35:49.645+0000] {processor.py:183} INFO - Processing /home/airflow/.local/lib/python3.12/site-packages/airflow/example_dags/example_nested_branch_dag.py took 0.267 seconds
[2025-06-12T14:36:20.156+0000] {processor.py:161} INFO - Started process (PID=102) to work on /home/airflow/.local/lib/python3.12/site-packages/airflow/example_dags/example_nested_branch_dag.py
[2025-06-12T14:36:20.157+0000] {processor.py:830} INFO - Processing file /home/airflow/.local/lib/python3.12/site-packages/airflow/example_dags/example_nested_branch_dag.py for tasks to queue
[2025-06-12T14:36:20.160+0000] {logging_mixin.py:188} INFO - [2025-06-12T14:36:20.160+0000] {dagbag.py:540} INFO - Filling up the DagBag from /home/airflow/.local/lib/python3.12/site-packages/airflow/example_dags/example_nested_branch_dag.py
[2025-06-12T14:36:20.174+0000] {processor.py:840} INFO - DAG(s) 'example_nested_branch_dag' retrieved from /home/airflow/.local/lib/python3.12/site-packages/airflow/example_dags/example_nested_branch_dag.py
[2025-06-12T14:36:20.370+0000] {logging_mixin.py:188} INFO - [2025-06-12T14:36:20.370+0000] {dag.py:3096} INFO - Sync 1 DAGs
[2025-06-12T14:36:20.383+0000] {logging_mixin.py:188} INFO - [2025-06-12T14:36:20.383+0000] {dag.py:3954} INFO - Setting next_dagrun for example_nested_branch_dag to 2025-06-11 00:00:00+00:00, run_after=2025-06-12 00:00:00+00:00
[2025-06-12T14:36:20.396+0000] {processor.py:183} INFO - Processing /home/airflow/.local/lib/python3.12/site-packages/airflow/example_dags/example_nested_branch_dag.py took 0.250 seconds
[2025-06-12T14:36:51.021+0000] {processor.py:161} INFO - Started process (PID=175) to work on /home/airflow/.local/lib/python3.12/site-packages/airflow/example_dags/example_nested_branch_dag.py
[2025-06-12T14:36:51.023+0000] {processor.py:830} INFO - Processing file /home/airflow/.local/lib/python3.12/site-packages/airflow/example_dags/example_nested_branch_dag.py for tasks to queue
[2025-06-12T14:36:51.025+0000] {logging_mixin.py:188} INFO - [2025-06-12T14:36:51.025+0000] {dagbag.py:540} INFO - Filling up the DagBag from /home/airflow/.local/lib/python3.12/site-packages/airflow/example_dags/example_nested_branch_dag.py
[2025-06-12T14:36:51.044+0000] {processor.py:840} INFO - DAG(s) 'example_nested_branch_dag' retrieved from /home/airflow/.local/lib/python3.12/site-packages/airflow/example_dags/example_nested_branch_dag.py
[2025-06-12T14:36:51.060+0000] {logging_mixin.py:188} INFO - [2025-06-12T14:36:51.060+0000] {dag.py:3096} INFO - Sync 1 DAGs
[2025-06-12T14:36:51.075+0000] {logging_mixin.py:188} INFO - [2025-06-12T14:36:51.074+0000] {dag.py:3954} INFO - Setting next_dagrun for example_nested_branch_dag to 2025-06-11 00:00:00+00:00, run_after=2025-06-12 00:00:00+00:00
[2025-06-12T14:36:51.085+0000] {processor.py:183} INFO - Processing /home/airflow/.local/lib/python3.12/site-packages/airflow/example_dags/example_nested_branch_dag.py took 0.069 seconds
[2025-06-12T14:37:21.442+0000] {processor.py:161} INFO - Started process (PID=242) to work on /home/airflow/.local/lib/python3.12/site-packages/airflow/example_dags/example_nested_branch_dag.py
[2025-06-12T14:37:21.445+0000] {processor.py:830} INFO - Processing file /home/airflow/.local/lib/python3.12/site-packages/airflow/example_dags/example_nested_branch_dag.py for tasks to queue
[2025-06-12T14:37:21.453+0000] {logging_mixin.py:188} INFO - [2025-06-12T14:37:21.452+0000] {dagbag.py:540} INFO - Filling up the DagBag from /home/airflow/.local/lib/python3.12/site-packages/airflow/example_dags/example_nested_branch_dag.py
[2025-06-12T14:37:21.483+0000] {processor.py:840} INFO - DAG(s) 'example_nested_branch_dag' retrieved from /home/airflow/.local/lib/python3.12/site-packages/airflow/example_dags/example_nested_branch_dag.py
[2025-06-12T14:37:21.521+0000] {logging_mixin.py:188} INFO - [2025-06-12T14:37:21.521+0000] {dag.py:3096} INFO - Sync 1 DAGs
[2025-06-12T14:37:21.541+0000] {logging_mixin.py:188} INFO - [2025-06-12T14:37:21.541+0000] {dag.py:3954} INFO - Setting next_dagrun for example_nested_branch_dag to 2025-06-11 00:00:00+00:00, run_after=2025-06-12 00:00:00+00:00
[2025-06-12T14:37:21.555+0000] {processor.py:183} INFO - Processing /home/airflow/.local/lib/python3.12/site-packages/airflow/example_dags/example_nested_branch_dag.py took 0.123 seconds
[2025-06-12T14:37:51.864+0000] {processor.py:161} INFO - Started process (PID=316) to work on /home/airflow/.local/lib/python3.12/site-packages/airflow/example_dags/example_nested_branch_dag.py
[2025-06-12T14:37:51.868+0000] {processor.py:830} INFO - Processing file /home/airflow/.local/lib/python3.12/site-packages/airflow/example_dags/example_nested_branch_dag.py for tasks to queue
[2025-06-12T14:37:51.871+0000] {logging_mixin.py:188} INFO - [2025-06-12T14:37:51.871+0000] {dagbag.py:540} INFO - Filling up the DagBag from /home/airflow/.local/lib/python3.12/site-packages/airflow/example_dags/example_nested_branch_dag.py
[2025-06-12T14:37:51.890+0000] {processor.py:840} INFO - DAG(s) 'example_nested_branch_dag' retrieved from /home/airflow/.local/lib/python3.12/site-packages/airflow/example_dags/example_nested_branch_dag.py
[2025-06-12T14:37:51.916+0000] {logging_mixin.py:188} INFO - [2025-06-12T14:37:51.916+0000] {dag.py:3096} INFO - Sync 1 DAGs
[2025-06-12T14:37:51.933+0000] {logging_mixin.py:188} INFO - [2025-06-12T14:37:51.932+0000] {dag.py:3954} INFO - Setting next_dagrun for example_nested_branch_dag to 2025-06-11 00:00:00+00:00, run_after=2025-06-12 00:00:00+00:00
[2025-06-12T14:37:51.945+0000] {processor.py:183} INFO - Processing /home/airflow/.local/lib/python3.12/site-packages/airflow/example_dags/example_nested_branch_dag.py took 0.089 seconds
[2025-06-12T14:38:22.329+0000] {processor.py:161} INFO - Started process (PID=391) to work on /home/airflow/.local/lib/python3.12/site-packages/airflow/example_dags/example_nested_branch_dag.py
[2025-06-12T14:38:22.333+0000] {processor.py:830} INFO - Processing file /home/airflow/.local/lib/python3.12/site-packages/airflow/example_dags/example_nested_branch_dag.py for tasks to queue
[2025-06-12T14:38:22.336+0000] {logging_mixin.py:188} INFO - [2025-06-12T14:38:22.336+0000] {dagbag.py:540} INFO - Filling up the DagBag from /home/airflow/.local/lib/python3.12/site-packages/airflow/example_dags/example_nested_branch_dag.py
[2025-06-12T14:38:22.356+0000] {processor.py:840} INFO - DAG(s) 'example_nested_branch_dag' retrieved from /home/airflow/.local/lib/python3.12/site-packages/airflow/example_dags/example_nested_branch_dag.py
[2025-06-12T14:38:22.406+0000] {logging_mixin.py:188} INFO - [2025-06-12T14:38:22.406+0000] {dag.py:3096} INFO - Sync 1 DAGs
[2025-06-12T14:38:22.434+0000] {logging_mixin.py:188} INFO - [2025-06-12T14:38:22.434+0000] {dag.py:3954} INFO - Setting next_dagrun for example_nested_branch_dag to 2025-06-11 00:00:00+00:00, run_after=2025-06-12 00:00:00+00:00
[2025-06-12T14:38:22.463+0000] {processor.py:183} INFO - Processing /home/airflow/.local/lib/python3.12/site-packages/airflow/example_dags/example_nested_branch_dag.py took 0.140 seconds
[2025-06-12T14:38:52.604+0000] {processor.py:161} INFO - Started process (PID=458) to work on /home/airflow/.local/lib/python3.12/site-packages/airflow/example_dags/example_nested_branch_dag.py
[2025-06-12T14:38:52.606+0000] {processor.py:830} INFO - Processing file /home/airflow/.local/lib/python3.12/site-packages/airflow/example_dags/example_nested_branch_dag.py for tasks to queue
[2025-06-12T14:38:52.613+0000] {logging_mixin.py:188} INFO - [2025-06-12T14:38:52.612+0000] {dagbag.py:540} INFO - Filling up the DagBag from /home/airflow/.local/lib/python3.12/site-packages/airflow/example_dags/example_nested_branch_dag.py
[2025-06-12T14:38:52.630+0000] {processor.py:840} INFO - DAG(s) 'example_nested_branch_dag' retrieved from /home/airflow/.local/lib/python3.12/site-packages/airflow/example_dags/example_nested_branch_dag.py
[2025-06-12T14:38:52.656+0000] {logging_mixin.py:188} INFO - [2025-06-12T14:38:52.656+0000] {dag.py:3096} INFO - Sync 1 DAGs
[2025-06-12T14:38:52.676+0000] {logging_mixin.py:188} INFO - [2025-06-12T14:38:52.676+0000] {dag.py:3954} INFO - Setting next_dagrun for example_nested_branch_dag to 2025-06-11 00:00:00+00:00, run_after=2025-06-12 00:00:00+00:00
[2025-06-12T14:38:52.690+0000] {processor.py:183} INFO - Processing /home/airflow/.local/lib/python3.12/site-packages/airflow/example_dags/example_nested_branch_dag.py took 0.091 seconds
[2025-06-12T14:39:22.904+0000] {processor.py:161} INFO - Started process (PID=532) to work on /home/airflow/.local/lib/python3.12/site-packages/airflow/example_dags/example_nested_branch_dag.py
[2025-06-12T14:39:22.907+0000] {processor.py:830} INFO - Processing file /home/airflow/.local/lib/python3.12/site-packages/airflow/example_dags/example_nested_branch_dag.py for tasks to queue
[2025-06-12T14:39:22.909+0000] {logging_mixin.py:188} INFO - [2025-06-12T14:39:22.908+0000] {dagbag.py:540} INFO - Filling up the DagBag from /home/airflow/.local/lib/python3.12/site-packages/airflow/example_dags/example_nested_branch_dag.py
[2025-06-12T14:39:22.930+0000] {processor.py:840} INFO - DAG(s) 'example_nested_branch_dag' retrieved from /home/airflow/.local/lib/python3.12/site-packages/airflow/example_dags/example_nested_branch_dag.py
[2025-06-12T14:39:22.963+0000] {logging_mixin.py:188} INFO - [2025-06-12T14:39:22.963+0000] {dag.py:3096} INFO - Sync 1 DAGs
[2025-06-12T14:39:22.978+0000] {logging_mixin.py:188} INFO - [2025-06-12T14:39:22.978+0000] {dag.py:3954} INFO - Setting next_dagrun for example_nested_branch_dag to 2025-06-11 00:00:00+00:00, run_after=2025-06-12 00:00:00+00:00
[2025-06-12T14:39:22.994+0000] {processor.py:183} INFO - Processing /home/airflow/.local/lib/python3.12/site-packages/airflow/example_dags/example_nested_branch_dag.py took 0.099 seconds
[2025-06-12T14:46:26.769+0000] {processor.py:161} INFO - Started process (PID=37) to work on /home/airflow/.local/lib/python3.12/site-packages/airflow/example_dags/example_nested_branch_dag.py
[2025-06-12T14:46:26.776+0000] {processor.py:830} INFO - Processing file /home/airflow/.local/lib/python3.12/site-packages/airflow/example_dags/example_nested_branch_dag.py for tasks to queue
[2025-06-12T14:46:26.784+0000] {logging_mixin.py:188} INFO - [2025-06-12T14:46:26.784+0000] {dagbag.py:540} INFO - Filling up the DagBag from /home/airflow/.local/lib/python3.12/site-packages/airflow/example_dags/example_nested_branch_dag.py
[2025-06-12T14:46:26.819+0000] {processor.py:840} INFO - DAG(s) 'example_nested_branch_dag' retrieved from /home/airflow/.local/lib/python3.12/site-packages/airflow/example_dags/example_nested_branch_dag.py
[2025-06-12T14:46:26.930+0000] {logging_mixin.py:188} INFO - [2025-06-12T14:46:26.929+0000] {dag.py:3096} INFO - Sync 1 DAGs
[2025-06-12T14:46:27.040+0000] {logging_mixin.py:188} INFO - [2025-06-12T14:46:27.039+0000] {dag.py:3954} INFO - Setting next_dagrun for example_nested_branch_dag to 2025-06-11 00:00:00+00:00, run_after=2025-06-12 00:00:00+00:00
[2025-06-12T14:46:27.126+0000] {processor.py:183} INFO - Processing /home/airflow/.local/lib/python3.12/site-packages/airflow/example_dags/example_nested_branch_dag.py took 0.398 seconds
[2025-06-12T14:46:57.537+0000] {processor.py:161} INFO - Started process (PID=104) to work on /home/airflow/.local/lib/python3.12/site-packages/airflow/example_dags/example_nested_branch_dag.py
[2025-06-12T14:46:57.539+0000] {processor.py:830} INFO - Processing file /home/airflow/.local/lib/python3.12/site-packages/airflow/example_dags/example_nested_branch_dag.py for tasks to queue
[2025-06-12T14:46:57.542+0000] {logging_mixin.py:188} INFO - [2025-06-12T14:46:57.542+0000] {dagbag.py:540} INFO - Filling up the DagBag from /home/airflow/.local/lib/python3.12/site-packages/airflow/example_dags/example_nested_branch_dag.py
[2025-06-12T14:46:57.550+0000] {processor.py:840} INFO - DAG(s) 'example_nested_branch_dag' retrieved from /home/airflow/.local/lib/python3.12/site-packages/airflow/example_dags/example_nested_branch_dag.py
[2025-06-12T14:46:57.674+0000] {logging_mixin.py:188} INFO - [2025-06-12T14:46:57.673+0000] {dag.py:3096} INFO - Sync 1 DAGs
[2025-06-12T14:46:57.696+0000] {logging_mixin.py:188} INFO - [2025-06-12T14:46:57.695+0000] {dag.py:3954} INFO - Setting next_dagrun for example_nested_branch_dag to 2025-06-11 00:00:00+00:00, run_after=2025-06-12 00:00:00+00:00
[2025-06-12T14:46:57.727+0000] {processor.py:183} INFO - Processing /home/airflow/.local/lib/python3.12/site-packages/airflow/example_dags/example_nested_branch_dag.py took 0.197 seconds
[2025-06-12T14:47:28.611+0000] {processor.py:161} INFO - Started process (PID=170) to work on /home/airflow/.local/lib/python3.12/site-packages/airflow/example_dags/example_nested_branch_dag.py
[2025-06-12T14:47:28.612+0000] {processor.py:830} INFO - Processing file /home/airflow/.local/lib/python3.12/site-packages/airflow/example_dags/example_nested_branch_dag.py for tasks to queue
[2025-06-12T14:47:28.614+0000] {logging_mixin.py:188} INFO - [2025-06-12T14:47:28.613+0000] {dagbag.py:540} INFO - Filling up the DagBag from /home/airflow/.local/lib/python3.12/site-packages/airflow/example_dags/example_nested_branch_dag.py
[2025-06-12T14:47:28.627+0000] {processor.py:840} INFO - DAG(s) 'example_nested_branch_dag' retrieved from /home/airflow/.local/lib/python3.12/site-packages/airflow/example_dags/example_nested_branch_dag.py
[2025-06-12T14:47:28.650+0000] {logging_mixin.py:188} INFO - [2025-06-12T14:47:28.650+0000] {dag.py:3096} INFO - Sync 1 DAGs
[2025-06-12T14:47:28.668+0000] {logging_mixin.py:188} INFO - [2025-06-12T14:47:28.667+0000] {dag.py:3954} INFO - Setting next_dagrun for example_nested_branch_dag to 2025-06-11 00:00:00+00:00, run_after=2025-06-12 00:00:00+00:00
[2025-06-12T14:47:28.683+0000] {processor.py:183} INFO - Processing /home/airflow/.local/lib/python3.12/site-packages/airflow/example_dags/example_nested_branch_dag.py took 0.077 seconds
[2025-06-12T14:47:59.177+0000] {processor.py:161} INFO - Started process (PID=244) to work on /home/airflow/.local/lib/python3.12/site-packages/airflow/example_dags/example_nested_branch_dag.py
[2025-06-12T14:47:59.183+0000] {processor.py:830} INFO - Processing file /home/airflow/.local/lib/python3.12/site-packages/airflow/example_dags/example_nested_branch_dag.py for tasks to queue
[2025-06-12T14:47:59.185+0000] {logging_mixin.py:188} INFO - [2025-06-12T14:47:59.185+0000] {dagbag.py:540} INFO - Filling up the DagBag from /home/airflow/.local/lib/python3.12/site-packages/airflow/example_dags/example_nested_branch_dag.py
[2025-06-12T14:47:59.195+0000] {processor.py:840} INFO - DAG(s) 'example_nested_branch_dag' retrieved from /home/airflow/.local/lib/python3.12/site-packages/airflow/example_dags/example_nested_branch_dag.py
[2025-06-12T14:47:59.211+0000] {logging_mixin.py:188} INFO - [2025-06-12T14:47:59.211+0000] {dag.py:3096} INFO - Sync 1 DAGs
[2025-06-12T14:47:59.227+0000] {logging_mixin.py:188} INFO - [2025-06-12T14:47:59.227+0000] {dag.py:3954} INFO - Setting next_dagrun for example_nested_branch_dag to 2025-06-11 00:00:00+00:00, run_after=2025-06-12 00:00:00+00:00
[2025-06-12T14:47:59.241+0000] {processor.py:183} INFO - Processing /home/airflow/.local/lib/python3.12/site-packages/airflow/example_dags/example_nested_branch_dag.py took 0.069 seconds
[2025-06-12T15:07:47.179+0000] {processor.py:161} INFO - Started process (PID=30) to work on /home/airflow/.local/lib/python3.12/site-packages/airflow/example_dags/example_nested_branch_dag.py
[2025-06-12T15:07:47.180+0000] {processor.py:830} INFO - Processing file /home/airflow/.local/lib/python3.12/site-packages/airflow/example_dags/example_nested_branch_dag.py for tasks to queue
[2025-06-12T15:07:47.185+0000] {logging_mixin.py:188} INFO - [2025-06-12T15:07:47.184+0000] {dagbag.py:540} INFO - Filling up the DagBag from /home/airflow/.local/lib/python3.12/site-packages/airflow/example_dags/example_nested_branch_dag.py
[2025-06-12T15:07:47.201+0000] {processor.py:840} INFO - DAG(s) 'example_nested_branch_dag' retrieved from /home/airflow/.local/lib/python3.12/site-packages/airflow/example_dags/example_nested_branch_dag.py
[2025-06-12T15:07:47.254+0000] {logging_mixin.py:188} INFO - [2025-06-12T15:07:47.253+0000] {dag.py:3096} INFO - Sync 1 DAGs
[2025-06-12T15:07:47.308+0000] {logging_mixin.py:188} INFO - [2025-06-12T15:07:47.308+0000] {dag.py:3954} INFO - Setting next_dagrun for example_nested_branch_dag to 2025-06-11 00:00:00+00:00, run_after=2025-06-12 00:00:00+00:00
[2025-06-12T15:07:47.330+0000] {processor.py:183} INFO - Processing /home/airflow/.local/lib/python3.12/site-packages/airflow/example_dags/example_nested_branch_dag.py took 0.155 seconds
[2025-06-12T15:08:18.044+0000] {processor.py:161} INFO - Started process (PID=104) to work on /home/airflow/.local/lib/python3.12/site-packages/airflow/example_dags/example_nested_branch_dag.py
[2025-06-12T15:08:18.046+0000] {processor.py:830} INFO - Processing file /home/airflow/.local/lib/python3.12/site-packages/airflow/example_dags/example_nested_branch_dag.py for tasks to queue
[2025-06-12T15:08:18.049+0000] {logging_mixin.py:188} INFO - [2025-06-12T15:08:18.048+0000] {dagbag.py:540} INFO - Filling up the DagBag from /home/airflow/.local/lib/python3.12/site-packages/airflow/example_dags/example_nested_branch_dag.py
[2025-06-12T15:08:18.068+0000] {processor.py:840} INFO - DAG(s) 'example_nested_branch_dag' retrieved from /home/airflow/.local/lib/python3.12/site-packages/airflow/example_dags/example_nested_branch_dag.py
[2025-06-12T15:08:18.227+0000] {logging_mixin.py:188} INFO - [2025-06-12T15:08:18.227+0000] {dag.py:3096} INFO - Sync 1 DAGs
[2025-06-12T15:08:18.242+0000] {logging_mixin.py:188} INFO - [2025-06-12T15:08:18.242+0000] {dag.py:3954} INFO - Setting next_dagrun for example_nested_branch_dag to 2025-06-11 00:00:00+00:00, run_after=2025-06-12 00:00:00+00:00
[2025-06-12T15:08:18.256+0000] {processor.py:183} INFO - Processing /home/airflow/.local/lib/python3.12/site-packages/airflow/example_dags/example_nested_branch_dag.py took 0.220 seconds
[2025-06-12T15:08:48.612+0000] {processor.py:161} INFO - Started process (PID=171) to work on /home/airflow/.local/lib/python3.12/site-packages/airflow/example_dags/example_nested_branch_dag.py
[2025-06-12T15:08:48.614+0000] {processor.py:830} INFO - Processing file /home/airflow/.local/lib/python3.12/site-packages/airflow/example_dags/example_nested_branch_dag.py for tasks to queue
[2025-06-12T15:08:48.618+0000] {logging_mixin.py:188} INFO - [2025-06-12T15:08:48.616+0000] {dagbag.py:540} INFO - Filling up the DagBag from /home/airflow/.local/lib/python3.12/site-packages/airflow/example_dags/example_nested_branch_dag.py
[2025-06-12T15:08:48.635+0000] {processor.py:840} INFO - DAG(s) 'example_nested_branch_dag' retrieved from /home/airflow/.local/lib/python3.12/site-packages/airflow/example_dags/example_nested_branch_dag.py
[2025-06-12T15:08:48.661+0000] {logging_mixin.py:188} INFO - [2025-06-12T15:08:48.661+0000] {dag.py:3096} INFO - Sync 1 DAGs
[2025-06-12T15:08:48.678+0000] {logging_mixin.py:188} INFO - [2025-06-12T15:08:48.678+0000] {dag.py:3954} INFO - Setting next_dagrun for example_nested_branch_dag to 2025-06-11 00:00:00+00:00, run_after=2025-06-12 00:00:00+00:00
[2025-06-12T15:08:48.693+0000] {processor.py:183} INFO - Processing /home/airflow/.local/lib/python3.12/site-packages/airflow/example_dags/example_nested_branch_dag.py took 0.097 seconds
[2025-06-12T15:09:18.844+0000] {processor.py:161} INFO - Started process (PID=245) to work on /home/airflow/.local/lib/python3.12/site-packages/airflow/example_dags/example_nested_branch_dag.py
[2025-06-12T15:09:18.845+0000] {processor.py:830} INFO - Processing file /home/airflow/.local/lib/python3.12/site-packages/airflow/example_dags/example_nested_branch_dag.py for tasks to queue
[2025-06-12T15:09:18.849+0000] {logging_mixin.py:188} INFO - [2025-06-12T15:09:18.849+0000] {dagbag.py:540} INFO - Filling up the DagBag from /home/airflow/.local/lib/python3.12/site-packages/airflow/example_dags/example_nested_branch_dag.py
[2025-06-12T15:09:18.867+0000] {processor.py:840} INFO - DAG(s) 'example_nested_branch_dag' retrieved from /home/airflow/.local/lib/python3.12/site-packages/airflow/example_dags/example_nested_branch_dag.py
[2025-06-12T15:09:18.893+0000] {logging_mixin.py:188} INFO - [2025-06-12T15:09:18.893+0000] {dag.py:3096} INFO - Sync 1 DAGs
[2025-06-12T15:09:18.907+0000] {logging_mixin.py:188} INFO - [2025-06-12T15:09:18.907+0000] {dag.py:3954} INFO - Setting next_dagrun for example_nested_branch_dag to 2025-06-11 00:00:00+00:00, run_after=2025-06-12 00:00:00+00:00
[2025-06-12T15:09:18.921+0000] {processor.py:183} INFO - Processing /home/airflow/.local/lib/python3.12/site-packages/airflow/example_dags/example_nested_branch_dag.py took 0.081 seconds
[2025-06-12T15:09:48.977+0000] {processor.py:161} INFO - Started process (PID=312) to work on /home/airflow/.local/lib/python3.12/site-packages/airflow/example_dags/example_nested_branch_dag.py
[2025-06-12T15:09:48.977+0000] {processor.py:830} INFO - Processing file /home/airflow/.local/lib/python3.12/site-packages/airflow/example_dags/example_nested_branch_dag.py for tasks to queue
[2025-06-12T15:09:48.980+0000] {logging_mixin.py:188} INFO - [2025-06-12T15:09:48.980+0000] {dagbag.py:540} INFO - Filling up the DagBag from /home/airflow/.local/lib/python3.12/site-packages/airflow/example_dags/example_nested_branch_dag.py
[2025-06-12T15:09:48.999+0000] {processor.py:840} INFO - DAG(s) 'example_nested_branch_dag' retrieved from /home/airflow/.local/lib/python3.12/site-packages/airflow/example_dags/example_nested_branch_dag.py
[2025-06-12T15:09:49.031+0000] {logging_mixin.py:188} INFO - [2025-06-12T15:09:49.031+0000] {dag.py:3096} INFO - Sync 1 DAGs
[2025-06-12T15:09:49.055+0000] {logging_mixin.py:188} INFO - [2025-06-12T15:09:49.055+0000] {dag.py:3954} INFO - Setting next_dagrun for example_nested_branch_dag to 2025-06-11 00:00:00+00:00, run_after=2025-06-12 00:00:00+00:00
[2025-06-12T15:09:49.071+0000] {processor.py:183} INFO - Processing /home/airflow/.local/lib/python3.12/site-packages/airflow/example_dags/example_nested_branch_dag.py took 0.100 seconds
[2025-06-12T15:10:19.523+0000] {processor.py:161} INFO - Started process (PID=386) to work on /home/airflow/.local/lib/python3.12/site-packages/airflow/example_dags/example_nested_branch_dag.py
[2025-06-12T15:10:19.524+0000] {processor.py:830} INFO - Processing file /home/airflow/.local/lib/python3.12/site-packages/airflow/example_dags/example_nested_branch_dag.py for tasks to queue
[2025-06-12T15:10:19.527+0000] {logging_mixin.py:188} INFO - [2025-06-12T15:10:19.527+0000] {dagbag.py:540} INFO - Filling up the DagBag from /home/airflow/.local/lib/python3.12/site-packages/airflow/example_dags/example_nested_branch_dag.py
[2025-06-12T15:10:19.541+0000] {processor.py:840} INFO - DAG(s) 'example_nested_branch_dag' retrieved from /home/airflow/.local/lib/python3.12/site-packages/airflow/example_dags/example_nested_branch_dag.py
[2025-06-12T15:10:19.560+0000] {logging_mixin.py:188} INFO - [2025-06-12T15:10:19.560+0000] {dag.py:3096} INFO - Sync 1 DAGs
[2025-06-12T15:10:19.577+0000] {logging_mixin.py:188} INFO - [2025-06-12T15:10:19.577+0000] {dag.py:3954} INFO - Setting next_dagrun for example_nested_branch_dag to 2025-06-11 00:00:00+00:00, run_after=2025-06-12 00:00:00+00:00
[2025-06-12T15:10:19.591+0000] {processor.py:183} INFO - Processing /home/airflow/.local/lib/python3.12/site-packages/airflow/example_dags/example_nested_branch_dag.py took 0.075 seconds
[2025-06-12T15:10:49.832+0000] {processor.py:161} INFO - Started process (PID=460) to work on /home/airflow/.local/lib/python3.12/site-packages/airflow/example_dags/example_nested_branch_dag.py
[2025-06-12T15:10:49.833+0000] {processor.py:830} INFO - Processing file /home/airflow/.local/lib/python3.12/site-packages/airflow/example_dags/example_nested_branch_dag.py for tasks to queue
[2025-06-12T15:10:49.836+0000] {logging_mixin.py:188} INFO - [2025-06-12T15:10:49.836+0000] {dagbag.py:540} INFO - Filling up the DagBag from /home/airflow/.local/lib/python3.12/site-packages/airflow/example_dags/example_nested_branch_dag.py
[2025-06-12T15:10:49.852+0000] {processor.py:840} INFO - DAG(s) 'example_nested_branch_dag' retrieved from /home/airflow/.local/lib/python3.12/site-packages/airflow/example_dags/example_nested_branch_dag.py
[2025-06-12T15:10:49.875+0000] {logging_mixin.py:188} INFO - [2025-06-12T15:10:49.875+0000] {dag.py:3096} INFO - Sync 1 DAGs
[2025-06-12T15:10:49.890+0000] {logging_mixin.py:188} INFO - [2025-06-12T15:10:49.890+0000] {dag.py:3954} INFO - Setting next_dagrun for example_nested_branch_dag to 2025-06-11 00:00:00+00:00, run_after=2025-06-12 00:00:00+00:00
[2025-06-12T15:10:49.902+0000] {processor.py:183} INFO - Processing /home/airflow/.local/lib/python3.12/site-packages/airflow/example_dags/example_nested_branch_dag.py took 0.077 seconds
[2025-06-12T15:11:20.062+0000] {processor.py:161} INFO - Started process (PID=526) to work on /home/airflow/.local/lib/python3.12/site-packages/airflow/example_dags/example_nested_branch_dag.py
[2025-06-12T15:11:20.064+0000] {processor.py:830} INFO - Processing file /home/airflow/.local/lib/python3.12/site-packages/airflow/example_dags/example_nested_branch_dag.py for tasks to queue
[2025-06-12T15:11:20.069+0000] {logging_mixin.py:188} INFO - [2025-06-12T15:11:20.068+0000] {dagbag.py:540} INFO - Filling up the DagBag from /home/airflow/.local/lib/python3.12/site-packages/airflow/example_dags/example_nested_branch_dag.py
[2025-06-12T15:11:20.087+0000] {processor.py:840} INFO - DAG(s) 'example_nested_branch_dag' retrieved from /home/airflow/.local/lib/python3.12/site-packages/airflow/example_dags/example_nested_branch_dag.py
[2025-06-12T15:11:20.114+0000] {logging_mixin.py:188} INFO - [2025-06-12T15:11:20.114+0000] {dag.py:3096} INFO - Sync 1 DAGs
[2025-06-12T15:11:20.134+0000] {logging_mixin.py:188} INFO - [2025-06-12T15:11:20.134+0000] {dag.py:3954} INFO - Setting next_dagrun for example_nested_branch_dag to 2025-06-11 00:00:00+00:00, run_after=2025-06-12 00:00:00+00:00
[2025-06-12T15:11:20.149+0000] {processor.py:183} INFO - Processing /home/airflow/.local/lib/python3.12/site-packages/airflow/example_dags/example_nested_branch_dag.py took 0.095 seconds
[2025-06-12T15:11:50.470+0000] {processor.py:161} INFO - Started process (PID=599) to work on /home/airflow/.local/lib/python3.12/site-packages/airflow/example_dags/example_nested_branch_dag.py
[2025-06-12T15:11:50.473+0000] {processor.py:830} INFO - Processing file /home/airflow/.local/lib/python3.12/site-packages/airflow/example_dags/example_nested_branch_dag.py for tasks to queue
[2025-06-12T15:11:50.476+0000] {logging_mixin.py:188} INFO - [2025-06-12T15:11:50.476+0000] {dagbag.py:540} INFO - Filling up the DagBag from /home/airflow/.local/lib/python3.12/site-packages/airflow/example_dags/example_nested_branch_dag.py
[2025-06-12T15:11:50.495+0000] {processor.py:840} INFO - DAG(s) 'example_nested_branch_dag' retrieved from /home/airflow/.local/lib/python3.12/site-packages/airflow/example_dags/example_nested_branch_dag.py
[2025-06-12T15:11:50.514+0000] {logging_mixin.py:188} INFO - [2025-06-12T15:11:50.514+0000] {dag.py:3096} INFO - Sync 1 DAGs
[2025-06-12T15:11:50.528+0000] {logging_mixin.py:188} INFO - [2025-06-12T15:11:50.528+0000] {dag.py:3954} INFO - Setting next_dagrun for example_nested_branch_dag to 2025-06-11 00:00:00+00:00, run_after=2025-06-12 00:00:00+00:00
[2025-06-12T15:11:50.540+0000] {processor.py:183} INFO - Processing /home/airflow/.local/lib/python3.12/site-packages/airflow/example_dags/example_nested_branch_dag.py took 0.085 seconds
[2025-06-12T15:12:20.804+0000] {processor.py:161} INFO - Started process (PID=672) to work on /home/airflow/.local/lib/python3.12/site-packages/airflow/example_dags/example_nested_branch_dag.py
[2025-06-12T15:12:20.805+0000] {processor.py:830} INFO - Processing file /home/airflow/.local/lib/python3.12/site-packages/airflow/example_dags/example_nested_branch_dag.py for tasks to queue
[2025-06-12T15:12:20.808+0000] {logging_mixin.py:188} INFO - [2025-06-12T15:12:20.808+0000] {dagbag.py:540} INFO - Filling up the DagBag from /home/airflow/.local/lib/python3.12/site-packages/airflow/example_dags/example_nested_branch_dag.py
[2025-06-12T15:12:20.823+0000] {processor.py:840} INFO - DAG(s) 'example_nested_branch_dag' retrieved from /home/airflow/.local/lib/python3.12/site-packages/airflow/example_dags/example_nested_branch_dag.py
[2025-06-12T15:12:20.843+0000] {logging_mixin.py:188} INFO - [2025-06-12T15:12:20.843+0000] {dag.py:3096} INFO - Sync 1 DAGs
[2025-06-12T15:12:20.863+0000] {logging_mixin.py:188} INFO - [2025-06-12T15:12:20.863+0000] {dag.py:3954} INFO - Setting next_dagrun for example_nested_branch_dag to 2025-06-11 00:00:00+00:00, run_after=2025-06-12 00:00:00+00:00
[2025-06-12T15:12:20.878+0000] {processor.py:183} INFO - Processing /home/airflow/.local/lib/python3.12/site-packages/airflow/example_dags/example_nested_branch_dag.py took 0.079 seconds
[2025-06-12T15:12:51.594+0000] {processor.py:161} INFO - Started process (PID=739) to work on /home/airflow/.local/lib/python3.12/site-packages/airflow/example_dags/example_nested_branch_dag.py
[2025-06-12T15:12:51.596+0000] {processor.py:830} INFO - Processing file /home/airflow/.local/lib/python3.12/site-packages/airflow/example_dags/example_nested_branch_dag.py for tasks to queue
[2025-06-12T15:12:51.598+0000] {logging_mixin.py:188} INFO - [2025-06-12T15:12:51.598+0000] {dagbag.py:540} INFO - Filling up the DagBag from /home/airflow/.local/lib/python3.12/site-packages/airflow/example_dags/example_nested_branch_dag.py
[2025-06-12T15:12:51.612+0000] {processor.py:840} INFO - DAG(s) 'example_nested_branch_dag' retrieved from /home/airflow/.local/lib/python3.12/site-packages/airflow/example_dags/example_nested_branch_dag.py
[2025-06-12T15:12:51.635+0000] {logging_mixin.py:188} INFO - [2025-06-12T15:12:51.635+0000] {dag.py:3096} INFO - Sync 1 DAGs
[2025-06-12T15:12:51.651+0000] {logging_mixin.py:188} INFO - [2025-06-12T15:12:51.651+0000] {dag.py:3954} INFO - Setting next_dagrun for example_nested_branch_dag to 2025-06-11 00:00:00+00:00, run_after=2025-06-12 00:00:00+00:00
[2025-06-12T15:12:51.667+0000] {processor.py:183} INFO - Processing /home/airflow/.local/lib/python3.12/site-packages/airflow/example_dags/example_nested_branch_dag.py took 0.078 seconds
[2025-06-12T15:13:21.744+0000] {processor.py:161} INFO - Started process (PID=813) to work on /home/airflow/.local/lib/python3.12/site-packages/airflow/example_dags/example_nested_branch_dag.py
[2025-06-12T15:13:21.746+0000] {processor.py:830} INFO - Processing file /home/airflow/.local/lib/python3.12/site-packages/airflow/example_dags/example_nested_branch_dag.py for tasks to queue
[2025-06-12T15:13:21.751+0000] {logging_mixin.py:188} INFO - [2025-06-12T15:13:21.750+0000] {dagbag.py:540} INFO - Filling up the DagBag from /home/airflow/.local/lib/python3.12/site-packages/airflow/example_dags/example_nested_branch_dag.py
[2025-06-12T15:13:21.767+0000] {processor.py:840} INFO - DAG(s) 'example_nested_branch_dag' retrieved from /home/airflow/.local/lib/python3.12/site-packages/airflow/example_dags/example_nested_branch_dag.py
[2025-06-12T15:13:21.788+0000] {logging_mixin.py:188} INFO - [2025-06-12T15:13:21.787+0000] {dag.py:3096} INFO - Sync 1 DAGs
[2025-06-12T15:13:21.802+0000] {logging_mixin.py:188} INFO - [2025-06-12T15:13:21.802+0000] {dag.py:3954} INFO - Setting next_dagrun for example_nested_branch_dag to 2025-06-11 00:00:00+00:00, run_after=2025-06-12 00:00:00+00:00
[2025-06-12T15:13:21.814+0000] {processor.py:183} INFO - Processing /home/airflow/.local/lib/python3.12/site-packages/airflow/example_dags/example_nested_branch_dag.py took 0.079 seconds
[2025-06-12T15:13:51.935+0000] {processor.py:161} INFO - Started process (PID=887) to work on /home/airflow/.local/lib/python3.12/site-packages/airflow/example_dags/example_nested_branch_dag.py
[2025-06-12T15:13:51.937+0000] {processor.py:830} INFO - Processing file /home/airflow/.local/lib/python3.12/site-packages/airflow/example_dags/example_nested_branch_dag.py for tasks to queue
[2025-06-12T15:13:51.943+0000] {logging_mixin.py:188} INFO - [2025-06-12T15:13:51.943+0000] {dagbag.py:540} INFO - Filling up the DagBag from /home/airflow/.local/lib/python3.12/site-packages/airflow/example_dags/example_nested_branch_dag.py
[2025-06-12T15:13:51.955+0000] {processor.py:840} INFO - DAG(s) 'example_nested_branch_dag' retrieved from /home/airflow/.local/lib/python3.12/site-packages/airflow/example_dags/example_nested_branch_dag.py
[2025-06-12T15:13:51.977+0000] {logging_mixin.py:188} INFO - [2025-06-12T15:13:51.977+0000] {dag.py:3096} INFO - Sync 1 DAGs
[2025-06-12T15:13:51.994+0000] {logging_mixin.py:188} INFO - [2025-06-12T15:13:51.994+0000] {dag.py:3954} INFO - Setting next_dagrun for example_nested_branch_dag to 2025-06-11 00:00:00+00:00, run_after=2025-06-12 00:00:00+00:00
[2025-06-12T15:13:52.008+0000] {processor.py:183} INFO - Processing /home/airflow/.local/lib/python3.12/site-packages/airflow/example_dags/example_nested_branch_dag.py took 0.079 seconds
[2025-06-12T15:14:22.327+0000] {processor.py:161} INFO - Started process (PID=954) to work on /home/airflow/.local/lib/python3.12/site-packages/airflow/example_dags/example_nested_branch_dag.py
[2025-06-12T15:14:22.329+0000] {processor.py:830} INFO - Processing file /home/airflow/.local/lib/python3.12/site-packages/airflow/example_dags/example_nested_branch_dag.py for tasks to queue
[2025-06-12T15:14:22.331+0000] {logging_mixin.py:188} INFO - [2025-06-12T15:14:22.331+0000] {dagbag.py:540} INFO - Filling up the DagBag from /home/airflow/.local/lib/python3.12/site-packages/airflow/example_dags/example_nested_branch_dag.py
[2025-06-12T15:14:22.341+0000] {processor.py:840} INFO - DAG(s) 'example_nested_branch_dag' retrieved from /home/airflow/.local/lib/python3.12/site-packages/airflow/example_dags/example_nested_branch_dag.py
[2025-06-12T15:14:22.368+0000] {logging_mixin.py:188} INFO - [2025-06-12T15:14:22.368+0000] {dag.py:3096} INFO - Sync 1 DAGs
[2025-06-12T15:14:22.386+0000] {logging_mixin.py:188} INFO - [2025-06-12T15:14:22.386+0000] {dag.py:3954} INFO - Setting next_dagrun for example_nested_branch_dag to 2025-06-11 00:00:00+00:00, run_after=2025-06-12 00:00:00+00:00
[2025-06-12T15:14:22.400+0000] {processor.py:183} INFO - Processing /home/airflow/.local/lib/python3.12/site-packages/airflow/example_dags/example_nested_branch_dag.py took 0.081 seconds
[2025-06-12T15:14:52.519+0000] {processor.py:161} INFO - Started process (PID=1029) to work on /home/airflow/.local/lib/python3.12/site-packages/airflow/example_dags/example_nested_branch_dag.py
[2025-06-12T15:14:52.521+0000] {processor.py:830} INFO - Processing file /home/airflow/.local/lib/python3.12/site-packages/airflow/example_dags/example_nested_branch_dag.py for tasks to queue
[2025-06-12T15:14:52.523+0000] {logging_mixin.py:188} INFO - [2025-06-12T15:14:52.523+0000] {dagbag.py:540} INFO - Filling up the DagBag from /home/airflow/.local/lib/python3.12/site-packages/airflow/example_dags/example_nested_branch_dag.py
[2025-06-12T15:14:52.541+0000] {processor.py:840} INFO - DAG(s) 'example_nested_branch_dag' retrieved from /home/airflow/.local/lib/python3.12/site-packages/airflow/example_dags/example_nested_branch_dag.py
[2025-06-12T15:14:52.561+0000] {logging_mixin.py:188} INFO - [2025-06-12T15:14:52.561+0000] {dag.py:3096} INFO - Sync 1 DAGs
[2025-06-12T15:14:52.579+0000] {logging_mixin.py:188} INFO - [2025-06-12T15:14:52.579+0000] {dag.py:3954} INFO - Setting next_dagrun for example_nested_branch_dag to 2025-06-11 00:00:00+00:00, run_after=2025-06-12 00:00:00+00:00
[2025-06-12T15:14:52.592+0000] {processor.py:183} INFO - Processing /home/airflow/.local/lib/python3.12/site-packages/airflow/example_dags/example_nested_branch_dag.py took 0.086 seconds
[2025-06-12T15:15:22.984+0000] {processor.py:161} INFO - Started process (PID=1096) to work on /home/airflow/.local/lib/python3.12/site-packages/airflow/example_dags/example_nested_branch_dag.py
[2025-06-12T15:15:22.987+0000] {processor.py:830} INFO - Processing file /home/airflow/.local/lib/python3.12/site-packages/airflow/example_dags/example_nested_branch_dag.py for tasks to queue
[2025-06-12T15:15:22.989+0000] {logging_mixin.py:188} INFO - [2025-06-12T15:15:22.989+0000] {dagbag.py:540} INFO - Filling up the DagBag from /home/airflow/.local/lib/python3.12/site-packages/airflow/example_dags/example_nested_branch_dag.py
[2025-06-12T15:15:23.012+0000] {processor.py:840} INFO - DAG(s) 'example_nested_branch_dag' retrieved from /home/airflow/.local/lib/python3.12/site-packages/airflow/example_dags/example_nested_branch_dag.py
[2025-06-12T15:15:23.037+0000] {logging_mixin.py:188} INFO - [2025-06-12T15:15:23.036+0000] {dag.py:3096} INFO - Sync 1 DAGs
[2025-06-12T15:15:23.051+0000] {logging_mixin.py:188} INFO - [2025-06-12T15:15:23.051+0000] {dag.py:3954} INFO - Setting next_dagrun for example_nested_branch_dag to 2025-06-11 00:00:00+00:00, run_after=2025-06-12 00:00:00+00:00
[2025-06-12T15:15:23.063+0000] {processor.py:183} INFO - Processing /home/airflow/.local/lib/python3.12/site-packages/airflow/example_dags/example_nested_branch_dag.py took 0.085 seconds
[2025-06-12T15:15:53.568+0000] {processor.py:161} INFO - Started process (PID=1170) to work on /home/airflow/.local/lib/python3.12/site-packages/airflow/example_dags/example_nested_branch_dag.py
[2025-06-12T15:15:53.570+0000] {processor.py:830} INFO - Processing file /home/airflow/.local/lib/python3.12/site-packages/airflow/example_dags/example_nested_branch_dag.py for tasks to queue
[2025-06-12T15:15:53.572+0000] {logging_mixin.py:188} INFO - [2025-06-12T15:15:53.572+0000] {dagbag.py:540} INFO - Filling up the DagBag from /home/airflow/.local/lib/python3.12/site-packages/airflow/example_dags/example_nested_branch_dag.py
[2025-06-12T15:15:53.591+0000] {processor.py:840} INFO - DAG(s) 'example_nested_branch_dag' retrieved from /home/airflow/.local/lib/python3.12/site-packages/airflow/example_dags/example_nested_branch_dag.py
[2025-06-12T15:15:53.628+0000] {logging_mixin.py:188} INFO - [2025-06-12T15:15:53.628+0000] {dag.py:3096} INFO - Sync 1 DAGs
[2025-06-12T15:15:53.647+0000] {logging_mixin.py:188} INFO - [2025-06-12T15:15:53.647+0000] {dag.py:3954} INFO - Setting next_dagrun for example_nested_branch_dag to 2025-06-11 00:00:00+00:00, run_after=2025-06-12 00:00:00+00:00
[2025-06-12T15:15:53.662+0000] {processor.py:183} INFO - Processing /home/airflow/.local/lib/python3.12/site-packages/airflow/example_dags/example_nested_branch_dag.py took 0.105 seconds
[2025-06-12T15:16:23.764+0000] {processor.py:161} INFO - Started process (PID=1244) to work on /home/airflow/.local/lib/python3.12/site-packages/airflow/example_dags/example_nested_branch_dag.py
[2025-06-12T15:16:23.766+0000] {processor.py:830} INFO - Processing file /home/airflow/.local/lib/python3.12/site-packages/airflow/example_dags/example_nested_branch_dag.py for tasks to queue
[2025-06-12T15:16:23.773+0000] {logging_mixin.py:188} INFO - [2025-06-12T15:16:23.772+0000] {dagbag.py:540} INFO - Filling up the DagBag from /home/airflow/.local/lib/python3.12/site-packages/airflow/example_dags/example_nested_branch_dag.py
[2025-06-12T15:16:23.789+0000] {processor.py:840} INFO - DAG(s) 'example_nested_branch_dag' retrieved from /home/airflow/.local/lib/python3.12/site-packages/airflow/example_dags/example_nested_branch_dag.py
[2025-06-12T15:16:23.811+0000] {logging_mixin.py:188} INFO - [2025-06-12T15:16:23.811+0000] {dag.py:3096} INFO - Sync 1 DAGs
[2025-06-12T15:16:23.824+0000] {logging_mixin.py:188} INFO - [2025-06-12T15:16:23.824+0000] {dag.py:3954} INFO - Setting next_dagrun for example_nested_branch_dag to 2025-06-11 00:00:00+00:00, run_after=2025-06-12 00:00:00+00:00
[2025-06-12T15:16:23.840+0000] {processor.py:183} INFO - Processing /home/airflow/.local/lib/python3.12/site-packages/airflow/example_dags/example_nested_branch_dag.py took 0.081 seconds
[2025-06-12T15:16:54.329+0000] {processor.py:161} INFO - Started process (PID=1311) to work on /home/airflow/.local/lib/python3.12/site-packages/airflow/example_dags/example_nested_branch_dag.py
[2025-06-12T15:16:54.331+0000] {processor.py:830} INFO - Processing file /home/airflow/.local/lib/python3.12/site-packages/airflow/example_dags/example_nested_branch_dag.py for tasks to queue
[2025-06-12T15:16:54.334+0000] {logging_mixin.py:188} INFO - [2025-06-12T15:16:54.334+0000] {dagbag.py:540} INFO - Filling up the DagBag from /home/airflow/.local/lib/python3.12/site-packages/airflow/example_dags/example_nested_branch_dag.py
[2025-06-12T15:16:54.352+0000] {processor.py:840} INFO - DAG(s) 'example_nested_branch_dag' retrieved from /home/airflow/.local/lib/python3.12/site-packages/airflow/example_dags/example_nested_branch_dag.py
[2025-06-12T15:16:54.376+0000] {logging_mixin.py:188} INFO - [2025-06-12T15:16:54.376+0000] {dag.py:3096} INFO - Sync 1 DAGs
[2025-06-12T15:16:54.533+0000] {logging_mixin.py:188} INFO - [2025-06-12T15:16:54.533+0000] {dag.py:3954} INFO - Setting next_dagrun for example_nested_branch_dag to 2025-06-11 00:00:00+00:00, run_after=2025-06-12 00:00:00+00:00
[2025-06-12T15:16:54.545+0000] {processor.py:183} INFO - Processing /home/airflow/.local/lib/python3.12/site-packages/airflow/example_dags/example_nested_branch_dag.py took 0.222 seconds
[2025-06-12T15:17:24.818+0000] {processor.py:161} INFO - Started process (PID=1385) to work on /home/airflow/.local/lib/python3.12/site-packages/airflow/example_dags/example_nested_branch_dag.py
[2025-06-12T15:17:24.819+0000] {processor.py:830} INFO - Processing file /home/airflow/.local/lib/python3.12/site-packages/airflow/example_dags/example_nested_branch_dag.py for tasks to queue
[2025-06-12T15:17:24.822+0000] {logging_mixin.py:188} INFO - [2025-06-12T15:17:24.822+0000] {dagbag.py:540} INFO - Filling up the DagBag from /home/airflow/.local/lib/python3.12/site-packages/airflow/example_dags/example_nested_branch_dag.py
[2025-06-12T15:17:24.843+0000] {processor.py:840} INFO - DAG(s) 'example_nested_branch_dag' retrieved from /home/airflow/.local/lib/python3.12/site-packages/airflow/example_dags/example_nested_branch_dag.py
[2025-06-12T15:17:24.873+0000] {logging_mixin.py:188} INFO - [2025-06-12T15:17:24.872+0000] {dag.py:3096} INFO - Sync 1 DAGs
[2025-06-12T15:17:24.888+0000] {logging_mixin.py:188} INFO - [2025-06-12T15:17:24.888+0000] {dag.py:3954} INFO - Setting next_dagrun for example_nested_branch_dag to 2025-06-11 00:00:00+00:00, run_after=2025-06-12 00:00:00+00:00
[2025-06-12T15:17:25.103+0000] {processor.py:183} INFO - Processing /home/airflow/.local/lib/python3.12/site-packages/airflow/example_dags/example_nested_branch_dag.py took 0.291 seconds
[2025-06-12T15:17:55.520+0000] {processor.py:161} INFO - Started process (PID=1459) to work on /home/airflow/.local/lib/python3.12/site-packages/airflow/example_dags/example_nested_branch_dag.py
[2025-06-12T15:17:55.521+0000] {processor.py:830} INFO - Processing file /home/airflow/.local/lib/python3.12/site-packages/airflow/example_dags/example_nested_branch_dag.py for tasks to queue
[2025-06-12T15:17:55.524+0000] {logging_mixin.py:188} INFO - [2025-06-12T15:17:55.524+0000] {dagbag.py:540} INFO - Filling up the DagBag from /home/airflow/.local/lib/python3.12/site-packages/airflow/example_dags/example_nested_branch_dag.py
[2025-06-12T15:17:55.544+0000] {processor.py:840} INFO - DAG(s) 'example_nested_branch_dag' retrieved from /home/airflow/.local/lib/python3.12/site-packages/airflow/example_dags/example_nested_branch_dag.py
[2025-06-12T15:17:55.585+0000] {logging_mixin.py:188} INFO - [2025-06-12T15:17:55.585+0000] {dag.py:3096} INFO - Sync 1 DAGs
[2025-06-12T15:17:55.603+0000] {logging_mixin.py:188} INFO - [2025-06-12T15:17:55.603+0000] {dag.py:3954} INFO - Setting next_dagrun for example_nested_branch_dag to 2025-06-11 00:00:00+00:00, run_after=2025-06-12 00:00:00+00:00
[2025-06-12T15:17:55.624+0000] {processor.py:183} INFO - Processing /home/airflow/.local/lib/python3.12/site-packages/airflow/example_dags/example_nested_branch_dag.py took 0.113 seconds
[2025-06-12T15:18:25.719+0000] {processor.py:161} INFO - Started process (PID=1526) to work on /home/airflow/.local/lib/python3.12/site-packages/airflow/example_dags/example_nested_branch_dag.py
[2025-06-12T15:18:25.721+0000] {processor.py:830} INFO - Processing file /home/airflow/.local/lib/python3.12/site-packages/airflow/example_dags/example_nested_branch_dag.py for tasks to queue
[2025-06-12T15:18:25.724+0000] {logging_mixin.py:188} INFO - [2025-06-12T15:18:25.723+0000] {dagbag.py:540} INFO - Filling up the DagBag from /home/airflow/.local/lib/python3.12/site-packages/airflow/example_dags/example_nested_branch_dag.py
[2025-06-12T15:18:25.739+0000] {processor.py:840} INFO - DAG(s) 'example_nested_branch_dag' retrieved from /home/airflow/.local/lib/python3.12/site-packages/airflow/example_dags/example_nested_branch_dag.py
[2025-06-12T15:18:25.759+0000] {logging_mixin.py:188} INFO - [2025-06-12T15:18:25.759+0000] {dag.py:3096} INFO - Sync 1 DAGs
[2025-06-12T15:18:25.774+0000] {logging_mixin.py:188} INFO - [2025-06-12T15:18:25.774+0000] {dag.py:3954} INFO - Setting next_dagrun for example_nested_branch_dag to 2025-06-11 00:00:00+00:00, run_after=2025-06-12 00:00:00+00:00
[2025-06-12T15:18:25.786+0000] {processor.py:183} INFO - Processing /home/airflow/.local/lib/python3.12/site-packages/airflow/example_dags/example_nested_branch_dag.py took 0.074 seconds
