[2025-06-12T13:58:37.921+0000] {processor.py:161} INFO - Started process (PID=55) to work on /home/airflow/.local/lib/python3.12/site-packages/airflow/example_dags/example_setup_teardown.py
[2025-06-12T13:58:37.924+0000] {processor.py:830} INFO - Processing file /home/airflow/.local/lib/python3.12/site-packages/airflow/example_dags/example_setup_teardown.py for tasks to queue
[2025-06-12T13:58:37.929+0000] {logging_mixin.py:188} INFO - [2025-06-12T13:58:37.928+0000] {dagbag.py:540} INFO - Filling up the DagBag from /home/airflow/.local/lib/python3.12/site-packages/airflow/example_dags/example_setup_teardown.py
[2025-06-12T13:58:37.945+0000] {processor.py:840} INFO - DAG(s) 'example_setup_teardown' retrieved from /home/airflow/.local/lib/python3.12/site-packages/airflow/example_dags/example_setup_teardown.py
[2025-06-12T13:58:37.981+0000] {logging_mixin.py:188} INFO - [2025-06-12T13:58:37.980+0000] {dag.py:3096} INFO - Sync 1 DAGs
[2025-06-12T13:58:38.039+0000] {logging_mixin.py:188} INFO - [2025-06-12T13:58:38.039+0000] {dag.py:3954} INFO - Setting next_dagrun for example_setup_teardown to 2025-06-11 00:00:00+00:00, run_after=2025-06-12 00:00:00+00:00
[2025-06-12T13:58:38.090+0000] {processor.py:183} INFO - Processing /home/airflow/.local/lib/python3.12/site-packages/airflow/example_dags/example_setup_teardown.py took 0.176 seconds
[2025-06-12T13:59:08.731+0000] {processor.py:161} INFO - Started process (PID=122) to work on /home/airflow/.local/lib/python3.12/site-packages/airflow/example_dags/example_setup_teardown.py
[2025-06-12T13:59:08.733+0000] {processor.py:830} INFO - Processing file /home/airflow/.local/lib/python3.12/site-packages/airflow/example_dags/example_setup_teardown.py for tasks to queue
[2025-06-12T13:59:08.734+0000] {logging_mixin.py:188} INFO - [2025-06-12T13:59:08.734+0000] {dagbag.py:540} INFO - Filling up the DagBag from /home/airflow/.local/lib/python3.12/site-packages/airflow/example_dags/example_setup_teardown.py
[2025-06-12T13:59:08.737+0000] {processor.py:840} INFO - DAG(s) 'example_setup_teardown' retrieved from /home/airflow/.local/lib/python3.12/site-packages/airflow/example_dags/example_setup_teardown.py
[2025-06-12T13:59:08.781+0000] {logging_mixin.py:188} INFO - [2025-06-12T13:59:08.781+0000] {dag.py:3096} INFO - Sync 1 DAGs
[2025-06-12T13:59:08.789+0000] {logging_mixin.py:188} INFO - [2025-06-12T13:59:08.789+0000] {dag.py:3954} INFO - Setting next_dagrun for example_setup_teardown to 2025-06-11 00:00:00+00:00, run_after=2025-06-12 00:00:00+00:00
[2025-06-12T13:59:08.800+0000] {processor.py:183} INFO - Processing /home/airflow/.local/lib/python3.12/site-packages/airflow/example_dags/example_setup_teardown.py took 0.072 seconds
[2025-06-12T13:59:39.788+0000] {processor.py:161} INFO - Started process (PID=189) to work on /home/airflow/.local/lib/python3.12/site-packages/airflow/example_dags/example_setup_teardown.py
[2025-06-12T13:59:39.789+0000] {processor.py:830} INFO - Processing file /home/airflow/.local/lib/python3.12/site-packages/airflow/example_dags/example_setup_teardown.py for tasks to queue
[2025-06-12T13:59:39.789+0000] {logging_mixin.py:188} INFO - [2025-06-12T13:59:39.789+0000] {dagbag.py:540} INFO - Filling up the DagBag from /home/airflow/.local/lib/python3.12/site-packages/airflow/example_dags/example_setup_teardown.py
[2025-06-12T13:59:39.792+0000] {processor.py:840} INFO - DAG(s) 'example_setup_teardown' retrieved from /home/airflow/.local/lib/python3.12/site-packages/airflow/example_dags/example_setup_teardown.py
[2025-06-12T13:59:39.804+0000] {logging_mixin.py:188} INFO - [2025-06-12T13:59:39.804+0000] {dag.py:3096} INFO - Sync 1 DAGs
[2025-06-12T13:59:39.814+0000] {logging_mixin.py:188} INFO - [2025-06-12T13:59:39.814+0000] {dag.py:3954} INFO - Setting next_dagrun for example_setup_teardown to 2025-06-11 00:00:00+00:00, run_after=2025-06-12 00:00:00+00:00
[2025-06-12T13:59:39.823+0000] {processor.py:183} INFO - Processing /home/airflow/.local/lib/python3.12/site-packages/airflow/example_dags/example_setup_teardown.py took 0.038 seconds
[2025-06-12T14:00:10.231+0000] {processor.py:161} INFO - Started process (PID=263) to work on /home/airflow/.local/lib/python3.12/site-packages/airflow/example_dags/example_setup_teardown.py
[2025-06-12T14:00:10.232+0000] {processor.py:830} INFO - Processing file /home/airflow/.local/lib/python3.12/site-packages/airflow/example_dags/example_setup_teardown.py for tasks to queue
[2025-06-12T14:00:10.233+0000] {logging_mixin.py:188} INFO - [2025-06-12T14:00:10.233+0000] {dagbag.py:540} INFO - Filling up the DagBag from /home/airflow/.local/lib/python3.12/site-packages/airflow/example_dags/example_setup_teardown.py
[2025-06-12T14:00:10.235+0000] {processor.py:840} INFO - DAG(s) 'example_setup_teardown' retrieved from /home/airflow/.local/lib/python3.12/site-packages/airflow/example_dags/example_setup_teardown.py
[2025-06-12T14:00:10.245+0000] {logging_mixin.py:188} INFO - [2025-06-12T14:00:10.245+0000] {dag.py:3096} INFO - Sync 1 DAGs
[2025-06-12T14:00:10.255+0000] {logging_mixin.py:188} INFO - [2025-06-12T14:00:10.255+0000] {dag.py:3954} INFO - Setting next_dagrun for example_setup_teardown to 2025-06-11 00:00:00+00:00, run_after=2025-06-12 00:00:00+00:00
[2025-06-12T14:00:10.261+0000] {processor.py:183} INFO - Processing /home/airflow/.local/lib/python3.12/site-packages/airflow/example_dags/example_setup_teardown.py took 0.033 seconds
[2025-06-12T14:00:40.919+0000] {processor.py:161} INFO - Started process (PID=337) to work on /home/airflow/.local/lib/python3.12/site-packages/airflow/example_dags/example_setup_teardown.py
[2025-06-12T14:00:40.920+0000] {processor.py:830} INFO - Processing file /home/airflow/.local/lib/python3.12/site-packages/airflow/example_dags/example_setup_teardown.py for tasks to queue
[2025-06-12T14:00:40.922+0000] {logging_mixin.py:188} INFO - [2025-06-12T14:00:40.922+0000] {dagbag.py:540} INFO - Filling up the DagBag from /home/airflow/.local/lib/python3.12/site-packages/airflow/example_dags/example_setup_teardown.py
[2025-06-12T14:00:40.928+0000] {processor.py:840} INFO - DAG(s) 'example_setup_teardown' retrieved from /home/airflow/.local/lib/python3.12/site-packages/airflow/example_dags/example_setup_teardown.py
[2025-06-12T14:00:40.947+0000] {logging_mixin.py:188} INFO - [2025-06-12T14:00:40.947+0000] {dag.py:3096} INFO - Sync 1 DAGs
[2025-06-12T14:00:40.968+0000] {logging_mixin.py:188} INFO - [2025-06-12T14:00:40.968+0000] {dag.py:3954} INFO - Setting next_dagrun for example_setup_teardown to 2025-06-11 00:00:00+00:00, run_after=2025-06-12 00:00:00+00:00
[2025-06-12T14:00:40.979+0000] {processor.py:183} INFO - Processing /home/airflow/.local/lib/python3.12/site-packages/airflow/example_dags/example_setup_teardown.py took 0.063 seconds
[2025-06-12T14:01:11.327+0000] {processor.py:161} INFO - Started process (PID=404) to work on /home/airflow/.local/lib/python3.12/site-packages/airflow/example_dags/example_setup_teardown.py
[2025-06-12T14:01:11.327+0000] {processor.py:830} INFO - Processing file /home/airflow/.local/lib/python3.12/site-packages/airflow/example_dags/example_setup_teardown.py for tasks to queue
[2025-06-12T14:01:11.328+0000] {logging_mixin.py:188} INFO - [2025-06-12T14:01:11.328+0000] {dagbag.py:540} INFO - Filling up the DagBag from /home/airflow/.local/lib/python3.12/site-packages/airflow/example_dags/example_setup_teardown.py
[2025-06-12T14:01:11.332+0000] {processor.py:840} INFO - DAG(s) 'example_setup_teardown' retrieved from /home/airflow/.local/lib/python3.12/site-packages/airflow/example_dags/example_setup_teardown.py
[2025-06-12T14:01:11.343+0000] {logging_mixin.py:188} INFO - [2025-06-12T14:01:11.343+0000] {dag.py:3096} INFO - Sync 1 DAGs
[2025-06-12T14:01:11.352+0000] {logging_mixin.py:188} INFO - [2025-06-12T14:01:11.352+0000] {dag.py:3954} INFO - Setting next_dagrun for example_setup_teardown to 2025-06-11 00:00:00+00:00, run_after=2025-06-12 00:00:00+00:00
[2025-06-12T14:01:11.358+0000] {processor.py:183} INFO - Processing /home/airflow/.local/lib/python3.12/site-packages/airflow/example_dags/example_setup_teardown.py took 0.034 seconds
[2025-06-12T14:15:47.681+0000] {processor.py:161} INFO - Started process (PID=56) to work on /home/airflow/.local/lib/python3.12/site-packages/airflow/example_dags/example_setup_teardown.py
[2025-06-12T14:15:47.682+0000] {processor.py:830} INFO - Processing file /home/airflow/.local/lib/python3.12/site-packages/airflow/example_dags/example_setup_teardown.py for tasks to queue
[2025-06-12T14:15:47.683+0000] {logging_mixin.py:188} INFO - [2025-06-12T14:15:47.683+0000] {dagbag.py:540} INFO - Filling up the DagBag from /home/airflow/.local/lib/python3.12/site-packages/airflow/example_dags/example_setup_teardown.py
[2025-06-12T14:15:47.692+0000] {processor.py:840} INFO - DAG(s) 'example_setup_teardown' retrieved from /home/airflow/.local/lib/python3.12/site-packages/airflow/example_dags/example_setup_teardown.py
[2025-06-12T14:15:47.718+0000] {logging_mixin.py:188} INFO - [2025-06-12T14:15:47.718+0000] {dag.py:3096} INFO - Sync 1 DAGs
[2025-06-12T14:15:47.756+0000] {logging_mixin.py:188} INFO - [2025-06-12T14:15:47.756+0000] {dag.py:3954} INFO - Setting next_dagrun for example_setup_teardown to 2025-06-11 00:00:00+00:00, run_after=2025-06-12 00:00:00+00:00
[2025-06-12T14:15:47.774+0000] {processor.py:183} INFO - Processing /home/airflow/.local/lib/python3.12/site-packages/airflow/example_dags/example_setup_teardown.py took 0.100 seconds
[2025-06-12T14:16:17.977+0000] {processor.py:161} INFO - Started process (PID=123) to work on /home/airflow/.local/lib/python3.12/site-packages/airflow/example_dags/example_setup_teardown.py
[2025-06-12T14:16:17.978+0000] {processor.py:830} INFO - Processing file /home/airflow/.local/lib/python3.12/site-packages/airflow/example_dags/example_setup_teardown.py for tasks to queue
[2025-06-12T14:16:17.978+0000] {logging_mixin.py:188} INFO - [2025-06-12T14:16:17.978+0000] {dagbag.py:540} INFO - Filling up the DagBag from /home/airflow/.local/lib/python3.12/site-packages/airflow/example_dags/example_setup_teardown.py
[2025-06-12T14:16:17.981+0000] {processor.py:840} INFO - DAG(s) 'example_setup_teardown' retrieved from /home/airflow/.local/lib/python3.12/site-packages/airflow/example_dags/example_setup_teardown.py
[2025-06-12T14:16:18.031+0000] {logging_mixin.py:188} INFO - [2025-06-12T14:16:18.031+0000] {dag.py:3096} INFO - Sync 1 DAGs
[2025-06-12T14:16:18.041+0000] {logging_mixin.py:188} INFO - [2025-06-12T14:16:18.041+0000] {dag.py:3954} INFO - Setting next_dagrun for example_setup_teardown to 2025-06-11 00:00:00+00:00, run_after=2025-06-12 00:00:00+00:00
[2025-06-12T14:16:18.051+0000] {processor.py:183} INFO - Processing /home/airflow/.local/lib/python3.12/site-packages/airflow/example_dags/example_setup_teardown.py took 0.076 seconds
[2025-06-12T14:16:48.162+0000] {processor.py:161} INFO - Started process (PID=197) to work on /home/airflow/.local/lib/python3.12/site-packages/airflow/example_dags/example_setup_teardown.py
[2025-06-12T14:16:48.163+0000] {processor.py:830} INFO - Processing file /home/airflow/.local/lib/python3.12/site-packages/airflow/example_dags/example_setup_teardown.py for tasks to queue
[2025-06-12T14:16:48.164+0000] {logging_mixin.py:188} INFO - [2025-06-12T14:16:48.164+0000] {dagbag.py:540} INFO - Filling up the DagBag from /home/airflow/.local/lib/python3.12/site-packages/airflow/example_dags/example_setup_teardown.py
[2025-06-12T14:16:48.167+0000] {processor.py:840} INFO - DAG(s) 'example_setup_teardown' retrieved from /home/airflow/.local/lib/python3.12/site-packages/airflow/example_dags/example_setup_teardown.py
[2025-06-12T14:16:48.175+0000] {logging_mixin.py:188} INFO - [2025-06-12T14:16:48.175+0000] {dag.py:3096} INFO - Sync 1 DAGs
[2025-06-12T14:16:48.185+0000] {logging_mixin.py:188} INFO - [2025-06-12T14:16:48.185+0000] {dag.py:3954} INFO - Setting next_dagrun for example_setup_teardown to 2025-06-11 00:00:00+00:00, run_after=2025-06-12 00:00:00+00:00
[2025-06-12T14:16:48.195+0000] {processor.py:183} INFO - Processing /home/airflow/.local/lib/python3.12/site-packages/airflow/example_dags/example_setup_teardown.py took 0.035 seconds
[2025-06-12T14:17:20.028+0000] {processor.py:161} INFO - Started process (PID=271) to work on /home/airflow/.local/lib/python3.12/site-packages/airflow/example_dags/example_setup_teardown.py
[2025-06-12T14:17:20.029+0000] {processor.py:830} INFO - Processing file /home/airflow/.local/lib/python3.12/site-packages/airflow/example_dags/example_setup_teardown.py for tasks to queue
[2025-06-12T14:17:20.031+0000] {logging_mixin.py:188} INFO - [2025-06-12T14:17:20.031+0000] {dagbag.py:540} INFO - Filling up the DagBag from /home/airflow/.local/lib/python3.12/site-packages/airflow/example_dags/example_setup_teardown.py
[2025-06-12T14:17:20.036+0000] {processor.py:840} INFO - DAG(s) 'example_setup_teardown' retrieved from /home/airflow/.local/lib/python3.12/site-packages/airflow/example_dags/example_setup_teardown.py
[2025-06-12T14:17:20.120+0000] {logging_mixin.py:188} INFO - [2025-06-12T14:17:20.120+0000] {dag.py:3096} INFO - Sync 1 DAGs
[2025-06-12T14:17:20.140+0000] {logging_mixin.py:188} INFO - [2025-06-12T14:17:20.140+0000] {dag.py:3954} INFO - Setting next_dagrun for example_setup_teardown to 2025-06-11 00:00:00+00:00, run_after=2025-06-12 00:00:00+00:00
[2025-06-12T14:17:20.163+0000] {processor.py:183} INFO - Processing /home/airflow/.local/lib/python3.12/site-packages/airflow/example_dags/example_setup_teardown.py took 0.139 seconds
[2025-06-12T14:17:50.221+0000] {processor.py:161} INFO - Started process (PID=337) to work on /home/airflow/.local/lib/python3.12/site-packages/airflow/example_dags/example_setup_teardown.py
[2025-06-12T14:17:50.222+0000] {processor.py:830} INFO - Processing file /home/airflow/.local/lib/python3.12/site-packages/airflow/example_dags/example_setup_teardown.py for tasks to queue
[2025-06-12T14:17:50.224+0000] {logging_mixin.py:188} INFO - [2025-06-12T14:17:50.224+0000] {dagbag.py:540} INFO - Filling up the DagBag from /home/airflow/.local/lib/python3.12/site-packages/airflow/example_dags/example_setup_teardown.py
[2025-06-12T14:17:50.229+0000] {processor.py:840} INFO - DAG(s) 'example_setup_teardown' retrieved from /home/airflow/.local/lib/python3.12/site-packages/airflow/example_dags/example_setup_teardown.py
[2025-06-12T14:17:50.241+0000] {logging_mixin.py:188} INFO - [2025-06-12T14:17:50.241+0000] {dag.py:3096} INFO - Sync 1 DAGs
[2025-06-12T14:17:50.249+0000] {logging_mixin.py:188} INFO - [2025-06-12T14:17:50.249+0000] {dag.py:3954} INFO - Setting next_dagrun for example_setup_teardown to 2025-06-11 00:00:00+00:00, run_after=2025-06-12 00:00:00+00:00
[2025-06-12T14:17:50.256+0000] {processor.py:183} INFO - Processing /home/airflow/.local/lib/python3.12/site-packages/airflow/example_dags/example_setup_teardown.py took 0.037 seconds
[2025-06-12T14:18:33.650+0000] {processor.py:161} INFO - Started process (PID=55) to work on /home/airflow/.local/lib/python3.12/site-packages/airflow/example_dags/example_setup_teardown.py
[2025-06-12T14:18:33.655+0000] {processor.py:830} INFO - Processing file /home/airflow/.local/lib/python3.12/site-packages/airflow/example_dags/example_setup_teardown.py for tasks to queue
[2025-06-12T14:18:33.659+0000] {logging_mixin.py:188} INFO - [2025-06-12T14:18:33.659+0000] {dagbag.py:540} INFO - Filling up the DagBag from /home/airflow/.local/lib/python3.12/site-packages/airflow/example_dags/example_setup_teardown.py
[2025-06-12T14:18:33.679+0000] {processor.py:840} INFO - DAG(s) 'example_setup_teardown' retrieved from /home/airflow/.local/lib/python3.12/site-packages/airflow/example_dags/example_setup_teardown.py
[2025-06-12T14:18:33.776+0000] {logging_mixin.py:188} INFO - [2025-06-12T14:18:33.775+0000] {dag.py:3096} INFO - Sync 1 DAGs
[2025-06-12T14:18:33.852+0000] {logging_mixin.py:188} INFO - [2025-06-12T14:18:33.852+0000] {dag.py:3954} INFO - Setting next_dagrun for example_setup_teardown to 2025-06-11 00:00:00+00:00, run_after=2025-06-12 00:00:00+00:00
[2025-06-12T14:18:33.897+0000] {processor.py:183} INFO - Processing /home/airflow/.local/lib/python3.12/site-packages/airflow/example_dags/example_setup_teardown.py took 0.254 seconds
[2025-06-12T14:19:04.681+0000] {processor.py:161} INFO - Started process (PID=121) to work on /home/airflow/.local/lib/python3.12/site-packages/airflow/example_dags/example_setup_teardown.py
[2025-06-12T14:19:04.683+0000] {processor.py:830} INFO - Processing file /home/airflow/.local/lib/python3.12/site-packages/airflow/example_dags/example_setup_teardown.py for tasks to queue
[2025-06-12T14:19:04.684+0000] {logging_mixin.py:188} INFO - [2025-06-12T14:19:04.684+0000] {dagbag.py:540} INFO - Filling up the DagBag from /home/airflow/.local/lib/python3.12/site-packages/airflow/example_dags/example_setup_teardown.py
[2025-06-12T14:19:04.690+0000] {processor.py:840} INFO - DAG(s) 'example_setup_teardown' retrieved from /home/airflow/.local/lib/python3.12/site-packages/airflow/example_dags/example_setup_teardown.py
[2025-06-12T14:19:04.701+0000] {logging_mixin.py:188} INFO - [2025-06-12T14:19:04.701+0000] {dag.py:3096} INFO - Sync 1 DAGs
[2025-06-12T14:19:04.726+0000] {logging_mixin.py:188} INFO - [2025-06-12T14:19:04.726+0000] {dag.py:3954} INFO - Setting next_dagrun for example_setup_teardown to 2025-06-11 00:00:00+00:00, run_after=2025-06-12 00:00:00+00:00
[2025-06-12T14:19:04.744+0000] {processor.py:183} INFO - Processing /home/airflow/.local/lib/python3.12/site-packages/airflow/example_dags/example_setup_teardown.py took 0.066 seconds
[2025-06-12T14:19:35.029+0000] {processor.py:161} INFO - Started process (PID=195) to work on /home/airflow/.local/lib/python3.12/site-packages/airflow/example_dags/example_setup_teardown.py
[2025-06-12T14:19:35.031+0000] {processor.py:830} INFO - Processing file /home/airflow/.local/lib/python3.12/site-packages/airflow/example_dags/example_setup_teardown.py for tasks to queue
[2025-06-12T14:19:35.032+0000] {logging_mixin.py:188} INFO - [2025-06-12T14:19:35.032+0000] {dagbag.py:540} INFO - Filling up the DagBag from /home/airflow/.local/lib/python3.12/site-packages/airflow/example_dags/example_setup_teardown.py
[2025-06-12T14:19:35.039+0000] {processor.py:840} INFO - DAG(s) 'example_setup_teardown' retrieved from /home/airflow/.local/lib/python3.12/site-packages/airflow/example_dags/example_setup_teardown.py
[2025-06-12T14:19:35.050+0000] {logging_mixin.py:188} INFO - [2025-06-12T14:19:35.050+0000] {dag.py:3096} INFO - Sync 1 DAGs
[2025-06-12T14:19:35.062+0000] {logging_mixin.py:188} INFO - [2025-06-12T14:19:35.062+0000] {dag.py:3954} INFO - Setting next_dagrun for example_setup_teardown to 2025-06-11 00:00:00+00:00, run_after=2025-06-12 00:00:00+00:00
[2025-06-12T14:19:35.073+0000] {processor.py:183} INFO - Processing /home/airflow/.local/lib/python3.12/site-packages/airflow/example_dags/example_setup_teardown.py took 0.049 seconds
[2025-06-12T14:20:05.729+0000] {processor.py:161} INFO - Started process (PID=261) to work on /home/airflow/.local/lib/python3.12/site-packages/airflow/example_dags/example_setup_teardown.py
[2025-06-12T14:20:05.735+0000] {processor.py:830} INFO - Processing file /home/airflow/.local/lib/python3.12/site-packages/airflow/example_dags/example_setup_teardown.py for tasks to queue
[2025-06-12T14:20:05.736+0000] {logging_mixin.py:188} INFO - [2025-06-12T14:20:05.736+0000] {dagbag.py:540} INFO - Filling up the DagBag from /home/airflow/.local/lib/python3.12/site-packages/airflow/example_dags/example_setup_teardown.py
[2025-06-12T14:20:05.740+0000] {processor.py:840} INFO - DAG(s) 'example_setup_teardown' retrieved from /home/airflow/.local/lib/python3.12/site-packages/airflow/example_dags/example_setup_teardown.py
[2025-06-12T14:20:05.795+0000] {logging_mixin.py:188} INFO - [2025-06-12T14:20:05.795+0000] {dag.py:3096} INFO - Sync 1 DAGs
[2025-06-12T14:20:05.804+0000] {logging_mixin.py:188} INFO - [2025-06-12T14:20:05.804+0000] {dag.py:3954} INFO - Setting next_dagrun for example_setup_teardown to 2025-06-11 00:00:00+00:00, run_after=2025-06-12 00:00:00+00:00
[2025-06-12T14:20:05.814+0000] {processor.py:183} INFO - Processing /home/airflow/.local/lib/python3.12/site-packages/airflow/example_dags/example_setup_teardown.py took 0.089 seconds
[2025-06-12T14:20:36.779+0000] {processor.py:161} INFO - Started process (PID=336) to work on /home/airflow/.local/lib/python3.12/site-packages/airflow/example_dags/example_setup_teardown.py
[2025-06-12T14:20:36.781+0000] {processor.py:830} INFO - Processing file /home/airflow/.local/lib/python3.12/site-packages/airflow/example_dags/example_setup_teardown.py for tasks to queue
[2025-06-12T14:20:36.783+0000] {logging_mixin.py:188} INFO - [2025-06-12T14:20:36.783+0000] {dagbag.py:540} INFO - Filling up the DagBag from /home/airflow/.local/lib/python3.12/site-packages/airflow/example_dags/example_setup_teardown.py
[2025-06-12T14:20:36.793+0000] {processor.py:840} INFO - DAG(s) 'example_setup_teardown' retrieved from /home/airflow/.local/lib/python3.12/site-packages/airflow/example_dags/example_setup_teardown.py
[2025-06-12T14:20:36.813+0000] {logging_mixin.py:188} INFO - [2025-06-12T14:20:36.813+0000] {dag.py:3096} INFO - Sync 1 DAGs
[2025-06-12T14:20:36.828+0000] {logging_mixin.py:188} INFO - [2025-06-12T14:20:36.828+0000] {dag.py:3954} INFO - Setting next_dagrun for example_setup_teardown to 2025-06-11 00:00:00+00:00, run_after=2025-06-12 00:00:00+00:00
[2025-06-12T14:20:36.839+0000] {processor.py:183} INFO - Processing /home/airflow/.local/lib/python3.12/site-packages/airflow/example_dags/example_setup_teardown.py took 0.065 seconds
[2025-06-12T14:21:07.330+0000] {processor.py:161} INFO - Started process (PID=410) to work on /home/airflow/.local/lib/python3.12/site-packages/airflow/example_dags/example_setup_teardown.py
[2025-06-12T14:21:07.336+0000] {processor.py:830} INFO - Processing file /home/airflow/.local/lib/python3.12/site-packages/airflow/example_dags/example_setup_teardown.py for tasks to queue
[2025-06-12T14:21:07.336+0000] {logging_mixin.py:188} INFO - [2025-06-12T14:21:07.336+0000] {dagbag.py:540} INFO - Filling up the DagBag from /home/airflow/.local/lib/python3.12/site-packages/airflow/example_dags/example_setup_teardown.py
[2025-06-12T14:21:07.342+0000] {processor.py:840} INFO - DAG(s) 'example_setup_teardown' retrieved from /home/airflow/.local/lib/python3.12/site-packages/airflow/example_dags/example_setup_teardown.py
[2025-06-12T14:21:07.360+0000] {logging_mixin.py:188} INFO - [2025-06-12T14:21:07.360+0000] {dag.py:3096} INFO - Sync 1 DAGs
[2025-06-12T14:21:07.371+0000] {logging_mixin.py:188} INFO - [2025-06-12T14:21:07.371+0000] {dag.py:3954} INFO - Setting next_dagrun for example_setup_teardown to 2025-06-11 00:00:00+00:00, run_after=2025-06-12 00:00:00+00:00
[2025-06-12T14:21:07.385+0000] {processor.py:183} INFO - Processing /home/airflow/.local/lib/python3.12/site-packages/airflow/example_dags/example_setup_teardown.py took 0.058 seconds
[2025-06-12T14:21:37.648+0000] {processor.py:161} INFO - Started process (PID=476) to work on /home/airflow/.local/lib/python3.12/site-packages/airflow/example_dags/example_setup_teardown.py
[2025-06-12T14:21:37.651+0000] {processor.py:830} INFO - Processing file /home/airflow/.local/lib/python3.12/site-packages/airflow/example_dags/example_setup_teardown.py for tasks to queue
[2025-06-12T14:21:37.655+0000] {logging_mixin.py:188} INFO - [2025-06-12T14:21:37.655+0000] {dagbag.py:540} INFO - Filling up the DagBag from /home/airflow/.local/lib/python3.12/site-packages/airflow/example_dags/example_setup_teardown.py
[2025-06-12T14:21:37.665+0000] {processor.py:840} INFO - DAG(s) 'example_setup_teardown' retrieved from /home/airflow/.local/lib/python3.12/site-packages/airflow/example_dags/example_setup_teardown.py
[2025-06-12T14:21:37.689+0000] {logging_mixin.py:188} INFO - [2025-06-12T14:21:37.689+0000] {dag.py:3096} INFO - Sync 1 DAGs
[2025-06-12T14:21:37.703+0000] {logging_mixin.py:188} INFO - [2025-06-12T14:21:37.703+0000] {dag.py:3954} INFO - Setting next_dagrun for example_setup_teardown to 2025-06-11 00:00:00+00:00, run_after=2025-06-12 00:00:00+00:00
[2025-06-12T14:21:37.733+0000] {processor.py:183} INFO - Processing /home/airflow/.local/lib/python3.12/site-packages/airflow/example_dags/example_setup_teardown.py took 0.092 seconds
[2025-06-12T14:22:07.966+0000] {processor.py:161} INFO - Started process (PID=550) to work on /home/airflow/.local/lib/python3.12/site-packages/airflow/example_dags/example_setup_teardown.py
[2025-06-12T14:22:07.969+0000] {processor.py:830} INFO - Processing file /home/airflow/.local/lib/python3.12/site-packages/airflow/example_dags/example_setup_teardown.py for tasks to queue
[2025-06-12T14:22:07.973+0000] {logging_mixin.py:188} INFO - [2025-06-12T14:22:07.973+0000] {dagbag.py:540} INFO - Filling up the DagBag from /home/airflow/.local/lib/python3.12/site-packages/airflow/example_dags/example_setup_teardown.py
[2025-06-12T14:22:07.978+0000] {processor.py:840} INFO - DAG(s) 'example_setup_teardown' retrieved from /home/airflow/.local/lib/python3.12/site-packages/airflow/example_dags/example_setup_teardown.py
[2025-06-12T14:22:07.995+0000] {logging_mixin.py:188} INFO - [2025-06-12T14:22:07.995+0000] {dag.py:3096} INFO - Sync 1 DAGs
[2025-06-12T14:22:08.007+0000] {logging_mixin.py:188} INFO - [2025-06-12T14:22:08.007+0000] {dag.py:3954} INFO - Setting next_dagrun for example_setup_teardown to 2025-06-11 00:00:00+00:00, run_after=2025-06-12 00:00:00+00:00
[2025-06-12T14:22:08.021+0000] {processor.py:183} INFO - Processing /home/airflow/.local/lib/python3.12/site-packages/airflow/example_dags/example_setup_teardown.py took 0.060 seconds
[2025-06-12T14:22:38.142+0000] {processor.py:161} INFO - Started process (PID=617) to work on /home/airflow/.local/lib/python3.12/site-packages/airflow/example_dags/example_setup_teardown.py
[2025-06-12T14:22:38.143+0000] {processor.py:830} INFO - Processing file /home/airflow/.local/lib/python3.12/site-packages/airflow/example_dags/example_setup_teardown.py for tasks to queue
[2025-06-12T14:22:38.144+0000] {logging_mixin.py:188} INFO - [2025-06-12T14:22:38.144+0000] {dagbag.py:540} INFO - Filling up the DagBag from /home/airflow/.local/lib/python3.12/site-packages/airflow/example_dags/example_setup_teardown.py
[2025-06-12T14:22:38.147+0000] {processor.py:840} INFO - DAG(s) 'example_setup_teardown' retrieved from /home/airflow/.local/lib/python3.12/site-packages/airflow/example_dags/example_setup_teardown.py
[2025-06-12T14:22:38.164+0000] {logging_mixin.py:188} INFO - [2025-06-12T14:22:38.164+0000] {dag.py:3096} INFO - Sync 1 DAGs
[2025-06-12T14:22:38.178+0000] {logging_mixin.py:188} INFO - [2025-06-12T14:22:38.178+0000] {dag.py:3954} INFO - Setting next_dagrun for example_setup_teardown to 2025-06-11 00:00:00+00:00, run_after=2025-06-12 00:00:00+00:00
[2025-06-12T14:22:38.190+0000] {processor.py:183} INFO - Processing /home/airflow/.local/lib/python3.12/site-packages/airflow/example_dags/example_setup_teardown.py took 0.051 seconds
[2025-06-12T14:23:08.443+0000] {processor.py:161} INFO - Started process (PID=691) to work on /home/airflow/.local/lib/python3.12/site-packages/airflow/example_dags/example_setup_teardown.py
[2025-06-12T14:23:08.449+0000] {processor.py:830} INFO - Processing file /home/airflow/.local/lib/python3.12/site-packages/airflow/example_dags/example_setup_teardown.py for tasks to queue
[2025-06-12T14:23:08.450+0000] {logging_mixin.py:188} INFO - [2025-06-12T14:23:08.449+0000] {dagbag.py:540} INFO - Filling up the DagBag from /home/airflow/.local/lib/python3.12/site-packages/airflow/example_dags/example_setup_teardown.py
[2025-06-12T14:23:08.453+0000] {processor.py:840} INFO - DAG(s) 'example_setup_teardown' retrieved from /home/airflow/.local/lib/python3.12/site-packages/airflow/example_dags/example_setup_teardown.py
[2025-06-12T14:23:08.471+0000] {logging_mixin.py:188} INFO - [2025-06-12T14:23:08.471+0000] {dag.py:3096} INFO - Sync 1 DAGs
[2025-06-12T14:23:08.493+0000] {logging_mixin.py:188} INFO - [2025-06-12T14:23:08.493+0000] {dag.py:3954} INFO - Setting next_dagrun for example_setup_teardown to 2025-06-11 00:00:00+00:00, run_after=2025-06-12 00:00:00+00:00
[2025-06-12T14:23:08.508+0000] {processor.py:183} INFO - Processing /home/airflow/.local/lib/python3.12/site-packages/airflow/example_dags/example_setup_teardown.py took 0.069 seconds
[2025-06-12T14:23:38.601+0000] {processor.py:161} INFO - Started process (PID=765) to work on /home/airflow/.local/lib/python3.12/site-packages/airflow/example_dags/example_setup_teardown.py
[2025-06-12T14:23:38.605+0000] {processor.py:830} INFO - Processing file /home/airflow/.local/lib/python3.12/site-packages/airflow/example_dags/example_setup_teardown.py for tasks to queue
[2025-06-12T14:23:38.608+0000] {logging_mixin.py:188} INFO - [2025-06-12T14:23:38.608+0000] {dagbag.py:540} INFO - Filling up the DagBag from /home/airflow/.local/lib/python3.12/site-packages/airflow/example_dags/example_setup_teardown.py
[2025-06-12T14:23:38.612+0000] {processor.py:840} INFO - DAG(s) 'example_setup_teardown' retrieved from /home/airflow/.local/lib/python3.12/site-packages/airflow/example_dags/example_setup_teardown.py
[2025-06-12T14:23:38.629+0000] {logging_mixin.py:188} INFO - [2025-06-12T14:23:38.629+0000] {dag.py:3096} INFO - Sync 1 DAGs
[2025-06-12T14:23:38.641+0000] {logging_mixin.py:188} INFO - [2025-06-12T14:23:38.641+0000] {dag.py:3954} INFO - Setting next_dagrun for example_setup_teardown to 2025-06-11 00:00:00+00:00, run_after=2025-06-12 00:00:00+00:00
[2025-06-12T14:23:38.653+0000] {processor.py:183} INFO - Processing /home/airflow/.local/lib/python3.12/site-packages/airflow/example_dags/example_setup_teardown.py took 0.057 seconds
[2025-06-12T14:24:09.101+0000] {processor.py:161} INFO - Started process (PID=832) to work on /home/airflow/.local/lib/python3.12/site-packages/airflow/example_dags/example_setup_teardown.py
[2025-06-12T14:24:09.105+0000] {processor.py:830} INFO - Processing file /home/airflow/.local/lib/python3.12/site-packages/airflow/example_dags/example_setup_teardown.py for tasks to queue
[2025-06-12T14:24:09.106+0000] {logging_mixin.py:188} INFO - [2025-06-12T14:24:09.106+0000] {dagbag.py:540} INFO - Filling up the DagBag from /home/airflow/.local/lib/python3.12/site-packages/airflow/example_dags/example_setup_teardown.py
[2025-06-12T14:24:09.112+0000] {processor.py:840} INFO - DAG(s) 'example_setup_teardown' retrieved from /home/airflow/.local/lib/python3.12/site-packages/airflow/example_dags/example_setup_teardown.py
[2025-06-12T14:24:09.127+0000] {logging_mixin.py:188} INFO - [2025-06-12T14:24:09.127+0000] {dag.py:3096} INFO - Sync 1 DAGs
[2025-06-12T14:24:09.140+0000] {logging_mixin.py:188} INFO - [2025-06-12T14:24:09.140+0000] {dag.py:3954} INFO - Setting next_dagrun for example_setup_teardown to 2025-06-11 00:00:00+00:00, run_after=2025-06-12 00:00:00+00:00
[2025-06-12T14:24:09.152+0000] {processor.py:183} INFO - Processing /home/airflow/.local/lib/python3.12/site-packages/airflow/example_dags/example_setup_teardown.py took 0.055 seconds
[2025-06-12T14:24:39.944+0000] {processor.py:161} INFO - Started process (PID=906) to work on /home/airflow/.local/lib/python3.12/site-packages/airflow/example_dags/example_setup_teardown.py
[2025-06-12T14:24:39.950+0000] {processor.py:830} INFO - Processing file /home/airflow/.local/lib/python3.12/site-packages/airflow/example_dags/example_setup_teardown.py for tasks to queue
[2025-06-12T14:24:39.950+0000] {logging_mixin.py:188} INFO - [2025-06-12T14:24:39.950+0000] {dagbag.py:540} INFO - Filling up the DagBag from /home/airflow/.local/lib/python3.12/site-packages/airflow/example_dags/example_setup_teardown.py
[2025-06-12T14:24:39.956+0000] {processor.py:840} INFO - DAG(s) 'example_setup_teardown' retrieved from /home/airflow/.local/lib/python3.12/site-packages/airflow/example_dags/example_setup_teardown.py
[2025-06-12T14:24:39.973+0000] {logging_mixin.py:188} INFO - [2025-06-12T14:24:39.972+0000] {dag.py:3096} INFO - Sync 1 DAGs
[2025-06-12T14:24:39.990+0000] {logging_mixin.py:188} INFO - [2025-06-12T14:24:39.990+0000] {dag.py:3954} INFO - Setting next_dagrun for example_setup_teardown to 2025-06-11 00:00:00+00:00, run_after=2025-06-12 00:00:00+00:00
[2025-06-12T14:24:40.004+0000] {processor.py:183} INFO - Processing /home/airflow/.local/lib/python3.12/site-packages/airflow/example_dags/example_setup_teardown.py took 0.064 seconds
[2025-06-12T14:25:10.277+0000] {processor.py:161} INFO - Started process (PID=980) to work on /home/airflow/.local/lib/python3.12/site-packages/airflow/example_dags/example_setup_teardown.py
[2025-06-12T14:25:10.278+0000] {processor.py:830} INFO - Processing file /home/airflow/.local/lib/python3.12/site-packages/airflow/example_dags/example_setup_teardown.py for tasks to queue
[2025-06-12T14:25:10.281+0000] {logging_mixin.py:188} INFO - [2025-06-12T14:25:10.281+0000] {dagbag.py:540} INFO - Filling up the DagBag from /home/airflow/.local/lib/python3.12/site-packages/airflow/example_dags/example_setup_teardown.py
[2025-06-12T14:25:10.284+0000] {processor.py:840} INFO - DAG(s) 'example_setup_teardown' retrieved from /home/airflow/.local/lib/python3.12/site-packages/airflow/example_dags/example_setup_teardown.py
[2025-06-12T14:25:10.304+0000] {logging_mixin.py:188} INFO - [2025-06-12T14:25:10.304+0000] {dag.py:3096} INFO - Sync 1 DAGs
[2025-06-12T14:25:10.319+0000] {logging_mixin.py:188} INFO - [2025-06-12T14:25:10.319+0000] {dag.py:3954} INFO - Setting next_dagrun for example_setup_teardown to 2025-06-11 00:00:00+00:00, run_after=2025-06-12 00:00:00+00:00
[2025-06-12T14:25:10.330+0000] {processor.py:183} INFO - Processing /home/airflow/.local/lib/python3.12/site-packages/airflow/example_dags/example_setup_teardown.py took 0.056 seconds
[2025-06-12T14:25:40.525+0000] {processor.py:161} INFO - Started process (PID=1047) to work on /home/airflow/.local/lib/python3.12/site-packages/airflow/example_dags/example_setup_teardown.py
[2025-06-12T14:25:40.530+0000] {processor.py:830} INFO - Processing file /home/airflow/.local/lib/python3.12/site-packages/airflow/example_dags/example_setup_teardown.py for tasks to queue
[2025-06-12T14:25:40.539+0000] {logging_mixin.py:188} INFO - [2025-06-12T14:25:40.537+0000] {dagbag.py:540} INFO - Filling up the DagBag from /home/airflow/.local/lib/python3.12/site-packages/airflow/example_dags/example_setup_teardown.py
[2025-06-12T14:25:40.559+0000] {processor.py:840} INFO - DAG(s) 'example_setup_teardown' retrieved from /home/airflow/.local/lib/python3.12/site-packages/airflow/example_dags/example_setup_teardown.py
[2025-06-12T14:25:40.617+0000] {logging_mixin.py:188} INFO - [2025-06-12T14:25:40.617+0000] {dag.py:3096} INFO - Sync 1 DAGs
[2025-06-12T14:25:40.657+0000] {logging_mixin.py:188} INFO - [2025-06-12T14:25:40.657+0000] {dag.py:3954} INFO - Setting next_dagrun for example_setup_teardown to 2025-06-11 00:00:00+00:00, run_after=2025-06-12 00:00:00+00:00
[2025-06-12T14:25:40.681+0000] {processor.py:183} INFO - Processing /home/airflow/.local/lib/python3.12/site-packages/airflow/example_dags/example_setup_teardown.py took 0.175 seconds
[2025-06-12T14:26:10.876+0000] {processor.py:161} INFO - Started process (PID=1121) to work on /home/airflow/.local/lib/python3.12/site-packages/airflow/example_dags/example_setup_teardown.py
[2025-06-12T14:26:10.877+0000] {processor.py:830} INFO - Processing file /home/airflow/.local/lib/python3.12/site-packages/airflow/example_dags/example_setup_teardown.py for tasks to queue
[2025-06-12T14:26:10.878+0000] {logging_mixin.py:188} INFO - [2025-06-12T14:26:10.878+0000] {dagbag.py:540} INFO - Filling up the DagBag from /home/airflow/.local/lib/python3.12/site-packages/airflow/example_dags/example_setup_teardown.py
[2025-06-12T14:26:10.883+0000] {processor.py:840} INFO - DAG(s) 'example_setup_teardown' retrieved from /home/airflow/.local/lib/python3.12/site-packages/airflow/example_dags/example_setup_teardown.py
[2025-06-12T14:26:10.894+0000] {logging_mixin.py:188} INFO - [2025-06-12T14:26:10.894+0000] {dag.py:3096} INFO - Sync 1 DAGs
[2025-06-12T14:26:10.903+0000] {logging_mixin.py:188} INFO - [2025-06-12T14:26:10.903+0000] {dag.py:3954} INFO - Setting next_dagrun for example_setup_teardown to 2025-06-11 00:00:00+00:00, run_after=2025-06-12 00:00:00+00:00
[2025-06-12T14:26:10.911+0000] {processor.py:183} INFO - Processing /home/airflow/.local/lib/python3.12/site-packages/airflow/example_dags/example_setup_teardown.py took 0.039 seconds
[2025-06-12T14:26:41.763+0000] {processor.py:161} INFO - Started process (PID=1188) to work on /home/airflow/.local/lib/python3.12/site-packages/airflow/example_dags/example_setup_teardown.py
[2025-06-12T14:26:41.764+0000] {processor.py:830} INFO - Processing file /home/airflow/.local/lib/python3.12/site-packages/airflow/example_dags/example_setup_teardown.py for tasks to queue
[2025-06-12T14:26:41.765+0000] {logging_mixin.py:188} INFO - [2025-06-12T14:26:41.765+0000] {dagbag.py:540} INFO - Filling up the DagBag from /home/airflow/.local/lib/python3.12/site-packages/airflow/example_dags/example_setup_teardown.py
[2025-06-12T14:26:41.768+0000] {processor.py:840} INFO - DAG(s) 'example_setup_teardown' retrieved from /home/airflow/.local/lib/python3.12/site-packages/airflow/example_dags/example_setup_teardown.py
[2025-06-12T14:26:41.783+0000] {logging_mixin.py:188} INFO - [2025-06-12T14:26:41.783+0000] {dag.py:3096} INFO - Sync 1 DAGs
[2025-06-12T14:26:41.792+0000] {logging_mixin.py:188} INFO - [2025-06-12T14:26:41.791+0000] {dag.py:3954} INFO - Setting next_dagrun for example_setup_teardown to 2025-06-11 00:00:00+00:00, run_after=2025-06-12 00:00:00+00:00
[2025-06-12T14:26:41.799+0000] {processor.py:183} INFO - Processing /home/airflow/.local/lib/python3.12/site-packages/airflow/example_dags/example_setup_teardown.py took 0.039 seconds
[2025-06-12T14:27:12.804+0000] {processor.py:161} INFO - Started process (PID=1262) to work on /home/airflow/.local/lib/python3.12/site-packages/airflow/example_dags/example_setup_teardown.py
[2025-06-12T14:27:12.805+0000] {processor.py:830} INFO - Processing file /home/airflow/.local/lib/python3.12/site-packages/airflow/example_dags/example_setup_teardown.py for tasks to queue
[2025-06-12T14:27:12.806+0000] {logging_mixin.py:188} INFO - [2025-06-12T14:27:12.806+0000] {dagbag.py:540} INFO - Filling up the DagBag from /home/airflow/.local/lib/python3.12/site-packages/airflow/example_dags/example_setup_teardown.py
[2025-06-12T14:27:12.811+0000] {processor.py:840} INFO - DAG(s) 'example_setup_teardown' retrieved from /home/airflow/.local/lib/python3.12/site-packages/airflow/example_dags/example_setup_teardown.py
[2025-06-12T14:27:12.827+0000] {logging_mixin.py:188} INFO - [2025-06-12T14:27:12.827+0000] {dag.py:3096} INFO - Sync 1 DAGs
[2025-06-12T14:27:12.943+0000] {logging_mixin.py:188} INFO - [2025-06-12T14:27:12.943+0000] {dag.py:3954} INFO - Setting next_dagrun for example_setup_teardown to 2025-06-11 00:00:00+00:00, run_after=2025-06-12 00:00:00+00:00
[2025-06-12T14:27:12.961+0000] {processor.py:183} INFO - Processing /home/airflow/.local/lib/python3.12/site-packages/airflow/example_dags/example_setup_teardown.py took 0.159 seconds
[2025-06-12T14:27:43.986+0000] {processor.py:161} INFO - Started process (PID=1336) to work on /home/airflow/.local/lib/python3.12/site-packages/airflow/example_dags/example_setup_teardown.py
[2025-06-12T14:27:43.987+0000] {processor.py:830} INFO - Processing file /home/airflow/.local/lib/python3.12/site-packages/airflow/example_dags/example_setup_teardown.py for tasks to queue
[2025-06-12T14:27:43.988+0000] {logging_mixin.py:188} INFO - [2025-06-12T14:27:43.988+0000] {dagbag.py:540} INFO - Filling up the DagBag from /home/airflow/.local/lib/python3.12/site-packages/airflow/example_dags/example_setup_teardown.py
[2025-06-12T14:27:43.992+0000] {processor.py:840} INFO - DAG(s) 'example_setup_teardown' retrieved from /home/airflow/.local/lib/python3.12/site-packages/airflow/example_dags/example_setup_teardown.py
[2025-06-12T14:27:44.002+0000] {logging_mixin.py:188} INFO - [2025-06-12T14:27:44.002+0000] {dag.py:3096} INFO - Sync 1 DAGs
[2025-06-12T14:27:44.112+0000] {logging_mixin.py:188} INFO - [2025-06-12T14:27:44.111+0000] {dag.py:3954} INFO - Setting next_dagrun for example_setup_teardown to 2025-06-11 00:00:00+00:00, run_after=2025-06-12 00:00:00+00:00
[2025-06-12T14:27:44.131+0000] {processor.py:183} INFO - Processing /home/airflow/.local/lib/python3.12/site-packages/airflow/example_dags/example_setup_teardown.py took 0.148 seconds
[2025-06-12T14:28:14.146+0000] {processor.py:161} INFO - Started process (PID=1403) to work on /home/airflow/.local/lib/python3.12/site-packages/airflow/example_dags/example_setup_teardown.py
[2025-06-12T14:28:14.146+0000] {processor.py:830} INFO - Processing file /home/airflow/.local/lib/python3.12/site-packages/airflow/example_dags/example_setup_teardown.py for tasks to queue
[2025-06-12T14:28:14.147+0000] {logging_mixin.py:188} INFO - [2025-06-12T14:28:14.147+0000] {dagbag.py:540} INFO - Filling up the DagBag from /home/airflow/.local/lib/python3.12/site-packages/airflow/example_dags/example_setup_teardown.py
[2025-06-12T14:28:14.150+0000] {processor.py:840} INFO - DAG(s) 'example_setup_teardown' retrieved from /home/airflow/.local/lib/python3.12/site-packages/airflow/example_dags/example_setup_teardown.py
[2025-06-12T14:28:14.159+0000] {logging_mixin.py:188} INFO - [2025-06-12T14:28:14.159+0000] {dag.py:3096} INFO - Sync 1 DAGs
[2025-06-12T14:28:14.166+0000] {logging_mixin.py:188} INFO - [2025-06-12T14:28:14.166+0000] {dag.py:3954} INFO - Setting next_dagrun for example_setup_teardown to 2025-06-11 00:00:00+00:00, run_after=2025-06-12 00:00:00+00:00
[2025-06-12T14:28:14.173+0000] {processor.py:183} INFO - Processing /home/airflow/.local/lib/python3.12/site-packages/airflow/example_dags/example_setup_teardown.py took 0.030 seconds
[2025-06-12T14:35:51.481+0000] {processor.py:161} INFO - Started process (PID=54) to work on /home/airflow/.local/lib/python3.12/site-packages/airflow/example_dags/example_setup_teardown.py
[2025-06-12T14:35:51.483+0000] {processor.py:830} INFO - Processing file /home/airflow/.local/lib/python3.12/site-packages/airflow/example_dags/example_setup_teardown.py for tasks to queue
[2025-06-12T14:35:51.485+0000] {logging_mixin.py:188} INFO - [2025-06-12T14:35:51.485+0000] {dagbag.py:540} INFO - Filling up the DagBag from /home/airflow/.local/lib/python3.12/site-packages/airflow/example_dags/example_setup_teardown.py
[2025-06-12T14:35:51.509+0000] {processor.py:840} INFO - DAG(s) 'example_setup_teardown' retrieved from /home/airflow/.local/lib/python3.12/site-packages/airflow/example_dags/example_setup_teardown.py
[2025-06-12T14:35:51.542+0000] {logging_mixin.py:188} INFO - [2025-06-12T14:35:51.541+0000] {dag.py:3096} INFO - Sync 1 DAGs
[2025-06-12T14:35:51.582+0000] {logging_mixin.py:188} INFO - [2025-06-12T14:35:51.582+0000] {dag.py:3954} INFO - Setting next_dagrun for example_setup_teardown to 2025-06-11 00:00:00+00:00, run_after=2025-06-12 00:00:00+00:00
[2025-06-12T14:35:51.636+0000] {processor.py:183} INFO - Processing /home/airflow/.local/lib/python3.12/site-packages/airflow/example_dags/example_setup_teardown.py took 0.163 seconds
[2025-06-12T14:36:21.837+0000] {processor.py:161} INFO - Started process (PID=121) to work on /home/airflow/.local/lib/python3.12/site-packages/airflow/example_dags/example_setup_teardown.py
[2025-06-12T14:36:21.839+0000] {processor.py:830} INFO - Processing file /home/airflow/.local/lib/python3.12/site-packages/airflow/example_dags/example_setup_teardown.py for tasks to queue
[2025-06-12T14:36:21.841+0000] {logging_mixin.py:188} INFO - [2025-06-12T14:36:21.841+0000] {dagbag.py:540} INFO - Filling up the DagBag from /home/airflow/.local/lib/python3.12/site-packages/airflow/example_dags/example_setup_teardown.py
[2025-06-12T14:36:21.848+0000] {processor.py:840} INFO - DAG(s) 'example_setup_teardown' retrieved from /home/airflow/.local/lib/python3.12/site-packages/airflow/example_dags/example_setup_teardown.py
[2025-06-12T14:36:21.937+0000] {logging_mixin.py:188} INFO - [2025-06-12T14:36:21.936+0000] {dag.py:3096} INFO - Sync 1 DAGs
[2025-06-12T14:36:21.972+0000] {logging_mixin.py:188} INFO - [2025-06-12T14:36:21.971+0000] {dag.py:3954} INFO - Setting next_dagrun for example_setup_teardown to 2025-06-11 00:00:00+00:00, run_after=2025-06-12 00:00:00+00:00
[2025-06-12T14:36:21.998+0000] {processor.py:183} INFO - Processing /home/airflow/.local/lib/python3.12/site-packages/airflow/example_dags/example_setup_teardown.py took 0.165 seconds
[2025-06-12T14:36:52.783+0000] {processor.py:161} INFO - Started process (PID=194) to work on /home/airflow/.local/lib/python3.12/site-packages/airflow/example_dags/example_setup_teardown.py
[2025-06-12T14:36:52.785+0000] {processor.py:830} INFO - Processing file /home/airflow/.local/lib/python3.12/site-packages/airflow/example_dags/example_setup_teardown.py for tasks to queue
[2025-06-12T14:36:52.785+0000] {logging_mixin.py:188} INFO - [2025-06-12T14:36:52.785+0000] {dagbag.py:540} INFO - Filling up the DagBag from /home/airflow/.local/lib/python3.12/site-packages/airflow/example_dags/example_setup_teardown.py
[2025-06-12T14:36:52.789+0000] {processor.py:840} INFO - DAG(s) 'example_setup_teardown' retrieved from /home/airflow/.local/lib/python3.12/site-packages/airflow/example_dags/example_setup_teardown.py
[2025-06-12T14:36:52.803+0000] {logging_mixin.py:188} INFO - [2025-06-12T14:36:52.803+0000] {dag.py:3096} INFO - Sync 1 DAGs
[2025-06-12T14:36:52.814+0000] {logging_mixin.py:188} INFO - [2025-06-12T14:36:52.814+0000] {dag.py:3954} INFO - Setting next_dagrun for example_setup_teardown to 2025-06-11 00:00:00+00:00, run_after=2025-06-12 00:00:00+00:00
[2025-06-12T14:36:52.827+0000] {processor.py:183} INFO - Processing /home/airflow/.local/lib/python3.12/site-packages/airflow/example_dags/example_setup_teardown.py took 0.046 seconds
[2025-06-12T14:37:23.933+0000] {processor.py:161} INFO - Started process (PID=268) to work on /home/airflow/.local/lib/python3.12/site-packages/airflow/example_dags/example_setup_teardown.py
[2025-06-12T14:37:23.934+0000] {processor.py:830} INFO - Processing file /home/airflow/.local/lib/python3.12/site-packages/airflow/example_dags/example_setup_teardown.py for tasks to queue
[2025-06-12T14:37:23.936+0000] {logging_mixin.py:188} INFO - [2025-06-12T14:37:23.935+0000] {dagbag.py:540} INFO - Filling up the DagBag from /home/airflow/.local/lib/python3.12/site-packages/airflow/example_dags/example_setup_teardown.py
[2025-06-12T14:37:23.941+0000] {processor.py:840} INFO - DAG(s) 'example_setup_teardown' retrieved from /home/airflow/.local/lib/python3.12/site-packages/airflow/example_dags/example_setup_teardown.py
[2025-06-12T14:37:23.972+0000] {logging_mixin.py:188} INFO - [2025-06-12T14:37:23.972+0000] {dag.py:3096} INFO - Sync 1 DAGs
[2025-06-12T14:37:23.994+0000] {logging_mixin.py:188} INFO - [2025-06-12T14:37:23.994+0000] {dag.py:3954} INFO - Setting next_dagrun for example_setup_teardown to 2025-06-11 00:00:00+00:00, run_after=2025-06-12 00:00:00+00:00
[2025-06-12T14:37:24.013+0000] {processor.py:183} INFO - Processing /home/airflow/.local/lib/python3.12/site-packages/airflow/example_dags/example_setup_teardown.py took 0.084 seconds
[2025-06-12T14:37:54.626+0000] {processor.py:161} INFO - Started process (PID=335) to work on /home/airflow/.local/lib/python3.12/site-packages/airflow/example_dags/example_setup_teardown.py
[2025-06-12T14:37:54.627+0000] {processor.py:830} INFO - Processing file /home/airflow/.local/lib/python3.12/site-packages/airflow/example_dags/example_setup_teardown.py for tasks to queue
[2025-06-12T14:37:54.628+0000] {logging_mixin.py:188} INFO - [2025-06-12T14:37:54.628+0000] {dagbag.py:540} INFO - Filling up the DagBag from /home/airflow/.local/lib/python3.12/site-packages/airflow/example_dags/example_setup_teardown.py
[2025-06-12T14:37:54.635+0000] {processor.py:840} INFO - DAG(s) 'example_setup_teardown' retrieved from /home/airflow/.local/lib/python3.12/site-packages/airflow/example_dags/example_setup_teardown.py
[2025-06-12T14:37:54.651+0000] {logging_mixin.py:188} INFO - [2025-06-12T14:37:54.651+0000] {dag.py:3096} INFO - Sync 1 DAGs
[2025-06-12T14:37:54.662+0000] {logging_mixin.py:188} INFO - [2025-06-12T14:37:54.662+0000] {dag.py:3954} INFO - Setting next_dagrun for example_setup_teardown to 2025-06-11 00:00:00+00:00, run_after=2025-06-12 00:00:00+00:00
[2025-06-12T14:37:54.674+0000] {processor.py:183} INFO - Processing /home/airflow/.local/lib/python3.12/site-packages/airflow/example_dags/example_setup_teardown.py took 0.051 seconds
[2025-06-12T14:38:25.265+0000] {processor.py:161} INFO - Started process (PID=410) to work on /home/airflow/.local/lib/python3.12/site-packages/airflow/example_dags/example_setup_teardown.py
[2025-06-12T14:38:25.266+0000] {processor.py:830} INFO - Processing file /home/airflow/.local/lib/python3.12/site-packages/airflow/example_dags/example_setup_teardown.py for tasks to queue
[2025-06-12T14:38:25.267+0000] {logging_mixin.py:188} INFO - [2025-06-12T14:38:25.267+0000] {dagbag.py:540} INFO - Filling up the DagBag from /home/airflow/.local/lib/python3.12/site-packages/airflow/example_dags/example_setup_teardown.py
[2025-06-12T14:38:25.271+0000] {processor.py:840} INFO - DAG(s) 'example_setup_teardown' retrieved from /home/airflow/.local/lib/python3.12/site-packages/airflow/example_dags/example_setup_teardown.py
[2025-06-12T14:38:25.283+0000] {logging_mixin.py:188} INFO - [2025-06-12T14:38:25.283+0000] {dag.py:3096} INFO - Sync 1 DAGs
[2025-06-12T14:38:25.295+0000] {logging_mixin.py:188} INFO - [2025-06-12T14:38:25.295+0000] {dag.py:3954} INFO - Setting next_dagrun for example_setup_teardown to 2025-06-11 00:00:00+00:00, run_after=2025-06-12 00:00:00+00:00
[2025-06-12T14:38:25.307+0000] {processor.py:183} INFO - Processing /home/airflow/.local/lib/python3.12/site-packages/airflow/example_dags/example_setup_teardown.py took 0.044 seconds
[2025-06-12T14:38:55.404+0000] {processor.py:161} INFO - Started process (PID=477) to work on /home/airflow/.local/lib/python3.12/site-packages/airflow/example_dags/example_setup_teardown.py
[2025-06-12T14:38:55.405+0000] {processor.py:830} INFO - Processing file /home/airflow/.local/lib/python3.12/site-packages/airflow/example_dags/example_setup_teardown.py for tasks to queue
[2025-06-12T14:38:55.406+0000] {logging_mixin.py:188} INFO - [2025-06-12T14:38:55.406+0000] {dagbag.py:540} INFO - Filling up the DagBag from /home/airflow/.local/lib/python3.12/site-packages/airflow/example_dags/example_setup_teardown.py
[2025-06-12T14:38:55.408+0000] {processor.py:840} INFO - DAG(s) 'example_setup_teardown' retrieved from /home/airflow/.local/lib/python3.12/site-packages/airflow/example_dags/example_setup_teardown.py
[2025-06-12T14:38:55.418+0000] {logging_mixin.py:188} INFO - [2025-06-12T14:38:55.418+0000] {dag.py:3096} INFO - Sync 1 DAGs
[2025-06-12T14:38:55.425+0000] {logging_mixin.py:188} INFO - [2025-06-12T14:38:55.425+0000] {dag.py:3954} INFO - Setting next_dagrun for example_setup_teardown to 2025-06-11 00:00:00+00:00, run_after=2025-06-12 00:00:00+00:00
[2025-06-12T14:38:55.432+0000] {processor.py:183} INFO - Processing /home/airflow/.local/lib/python3.12/site-packages/airflow/example_dags/example_setup_teardown.py took 0.030 seconds
[2025-06-12T14:39:25.838+0000] {processor.py:161} INFO - Started process (PID=551) to work on /home/airflow/.local/lib/python3.12/site-packages/airflow/example_dags/example_setup_teardown.py
[2025-06-12T14:39:25.839+0000] {processor.py:830} INFO - Processing file /home/airflow/.local/lib/python3.12/site-packages/airflow/example_dags/example_setup_teardown.py for tasks to queue
[2025-06-12T14:39:25.840+0000] {logging_mixin.py:188} INFO - [2025-06-12T14:39:25.840+0000] {dagbag.py:540} INFO - Filling up the DagBag from /home/airflow/.local/lib/python3.12/site-packages/airflow/example_dags/example_setup_teardown.py
[2025-06-12T14:39:25.843+0000] {processor.py:840} INFO - DAG(s) 'example_setup_teardown' retrieved from /home/airflow/.local/lib/python3.12/site-packages/airflow/example_dags/example_setup_teardown.py
[2025-06-12T14:39:25.853+0000] {logging_mixin.py:188} INFO - [2025-06-12T14:39:25.853+0000] {dag.py:3096} INFO - Sync 1 DAGs
[2025-06-12T14:39:25.863+0000] {logging_mixin.py:188} INFO - [2025-06-12T14:39:25.863+0000] {dag.py:3954} INFO - Setting next_dagrun for example_setup_teardown to 2025-06-11 00:00:00+00:00, run_after=2025-06-12 00:00:00+00:00
[2025-06-12T14:39:25.871+0000] {processor.py:183} INFO - Processing /home/airflow/.local/lib/python3.12/site-packages/airflow/example_dags/example_setup_teardown.py took 0.036 seconds
[2025-06-12T14:46:31.093+0000] {processor.py:161} INFO - Started process (PID=56) to work on /home/airflow/.local/lib/python3.12/site-packages/airflow/example_dags/example_setup_teardown.py
[2025-06-12T14:46:31.094+0000] {processor.py:830} INFO - Processing file /home/airflow/.local/lib/python3.12/site-packages/airflow/example_dags/example_setup_teardown.py for tasks to queue
[2025-06-12T14:46:31.096+0000] {logging_mixin.py:188} INFO - [2025-06-12T14:46:31.095+0000] {dagbag.py:540} INFO - Filling up the DagBag from /home/airflow/.local/lib/python3.12/site-packages/airflow/example_dags/example_setup_teardown.py
[2025-06-12T14:46:31.105+0000] {processor.py:840} INFO - DAG(s) 'example_setup_teardown' retrieved from /home/airflow/.local/lib/python3.12/site-packages/airflow/example_dags/example_setup_teardown.py
[2025-06-12T14:46:31.129+0000] {logging_mixin.py:188} INFO - [2025-06-12T14:46:31.128+0000] {dag.py:3096} INFO - Sync 1 DAGs
[2025-06-12T14:46:31.173+0000] {logging_mixin.py:188} INFO - [2025-06-12T14:46:31.173+0000] {dag.py:3954} INFO - Setting next_dagrun for example_setup_teardown to 2025-06-11 00:00:00+00:00, run_after=2025-06-12 00:00:00+00:00
[2025-06-12T14:46:31.193+0000] {processor.py:183} INFO - Processing /home/airflow/.local/lib/python3.12/site-packages/airflow/example_dags/example_setup_teardown.py took 0.112 seconds
[2025-06-12T14:47:01.917+0000] {processor.py:161} INFO - Started process (PID=123) to work on /home/airflow/.local/lib/python3.12/site-packages/airflow/example_dags/example_setup_teardown.py
[2025-06-12T14:47:01.918+0000] {processor.py:830} INFO - Processing file /home/airflow/.local/lib/python3.12/site-packages/airflow/example_dags/example_setup_teardown.py for tasks to queue
[2025-06-12T14:47:01.919+0000] {logging_mixin.py:188} INFO - [2025-06-12T14:47:01.918+0000] {dagbag.py:540} INFO - Filling up the DagBag from /home/airflow/.local/lib/python3.12/site-packages/airflow/example_dags/example_setup_teardown.py
[2025-06-12T14:47:01.922+0000] {processor.py:840} INFO - DAG(s) 'example_setup_teardown' retrieved from /home/airflow/.local/lib/python3.12/site-packages/airflow/example_dags/example_setup_teardown.py
[2025-06-12T14:47:01.969+0000] {logging_mixin.py:188} INFO - [2025-06-12T14:47:01.969+0000] {dag.py:3096} INFO - Sync 1 DAGs
[2025-06-12T14:47:01.978+0000] {logging_mixin.py:188} INFO - [2025-06-12T14:47:01.977+0000] {dag.py:3954} INFO - Setting next_dagrun for example_setup_teardown to 2025-06-11 00:00:00+00:00, run_after=2025-06-12 00:00:00+00:00
[2025-06-12T14:47:01.986+0000] {processor.py:183} INFO - Processing /home/airflow/.local/lib/python3.12/site-packages/airflow/example_dags/example_setup_teardown.py took 0.072 seconds
[2025-06-12T14:47:32.678+0000] {processor.py:161} INFO - Started process (PID=196) to work on /home/airflow/.local/lib/python3.12/site-packages/airflow/example_dags/example_setup_teardown.py
[2025-06-12T14:47:32.680+0000] {processor.py:830} INFO - Processing file /home/airflow/.local/lib/python3.12/site-packages/airflow/example_dags/example_setup_teardown.py for tasks to queue
[2025-06-12T14:47:32.681+0000] {logging_mixin.py:188} INFO - [2025-06-12T14:47:32.681+0000] {dagbag.py:540} INFO - Filling up the DagBag from /home/airflow/.local/lib/python3.12/site-packages/airflow/example_dags/example_setup_teardown.py
[2025-06-12T14:47:32.685+0000] {processor.py:840} INFO - DAG(s) 'example_setup_teardown' retrieved from /home/airflow/.local/lib/python3.12/site-packages/airflow/example_dags/example_setup_teardown.py
[2025-06-12T14:47:32.695+0000] {logging_mixin.py:188} INFO - [2025-06-12T14:47:32.695+0000] {dag.py:3096} INFO - Sync 1 DAGs
[2025-06-12T14:47:32.704+0000] {logging_mixin.py:188} INFO - [2025-06-12T14:47:32.704+0000] {dag.py:3954} INFO - Setting next_dagrun for example_setup_teardown to 2025-06-11 00:00:00+00:00, run_after=2025-06-12 00:00:00+00:00
[2025-06-12T14:47:32.712+0000] {processor.py:183} INFO - Processing /home/airflow/.local/lib/python3.12/site-packages/airflow/example_dags/example_setup_teardown.py took 0.037 seconds
[2025-06-12T14:48:02.885+0000] {processor.py:161} INFO - Started process (PID=263) to work on /home/airflow/.local/lib/python3.12/site-packages/airflow/example_dags/example_setup_teardown.py
[2025-06-12T14:48:02.886+0000] {processor.py:830} INFO - Processing file /home/airflow/.local/lib/python3.12/site-packages/airflow/example_dags/example_setup_teardown.py for tasks to queue
[2025-06-12T14:48:02.887+0000] {logging_mixin.py:188} INFO - [2025-06-12T14:48:02.887+0000] {dagbag.py:540} INFO - Filling up the DagBag from /home/airflow/.local/lib/python3.12/site-packages/airflow/example_dags/example_setup_teardown.py
[2025-06-12T14:48:02.890+0000] {processor.py:840} INFO - DAG(s) 'example_setup_teardown' retrieved from /home/airflow/.local/lib/python3.12/site-packages/airflow/example_dags/example_setup_teardown.py
[2025-06-12T14:48:02.909+0000] {logging_mixin.py:188} INFO - [2025-06-12T14:48:02.909+0000] {dag.py:3096} INFO - Sync 1 DAGs
[2025-06-12T14:48:02.920+0000] {logging_mixin.py:188} INFO - [2025-06-12T14:48:02.920+0000] {dag.py:3954} INFO - Setting next_dagrun for example_setup_teardown to 2025-06-11 00:00:00+00:00, run_after=2025-06-12 00:00:00+00:00
[2025-06-12T14:48:02.932+0000] {processor.py:183} INFO - Processing /home/airflow/.local/lib/python3.12/site-packages/airflow/example_dags/example_setup_teardown.py took 0.050 seconds
[2025-06-12T15:07:49.219+0000] {processor.py:161} INFO - Started process (PID=56) to work on /home/airflow/.local/lib/python3.12/site-packages/airflow/example_dags/example_setup_teardown.py
[2025-06-12T15:07:49.220+0000] {processor.py:830} INFO - Processing file /home/airflow/.local/lib/python3.12/site-packages/airflow/example_dags/example_setup_teardown.py for tasks to queue
[2025-06-12T15:07:49.225+0000] {logging_mixin.py:188} INFO - [2025-06-12T15:07:49.223+0000] {dagbag.py:540} INFO - Filling up the DagBag from /home/airflow/.local/lib/python3.12/site-packages/airflow/example_dags/example_setup_teardown.py
[2025-06-12T15:07:49.249+0000] {processor.py:840} INFO - DAG(s) 'example_setup_teardown' retrieved from /home/airflow/.local/lib/python3.12/site-packages/airflow/example_dags/example_setup_teardown.py
[2025-06-12T15:07:49.286+0000] {logging_mixin.py:188} INFO - [2025-06-12T15:07:49.286+0000] {dag.py:3096} INFO - Sync 1 DAGs
[2025-06-12T15:07:49.342+0000] {logging_mixin.py:188} INFO - [2025-06-12T15:07:49.342+0000] {dag.py:3954} INFO - Setting next_dagrun for example_setup_teardown to 2025-06-11 00:00:00+00:00, run_after=2025-06-12 00:00:00+00:00
[2025-06-12T15:07:49.373+0000] {processor.py:183} INFO - Processing /home/airflow/.local/lib/python3.12/site-packages/airflow/example_dags/example_setup_teardown.py took 0.182 seconds
[2025-06-12T15:08:20.218+0000] {processor.py:161} INFO - Started process (PID=123) to work on /home/airflow/.local/lib/python3.12/site-packages/airflow/example_dags/example_setup_teardown.py
[2025-06-12T15:08:20.220+0000] {processor.py:830} INFO - Processing file /home/airflow/.local/lib/python3.12/site-packages/airflow/example_dags/example_setup_teardown.py for tasks to queue
[2025-06-12T15:08:20.222+0000] {logging_mixin.py:188} INFO - [2025-06-12T15:08:20.221+0000] {dagbag.py:540} INFO - Filling up the DagBag from /home/airflow/.local/lib/python3.12/site-packages/airflow/example_dags/example_setup_teardown.py
[2025-06-12T15:08:20.230+0000] {processor.py:840} INFO - DAG(s) 'example_setup_teardown' retrieved from /home/airflow/.local/lib/python3.12/site-packages/airflow/example_dags/example_setup_teardown.py
[2025-06-12T15:08:20.288+0000] {logging_mixin.py:188} INFO - [2025-06-12T15:08:20.288+0000] {dag.py:3096} INFO - Sync 1 DAGs
[2025-06-12T15:08:20.299+0000] {logging_mixin.py:188} INFO - [2025-06-12T15:08:20.299+0000] {dag.py:3954} INFO - Setting next_dagrun for example_setup_teardown to 2025-06-11 00:00:00+00:00, run_after=2025-06-12 00:00:00+00:00
[2025-06-12T15:08:20.308+0000] {processor.py:183} INFO - Processing /home/airflow/.local/lib/python3.12/site-packages/airflow/example_dags/example_setup_teardown.py took 0.096 seconds
[2025-06-12T15:08:50.374+0000] {processor.py:161} INFO - Started process (PID=190) to work on /home/airflow/.local/lib/python3.12/site-packages/airflow/example_dags/example_setup_teardown.py
[2025-06-12T15:08:50.376+0000] {processor.py:830} INFO - Processing file /home/airflow/.local/lib/python3.12/site-packages/airflow/example_dags/example_setup_teardown.py for tasks to queue
[2025-06-12T15:08:50.377+0000] {logging_mixin.py:188} INFO - [2025-06-12T15:08:50.377+0000] {dagbag.py:540} INFO - Filling up the DagBag from /home/airflow/.local/lib/python3.12/site-packages/airflow/example_dags/example_setup_teardown.py
[2025-06-12T15:08:50.385+0000] {processor.py:840} INFO - DAG(s) 'example_setup_teardown' retrieved from /home/airflow/.local/lib/python3.12/site-packages/airflow/example_dags/example_setup_teardown.py
[2025-06-12T15:08:50.404+0000] {logging_mixin.py:188} INFO - [2025-06-12T15:08:50.404+0000] {dag.py:3096} INFO - Sync 1 DAGs
[2025-06-12T15:08:50.416+0000] {logging_mixin.py:188} INFO - [2025-06-12T15:08:50.416+0000] {dag.py:3954} INFO - Setting next_dagrun for example_setup_teardown to 2025-06-11 00:00:00+00:00, run_after=2025-06-12 00:00:00+00:00
[2025-06-12T15:08:50.428+0000] {processor.py:183} INFO - Processing /home/airflow/.local/lib/python3.12/site-packages/airflow/example_dags/example_setup_teardown.py took 0.059 seconds
[2025-06-12T15:09:20.691+0000] {processor.py:161} INFO - Started process (PID=264) to work on /home/airflow/.local/lib/python3.12/site-packages/airflow/example_dags/example_setup_teardown.py
[2025-06-12T15:09:20.693+0000] {processor.py:830} INFO - Processing file /home/airflow/.local/lib/python3.12/site-packages/airflow/example_dags/example_setup_teardown.py for tasks to queue
[2025-06-12T15:09:20.697+0000] {logging_mixin.py:188} INFO - [2025-06-12T15:09:20.696+0000] {dagbag.py:540} INFO - Filling up the DagBag from /home/airflow/.local/lib/python3.12/site-packages/airflow/example_dags/example_setup_teardown.py
[2025-06-12T15:09:20.701+0000] {processor.py:840} INFO - DAG(s) 'example_setup_teardown' retrieved from /home/airflow/.local/lib/python3.12/site-packages/airflow/example_dags/example_setup_teardown.py
[2025-06-12T15:09:20.721+0000] {logging_mixin.py:188} INFO - [2025-06-12T15:09:20.721+0000] {dag.py:3096} INFO - Sync 1 DAGs
[2025-06-12T15:09:20.733+0000] {logging_mixin.py:188} INFO - [2025-06-12T15:09:20.733+0000] {dag.py:3954} INFO - Setting next_dagrun for example_setup_teardown to 2025-06-11 00:00:00+00:00, run_after=2025-06-12 00:00:00+00:00
[2025-06-12T15:09:20.744+0000] {processor.py:183} INFO - Processing /home/airflow/.local/lib/python3.12/site-packages/airflow/example_dags/example_setup_teardown.py took 0.058 seconds
[2025-06-12T15:09:51.227+0000] {processor.py:161} INFO - Started process (PID=338) to work on /home/airflow/.local/lib/python3.12/site-packages/airflow/example_dags/example_setup_teardown.py
[2025-06-12T15:09:51.229+0000] {processor.py:830} INFO - Processing file /home/airflow/.local/lib/python3.12/site-packages/airflow/example_dags/example_setup_teardown.py for tasks to queue
[2025-06-12T15:09:51.231+0000] {logging_mixin.py:188} INFO - [2025-06-12T15:09:51.231+0000] {dagbag.py:540} INFO - Filling up the DagBag from /home/airflow/.local/lib/python3.12/site-packages/airflow/example_dags/example_setup_teardown.py
[2025-06-12T15:09:51.237+0000] {processor.py:840} INFO - DAG(s) 'example_setup_teardown' retrieved from /home/airflow/.local/lib/python3.12/site-packages/airflow/example_dags/example_setup_teardown.py
[2025-06-12T15:09:51.257+0000] {logging_mixin.py:188} INFO - [2025-06-12T15:09:51.257+0000] {dag.py:3096} INFO - Sync 1 DAGs
[2025-06-12T15:09:51.278+0000] {logging_mixin.py:188} INFO - [2025-06-12T15:09:51.278+0000] {dag.py:3954} INFO - Setting next_dagrun for example_setup_teardown to 2025-06-11 00:00:00+00:00, run_after=2025-06-12 00:00:00+00:00
[2025-06-12T15:09:51.312+0000] {processor.py:183} INFO - Processing /home/airflow/.local/lib/python3.12/site-packages/airflow/example_dags/example_setup_teardown.py took 0.091 seconds
[2025-06-12T15:10:21.337+0000] {processor.py:161} INFO - Started process (PID=405) to work on /home/airflow/.local/lib/python3.12/site-packages/airflow/example_dags/example_setup_teardown.py
[2025-06-12T15:10:21.339+0000] {processor.py:830} INFO - Processing file /home/airflow/.local/lib/python3.12/site-packages/airflow/example_dags/example_setup_teardown.py for tasks to queue
[2025-06-12T15:10:21.339+0000] {logging_mixin.py:188} INFO - [2025-06-12T15:10:21.339+0000] {dagbag.py:540} INFO - Filling up the DagBag from /home/airflow/.local/lib/python3.12/site-packages/airflow/example_dags/example_setup_teardown.py
[2025-06-12T15:10:21.346+0000] {processor.py:840} INFO - DAG(s) 'example_setup_teardown' retrieved from /home/airflow/.local/lib/python3.12/site-packages/airflow/example_dags/example_setup_teardown.py
[2025-06-12T15:10:21.360+0000] {logging_mixin.py:188} INFO - [2025-06-12T15:10:21.360+0000] {dag.py:3096} INFO - Sync 1 DAGs
[2025-06-12T15:10:21.373+0000] {logging_mixin.py:188} INFO - [2025-06-12T15:10:21.373+0000] {dag.py:3954} INFO - Setting next_dagrun for example_setup_teardown to 2025-06-11 00:00:00+00:00, run_after=2025-06-12 00:00:00+00:00
[2025-06-12T15:10:21.380+0000] {processor.py:183} INFO - Processing /home/airflow/.local/lib/python3.12/site-packages/airflow/example_dags/example_setup_teardown.py took 0.046 seconds
[2025-06-12T15:10:51.594+0000] {processor.py:161} INFO - Started process (PID=479) to work on /home/airflow/.local/lib/python3.12/site-packages/airflow/example_dags/example_setup_teardown.py
[2025-06-12T15:10:51.597+0000] {processor.py:830} INFO - Processing file /home/airflow/.local/lib/python3.12/site-packages/airflow/example_dags/example_setup_teardown.py for tasks to queue
[2025-06-12T15:10:51.600+0000] {logging_mixin.py:188} INFO - [2025-06-12T15:10:51.599+0000] {dagbag.py:540} INFO - Filling up the DagBag from /home/airflow/.local/lib/python3.12/site-packages/airflow/example_dags/example_setup_teardown.py
[2025-06-12T15:10:51.605+0000] {processor.py:840} INFO - DAG(s) 'example_setup_teardown' retrieved from /home/airflow/.local/lib/python3.12/site-packages/airflow/example_dags/example_setup_teardown.py
[2025-06-12T15:10:51.621+0000] {logging_mixin.py:188} INFO - [2025-06-12T15:10:51.621+0000] {dag.py:3096} INFO - Sync 1 DAGs
[2025-06-12T15:10:51.635+0000] {logging_mixin.py:188} INFO - [2025-06-12T15:10:51.635+0000] {dag.py:3954} INFO - Setting next_dagrun for example_setup_teardown to 2025-06-11 00:00:00+00:00, run_after=2025-06-12 00:00:00+00:00
[2025-06-12T15:10:51.651+0000] {processor.py:183} INFO - Processing /home/airflow/.local/lib/python3.12/site-packages/airflow/example_dags/example_setup_teardown.py took 0.062 seconds
[2025-06-12T15:11:21.901+0000] {processor.py:161} INFO - Started process (PID=552) to work on /home/airflow/.local/lib/python3.12/site-packages/airflow/example_dags/example_setup_teardown.py
[2025-06-12T15:11:21.902+0000] {processor.py:830} INFO - Processing file /home/airflow/.local/lib/python3.12/site-packages/airflow/example_dags/example_setup_teardown.py for tasks to queue
[2025-06-12T15:11:21.904+0000] {logging_mixin.py:188} INFO - [2025-06-12T15:11:21.904+0000] {dagbag.py:540} INFO - Filling up the DagBag from /home/airflow/.local/lib/python3.12/site-packages/airflow/example_dags/example_setup_teardown.py
[2025-06-12T15:11:21.914+0000] {processor.py:840} INFO - DAG(s) 'example_setup_teardown' retrieved from /home/airflow/.local/lib/python3.12/site-packages/airflow/example_dags/example_setup_teardown.py
[2025-06-12T15:11:21.934+0000] {logging_mixin.py:188} INFO - [2025-06-12T15:11:21.934+0000] {dag.py:3096} INFO - Sync 1 DAGs
[2025-06-12T15:11:21.948+0000] {logging_mixin.py:188} INFO - [2025-06-12T15:11:21.948+0000] {dag.py:3954} INFO - Setting next_dagrun for example_setup_teardown to 2025-06-11 00:00:00+00:00, run_after=2025-06-12 00:00:00+00:00
[2025-06-12T15:11:21.961+0000] {processor.py:183} INFO - Processing /home/airflow/.local/lib/python3.12/site-packages/airflow/example_dags/example_setup_teardown.py took 0.068 seconds
[2025-06-12T15:11:52.172+0000] {processor.py:161} INFO - Started process (PID=618) to work on /home/airflow/.local/lib/python3.12/site-packages/airflow/example_dags/example_setup_teardown.py
[2025-06-12T15:11:52.174+0000] {processor.py:830} INFO - Processing file /home/airflow/.local/lib/python3.12/site-packages/airflow/example_dags/example_setup_teardown.py for tasks to queue
[2025-06-12T15:11:52.175+0000] {logging_mixin.py:188} INFO - [2025-06-12T15:11:52.175+0000] {dagbag.py:540} INFO - Filling up the DagBag from /home/airflow/.local/lib/python3.12/site-packages/airflow/example_dags/example_setup_teardown.py
[2025-06-12T15:11:52.179+0000] {processor.py:840} INFO - DAG(s) 'example_setup_teardown' retrieved from /home/airflow/.local/lib/python3.12/site-packages/airflow/example_dags/example_setup_teardown.py
[2025-06-12T15:11:52.194+0000] {logging_mixin.py:188} INFO - [2025-06-12T15:11:52.194+0000] {dag.py:3096} INFO - Sync 1 DAGs
[2025-06-12T15:11:52.205+0000] {logging_mixin.py:188} INFO - [2025-06-12T15:11:52.205+0000] {dag.py:3954} INFO - Setting next_dagrun for example_setup_teardown to 2025-06-11 00:00:00+00:00, run_after=2025-06-12 00:00:00+00:00
[2025-06-12T15:11:52.215+0000] {processor.py:183} INFO - Processing /home/airflow/.local/lib/python3.12/site-packages/airflow/example_dags/example_setup_teardown.py took 0.046 seconds
[2025-06-12T15:12:22.384+0000] {processor.py:161} INFO - Started process (PID=691) to work on /home/airflow/.local/lib/python3.12/site-packages/airflow/example_dags/example_setup_teardown.py
[2025-06-12T15:12:22.386+0000] {processor.py:830} INFO - Processing file /home/airflow/.local/lib/python3.12/site-packages/airflow/example_dags/example_setup_teardown.py for tasks to queue
[2025-06-12T15:12:22.388+0000] {logging_mixin.py:188} INFO - [2025-06-12T15:12:22.387+0000] {dagbag.py:540} INFO - Filling up the DagBag from /home/airflow/.local/lib/python3.12/site-packages/airflow/example_dags/example_setup_teardown.py
[2025-06-12T15:12:22.393+0000] {processor.py:840} INFO - DAG(s) 'example_setup_teardown' retrieved from /home/airflow/.local/lib/python3.12/site-packages/airflow/example_dags/example_setup_teardown.py
[2025-06-12T15:12:22.409+0000] {logging_mixin.py:188} INFO - [2025-06-12T15:12:22.409+0000] {dag.py:3096} INFO - Sync 1 DAGs
[2025-06-12T15:12:22.424+0000] {logging_mixin.py:188} INFO - [2025-06-12T15:12:22.424+0000] {dag.py:3954} INFO - Setting next_dagrun for example_setup_teardown to 2025-06-11 00:00:00+00:00, run_after=2025-06-12 00:00:00+00:00
[2025-06-12T15:12:22.440+0000] {processor.py:183} INFO - Processing /home/airflow/.local/lib/python3.12/site-packages/airflow/example_dags/example_setup_teardown.py took 0.061 seconds
[2025-06-12T15:12:53.354+0000] {processor.py:161} INFO - Started process (PID=765) to work on /home/airflow/.local/lib/python3.12/site-packages/airflow/example_dags/example_setup_teardown.py
[2025-06-12T15:12:53.355+0000] {processor.py:830} INFO - Processing file /home/airflow/.local/lib/python3.12/site-packages/airflow/example_dags/example_setup_teardown.py for tasks to queue
[2025-06-12T15:12:53.356+0000] {logging_mixin.py:188} INFO - [2025-06-12T15:12:53.356+0000] {dagbag.py:540} INFO - Filling up the DagBag from /home/airflow/.local/lib/python3.12/site-packages/airflow/example_dags/example_setup_teardown.py
[2025-06-12T15:12:53.361+0000] {processor.py:840} INFO - DAG(s) 'example_setup_teardown' retrieved from /home/airflow/.local/lib/python3.12/site-packages/airflow/example_dags/example_setup_teardown.py
[2025-06-12T15:12:53.376+0000] {logging_mixin.py:188} INFO - [2025-06-12T15:12:53.376+0000] {dag.py:3096} INFO - Sync 1 DAGs
[2025-06-12T15:12:53.388+0000] {logging_mixin.py:188} INFO - [2025-06-12T15:12:53.388+0000] {dag.py:3954} INFO - Setting next_dagrun for example_setup_teardown to 2025-06-11 00:00:00+00:00, run_after=2025-06-12 00:00:00+00:00
[2025-06-12T15:12:53.402+0000] {processor.py:183} INFO - Processing /home/airflow/.local/lib/python3.12/site-packages/airflow/example_dags/example_setup_teardown.py took 0.050 seconds
[2025-06-12T15:13:23.473+0000] {processor.py:161} INFO - Started process (PID=832) to work on /home/airflow/.local/lib/python3.12/site-packages/airflow/example_dags/example_setup_teardown.py
[2025-06-12T15:13:23.476+0000] {processor.py:830} INFO - Processing file /home/airflow/.local/lib/python3.12/site-packages/airflow/example_dags/example_setup_teardown.py for tasks to queue
[2025-06-12T15:13:23.477+0000] {logging_mixin.py:188} INFO - [2025-06-12T15:13:23.476+0000] {dagbag.py:540} INFO - Filling up the DagBag from /home/airflow/.local/lib/python3.12/site-packages/airflow/example_dags/example_setup_teardown.py
[2025-06-12T15:13:23.482+0000] {processor.py:840} INFO - DAG(s) 'example_setup_teardown' retrieved from /home/airflow/.local/lib/python3.12/site-packages/airflow/example_dags/example_setup_teardown.py
[2025-06-12T15:13:23.493+0000] {logging_mixin.py:188} INFO - [2025-06-12T15:13:23.493+0000] {dag.py:3096} INFO - Sync 1 DAGs
[2025-06-12T15:13:23.501+0000] {logging_mixin.py:188} INFO - [2025-06-12T15:13:23.501+0000] {dag.py:3954} INFO - Setting next_dagrun for example_setup_teardown to 2025-06-11 00:00:00+00:00, run_after=2025-06-12 00:00:00+00:00
[2025-06-12T15:13:23.508+0000] {processor.py:183} INFO - Processing /home/airflow/.local/lib/python3.12/site-packages/airflow/example_dags/example_setup_teardown.py took 0.037 seconds
[2025-06-12T15:13:53.704+0000] {processor.py:161} INFO - Started process (PID=906) to work on /home/airflow/.local/lib/python3.12/site-packages/airflow/example_dags/example_setup_teardown.py
[2025-06-12T15:13:53.704+0000] {processor.py:830} INFO - Processing file /home/airflow/.local/lib/python3.12/site-packages/airflow/example_dags/example_setup_teardown.py for tasks to queue
[2025-06-12T15:13:53.705+0000] {logging_mixin.py:188} INFO - [2025-06-12T15:13:53.705+0000] {dagbag.py:540} INFO - Filling up the DagBag from /home/airflow/.local/lib/python3.12/site-packages/airflow/example_dags/example_setup_teardown.py
[2025-06-12T15:13:53.709+0000] {processor.py:840} INFO - DAG(s) 'example_setup_teardown' retrieved from /home/airflow/.local/lib/python3.12/site-packages/airflow/example_dags/example_setup_teardown.py
[2025-06-12T15:13:53.720+0000] {logging_mixin.py:188} INFO - [2025-06-12T15:13:53.720+0000] {dag.py:3096} INFO - Sync 1 DAGs
[2025-06-12T15:13:53.729+0000] {logging_mixin.py:188} INFO - [2025-06-12T15:13:53.729+0000] {dag.py:3954} INFO - Setting next_dagrun for example_setup_teardown to 2025-06-11 00:00:00+00:00, run_after=2025-06-12 00:00:00+00:00
[2025-06-12T15:13:53.737+0000] {processor.py:183} INFO - Processing /home/airflow/.local/lib/python3.12/site-packages/airflow/example_dags/example_setup_teardown.py took 0.036 seconds
[2025-06-12T15:14:24.282+0000] {processor.py:161} INFO - Started process (PID=973) to work on /home/airflow/.local/lib/python3.12/site-packages/airflow/example_dags/example_setup_teardown.py
[2025-06-12T15:14:24.283+0000] {processor.py:830} INFO - Processing file /home/airflow/.local/lib/python3.12/site-packages/airflow/example_dags/example_setup_teardown.py for tasks to queue
[2025-06-12T15:14:24.284+0000] {logging_mixin.py:188} INFO - [2025-06-12T15:14:24.283+0000] {dagbag.py:540} INFO - Filling up the DagBag from /home/airflow/.local/lib/python3.12/site-packages/airflow/example_dags/example_setup_teardown.py
[2025-06-12T15:14:24.286+0000] {processor.py:840} INFO - DAG(s) 'example_setup_teardown' retrieved from /home/airflow/.local/lib/python3.12/site-packages/airflow/example_dags/example_setup_teardown.py
[2025-06-12T15:14:24.296+0000] {logging_mixin.py:188} INFO - [2025-06-12T15:14:24.296+0000] {dag.py:3096} INFO - Sync 1 DAGs
[2025-06-12T15:14:24.305+0000] {logging_mixin.py:188} INFO - [2025-06-12T15:14:24.304+0000] {dag.py:3954} INFO - Setting next_dagrun for example_setup_teardown to 2025-06-11 00:00:00+00:00, run_after=2025-06-12 00:00:00+00:00
[2025-06-12T15:14:24.311+0000] {processor.py:183} INFO - Processing /home/airflow/.local/lib/python3.12/site-packages/airflow/example_dags/example_setup_teardown.py took 0.032 seconds
[2025-06-12T15:14:55.398+0000] {processor.py:161} INFO - Started process (PID=1048) to work on /home/airflow/.local/lib/python3.12/site-packages/airflow/example_dags/example_setup_teardown.py
[2025-06-12T15:14:55.399+0000] {processor.py:830} INFO - Processing file /home/airflow/.local/lib/python3.12/site-packages/airflow/example_dags/example_setup_teardown.py for tasks to queue
[2025-06-12T15:14:55.399+0000] {logging_mixin.py:188} INFO - [2025-06-12T15:14:55.399+0000] {dagbag.py:540} INFO - Filling up the DagBag from /home/airflow/.local/lib/python3.12/site-packages/airflow/example_dags/example_setup_teardown.py
[2025-06-12T15:14:55.402+0000] {processor.py:840} INFO - DAG(s) 'example_setup_teardown' retrieved from /home/airflow/.local/lib/python3.12/site-packages/airflow/example_dags/example_setup_teardown.py
[2025-06-12T15:14:55.411+0000] {logging_mixin.py:188} INFO - [2025-06-12T15:14:55.411+0000] {dag.py:3096} INFO - Sync 1 DAGs
[2025-06-12T15:14:55.419+0000] {logging_mixin.py:188} INFO - [2025-06-12T15:14:55.419+0000] {dag.py:3954} INFO - Setting next_dagrun for example_setup_teardown to 2025-06-11 00:00:00+00:00, run_after=2025-06-12 00:00:00+00:00
[2025-06-12T15:14:55.426+0000] {processor.py:183} INFO - Processing /home/airflow/.local/lib/python3.12/site-packages/airflow/example_dags/example_setup_teardown.py took 0.030 seconds
[2025-06-12T15:15:25.939+0000] {processor.py:161} INFO - Started process (PID=1122) to work on /home/airflow/.local/lib/python3.12/site-packages/airflow/example_dags/example_setup_teardown.py
[2025-06-12T15:15:25.940+0000] {processor.py:830} INFO - Processing file /home/airflow/.local/lib/python3.12/site-packages/airflow/example_dags/example_setup_teardown.py for tasks to queue
[2025-06-12T15:15:25.941+0000] {logging_mixin.py:188} INFO - [2025-06-12T15:15:25.941+0000] {dagbag.py:540} INFO - Filling up the DagBag from /home/airflow/.local/lib/python3.12/site-packages/airflow/example_dags/example_setup_teardown.py
[2025-06-12T15:15:25.945+0000] {processor.py:840} INFO - DAG(s) 'example_setup_teardown' retrieved from /home/airflow/.local/lib/python3.12/site-packages/airflow/example_dags/example_setup_teardown.py
[2025-06-12T15:15:25.957+0000] {logging_mixin.py:188} INFO - [2025-06-12T15:15:25.957+0000] {dag.py:3096} INFO - Sync 1 DAGs
[2025-06-12T15:15:25.967+0000] {logging_mixin.py:188} INFO - [2025-06-12T15:15:25.966+0000] {dag.py:3954} INFO - Setting next_dagrun for example_setup_teardown to 2025-06-11 00:00:00+00:00, run_after=2025-06-12 00:00:00+00:00
[2025-06-12T15:15:25.975+0000] {processor.py:183} INFO - Processing /home/airflow/.local/lib/python3.12/site-packages/airflow/example_dags/example_setup_teardown.py took 0.039 seconds
[2025-06-12T15:15:56.511+0000] {processor.py:161} INFO - Started process (PID=1189) to work on /home/airflow/.local/lib/python3.12/site-packages/airflow/example_dags/example_setup_teardown.py
[2025-06-12T15:15:56.512+0000] {processor.py:830} INFO - Processing file /home/airflow/.local/lib/python3.12/site-packages/airflow/example_dags/example_setup_teardown.py for tasks to queue
[2025-06-12T15:15:56.513+0000] {logging_mixin.py:188} INFO - [2025-06-12T15:15:56.513+0000] {dagbag.py:540} INFO - Filling up the DagBag from /home/airflow/.local/lib/python3.12/site-packages/airflow/example_dags/example_setup_teardown.py
[2025-06-12T15:15:56.516+0000] {processor.py:840} INFO - DAG(s) 'example_setup_teardown' retrieved from /home/airflow/.local/lib/python3.12/site-packages/airflow/example_dags/example_setup_teardown.py
[2025-06-12T15:15:56.529+0000] {logging_mixin.py:188} INFO - [2025-06-12T15:15:56.528+0000] {dag.py:3096} INFO - Sync 1 DAGs
[2025-06-12T15:15:56.542+0000] {logging_mixin.py:188} INFO - [2025-06-12T15:15:56.542+0000] {dag.py:3954} INFO - Setting next_dagrun for example_setup_teardown to 2025-06-11 00:00:00+00:00, run_after=2025-06-12 00:00:00+00:00
[2025-06-12T15:15:56.553+0000] {processor.py:183} INFO - Processing /home/airflow/.local/lib/python3.12/site-packages/airflow/example_dags/example_setup_teardown.py took 0.047 seconds
[2025-06-12T15:16:27.525+0000] {processor.py:161} INFO - Started process (PID=1263) to work on /home/airflow/.local/lib/python3.12/site-packages/airflow/example_dags/example_setup_teardown.py
[2025-06-12T15:16:27.526+0000] {processor.py:830} INFO - Processing file /home/airflow/.local/lib/python3.12/site-packages/airflow/example_dags/example_setup_teardown.py for tasks to queue
[2025-06-12T15:16:27.528+0000] {logging_mixin.py:188} INFO - [2025-06-12T15:16:27.528+0000] {dagbag.py:540} INFO - Filling up the DagBag from /home/airflow/.local/lib/python3.12/site-packages/airflow/example_dags/example_setup_teardown.py
[2025-06-12T15:16:27.535+0000] {processor.py:840} INFO - DAG(s) 'example_setup_teardown' retrieved from /home/airflow/.local/lib/python3.12/site-packages/airflow/example_dags/example_setup_teardown.py
[2025-06-12T15:16:27.550+0000] {logging_mixin.py:188} INFO - [2025-06-12T15:16:27.549+0000] {dag.py:3096} INFO - Sync 1 DAGs
[2025-06-12T15:16:27.570+0000] {logging_mixin.py:188} INFO - [2025-06-12T15:16:27.570+0000] {dag.py:3954} INFO - Setting next_dagrun for example_setup_teardown to 2025-06-11 00:00:00+00:00, run_after=2025-06-12 00:00:00+00:00
[2025-06-12T15:16:27.583+0000] {processor.py:183} INFO - Processing /home/airflow/.local/lib/python3.12/site-packages/airflow/example_dags/example_setup_teardown.py took 0.064 seconds
[2025-06-12T15:16:58.151+0000] {processor.py:161} INFO - Started process (PID=1337) to work on /home/airflow/.local/lib/python3.12/site-packages/airflow/example_dags/example_setup_teardown.py
[2025-06-12T15:16:58.152+0000] {processor.py:830} INFO - Processing file /home/airflow/.local/lib/python3.12/site-packages/airflow/example_dags/example_setup_teardown.py for tasks to queue
[2025-06-12T15:16:58.153+0000] {logging_mixin.py:188} INFO - [2025-06-12T15:16:58.153+0000] {dagbag.py:540} INFO - Filling up the DagBag from /home/airflow/.local/lib/python3.12/site-packages/airflow/example_dags/example_setup_teardown.py
[2025-06-12T15:16:58.156+0000] {processor.py:840} INFO - DAG(s) 'example_setup_teardown' retrieved from /home/airflow/.local/lib/python3.12/site-packages/airflow/example_dags/example_setup_teardown.py
[2025-06-12T15:16:58.167+0000] {logging_mixin.py:188} INFO - [2025-06-12T15:16:58.167+0000] {dag.py:3096} INFO - Sync 1 DAGs
[2025-06-12T15:16:58.273+0000] {logging_mixin.py:188} INFO - [2025-06-12T15:16:58.273+0000] {dag.py:3954} INFO - Setting next_dagrun for example_setup_teardown to 2025-06-11 00:00:00+00:00, run_after=2025-06-12 00:00:00+00:00
[2025-06-12T15:16:58.288+0000] {processor.py:183} INFO - Processing /home/airflow/.local/lib/python3.12/site-packages/airflow/example_dags/example_setup_teardown.py took 0.139 seconds
[2025-06-12T15:17:28.957+0000] {processor.py:161} INFO - Started process (PID=1404) to work on /home/airflow/.local/lib/python3.12/site-packages/airflow/example_dags/example_setup_teardown.py
[2025-06-12T15:17:28.958+0000] {processor.py:830} INFO - Processing file /home/airflow/.local/lib/python3.12/site-packages/airflow/example_dags/example_setup_teardown.py for tasks to queue
[2025-06-12T15:17:28.959+0000] {logging_mixin.py:188} INFO - [2025-06-12T15:17:28.959+0000] {dagbag.py:540} INFO - Filling up the DagBag from /home/airflow/.local/lib/python3.12/site-packages/airflow/example_dags/example_setup_teardown.py
[2025-06-12T15:17:28.962+0000] {processor.py:840} INFO - DAG(s) 'example_setup_teardown' retrieved from /home/airflow/.local/lib/python3.12/site-packages/airflow/example_dags/example_setup_teardown.py
[2025-06-12T15:17:28.975+0000] {logging_mixin.py:188} INFO - [2025-06-12T15:17:28.974+0000] {dag.py:3096} INFO - Sync 1 DAGs
[2025-06-12T15:17:29.086+0000] {logging_mixin.py:188} INFO - [2025-06-12T15:17:29.085+0000] {dag.py:3954} INFO - Setting next_dagrun for example_setup_teardown to 2025-06-11 00:00:00+00:00, run_after=2025-06-12 00:00:00+00:00
[2025-06-12T15:17:29.094+0000] {processor.py:183} INFO - Processing /home/airflow/.local/lib/python3.12/site-packages/airflow/example_dags/example_setup_teardown.py took 0.141 seconds
[2025-06-12T15:17:59.470+0000] {processor.py:161} INFO - Started process (PID=1478) to work on /home/airflow/.local/lib/python3.12/site-packages/airflow/example_dags/example_setup_teardown.py
[2025-06-12T15:17:59.470+0000] {processor.py:830} INFO - Processing file /home/airflow/.local/lib/python3.12/site-packages/airflow/example_dags/example_setup_teardown.py for tasks to queue
[2025-06-12T15:17:59.472+0000] {logging_mixin.py:188} INFO - [2025-06-12T15:17:59.471+0000] {dagbag.py:540} INFO - Filling up the DagBag from /home/airflow/.local/lib/python3.12/site-packages/airflow/example_dags/example_setup_teardown.py
[2025-06-12T15:17:59.475+0000] {processor.py:840} INFO - DAG(s) 'example_setup_teardown' retrieved from /home/airflow/.local/lib/python3.12/site-packages/airflow/example_dags/example_setup_teardown.py
[2025-06-12T15:17:59.490+0000] {logging_mixin.py:188} INFO - [2025-06-12T15:17:59.489+0000] {dag.py:3096} INFO - Sync 1 DAGs
[2025-06-12T15:17:59.499+0000] {logging_mixin.py:188} INFO - [2025-06-12T15:17:59.499+0000] {dag.py:3954} INFO - Setting next_dagrun for example_setup_teardown to 2025-06-11 00:00:00+00:00, run_after=2025-06-12 00:00:00+00:00
[2025-06-12T15:17:59.515+0000] {processor.py:183} INFO - Processing /home/airflow/.local/lib/python3.12/site-packages/airflow/example_dags/example_setup_teardown.py took 0.048 seconds
[2025-06-12T15:18:30.545+0000] {processor.py:161} INFO - Started process (PID=1552) to work on /home/airflow/.local/lib/python3.12/site-packages/airflow/example_dags/example_setup_teardown.py
[2025-06-12T15:18:30.546+0000] {processor.py:830} INFO - Processing file /home/airflow/.local/lib/python3.12/site-packages/airflow/example_dags/example_setup_teardown.py for tasks to queue
[2025-06-12T15:18:30.547+0000] {logging_mixin.py:188} INFO - [2025-06-12T15:18:30.547+0000] {dagbag.py:540} INFO - Filling up the DagBag from /home/airflow/.local/lib/python3.12/site-packages/airflow/example_dags/example_setup_teardown.py
[2025-06-12T15:18:30.552+0000] {processor.py:840} INFO - DAG(s) 'example_setup_teardown' retrieved from /home/airflow/.local/lib/python3.12/site-packages/airflow/example_dags/example_setup_teardown.py
[2025-06-12T15:18:30.575+0000] {logging_mixin.py:188} INFO - [2025-06-12T15:18:30.575+0000] {dag.py:3096} INFO - Sync 1 DAGs
[2025-06-12T15:18:30.591+0000] {logging_mixin.py:188} INFO - [2025-06-12T15:18:30.591+0000] {dag.py:3954} INFO - Setting next_dagrun for example_setup_teardown to 2025-06-11 00:00:00+00:00, run_after=2025-06-12 00:00:00+00:00
[2025-06-12T15:18:30.605+0000] {processor.py:183} INFO - Processing /home/airflow/.local/lib/python3.12/site-packages/airflow/example_dags/example_setup_teardown.py took 0.066 seconds
