[2025-06-12T13:58:36.820+0000] {processor.py:161} INFO - Started process (PID=46) to work on /home/airflow/.local/lib/python3.12/site-packages/airflow/example_dags/example_task_group.py
[2025-06-12T13:58:36.824+0000] {processor.py:830} INFO - Processing file /home/airflow/.local/lib/python3.12/site-packages/airflow/example_dags/example_task_group.py for tasks to queue
[2025-06-12T13:58:36.828+0000] {logging_mixin.py:188} INFO - [2025-06-12T13:58:36.827+0000] {dagbag.py:540} INFO - Filling up the DagBag from /home/airflow/.local/lib/python3.12/site-packages/airflow/example_dags/example_task_group.py
[2025-06-12T13:58:36.861+0000] {processor.py:840} INFO - DAG(s) 'example_task_group' retrieved from /home/airflow/.local/lib/python3.12/site-packages/airflow/example_dags/example_task_group.py
[2025-06-12T13:58:36.897+0000] {logging_mixin.py:188} INFO - [2025-06-12T13:58:36.897+0000] {dag.py:3096} INFO - Sync 1 DAGs
[2025-06-12T13:58:36.947+0000] {logging_mixin.py:188} INFO - [2025-06-12T13:58:36.947+0000] {dag.py:3954} INFO - Setting next_dagrun for example_task_group to 2025-06-11 00:00:00+00:00, run_after=2025-06-12 00:00:00+00:00
[2025-06-12T13:58:36.994+0000] {processor.py:183} INFO - Processing /home/airflow/.local/lib/python3.12/site-packages/airflow/example_dags/example_task_group.py took 0.207 seconds
[2025-06-12T13:59:07.291+0000] {processor.py:161} INFO - Started process (PID=113) to work on /home/airflow/.local/lib/python3.12/site-packages/airflow/example_dags/example_task_group.py
[2025-06-12T13:59:07.291+0000] {processor.py:830} INFO - Processing file /home/airflow/.local/lib/python3.12/site-packages/airflow/example_dags/example_task_group.py for tasks to queue
[2025-06-12T13:59:07.292+0000] {logging_mixin.py:188} INFO - [2025-06-12T13:59:07.292+0000] {dagbag.py:540} INFO - Filling up the DagBag from /home/airflow/.local/lib/python3.12/site-packages/airflow/example_dags/example_task_group.py
[2025-06-12T13:59:07.296+0000] {processor.py:840} INFO - DAG(s) 'example_task_group' retrieved from /home/airflow/.local/lib/python3.12/site-packages/airflow/example_dags/example_task_group.py
[2025-06-12T13:59:07.342+0000] {logging_mixin.py:188} INFO - [2025-06-12T13:59:07.342+0000] {dag.py:3096} INFO - Sync 1 DAGs
[2025-06-12T13:59:07.350+0000] {logging_mixin.py:188} INFO - [2025-06-12T13:59:07.350+0000] {dag.py:3954} INFO - Setting next_dagrun for example_task_group to 2025-06-11 00:00:00+00:00, run_after=2025-06-12 00:00:00+00:00
[2025-06-12T13:59:07.364+0000] {processor.py:183} INFO - Processing /home/airflow/.local/lib/python3.12/site-packages/airflow/example_dags/example_task_group.py took 0.076 seconds
[2025-06-12T13:59:37.480+0000] {processor.py:161} INFO - Started process (PID=180) to work on /home/airflow/.local/lib/python3.12/site-packages/airflow/example_dags/example_task_group.py
[2025-06-12T13:59:37.482+0000] {processor.py:830} INFO - Processing file /home/airflow/.local/lib/python3.12/site-packages/airflow/example_dags/example_task_group.py for tasks to queue
[2025-06-12T13:59:37.483+0000] {logging_mixin.py:188} INFO - [2025-06-12T13:59:37.483+0000] {dagbag.py:540} INFO - Filling up the DagBag from /home/airflow/.local/lib/python3.12/site-packages/airflow/example_dags/example_task_group.py
[2025-06-12T13:59:37.487+0000] {processor.py:840} INFO - DAG(s) 'example_task_group' retrieved from /home/airflow/.local/lib/python3.12/site-packages/airflow/example_dags/example_task_group.py
[2025-06-12T13:59:37.503+0000] {logging_mixin.py:188} INFO - [2025-06-12T13:59:37.503+0000] {dag.py:3096} INFO - Sync 1 DAGs
[2025-06-12T13:59:37.514+0000] {logging_mixin.py:188} INFO - [2025-06-12T13:59:37.514+0000] {dag.py:3954} INFO - Setting next_dagrun for example_task_group to 2025-06-11 00:00:00+00:00, run_after=2025-06-12 00:00:00+00:00
[2025-06-12T13:59:37.528+0000] {processor.py:183} INFO - Processing /home/airflow/.local/lib/python3.12/site-packages/airflow/example_dags/example_task_group.py took 0.051 seconds
[2025-06-12T14:00:07.769+0000] {processor.py:161} INFO - Started process (PID=254) to work on /home/airflow/.local/lib/python3.12/site-packages/airflow/example_dags/example_task_group.py
[2025-06-12T14:00:07.770+0000] {processor.py:830} INFO - Processing file /home/airflow/.local/lib/python3.12/site-packages/airflow/example_dags/example_task_group.py for tasks to queue
[2025-06-12T14:00:07.772+0000] {logging_mixin.py:188} INFO - [2025-06-12T14:00:07.771+0000] {dagbag.py:540} INFO - Filling up the DagBag from /home/airflow/.local/lib/python3.12/site-packages/airflow/example_dags/example_task_group.py
[2025-06-12T14:00:07.776+0000] {processor.py:840} INFO - DAG(s) 'example_task_group' retrieved from /home/airflow/.local/lib/python3.12/site-packages/airflow/example_dags/example_task_group.py
[2025-06-12T14:00:07.816+0000] {logging_mixin.py:188} INFO - [2025-06-12T14:00:07.815+0000] {dag.py:3096} INFO - Sync 1 DAGs
[2025-06-12T14:00:07.841+0000] {logging_mixin.py:188} INFO - [2025-06-12T14:00:07.841+0000] {dag.py:3954} INFO - Setting next_dagrun for example_task_group to 2025-06-11 00:00:00+00:00, run_after=2025-06-12 00:00:00+00:00
[2025-06-12T14:00:07.865+0000] {processor.py:183} INFO - Processing /home/airflow/.local/lib/python3.12/site-packages/airflow/example_dags/example_task_group.py took 0.100 seconds
[2025-06-12T14:00:38.397+0000] {processor.py:161} INFO - Started process (PID=320) to work on /home/airflow/.local/lib/python3.12/site-packages/airflow/example_dags/example_task_group.py
[2025-06-12T14:00:38.397+0000] {processor.py:830} INFO - Processing file /home/airflow/.local/lib/python3.12/site-packages/airflow/example_dags/example_task_group.py for tasks to queue
[2025-06-12T14:00:38.398+0000] {logging_mixin.py:188} INFO - [2025-06-12T14:00:38.398+0000] {dagbag.py:540} INFO - Filling up the DagBag from /home/airflow/.local/lib/python3.12/site-packages/airflow/example_dags/example_task_group.py
[2025-06-12T14:00:38.402+0000] {processor.py:840} INFO - DAG(s) 'example_task_group' retrieved from /home/airflow/.local/lib/python3.12/site-packages/airflow/example_dags/example_task_group.py
[2025-06-12T14:00:38.414+0000] {logging_mixin.py:188} INFO - [2025-06-12T14:00:38.414+0000] {dag.py:3096} INFO - Sync 1 DAGs
[2025-06-12T14:00:38.423+0000] {logging_mixin.py:188} INFO - [2025-06-12T14:00:38.423+0000] {dag.py:3954} INFO - Setting next_dagrun for example_task_group to 2025-06-11 00:00:00+00:00, run_after=2025-06-12 00:00:00+00:00
[2025-06-12T14:00:38.434+0000] {processor.py:183} INFO - Processing /home/airflow/.local/lib/python3.12/site-packages/airflow/example_dags/example_task_group.py took 0.040 seconds
[2025-06-12T14:01:08.634+0000] {processor.py:161} INFO - Started process (PID=394) to work on /home/airflow/.local/lib/python3.12/site-packages/airflow/example_dags/example_task_group.py
[2025-06-12T14:01:08.638+0000] {processor.py:830} INFO - Processing file /home/airflow/.local/lib/python3.12/site-packages/airflow/example_dags/example_task_group.py for tasks to queue
[2025-06-12T14:01:08.639+0000] {logging_mixin.py:188} INFO - [2025-06-12T14:01:08.638+0000] {dagbag.py:540} INFO - Filling up the DagBag from /home/airflow/.local/lib/python3.12/site-packages/airflow/example_dags/example_task_group.py
[2025-06-12T14:01:08.642+0000] {processor.py:840} INFO - DAG(s) 'example_task_group' retrieved from /home/airflow/.local/lib/python3.12/site-packages/airflow/example_dags/example_task_group.py
[2025-06-12T14:01:08.657+0000] {logging_mixin.py:188} INFO - [2025-06-12T14:01:08.657+0000] {dag.py:3096} INFO - Sync 1 DAGs
[2025-06-12T14:01:08.668+0000] {logging_mixin.py:188} INFO - [2025-06-12T14:01:08.667+0000] {dag.py:3954} INFO - Setting next_dagrun for example_task_group to 2025-06-11 00:00:00+00:00, run_after=2025-06-12 00:00:00+00:00
[2025-06-12T14:01:08.675+0000] {processor.py:183} INFO - Processing /home/airflow/.local/lib/python3.12/site-packages/airflow/example_dags/example_task_group.py took 0.043 seconds
[2025-06-12T14:15:47.049+0000] {processor.py:161} INFO - Started process (PID=47) to work on /home/airflow/.local/lib/python3.12/site-packages/airflow/example_dags/example_task_group.py
[2025-06-12T14:15:47.051+0000] {processor.py:830} INFO - Processing file /home/airflow/.local/lib/python3.12/site-packages/airflow/example_dags/example_task_group.py for tasks to queue
[2025-06-12T14:15:47.055+0000] {logging_mixin.py:188} INFO - [2025-06-12T14:15:47.055+0000] {dagbag.py:540} INFO - Filling up the DagBag from /home/airflow/.local/lib/python3.12/site-packages/airflow/example_dags/example_task_group.py
[2025-06-12T14:15:47.068+0000] {processor.py:840} INFO - DAG(s) 'example_task_group' retrieved from /home/airflow/.local/lib/python3.12/site-packages/airflow/example_dags/example_task_group.py
[2025-06-12T14:15:47.102+0000] {logging_mixin.py:188} INFO - [2025-06-12T14:15:47.102+0000] {dag.py:3096} INFO - Sync 1 DAGs
[2025-06-12T14:15:47.133+0000] {logging_mixin.py:188} INFO - [2025-06-12T14:15:47.132+0000] {dag.py:3954} INFO - Setting next_dagrun for example_task_group to 2025-06-11 00:00:00+00:00, run_after=2025-06-12 00:00:00+00:00
[2025-06-12T14:15:47.161+0000] {processor.py:183} INFO - Processing /home/airflow/.local/lib/python3.12/site-packages/airflow/example_dags/example_task_group.py took 0.124 seconds
[2025-06-12T14:16:17.613+0000] {processor.py:161} INFO - Started process (PID=114) to work on /home/airflow/.local/lib/python3.12/site-packages/airflow/example_dags/example_task_group.py
[2025-06-12T14:16:17.614+0000] {processor.py:830} INFO - Processing file /home/airflow/.local/lib/python3.12/site-packages/airflow/example_dags/example_task_group.py for tasks to queue
[2025-06-12T14:16:17.614+0000] {logging_mixin.py:188} INFO - [2025-06-12T14:16:17.614+0000] {dagbag.py:540} INFO - Filling up the DagBag from /home/airflow/.local/lib/python3.12/site-packages/airflow/example_dags/example_task_group.py
[2025-06-12T14:16:17.618+0000] {processor.py:840} INFO - DAG(s) 'example_task_group' retrieved from /home/airflow/.local/lib/python3.12/site-packages/airflow/example_dags/example_task_group.py
[2025-06-12T14:16:17.670+0000] {logging_mixin.py:188} INFO - [2025-06-12T14:16:17.669+0000] {dag.py:3096} INFO - Sync 1 DAGs
[2025-06-12T14:16:17.680+0000] {logging_mixin.py:188} INFO - [2025-06-12T14:16:17.680+0000] {dag.py:3954} INFO - Setting next_dagrun for example_task_group to 2025-06-11 00:00:00+00:00, run_after=2025-06-12 00:00:00+00:00
[2025-06-12T14:16:17.694+0000] {processor.py:183} INFO - Processing /home/airflow/.local/lib/python3.12/site-packages/airflow/example_dags/example_task_group.py took 0.084 seconds
[2025-06-12T14:16:47.920+0000] {processor.py:161} INFO - Started process (PID=188) to work on /home/airflow/.local/lib/python3.12/site-packages/airflow/example_dags/example_task_group.py
[2025-06-12T14:16:47.923+0000] {processor.py:830} INFO - Processing file /home/airflow/.local/lib/python3.12/site-packages/airflow/example_dags/example_task_group.py for tasks to queue
[2025-06-12T14:16:47.924+0000] {logging_mixin.py:188} INFO - [2025-06-12T14:16:47.924+0000] {dagbag.py:540} INFO - Filling up the DagBag from /home/airflow/.local/lib/python3.12/site-packages/airflow/example_dags/example_task_group.py
[2025-06-12T14:16:47.928+0000] {processor.py:840} INFO - DAG(s) 'example_task_group' retrieved from /home/airflow/.local/lib/python3.12/site-packages/airflow/example_dags/example_task_group.py
[2025-06-12T14:16:47.936+0000] {logging_mixin.py:188} INFO - [2025-06-12T14:16:47.936+0000] {dag.py:3096} INFO - Sync 1 DAGs
[2025-06-12T14:16:47.945+0000] {logging_mixin.py:188} INFO - [2025-06-12T14:16:47.945+0000] {dag.py:3954} INFO - Setting next_dagrun for example_task_group to 2025-06-11 00:00:00+00:00, run_after=2025-06-12 00:00:00+00:00
[2025-06-12T14:16:47.956+0000] {processor.py:183} INFO - Processing /home/airflow/.local/lib/python3.12/site-packages/airflow/example_dags/example_task_group.py took 0.039 seconds
[2025-06-12T14:17:19.287+0000] {processor.py:161} INFO - Started process (PID=262) to work on /home/airflow/.local/lib/python3.12/site-packages/airflow/example_dags/example_task_group.py
[2025-06-12T14:17:19.289+0000] {processor.py:830} INFO - Processing file /home/airflow/.local/lib/python3.12/site-packages/airflow/example_dags/example_task_group.py for tasks to queue
[2025-06-12T14:17:19.292+0000] {logging_mixin.py:188} INFO - [2025-06-12T14:17:19.292+0000] {dagbag.py:540} INFO - Filling up the DagBag from /home/airflow/.local/lib/python3.12/site-packages/airflow/example_dags/example_task_group.py
[2025-06-12T14:17:19.298+0000] {processor.py:840} INFO - DAG(s) 'example_task_group' retrieved from /home/airflow/.local/lib/python3.12/site-packages/airflow/example_dags/example_task_group.py
[2025-06-12T14:17:19.377+0000] {logging_mixin.py:188} INFO - [2025-06-12T14:17:19.377+0000] {dag.py:3096} INFO - Sync 1 DAGs
[2025-06-12T14:17:19.394+0000] {logging_mixin.py:188} INFO - [2025-06-12T14:17:19.394+0000] {dag.py:3954} INFO - Setting next_dagrun for example_task_group to 2025-06-11 00:00:00+00:00, run_after=2025-06-12 00:00:00+00:00
[2025-06-12T14:17:19.421+0000] {processor.py:183} INFO - Processing /home/airflow/.local/lib/python3.12/site-packages/airflow/example_dags/example_task_group.py took 0.138 seconds
[2025-06-12T14:17:49.963+0000] {processor.py:161} INFO - Started process (PID=328) to work on /home/airflow/.local/lib/python3.12/site-packages/airflow/example_dags/example_task_group.py
[2025-06-12T14:17:49.964+0000] {processor.py:830} INFO - Processing file /home/airflow/.local/lib/python3.12/site-packages/airflow/example_dags/example_task_group.py for tasks to queue
[2025-06-12T14:17:49.966+0000] {logging_mixin.py:188} INFO - [2025-06-12T14:17:49.965+0000] {dagbag.py:540} INFO - Filling up the DagBag from /home/airflow/.local/lib/python3.12/site-packages/airflow/example_dags/example_task_group.py
[2025-06-12T14:17:49.970+0000] {processor.py:840} INFO - DAG(s) 'example_task_group' retrieved from /home/airflow/.local/lib/python3.12/site-packages/airflow/example_dags/example_task_group.py
[2025-06-12T14:17:49.985+0000] {logging_mixin.py:188} INFO - [2025-06-12T14:17:49.985+0000] {dag.py:3096} INFO - Sync 1 DAGs
[2025-06-12T14:17:49.996+0000] {logging_mixin.py:188} INFO - [2025-06-12T14:17:49.995+0000] {dag.py:3954} INFO - Setting next_dagrun for example_task_group to 2025-06-11 00:00:00+00:00, run_after=2025-06-12 00:00:00+00:00
[2025-06-12T14:17:50.007+0000] {processor.py:183} INFO - Processing /home/airflow/.local/lib/python3.12/site-packages/airflow/example_dags/example_task_group.py took 0.047 seconds
[2025-06-12T14:18:32.417+0000] {processor.py:161} INFO - Started process (PID=40) to work on /home/airflow/.local/lib/python3.12/site-packages/airflow/example_dags/example_task_group.py
[2025-06-12T14:18:32.423+0000] {processor.py:830} INFO - Processing file /home/airflow/.local/lib/python3.12/site-packages/airflow/example_dags/example_task_group.py for tasks to queue
[2025-06-12T14:18:32.427+0000] {logging_mixin.py:188} INFO - [2025-06-12T14:18:32.425+0000] {dagbag.py:540} INFO - Filling up the DagBag from /home/airflow/.local/lib/python3.12/site-packages/airflow/example_dags/example_task_group.py
[2025-06-12T14:18:32.440+0000] {processor.py:840} INFO - DAG(s) 'example_task_group' retrieved from /home/airflow/.local/lib/python3.12/site-packages/airflow/example_dags/example_task_group.py
[2025-06-12T14:18:32.505+0000] {logging_mixin.py:188} INFO - [2025-06-12T14:18:32.505+0000] {dag.py:3096} INFO - Sync 1 DAGs
[2025-06-12T14:18:32.638+0000] {logging_mixin.py:188} INFO - [2025-06-12T14:18:32.635+0000] {dag.py:3954} INFO - Setting next_dagrun for example_task_group to 2025-06-11 00:00:00+00:00, run_after=2025-06-12 00:00:00+00:00
[2025-06-12T14:18:32.715+0000] {processor.py:183} INFO - Processing /home/airflow/.local/lib/python3.12/site-packages/airflow/example_dags/example_task_group.py took 0.305 seconds
[2025-06-12T14:19:03.430+0000] {processor.py:161} INFO - Started process (PID=112) to work on /home/airflow/.local/lib/python3.12/site-packages/airflow/example_dags/example_task_group.py
[2025-06-12T14:19:03.433+0000] {processor.py:830} INFO - Processing file /home/airflow/.local/lib/python3.12/site-packages/airflow/example_dags/example_task_group.py for tasks to queue
[2025-06-12T14:19:03.436+0000] {logging_mixin.py:188} INFO - [2025-06-12T14:19:03.435+0000] {dagbag.py:540} INFO - Filling up the DagBag from /home/airflow/.local/lib/python3.12/site-packages/airflow/example_dags/example_task_group.py
[2025-06-12T14:19:03.443+0000] {processor.py:840} INFO - DAG(s) 'example_task_group' retrieved from /home/airflow/.local/lib/python3.12/site-packages/airflow/example_dags/example_task_group.py
[2025-06-12T14:19:03.452+0000] {logging_mixin.py:188} INFO - [2025-06-12T14:19:03.452+0000] {dag.py:3096} INFO - Sync 1 DAGs
[2025-06-12T14:19:03.463+0000] {logging_mixin.py:188} INFO - [2025-06-12T14:19:03.463+0000] {dag.py:3954} INFO - Setting next_dagrun for example_task_group to 2025-06-11 00:00:00+00:00, run_after=2025-06-12 00:00:00+00:00
[2025-06-12T14:19:03.474+0000] {processor.py:183} INFO - Processing /home/airflow/.local/lib/python3.12/site-packages/airflow/example_dags/example_task_group.py took 0.047 seconds
[2025-06-12T14:19:33.669+0000] {processor.py:161} INFO - Started process (PID=186) to work on /home/airflow/.local/lib/python3.12/site-packages/airflow/example_dags/example_task_group.py
[2025-06-12T14:19:33.675+0000] {processor.py:830} INFO - Processing file /home/airflow/.local/lib/python3.12/site-packages/airflow/example_dags/example_task_group.py for tasks to queue
[2025-06-12T14:19:33.681+0000] {logging_mixin.py:188} INFO - [2025-06-12T14:19:33.680+0000] {dagbag.py:540} INFO - Filling up the DagBag from /home/airflow/.local/lib/python3.12/site-packages/airflow/example_dags/example_task_group.py
[2025-06-12T14:19:33.686+0000] {processor.py:840} INFO - DAG(s) 'example_task_group' retrieved from /home/airflow/.local/lib/python3.12/site-packages/airflow/example_dags/example_task_group.py
[2025-06-12T14:19:33.700+0000] {logging_mixin.py:188} INFO - [2025-06-12T14:19:33.700+0000] {dag.py:3096} INFO - Sync 1 DAGs
[2025-06-12T14:19:33.723+0000] {logging_mixin.py:188} INFO - [2025-06-12T14:19:33.723+0000] {dag.py:3954} INFO - Setting next_dagrun for example_task_group to 2025-06-11 00:00:00+00:00, run_after=2025-06-12 00:00:00+00:00
[2025-06-12T14:19:33.742+0000] {processor.py:183} INFO - Processing /home/airflow/.local/lib/python3.12/site-packages/airflow/example_dags/example_task_group.py took 0.078 seconds
[2025-06-12T14:20:04.269+0000] {processor.py:161} INFO - Started process (PID=252) to work on /home/airflow/.local/lib/python3.12/site-packages/airflow/example_dags/example_task_group.py
[2025-06-12T14:20:04.271+0000] {processor.py:830} INFO - Processing file /home/airflow/.local/lib/python3.12/site-packages/airflow/example_dags/example_task_group.py for tasks to queue
[2025-06-12T14:20:04.273+0000] {logging_mixin.py:188} INFO - [2025-06-12T14:20:04.273+0000] {dagbag.py:540} INFO - Filling up the DagBag from /home/airflow/.local/lib/python3.12/site-packages/airflow/example_dags/example_task_group.py
[2025-06-12T14:20:04.278+0000] {processor.py:840} INFO - DAG(s) 'example_task_group' retrieved from /home/airflow/.local/lib/python3.12/site-packages/airflow/example_dags/example_task_group.py
[2025-06-12T14:20:04.333+0000] {logging_mixin.py:188} INFO - [2025-06-12T14:20:04.333+0000] {dag.py:3096} INFO - Sync 1 DAGs
[2025-06-12T14:20:04.341+0000] {logging_mixin.py:188} INFO - [2025-06-12T14:20:04.341+0000] {dag.py:3954} INFO - Setting next_dagrun for example_task_group to 2025-06-11 00:00:00+00:00, run_after=2025-06-12 00:00:00+00:00
[2025-06-12T14:20:04.355+0000] {processor.py:183} INFO - Processing /home/airflow/.local/lib/python3.12/site-packages/airflow/example_dags/example_task_group.py took 0.090 seconds
[2025-06-12T14:20:34.402+0000] {processor.py:161} INFO - Started process (PID=326) to work on /home/airflow/.local/lib/python3.12/site-packages/airflow/example_dags/example_task_group.py
[2025-06-12T14:20:34.403+0000] {processor.py:830} INFO - Processing file /home/airflow/.local/lib/python3.12/site-packages/airflow/example_dags/example_task_group.py for tasks to queue
[2025-06-12T14:20:34.404+0000] {logging_mixin.py:188} INFO - [2025-06-12T14:20:34.404+0000] {dagbag.py:540} INFO - Filling up the DagBag from /home/airflow/.local/lib/python3.12/site-packages/airflow/example_dags/example_task_group.py
[2025-06-12T14:20:34.407+0000] {processor.py:840} INFO - DAG(s) 'example_task_group' retrieved from /home/airflow/.local/lib/python3.12/site-packages/airflow/example_dags/example_task_group.py
[2025-06-12T14:20:34.417+0000] {logging_mixin.py:188} INFO - [2025-06-12T14:20:34.417+0000] {dag.py:3096} INFO - Sync 1 DAGs
[2025-06-12T14:20:34.425+0000] {logging_mixin.py:188} INFO - [2025-06-12T14:20:34.425+0000] {dag.py:3954} INFO - Setting next_dagrun for example_task_group to 2025-06-11 00:00:00+00:00, run_after=2025-06-12 00:00:00+00:00
[2025-06-12T14:20:34.431+0000] {processor.py:183} INFO - Processing /home/airflow/.local/lib/python3.12/site-packages/airflow/example_dags/example_task_group.py took 0.031 seconds
[2025-06-12T14:21:04.993+0000] {processor.py:161} INFO - Started process (PID=394) to work on /home/airflow/.local/lib/python3.12/site-packages/airflow/example_dags/example_task_group.py
[2025-06-12T14:21:04.994+0000] {processor.py:830} INFO - Processing file /home/airflow/.local/lib/python3.12/site-packages/airflow/example_dags/example_task_group.py for tasks to queue
[2025-06-12T14:21:04.998+0000] {logging_mixin.py:188} INFO - [2025-06-12T14:21:04.998+0000] {dagbag.py:540} INFO - Filling up the DagBag from /home/airflow/.local/lib/python3.12/site-packages/airflow/example_dags/example_task_group.py
[2025-06-12T14:21:05.001+0000] {processor.py:840} INFO - DAG(s) 'example_task_group' retrieved from /home/airflow/.local/lib/python3.12/site-packages/airflow/example_dags/example_task_group.py
[2025-06-12T14:21:05.013+0000] {logging_mixin.py:188} INFO - [2025-06-12T14:21:05.013+0000] {dag.py:3096} INFO - Sync 1 DAGs
[2025-06-12T14:21:05.023+0000] {logging_mixin.py:188} INFO - [2025-06-12T14:21:05.023+0000] {dag.py:3954} INFO - Setting next_dagrun for example_task_group to 2025-06-11 00:00:00+00:00, run_after=2025-06-12 00:00:00+00:00
[2025-06-12T14:21:05.031+0000] {processor.py:183} INFO - Processing /home/airflow/.local/lib/python3.12/site-packages/airflow/example_dags/example_task_group.py took 0.040 seconds
[2025-06-12T14:21:35.387+0000] {processor.py:161} INFO - Started process (PID=467) to work on /home/airflow/.local/lib/python3.12/site-packages/airflow/example_dags/example_task_group.py
[2025-06-12T14:21:35.388+0000] {processor.py:830} INFO - Processing file /home/airflow/.local/lib/python3.12/site-packages/airflow/example_dags/example_task_group.py for tasks to queue
[2025-06-12T14:21:35.389+0000] {logging_mixin.py:188} INFO - [2025-06-12T14:21:35.389+0000] {dagbag.py:540} INFO - Filling up the DagBag from /home/airflow/.local/lib/python3.12/site-packages/airflow/example_dags/example_task_group.py
[2025-06-12T14:21:35.393+0000] {processor.py:840} INFO - DAG(s) 'example_task_group' retrieved from /home/airflow/.local/lib/python3.12/site-packages/airflow/example_dags/example_task_group.py
[2025-06-12T14:21:35.412+0000] {logging_mixin.py:188} INFO - [2025-06-12T14:21:35.411+0000] {dag.py:3096} INFO - Sync 1 DAGs
[2025-06-12T14:21:35.425+0000] {logging_mixin.py:188} INFO - [2025-06-12T14:21:35.424+0000] {dag.py:3954} INFO - Setting next_dagrun for example_task_group to 2025-06-11 00:00:00+00:00, run_after=2025-06-12 00:00:00+00:00
[2025-06-12T14:21:35.437+0000] {processor.py:183} INFO - Processing /home/airflow/.local/lib/python3.12/site-packages/airflow/example_dags/example_task_group.py took 0.054 seconds
[2025-06-12T14:22:05.640+0000] {processor.py:161} INFO - Started process (PID=541) to work on /home/airflow/.local/lib/python3.12/site-packages/airflow/example_dags/example_task_group.py
[2025-06-12T14:22:05.641+0000] {processor.py:830} INFO - Processing file /home/airflow/.local/lib/python3.12/site-packages/airflow/example_dags/example_task_group.py for tasks to queue
[2025-06-12T14:22:05.642+0000] {logging_mixin.py:188} INFO - [2025-06-12T14:22:05.642+0000] {dagbag.py:540} INFO - Filling up the DagBag from /home/airflow/.local/lib/python3.12/site-packages/airflow/example_dags/example_task_group.py
[2025-06-12T14:22:05.646+0000] {processor.py:840} INFO - DAG(s) 'example_task_group' retrieved from /home/airflow/.local/lib/python3.12/site-packages/airflow/example_dags/example_task_group.py
[2025-06-12T14:22:05.664+0000] {logging_mixin.py:188} INFO - [2025-06-12T14:22:05.664+0000] {dag.py:3096} INFO - Sync 1 DAGs
[2025-06-12T14:22:05.673+0000] {logging_mixin.py:188} INFO - [2025-06-12T14:22:05.673+0000] {dag.py:3954} INFO - Setting next_dagrun for example_task_group to 2025-06-11 00:00:00+00:00, run_after=2025-06-12 00:00:00+00:00
[2025-06-12T14:22:05.681+0000] {processor.py:183} INFO - Processing /home/airflow/.local/lib/python3.12/site-packages/airflow/example_dags/example_task_group.py took 0.044 seconds
[2025-06-12T14:22:35.765+0000] {processor.py:161} INFO - Started process (PID=607) to work on /home/airflow/.local/lib/python3.12/site-packages/airflow/example_dags/example_task_group.py
[2025-06-12T14:22:35.770+0000] {processor.py:830} INFO - Processing file /home/airflow/.local/lib/python3.12/site-packages/airflow/example_dags/example_task_group.py for tasks to queue
[2025-06-12T14:22:35.773+0000] {logging_mixin.py:188} INFO - [2025-06-12T14:22:35.773+0000] {dagbag.py:540} INFO - Filling up the DagBag from /home/airflow/.local/lib/python3.12/site-packages/airflow/example_dags/example_task_group.py
[2025-06-12T14:22:35.776+0000] {processor.py:840} INFO - DAG(s) 'example_task_group' retrieved from /home/airflow/.local/lib/python3.12/site-packages/airflow/example_dags/example_task_group.py
[2025-06-12T14:22:35.794+0000] {logging_mixin.py:188} INFO - [2025-06-12T14:22:35.794+0000] {dag.py:3096} INFO - Sync 1 DAGs
[2025-06-12T14:22:35.805+0000] {logging_mixin.py:188} INFO - [2025-06-12T14:22:35.805+0000] {dag.py:3954} INFO - Setting next_dagrun for example_task_group to 2025-06-11 00:00:00+00:00, run_after=2025-06-12 00:00:00+00:00
[2025-06-12T14:22:35.819+0000] {processor.py:183} INFO - Processing /home/airflow/.local/lib/python3.12/site-packages/airflow/example_dags/example_task_group.py took 0.057 seconds
[2025-06-12T14:23:05.856+0000] {processor.py:161} INFO - Started process (PID=680) to work on /home/airflow/.local/lib/python3.12/site-packages/airflow/example_dags/example_task_group.py
[2025-06-12T14:23:05.858+0000] {processor.py:830} INFO - Processing file /home/airflow/.local/lib/python3.12/site-packages/airflow/example_dags/example_task_group.py for tasks to queue
[2025-06-12T14:23:05.860+0000] {logging_mixin.py:188} INFO - [2025-06-12T14:23:05.859+0000] {dagbag.py:540} INFO - Filling up the DagBag from /home/airflow/.local/lib/python3.12/site-packages/airflow/example_dags/example_task_group.py
[2025-06-12T14:23:05.866+0000] {processor.py:840} INFO - DAG(s) 'example_task_group' retrieved from /home/airflow/.local/lib/python3.12/site-packages/airflow/example_dags/example_task_group.py
[2025-06-12T14:23:05.883+0000] {logging_mixin.py:188} INFO - [2025-06-12T14:23:05.883+0000] {dag.py:3096} INFO - Sync 1 DAGs
[2025-06-12T14:23:05.894+0000] {logging_mixin.py:188} INFO - [2025-06-12T14:23:05.894+0000] {dag.py:3954} INFO - Setting next_dagrun for example_task_group to 2025-06-11 00:00:00+00:00, run_after=2025-06-12 00:00:00+00:00
[2025-06-12T14:23:05.902+0000] {processor.py:183} INFO - Processing /home/airflow/.local/lib/python3.12/site-packages/airflow/example_dags/example_task_group.py took 0.052 seconds
[2025-06-12T14:23:35.987+0000] {processor.py:161} INFO - Started process (PID=747) to work on /home/airflow/.local/lib/python3.12/site-packages/airflow/example_dags/example_task_group.py
[2025-06-12T14:23:35.988+0000] {processor.py:830} INFO - Processing file /home/airflow/.local/lib/python3.12/site-packages/airflow/example_dags/example_task_group.py for tasks to queue
[2025-06-12T14:23:35.989+0000] {logging_mixin.py:188} INFO - [2025-06-12T14:23:35.989+0000] {dagbag.py:540} INFO - Filling up the DagBag from /home/airflow/.local/lib/python3.12/site-packages/airflow/example_dags/example_task_group.py
[2025-06-12T14:23:35.992+0000] {processor.py:840} INFO - DAG(s) 'example_task_group' retrieved from /home/airflow/.local/lib/python3.12/site-packages/airflow/example_dags/example_task_group.py
[2025-06-12T14:23:36.011+0000] {logging_mixin.py:188} INFO - [2025-06-12T14:23:36.011+0000] {dag.py:3096} INFO - Sync 1 DAGs
[2025-06-12T14:23:36.024+0000] {logging_mixin.py:188} INFO - [2025-06-12T14:23:36.024+0000] {dag.py:3954} INFO - Setting next_dagrun for example_task_group to 2025-06-11 00:00:00+00:00, run_after=2025-06-12 00:00:00+00:00
[2025-06-12T14:23:36.035+0000] {processor.py:183} INFO - Processing /home/airflow/.local/lib/python3.12/site-packages/airflow/example_dags/example_task_group.py took 0.051 seconds
[2025-06-12T14:24:06.709+0000] {processor.py:161} INFO - Started process (PID=822) to work on /home/airflow/.local/lib/python3.12/site-packages/airflow/example_dags/example_task_group.py
[2025-06-12T14:24:06.710+0000] {processor.py:830} INFO - Processing file /home/airflow/.local/lib/python3.12/site-packages/airflow/example_dags/example_task_group.py for tasks to queue
[2025-06-12T14:24:06.715+0000] {logging_mixin.py:188} INFO - [2025-06-12T14:24:06.715+0000] {dagbag.py:540} INFO - Filling up the DagBag from /home/airflow/.local/lib/python3.12/site-packages/airflow/example_dags/example_task_group.py
[2025-06-12T14:24:06.719+0000] {processor.py:840} INFO - DAG(s) 'example_task_group' retrieved from /home/airflow/.local/lib/python3.12/site-packages/airflow/example_dags/example_task_group.py
[2025-06-12T14:24:06.736+0000] {logging_mixin.py:188} INFO - [2025-06-12T14:24:06.736+0000] {dag.py:3096} INFO - Sync 1 DAGs
[2025-06-12T14:24:06.748+0000] {logging_mixin.py:188} INFO - [2025-06-12T14:24:06.748+0000] {dag.py:3954} INFO - Setting next_dagrun for example_task_group to 2025-06-11 00:00:00+00:00, run_after=2025-06-12 00:00:00+00:00
[2025-06-12T14:24:06.762+0000] {processor.py:183} INFO - Processing /home/airflow/.local/lib/python3.12/site-packages/airflow/example_dags/example_task_group.py took 0.058 seconds
[2025-06-12T14:24:37.492+0000] {processor.py:161} INFO - Started process (PID=896) to work on /home/airflow/.local/lib/python3.12/site-packages/airflow/example_dags/example_task_group.py
[2025-06-12T14:24:37.495+0000] {processor.py:830} INFO - Processing file /home/airflow/.local/lib/python3.12/site-packages/airflow/example_dags/example_task_group.py for tasks to queue
[2025-06-12T14:24:37.499+0000] {logging_mixin.py:188} INFO - [2025-06-12T14:24:37.499+0000] {dagbag.py:540} INFO - Filling up the DagBag from /home/airflow/.local/lib/python3.12/site-packages/airflow/example_dags/example_task_group.py
[2025-06-12T14:24:37.506+0000] {processor.py:840} INFO - DAG(s) 'example_task_group' retrieved from /home/airflow/.local/lib/python3.12/site-packages/airflow/example_dags/example_task_group.py
[2025-06-12T14:24:37.527+0000] {logging_mixin.py:188} INFO - [2025-06-12T14:24:37.527+0000] {dag.py:3096} INFO - Sync 1 DAGs
[2025-06-12T14:24:37.545+0000] {logging_mixin.py:188} INFO - [2025-06-12T14:24:37.545+0000] {dag.py:3954} INFO - Setting next_dagrun for example_task_group to 2025-06-11 00:00:00+00:00, run_after=2025-06-12 00:00:00+00:00
[2025-06-12T14:24:37.563+0000] {processor.py:183} INFO - Processing /home/airflow/.local/lib/python3.12/site-packages/airflow/example_dags/example_task_group.py took 0.076 seconds
[2025-06-12T14:25:07.884+0000] {processor.py:161} INFO - Started process (PID=963) to work on /home/airflow/.local/lib/python3.12/site-packages/airflow/example_dags/example_task_group.py
[2025-06-12T14:25:07.885+0000] {processor.py:830} INFO - Processing file /home/airflow/.local/lib/python3.12/site-packages/airflow/example_dags/example_task_group.py for tasks to queue
[2025-06-12T14:25:07.889+0000] {logging_mixin.py:188} INFO - [2025-06-12T14:25:07.889+0000] {dagbag.py:540} INFO - Filling up the DagBag from /home/airflow/.local/lib/python3.12/site-packages/airflow/example_dags/example_task_group.py
[2025-06-12T14:25:07.894+0000] {processor.py:840} INFO - DAG(s) 'example_task_group' retrieved from /home/airflow/.local/lib/python3.12/site-packages/airflow/example_dags/example_task_group.py
[2025-06-12T14:25:07.926+0000] {logging_mixin.py:188} INFO - [2025-06-12T14:25:07.926+0000] {dag.py:3096} INFO - Sync 1 DAGs
[2025-06-12T14:25:07.944+0000] {logging_mixin.py:188} INFO - [2025-06-12T14:25:07.944+0000] {dag.py:3954} INFO - Setting next_dagrun for example_task_group to 2025-06-11 00:00:00+00:00, run_after=2025-06-12 00:00:00+00:00
[2025-06-12T14:25:07.956+0000] {processor.py:183} INFO - Processing /home/airflow/.local/lib/python3.12/site-packages/airflow/example_dags/example_task_group.py took 0.077 seconds
[2025-06-12T14:25:38.057+0000] {processor.py:161} INFO - Started process (PID=1037) to work on /home/airflow/.local/lib/python3.12/site-packages/airflow/example_dags/example_task_group.py
[2025-06-12T14:25:38.059+0000] {processor.py:830} INFO - Processing file /home/airflow/.local/lib/python3.12/site-packages/airflow/example_dags/example_task_group.py for tasks to queue
[2025-06-12T14:25:38.064+0000] {logging_mixin.py:188} INFO - [2025-06-12T14:25:38.063+0000] {dagbag.py:540} INFO - Filling up the DagBag from /home/airflow/.local/lib/python3.12/site-packages/airflow/example_dags/example_task_group.py
[2025-06-12T14:25:38.076+0000] {processor.py:840} INFO - DAG(s) 'example_task_group' retrieved from /home/airflow/.local/lib/python3.12/site-packages/airflow/example_dags/example_task_group.py
[2025-06-12T14:25:38.119+0000] {logging_mixin.py:188} INFO - [2025-06-12T14:25:38.118+0000] {dag.py:3096} INFO - Sync 1 DAGs
[2025-06-12T14:25:38.153+0000] {logging_mixin.py:188} INFO - [2025-06-12T14:25:38.153+0000] {dag.py:3954} INFO - Setting next_dagrun for example_task_group to 2025-06-11 00:00:00+00:00, run_after=2025-06-12 00:00:00+00:00
[2025-06-12T14:25:38.185+0000] {processor.py:183} INFO - Processing /home/airflow/.local/lib/python3.12/site-packages/airflow/example_dags/example_task_group.py took 0.135 seconds
[2025-06-12T14:26:08.330+0000] {processor.py:161} INFO - Started process (PID=1111) to work on /home/airflow/.local/lib/python3.12/site-packages/airflow/example_dags/example_task_group.py
[2025-06-12T14:26:08.332+0000] {processor.py:830} INFO - Processing file /home/airflow/.local/lib/python3.12/site-packages/airflow/example_dags/example_task_group.py for tasks to queue
[2025-06-12T14:26:08.334+0000] {logging_mixin.py:188} INFO - [2025-06-12T14:26:08.333+0000] {dagbag.py:540} INFO - Filling up the DagBag from /home/airflow/.local/lib/python3.12/site-packages/airflow/example_dags/example_task_group.py
[2025-06-12T14:26:08.344+0000] {processor.py:840} INFO - DAG(s) 'example_task_group' retrieved from /home/airflow/.local/lib/python3.12/site-packages/airflow/example_dags/example_task_group.py
[2025-06-12T14:26:08.368+0000] {logging_mixin.py:188} INFO - [2025-06-12T14:26:08.368+0000] {dag.py:3096} INFO - Sync 1 DAGs
[2025-06-12T14:26:08.382+0000] {logging_mixin.py:188} INFO - [2025-06-12T14:26:08.382+0000] {dag.py:3954} INFO - Setting next_dagrun for example_task_group to 2025-06-11 00:00:00+00:00, run_after=2025-06-12 00:00:00+00:00
[2025-06-12T14:26:08.399+0000] {processor.py:183} INFO - Processing /home/airflow/.local/lib/python3.12/site-packages/airflow/example_dags/example_task_group.py took 0.080 seconds
[2025-06-12T14:26:39.125+0000] {processor.py:161} INFO - Started process (PID=1178) to work on /home/airflow/.local/lib/python3.12/site-packages/airflow/example_dags/example_task_group.py
[2025-06-12T14:26:39.125+0000] {processor.py:830} INFO - Processing file /home/airflow/.local/lib/python3.12/site-packages/airflow/example_dags/example_task_group.py for tasks to queue
[2025-06-12T14:26:39.126+0000] {logging_mixin.py:188} INFO - [2025-06-12T14:26:39.126+0000] {dagbag.py:540} INFO - Filling up the DagBag from /home/airflow/.local/lib/python3.12/site-packages/airflow/example_dags/example_task_group.py
[2025-06-12T14:26:39.132+0000] {processor.py:840} INFO - DAG(s) 'example_task_group' retrieved from /home/airflow/.local/lib/python3.12/site-packages/airflow/example_dags/example_task_group.py
[2025-06-12T14:26:39.149+0000] {logging_mixin.py:188} INFO - [2025-06-12T14:26:39.149+0000] {dag.py:3096} INFO - Sync 1 DAGs
[2025-06-12T14:26:39.246+0000] {logging_mixin.py:188} INFO - [2025-06-12T14:26:39.246+0000] {dag.py:3954} INFO - Setting next_dagrun for example_task_group to 2025-06-11 00:00:00+00:00, run_after=2025-06-12 00:00:00+00:00
[2025-06-12T14:26:39.255+0000] {processor.py:183} INFO - Processing /home/airflow/.local/lib/python3.12/site-packages/airflow/example_dags/example_task_group.py took 0.134 seconds
[2025-06-12T14:27:09.780+0000] {processor.py:161} INFO - Started process (PID=1252) to work on /home/airflow/.local/lib/python3.12/site-packages/airflow/example_dags/example_task_group.py
[2025-06-12T14:27:09.788+0000] {processor.py:830} INFO - Processing file /home/airflow/.local/lib/python3.12/site-packages/airflow/example_dags/example_task_group.py for tasks to queue
[2025-06-12T14:27:09.789+0000] {logging_mixin.py:188} INFO - [2025-06-12T14:27:09.788+0000] {dagbag.py:540} INFO - Filling up the DagBag from /home/airflow/.local/lib/python3.12/site-packages/airflow/example_dags/example_task_group.py
[2025-06-12T14:27:09.792+0000] {processor.py:840} INFO - DAG(s) 'example_task_group' retrieved from /home/airflow/.local/lib/python3.12/site-packages/airflow/example_dags/example_task_group.py
[2025-06-12T14:27:09.811+0000] {logging_mixin.py:188} INFO - [2025-06-12T14:27:09.811+0000] {dag.py:3096} INFO - Sync 1 DAGs
[2025-06-12T14:27:09.822+0000] {logging_mixin.py:188} INFO - [2025-06-12T14:27:09.822+0000] {dag.py:3954} INFO - Setting next_dagrun for example_task_group to 2025-06-11 00:00:00+00:00, run_after=2025-06-12 00:00:00+00:00
[2025-06-12T14:27:09.923+0000] {processor.py:183} INFO - Processing /home/airflow/.local/lib/python3.12/site-packages/airflow/example_dags/example_task_group.py took 0.147 seconds
[2025-06-12T14:27:40.023+0000] {processor.py:161} INFO - Started process (PID=1319) to work on /home/airflow/.local/lib/python3.12/site-packages/airflow/example_dags/example_task_group.py
[2025-06-12T14:27:40.030+0000] {processor.py:830} INFO - Processing file /home/airflow/.local/lib/python3.12/site-packages/airflow/example_dags/example_task_group.py for tasks to queue
[2025-06-12T14:27:40.031+0000] {logging_mixin.py:188} INFO - [2025-06-12T14:27:40.031+0000] {dagbag.py:540} INFO - Filling up the DagBag from /home/airflow/.local/lib/python3.12/site-packages/airflow/example_dags/example_task_group.py
[2025-06-12T14:27:40.035+0000] {processor.py:840} INFO - DAG(s) 'example_task_group' retrieved from /home/airflow/.local/lib/python3.12/site-packages/airflow/example_dags/example_task_group.py
[2025-06-12T14:27:40.050+0000] {logging_mixin.py:188} INFO - [2025-06-12T14:27:40.050+0000] {dag.py:3096} INFO - Sync 1 DAGs
[2025-06-12T14:27:40.063+0000] {logging_mixin.py:188} INFO - [2025-06-12T14:27:40.063+0000] {dag.py:3954} INFO - Setting next_dagrun for example_task_group to 2025-06-11 00:00:00+00:00, run_after=2025-06-12 00:00:00+00:00
[2025-06-12T14:27:40.228+0000] {processor.py:183} INFO - Processing /home/airflow/.local/lib/python3.12/site-packages/airflow/example_dags/example_task_group.py took 0.211 seconds
[2025-06-12T14:28:10.704+0000] {processor.py:161} INFO - Started process (PID=1393) to work on /home/airflow/.local/lib/python3.12/site-packages/airflow/example_dags/example_task_group.py
[2025-06-12T14:28:10.707+0000] {processor.py:830} INFO - Processing file /home/airflow/.local/lib/python3.12/site-packages/airflow/example_dags/example_task_group.py for tasks to queue
[2025-06-12T14:28:10.709+0000] {logging_mixin.py:188} INFO - [2025-06-12T14:28:10.709+0000] {dagbag.py:540} INFO - Filling up the DagBag from /home/airflow/.local/lib/python3.12/site-packages/airflow/example_dags/example_task_group.py
[2025-06-12T14:28:10.716+0000] {processor.py:840} INFO - DAG(s) 'example_task_group' retrieved from /home/airflow/.local/lib/python3.12/site-packages/airflow/example_dags/example_task_group.py
[2025-06-12T14:28:10.733+0000] {logging_mixin.py:188} INFO - [2025-06-12T14:28:10.733+0000] {dag.py:3096} INFO - Sync 1 DAGs
[2025-06-12T14:28:10.748+0000] {logging_mixin.py:188} INFO - [2025-06-12T14:28:10.748+0000] {dag.py:3954} INFO - Setting next_dagrun for example_task_group to 2025-06-11 00:00:00+00:00, run_after=2025-06-12 00:00:00+00:00
[2025-06-12T14:28:10.763+0000] {processor.py:183} INFO - Processing /home/airflow/.local/lib/python3.12/site-packages/airflow/example_dags/example_task_group.py took 0.064 seconds
[2025-06-12T14:35:50.575+0000] {processor.py:161} INFO - Started process (PID=45) to work on /home/airflow/.local/lib/python3.12/site-packages/airflow/example_dags/example_task_group.py
[2025-06-12T14:35:50.580+0000] {processor.py:830} INFO - Processing file /home/airflow/.local/lib/python3.12/site-packages/airflow/example_dags/example_task_group.py for tasks to queue
[2025-06-12T14:35:50.586+0000] {logging_mixin.py:188} INFO - [2025-06-12T14:35:50.585+0000] {dagbag.py:540} INFO - Filling up the DagBag from /home/airflow/.local/lib/python3.12/site-packages/airflow/example_dags/example_task_group.py
[2025-06-12T14:35:50.610+0000] {processor.py:840} INFO - DAG(s) 'example_task_group' retrieved from /home/airflow/.local/lib/python3.12/site-packages/airflow/example_dags/example_task_group.py
[2025-06-12T14:35:50.633+0000] {logging_mixin.py:188} INFO - [2025-06-12T14:35:50.633+0000] {dag.py:3096} INFO - Sync 1 DAGs
[2025-06-12T14:35:50.682+0000] {logging_mixin.py:188} INFO - [2025-06-12T14:35:50.682+0000] {dag.py:3954} INFO - Setting next_dagrun for example_task_group to 2025-06-11 00:00:00+00:00, run_after=2025-06-12 00:00:00+00:00
[2025-06-12T14:35:50.719+0000] {processor.py:183} INFO - Processing /home/airflow/.local/lib/python3.12/site-packages/airflow/example_dags/example_task_group.py took 0.155 seconds
[2025-06-12T14:36:20.989+0000] {processor.py:161} INFO - Started process (PID=112) to work on /home/airflow/.local/lib/python3.12/site-packages/airflow/example_dags/example_task_group.py
[2025-06-12T14:36:20.989+0000] {processor.py:830} INFO - Processing file /home/airflow/.local/lib/python3.12/site-packages/airflow/example_dags/example_task_group.py for tasks to queue
[2025-06-12T14:36:20.991+0000] {logging_mixin.py:188} INFO - [2025-06-12T14:36:20.990+0000] {dagbag.py:540} INFO - Filling up the DagBag from /home/airflow/.local/lib/python3.12/site-packages/airflow/example_dags/example_task_group.py
[2025-06-12T14:36:20.994+0000] {processor.py:840} INFO - DAG(s) 'example_task_group' retrieved from /home/airflow/.local/lib/python3.12/site-packages/airflow/example_dags/example_task_group.py
[2025-06-12T14:36:21.052+0000] {logging_mixin.py:188} INFO - [2025-06-12T14:36:21.052+0000] {dag.py:3096} INFO - Sync 1 DAGs
[2025-06-12T14:36:21.062+0000] {logging_mixin.py:188} INFO - [2025-06-12T14:36:21.062+0000] {dag.py:3954} INFO - Setting next_dagrun for example_task_group to 2025-06-11 00:00:00+00:00, run_after=2025-06-12 00:00:00+00:00
[2025-06-12T14:36:21.079+0000] {processor.py:183} INFO - Processing /home/airflow/.local/lib/python3.12/site-packages/airflow/example_dags/example_task_group.py took 0.093 seconds
[2025-06-12T14:36:51.445+0000] {processor.py:161} INFO - Started process (PID=185) to work on /home/airflow/.local/lib/python3.12/site-packages/airflow/example_dags/example_task_group.py
[2025-06-12T14:36:51.445+0000] {processor.py:830} INFO - Processing file /home/airflow/.local/lib/python3.12/site-packages/airflow/example_dags/example_task_group.py for tasks to queue
[2025-06-12T14:36:51.446+0000] {logging_mixin.py:188} INFO - [2025-06-12T14:36:51.446+0000] {dagbag.py:540} INFO - Filling up the DagBag from /home/airflow/.local/lib/python3.12/site-packages/airflow/example_dags/example_task_group.py
[2025-06-12T14:36:51.450+0000] {processor.py:840} INFO - DAG(s) 'example_task_group' retrieved from /home/airflow/.local/lib/python3.12/site-packages/airflow/example_dags/example_task_group.py
[2025-06-12T14:36:51.479+0000] {logging_mixin.py:188} INFO - [2025-06-12T14:36:51.479+0000] {dag.py:3096} INFO - Sync 1 DAGs
[2025-06-12T14:36:51.490+0000] {logging_mixin.py:188} INFO - [2025-06-12T14:36:51.490+0000] {dag.py:3954} INFO - Setting next_dagrun for example_task_group to 2025-06-11 00:00:00+00:00, run_after=2025-06-12 00:00:00+00:00
[2025-06-12T14:36:51.501+0000] {processor.py:183} INFO - Processing /home/airflow/.local/lib/python3.12/site-packages/airflow/example_dags/example_task_group.py took 0.059 seconds
[2025-06-12T14:37:22.402+0000] {processor.py:161} INFO - Started process (PID=252) to work on /home/airflow/.local/lib/python3.12/site-packages/airflow/example_dags/example_task_group.py
[2025-06-12T14:37:22.407+0000] {processor.py:830} INFO - Processing file /home/airflow/.local/lib/python3.12/site-packages/airflow/example_dags/example_task_group.py for tasks to queue
[2025-06-12T14:37:22.410+0000] {logging_mixin.py:188} INFO - [2025-06-12T14:37:22.410+0000] {dagbag.py:540} INFO - Filling up the DagBag from /home/airflow/.local/lib/python3.12/site-packages/airflow/example_dags/example_task_group.py
[2025-06-12T14:37:22.420+0000] {processor.py:840} INFO - DAG(s) 'example_task_group' retrieved from /home/airflow/.local/lib/python3.12/site-packages/airflow/example_dags/example_task_group.py
[2025-06-12T14:37:22.453+0000] {logging_mixin.py:188} INFO - [2025-06-12T14:37:22.452+0000] {dag.py:3096} INFO - Sync 1 DAGs
[2025-06-12T14:37:22.480+0000] {logging_mixin.py:188} INFO - [2025-06-12T14:37:22.479+0000] {dag.py:3954} INFO - Setting next_dagrun for example_task_group to 2025-06-11 00:00:00+00:00, run_after=2025-06-12 00:00:00+00:00
[2025-06-12T14:37:22.498+0000] {processor.py:183} INFO - Processing /home/airflow/.local/lib/python3.12/site-packages/airflow/example_dags/example_task_group.py took 0.103 seconds
[2025-06-12T14:37:53.344+0000] {processor.py:161} INFO - Started process (PID=326) to work on /home/airflow/.local/lib/python3.12/site-packages/airflow/example_dags/example_task_group.py
[2025-06-12T14:37:53.346+0000] {processor.py:830} INFO - Processing file /home/airflow/.local/lib/python3.12/site-packages/airflow/example_dags/example_task_group.py for tasks to queue
[2025-06-12T14:37:53.346+0000] {logging_mixin.py:188} INFO - [2025-06-12T14:37:53.346+0000] {dagbag.py:540} INFO - Filling up the DagBag from /home/airflow/.local/lib/python3.12/site-packages/airflow/example_dags/example_task_group.py
[2025-06-12T14:37:53.351+0000] {processor.py:840} INFO - DAG(s) 'example_task_group' retrieved from /home/airflow/.local/lib/python3.12/site-packages/airflow/example_dags/example_task_group.py
[2025-06-12T14:37:53.372+0000] {logging_mixin.py:188} INFO - [2025-06-12T14:37:53.371+0000] {dag.py:3096} INFO - Sync 1 DAGs
[2025-06-12T14:37:53.390+0000] {logging_mixin.py:188} INFO - [2025-06-12T14:37:53.390+0000] {dag.py:3954} INFO - Setting next_dagrun for example_task_group to 2025-06-11 00:00:00+00:00, run_after=2025-06-12 00:00:00+00:00
[2025-06-12T14:37:53.403+0000] {processor.py:183} INFO - Processing /home/airflow/.local/lib/python3.12/site-packages/airflow/example_dags/example_task_group.py took 0.061 seconds
[2025-06-12T14:38:23.918+0000] {processor.py:161} INFO - Started process (PID=401) to work on /home/airflow/.local/lib/python3.12/site-packages/airflow/example_dags/example_task_group.py
[2025-06-12T14:38:23.918+0000] {processor.py:830} INFO - Processing file /home/airflow/.local/lib/python3.12/site-packages/airflow/example_dags/example_task_group.py for tasks to queue
[2025-06-12T14:38:23.919+0000] {logging_mixin.py:188} INFO - [2025-06-12T14:38:23.919+0000] {dagbag.py:540} INFO - Filling up the DagBag from /home/airflow/.local/lib/python3.12/site-packages/airflow/example_dags/example_task_group.py
[2025-06-12T14:38:23.923+0000] {processor.py:840} INFO - DAG(s) 'example_task_group' retrieved from /home/airflow/.local/lib/python3.12/site-packages/airflow/example_dags/example_task_group.py
[2025-06-12T14:38:23.934+0000] {logging_mixin.py:188} INFO - [2025-06-12T14:38:23.934+0000] {dag.py:3096} INFO - Sync 1 DAGs
[2025-06-12T14:38:23.945+0000] {logging_mixin.py:188} INFO - [2025-06-12T14:38:23.945+0000] {dag.py:3954} INFO - Setting next_dagrun for example_task_group to 2025-06-11 00:00:00+00:00, run_after=2025-06-12 00:00:00+00:00
[2025-06-12T14:38:23.954+0000] {processor.py:183} INFO - Processing /home/airflow/.local/lib/python3.12/site-packages/airflow/example_dags/example_task_group.py took 0.040 seconds
[2025-06-12T14:38:54.012+0000] {processor.py:161} INFO - Started process (PID=467) to work on /home/airflow/.local/lib/python3.12/site-packages/airflow/example_dags/example_task_group.py
[2025-06-12T14:38:54.013+0000] {processor.py:830} INFO - Processing file /home/airflow/.local/lib/python3.12/site-packages/airflow/example_dags/example_task_group.py for tasks to queue
[2025-06-12T14:38:54.014+0000] {logging_mixin.py:188} INFO - [2025-06-12T14:38:54.014+0000] {dagbag.py:540} INFO - Filling up the DagBag from /home/airflow/.local/lib/python3.12/site-packages/airflow/example_dags/example_task_group.py
[2025-06-12T14:38:54.017+0000] {processor.py:840} INFO - DAG(s) 'example_task_group' retrieved from /home/airflow/.local/lib/python3.12/site-packages/airflow/example_dags/example_task_group.py
[2025-06-12T14:38:54.027+0000] {logging_mixin.py:188} INFO - [2025-06-12T14:38:54.027+0000] {dag.py:3096} INFO - Sync 1 DAGs
[2025-06-12T14:38:54.035+0000] {logging_mixin.py:188} INFO - [2025-06-12T14:38:54.035+0000] {dag.py:3954} INFO - Setting next_dagrun for example_task_group to 2025-06-11 00:00:00+00:00, run_after=2025-06-12 00:00:00+00:00
[2025-06-12T14:38:54.042+0000] {processor.py:183} INFO - Processing /home/airflow/.local/lib/python3.12/site-packages/airflow/example_dags/example_task_group.py took 0.032 seconds
[2025-06-12T14:39:24.454+0000] {processor.py:161} INFO - Started process (PID=541) to work on /home/airflow/.local/lib/python3.12/site-packages/airflow/example_dags/example_task_group.py
[2025-06-12T14:39:24.456+0000] {processor.py:830} INFO - Processing file /home/airflow/.local/lib/python3.12/site-packages/airflow/example_dags/example_task_group.py for tasks to queue
[2025-06-12T14:39:24.459+0000] {logging_mixin.py:188} INFO - [2025-06-12T14:39:24.459+0000] {dagbag.py:540} INFO - Filling up the DagBag from /home/airflow/.local/lib/python3.12/site-packages/airflow/example_dags/example_task_group.py
[2025-06-12T14:39:24.468+0000] {processor.py:840} INFO - DAG(s) 'example_task_group' retrieved from /home/airflow/.local/lib/python3.12/site-packages/airflow/example_dags/example_task_group.py
[2025-06-12T14:39:24.494+0000] {logging_mixin.py:188} INFO - [2025-06-12T14:39:24.494+0000] {dag.py:3096} INFO - Sync 1 DAGs
[2025-06-12T14:39:24.506+0000] {logging_mixin.py:188} INFO - [2025-06-12T14:39:24.506+0000] {dag.py:3954} INFO - Setting next_dagrun for example_task_group to 2025-06-11 00:00:00+00:00, run_after=2025-06-12 00:00:00+00:00
[2025-06-12T14:39:24.525+0000] {processor.py:183} INFO - Processing /home/airflow/.local/lib/python3.12/site-packages/airflow/example_dags/example_task_group.py took 0.078 seconds
[2025-06-12T14:46:29.025+0000] {processor.py:161} INFO - Started process (PID=47) to work on /home/airflow/.local/lib/python3.12/site-packages/airflow/example_dags/example_task_group.py
[2025-06-12T14:46:29.028+0000] {processor.py:830} INFO - Processing file /home/airflow/.local/lib/python3.12/site-packages/airflow/example_dags/example_task_group.py for tasks to queue
[2025-06-12T14:46:29.068+0000] {logging_mixin.py:188} INFO - [2025-06-12T14:46:29.050+0000] {dagbag.py:540} INFO - Filling up the DagBag from /home/airflow/.local/lib/python3.12/site-packages/airflow/example_dags/example_task_group.py
[2025-06-12T14:46:29.129+0000] {processor.py:840} INFO - DAG(s) 'example_task_group' retrieved from /home/airflow/.local/lib/python3.12/site-packages/airflow/example_dags/example_task_group.py
[2025-06-12T14:46:29.238+0000] {logging_mixin.py:188} INFO - [2025-06-12T14:46:29.237+0000] {dag.py:3096} INFO - Sync 1 DAGs
[2025-06-12T14:46:29.478+0000] {logging_mixin.py:188} INFO - [2025-06-12T14:46:29.477+0000] {dag.py:3954} INFO - Setting next_dagrun for example_task_group to 2025-06-11 00:00:00+00:00, run_after=2025-06-12 00:00:00+00:00
[2025-06-12T14:46:29.567+0000] {processor.py:183} INFO - Processing /home/airflow/.local/lib/python3.12/site-packages/airflow/example_dags/example_task_group.py took 0.561 seconds
[2025-06-12T14:47:00.403+0000] {processor.py:161} INFO - Started process (PID=114) to work on /home/airflow/.local/lib/python3.12/site-packages/airflow/example_dags/example_task_group.py
[2025-06-12T14:47:00.411+0000] {processor.py:830} INFO - Processing file /home/airflow/.local/lib/python3.12/site-packages/airflow/example_dags/example_task_group.py for tasks to queue
[2025-06-12T14:47:00.413+0000] {logging_mixin.py:188} INFO - [2025-06-12T14:47:00.412+0000] {dagbag.py:540} INFO - Filling up the DagBag from /home/airflow/.local/lib/python3.12/site-packages/airflow/example_dags/example_task_group.py
[2025-06-12T14:47:00.420+0000] {processor.py:840} INFO - DAG(s) 'example_task_group' retrieved from /home/airflow/.local/lib/python3.12/site-packages/airflow/example_dags/example_task_group.py
[2025-06-12T14:47:00.480+0000] {logging_mixin.py:188} INFO - [2025-06-12T14:47:00.480+0000] {dag.py:3096} INFO - Sync 1 DAGs
[2025-06-12T14:47:00.491+0000] {logging_mixin.py:188} INFO - [2025-06-12T14:47:00.491+0000] {dag.py:3954} INFO - Setting next_dagrun for example_task_group to 2025-06-11 00:00:00+00:00, run_after=2025-06-12 00:00:00+00:00
[2025-06-12T14:47:00.511+0000] {processor.py:183} INFO - Processing /home/airflow/.local/lib/python3.12/site-packages/airflow/example_dags/example_task_group.py took 0.113 seconds
[2025-06-12T14:47:30.993+0000] {processor.py:161} INFO - Started process (PID=187) to work on /home/airflow/.local/lib/python3.12/site-packages/airflow/example_dags/example_task_group.py
[2025-06-12T14:47:30.995+0000] {processor.py:830} INFO - Processing file /home/airflow/.local/lib/python3.12/site-packages/airflow/example_dags/example_task_group.py for tasks to queue
[2025-06-12T14:47:30.998+0000] {logging_mixin.py:188} INFO - [2025-06-12T14:47:30.997+0000] {dagbag.py:540} INFO - Filling up the DagBag from /home/airflow/.local/lib/python3.12/site-packages/airflow/example_dags/example_task_group.py
[2025-06-12T14:47:31.015+0000] {processor.py:840} INFO - DAG(s) 'example_task_group' retrieved from /home/airflow/.local/lib/python3.12/site-packages/airflow/example_dags/example_task_group.py
[2025-06-12T14:47:31.046+0000] {logging_mixin.py:188} INFO - [2025-06-12T14:47:31.046+0000] {dag.py:3096} INFO - Sync 1 DAGs
[2025-06-12T14:47:31.083+0000] {logging_mixin.py:188} INFO - [2025-06-12T14:47:31.083+0000] {dag.py:3954} INFO - Setting next_dagrun for example_task_group to 2025-06-11 00:00:00+00:00, run_after=2025-06-12 00:00:00+00:00
[2025-06-12T14:47:31.120+0000] {processor.py:183} INFO - Processing /home/airflow/.local/lib/python3.12/site-packages/airflow/example_dags/example_task_group.py took 0.132 seconds
[2025-06-12T14:48:01.479+0000] {processor.py:161} INFO - Started process (PID=254) to work on /home/airflow/.local/lib/python3.12/site-packages/airflow/example_dags/example_task_group.py
[2025-06-12T14:48:01.483+0000] {processor.py:830} INFO - Processing file /home/airflow/.local/lib/python3.12/site-packages/airflow/example_dags/example_task_group.py for tasks to queue
[2025-06-12T14:48:01.486+0000] {logging_mixin.py:188} INFO - [2025-06-12T14:48:01.486+0000] {dagbag.py:540} INFO - Filling up the DagBag from /home/airflow/.local/lib/python3.12/site-packages/airflow/example_dags/example_task_group.py
[2025-06-12T14:48:01.492+0000] {processor.py:840} INFO - DAG(s) 'example_task_group' retrieved from /home/airflow/.local/lib/python3.12/site-packages/airflow/example_dags/example_task_group.py
[2025-06-12T14:48:01.507+0000] {logging_mixin.py:188} INFO - [2025-06-12T14:48:01.507+0000] {dag.py:3096} INFO - Sync 1 DAGs
[2025-06-12T14:48:01.518+0000] {logging_mixin.py:188} INFO - [2025-06-12T14:48:01.518+0000] {dag.py:3954} INFO - Setting next_dagrun for example_task_group to 2025-06-11 00:00:00+00:00, run_after=2025-06-12 00:00:00+00:00
[2025-06-12T14:48:01.527+0000] {processor.py:183} INFO - Processing /home/airflow/.local/lib/python3.12/site-packages/airflow/example_dags/example_task_group.py took 0.053 seconds
[2025-06-12T15:07:48.067+0000] {processor.py:161} INFO - Started process (PID=40) to work on /home/airflow/.local/lib/python3.12/site-packages/airflow/example_dags/example_task_group.py
[2025-06-12T15:07:48.068+0000] {processor.py:830} INFO - Processing file /home/airflow/.local/lib/python3.12/site-packages/airflow/example_dags/example_task_group.py for tasks to queue
[2025-06-12T15:07:48.070+0000] {logging_mixin.py:188} INFO - [2025-06-12T15:07:48.070+0000] {dagbag.py:540} INFO - Filling up the DagBag from /home/airflow/.local/lib/python3.12/site-packages/airflow/example_dags/example_task_group.py
[2025-06-12T15:07:48.081+0000] {processor.py:840} INFO - DAG(s) 'example_task_group' retrieved from /home/airflow/.local/lib/python3.12/site-packages/airflow/example_dags/example_task_group.py
[2025-06-12T15:07:48.104+0000] {logging_mixin.py:188} INFO - [2025-06-12T15:07:48.104+0000] {dag.py:3096} INFO - Sync 1 DAGs
[2025-06-12T15:07:48.121+0000] {logging_mixin.py:188} INFO - [2025-06-12T15:07:48.121+0000] {dag.py:3954} INFO - Setting next_dagrun for example_task_group to 2025-06-11 00:00:00+00:00, run_after=2025-06-12 00:00:00+00:00
[2025-06-12T15:07:48.159+0000] {processor.py:183} INFO - Processing /home/airflow/.local/lib/python3.12/site-packages/airflow/example_dags/example_task_group.py took 0.097 seconds
[2025-06-12T15:08:18.757+0000] {processor.py:161} INFO - Started process (PID=114) to work on /home/airflow/.local/lib/python3.12/site-packages/airflow/example_dags/example_task_group.py
[2025-06-12T15:08:18.758+0000] {processor.py:830} INFO - Processing file /home/airflow/.local/lib/python3.12/site-packages/airflow/example_dags/example_task_group.py for tasks to queue
[2025-06-12T15:08:18.759+0000] {logging_mixin.py:188} INFO - [2025-06-12T15:08:18.759+0000] {dagbag.py:540} INFO - Filling up the DagBag from /home/airflow/.local/lib/python3.12/site-packages/airflow/example_dags/example_task_group.py
[2025-06-12T15:08:18.762+0000] {processor.py:840} INFO - DAG(s) 'example_task_group' retrieved from /home/airflow/.local/lib/python3.12/site-packages/airflow/example_dags/example_task_group.py
[2025-06-12T15:08:18.805+0000] {logging_mixin.py:188} INFO - [2025-06-12T15:08:18.805+0000] {dag.py:3096} INFO - Sync 1 DAGs
[2025-06-12T15:08:18.815+0000] {logging_mixin.py:188} INFO - [2025-06-12T15:08:18.815+0000] {dag.py:3954} INFO - Setting next_dagrun for example_task_group to 2025-06-11 00:00:00+00:00, run_after=2025-06-12 00:00:00+00:00
[2025-06-12T15:08:18.823+0000] {processor.py:183} INFO - Processing /home/airflow/.local/lib/python3.12/site-packages/airflow/example_dags/example_task_group.py took 0.068 seconds
[2025-06-12T15:08:49.051+0000] {processor.py:161} INFO - Started process (PID=181) to work on /home/airflow/.local/lib/python3.12/site-packages/airflow/example_dags/example_task_group.py
[2025-06-12T15:08:49.052+0000] {processor.py:830} INFO - Processing file /home/airflow/.local/lib/python3.12/site-packages/airflow/example_dags/example_task_group.py for tasks to queue
[2025-06-12T15:08:49.053+0000] {logging_mixin.py:188} INFO - [2025-06-12T15:08:49.053+0000] {dagbag.py:540} INFO - Filling up the DagBag from /home/airflow/.local/lib/python3.12/site-packages/airflow/example_dags/example_task_group.py
[2025-06-12T15:08:49.060+0000] {processor.py:840} INFO - DAG(s) 'example_task_group' retrieved from /home/airflow/.local/lib/python3.12/site-packages/airflow/example_dags/example_task_group.py
[2025-06-12T15:08:49.075+0000] {logging_mixin.py:188} INFO - [2025-06-12T15:08:49.075+0000] {dag.py:3096} INFO - Sync 1 DAGs
[2025-06-12T15:08:49.092+0000] {logging_mixin.py:188} INFO - [2025-06-12T15:08:49.092+0000] {dag.py:3954} INFO - Setting next_dagrun for example_task_group to 2025-06-11 00:00:00+00:00, run_after=2025-06-12 00:00:00+00:00
[2025-06-12T15:08:49.105+0000] {processor.py:183} INFO - Processing /home/airflow/.local/lib/python3.12/site-packages/airflow/example_dags/example_task_group.py took 0.057 seconds
[2025-06-12T15:09:19.377+0000] {processor.py:161} INFO - Started process (PID=254) to work on /home/airflow/.local/lib/python3.12/site-packages/airflow/example_dags/example_task_group.py
[2025-06-12T15:09:19.379+0000] {processor.py:830} INFO - Processing file /home/airflow/.local/lib/python3.12/site-packages/airflow/example_dags/example_task_group.py for tasks to queue
[2025-06-12T15:09:19.379+0000] {logging_mixin.py:188} INFO - [2025-06-12T15:09:19.379+0000] {dagbag.py:540} INFO - Filling up the DagBag from /home/airflow/.local/lib/python3.12/site-packages/airflow/example_dags/example_task_group.py
[2025-06-12T15:09:19.383+0000] {processor.py:840} INFO - DAG(s) 'example_task_group' retrieved from /home/airflow/.local/lib/python3.12/site-packages/airflow/example_dags/example_task_group.py
[2025-06-12T15:09:19.402+0000] {logging_mixin.py:188} INFO - [2025-06-12T15:09:19.402+0000] {dag.py:3096} INFO - Sync 1 DAGs
[2025-06-12T15:09:19.411+0000] {logging_mixin.py:188} INFO - [2025-06-12T15:09:19.411+0000] {dag.py:3954} INFO - Setting next_dagrun for example_task_group to 2025-06-11 00:00:00+00:00, run_after=2025-06-12 00:00:00+00:00
[2025-06-12T15:09:19.425+0000] {processor.py:183} INFO - Processing /home/airflow/.local/lib/python3.12/site-packages/airflow/example_dags/example_task_group.py took 0.053 seconds
[2025-06-12T15:09:49.778+0000] {processor.py:161} INFO - Started process (PID=329) to work on /home/airflow/.local/lib/python3.12/site-packages/airflow/example_dags/example_task_group.py
[2025-06-12T15:09:49.779+0000] {processor.py:830} INFO - Processing file /home/airflow/.local/lib/python3.12/site-packages/airflow/example_dags/example_task_group.py for tasks to queue
[2025-06-12T15:09:49.783+0000] {logging_mixin.py:188} INFO - [2025-06-12T15:09:49.782+0000] {dagbag.py:540} INFO - Filling up the DagBag from /home/airflow/.local/lib/python3.12/site-packages/airflow/example_dags/example_task_group.py
[2025-06-12T15:09:49.789+0000] {processor.py:840} INFO - DAG(s) 'example_task_group' retrieved from /home/airflow/.local/lib/python3.12/site-packages/airflow/example_dags/example_task_group.py
[2025-06-12T15:09:49.813+0000] {logging_mixin.py:188} INFO - [2025-06-12T15:09:49.813+0000] {dag.py:3096} INFO - Sync 1 DAGs
[2025-06-12T15:09:49.834+0000] {logging_mixin.py:188} INFO - [2025-06-12T15:09:49.834+0000] {dag.py:3954} INFO - Setting next_dagrun for example_task_group to 2025-06-11 00:00:00+00:00, run_after=2025-06-12 00:00:00+00:00
[2025-06-12T15:09:49.851+0000] {processor.py:183} INFO - Processing /home/airflow/.local/lib/python3.12/site-packages/airflow/example_dags/example_task_group.py took 0.079 seconds
[2025-06-12T15:10:20.068+0000] {processor.py:161} INFO - Started process (PID=396) to work on /home/airflow/.local/lib/python3.12/site-packages/airflow/example_dags/example_task_group.py
[2025-06-12T15:10:20.070+0000] {processor.py:830} INFO - Processing file /home/airflow/.local/lib/python3.12/site-packages/airflow/example_dags/example_task_group.py for tasks to queue
[2025-06-12T15:10:20.071+0000] {logging_mixin.py:188} INFO - [2025-06-12T15:10:20.070+0000] {dagbag.py:540} INFO - Filling up the DagBag from /home/airflow/.local/lib/python3.12/site-packages/airflow/example_dags/example_task_group.py
[2025-06-12T15:10:20.074+0000] {processor.py:840} INFO - DAG(s) 'example_task_group' retrieved from /home/airflow/.local/lib/python3.12/site-packages/airflow/example_dags/example_task_group.py
[2025-06-12T15:10:20.087+0000] {logging_mixin.py:188} INFO - [2025-06-12T15:10:20.087+0000] {dag.py:3096} INFO - Sync 1 DAGs
[2025-06-12T15:10:20.100+0000] {logging_mixin.py:188} INFO - [2025-06-12T15:10:20.100+0000] {dag.py:3954} INFO - Setting next_dagrun for example_task_group to 2025-06-11 00:00:00+00:00, run_after=2025-06-12 00:00:00+00:00
[2025-06-12T15:10:20.112+0000] {processor.py:183} INFO - Processing /home/airflow/.local/lib/python3.12/site-packages/airflow/example_dags/example_task_group.py took 0.046 seconds
[2025-06-12T15:10:50.294+0000] {processor.py:161} INFO - Started process (PID=470) to work on /home/airflow/.local/lib/python3.12/site-packages/airflow/example_dags/example_task_group.py
[2025-06-12T15:10:50.295+0000] {processor.py:830} INFO - Processing file /home/airflow/.local/lib/python3.12/site-packages/airflow/example_dags/example_task_group.py for tasks to queue
[2025-06-12T15:10:50.297+0000] {logging_mixin.py:188} INFO - [2025-06-12T15:10:50.297+0000] {dagbag.py:540} INFO - Filling up the DagBag from /home/airflow/.local/lib/python3.12/site-packages/airflow/example_dags/example_task_group.py
[2025-06-12T15:10:50.302+0000] {processor.py:840} INFO - DAG(s) 'example_task_group' retrieved from /home/airflow/.local/lib/python3.12/site-packages/airflow/example_dags/example_task_group.py
[2025-06-12T15:10:50.318+0000] {logging_mixin.py:188} INFO - [2025-06-12T15:10:50.317+0000] {dag.py:3096} INFO - Sync 1 DAGs
[2025-06-12T15:10:50.330+0000] {logging_mixin.py:188} INFO - [2025-06-12T15:10:50.330+0000] {dag.py:3954} INFO - Setting next_dagrun for example_task_group to 2025-06-11 00:00:00+00:00, run_after=2025-06-12 00:00:00+00:00
[2025-06-12T15:10:50.341+0000] {processor.py:183} INFO - Processing /home/airflow/.local/lib/python3.12/site-packages/airflow/example_dags/example_task_group.py took 0.050 seconds
[2025-06-12T15:11:20.475+0000] {processor.py:161} INFO - Started process (PID=535) to work on /home/airflow/.local/lib/python3.12/site-packages/airflow/example_dags/example_task_group.py
[2025-06-12T15:11:20.475+0000] {processor.py:830} INFO - Processing file /home/airflow/.local/lib/python3.12/site-packages/airflow/example_dags/example_task_group.py for tasks to queue
[2025-06-12T15:11:20.476+0000] {logging_mixin.py:188} INFO - [2025-06-12T15:11:20.476+0000] {dagbag.py:540} INFO - Filling up the DagBag from /home/airflow/.local/lib/python3.12/site-packages/airflow/example_dags/example_task_group.py
[2025-06-12T15:11:20.480+0000] {processor.py:840} INFO - DAG(s) 'example_task_group' retrieved from /home/airflow/.local/lib/python3.12/site-packages/airflow/example_dags/example_task_group.py
[2025-06-12T15:11:20.493+0000] {logging_mixin.py:188} INFO - [2025-06-12T15:11:20.493+0000] {dag.py:3096} INFO - Sync 1 DAGs
[2025-06-12T15:11:20.502+0000] {logging_mixin.py:188} INFO - [2025-06-12T15:11:20.501+0000] {dag.py:3954} INFO - Setting next_dagrun for example_task_group to 2025-06-11 00:00:00+00:00, run_after=2025-06-12 00:00:00+00:00
[2025-06-12T15:11:20.510+0000] {processor.py:183} INFO - Processing /home/airflow/.local/lib/python3.12/site-packages/airflow/example_dags/example_task_group.py took 0.038 seconds
[2025-06-12T15:11:50.797+0000] {processor.py:161} INFO - Started process (PID=608) to work on /home/airflow/.local/lib/python3.12/site-packages/airflow/example_dags/example_task_group.py
[2025-06-12T15:11:50.797+0000] {processor.py:830} INFO - Processing file /home/airflow/.local/lib/python3.12/site-packages/airflow/example_dags/example_task_group.py for tasks to queue
[2025-06-12T15:11:50.798+0000] {logging_mixin.py:188} INFO - [2025-06-12T15:11:50.798+0000] {dagbag.py:540} INFO - Filling up the DagBag from /home/airflow/.local/lib/python3.12/site-packages/airflow/example_dags/example_task_group.py
[2025-06-12T15:11:50.802+0000] {processor.py:840} INFO - DAG(s) 'example_task_group' retrieved from /home/airflow/.local/lib/python3.12/site-packages/airflow/example_dags/example_task_group.py
[2025-06-12T15:11:50.814+0000] {logging_mixin.py:188} INFO - [2025-06-12T15:11:50.814+0000] {dag.py:3096} INFO - Sync 1 DAGs
[2025-06-12T15:11:50.827+0000] {logging_mixin.py:188} INFO - [2025-06-12T15:11:50.827+0000] {dag.py:3954} INFO - Setting next_dagrun for example_task_group to 2025-06-11 00:00:00+00:00, run_after=2025-06-12 00:00:00+00:00
[2025-06-12T15:11:50.841+0000] {processor.py:183} INFO - Processing /home/airflow/.local/lib/python3.12/site-packages/airflow/example_dags/example_task_group.py took 0.047 seconds
[2025-06-12T15:12:21.114+0000] {processor.py:161} INFO - Started process (PID=681) to work on /home/airflow/.local/lib/python3.12/site-packages/airflow/example_dags/example_task_group.py
[2025-06-12T15:12:21.116+0000] {processor.py:830} INFO - Processing file /home/airflow/.local/lib/python3.12/site-packages/airflow/example_dags/example_task_group.py for tasks to queue
[2025-06-12T15:12:21.117+0000] {logging_mixin.py:188} INFO - [2025-06-12T15:12:21.117+0000] {dagbag.py:540} INFO - Filling up the DagBag from /home/airflow/.local/lib/python3.12/site-packages/airflow/example_dags/example_task_group.py
[2025-06-12T15:12:21.121+0000] {processor.py:840} INFO - DAG(s) 'example_task_group' retrieved from /home/airflow/.local/lib/python3.12/site-packages/airflow/example_dags/example_task_group.py
[2025-06-12T15:12:21.134+0000] {logging_mixin.py:188} INFO - [2025-06-12T15:12:21.134+0000] {dag.py:3096} INFO - Sync 1 DAGs
[2025-06-12T15:12:21.146+0000] {logging_mixin.py:188} INFO - [2025-06-12T15:12:21.146+0000] {dag.py:3954} INFO - Setting next_dagrun for example_task_group to 2025-06-11 00:00:00+00:00, run_after=2025-06-12 00:00:00+00:00
[2025-06-12T15:12:21.154+0000] {processor.py:183} INFO - Processing /home/airflow/.local/lib/python3.12/site-packages/airflow/example_dags/example_task_group.py took 0.042 seconds
[2025-06-12T15:12:52.008+0000] {processor.py:161} INFO - Started process (PID=749) to work on /home/airflow/.local/lib/python3.12/site-packages/airflow/example_dags/example_task_group.py
[2025-06-12T15:12:52.008+0000] {processor.py:830} INFO - Processing file /home/airflow/.local/lib/python3.12/site-packages/airflow/example_dags/example_task_group.py for tasks to queue
[2025-06-12T15:12:52.009+0000] {logging_mixin.py:188} INFO - [2025-06-12T15:12:52.009+0000] {dagbag.py:540} INFO - Filling up the DagBag from /home/airflow/.local/lib/python3.12/site-packages/airflow/example_dags/example_task_group.py
[2025-06-12T15:12:52.014+0000] {processor.py:840} INFO - DAG(s) 'example_task_group' retrieved from /home/airflow/.local/lib/python3.12/site-packages/airflow/example_dags/example_task_group.py
[2025-06-12T15:12:52.030+0000] {logging_mixin.py:188} INFO - [2025-06-12T15:12:52.030+0000] {dag.py:3096} INFO - Sync 1 DAGs
[2025-06-12T15:12:52.046+0000] {logging_mixin.py:188} INFO - [2025-06-12T15:12:52.045+0000] {dag.py:3954} INFO - Setting next_dagrun for example_task_group to 2025-06-11 00:00:00+00:00, run_after=2025-06-12 00:00:00+00:00
[2025-06-12T15:12:52.056+0000] {processor.py:183} INFO - Processing /home/airflow/.local/lib/python3.12/site-packages/airflow/example_dags/example_task_group.py took 0.052 seconds
[2025-06-12T15:13:22.080+0000] {processor.py:161} INFO - Started process (PID=822) to work on /home/airflow/.local/lib/python3.12/site-packages/airflow/example_dags/example_task_group.py
[2025-06-12T15:13:22.081+0000] {processor.py:830} INFO - Processing file /home/airflow/.local/lib/python3.12/site-packages/airflow/example_dags/example_task_group.py for tasks to queue
[2025-06-12T15:13:22.081+0000] {logging_mixin.py:188} INFO - [2025-06-12T15:13:22.081+0000] {dagbag.py:540} INFO - Filling up the DagBag from /home/airflow/.local/lib/python3.12/site-packages/airflow/example_dags/example_task_group.py
[2025-06-12T15:13:22.084+0000] {processor.py:840} INFO - DAG(s) 'example_task_group' retrieved from /home/airflow/.local/lib/python3.12/site-packages/airflow/example_dags/example_task_group.py
[2025-06-12T15:13:22.094+0000] {logging_mixin.py:188} INFO - [2025-06-12T15:13:22.094+0000] {dag.py:3096} INFO - Sync 1 DAGs
[2025-06-12T15:13:22.103+0000] {logging_mixin.py:188} INFO - [2025-06-12T15:13:22.102+0000] {dag.py:3954} INFO - Setting next_dagrun for example_task_group to 2025-06-11 00:00:00+00:00, run_after=2025-06-12 00:00:00+00:00
[2025-06-12T15:13:22.109+0000] {processor.py:183} INFO - Processing /home/airflow/.local/lib/python3.12/site-packages/airflow/example_dags/example_task_group.py took 0.031 seconds
[2025-06-12T15:13:52.313+0000] {processor.py:161} INFO - Started process (PID=896) to work on /home/airflow/.local/lib/python3.12/site-packages/airflow/example_dags/example_task_group.py
[2025-06-12T15:13:52.314+0000] {processor.py:830} INFO - Processing file /home/airflow/.local/lib/python3.12/site-packages/airflow/example_dags/example_task_group.py for tasks to queue
[2025-06-12T15:13:52.315+0000] {logging_mixin.py:188} INFO - [2025-06-12T15:13:52.315+0000] {dagbag.py:540} INFO - Filling up the DagBag from /home/airflow/.local/lib/python3.12/site-packages/airflow/example_dags/example_task_group.py
[2025-06-12T15:13:52.319+0000] {processor.py:840} INFO - DAG(s) 'example_task_group' retrieved from /home/airflow/.local/lib/python3.12/site-packages/airflow/example_dags/example_task_group.py
[2025-06-12T15:13:52.334+0000] {logging_mixin.py:188} INFO - [2025-06-12T15:13:52.334+0000] {dag.py:3096} INFO - Sync 1 DAGs
[2025-06-12T15:13:52.350+0000] {logging_mixin.py:188} INFO - [2025-06-12T15:13:52.350+0000] {dag.py:3954} INFO - Setting next_dagrun for example_task_group to 2025-06-11 00:00:00+00:00, run_after=2025-06-12 00:00:00+00:00
[2025-06-12T15:13:52.363+0000] {processor.py:183} INFO - Processing /home/airflow/.local/lib/python3.12/site-packages/airflow/example_dags/example_task_group.py took 0.053 seconds
[2025-06-12T15:14:22.689+0000] {processor.py:161} INFO - Started process (PID=963) to work on /home/airflow/.local/lib/python3.12/site-packages/airflow/example_dags/example_task_group.py
[2025-06-12T15:14:22.691+0000] {processor.py:830} INFO - Processing file /home/airflow/.local/lib/python3.12/site-packages/airflow/example_dags/example_task_group.py for tasks to queue
[2025-06-12T15:14:22.693+0000] {logging_mixin.py:188} INFO - [2025-06-12T15:14:22.693+0000] {dagbag.py:540} INFO - Filling up the DagBag from /home/airflow/.local/lib/python3.12/site-packages/airflow/example_dags/example_task_group.py
[2025-06-12T15:14:22.696+0000] {processor.py:840} INFO - DAG(s) 'example_task_group' retrieved from /home/airflow/.local/lib/python3.12/site-packages/airflow/example_dags/example_task_group.py
[2025-06-12T15:14:22.714+0000] {logging_mixin.py:188} INFO - [2025-06-12T15:14:22.713+0000] {dag.py:3096} INFO - Sync 1 DAGs
[2025-06-12T15:14:22.729+0000] {logging_mixin.py:188} INFO - [2025-06-12T15:14:22.729+0000] {dag.py:3954} INFO - Setting next_dagrun for example_task_group to 2025-06-11 00:00:00+00:00, run_after=2025-06-12 00:00:00+00:00
[2025-06-12T15:14:22.910+0000] {processor.py:183} INFO - Processing /home/airflow/.local/lib/python3.12/site-packages/airflow/example_dags/example_task_group.py took 0.224 seconds
[2025-06-12T15:14:53.813+0000] {processor.py:161} INFO - Started process (PID=1038) to work on /home/airflow/.local/lib/python3.12/site-packages/airflow/example_dags/example_task_group.py
[2025-06-12T15:14:53.814+0000] {processor.py:830} INFO - Processing file /home/airflow/.local/lib/python3.12/site-packages/airflow/example_dags/example_task_group.py for tasks to queue
[2025-06-12T15:14:53.815+0000] {logging_mixin.py:188} INFO - [2025-06-12T15:14:53.815+0000] {dagbag.py:540} INFO - Filling up the DagBag from /home/airflow/.local/lib/python3.12/site-packages/airflow/example_dags/example_task_group.py
[2025-06-12T15:14:53.823+0000] {processor.py:840} INFO - DAG(s) 'example_task_group' retrieved from /home/airflow/.local/lib/python3.12/site-packages/airflow/example_dags/example_task_group.py
[2025-06-12T15:14:53.842+0000] {logging_mixin.py:188} INFO - [2025-06-12T15:14:53.842+0000] {dag.py:3096} INFO - Sync 1 DAGs
[2025-06-12T15:14:53.854+0000] {logging_mixin.py:188} INFO - [2025-06-12T15:14:53.854+0000] {dag.py:3954} INFO - Setting next_dagrun for example_task_group to 2025-06-11 00:00:00+00:00, run_after=2025-06-12 00:00:00+00:00
[2025-06-12T15:14:53.867+0000] {processor.py:183} INFO - Processing /home/airflow/.local/lib/python3.12/site-packages/airflow/example_dags/example_task_group.py took 0.059 seconds
[2025-06-12T15:15:24.341+0000] {processor.py:161} INFO - Started process (PID=1112) to work on /home/airflow/.local/lib/python3.12/site-packages/airflow/example_dags/example_task_group.py
[2025-06-12T15:15:24.344+0000] {processor.py:830} INFO - Processing file /home/airflow/.local/lib/python3.12/site-packages/airflow/example_dags/example_task_group.py for tasks to queue
[2025-06-12T15:15:24.346+0000] {logging_mixin.py:188} INFO - [2025-06-12T15:15:24.345+0000] {dagbag.py:540} INFO - Filling up the DagBag from /home/airflow/.local/lib/python3.12/site-packages/airflow/example_dags/example_task_group.py
[2025-06-12T15:15:24.353+0000] {processor.py:840} INFO - DAG(s) 'example_task_group' retrieved from /home/airflow/.local/lib/python3.12/site-packages/airflow/example_dags/example_task_group.py
[2025-06-12T15:15:24.376+0000] {logging_mixin.py:188} INFO - [2025-06-12T15:15:24.375+0000] {dag.py:3096} INFO - Sync 1 DAGs
[2025-06-12T15:15:24.393+0000] {logging_mixin.py:188} INFO - [2025-06-12T15:15:24.393+0000] {dag.py:3954} INFO - Setting next_dagrun for example_task_group to 2025-06-11 00:00:00+00:00, run_after=2025-06-12 00:00:00+00:00
[2025-06-12T15:15:24.408+0000] {processor.py:183} INFO - Processing /home/airflow/.local/lib/python3.12/site-packages/airflow/example_dags/example_task_group.py took 0.070 seconds
[2025-06-12T15:15:54.939+0000] {processor.py:161} INFO - Started process (PID=1179) to work on /home/airflow/.local/lib/python3.12/site-packages/airflow/example_dags/example_task_group.py
[2025-06-12T15:15:54.948+0000] {processor.py:830} INFO - Processing file /home/airflow/.local/lib/python3.12/site-packages/airflow/example_dags/example_task_group.py for tasks to queue
[2025-06-12T15:15:54.951+0000] {logging_mixin.py:188} INFO - [2025-06-12T15:15:54.951+0000] {dagbag.py:540} INFO - Filling up the DagBag from /home/airflow/.local/lib/python3.12/site-packages/airflow/example_dags/example_task_group.py
[2025-06-12T15:15:54.956+0000] {processor.py:840} INFO - DAG(s) 'example_task_group' retrieved from /home/airflow/.local/lib/python3.12/site-packages/airflow/example_dags/example_task_group.py
[2025-06-12T15:15:54.975+0000] {logging_mixin.py:188} INFO - [2025-06-12T15:15:54.975+0000] {dag.py:3096} INFO - Sync 1 DAGs
[2025-06-12T15:15:54.987+0000] {logging_mixin.py:188} INFO - [2025-06-12T15:15:54.987+0000] {dag.py:3954} INFO - Setting next_dagrun for example_task_group to 2025-06-11 00:00:00+00:00, run_after=2025-06-12 00:00:00+00:00
[2025-06-12T15:15:55.000+0000] {processor.py:183} INFO - Processing /home/airflow/.local/lib/python3.12/site-packages/airflow/example_dags/example_task_group.py took 0.068 seconds
[2025-06-12T15:16:25.072+0000] {processor.py:161} INFO - Started process (PID=1253) to work on /home/airflow/.local/lib/python3.12/site-packages/airflow/example_dags/example_task_group.py
[2025-06-12T15:16:25.076+0000] {processor.py:830} INFO - Processing file /home/airflow/.local/lib/python3.12/site-packages/airflow/example_dags/example_task_group.py for tasks to queue
[2025-06-12T15:16:25.078+0000] {logging_mixin.py:188} INFO - [2025-06-12T15:16:25.078+0000] {dagbag.py:540} INFO - Filling up the DagBag from /home/airflow/.local/lib/python3.12/site-packages/airflow/example_dags/example_task_group.py
[2025-06-12T15:16:25.085+0000] {processor.py:840} INFO - DAG(s) 'example_task_group' retrieved from /home/airflow/.local/lib/python3.12/site-packages/airflow/example_dags/example_task_group.py
[2025-06-12T15:16:25.104+0000] {logging_mixin.py:188} INFO - [2025-06-12T15:16:25.104+0000] {dag.py:3096} INFO - Sync 1 DAGs
[2025-06-12T15:16:25.117+0000] {logging_mixin.py:188} INFO - [2025-06-12T15:16:25.117+0000] {dag.py:3954} INFO - Setting next_dagrun for example_task_group to 2025-06-11 00:00:00+00:00, run_after=2025-06-12 00:00:00+00:00
[2025-06-12T15:16:25.132+0000] {processor.py:183} INFO - Processing /home/airflow/.local/lib/python3.12/site-packages/airflow/example_dags/example_task_group.py took 0.067 seconds
[2025-06-12T15:16:55.370+0000] {processor.py:161} INFO - Started process (PID=1320) to work on /home/airflow/.local/lib/python3.12/site-packages/airflow/example_dags/example_task_group.py
[2025-06-12T15:16:55.372+0000] {processor.py:830} INFO - Processing file /home/airflow/.local/lib/python3.12/site-packages/airflow/example_dags/example_task_group.py for tasks to queue
[2025-06-12T15:16:55.373+0000] {logging_mixin.py:188} INFO - [2025-06-12T15:16:55.373+0000] {dagbag.py:540} INFO - Filling up the DagBag from /home/airflow/.local/lib/python3.12/site-packages/airflow/example_dags/example_task_group.py
[2025-06-12T15:16:55.377+0000] {processor.py:840} INFO - DAG(s) 'example_task_group' retrieved from /home/airflow/.local/lib/python3.12/site-packages/airflow/example_dags/example_task_group.py
[2025-06-12T15:16:55.391+0000] {logging_mixin.py:188} INFO - [2025-06-12T15:16:55.391+0000] {dag.py:3096} INFO - Sync 1 DAGs
[2025-06-12T15:16:55.489+0000] {logging_mixin.py:188} INFO - [2025-06-12T15:16:55.489+0000] {dag.py:3954} INFO - Setting next_dagrun for example_task_group to 2025-06-11 00:00:00+00:00, run_after=2025-06-12 00:00:00+00:00
[2025-06-12T15:16:55.500+0000] {processor.py:183} INFO - Processing /home/airflow/.local/lib/python3.12/site-packages/airflow/example_dags/example_task_group.py took 0.132 seconds
[2025-06-12T15:17:25.758+0000] {processor.py:161} INFO - Started process (PID=1395) to work on /home/airflow/.local/lib/python3.12/site-packages/airflow/example_dags/example_task_group.py
[2025-06-12T15:17:25.759+0000] {processor.py:830} INFO - Processing file /home/airflow/.local/lib/python3.12/site-packages/airflow/example_dags/example_task_group.py for tasks to queue
[2025-06-12T15:17:25.761+0000] {logging_mixin.py:188} INFO - [2025-06-12T15:17:25.760+0000] {dagbag.py:540} INFO - Filling up the DagBag from /home/airflow/.local/lib/python3.12/site-packages/airflow/example_dags/example_task_group.py
[2025-06-12T15:17:25.768+0000] {processor.py:840} INFO - DAG(s) 'example_task_group' retrieved from /home/airflow/.local/lib/python3.12/site-packages/airflow/example_dags/example_task_group.py
[2025-06-12T15:17:25.788+0000] {logging_mixin.py:188} INFO - [2025-06-12T15:17:25.788+0000] {dag.py:3096} INFO - Sync 1 DAGs
[2025-06-12T15:17:25.801+0000] {logging_mixin.py:188} INFO - [2025-06-12T15:17:25.801+0000] {dag.py:3954} INFO - Setting next_dagrun for example_task_group to 2025-06-11 00:00:00+00:00, run_after=2025-06-12 00:00:00+00:00
[2025-06-12T15:17:25.927+0000] {processor.py:183} INFO - Processing /home/airflow/.local/lib/python3.12/site-packages/airflow/example_dags/example_task_group.py took 0.173 seconds
[2025-06-12T15:17:56.109+0000] {processor.py:161} INFO - Started process (PID=1469) to work on /home/airflow/.local/lib/python3.12/site-packages/airflow/example_dags/example_task_group.py
[2025-06-12T15:17:56.110+0000] {processor.py:830} INFO - Processing file /home/airflow/.local/lib/python3.12/site-packages/airflow/example_dags/example_task_group.py for tasks to queue
[2025-06-12T15:17:56.112+0000] {logging_mixin.py:188} INFO - [2025-06-12T15:17:56.112+0000] {dagbag.py:540} INFO - Filling up the DagBag from /home/airflow/.local/lib/python3.12/site-packages/airflow/example_dags/example_task_group.py
[2025-06-12T15:17:56.117+0000] {processor.py:840} INFO - DAG(s) 'example_task_group' retrieved from /home/airflow/.local/lib/python3.12/site-packages/airflow/example_dags/example_task_group.py
[2025-06-12T15:17:56.133+0000] {logging_mixin.py:188} INFO - [2025-06-12T15:17:56.133+0000] {dag.py:3096} INFO - Sync 1 DAGs
[2025-06-12T15:17:56.142+0000] {logging_mixin.py:188} INFO - [2025-06-12T15:17:56.142+0000] {dag.py:3954} INFO - Setting next_dagrun for example_task_group to 2025-06-11 00:00:00+00:00, run_after=2025-06-12 00:00:00+00:00
[2025-06-12T15:17:56.158+0000] {processor.py:183} INFO - Processing /home/airflow/.local/lib/python3.12/site-packages/airflow/example_dags/example_task_group.py took 0.051 seconds
[2025-06-12T15:18:27.108+0000] {processor.py:161} INFO - Started process (PID=1535) to work on /home/airflow/.local/lib/python3.12/site-packages/airflow/example_dags/example_task_group.py
[2025-06-12T15:18:27.109+0000] {processor.py:830} INFO - Processing file /home/airflow/.local/lib/python3.12/site-packages/airflow/example_dags/example_task_group.py for tasks to queue
[2025-06-12T15:18:27.113+0000] {logging_mixin.py:188} INFO - [2025-06-12T15:18:27.113+0000] {dagbag.py:540} INFO - Filling up the DagBag from /home/airflow/.local/lib/python3.12/site-packages/airflow/example_dags/example_task_group.py
[2025-06-12T15:18:27.117+0000] {processor.py:840} INFO - DAG(s) 'example_task_group' retrieved from /home/airflow/.local/lib/python3.12/site-packages/airflow/example_dags/example_task_group.py
[2025-06-12T15:18:27.131+0000] {logging_mixin.py:188} INFO - [2025-06-12T15:18:27.131+0000] {dag.py:3096} INFO - Sync 1 DAGs
[2025-06-12T15:18:27.141+0000] {logging_mixin.py:188} INFO - [2025-06-12T15:18:27.141+0000] {dag.py:3954} INFO - Setting next_dagrun for example_task_group to 2025-06-11 00:00:00+00:00, run_after=2025-06-12 00:00:00+00:00
[2025-06-12T15:18:27.153+0000] {processor.py:183} INFO - Processing /home/airflow/.local/lib/python3.12/site-packages/airflow/example_dags/example_task_group.py took 0.050 seconds
