[2025-06-12T13:58:40.538+0000] {processor.py:161} INFO - Started process (PID=68) to work on /home/airflow/.local/lib/python3.12/site-packages/airflow/example_dags/example_trigger_target_dag.py
[2025-06-12T13:58:40.540+0000] {processor.py:830} INFO - Processing file /home/airflow/.local/lib/python3.12/site-packages/airflow/example_dags/example_trigger_target_dag.py for tasks to queue
[2025-06-12T13:58:40.542+0000] {logging_mixin.py:188} INFO - [2025-06-12T13:58:40.542+0000] {dagbag.py:540} INFO - Filling up the DagBag from /home/airflow/.local/lib/python3.12/site-packages/airflow/example_dags/example_trigger_target_dag.py
[2025-06-12T13:58:40.555+0000] {processor.py:840} INFO - DAG(s) 'example_trigger_target_dag' retrieved from /home/airflow/.local/lib/python3.12/site-packages/airflow/example_dags/example_trigger_target_dag.py
[2025-06-12T13:58:40.595+0000] {logging_mixin.py:188} INFO - [2025-06-12T13:58:40.595+0000] {dag.py:3096} INFO - Sync 1 DAGs
[2025-06-12T13:58:40.624+0000] {logging_mixin.py:188} INFO - [2025-06-12T13:58:40.624+0000] {dag.py:3954} INFO - Setting next_dagrun for example_trigger_target_dag to None, run_after=None
[2025-06-12T13:58:40.686+0000] {processor.py:183} INFO - Processing /home/airflow/.local/lib/python3.12/site-packages/airflow/example_dags/example_trigger_target_dag.py took 0.153 seconds
[2025-06-12T13:59:11.319+0000] {processor.py:161} INFO - Started process (PID=135) to work on /home/airflow/.local/lib/python3.12/site-packages/airflow/example_dags/example_trigger_target_dag.py
[2025-06-12T13:59:11.320+0000] {processor.py:830} INFO - Processing file /home/airflow/.local/lib/python3.12/site-packages/airflow/example_dags/example_trigger_target_dag.py for tasks to queue
[2025-06-12T13:59:11.321+0000] {logging_mixin.py:188} INFO - [2025-06-12T13:59:11.320+0000] {dagbag.py:540} INFO - Filling up the DagBag from /home/airflow/.local/lib/python3.12/site-packages/airflow/example_dags/example_trigger_target_dag.py
[2025-06-12T13:59:11.323+0000] {processor.py:840} INFO - DAG(s) 'example_trigger_target_dag' retrieved from /home/airflow/.local/lib/python3.12/site-packages/airflow/example_dags/example_trigger_target_dag.py
[2025-06-12T13:59:11.367+0000] {logging_mixin.py:188} INFO - [2025-06-12T13:59:11.367+0000] {dag.py:3096} INFO - Sync 1 DAGs
[2025-06-12T13:59:11.371+0000] {logging_mixin.py:188} INFO - [2025-06-12T13:59:11.371+0000] {dag.py:3954} INFO - Setting next_dagrun for example_trigger_target_dag to None, run_after=None
[2025-06-12T13:59:11.384+0000] {processor.py:183} INFO - Processing /home/airflow/.local/lib/python3.12/site-packages/airflow/example_dags/example_trigger_target_dag.py took 0.067 seconds
[2025-06-12T13:59:41.607+0000] {processor.py:161} INFO - Started process (PID=209) to work on /home/airflow/.local/lib/python3.12/site-packages/airflow/example_dags/example_trigger_target_dag.py
[2025-06-12T13:59:41.611+0000] {processor.py:830} INFO - Processing file /home/airflow/.local/lib/python3.12/site-packages/airflow/example_dags/example_trigger_target_dag.py for tasks to queue
[2025-06-12T13:59:41.617+0000] {logging_mixin.py:188} INFO - [2025-06-12T13:59:41.616+0000] {dagbag.py:540} INFO - Filling up the DagBag from /home/airflow/.local/lib/python3.12/site-packages/airflow/example_dags/example_trigger_target_dag.py
[2025-06-12T13:59:41.625+0000] {processor.py:840} INFO - DAG(s) 'example_trigger_target_dag' retrieved from /home/airflow/.local/lib/python3.12/site-packages/airflow/example_dags/example_trigger_target_dag.py
[2025-06-12T13:59:41.656+0000] {logging_mixin.py:188} INFO - [2025-06-12T13:59:41.656+0000] {dag.py:3096} INFO - Sync 1 DAGs
[2025-06-12T13:59:41.668+0000] {logging_mixin.py:188} INFO - [2025-06-12T13:59:41.667+0000] {dag.py:3954} INFO - Setting next_dagrun for example_trigger_target_dag to None, run_after=None
[2025-06-12T13:59:41.693+0000] {processor.py:183} INFO - Processing /home/airflow/.local/lib/python3.12/site-packages/airflow/example_dags/example_trigger_target_dag.py took 0.093 seconds
[2025-06-12T14:00:12.662+0000] {processor.py:161} INFO - Started process (PID=276) to work on /home/airflow/.local/lib/python3.12/site-packages/airflow/example_dags/example_trigger_target_dag.py
[2025-06-12T14:00:12.663+0000] {processor.py:830} INFO - Processing file /home/airflow/.local/lib/python3.12/site-packages/airflow/example_dags/example_trigger_target_dag.py for tasks to queue
[2025-06-12T14:00:12.664+0000] {logging_mixin.py:188} INFO - [2025-06-12T14:00:12.663+0000] {dagbag.py:540} INFO - Filling up the DagBag from /home/airflow/.local/lib/python3.12/site-packages/airflow/example_dags/example_trigger_target_dag.py
[2025-06-12T14:00:12.669+0000] {processor.py:840} INFO - DAG(s) 'example_trigger_target_dag' retrieved from /home/airflow/.local/lib/python3.12/site-packages/airflow/example_dags/example_trigger_target_dag.py
[2025-06-12T14:00:12.680+0000] {logging_mixin.py:188} INFO - [2025-06-12T14:00:12.680+0000] {dag.py:3096} INFO - Sync 1 DAGs
[2025-06-12T14:00:12.686+0000] {logging_mixin.py:188} INFO - [2025-06-12T14:00:12.686+0000] {dag.py:3954} INFO - Setting next_dagrun for example_trigger_target_dag to None, run_after=None
[2025-06-12T14:00:12.700+0000] {processor.py:183} INFO - Processing /home/airflow/.local/lib/python3.12/site-packages/airflow/example_dags/example_trigger_target_dag.py took 0.041 seconds
[2025-06-12T14:00:42.890+0000] {processor.py:161} INFO - Started process (PID=350) to work on /home/airflow/.local/lib/python3.12/site-packages/airflow/example_dags/example_trigger_target_dag.py
[2025-06-12T14:00:42.891+0000] {processor.py:830} INFO - Processing file /home/airflow/.local/lib/python3.12/site-packages/airflow/example_dags/example_trigger_target_dag.py for tasks to queue
[2025-06-12T14:00:42.892+0000] {logging_mixin.py:188} INFO - [2025-06-12T14:00:42.892+0000] {dagbag.py:540} INFO - Filling up the DagBag from /home/airflow/.local/lib/python3.12/site-packages/airflow/example_dags/example_trigger_target_dag.py
[2025-06-12T14:00:42.895+0000] {processor.py:840} INFO - DAG(s) 'example_trigger_target_dag' retrieved from /home/airflow/.local/lib/python3.12/site-packages/airflow/example_dags/example_trigger_target_dag.py
[2025-06-12T14:00:42.907+0000] {logging_mixin.py:188} INFO - [2025-06-12T14:00:42.907+0000] {dag.py:3096} INFO - Sync 1 DAGs
[2025-06-12T14:00:42.913+0000] {logging_mixin.py:188} INFO - [2025-06-12T14:00:42.913+0000] {dag.py:3954} INFO - Setting next_dagrun for example_trigger_target_dag to None, run_after=None
[2025-06-12T14:00:42.921+0000] {processor.py:183} INFO - Processing /home/airflow/.local/lib/python3.12/site-packages/airflow/example_dags/example_trigger_target_dag.py took 0.034 seconds
[2025-06-12T14:01:14.042+0000] {processor.py:161} INFO - Started process (PID=417) to work on /home/airflow/.local/lib/python3.12/site-packages/airflow/example_dags/example_trigger_target_dag.py
[2025-06-12T14:01:14.042+0000] {processor.py:830} INFO - Processing file /home/airflow/.local/lib/python3.12/site-packages/airflow/example_dags/example_trigger_target_dag.py for tasks to queue
[2025-06-12T14:01:14.043+0000] {logging_mixin.py:188} INFO - [2025-06-12T14:01:14.043+0000] {dagbag.py:540} INFO - Filling up the DagBag from /home/airflow/.local/lib/python3.12/site-packages/airflow/example_dags/example_trigger_target_dag.py
[2025-06-12T14:01:14.046+0000] {processor.py:840} INFO - DAG(s) 'example_trigger_target_dag' retrieved from /home/airflow/.local/lib/python3.12/site-packages/airflow/example_dags/example_trigger_target_dag.py
[2025-06-12T14:01:14.065+0000] {logging_mixin.py:188} INFO - [2025-06-12T14:01:14.065+0000] {dag.py:3096} INFO - Sync 1 DAGs
[2025-06-12T14:01:14.073+0000] {logging_mixin.py:188} INFO - [2025-06-12T14:01:14.073+0000] {dag.py:3954} INFO - Setting next_dagrun for example_trigger_target_dag to None, run_after=None
[2025-06-12T14:01:14.086+0000] {processor.py:183} INFO - Processing /home/airflow/.local/lib/python3.12/site-packages/airflow/example_dags/example_trigger_target_dag.py took 0.048 seconds
[2025-06-12T14:15:48.778+0000] {processor.py:161} INFO - Started process (PID=69) to work on /home/airflow/.local/lib/python3.12/site-packages/airflow/example_dags/example_trigger_target_dag.py
[2025-06-12T14:15:48.779+0000] {processor.py:830} INFO - Processing file /home/airflow/.local/lib/python3.12/site-packages/airflow/example_dags/example_trigger_target_dag.py for tasks to queue
[2025-06-12T14:15:48.781+0000] {logging_mixin.py:188} INFO - [2025-06-12T14:15:48.780+0000] {dagbag.py:540} INFO - Filling up the DagBag from /home/airflow/.local/lib/python3.12/site-packages/airflow/example_dags/example_trigger_target_dag.py
[2025-06-12T14:15:48.792+0000] {processor.py:840} INFO - DAG(s) 'example_trigger_target_dag' retrieved from /home/airflow/.local/lib/python3.12/site-packages/airflow/example_dags/example_trigger_target_dag.py
[2025-06-12T14:15:48.806+0000] {logging_mixin.py:188} INFO - [2025-06-12T14:15:48.806+0000] {dag.py:3096} INFO - Sync 1 DAGs
[2025-06-12T14:15:48.820+0000] {logging_mixin.py:188} INFO - [2025-06-12T14:15:48.820+0000] {dag.py:3954} INFO - Setting next_dagrun for example_trigger_target_dag to None, run_after=None
[2025-06-12T14:15:48.840+0000] {processor.py:183} INFO - Processing /home/airflow/.local/lib/python3.12/site-packages/airflow/example_dags/example_trigger_target_dag.py took 0.067 seconds
[2025-06-12T14:16:19.654+0000] {processor.py:161} INFO - Started process (PID=143) to work on /home/airflow/.local/lib/python3.12/site-packages/airflow/example_dags/example_trigger_target_dag.py
[2025-06-12T14:16:19.655+0000] {processor.py:830} INFO - Processing file /home/airflow/.local/lib/python3.12/site-packages/airflow/example_dags/example_trigger_target_dag.py for tasks to queue
[2025-06-12T14:16:19.657+0000] {logging_mixin.py:188} INFO - [2025-06-12T14:16:19.657+0000] {dagbag.py:540} INFO - Filling up the DagBag from /home/airflow/.local/lib/python3.12/site-packages/airflow/example_dags/example_trigger_target_dag.py
[2025-06-12T14:16:19.661+0000] {processor.py:840} INFO - DAG(s) 'example_trigger_target_dag' retrieved from /home/airflow/.local/lib/python3.12/site-packages/airflow/example_dags/example_trigger_target_dag.py
[2025-06-12T14:16:19.752+0000] {logging_mixin.py:188} INFO - [2025-06-12T14:16:19.752+0000] {dag.py:3096} INFO - Sync 1 DAGs
[2025-06-12T14:16:19.761+0000] {logging_mixin.py:188} INFO - [2025-06-12T14:16:19.761+0000] {dag.py:3954} INFO - Setting next_dagrun for example_trigger_target_dag to None, run_after=None
[2025-06-12T14:16:19.779+0000] {processor.py:183} INFO - Processing /home/airflow/.local/lib/python3.12/site-packages/airflow/example_dags/example_trigger_target_dag.py took 0.128 seconds
[2025-06-12T14:16:50.514+0000] {processor.py:161} INFO - Started process (PID=210) to work on /home/airflow/.local/lib/python3.12/site-packages/airflow/example_dags/example_trigger_target_dag.py
[2025-06-12T14:16:50.515+0000] {processor.py:830} INFO - Processing file /home/airflow/.local/lib/python3.12/site-packages/airflow/example_dags/example_trigger_target_dag.py for tasks to queue
[2025-06-12T14:16:50.516+0000] {logging_mixin.py:188} INFO - [2025-06-12T14:16:50.516+0000] {dagbag.py:540} INFO - Filling up the DagBag from /home/airflow/.local/lib/python3.12/site-packages/airflow/example_dags/example_trigger_target_dag.py
[2025-06-12T14:16:50.521+0000] {processor.py:840} INFO - DAG(s) 'example_trigger_target_dag' retrieved from /home/airflow/.local/lib/python3.12/site-packages/airflow/example_dags/example_trigger_target_dag.py
[2025-06-12T14:16:50.530+0000] {logging_mixin.py:188} INFO - [2025-06-12T14:16:50.530+0000] {dag.py:3096} INFO - Sync 1 DAGs
[2025-06-12T14:16:50.537+0000] {logging_mixin.py:188} INFO - [2025-06-12T14:16:50.537+0000] {dag.py:3954} INFO - Setting next_dagrun for example_trigger_target_dag to None, run_after=None
[2025-06-12T14:16:50.546+0000] {processor.py:183} INFO - Processing /home/airflow/.local/lib/python3.12/site-packages/airflow/example_dags/example_trigger_target_dag.py took 0.035 seconds
[2025-06-12T14:17:20.968+0000] {processor.py:161} INFO - Started process (PID=284) to work on /home/airflow/.local/lib/python3.12/site-packages/airflow/example_dags/example_trigger_target_dag.py
[2025-06-12T14:17:20.971+0000] {processor.py:830} INFO - Processing file /home/airflow/.local/lib/python3.12/site-packages/airflow/example_dags/example_trigger_target_dag.py for tasks to queue
[2025-06-12T14:17:20.972+0000] {logging_mixin.py:188} INFO - [2025-06-12T14:17:20.972+0000] {dagbag.py:540} INFO - Filling up the DagBag from /home/airflow/.local/lib/python3.12/site-packages/airflow/example_dags/example_trigger_target_dag.py
[2025-06-12T14:17:20.975+0000] {processor.py:840} INFO - DAG(s) 'example_trigger_target_dag' retrieved from /home/airflow/.local/lib/python3.12/site-packages/airflow/example_dags/example_trigger_target_dag.py
[2025-06-12T14:17:21.036+0000] {logging_mixin.py:188} INFO - [2025-06-12T14:17:21.036+0000] {dag.py:3096} INFO - Sync 1 DAGs
[2025-06-12T14:17:21.041+0000] {logging_mixin.py:188} INFO - [2025-06-12T14:17:21.041+0000] {dag.py:3954} INFO - Setting next_dagrun for example_trigger_target_dag to None, run_after=None
[2025-06-12T14:17:21.050+0000] {processor.py:183} INFO - Processing /home/airflow/.local/lib/python3.12/site-packages/airflow/example_dags/example_trigger_target_dag.py took 0.084 seconds
[2025-06-12T14:17:51.609+0000] {processor.py:161} INFO - Started process (PID=350) to work on /home/airflow/.local/lib/python3.12/site-packages/airflow/example_dags/example_trigger_target_dag.py
[2025-06-12T14:17:51.610+0000] {processor.py:830} INFO - Processing file /home/airflow/.local/lib/python3.12/site-packages/airflow/example_dags/example_trigger_target_dag.py for tasks to queue
[2025-06-12T14:17:51.611+0000] {logging_mixin.py:188} INFO - [2025-06-12T14:17:51.610+0000] {dagbag.py:540} INFO - Filling up the DagBag from /home/airflow/.local/lib/python3.12/site-packages/airflow/example_dags/example_trigger_target_dag.py
[2025-06-12T14:17:51.613+0000] {processor.py:840} INFO - DAG(s) 'example_trigger_target_dag' retrieved from /home/airflow/.local/lib/python3.12/site-packages/airflow/example_dags/example_trigger_target_dag.py
[2025-06-12T14:17:51.622+0000] {logging_mixin.py:188} INFO - [2025-06-12T14:17:51.622+0000] {dag.py:3096} INFO - Sync 1 DAGs
[2025-06-12T14:17:51.627+0000] {logging_mixin.py:188} INFO - [2025-06-12T14:17:51.627+0000] {dag.py:3954} INFO - Setting next_dagrun for example_trigger_target_dag to None, run_after=None
[2025-06-12T14:17:51.634+0000] {processor.py:183} INFO - Processing /home/airflow/.local/lib/python3.12/site-packages/airflow/example_dags/example_trigger_target_dag.py took 0.028 seconds
[2025-06-12T14:18:38.114+0000] {processor.py:161} INFO - Started process (PID=68) to work on /home/airflow/.local/lib/python3.12/site-packages/airflow/example_dags/example_trigger_target_dag.py
[2025-06-12T14:18:38.115+0000] {processor.py:830} INFO - Processing file /home/airflow/.local/lib/python3.12/site-packages/airflow/example_dags/example_trigger_target_dag.py for tasks to queue
[2025-06-12T14:18:38.116+0000] {logging_mixin.py:188} INFO - [2025-06-12T14:18:38.116+0000] {dagbag.py:540} INFO - Filling up the DagBag from /home/airflow/.local/lib/python3.12/site-packages/airflow/example_dags/example_trigger_target_dag.py
[2025-06-12T14:18:38.120+0000] {processor.py:840} INFO - DAG(s) 'example_trigger_target_dag' retrieved from /home/airflow/.local/lib/python3.12/site-packages/airflow/example_dags/example_trigger_target_dag.py
[2025-06-12T14:18:38.134+0000] {logging_mixin.py:188} INFO - [2025-06-12T14:18:38.134+0000] {dag.py:3096} INFO - Sync 1 DAGs
[2025-06-12T14:18:38.142+0000] {logging_mixin.py:188} INFO - [2025-06-12T14:18:38.142+0000] {dag.py:3954} INFO - Setting next_dagrun for example_trigger_target_dag to None, run_after=None
[2025-06-12T14:18:38.155+0000] {processor.py:183} INFO - Processing /home/airflow/.local/lib/python3.12/site-packages/airflow/example_dags/example_trigger_target_dag.py took 0.044 seconds
[2025-06-12T14:19:08.167+0000] {processor.py:161} INFO - Started process (PID=134) to work on /home/airflow/.local/lib/python3.12/site-packages/airflow/example_dags/example_trigger_target_dag.py
[2025-06-12T14:19:08.168+0000] {processor.py:830} INFO - Processing file /home/airflow/.local/lib/python3.12/site-packages/airflow/example_dags/example_trigger_target_dag.py for tasks to queue
[2025-06-12T14:19:08.169+0000] {logging_mixin.py:188} INFO - [2025-06-12T14:19:08.169+0000] {dagbag.py:540} INFO - Filling up the DagBag from /home/airflow/.local/lib/python3.12/site-packages/airflow/example_dags/example_trigger_target_dag.py
[2025-06-12T14:19:08.171+0000] {processor.py:840} INFO - DAG(s) 'example_trigger_target_dag' retrieved from /home/airflow/.local/lib/python3.12/site-packages/airflow/example_dags/example_trigger_target_dag.py
[2025-06-12T14:19:08.178+0000] {logging_mixin.py:188} INFO - [2025-06-12T14:19:08.178+0000] {dag.py:3096} INFO - Sync 1 DAGs
[2025-06-12T14:19:08.185+0000] {logging_mixin.py:188} INFO - [2025-06-12T14:19:08.185+0000] {dag.py:3954} INFO - Setting next_dagrun for example_trigger_target_dag to None, run_after=None
[2025-06-12T14:19:08.193+0000] {processor.py:183} INFO - Processing /home/airflow/.local/lib/python3.12/site-packages/airflow/example_dags/example_trigger_target_dag.py took 0.029 seconds
[2025-06-12T14:19:38.461+0000] {processor.py:161} INFO - Started process (PID=208) to work on /home/airflow/.local/lib/python3.12/site-packages/airflow/example_dags/example_trigger_target_dag.py
[2025-06-12T14:19:38.462+0000] {processor.py:830} INFO - Processing file /home/airflow/.local/lib/python3.12/site-packages/airflow/example_dags/example_trigger_target_dag.py for tasks to queue
[2025-06-12T14:19:38.464+0000] {logging_mixin.py:188} INFO - [2025-06-12T14:19:38.464+0000] {dagbag.py:540} INFO - Filling up the DagBag from /home/airflow/.local/lib/python3.12/site-packages/airflow/example_dags/example_trigger_target_dag.py
[2025-06-12T14:19:38.466+0000] {processor.py:840} INFO - DAG(s) 'example_trigger_target_dag' retrieved from /home/airflow/.local/lib/python3.12/site-packages/airflow/example_dags/example_trigger_target_dag.py
[2025-06-12T14:19:38.510+0000] {logging_mixin.py:188} INFO - [2025-06-12T14:19:38.510+0000] {dag.py:3096} INFO - Sync 1 DAGs
[2025-06-12T14:19:38.514+0000] {logging_mixin.py:188} INFO - [2025-06-12T14:19:38.514+0000] {dag.py:3954} INFO - Setting next_dagrun for example_trigger_target_dag to None, run_after=None
[2025-06-12T14:19:38.527+0000] {processor.py:183} INFO - Processing /home/airflow/.local/lib/python3.12/site-packages/airflow/example_dags/example_trigger_target_dag.py took 0.068 seconds
[2025-06-12T14:20:08.705+0000] {processor.py:161} INFO - Started process (PID=282) to work on /home/airflow/.local/lib/python3.12/site-packages/airflow/example_dags/example_trigger_target_dag.py
[2025-06-12T14:20:08.706+0000] {processor.py:830} INFO - Processing file /home/airflow/.local/lib/python3.12/site-packages/airflow/example_dags/example_trigger_target_dag.py for tasks to queue
[2025-06-12T14:20:08.709+0000] {logging_mixin.py:188} INFO - [2025-06-12T14:20:08.708+0000] {dagbag.py:540} INFO - Filling up the DagBag from /home/airflow/.local/lib/python3.12/site-packages/airflow/example_dags/example_trigger_target_dag.py
[2025-06-12T14:20:08.713+0000] {processor.py:840} INFO - DAG(s) 'example_trigger_target_dag' retrieved from /home/airflow/.local/lib/python3.12/site-packages/airflow/example_dags/example_trigger_target_dag.py
[2025-06-12T14:20:08.737+0000] {logging_mixin.py:188} INFO - [2025-06-12T14:20:08.737+0000] {dag.py:3096} INFO - Sync 1 DAGs
[2025-06-12T14:20:08.751+0000] {logging_mixin.py:188} INFO - [2025-06-12T14:20:08.751+0000] {dag.py:3954} INFO - Setting next_dagrun for example_trigger_target_dag to None, run_after=None
[2025-06-12T14:20:08.777+0000] {processor.py:183} INFO - Processing /home/airflow/.local/lib/python3.12/site-packages/airflow/example_dags/example_trigger_target_dag.py took 0.075 seconds
[2025-06-12T14:20:39.210+0000] {processor.py:161} INFO - Started process (PID=349) to work on /home/airflow/.local/lib/python3.12/site-packages/airflow/example_dags/example_trigger_target_dag.py
[2025-06-12T14:20:39.212+0000] {processor.py:830} INFO - Processing file /home/airflow/.local/lib/python3.12/site-packages/airflow/example_dags/example_trigger_target_dag.py for tasks to queue
[2025-06-12T14:20:39.212+0000] {logging_mixin.py:188} INFO - [2025-06-12T14:20:39.212+0000] {dagbag.py:540} INFO - Filling up the DagBag from /home/airflow/.local/lib/python3.12/site-packages/airflow/example_dags/example_trigger_target_dag.py
[2025-06-12T14:20:39.215+0000] {processor.py:840} INFO - DAG(s) 'example_trigger_target_dag' retrieved from /home/airflow/.local/lib/python3.12/site-packages/airflow/example_dags/example_trigger_target_dag.py
[2025-06-12T14:20:39.227+0000] {logging_mixin.py:188} INFO - [2025-06-12T14:20:39.227+0000] {dag.py:3096} INFO - Sync 1 DAGs
[2025-06-12T14:20:39.233+0000] {logging_mixin.py:188} INFO - [2025-06-12T14:20:39.233+0000] {dag.py:3954} INFO - Setting next_dagrun for example_trigger_target_dag to None, run_after=None
[2025-06-12T14:20:39.242+0000] {processor.py:183} INFO - Processing /home/airflow/.local/lib/python3.12/site-packages/airflow/example_dags/example_trigger_target_dag.py took 0.035 seconds
[2025-06-12T14:21:09.824+0000] {processor.py:161} INFO - Started process (PID=423) to work on /home/airflow/.local/lib/python3.12/site-packages/airflow/example_dags/example_trigger_target_dag.py
[2025-06-12T14:21:09.824+0000] {processor.py:830} INFO - Processing file /home/airflow/.local/lib/python3.12/site-packages/airflow/example_dags/example_trigger_target_dag.py for tasks to queue
[2025-06-12T14:21:09.825+0000] {logging_mixin.py:188} INFO - [2025-06-12T14:21:09.825+0000] {dagbag.py:540} INFO - Filling up the DagBag from /home/airflow/.local/lib/python3.12/site-packages/airflow/example_dags/example_trigger_target_dag.py
[2025-06-12T14:21:09.830+0000] {processor.py:840} INFO - DAG(s) 'example_trigger_target_dag' retrieved from /home/airflow/.local/lib/python3.12/site-packages/airflow/example_dags/example_trigger_target_dag.py
[2025-06-12T14:21:09.843+0000] {logging_mixin.py:188} INFO - [2025-06-12T14:21:09.842+0000] {dag.py:3096} INFO - Sync 1 DAGs
[2025-06-12T14:21:09.853+0000] {logging_mixin.py:188} INFO - [2025-06-12T14:21:09.853+0000] {dag.py:3954} INFO - Setting next_dagrun for example_trigger_target_dag to None, run_after=None
[2025-06-12T14:21:09.864+0000] {processor.py:183} INFO - Processing /home/airflow/.local/lib/python3.12/site-packages/airflow/example_dags/example_trigger_target_dag.py took 0.043 seconds
[2025-06-12T14:21:40.421+0000] {processor.py:161} INFO - Started process (PID=489) to work on /home/airflow/.local/lib/python3.12/site-packages/airflow/example_dags/example_trigger_target_dag.py
[2025-06-12T14:21:40.422+0000] {processor.py:830} INFO - Processing file /home/airflow/.local/lib/python3.12/site-packages/airflow/example_dags/example_trigger_target_dag.py for tasks to queue
[2025-06-12T14:21:40.424+0000] {logging_mixin.py:188} INFO - [2025-06-12T14:21:40.424+0000] {dagbag.py:540} INFO - Filling up the DagBag from /home/airflow/.local/lib/python3.12/site-packages/airflow/example_dags/example_trigger_target_dag.py
[2025-06-12T14:21:40.428+0000] {processor.py:840} INFO - DAG(s) 'example_trigger_target_dag' retrieved from /home/airflow/.local/lib/python3.12/site-packages/airflow/example_dags/example_trigger_target_dag.py
[2025-06-12T14:21:40.441+0000] {logging_mixin.py:188} INFO - [2025-06-12T14:21:40.441+0000] {dag.py:3096} INFO - Sync 1 DAGs
[2025-06-12T14:21:40.456+0000] {logging_mixin.py:188} INFO - [2025-06-12T14:21:40.456+0000] {dag.py:3954} INFO - Setting next_dagrun for example_trigger_target_dag to None, run_after=None
[2025-06-12T14:21:40.469+0000] {processor.py:183} INFO - Processing /home/airflow/.local/lib/python3.12/site-packages/airflow/example_dags/example_trigger_target_dag.py took 0.051 seconds
[2025-06-12T14:22:11.386+0000] {processor.py:161} INFO - Started process (PID=563) to work on /home/airflow/.local/lib/python3.12/site-packages/airflow/example_dags/example_trigger_target_dag.py
[2025-06-12T14:22:11.387+0000] {processor.py:830} INFO - Processing file /home/airflow/.local/lib/python3.12/site-packages/airflow/example_dags/example_trigger_target_dag.py for tasks to queue
[2025-06-12T14:22:11.388+0000] {logging_mixin.py:188} INFO - [2025-06-12T14:22:11.388+0000] {dagbag.py:540} INFO - Filling up the DagBag from /home/airflow/.local/lib/python3.12/site-packages/airflow/example_dags/example_trigger_target_dag.py
[2025-06-12T14:22:11.391+0000] {processor.py:840} INFO - DAG(s) 'example_trigger_target_dag' retrieved from /home/airflow/.local/lib/python3.12/site-packages/airflow/example_dags/example_trigger_target_dag.py
[2025-06-12T14:22:11.400+0000] {logging_mixin.py:188} INFO - [2025-06-12T14:22:11.400+0000] {dag.py:3096} INFO - Sync 1 DAGs
[2025-06-12T14:22:11.405+0000] {logging_mixin.py:188} INFO - [2025-06-12T14:22:11.405+0000] {dag.py:3954} INFO - Setting next_dagrun for example_trigger_target_dag to None, run_after=None
[2025-06-12T14:22:11.412+0000] {processor.py:183} INFO - Processing /home/airflow/.local/lib/python3.12/site-packages/airflow/example_dags/example_trigger_target_dag.py took 0.028 seconds
[2025-06-12T14:22:41.578+0000] {processor.py:161} INFO - Started process (PID=637) to work on /home/airflow/.local/lib/python3.12/site-packages/airflow/example_dags/example_trigger_target_dag.py
[2025-06-12T14:22:41.578+0000] {processor.py:830} INFO - Processing file /home/airflow/.local/lib/python3.12/site-packages/airflow/example_dags/example_trigger_target_dag.py for tasks to queue
[2025-06-12T14:22:41.579+0000] {logging_mixin.py:188} INFO - [2025-06-12T14:22:41.579+0000] {dagbag.py:540} INFO - Filling up the DagBag from /home/airflow/.local/lib/python3.12/site-packages/airflow/example_dags/example_trigger_target_dag.py
[2025-06-12T14:22:41.582+0000] {processor.py:840} INFO - DAG(s) 'example_trigger_target_dag' retrieved from /home/airflow/.local/lib/python3.12/site-packages/airflow/example_dags/example_trigger_target_dag.py
[2025-06-12T14:22:41.596+0000] {logging_mixin.py:188} INFO - [2025-06-12T14:22:41.596+0000] {dag.py:3096} INFO - Sync 1 DAGs
[2025-06-12T14:22:41.602+0000] {logging_mixin.py:188} INFO - [2025-06-12T14:22:41.602+0000] {dag.py:3954} INFO - Setting next_dagrun for example_trigger_target_dag to None, run_after=None
[2025-06-12T14:22:41.613+0000] {processor.py:183} INFO - Processing /home/airflow/.local/lib/python3.12/site-packages/airflow/example_dags/example_trigger_target_dag.py took 0.038 seconds
[2025-06-12T14:23:11.893+0000] {processor.py:161} INFO - Started process (PID=704) to work on /home/airflow/.local/lib/python3.12/site-packages/airflow/example_dags/example_trigger_target_dag.py
[2025-06-12T14:23:11.895+0000] {processor.py:830} INFO - Processing file /home/airflow/.local/lib/python3.12/site-packages/airflow/example_dags/example_trigger_target_dag.py for tasks to queue
[2025-06-12T14:23:11.895+0000] {logging_mixin.py:188} INFO - [2025-06-12T14:23:11.895+0000] {dagbag.py:540} INFO - Filling up the DagBag from /home/airflow/.local/lib/python3.12/site-packages/airflow/example_dags/example_trigger_target_dag.py
[2025-06-12T14:23:11.898+0000] {processor.py:840} INFO - DAG(s) 'example_trigger_target_dag' retrieved from /home/airflow/.local/lib/python3.12/site-packages/airflow/example_dags/example_trigger_target_dag.py
[2025-06-12T14:23:11.913+0000] {logging_mixin.py:188} INFO - [2025-06-12T14:23:11.913+0000] {dag.py:3096} INFO - Sync 1 DAGs
[2025-06-12T14:23:11.919+0000] {logging_mixin.py:188} INFO - [2025-06-12T14:23:11.918+0000] {dag.py:3954} INFO - Setting next_dagrun for example_trigger_target_dag to None, run_after=None
[2025-06-12T14:23:11.929+0000] {processor.py:183} INFO - Processing /home/airflow/.local/lib/python3.12/site-packages/airflow/example_dags/example_trigger_target_dag.py took 0.040 seconds
[2025-06-12T14:23:42.015+0000] {processor.py:161} INFO - Started process (PID=778) to work on /home/airflow/.local/lib/python3.12/site-packages/airflow/example_dags/example_trigger_target_dag.py
[2025-06-12T14:23:42.016+0000] {processor.py:830} INFO - Processing file /home/airflow/.local/lib/python3.12/site-packages/airflow/example_dags/example_trigger_target_dag.py for tasks to queue
[2025-06-12T14:23:42.017+0000] {logging_mixin.py:188} INFO - [2025-06-12T14:23:42.017+0000] {dagbag.py:540} INFO - Filling up the DagBag from /home/airflow/.local/lib/python3.12/site-packages/airflow/example_dags/example_trigger_target_dag.py
[2025-06-12T14:23:42.019+0000] {processor.py:840} INFO - DAG(s) 'example_trigger_target_dag' retrieved from /home/airflow/.local/lib/python3.12/site-packages/airflow/example_dags/example_trigger_target_dag.py
[2025-06-12T14:23:42.030+0000] {logging_mixin.py:188} INFO - [2025-06-12T14:23:42.030+0000] {dag.py:3096} INFO - Sync 1 DAGs
[2025-06-12T14:23:42.035+0000] {logging_mixin.py:188} INFO - [2025-06-12T14:23:42.035+0000] {dag.py:3954} INFO - Setting next_dagrun for example_trigger_target_dag to None, run_after=None
[2025-06-12T14:23:42.042+0000] {processor.py:183} INFO - Processing /home/airflow/.local/lib/python3.12/site-packages/airflow/example_dags/example_trigger_target_dag.py took 0.030 seconds
[2025-06-12T14:24:12.506+0000] {processor.py:161} INFO - Started process (PID=852) to work on /home/airflow/.local/lib/python3.12/site-packages/airflow/example_dags/example_trigger_target_dag.py
[2025-06-12T14:24:12.508+0000] {processor.py:830} INFO - Processing file /home/airflow/.local/lib/python3.12/site-packages/airflow/example_dags/example_trigger_target_dag.py for tasks to queue
[2025-06-12T14:24:12.509+0000] {logging_mixin.py:188} INFO - [2025-06-12T14:24:12.509+0000] {dagbag.py:540} INFO - Filling up the DagBag from /home/airflow/.local/lib/python3.12/site-packages/airflow/example_dags/example_trigger_target_dag.py
[2025-06-12T14:24:12.512+0000] {processor.py:840} INFO - DAG(s) 'example_trigger_target_dag' retrieved from /home/airflow/.local/lib/python3.12/site-packages/airflow/example_dags/example_trigger_target_dag.py
[2025-06-12T14:24:12.523+0000] {logging_mixin.py:188} INFO - [2025-06-12T14:24:12.523+0000] {dag.py:3096} INFO - Sync 1 DAGs
[2025-06-12T14:24:12.530+0000] {logging_mixin.py:188} INFO - [2025-06-12T14:24:12.529+0000] {dag.py:3954} INFO - Setting next_dagrun for example_trigger_target_dag to None, run_after=None
[2025-06-12T14:24:12.540+0000] {processor.py:183} INFO - Processing /home/airflow/.local/lib/python3.12/site-packages/airflow/example_dags/example_trigger_target_dag.py took 0.036 seconds
[2025-06-12T14:24:43.380+0000] {processor.py:161} INFO - Started process (PID=919) to work on /home/airflow/.local/lib/python3.12/site-packages/airflow/example_dags/example_trigger_target_dag.py
[2025-06-12T14:24:43.380+0000] {processor.py:830} INFO - Processing file /home/airflow/.local/lib/python3.12/site-packages/airflow/example_dags/example_trigger_target_dag.py for tasks to queue
[2025-06-12T14:24:43.381+0000] {logging_mixin.py:188} INFO - [2025-06-12T14:24:43.381+0000] {dagbag.py:540} INFO - Filling up the DagBag from /home/airflow/.local/lib/python3.12/site-packages/airflow/example_dags/example_trigger_target_dag.py
[2025-06-12T14:24:43.384+0000] {processor.py:840} INFO - DAG(s) 'example_trigger_target_dag' retrieved from /home/airflow/.local/lib/python3.12/site-packages/airflow/example_dags/example_trigger_target_dag.py
[2025-06-12T14:24:43.396+0000] {logging_mixin.py:188} INFO - [2025-06-12T14:24:43.396+0000] {dag.py:3096} INFO - Sync 1 DAGs
[2025-06-12T14:24:43.401+0000] {logging_mixin.py:188} INFO - [2025-06-12T14:24:43.401+0000] {dag.py:3954} INFO - Setting next_dagrun for example_trigger_target_dag to None, run_after=None
[2025-06-12T14:24:43.417+0000] {processor.py:183} INFO - Processing /home/airflow/.local/lib/python3.12/site-packages/airflow/example_dags/example_trigger_target_dag.py took 0.040 seconds
[2025-06-12T14:25:13.739+0000] {processor.py:161} INFO - Started process (PID=993) to work on /home/airflow/.local/lib/python3.12/site-packages/airflow/example_dags/example_trigger_target_dag.py
[2025-06-12T14:25:13.741+0000] {processor.py:830} INFO - Processing file /home/airflow/.local/lib/python3.12/site-packages/airflow/example_dags/example_trigger_target_dag.py for tasks to queue
[2025-06-12T14:25:13.742+0000] {logging_mixin.py:188} INFO - [2025-06-12T14:25:13.741+0000] {dagbag.py:540} INFO - Filling up the DagBag from /home/airflow/.local/lib/python3.12/site-packages/airflow/example_dags/example_trigger_target_dag.py
[2025-06-12T14:25:13.744+0000] {processor.py:840} INFO - DAG(s) 'example_trigger_target_dag' retrieved from /home/airflow/.local/lib/python3.12/site-packages/airflow/example_dags/example_trigger_target_dag.py
[2025-06-12T14:25:13.760+0000] {logging_mixin.py:188} INFO - [2025-06-12T14:25:13.760+0000] {dag.py:3096} INFO - Sync 1 DAGs
[2025-06-12T14:25:13.766+0000] {logging_mixin.py:188} INFO - [2025-06-12T14:25:13.766+0000] {dag.py:3954} INFO - Setting next_dagrun for example_trigger_target_dag to None, run_after=None
[2025-06-12T14:25:13.777+0000] {processor.py:183} INFO - Processing /home/airflow/.local/lib/python3.12/site-packages/airflow/example_dags/example_trigger_target_dag.py took 0.041 seconds
[2025-06-12T14:25:44.397+0000] {processor.py:161} INFO - Started process (PID=1067) to work on /home/airflow/.local/lib/python3.12/site-packages/airflow/example_dags/example_trigger_target_dag.py
[2025-06-12T14:25:44.398+0000] {processor.py:830} INFO - Processing file /home/airflow/.local/lib/python3.12/site-packages/airflow/example_dags/example_trigger_target_dag.py for tasks to queue
[2025-06-12T14:25:44.400+0000] {logging_mixin.py:188} INFO - [2025-06-12T14:25:44.400+0000] {dagbag.py:540} INFO - Filling up the DagBag from /home/airflow/.local/lib/python3.12/site-packages/airflow/example_dags/example_trigger_target_dag.py
[2025-06-12T14:25:44.403+0000] {processor.py:840} INFO - DAG(s) 'example_trigger_target_dag' retrieved from /home/airflow/.local/lib/python3.12/site-packages/airflow/example_dags/example_trigger_target_dag.py
[2025-06-12T14:25:44.416+0000] {logging_mixin.py:188} INFO - [2025-06-12T14:25:44.416+0000] {dag.py:3096} INFO - Sync 1 DAGs
[2025-06-12T14:25:44.421+0000] {logging_mixin.py:188} INFO - [2025-06-12T14:25:44.421+0000] {dag.py:3954} INFO - Setting next_dagrun for example_trigger_target_dag to None, run_after=None
[2025-06-12T14:25:44.435+0000] {processor.py:183} INFO - Processing /home/airflow/.local/lib/python3.12/site-packages/airflow/example_dags/example_trigger_target_dag.py took 0.047 seconds
[2025-06-12T14:26:15.423+0000] {processor.py:161} INFO - Started process (PID=1134) to work on /home/airflow/.local/lib/python3.12/site-packages/airflow/example_dags/example_trigger_target_dag.py
[2025-06-12T14:26:15.424+0000] {processor.py:830} INFO - Processing file /home/airflow/.local/lib/python3.12/site-packages/airflow/example_dags/example_trigger_target_dag.py for tasks to queue
[2025-06-12T14:26:15.425+0000] {logging_mixin.py:188} INFO - [2025-06-12T14:26:15.425+0000] {dagbag.py:540} INFO - Filling up the DagBag from /home/airflow/.local/lib/python3.12/site-packages/airflow/example_dags/example_trigger_target_dag.py
[2025-06-12T14:26:15.428+0000] {processor.py:840} INFO - DAG(s) 'example_trigger_target_dag' retrieved from /home/airflow/.local/lib/python3.12/site-packages/airflow/example_dags/example_trigger_target_dag.py
[2025-06-12T14:26:15.448+0000] {logging_mixin.py:188} INFO - [2025-06-12T14:26:15.448+0000] {dag.py:3096} INFO - Sync 1 DAGs
[2025-06-12T14:26:15.457+0000] {logging_mixin.py:188} INFO - [2025-06-12T14:26:15.456+0000] {dag.py:3954} INFO - Setting next_dagrun for example_trigger_target_dag to None, run_after=None
[2025-06-12T14:26:15.467+0000] {processor.py:183} INFO - Processing /home/airflow/.local/lib/python3.12/site-packages/airflow/example_dags/example_trigger_target_dag.py took 0.048 seconds
[2025-06-12T14:26:45.507+0000] {processor.py:161} INFO - Started process (PID=1208) to work on /home/airflow/.local/lib/python3.12/site-packages/airflow/example_dags/example_trigger_target_dag.py
[2025-06-12T14:26:45.508+0000] {processor.py:830} INFO - Processing file /home/airflow/.local/lib/python3.12/site-packages/airflow/example_dags/example_trigger_target_dag.py for tasks to queue
[2025-06-12T14:26:45.509+0000] {logging_mixin.py:188} INFO - [2025-06-12T14:26:45.509+0000] {dagbag.py:540} INFO - Filling up the DagBag from /home/airflow/.local/lib/python3.12/site-packages/airflow/example_dags/example_trigger_target_dag.py
[2025-06-12T14:26:45.512+0000] {processor.py:840} INFO - DAG(s) 'example_trigger_target_dag' retrieved from /home/airflow/.local/lib/python3.12/site-packages/airflow/example_dags/example_trigger_target_dag.py
[2025-06-12T14:26:45.521+0000] {logging_mixin.py:188} INFO - [2025-06-12T14:26:45.521+0000] {dag.py:3096} INFO - Sync 1 DAGs
[2025-06-12T14:26:45.526+0000] {logging_mixin.py:188} INFO - [2025-06-12T14:26:45.526+0000] {dag.py:3954} INFO - Setting next_dagrun for example_trigger_target_dag to None, run_after=None
[2025-06-12T14:26:45.534+0000] {processor.py:183} INFO - Processing /home/airflow/.local/lib/python3.12/site-packages/airflow/example_dags/example_trigger_target_dag.py took 0.029 seconds
[2025-06-12T14:27:15.721+0000] {processor.py:161} INFO - Started process (PID=1275) to work on /home/airflow/.local/lib/python3.12/site-packages/airflow/example_dags/example_trigger_target_dag.py
[2025-06-12T14:27:15.722+0000] {processor.py:830} INFO - Processing file /home/airflow/.local/lib/python3.12/site-packages/airflow/example_dags/example_trigger_target_dag.py for tasks to queue
[2025-06-12T14:27:15.723+0000] {logging_mixin.py:188} INFO - [2025-06-12T14:27:15.723+0000] {dagbag.py:540} INFO - Filling up the DagBag from /home/airflow/.local/lib/python3.12/site-packages/airflow/example_dags/example_trigger_target_dag.py
[2025-06-12T14:27:15.725+0000] {processor.py:840} INFO - DAG(s) 'example_trigger_target_dag' retrieved from /home/airflow/.local/lib/python3.12/site-packages/airflow/example_dags/example_trigger_target_dag.py
[2025-06-12T14:27:15.741+0000] {logging_mixin.py:188} INFO - [2025-06-12T14:27:15.741+0000] {dag.py:3096} INFO - Sync 1 DAGs
[2025-06-12T14:27:15.745+0000] {logging_mixin.py:188} INFO - [2025-06-12T14:27:15.745+0000] {dag.py:3954} INFO - Setting next_dagrun for example_trigger_target_dag to None, run_after=None
[2025-06-12T14:27:15.754+0000] {processor.py:183} INFO - Processing /home/airflow/.local/lib/python3.12/site-packages/airflow/example_dags/example_trigger_target_dag.py took 0.035 seconds
[2025-06-12T14:27:46.103+0000] {processor.py:161} INFO - Started process (PID=1349) to work on /home/airflow/.local/lib/python3.12/site-packages/airflow/example_dags/example_trigger_target_dag.py
[2025-06-12T14:27:46.106+0000] {processor.py:830} INFO - Processing file /home/airflow/.local/lib/python3.12/site-packages/airflow/example_dags/example_trigger_target_dag.py for tasks to queue
[2025-06-12T14:27:46.108+0000] {logging_mixin.py:188} INFO - [2025-06-12T14:27:46.107+0000] {dagbag.py:540} INFO - Filling up the DagBag from /home/airflow/.local/lib/python3.12/site-packages/airflow/example_dags/example_trigger_target_dag.py
[2025-06-12T14:27:46.112+0000] {processor.py:840} INFO - DAG(s) 'example_trigger_target_dag' retrieved from /home/airflow/.local/lib/python3.12/site-packages/airflow/example_dags/example_trigger_target_dag.py
[2025-06-12T14:27:46.229+0000] {logging_mixin.py:188} INFO - [2025-06-12T14:27:46.228+0000] {dag.py:3096} INFO - Sync 1 DAGs
[2025-06-12T14:27:46.233+0000] {logging_mixin.py:188} INFO - [2025-06-12T14:27:46.233+0000] {dag.py:3954} INFO - Setting next_dagrun for example_trigger_target_dag to None, run_after=None
[2025-06-12T14:27:46.245+0000] {processor.py:183} INFO - Processing /home/airflow/.local/lib/python3.12/site-packages/airflow/example_dags/example_trigger_target_dag.py took 0.145 seconds
[2025-06-12T14:35:52.796+0000] {processor.py:161} INFO - Started process (PID=67) to work on /home/airflow/.local/lib/python3.12/site-packages/airflow/example_dags/example_trigger_target_dag.py
[2025-06-12T14:35:52.797+0000] {processor.py:830} INFO - Processing file /home/airflow/.local/lib/python3.12/site-packages/airflow/example_dags/example_trigger_target_dag.py for tasks to queue
[2025-06-12T14:35:52.798+0000] {logging_mixin.py:188} INFO - [2025-06-12T14:35:52.798+0000] {dagbag.py:540} INFO - Filling up the DagBag from /home/airflow/.local/lib/python3.12/site-packages/airflow/example_dags/example_trigger_target_dag.py
[2025-06-12T14:35:52.805+0000] {processor.py:840} INFO - DAG(s) 'example_trigger_target_dag' retrieved from /home/airflow/.local/lib/python3.12/site-packages/airflow/example_dags/example_trigger_target_dag.py
[2025-06-12T14:35:52.821+0000] {logging_mixin.py:188} INFO - [2025-06-12T14:35:52.821+0000] {dag.py:3096} INFO - Sync 1 DAGs
[2025-06-12T14:35:52.845+0000] {logging_mixin.py:188} INFO - [2025-06-12T14:35:52.845+0000] {dag.py:3954} INFO - Setting next_dagrun for example_trigger_target_dag to None, run_after=None
[2025-06-12T14:35:52.875+0000] {processor.py:183} INFO - Processing /home/airflow/.local/lib/python3.12/site-packages/airflow/example_dags/example_trigger_target_dag.py took 0.083 seconds
[2025-06-12T14:36:22.899+0000] {processor.py:161} INFO - Started process (PID=134) to work on /home/airflow/.local/lib/python3.12/site-packages/airflow/example_dags/example_trigger_target_dag.py
[2025-06-12T14:36:22.900+0000] {processor.py:830} INFO - Processing file /home/airflow/.local/lib/python3.12/site-packages/airflow/example_dags/example_trigger_target_dag.py for tasks to queue
[2025-06-12T14:36:22.902+0000] {logging_mixin.py:188} INFO - [2025-06-12T14:36:22.902+0000] {dagbag.py:540} INFO - Filling up the DagBag from /home/airflow/.local/lib/python3.12/site-packages/airflow/example_dags/example_trigger_target_dag.py
[2025-06-12T14:36:22.906+0000] {processor.py:840} INFO - DAG(s) 'example_trigger_target_dag' retrieved from /home/airflow/.local/lib/python3.12/site-packages/airflow/example_dags/example_trigger_target_dag.py
[2025-06-12T14:36:22.954+0000] {logging_mixin.py:188} INFO - [2025-06-12T14:36:22.954+0000] {dag.py:3096} INFO - Sync 1 DAGs
[2025-06-12T14:36:22.960+0000] {logging_mixin.py:188} INFO - [2025-06-12T14:36:22.960+0000] {dag.py:3954} INFO - Setting next_dagrun for example_trigger_target_dag to None, run_after=None
[2025-06-12T14:36:22.973+0000] {processor.py:183} INFO - Processing /home/airflow/.local/lib/python3.12/site-packages/airflow/example_dags/example_trigger_target_dag.py took 0.076 seconds
[2025-06-12T14:36:53.203+0000] {processor.py:161} INFO - Started process (PID=207) to work on /home/airflow/.local/lib/python3.12/site-packages/airflow/example_dags/example_trigger_target_dag.py
[2025-06-12T14:36:53.204+0000] {processor.py:830} INFO - Processing file /home/airflow/.local/lib/python3.12/site-packages/airflow/example_dags/example_trigger_target_dag.py for tasks to queue
[2025-06-12T14:36:53.204+0000] {logging_mixin.py:188} INFO - [2025-06-12T14:36:53.204+0000] {dagbag.py:540} INFO - Filling up the DagBag from /home/airflow/.local/lib/python3.12/site-packages/airflow/example_dags/example_trigger_target_dag.py
[2025-06-12T14:36:53.207+0000] {processor.py:840} INFO - DAG(s) 'example_trigger_target_dag' retrieved from /home/airflow/.local/lib/python3.12/site-packages/airflow/example_dags/example_trigger_target_dag.py
[2025-06-12T14:36:53.218+0000] {logging_mixin.py:188} INFO - [2025-06-12T14:36:53.218+0000] {dag.py:3096} INFO - Sync 1 DAGs
[2025-06-12T14:36:53.223+0000] {logging_mixin.py:188} INFO - [2025-06-12T14:36:53.223+0000] {dag.py:3954} INFO - Setting next_dagrun for example_trigger_target_dag to None, run_after=None
[2025-06-12T14:36:53.235+0000] {processor.py:183} INFO - Processing /home/airflow/.local/lib/python3.12/site-packages/airflow/example_dags/example_trigger_target_dag.py took 0.035 seconds
[2025-06-12T14:37:24.666+0000] {processor.py:161} INFO - Started process (PID=281) to work on /home/airflow/.local/lib/python3.12/site-packages/airflow/example_dags/example_trigger_target_dag.py
[2025-06-12T14:37:24.668+0000] {processor.py:830} INFO - Processing file /home/airflow/.local/lib/python3.12/site-packages/airflow/example_dags/example_trigger_target_dag.py for tasks to queue
[2025-06-12T14:37:24.670+0000] {logging_mixin.py:188} INFO - [2025-06-12T14:37:24.669+0000] {dagbag.py:540} INFO - Filling up the DagBag from /home/airflow/.local/lib/python3.12/site-packages/airflow/example_dags/example_trigger_target_dag.py
[2025-06-12T14:37:24.675+0000] {processor.py:840} INFO - DAG(s) 'example_trigger_target_dag' retrieved from /home/airflow/.local/lib/python3.12/site-packages/airflow/example_dags/example_trigger_target_dag.py
[2025-06-12T14:37:24.693+0000] {logging_mixin.py:188} INFO - [2025-06-12T14:37:24.693+0000] {dag.py:3096} INFO - Sync 1 DAGs
[2025-06-12T14:37:24.701+0000] {logging_mixin.py:188} INFO - [2025-06-12T14:37:24.701+0000] {dag.py:3954} INFO - Setting next_dagrun for example_trigger_target_dag to None, run_after=None
[2025-06-12T14:37:24.729+0000] {processor.py:183} INFO - Processing /home/airflow/.local/lib/python3.12/site-packages/airflow/example_dags/example_trigger_target_dag.py took 0.069 seconds
[2025-06-12T14:37:55.069+0000] {processor.py:161} INFO - Started process (PID=348) to work on /home/airflow/.local/lib/python3.12/site-packages/airflow/example_dags/example_trigger_target_dag.py
[2025-06-12T14:37:55.069+0000] {processor.py:830} INFO - Processing file /home/airflow/.local/lib/python3.12/site-packages/airflow/example_dags/example_trigger_target_dag.py for tasks to queue
[2025-06-12T14:37:55.070+0000] {logging_mixin.py:188} INFO - [2025-06-12T14:37:55.070+0000] {dagbag.py:540} INFO - Filling up the DagBag from /home/airflow/.local/lib/python3.12/site-packages/airflow/example_dags/example_trigger_target_dag.py
[2025-06-12T14:37:55.073+0000] {processor.py:840} INFO - DAG(s) 'example_trigger_target_dag' retrieved from /home/airflow/.local/lib/python3.12/site-packages/airflow/example_dags/example_trigger_target_dag.py
[2025-06-12T14:37:55.087+0000] {logging_mixin.py:188} INFO - [2025-06-12T14:37:55.087+0000] {dag.py:3096} INFO - Sync 1 DAGs
[2025-06-12T14:37:55.093+0000] {logging_mixin.py:188} INFO - [2025-06-12T14:37:55.093+0000] {dag.py:3954} INFO - Setting next_dagrun for example_trigger_target_dag to None, run_after=None
[2025-06-12T14:37:55.106+0000] {processor.py:183} INFO - Processing /home/airflow/.local/lib/python3.12/site-packages/airflow/example_dags/example_trigger_target_dag.py took 0.040 seconds
[2025-06-12T14:38:25.694+0000] {processor.py:161} INFO - Started process (PID=423) to work on /home/airflow/.local/lib/python3.12/site-packages/airflow/example_dags/example_trigger_target_dag.py
[2025-06-12T14:38:25.695+0000] {processor.py:830} INFO - Processing file /home/airflow/.local/lib/python3.12/site-packages/airflow/example_dags/example_trigger_target_dag.py for tasks to queue
[2025-06-12T14:38:25.700+0000] {logging_mixin.py:188} INFO - [2025-06-12T14:38:25.700+0000] {dagbag.py:540} INFO - Filling up the DagBag from /home/airflow/.local/lib/python3.12/site-packages/airflow/example_dags/example_trigger_target_dag.py
[2025-06-12T14:38:25.705+0000] {processor.py:840} INFO - DAG(s) 'example_trigger_target_dag' retrieved from /home/airflow/.local/lib/python3.12/site-packages/airflow/example_dags/example_trigger_target_dag.py
[2025-06-12T14:38:25.722+0000] {logging_mixin.py:188} INFO - [2025-06-12T14:38:25.722+0000] {dag.py:3096} INFO - Sync 1 DAGs
[2025-06-12T14:38:25.729+0000] {logging_mixin.py:188} INFO - [2025-06-12T14:38:25.729+0000] {dag.py:3954} INFO - Setting next_dagrun for example_trigger_target_dag to None, run_after=None
[2025-06-12T14:38:25.740+0000] {processor.py:183} INFO - Processing /home/airflow/.local/lib/python3.12/site-packages/airflow/example_dags/example_trigger_target_dag.py took 0.051 seconds
[2025-06-12T14:38:55.771+0000] {processor.py:161} INFO - Started process (PID=490) to work on /home/airflow/.local/lib/python3.12/site-packages/airflow/example_dags/example_trigger_target_dag.py
[2025-06-12T14:38:55.772+0000] {processor.py:830} INFO - Processing file /home/airflow/.local/lib/python3.12/site-packages/airflow/example_dags/example_trigger_target_dag.py for tasks to queue
[2025-06-12T14:38:55.773+0000] {logging_mixin.py:188} INFO - [2025-06-12T14:38:55.773+0000] {dagbag.py:540} INFO - Filling up the DagBag from /home/airflow/.local/lib/python3.12/site-packages/airflow/example_dags/example_trigger_target_dag.py
[2025-06-12T14:38:55.776+0000] {processor.py:840} INFO - DAG(s) 'example_trigger_target_dag' retrieved from /home/airflow/.local/lib/python3.12/site-packages/airflow/example_dags/example_trigger_target_dag.py
[2025-06-12T14:38:55.788+0000] {logging_mixin.py:188} INFO - [2025-06-12T14:38:55.788+0000] {dag.py:3096} INFO - Sync 1 DAGs
[2025-06-12T14:38:55.794+0000] {logging_mixin.py:188} INFO - [2025-06-12T14:38:55.794+0000] {dag.py:3954} INFO - Setting next_dagrun for example_trigger_target_dag to None, run_after=None
[2025-06-12T14:38:55.802+0000] {processor.py:183} INFO - Processing /home/airflow/.local/lib/python3.12/site-packages/airflow/example_dags/example_trigger_target_dag.py took 0.033 seconds
[2025-06-12T14:39:26.225+0000] {processor.py:161} INFO - Started process (PID=564) to work on /home/airflow/.local/lib/python3.12/site-packages/airflow/example_dags/example_trigger_target_dag.py
[2025-06-12T14:39:26.226+0000] {processor.py:830} INFO - Processing file /home/airflow/.local/lib/python3.12/site-packages/airflow/example_dags/example_trigger_target_dag.py for tasks to queue
[2025-06-12T14:39:26.227+0000] {logging_mixin.py:188} INFO - [2025-06-12T14:39:26.227+0000] {dagbag.py:540} INFO - Filling up the DagBag from /home/airflow/.local/lib/python3.12/site-packages/airflow/example_dags/example_trigger_target_dag.py
[2025-06-12T14:39:26.232+0000] {processor.py:840} INFO - DAG(s) 'example_trigger_target_dag' retrieved from /home/airflow/.local/lib/python3.12/site-packages/airflow/example_dags/example_trigger_target_dag.py
[2025-06-12T14:39:26.245+0000] {logging_mixin.py:188} INFO - [2025-06-12T14:39:26.245+0000] {dag.py:3096} INFO - Sync 1 DAGs
[2025-06-12T14:39:26.251+0000] {logging_mixin.py:188} INFO - [2025-06-12T14:39:26.251+0000] {dag.py:3954} INFO - Setting next_dagrun for example_trigger_target_dag to None, run_after=None
[2025-06-12T14:39:26.259+0000] {processor.py:183} INFO - Processing /home/airflow/.local/lib/python3.12/site-packages/airflow/example_dags/example_trigger_target_dag.py took 0.036 seconds
[2025-06-12T14:46:32.328+0000] {processor.py:161} INFO - Started process (PID=69) to work on /home/airflow/.local/lib/python3.12/site-packages/airflow/example_dags/example_trigger_target_dag.py
[2025-06-12T14:46:32.329+0000] {processor.py:830} INFO - Processing file /home/airflow/.local/lib/python3.12/site-packages/airflow/example_dags/example_trigger_target_dag.py for tasks to queue
[2025-06-12T14:46:32.332+0000] {logging_mixin.py:188} INFO - [2025-06-12T14:46:32.331+0000] {dagbag.py:540} INFO - Filling up the DagBag from /home/airflow/.local/lib/python3.12/site-packages/airflow/example_dags/example_trigger_target_dag.py
[2025-06-12T14:46:32.343+0000] {processor.py:840} INFO - DAG(s) 'example_trigger_target_dag' retrieved from /home/airflow/.local/lib/python3.12/site-packages/airflow/example_dags/example_trigger_target_dag.py
[2025-06-12T14:46:32.366+0000] {logging_mixin.py:188} INFO - [2025-06-12T14:46:32.366+0000] {dag.py:3096} INFO - Sync 1 DAGs
[2025-06-12T14:46:32.387+0000] {logging_mixin.py:188} INFO - [2025-06-12T14:46:32.387+0000] {dag.py:3954} INFO - Setting next_dagrun for example_trigger_target_dag to None, run_after=None
[2025-06-12T14:46:32.409+0000] {processor.py:183} INFO - Processing /home/airflow/.local/lib/python3.12/site-packages/airflow/example_dags/example_trigger_target_dag.py took 0.098 seconds
[2025-06-12T14:47:02.530+0000] {processor.py:161} INFO - Started process (PID=136) to work on /home/airflow/.local/lib/python3.12/site-packages/airflow/example_dags/example_trigger_target_dag.py
[2025-06-12T14:47:02.530+0000] {processor.py:830} INFO - Processing file /home/airflow/.local/lib/python3.12/site-packages/airflow/example_dags/example_trigger_target_dag.py for tasks to queue
[2025-06-12T14:47:02.532+0000] {logging_mixin.py:188} INFO - [2025-06-12T14:47:02.531+0000] {dagbag.py:540} INFO - Filling up the DagBag from /home/airflow/.local/lib/python3.12/site-packages/airflow/example_dags/example_trigger_target_dag.py
[2025-06-12T14:47:02.535+0000] {processor.py:840} INFO - DAG(s) 'example_trigger_target_dag' retrieved from /home/airflow/.local/lib/python3.12/site-packages/airflow/example_dags/example_trigger_target_dag.py
[2025-06-12T14:47:02.580+0000] {logging_mixin.py:188} INFO - [2025-06-12T14:47:02.580+0000] {dag.py:3096} INFO - Sync 1 DAGs
[2025-06-12T14:47:02.586+0000] {logging_mixin.py:188} INFO - [2025-06-12T14:47:02.586+0000] {dag.py:3954} INFO - Setting next_dagrun for example_trigger_target_dag to None, run_after=None
[2025-06-12T14:47:02.594+0000] {processor.py:183} INFO - Processing /home/airflow/.local/lib/python3.12/site-packages/airflow/example_dags/example_trigger_target_dag.py took 0.068 seconds
[2025-06-12T14:47:33.225+0000] {processor.py:161} INFO - Started process (PID=209) to work on /home/airflow/.local/lib/python3.12/site-packages/airflow/example_dags/example_trigger_target_dag.py
[2025-06-12T14:47:33.226+0000] {processor.py:830} INFO - Processing file /home/airflow/.local/lib/python3.12/site-packages/airflow/example_dags/example_trigger_target_dag.py for tasks to queue
[2025-06-12T14:47:33.227+0000] {logging_mixin.py:188} INFO - [2025-06-12T14:47:33.227+0000] {dagbag.py:540} INFO - Filling up the DagBag from /home/airflow/.local/lib/python3.12/site-packages/airflow/example_dags/example_trigger_target_dag.py
[2025-06-12T14:47:33.230+0000] {processor.py:840} INFO - DAG(s) 'example_trigger_target_dag' retrieved from /home/airflow/.local/lib/python3.12/site-packages/airflow/example_dags/example_trigger_target_dag.py
[2025-06-12T14:47:33.241+0000] {logging_mixin.py:188} INFO - [2025-06-12T14:47:33.241+0000] {dag.py:3096} INFO - Sync 1 DAGs
[2025-06-12T14:47:33.247+0000] {logging_mixin.py:188} INFO - [2025-06-12T14:47:33.247+0000] {dag.py:3954} INFO - Setting next_dagrun for example_trigger_target_dag to None, run_after=None
[2025-06-12T14:47:33.254+0000] {processor.py:183} INFO - Processing /home/airflow/.local/lib/python3.12/site-packages/airflow/example_dags/example_trigger_target_dag.py took 0.032 seconds
[2025-06-12T14:48:03.285+0000] {processor.py:161} INFO - Started process (PID=276) to work on /home/airflow/.local/lib/python3.12/site-packages/airflow/example_dags/example_trigger_target_dag.py
[2025-06-12T14:48:03.285+0000] {processor.py:830} INFO - Processing file /home/airflow/.local/lib/python3.12/site-packages/airflow/example_dags/example_trigger_target_dag.py for tasks to queue
[2025-06-12T14:48:03.286+0000] {logging_mixin.py:188} INFO - [2025-06-12T14:48:03.286+0000] {dagbag.py:540} INFO - Filling up the DagBag from /home/airflow/.local/lib/python3.12/site-packages/airflow/example_dags/example_trigger_target_dag.py
[2025-06-12T14:48:03.289+0000] {processor.py:840} INFO - DAG(s) 'example_trigger_target_dag' retrieved from /home/airflow/.local/lib/python3.12/site-packages/airflow/example_dags/example_trigger_target_dag.py
[2025-06-12T14:48:03.303+0000] {logging_mixin.py:188} INFO - [2025-06-12T14:48:03.302+0000] {dag.py:3096} INFO - Sync 1 DAGs
[2025-06-12T14:48:03.310+0000] {logging_mixin.py:188} INFO - [2025-06-12T14:48:03.310+0000] {dag.py:3954} INFO - Setting next_dagrun for example_trigger_target_dag to None, run_after=None
[2025-06-12T14:48:03.323+0000] {processor.py:183} INFO - Processing /home/airflow/.local/lib/python3.12/site-packages/airflow/example_dags/example_trigger_target_dag.py took 0.041 seconds
[2025-06-12T15:07:51.037+0000] {processor.py:161} INFO - Started process (PID=69) to work on /home/airflow/.local/lib/python3.12/site-packages/airflow/example_dags/example_trigger_target_dag.py
[2025-06-12T15:07:51.042+0000] {processor.py:830} INFO - Processing file /home/airflow/.local/lib/python3.12/site-packages/airflow/example_dags/example_trigger_target_dag.py for tasks to queue
[2025-06-12T15:07:51.048+0000] {logging_mixin.py:188} INFO - [2025-06-12T15:07:51.047+0000] {dagbag.py:540} INFO - Filling up the DagBag from /home/airflow/.local/lib/python3.12/site-packages/airflow/example_dags/example_trigger_target_dag.py
[2025-06-12T15:07:51.058+0000] {processor.py:840} INFO - DAG(s) 'example_trigger_target_dag' retrieved from /home/airflow/.local/lib/python3.12/site-packages/airflow/example_dags/example_trigger_target_dag.py
[2025-06-12T15:07:51.101+0000] {logging_mixin.py:188} INFO - [2025-06-12T15:07:51.100+0000] {dag.py:3096} INFO - Sync 1 DAGs
[2025-06-12T15:07:51.125+0000] {logging_mixin.py:188} INFO - [2025-06-12T15:07:51.124+0000] {dag.py:3954} INFO - Setting next_dagrun for example_trigger_target_dag to None, run_after=None
[2025-06-12T15:07:51.169+0000] {processor.py:183} INFO - Processing /home/airflow/.local/lib/python3.12/site-packages/airflow/example_dags/example_trigger_target_dag.py took 0.141 seconds
[2025-06-12T15:08:21.928+0000] {processor.py:161} INFO - Started process (PID=136) to work on /home/airflow/.local/lib/python3.12/site-packages/airflow/example_dags/example_trigger_target_dag.py
[2025-06-12T15:08:21.929+0000] {processor.py:830} INFO - Processing file /home/airflow/.local/lib/python3.12/site-packages/airflow/example_dags/example_trigger_target_dag.py for tasks to queue
[2025-06-12T15:08:21.929+0000] {logging_mixin.py:188} INFO - [2025-06-12T15:08:21.929+0000] {dagbag.py:540} INFO - Filling up the DagBag from /home/airflow/.local/lib/python3.12/site-packages/airflow/example_dags/example_trigger_target_dag.py
[2025-06-12T15:08:21.932+0000] {processor.py:840} INFO - DAG(s) 'example_trigger_target_dag' retrieved from /home/airflow/.local/lib/python3.12/site-packages/airflow/example_dags/example_trigger_target_dag.py
[2025-06-12T15:08:21.982+0000] {logging_mixin.py:188} INFO - [2025-06-12T15:08:21.982+0000] {dag.py:3096} INFO - Sync 1 DAGs
[2025-06-12T15:08:21.987+0000] {logging_mixin.py:188} INFO - [2025-06-12T15:08:21.987+0000] {dag.py:3954} INFO - Setting next_dagrun for example_trigger_target_dag to None, run_after=None
[2025-06-12T15:08:21.999+0000] {processor.py:183} INFO - Processing /home/airflow/.local/lib/python3.12/site-packages/airflow/example_dags/example_trigger_target_dag.py took 0.074 seconds
[2025-06-12T15:08:52.936+0000] {processor.py:161} INFO - Started process (PID=210) to work on /home/airflow/.local/lib/python3.12/site-packages/airflow/example_dags/example_trigger_target_dag.py
[2025-06-12T15:08:52.937+0000] {processor.py:830} INFO - Processing file /home/airflow/.local/lib/python3.12/site-packages/airflow/example_dags/example_trigger_target_dag.py for tasks to queue
[2025-06-12T15:08:52.938+0000] {logging_mixin.py:188} INFO - [2025-06-12T15:08:52.938+0000] {dagbag.py:540} INFO - Filling up the DagBag from /home/airflow/.local/lib/python3.12/site-packages/airflow/example_dags/example_trigger_target_dag.py
[2025-06-12T15:08:52.941+0000] {processor.py:840} INFO - DAG(s) 'example_trigger_target_dag' retrieved from /home/airflow/.local/lib/python3.12/site-packages/airflow/example_dags/example_trigger_target_dag.py
[2025-06-12T15:08:52.957+0000] {logging_mixin.py:188} INFO - [2025-06-12T15:08:52.957+0000] {dag.py:3096} INFO - Sync 1 DAGs
[2025-06-12T15:08:52.965+0000] {logging_mixin.py:188} INFO - [2025-06-12T15:08:52.964+0000] {dag.py:3954} INFO - Setting next_dagrun for example_trigger_target_dag to None, run_after=None
[2025-06-12T15:08:52.977+0000] {processor.py:183} INFO - Processing /home/airflow/.local/lib/python3.12/site-packages/airflow/example_dags/example_trigger_target_dag.py took 0.044 seconds
[2025-06-12T15:09:23.205+0000] {processor.py:161} INFO - Started process (PID=277) to work on /home/airflow/.local/lib/python3.12/site-packages/airflow/example_dags/example_trigger_target_dag.py
[2025-06-12T15:09:23.206+0000] {processor.py:830} INFO - Processing file /home/airflow/.local/lib/python3.12/site-packages/airflow/example_dags/example_trigger_target_dag.py for tasks to queue
[2025-06-12T15:09:23.207+0000] {logging_mixin.py:188} INFO - [2025-06-12T15:09:23.206+0000] {dagbag.py:540} INFO - Filling up the DagBag from /home/airflow/.local/lib/python3.12/site-packages/airflow/example_dags/example_trigger_target_dag.py
[2025-06-12T15:09:23.209+0000] {processor.py:840} INFO - DAG(s) 'example_trigger_target_dag' retrieved from /home/airflow/.local/lib/python3.12/site-packages/airflow/example_dags/example_trigger_target_dag.py
[2025-06-12T15:09:23.225+0000] {logging_mixin.py:188} INFO - [2025-06-12T15:09:23.224+0000] {dag.py:3096} INFO - Sync 1 DAGs
[2025-06-12T15:09:23.230+0000] {logging_mixin.py:188} INFO - [2025-06-12T15:09:23.230+0000] {dag.py:3954} INFO - Setting next_dagrun for example_trigger_target_dag to None, run_after=None
[2025-06-12T15:09:23.243+0000] {processor.py:183} INFO - Processing /home/airflow/.local/lib/python3.12/site-packages/airflow/example_dags/example_trigger_target_dag.py took 0.041 seconds
[2025-06-12T15:09:53.721+0000] {processor.py:161} INFO - Started process (PID=351) to work on /home/airflow/.local/lib/python3.12/site-packages/airflow/example_dags/example_trigger_target_dag.py
[2025-06-12T15:09:53.722+0000] {processor.py:830} INFO - Processing file /home/airflow/.local/lib/python3.12/site-packages/airflow/example_dags/example_trigger_target_dag.py for tasks to queue
[2025-06-12T15:09:53.724+0000] {logging_mixin.py:188} INFO - [2025-06-12T15:09:53.724+0000] {dagbag.py:540} INFO - Filling up the DagBag from /home/airflow/.local/lib/python3.12/site-packages/airflow/example_dags/example_trigger_target_dag.py
[2025-06-12T15:09:53.728+0000] {processor.py:840} INFO - DAG(s) 'example_trigger_target_dag' retrieved from /home/airflow/.local/lib/python3.12/site-packages/airflow/example_dags/example_trigger_target_dag.py
[2025-06-12T15:09:53.741+0000] {logging_mixin.py:188} INFO - [2025-06-12T15:09:53.741+0000] {dag.py:3096} INFO - Sync 1 DAGs
[2025-06-12T15:09:53.747+0000] {logging_mixin.py:188} INFO - [2025-06-12T15:09:53.747+0000] {dag.py:3954} INFO - Setting next_dagrun for example_trigger_target_dag to None, run_after=None
[2025-06-12T15:09:53.758+0000] {processor.py:183} INFO - Processing /home/airflow/.local/lib/python3.12/site-packages/airflow/example_dags/example_trigger_target_dag.py took 0.040 seconds
[2025-06-12T15:10:23.833+0000] {processor.py:161} INFO - Started process (PID=425) to work on /home/airflow/.local/lib/python3.12/site-packages/airflow/example_dags/example_trigger_target_dag.py
[2025-06-12T15:10:23.834+0000] {processor.py:830} INFO - Processing file /home/airflow/.local/lib/python3.12/site-packages/airflow/example_dags/example_trigger_target_dag.py for tasks to queue
[2025-06-12T15:10:23.835+0000] {logging_mixin.py:188} INFO - [2025-06-12T15:10:23.835+0000] {dagbag.py:540} INFO - Filling up the DagBag from /home/airflow/.local/lib/python3.12/site-packages/airflow/example_dags/example_trigger_target_dag.py
[2025-06-12T15:10:23.841+0000] {processor.py:840} INFO - DAG(s) 'example_trigger_target_dag' retrieved from /home/airflow/.local/lib/python3.12/site-packages/airflow/example_dags/example_trigger_target_dag.py
[2025-06-12T15:10:23.860+0000] {logging_mixin.py:188} INFO - [2025-06-12T15:10:23.860+0000] {dag.py:3096} INFO - Sync 1 DAGs
[2025-06-12T15:10:23.868+0000] {logging_mixin.py:188} INFO - [2025-06-12T15:10:23.868+0000] {dag.py:3954} INFO - Setting next_dagrun for example_trigger_target_dag to None, run_after=None
[2025-06-12T15:10:23.882+0000] {processor.py:183} INFO - Processing /home/airflow/.local/lib/python3.12/site-packages/airflow/example_dags/example_trigger_target_dag.py took 0.052 seconds
[2025-06-12T15:10:53.985+0000] {processor.py:161} INFO - Started process (PID=492) to work on /home/airflow/.local/lib/python3.12/site-packages/airflow/example_dags/example_trigger_target_dag.py
[2025-06-12T15:10:53.986+0000] {processor.py:830} INFO - Processing file /home/airflow/.local/lib/python3.12/site-packages/airflow/example_dags/example_trigger_target_dag.py for tasks to queue
[2025-06-12T15:10:53.986+0000] {logging_mixin.py:188} INFO - [2025-06-12T15:10:53.986+0000] {dagbag.py:540} INFO - Filling up the DagBag from /home/airflow/.local/lib/python3.12/site-packages/airflow/example_dags/example_trigger_target_dag.py
[2025-06-12T15:10:53.989+0000] {processor.py:840} INFO - DAG(s) 'example_trigger_target_dag' retrieved from /home/airflow/.local/lib/python3.12/site-packages/airflow/example_dags/example_trigger_target_dag.py
[2025-06-12T15:10:54.008+0000] {logging_mixin.py:188} INFO - [2025-06-12T15:10:54.008+0000] {dag.py:3096} INFO - Sync 1 DAGs
[2025-06-12T15:10:54.014+0000] {logging_mixin.py:188} INFO - [2025-06-12T15:10:54.014+0000] {dag.py:3954} INFO - Setting next_dagrun for example_trigger_target_dag to None, run_after=None
[2025-06-12T15:10:54.026+0000] {processor.py:183} INFO - Processing /home/airflow/.local/lib/python3.12/site-packages/airflow/example_dags/example_trigger_target_dag.py took 0.043 seconds
[2025-06-12T15:11:24.424+0000] {processor.py:161} INFO - Started process (PID=565) to work on /home/airflow/.local/lib/python3.12/site-packages/airflow/example_dags/example_trigger_target_dag.py
[2025-06-12T15:11:24.425+0000] {processor.py:830} INFO - Processing file /home/airflow/.local/lib/python3.12/site-packages/airflow/example_dags/example_trigger_target_dag.py for tasks to queue
[2025-06-12T15:11:24.426+0000] {logging_mixin.py:188} INFO - [2025-06-12T15:11:24.426+0000] {dagbag.py:540} INFO - Filling up the DagBag from /home/airflow/.local/lib/python3.12/site-packages/airflow/example_dags/example_trigger_target_dag.py
[2025-06-12T15:11:24.429+0000] {processor.py:840} INFO - DAG(s) 'example_trigger_target_dag' retrieved from /home/airflow/.local/lib/python3.12/site-packages/airflow/example_dags/example_trigger_target_dag.py
[2025-06-12T15:11:24.441+0000] {logging_mixin.py:188} INFO - [2025-06-12T15:11:24.440+0000] {dag.py:3096} INFO - Sync 1 DAGs
[2025-06-12T15:11:24.446+0000] {logging_mixin.py:188} INFO - [2025-06-12T15:11:24.446+0000] {dag.py:3954} INFO - Setting next_dagrun for example_trigger_target_dag to None, run_after=None
[2025-06-12T15:11:24.456+0000] {processor.py:183} INFO - Processing /home/airflow/.local/lib/python3.12/site-packages/airflow/example_dags/example_trigger_target_dag.py took 0.034 seconds
[2025-06-12T15:11:54.577+0000] {processor.py:161} INFO - Started process (PID=631) to work on /home/airflow/.local/lib/python3.12/site-packages/airflow/example_dags/example_trigger_target_dag.py
[2025-06-12T15:11:54.578+0000] {processor.py:830} INFO - Processing file /home/airflow/.local/lib/python3.12/site-packages/airflow/example_dags/example_trigger_target_dag.py for tasks to queue
[2025-06-12T15:11:54.579+0000] {logging_mixin.py:188} INFO - [2025-06-12T15:11:54.579+0000] {dagbag.py:540} INFO - Filling up the DagBag from /home/airflow/.local/lib/python3.12/site-packages/airflow/example_dags/example_trigger_target_dag.py
[2025-06-12T15:11:54.583+0000] {processor.py:840} INFO - DAG(s) 'example_trigger_target_dag' retrieved from /home/airflow/.local/lib/python3.12/site-packages/airflow/example_dags/example_trigger_target_dag.py
[2025-06-12T15:11:54.601+0000] {logging_mixin.py:188} INFO - [2025-06-12T15:11:54.601+0000] {dag.py:3096} INFO - Sync 1 DAGs
[2025-06-12T15:11:54.607+0000] {logging_mixin.py:188} INFO - [2025-06-12T15:11:54.607+0000] {dag.py:3954} INFO - Setting next_dagrun for example_trigger_target_dag to None, run_after=None
[2025-06-12T15:11:54.622+0000] {processor.py:183} INFO - Processing /home/airflow/.local/lib/python3.12/site-packages/airflow/example_dags/example_trigger_target_dag.py took 0.048 seconds
[2025-06-12T15:12:24.793+0000] {processor.py:161} INFO - Started process (PID=704) to work on /home/airflow/.local/lib/python3.12/site-packages/airflow/example_dags/example_trigger_target_dag.py
[2025-06-12T15:12:24.794+0000] {processor.py:830} INFO - Processing file /home/airflow/.local/lib/python3.12/site-packages/airflow/example_dags/example_trigger_target_dag.py for tasks to queue
[2025-06-12T15:12:24.795+0000] {logging_mixin.py:188} INFO - [2025-06-12T15:12:24.794+0000] {dagbag.py:540} INFO - Filling up the DagBag from /home/airflow/.local/lib/python3.12/site-packages/airflow/example_dags/example_trigger_target_dag.py
[2025-06-12T15:12:24.798+0000] {processor.py:840} INFO - DAG(s) 'example_trigger_target_dag' retrieved from /home/airflow/.local/lib/python3.12/site-packages/airflow/example_dags/example_trigger_target_dag.py
[2025-06-12T15:12:24.814+0000] {logging_mixin.py:188} INFO - [2025-06-12T15:12:24.814+0000] {dag.py:3096} INFO - Sync 1 DAGs
[2025-06-12T15:12:24.820+0000] {logging_mixin.py:188} INFO - [2025-06-12T15:12:24.820+0000] {dag.py:3954} INFO - Setting next_dagrun for example_trigger_target_dag to None, run_after=None
[2025-06-12T15:12:24.833+0000] {processor.py:183} INFO - Processing /home/airflow/.local/lib/python3.12/site-packages/airflow/example_dags/example_trigger_target_dag.py took 0.042 seconds
[2025-06-12T15:12:54.996+0000] {processor.py:161} INFO - Started process (PID=778) to work on /home/airflow/.local/lib/python3.12/site-packages/airflow/example_dags/example_trigger_target_dag.py
[2025-06-12T15:12:54.998+0000] {processor.py:830} INFO - Processing file /home/airflow/.local/lib/python3.12/site-packages/airflow/example_dags/example_trigger_target_dag.py for tasks to queue
[2025-06-12T15:12:55.000+0000] {logging_mixin.py:188} INFO - [2025-06-12T15:12:55.000+0000] {dagbag.py:540} INFO - Filling up the DagBag from /home/airflow/.local/lib/python3.12/site-packages/airflow/example_dags/example_trigger_target_dag.py
[2025-06-12T15:12:55.005+0000] {processor.py:840} INFO - DAG(s) 'example_trigger_target_dag' retrieved from /home/airflow/.local/lib/python3.12/site-packages/airflow/example_dags/example_trigger_target_dag.py
[2025-06-12T15:12:55.022+0000] {logging_mixin.py:188} INFO - [2025-06-12T15:12:55.022+0000] {dag.py:3096} INFO - Sync 1 DAGs
[2025-06-12T15:12:55.029+0000] {logging_mixin.py:188} INFO - [2025-06-12T15:12:55.028+0000] {dag.py:3954} INFO - Setting next_dagrun for example_trigger_target_dag to None, run_after=None
[2025-06-12T15:12:55.039+0000] {processor.py:183} INFO - Processing /home/airflow/.local/lib/python3.12/site-packages/airflow/example_dags/example_trigger_target_dag.py took 0.047 seconds
[2025-06-12T15:13:25.869+0000] {processor.py:161} INFO - Started process (PID=845) to work on /home/airflow/.local/lib/python3.12/site-packages/airflow/example_dags/example_trigger_target_dag.py
[2025-06-12T15:13:25.870+0000] {processor.py:830} INFO - Processing file /home/airflow/.local/lib/python3.12/site-packages/airflow/example_dags/example_trigger_target_dag.py for tasks to queue
[2025-06-12T15:13:25.871+0000] {logging_mixin.py:188} INFO - [2025-06-12T15:13:25.871+0000] {dagbag.py:540} INFO - Filling up the DagBag from /home/airflow/.local/lib/python3.12/site-packages/airflow/example_dags/example_trigger_target_dag.py
[2025-06-12T15:13:25.874+0000] {processor.py:840} INFO - DAG(s) 'example_trigger_target_dag' retrieved from /home/airflow/.local/lib/python3.12/site-packages/airflow/example_dags/example_trigger_target_dag.py
[2025-06-12T15:13:25.886+0000] {logging_mixin.py:188} INFO - [2025-06-12T15:13:25.886+0000] {dag.py:3096} INFO - Sync 1 DAGs
[2025-06-12T15:13:25.893+0000] {logging_mixin.py:188} INFO - [2025-06-12T15:13:25.892+0000] {dag.py:3954} INFO - Setting next_dagrun for example_trigger_target_dag to None, run_after=None
[2025-06-12T15:13:25.905+0000] {processor.py:183} INFO - Processing /home/airflow/.local/lib/python3.12/site-packages/airflow/example_dags/example_trigger_target_dag.py took 0.039 seconds
[2025-06-12T15:13:56.180+0000] {processor.py:161} INFO - Started process (PID=919) to work on /home/airflow/.local/lib/python3.12/site-packages/airflow/example_dags/example_trigger_target_dag.py
[2025-06-12T15:13:56.180+0000] {processor.py:830} INFO - Processing file /home/airflow/.local/lib/python3.12/site-packages/airflow/example_dags/example_trigger_target_dag.py for tasks to queue
[2025-06-12T15:13:56.181+0000] {logging_mixin.py:188} INFO - [2025-06-12T15:13:56.181+0000] {dagbag.py:540} INFO - Filling up the DagBag from /home/airflow/.local/lib/python3.12/site-packages/airflow/example_dags/example_trigger_target_dag.py
[2025-06-12T15:13:56.184+0000] {processor.py:840} INFO - DAG(s) 'example_trigger_target_dag' retrieved from /home/airflow/.local/lib/python3.12/site-packages/airflow/example_dags/example_trigger_target_dag.py
[2025-06-12T15:13:56.194+0000] {logging_mixin.py:188} INFO - [2025-06-12T15:13:56.194+0000] {dag.py:3096} INFO - Sync 1 DAGs
[2025-06-12T15:13:56.199+0000] {logging_mixin.py:188} INFO - [2025-06-12T15:13:56.199+0000] {dag.py:3954} INFO - Setting next_dagrun for example_trigger_target_dag to None, run_after=None
[2025-06-12T15:13:56.207+0000] {processor.py:183} INFO - Processing /home/airflow/.local/lib/python3.12/site-packages/airflow/example_dags/example_trigger_target_dag.py took 0.030 seconds
[2025-06-12T15:14:26.706+0000] {processor.py:161} INFO - Started process (PID=994) to work on /home/airflow/.local/lib/python3.12/site-packages/airflow/example_dags/example_trigger_target_dag.py
[2025-06-12T15:14:26.708+0000] {processor.py:830} INFO - Processing file /home/airflow/.local/lib/python3.12/site-packages/airflow/example_dags/example_trigger_target_dag.py for tasks to queue
[2025-06-12T15:14:26.712+0000] {logging_mixin.py:188} INFO - [2025-06-12T15:14:26.712+0000] {dagbag.py:540} INFO - Filling up the DagBag from /home/airflow/.local/lib/python3.12/site-packages/airflow/example_dags/example_trigger_target_dag.py
[2025-06-12T15:14:26.715+0000] {processor.py:840} INFO - DAG(s) 'example_trigger_target_dag' retrieved from /home/airflow/.local/lib/python3.12/site-packages/airflow/example_dags/example_trigger_target_dag.py
[2025-06-12T15:14:26.729+0000] {logging_mixin.py:188} INFO - [2025-06-12T15:14:26.729+0000] {dag.py:3096} INFO - Sync 1 DAGs
[2025-06-12T15:14:26.736+0000] {logging_mixin.py:188} INFO - [2025-06-12T15:14:26.736+0000] {dag.py:3954} INFO - Setting next_dagrun for example_trigger_target_dag to None, run_after=None
[2025-06-12T15:14:26.747+0000] {processor.py:183} INFO - Processing /home/airflow/.local/lib/python3.12/site-packages/airflow/example_dags/example_trigger_target_dag.py took 0.045 seconds
[2025-06-12T15:14:57.187+0000] {processor.py:161} INFO - Started process (PID=1061) to work on /home/airflow/.local/lib/python3.12/site-packages/airflow/example_dags/example_trigger_target_dag.py
[2025-06-12T15:14:57.187+0000] {processor.py:830} INFO - Processing file /home/airflow/.local/lib/python3.12/site-packages/airflow/example_dags/example_trigger_target_dag.py for tasks to queue
[2025-06-12T15:14:57.188+0000] {logging_mixin.py:188} INFO - [2025-06-12T15:14:57.188+0000] {dagbag.py:540} INFO - Filling up the DagBag from /home/airflow/.local/lib/python3.12/site-packages/airflow/example_dags/example_trigger_target_dag.py
[2025-06-12T15:14:57.193+0000] {processor.py:840} INFO - DAG(s) 'example_trigger_target_dag' retrieved from /home/airflow/.local/lib/python3.12/site-packages/airflow/example_dags/example_trigger_target_dag.py
[2025-06-12T15:14:57.204+0000] {logging_mixin.py:188} INFO - [2025-06-12T15:14:57.204+0000] {dag.py:3096} INFO - Sync 1 DAGs
[2025-06-12T15:14:57.211+0000] {logging_mixin.py:188} INFO - [2025-06-12T15:14:57.211+0000] {dag.py:3954} INFO - Setting next_dagrun for example_trigger_target_dag to None, run_after=None
[2025-06-12T15:14:57.220+0000] {processor.py:183} INFO - Processing /home/airflow/.local/lib/python3.12/site-packages/airflow/example_dags/example_trigger_target_dag.py took 0.036 seconds
[2025-06-12T15:15:27.408+0000] {processor.py:161} INFO - Started process (PID=1135) to work on /home/airflow/.local/lib/python3.12/site-packages/airflow/example_dags/example_trigger_target_dag.py
[2025-06-12T15:15:27.409+0000] {processor.py:830} INFO - Processing file /home/airflow/.local/lib/python3.12/site-packages/airflow/example_dags/example_trigger_target_dag.py for tasks to queue
[2025-06-12T15:15:27.409+0000] {logging_mixin.py:188} INFO - [2025-06-12T15:15:27.409+0000] {dagbag.py:540} INFO - Filling up the DagBag from /home/airflow/.local/lib/python3.12/site-packages/airflow/example_dags/example_trigger_target_dag.py
[2025-06-12T15:15:27.414+0000] {processor.py:840} INFO - DAG(s) 'example_trigger_target_dag' retrieved from /home/airflow/.local/lib/python3.12/site-packages/airflow/example_dags/example_trigger_target_dag.py
[2025-06-12T15:15:27.426+0000] {logging_mixin.py:188} INFO - [2025-06-12T15:15:27.426+0000] {dag.py:3096} INFO - Sync 1 DAGs
[2025-06-12T15:15:27.431+0000] {logging_mixin.py:188} INFO - [2025-06-12T15:15:27.431+0000] {dag.py:3954} INFO - Setting next_dagrun for example_trigger_target_dag to None, run_after=None
[2025-06-12T15:15:27.544+0000] {processor.py:183} INFO - Processing /home/airflow/.local/lib/python3.12/site-packages/airflow/example_dags/example_trigger_target_dag.py took 0.138 seconds
[2025-06-12T15:15:57.981+0000] {processor.py:161} INFO - Started process (PID=1202) to work on /home/airflow/.local/lib/python3.12/site-packages/airflow/example_dags/example_trigger_target_dag.py
[2025-06-12T15:15:57.982+0000] {processor.py:830} INFO - Processing file /home/airflow/.local/lib/python3.12/site-packages/airflow/example_dags/example_trigger_target_dag.py for tasks to queue
[2025-06-12T15:15:57.983+0000] {logging_mixin.py:188} INFO - [2025-06-12T15:15:57.982+0000] {dagbag.py:540} INFO - Filling up the DagBag from /home/airflow/.local/lib/python3.12/site-packages/airflow/example_dags/example_trigger_target_dag.py
[2025-06-12T15:15:57.986+0000] {processor.py:840} INFO - DAG(s) 'example_trigger_target_dag' retrieved from /home/airflow/.local/lib/python3.12/site-packages/airflow/example_dags/example_trigger_target_dag.py
[2025-06-12T15:15:58.003+0000] {logging_mixin.py:188} INFO - [2025-06-12T15:15:58.003+0000] {dag.py:3096} INFO - Sync 1 DAGs
[2025-06-12T15:15:58.009+0000] {logging_mixin.py:188} INFO - [2025-06-12T15:15:58.009+0000] {dag.py:3954} INFO - Setting next_dagrun for example_trigger_target_dag to None, run_after=None
[2025-06-12T15:15:58.020+0000] {processor.py:183} INFO - Processing /home/airflow/.local/lib/python3.12/site-packages/airflow/example_dags/example_trigger_target_dag.py took 0.041 seconds
[2025-06-12T15:16:29.055+0000] {processor.py:161} INFO - Started process (PID=1276) to work on /home/airflow/.local/lib/python3.12/site-packages/airflow/example_dags/example_trigger_target_dag.py
[2025-06-12T15:16:29.056+0000] {processor.py:830} INFO - Processing file /home/airflow/.local/lib/python3.12/site-packages/airflow/example_dags/example_trigger_target_dag.py for tasks to queue
[2025-06-12T15:16:29.057+0000] {logging_mixin.py:188} INFO - [2025-06-12T15:16:29.057+0000] {dagbag.py:540} INFO - Filling up the DagBag from /home/airflow/.local/lib/python3.12/site-packages/airflow/example_dags/example_trigger_target_dag.py
[2025-06-12T15:16:29.060+0000] {processor.py:840} INFO - DAG(s) 'example_trigger_target_dag' retrieved from /home/airflow/.local/lib/python3.12/site-packages/airflow/example_dags/example_trigger_target_dag.py
[2025-06-12T15:16:29.074+0000] {logging_mixin.py:188} INFO - [2025-06-12T15:16:29.074+0000] {dag.py:3096} INFO - Sync 1 DAGs
[2025-06-12T15:16:29.079+0000] {logging_mixin.py:188} INFO - [2025-06-12T15:16:29.079+0000] {dag.py:3954} INFO - Setting next_dagrun for example_trigger_target_dag to None, run_after=None
[2025-06-12T15:16:29.090+0000] {processor.py:183} INFO - Processing /home/airflow/.local/lib/python3.12/site-packages/airflow/example_dags/example_trigger_target_dag.py took 0.038 seconds
[2025-06-12T15:17:00.026+0000] {processor.py:161} INFO - Started process (PID=1350) to work on /home/airflow/.local/lib/python3.12/site-packages/airflow/example_dags/example_trigger_target_dag.py
[2025-06-12T15:17:00.027+0000] {processor.py:830} INFO - Processing file /home/airflow/.local/lib/python3.12/site-packages/airflow/example_dags/example_trigger_target_dag.py for tasks to queue
[2025-06-12T15:17:00.029+0000] {logging_mixin.py:188} INFO - [2025-06-12T15:17:00.029+0000] {dagbag.py:540} INFO - Filling up the DagBag from /home/airflow/.local/lib/python3.12/site-packages/airflow/example_dags/example_trigger_target_dag.py
[2025-06-12T15:17:00.036+0000] {processor.py:840} INFO - DAG(s) 'example_trigger_target_dag' retrieved from /home/airflow/.local/lib/python3.12/site-packages/airflow/example_dags/example_trigger_target_dag.py
[2025-06-12T15:17:00.050+0000] {logging_mixin.py:188} INFO - [2025-06-12T15:17:00.050+0000] {dag.py:3096} INFO - Sync 1 DAGs
[2025-06-12T15:17:00.059+0000] {logging_mixin.py:188} INFO - [2025-06-12T15:17:00.058+0000] {dag.py:3954} INFO - Setting next_dagrun for example_trigger_target_dag to None, run_after=None
[2025-06-12T15:17:00.070+0000] {processor.py:183} INFO - Processing /home/airflow/.local/lib/python3.12/site-packages/airflow/example_dags/example_trigger_target_dag.py took 0.047 seconds
[2025-06-12T15:17:30.932+0000] {processor.py:161} INFO - Started process (PID=1424) to work on /home/airflow/.local/lib/python3.12/site-packages/airflow/example_dags/example_trigger_target_dag.py
[2025-06-12T15:17:30.933+0000] {processor.py:830} INFO - Processing file /home/airflow/.local/lib/python3.12/site-packages/airflow/example_dags/example_trigger_target_dag.py for tasks to queue
[2025-06-12T15:17:30.934+0000] {logging_mixin.py:188} INFO - [2025-06-12T15:17:30.934+0000] {dagbag.py:540} INFO - Filling up the DagBag from /home/airflow/.local/lib/python3.12/site-packages/airflow/example_dags/example_trigger_target_dag.py
[2025-06-12T15:17:30.938+0000] {processor.py:840} INFO - DAG(s) 'example_trigger_target_dag' retrieved from /home/airflow/.local/lib/python3.12/site-packages/airflow/example_dags/example_trigger_target_dag.py
[2025-06-12T15:17:31.046+0000] {logging_mixin.py:188} INFO - [2025-06-12T15:17:31.046+0000] {dag.py:3096} INFO - Sync 1 DAGs
[2025-06-12T15:17:31.052+0000] {logging_mixin.py:188} INFO - [2025-06-12T15:17:31.052+0000] {dag.py:3954} INFO - Setting next_dagrun for example_trigger_target_dag to None, run_after=None
[2025-06-12T15:17:31.060+0000] {processor.py:183} INFO - Processing /home/airflow/.local/lib/python3.12/site-packages/airflow/example_dags/example_trigger_target_dag.py took 0.132 seconds
[2025-06-12T15:18:01.920+0000] {processor.py:161} INFO - Started process (PID=1491) to work on /home/airflow/.local/lib/python3.12/site-packages/airflow/example_dags/example_trigger_target_dag.py
[2025-06-12T15:18:01.921+0000] {processor.py:830} INFO - Processing file /home/airflow/.local/lib/python3.12/site-packages/airflow/example_dags/example_trigger_target_dag.py for tasks to queue
[2025-06-12T15:18:01.922+0000] {logging_mixin.py:188} INFO - [2025-06-12T15:18:01.922+0000] {dagbag.py:540} INFO - Filling up the DagBag from /home/airflow/.local/lib/python3.12/site-packages/airflow/example_dags/example_trigger_target_dag.py
[2025-06-12T15:18:01.925+0000] {processor.py:840} INFO - DAG(s) 'example_trigger_target_dag' retrieved from /home/airflow/.local/lib/python3.12/site-packages/airflow/example_dags/example_trigger_target_dag.py
[2025-06-12T15:18:01.938+0000] {logging_mixin.py:188} INFO - [2025-06-12T15:18:01.938+0000] {dag.py:3096} INFO - Sync 1 DAGs
[2025-06-12T15:18:01.945+0000] {logging_mixin.py:188} INFO - [2025-06-12T15:18:01.945+0000] {dag.py:3954} INFO - Setting next_dagrun for example_trigger_target_dag to None, run_after=None
[2025-06-12T15:18:01.954+0000] {processor.py:183} INFO - Processing /home/airflow/.local/lib/python3.12/site-packages/airflow/example_dags/example_trigger_target_dag.py took 0.037 seconds
[2025-06-12T15:18:32.534+0000] {processor.py:161} INFO - Started process (PID=1565) to work on /home/airflow/.local/lib/python3.12/site-packages/airflow/example_dags/example_trigger_target_dag.py
[2025-06-12T15:18:32.537+0000] {processor.py:830} INFO - Processing file /home/airflow/.local/lib/python3.12/site-packages/airflow/example_dags/example_trigger_target_dag.py for tasks to queue
[2025-06-12T15:18:32.539+0000] {logging_mixin.py:188} INFO - [2025-06-12T15:18:32.538+0000] {dagbag.py:540} INFO - Filling up the DagBag from /home/airflow/.local/lib/python3.12/site-packages/airflow/example_dags/example_trigger_target_dag.py
[2025-06-12T15:18:32.543+0000] {processor.py:840} INFO - DAG(s) 'example_trigger_target_dag' retrieved from /home/airflow/.local/lib/python3.12/site-packages/airflow/example_dags/example_trigger_target_dag.py
[2025-06-12T15:18:32.561+0000] {logging_mixin.py:188} INFO - [2025-06-12T15:18:32.561+0000] {dag.py:3096} INFO - Sync 1 DAGs
[2025-06-12T15:18:32.568+0000] {logging_mixin.py:188} INFO - [2025-06-12T15:18:32.568+0000] {dag.py:3954} INFO - Setting next_dagrun for example_trigger_target_dag to None, run_after=None
[2025-06-12T15:18:32.578+0000] {processor.py:183} INFO - Processing /home/airflow/.local/lib/python3.12/site-packages/airflow/example_dags/example_trigger_target_dag.py took 0.047 seconds
