[2025-06-12T13:58:36.172+0000] {processor.py:161} INFO - Started process (PID=41) to work on /home/airflow/.local/lib/python3.12/site-packages/airflow/example_dags/example_sensor_decorator.py
[2025-06-12T13:58:36.175+0000] {processor.py:830} INFO - Processing file /home/airflow/.local/lib/python3.12/site-packages/airflow/example_dags/example_sensor_decorator.py for tasks to queue
[2025-06-12T13:58:36.181+0000] {logging_mixin.py:188} INFO - [2025-06-12T13:58:36.181+0000] {dagbag.py:540} INFO - Filling up the DagBag from /home/airflow/.local/lib/python3.12/site-packages/airflow/example_dags/example_sensor_decorator.py
[2025-06-12T13:58:36.198+0000] {processor.py:840} INFO - DAG(s) 'example_sensor_decorator' retrieved from /home/airflow/.local/lib/python3.12/site-packages/airflow/example_dags/example_sensor_decorator.py
[2025-06-12T13:58:36.231+0000] {logging_mixin.py:188} INFO - [2025-06-12T13:58:36.231+0000] {dag.py:3096} INFO - Sync 1 DAGs
[2025-06-12T13:58:36.255+0000] {logging_mixin.py:188} INFO - [2025-06-12T13:58:36.254+0000] {dag.py:3954} INFO - Setting next_dagrun for example_sensor_decorator to None, run_after=None
[2025-06-12T13:58:36.298+0000] {processor.py:183} INFO - Processing /home/airflow/.local/lib/python3.12/site-packages/airflow/example_dags/example_sensor_decorator.py took 0.132 seconds
[2025-06-12T13:59:06.956+0000] {processor.py:161} INFO - Started process (PID=108) to work on /home/airflow/.local/lib/python3.12/site-packages/airflow/example_dags/example_sensor_decorator.py
[2025-06-12T13:59:06.957+0000] {processor.py:830} INFO - Processing file /home/airflow/.local/lib/python3.12/site-packages/airflow/example_dags/example_sensor_decorator.py for tasks to queue
[2025-06-12T13:59:06.958+0000] {logging_mixin.py:188} INFO - [2025-06-12T13:59:06.958+0000] {dagbag.py:540} INFO - Filling up the DagBag from /home/airflow/.local/lib/python3.12/site-packages/airflow/example_dags/example_sensor_decorator.py
[2025-06-12T13:59:06.962+0000] {processor.py:840} INFO - DAG(s) 'example_sensor_decorator' retrieved from /home/airflow/.local/lib/python3.12/site-packages/airflow/example_dags/example_sensor_decorator.py
[2025-06-12T13:59:07.015+0000] {logging_mixin.py:188} INFO - [2025-06-12T13:59:07.015+0000] {dag.py:3096} INFO - Sync 1 DAGs
[2025-06-12T13:59:07.020+0000] {logging_mixin.py:188} INFO - [2025-06-12T13:59:07.019+0000] {dag.py:3954} INFO - Setting next_dagrun for example_sensor_decorator to None, run_after=None
[2025-06-12T13:59:07.033+0000] {processor.py:183} INFO - Processing /home/airflow/.local/lib/python3.12/site-packages/airflow/example_dags/example_sensor_decorator.py took 0.080 seconds
[2025-06-12T13:59:37.196+0000] {processor.py:161} INFO - Started process (PID=175) to work on /home/airflow/.local/lib/python3.12/site-packages/airflow/example_dags/example_sensor_decorator.py
[2025-06-12T13:59:37.197+0000] {processor.py:830} INFO - Processing file /home/airflow/.local/lib/python3.12/site-packages/airflow/example_dags/example_sensor_decorator.py for tasks to queue
[2025-06-12T13:59:37.197+0000] {logging_mixin.py:188} INFO - [2025-06-12T13:59:37.197+0000] {dagbag.py:540} INFO - Filling up the DagBag from /home/airflow/.local/lib/python3.12/site-packages/airflow/example_dags/example_sensor_decorator.py
[2025-06-12T13:59:37.201+0000] {processor.py:840} INFO - DAG(s) 'example_sensor_decorator' retrieved from /home/airflow/.local/lib/python3.12/site-packages/airflow/example_dags/example_sensor_decorator.py
[2025-06-12T13:59:37.212+0000] {logging_mixin.py:188} INFO - [2025-06-12T13:59:37.212+0000] {dag.py:3096} INFO - Sync 1 DAGs
[2025-06-12T13:59:37.217+0000] {logging_mixin.py:188} INFO - [2025-06-12T13:59:37.217+0000] {dag.py:3954} INFO - Setting next_dagrun for example_sensor_decorator to None, run_after=None
[2025-06-12T13:59:37.225+0000] {processor.py:183} INFO - Processing /home/airflow/.local/lib/python3.12/site-packages/airflow/example_dags/example_sensor_decorator.py took 0.033 seconds
[2025-06-12T14:00:07.544+0000] {processor.py:161} INFO - Started process (PID=249) to work on /home/airflow/.local/lib/python3.12/site-packages/airflow/example_dags/example_sensor_decorator.py
[2025-06-12T14:00:07.545+0000] {processor.py:830} INFO - Processing file /home/airflow/.local/lib/python3.12/site-packages/airflow/example_dags/example_sensor_decorator.py for tasks to queue
[2025-06-12T14:00:07.546+0000] {logging_mixin.py:188} INFO - [2025-06-12T14:00:07.546+0000] {dagbag.py:540} INFO - Filling up the DagBag from /home/airflow/.local/lib/python3.12/site-packages/airflow/example_dags/example_sensor_decorator.py
[2025-06-12T14:00:07.551+0000] {processor.py:840} INFO - DAG(s) 'example_sensor_decorator' retrieved from /home/airflow/.local/lib/python3.12/site-packages/airflow/example_dags/example_sensor_decorator.py
[2025-06-12T14:00:07.563+0000] {logging_mixin.py:188} INFO - [2025-06-12T14:00:07.562+0000] {dag.py:3096} INFO - Sync 1 DAGs
[2025-06-12T14:00:07.568+0000] {logging_mixin.py:188} INFO - [2025-06-12T14:00:07.568+0000] {dag.py:3954} INFO - Setting next_dagrun for example_sensor_decorator to None, run_after=None
[2025-06-12T14:00:07.581+0000] {processor.py:183} INFO - Processing /home/airflow/.local/lib/python3.12/site-packages/airflow/example_dags/example_sensor_decorator.py took 0.040 seconds
[2025-06-12T14:00:38.253+0000] {processor.py:161} INFO - Started process (PID=316) to work on /home/airflow/.local/lib/python3.12/site-packages/airflow/example_dags/example_sensor_decorator.py
[2025-06-12T14:00:38.254+0000] {processor.py:830} INFO - Processing file /home/airflow/.local/lib/python3.12/site-packages/airflow/example_dags/example_sensor_decorator.py for tasks to queue
[2025-06-12T14:00:38.255+0000] {logging_mixin.py:188} INFO - [2025-06-12T14:00:38.254+0000] {dagbag.py:540} INFO - Filling up the DagBag from /home/airflow/.local/lib/python3.12/site-packages/airflow/example_dags/example_sensor_decorator.py
[2025-06-12T14:00:38.257+0000] {processor.py:840} INFO - DAG(s) 'example_sensor_decorator' retrieved from /home/airflow/.local/lib/python3.12/site-packages/airflow/example_dags/example_sensor_decorator.py
[2025-06-12T14:00:38.271+0000] {logging_mixin.py:188} INFO - [2025-06-12T14:00:38.271+0000] {dag.py:3096} INFO - Sync 1 DAGs
[2025-06-12T14:00:38.276+0000] {logging_mixin.py:188} INFO - [2025-06-12T14:00:38.276+0000] {dag.py:3954} INFO - Setting next_dagrun for example_sensor_decorator to None, run_after=None
[2025-06-12T14:00:38.287+0000] {processor.py:183} INFO - Processing /home/airflow/.local/lib/python3.12/site-packages/airflow/example_dags/example_sensor_decorator.py took 0.036 seconds
[2025-06-12T14:01:08.536+0000] {processor.py:161} INFO - Started process (PID=390) to work on /home/airflow/.local/lib/python3.12/site-packages/airflow/example_dags/example_sensor_decorator.py
[2025-06-12T14:01:08.538+0000] {processor.py:830} INFO - Processing file /home/airflow/.local/lib/python3.12/site-packages/airflow/example_dags/example_sensor_decorator.py for tasks to queue
[2025-06-12T14:01:08.539+0000] {logging_mixin.py:188} INFO - [2025-06-12T14:01:08.539+0000] {dagbag.py:540} INFO - Filling up the DagBag from /home/airflow/.local/lib/python3.12/site-packages/airflow/example_dags/example_sensor_decorator.py
[2025-06-12T14:01:08.543+0000] {processor.py:840} INFO - DAG(s) 'example_sensor_decorator' retrieved from /home/airflow/.local/lib/python3.12/site-packages/airflow/example_dags/example_sensor_decorator.py
[2025-06-12T14:01:08.555+0000] {logging_mixin.py:188} INFO - [2025-06-12T14:01:08.554+0000] {dag.py:3096} INFO - Sync 1 DAGs
[2025-06-12T14:01:08.560+0000] {logging_mixin.py:188} INFO - [2025-06-12T14:01:08.560+0000] {dag.py:3954} INFO - Setting next_dagrun for example_sensor_decorator to None, run_after=None
[2025-06-12T14:01:08.572+0000] {processor.py:183} INFO - Processing /home/airflow/.local/lib/python3.12/site-packages/airflow/example_dags/example_sensor_decorator.py took 0.039 seconds
[2025-06-12T14:15:46.556+0000] {processor.py:161} INFO - Started process (PID=42) to work on /home/airflow/.local/lib/python3.12/site-packages/airflow/example_dags/example_sensor_decorator.py
[2025-06-12T14:15:46.557+0000] {processor.py:830} INFO - Processing file /home/airflow/.local/lib/python3.12/site-packages/airflow/example_dags/example_sensor_decorator.py for tasks to queue
[2025-06-12T14:15:46.559+0000] {logging_mixin.py:188} INFO - [2025-06-12T14:15:46.558+0000] {dagbag.py:540} INFO - Filling up the DagBag from /home/airflow/.local/lib/python3.12/site-packages/airflow/example_dags/example_sensor_decorator.py
[2025-06-12T14:15:46.564+0000] {processor.py:840} INFO - DAG(s) 'example_sensor_decorator' retrieved from /home/airflow/.local/lib/python3.12/site-packages/airflow/example_dags/example_sensor_decorator.py
[2025-06-12T14:15:46.583+0000] {logging_mixin.py:188} INFO - [2025-06-12T14:15:46.583+0000] {dag.py:3096} INFO - Sync 1 DAGs
[2025-06-12T14:15:46.600+0000] {logging_mixin.py:188} INFO - [2025-06-12T14:15:46.600+0000] {dag.py:3954} INFO - Setting next_dagrun for example_sensor_decorator to None, run_after=None
[2025-06-12T14:15:46.636+0000] {processor.py:183} INFO - Processing /home/airflow/.local/lib/python3.12/site-packages/airflow/example_dags/example_sensor_decorator.py took 0.084 seconds
[2025-06-12T14:16:17.261+0000] {processor.py:161} INFO - Started process (PID=109) to work on /home/airflow/.local/lib/python3.12/site-packages/airflow/example_dags/example_sensor_decorator.py
[2025-06-12T14:16:17.262+0000] {processor.py:830} INFO - Processing file /home/airflow/.local/lib/python3.12/site-packages/airflow/example_dags/example_sensor_decorator.py for tasks to queue
[2025-06-12T14:16:17.263+0000] {logging_mixin.py:188} INFO - [2025-06-12T14:16:17.263+0000] {dagbag.py:540} INFO - Filling up the DagBag from /home/airflow/.local/lib/python3.12/site-packages/airflow/example_dags/example_sensor_decorator.py
[2025-06-12T14:16:17.266+0000] {processor.py:840} INFO - DAG(s) 'example_sensor_decorator' retrieved from /home/airflow/.local/lib/python3.12/site-packages/airflow/example_dags/example_sensor_decorator.py
[2025-06-12T14:16:17.317+0000] {logging_mixin.py:188} INFO - [2025-06-12T14:16:17.317+0000] {dag.py:3096} INFO - Sync 1 DAGs
[2025-06-12T14:16:17.322+0000] {logging_mixin.py:188} INFO - [2025-06-12T14:16:17.322+0000] {dag.py:3954} INFO - Setting next_dagrun for example_sensor_decorator to None, run_after=None
[2025-06-12T14:16:17.333+0000] {processor.py:183} INFO - Processing /home/airflow/.local/lib/python3.12/site-packages/airflow/example_dags/example_sensor_decorator.py took 0.075 seconds
[2025-06-12T14:16:47.741+0000] {processor.py:161} INFO - Started process (PID=183) to work on /home/airflow/.local/lib/python3.12/site-packages/airflow/example_dags/example_sensor_decorator.py
[2025-06-12T14:16:47.742+0000] {processor.py:830} INFO - Processing file /home/airflow/.local/lib/python3.12/site-packages/airflow/example_dags/example_sensor_decorator.py for tasks to queue
[2025-06-12T14:16:47.743+0000] {logging_mixin.py:188} INFO - [2025-06-12T14:16:47.742+0000] {dagbag.py:540} INFO - Filling up the DagBag from /home/airflow/.local/lib/python3.12/site-packages/airflow/example_dags/example_sensor_decorator.py
[2025-06-12T14:16:47.745+0000] {processor.py:840} INFO - DAG(s) 'example_sensor_decorator' retrieved from /home/airflow/.local/lib/python3.12/site-packages/airflow/example_dags/example_sensor_decorator.py
[2025-06-12T14:16:47.758+0000] {logging_mixin.py:188} INFO - [2025-06-12T14:16:47.758+0000] {dag.py:3096} INFO - Sync 1 DAGs
[2025-06-12T14:16:47.766+0000] {logging_mixin.py:188} INFO - [2025-06-12T14:16:47.766+0000] {dag.py:3954} INFO - Setting next_dagrun for example_sensor_decorator to None, run_after=None
[2025-06-12T14:16:47.777+0000] {processor.py:183} INFO - Processing /home/airflow/.local/lib/python3.12/site-packages/airflow/example_dags/example_sensor_decorator.py took 0.041 seconds
[2025-06-12T14:17:18.687+0000] {processor.py:161} INFO - Started process (PID=257) to work on /home/airflow/.local/lib/python3.12/site-packages/airflow/example_dags/example_sensor_decorator.py
[2025-06-12T14:17:18.691+0000] {processor.py:830} INFO - Processing file /home/airflow/.local/lib/python3.12/site-packages/airflow/example_dags/example_sensor_decorator.py for tasks to queue
[2025-06-12T14:17:18.693+0000] {logging_mixin.py:188} INFO - [2025-06-12T14:17:18.693+0000] {dagbag.py:540} INFO - Filling up the DagBag from /home/airflow/.local/lib/python3.12/site-packages/airflow/example_dags/example_sensor_decorator.py
[2025-06-12T14:17:18.697+0000] {processor.py:840} INFO - DAG(s) 'example_sensor_decorator' retrieved from /home/airflow/.local/lib/python3.12/site-packages/airflow/example_dags/example_sensor_decorator.py
[2025-06-12T14:17:18.750+0000] {logging_mixin.py:188} INFO - [2025-06-12T14:17:18.749+0000] {dag.py:3096} INFO - Sync 1 DAGs
[2025-06-12T14:17:18.755+0000] {logging_mixin.py:188} INFO - [2025-06-12T14:17:18.755+0000] {dag.py:3954} INFO - Setting next_dagrun for example_sensor_decorator to None, run_after=None
[2025-06-12T14:17:18.769+0000] {processor.py:183} INFO - Processing /home/airflow/.local/lib/python3.12/site-packages/airflow/example_dags/example_sensor_decorator.py took 0.085 seconds
[2025-06-12T14:17:49.598+0000] {processor.py:161} INFO - Started process (PID=323) to work on /home/airflow/.local/lib/python3.12/site-packages/airflow/example_dags/example_sensor_decorator.py
[2025-06-12T14:17:49.599+0000] {processor.py:830} INFO - Processing file /home/airflow/.local/lib/python3.12/site-packages/airflow/example_dags/example_sensor_decorator.py for tasks to queue
[2025-06-12T14:17:49.603+0000] {logging_mixin.py:188} INFO - [2025-06-12T14:17:49.602+0000] {dagbag.py:540} INFO - Filling up the DagBag from /home/airflow/.local/lib/python3.12/site-packages/airflow/example_dags/example_sensor_decorator.py
[2025-06-12T14:17:49.607+0000] {processor.py:840} INFO - DAG(s) 'example_sensor_decorator' retrieved from /home/airflow/.local/lib/python3.12/site-packages/airflow/example_dags/example_sensor_decorator.py
[2025-06-12T14:17:49.622+0000] {logging_mixin.py:188} INFO - [2025-06-12T14:17:49.621+0000] {dag.py:3096} INFO - Sync 1 DAGs
[2025-06-12T14:17:49.628+0000] {logging_mixin.py:188} INFO - [2025-06-12T14:17:49.628+0000] {dag.py:3954} INFO - Setting next_dagrun for example_sensor_decorator to None, run_after=None
[2025-06-12T14:17:49.642+0000] {processor.py:183} INFO - Processing /home/airflow/.local/lib/python3.12/site-packages/airflow/example_dags/example_sensor_decorator.py took 0.047 seconds
[2025-06-12T14:18:31.920+0000] {processor.py:161} INFO - Started process (PID=35) to work on /home/airflow/.local/lib/python3.12/site-packages/airflow/example_dags/example_sensor_decorator.py
[2025-06-12T14:18:31.921+0000] {processor.py:830} INFO - Processing file /home/airflow/.local/lib/python3.12/site-packages/airflow/example_dags/example_sensor_decorator.py for tasks to queue
[2025-06-12T14:18:31.924+0000] {logging_mixin.py:188} INFO - [2025-06-12T14:18:31.924+0000] {dagbag.py:540} INFO - Filling up the DagBag from /home/airflow/.local/lib/python3.12/site-packages/airflow/example_dags/example_sensor_decorator.py
[2025-06-12T14:18:31.929+0000] {processor.py:840} INFO - DAG(s) 'example_sensor_decorator' retrieved from /home/airflow/.local/lib/python3.12/site-packages/airflow/example_dags/example_sensor_decorator.py
[2025-06-12T14:18:31.960+0000] {logging_mixin.py:188} INFO - [2025-06-12T14:18:31.960+0000] {dag.py:3096} INFO - Sync 1 DAGs
[2025-06-12T14:18:31.977+0000] {logging_mixin.py:188} INFO - [2025-06-12T14:18:31.977+0000] {dag.py:3954} INFO - Setting next_dagrun for example_sensor_decorator to None, run_after=None
[2025-06-12T14:18:32.001+0000] {processor.py:183} INFO - Processing /home/airflow/.local/lib/python3.12/site-packages/airflow/example_dags/example_sensor_decorator.py took 0.090 seconds
[2025-06-12T14:19:02.211+0000] {processor.py:161} INFO - Started process (PID=107) to work on /home/airflow/.local/lib/python3.12/site-packages/airflow/example_dags/example_sensor_decorator.py
[2025-06-12T14:19:02.212+0000] {processor.py:830} INFO - Processing file /home/airflow/.local/lib/python3.12/site-packages/airflow/example_dags/example_sensor_decorator.py for tasks to queue
[2025-06-12T14:19:02.213+0000] {logging_mixin.py:188} INFO - [2025-06-12T14:19:02.213+0000] {dagbag.py:540} INFO - Filling up the DagBag from /home/airflow/.local/lib/python3.12/site-packages/airflow/example_dags/example_sensor_decorator.py
[2025-06-12T14:19:02.217+0000] {processor.py:840} INFO - DAG(s) 'example_sensor_decorator' retrieved from /home/airflow/.local/lib/python3.12/site-packages/airflow/example_dags/example_sensor_decorator.py
[2025-06-12T14:19:02.225+0000] {logging_mixin.py:188} INFO - [2025-06-12T14:19:02.224+0000] {dag.py:3096} INFO - Sync 1 DAGs
[2025-06-12T14:19:02.230+0000] {logging_mixin.py:188} INFO - [2025-06-12T14:19:02.230+0000] {dag.py:3954} INFO - Setting next_dagrun for example_sensor_decorator to None, run_after=None
[2025-06-12T14:19:02.242+0000] {processor.py:183} INFO - Processing /home/airflow/.local/lib/python3.12/site-packages/airflow/example_dags/example_sensor_decorator.py took 0.034 seconds
[2025-06-12T14:19:32.517+0000] {processor.py:161} INFO - Started process (PID=174) to work on /home/airflow/.local/lib/python3.12/site-packages/airflow/example_dags/example_sensor_decorator.py
[2025-06-12T14:19:32.519+0000] {processor.py:830} INFO - Processing file /home/airflow/.local/lib/python3.12/site-packages/airflow/example_dags/example_sensor_decorator.py for tasks to queue
[2025-06-12T14:19:32.520+0000] {logging_mixin.py:188} INFO - [2025-06-12T14:19:32.520+0000] {dagbag.py:540} INFO - Filling up the DagBag from /home/airflow/.local/lib/python3.12/site-packages/airflow/example_dags/example_sensor_decorator.py
[2025-06-12T14:19:32.523+0000] {processor.py:840} INFO - DAG(s) 'example_sensor_decorator' retrieved from /home/airflow/.local/lib/python3.12/site-packages/airflow/example_dags/example_sensor_decorator.py
[2025-06-12T14:19:32.531+0000] {logging_mixin.py:188} INFO - [2025-06-12T14:19:32.531+0000] {dag.py:3096} INFO - Sync 1 DAGs
[2025-06-12T14:19:32.539+0000] {logging_mixin.py:188} INFO - [2025-06-12T14:19:32.539+0000] {dag.py:3954} INFO - Setting next_dagrun for example_sensor_decorator to None, run_after=None
[2025-06-12T14:19:32.549+0000] {processor.py:183} INFO - Processing /home/airflow/.local/lib/python3.12/site-packages/airflow/example_dags/example_sensor_decorator.py took 0.034 seconds
[2025-06-12T14:20:03.002+0000] {processor.py:161} INFO - Started process (PID=247) to work on /home/airflow/.local/lib/python3.12/site-packages/airflow/example_dags/example_sensor_decorator.py
[2025-06-12T14:20:03.004+0000] {processor.py:830} INFO - Processing file /home/airflow/.local/lib/python3.12/site-packages/airflow/example_dags/example_sensor_decorator.py for tasks to queue
[2025-06-12T14:20:03.005+0000] {logging_mixin.py:188} INFO - [2025-06-12T14:20:03.005+0000] {dagbag.py:540} INFO - Filling up the DagBag from /home/airflow/.local/lib/python3.12/site-packages/airflow/example_dags/example_sensor_decorator.py
[2025-06-12T14:20:03.008+0000] {processor.py:840} INFO - DAG(s) 'example_sensor_decorator' retrieved from /home/airflow/.local/lib/python3.12/site-packages/airflow/example_dags/example_sensor_decorator.py
[2025-06-12T14:20:03.053+0000] {logging_mixin.py:188} INFO - [2025-06-12T14:20:03.053+0000] {dag.py:3096} INFO - Sync 1 DAGs
[2025-06-12T14:20:03.058+0000] {logging_mixin.py:188} INFO - [2025-06-12T14:20:03.058+0000] {dag.py:3954} INFO - Setting next_dagrun for example_sensor_decorator to None, run_after=None
[2025-06-12T14:20:03.068+0000] {processor.py:183} INFO - Processing /home/airflow/.local/lib/python3.12/site-packages/airflow/example_dags/example_sensor_decorator.py took 0.068 seconds
[2025-06-12T14:20:33.174+0000] {processor.py:161} INFO - Started process (PID=322) to work on /home/airflow/.local/lib/python3.12/site-packages/airflow/example_dags/example_sensor_decorator.py
[2025-06-12T14:20:33.175+0000] {processor.py:830} INFO - Processing file /home/airflow/.local/lib/python3.12/site-packages/airflow/example_dags/example_sensor_decorator.py for tasks to queue
[2025-06-12T14:20:33.176+0000] {logging_mixin.py:188} INFO - [2025-06-12T14:20:33.176+0000] {dagbag.py:540} INFO - Filling up the DagBag from /home/airflow/.local/lib/python3.12/site-packages/airflow/example_dags/example_sensor_decorator.py
[2025-06-12T14:20:33.179+0000] {processor.py:840} INFO - DAG(s) 'example_sensor_decorator' retrieved from /home/airflow/.local/lib/python3.12/site-packages/airflow/example_dags/example_sensor_decorator.py
[2025-06-12T14:20:33.193+0000] {logging_mixin.py:188} INFO - [2025-06-12T14:20:33.193+0000] {dag.py:3096} INFO - Sync 1 DAGs
[2025-06-12T14:20:33.199+0000] {logging_mixin.py:188} INFO - [2025-06-12T14:20:33.199+0000] {dag.py:3954} INFO - Setting next_dagrun for example_sensor_decorator to None, run_after=None
[2025-06-12T14:20:33.211+0000] {processor.py:183} INFO - Processing /home/airflow/.local/lib/python3.12/site-packages/airflow/example_dags/example_sensor_decorator.py took 0.039 seconds
[2025-06-12T14:21:03.797+0000] {processor.py:161} INFO - Started process (PID=389) to work on /home/airflow/.local/lib/python3.12/site-packages/airflow/example_dags/example_sensor_decorator.py
[2025-06-12T14:21:03.798+0000] {processor.py:830} INFO - Processing file /home/airflow/.local/lib/python3.12/site-packages/airflow/example_dags/example_sensor_decorator.py for tasks to queue
[2025-06-12T14:21:03.799+0000] {logging_mixin.py:188} INFO - [2025-06-12T14:21:03.799+0000] {dagbag.py:540} INFO - Filling up the DagBag from /home/airflow/.local/lib/python3.12/site-packages/airflow/example_dags/example_sensor_decorator.py
[2025-06-12T14:21:03.802+0000] {processor.py:840} INFO - DAG(s) 'example_sensor_decorator' retrieved from /home/airflow/.local/lib/python3.12/site-packages/airflow/example_dags/example_sensor_decorator.py
[2025-06-12T14:21:03.814+0000] {logging_mixin.py:188} INFO - [2025-06-12T14:21:03.814+0000] {dag.py:3096} INFO - Sync 1 DAGs
[2025-06-12T14:21:03.820+0000] {logging_mixin.py:188} INFO - [2025-06-12T14:21:03.820+0000] {dag.py:3954} INFO - Setting next_dagrun for example_sensor_decorator to None, run_after=None
[2025-06-12T14:21:03.831+0000] {processor.py:183} INFO - Processing /home/airflow/.local/lib/python3.12/site-packages/airflow/example_dags/example_sensor_decorator.py took 0.037 seconds
[2025-06-12T14:21:34.141+0000] {processor.py:161} INFO - Started process (PID=462) to work on /home/airflow/.local/lib/python3.12/site-packages/airflow/example_dags/example_sensor_decorator.py
[2025-06-12T14:21:34.143+0000] {processor.py:830} INFO - Processing file /home/airflow/.local/lib/python3.12/site-packages/airflow/example_dags/example_sensor_decorator.py for tasks to queue
[2025-06-12T14:21:34.144+0000] {logging_mixin.py:188} INFO - [2025-06-12T14:21:34.144+0000] {dagbag.py:540} INFO - Filling up the DagBag from /home/airflow/.local/lib/python3.12/site-packages/airflow/example_dags/example_sensor_decorator.py
[2025-06-12T14:21:34.148+0000] {processor.py:840} INFO - DAG(s) 'example_sensor_decorator' retrieved from /home/airflow/.local/lib/python3.12/site-packages/airflow/example_dags/example_sensor_decorator.py
[2025-06-12T14:21:34.157+0000] {logging_mixin.py:188} INFO - [2025-06-12T14:21:34.157+0000] {dag.py:3096} INFO - Sync 1 DAGs
[2025-06-12T14:21:34.166+0000] {logging_mixin.py:188} INFO - [2025-06-12T14:21:34.166+0000] {dag.py:3954} INFO - Setting next_dagrun for example_sensor_decorator to None, run_after=None
[2025-06-12T14:21:34.176+0000] {processor.py:183} INFO - Processing /home/airflow/.local/lib/python3.12/site-packages/airflow/example_dags/example_sensor_decorator.py took 0.040 seconds
[2025-06-12T14:22:04.385+0000] {processor.py:161} INFO - Started process (PID=536) to work on /home/airflow/.local/lib/python3.12/site-packages/airflow/example_dags/example_sensor_decorator.py
[2025-06-12T14:22:04.386+0000] {processor.py:830} INFO - Processing file /home/airflow/.local/lib/python3.12/site-packages/airflow/example_dags/example_sensor_decorator.py for tasks to queue
[2025-06-12T14:22:04.387+0000] {logging_mixin.py:188} INFO - [2025-06-12T14:22:04.387+0000] {dagbag.py:540} INFO - Filling up the DagBag from /home/airflow/.local/lib/python3.12/site-packages/airflow/example_dags/example_sensor_decorator.py
[2025-06-12T14:22:04.390+0000] {processor.py:840} INFO - DAG(s) 'example_sensor_decorator' retrieved from /home/airflow/.local/lib/python3.12/site-packages/airflow/example_dags/example_sensor_decorator.py
[2025-06-12T14:22:04.410+0000] {logging_mixin.py:188} INFO - [2025-06-12T14:22:04.410+0000] {dag.py:3096} INFO - Sync 1 DAGs
[2025-06-12T14:22:04.419+0000] {logging_mixin.py:188} INFO - [2025-06-12T14:22:04.419+0000] {dag.py:3954} INFO - Setting next_dagrun for example_sensor_decorator to None, run_after=None
[2025-06-12T14:22:04.436+0000] {processor.py:183} INFO - Processing /home/airflow/.local/lib/python3.12/site-packages/airflow/example_dags/example_sensor_decorator.py took 0.055 seconds
[2025-06-12T14:22:34.663+0000] {processor.py:161} INFO - Started process (PID=603) to work on /home/airflow/.local/lib/python3.12/site-packages/airflow/example_dags/example_sensor_decorator.py
[2025-06-12T14:22:34.663+0000] {processor.py:830} INFO - Processing file /home/airflow/.local/lib/python3.12/site-packages/airflow/example_dags/example_sensor_decorator.py for tasks to queue
[2025-06-12T14:22:34.664+0000] {logging_mixin.py:188} INFO - [2025-06-12T14:22:34.664+0000] {dagbag.py:540} INFO - Filling up the DagBag from /home/airflow/.local/lib/python3.12/site-packages/airflow/example_dags/example_sensor_decorator.py
[2025-06-12T14:22:34.666+0000] {processor.py:840} INFO - DAG(s) 'example_sensor_decorator' retrieved from /home/airflow/.local/lib/python3.12/site-packages/airflow/example_dags/example_sensor_decorator.py
[2025-06-12T14:22:34.676+0000] {logging_mixin.py:188} INFO - [2025-06-12T14:22:34.675+0000] {dag.py:3096} INFO - Sync 1 DAGs
[2025-06-12T14:22:34.680+0000] {logging_mixin.py:188} INFO - [2025-06-12T14:22:34.680+0000] {dag.py:3954} INFO - Setting next_dagrun for example_sensor_decorator to None, run_after=None
[2025-06-12T14:22:34.686+0000] {processor.py:183} INFO - Processing /home/airflow/.local/lib/python3.12/site-packages/airflow/example_dags/example_sensor_decorator.py took 0.026 seconds
[2025-06-12T14:23:04.737+0000] {processor.py:161} INFO - Started process (PID=677) to work on /home/airflow/.local/lib/python3.12/site-packages/airflow/example_dags/example_sensor_decorator.py
[2025-06-12T14:23:04.738+0000] {processor.py:830} INFO - Processing file /home/airflow/.local/lib/python3.12/site-packages/airflow/example_dags/example_sensor_decorator.py for tasks to queue
[2025-06-12T14:23:04.739+0000] {logging_mixin.py:188} INFO - [2025-06-12T14:23:04.738+0000] {dagbag.py:540} INFO - Filling up the DagBag from /home/airflow/.local/lib/python3.12/site-packages/airflow/example_dags/example_sensor_decorator.py
[2025-06-12T14:23:04.742+0000] {processor.py:840} INFO - DAG(s) 'example_sensor_decorator' retrieved from /home/airflow/.local/lib/python3.12/site-packages/airflow/example_dags/example_sensor_decorator.py
[2025-06-12T14:23:04.754+0000] {logging_mixin.py:188} INFO - [2025-06-12T14:23:04.754+0000] {dag.py:3096} INFO - Sync 1 DAGs
[2025-06-12T14:23:04.760+0000] {logging_mixin.py:188} INFO - [2025-06-12T14:23:04.760+0000] {dag.py:3954} INFO - Setting next_dagrun for example_sensor_decorator to None, run_after=None
[2025-06-12T14:23:04.767+0000] {processor.py:183} INFO - Processing /home/airflow/.local/lib/python3.12/site-packages/airflow/example_dags/example_sensor_decorator.py took 0.032 seconds
[2025-06-12T14:23:34.945+0000] {processor.py:161} INFO - Started process (PID=744) to work on /home/airflow/.local/lib/python3.12/site-packages/airflow/example_dags/example_sensor_decorator.py
[2025-06-12T14:23:34.946+0000] {processor.py:830} INFO - Processing file /home/airflow/.local/lib/python3.12/site-packages/airflow/example_dags/example_sensor_decorator.py for tasks to queue
[2025-06-12T14:23:34.946+0000] {logging_mixin.py:188} INFO - [2025-06-12T14:23:34.946+0000] {dagbag.py:540} INFO - Filling up the DagBag from /home/airflow/.local/lib/python3.12/site-packages/airflow/example_dags/example_sensor_decorator.py
[2025-06-12T14:23:34.949+0000] {processor.py:840} INFO - DAG(s) 'example_sensor_decorator' retrieved from /home/airflow/.local/lib/python3.12/site-packages/airflow/example_dags/example_sensor_decorator.py
[2025-06-12T14:23:34.958+0000] {logging_mixin.py:188} INFO - [2025-06-12T14:23:34.958+0000] {dag.py:3096} INFO - Sync 1 DAGs
[2025-06-12T14:23:34.963+0000] {logging_mixin.py:188} INFO - [2025-06-12T14:23:34.963+0000] {dag.py:3954} INFO - Setting next_dagrun for example_sensor_decorator to None, run_after=None
[2025-06-12T14:23:34.970+0000] {processor.py:183} INFO - Processing /home/airflow/.local/lib/python3.12/site-packages/airflow/example_dags/example_sensor_decorator.py took 0.027 seconds
[2025-06-12T14:24:05.613+0000] {processor.py:161} INFO - Started process (PID=818) to work on /home/airflow/.local/lib/python3.12/site-packages/airflow/example_dags/example_sensor_decorator.py
[2025-06-12T14:24:05.614+0000] {processor.py:830} INFO - Processing file /home/airflow/.local/lib/python3.12/site-packages/airflow/example_dags/example_sensor_decorator.py for tasks to queue
[2025-06-12T14:24:05.615+0000] {logging_mixin.py:188} INFO - [2025-06-12T14:24:05.615+0000] {dagbag.py:540} INFO - Filling up the DagBag from /home/airflow/.local/lib/python3.12/site-packages/airflow/example_dags/example_sensor_decorator.py
[2025-06-12T14:24:05.618+0000] {processor.py:840} INFO - DAG(s) 'example_sensor_decorator' retrieved from /home/airflow/.local/lib/python3.12/site-packages/airflow/example_dags/example_sensor_decorator.py
[2025-06-12T14:24:05.626+0000] {logging_mixin.py:188} INFO - [2025-06-12T14:24:05.626+0000] {dag.py:3096} INFO - Sync 1 DAGs
[2025-06-12T14:24:05.631+0000] {logging_mixin.py:188} INFO - [2025-06-12T14:24:05.631+0000] {dag.py:3954} INFO - Setting next_dagrun for example_sensor_decorator to None, run_after=None
[2025-06-12T14:24:05.643+0000] {processor.py:183} INFO - Processing /home/airflow/.local/lib/python3.12/site-packages/airflow/example_dags/example_sensor_decorator.py took 0.032 seconds
[2025-06-12T14:24:36.412+0000] {processor.py:161} INFO - Started process (PID=892) to work on /home/airflow/.local/lib/python3.12/site-packages/airflow/example_dags/example_sensor_decorator.py
[2025-06-12T14:24:36.413+0000] {processor.py:830} INFO - Processing file /home/airflow/.local/lib/python3.12/site-packages/airflow/example_dags/example_sensor_decorator.py for tasks to queue
[2025-06-12T14:24:36.414+0000] {logging_mixin.py:188} INFO - [2025-06-12T14:24:36.414+0000] {dagbag.py:540} INFO - Filling up the DagBag from /home/airflow/.local/lib/python3.12/site-packages/airflow/example_dags/example_sensor_decorator.py
[2025-06-12T14:24:36.417+0000] {processor.py:840} INFO - DAG(s) 'example_sensor_decorator' retrieved from /home/airflow/.local/lib/python3.12/site-packages/airflow/example_dags/example_sensor_decorator.py
[2025-06-12T14:24:36.435+0000] {logging_mixin.py:188} INFO - [2025-06-12T14:24:36.435+0000] {dag.py:3096} INFO - Sync 1 DAGs
[2025-06-12T14:24:36.442+0000] {logging_mixin.py:188} INFO - [2025-06-12T14:24:36.441+0000] {dag.py:3954} INFO - Setting next_dagrun for example_sensor_decorator to None, run_after=None
[2025-06-12T14:24:36.455+0000] {processor.py:183} INFO - Processing /home/airflow/.local/lib/python3.12/site-packages/airflow/example_dags/example_sensor_decorator.py took 0.045 seconds
[2025-06-12T14:25:06.746+0000] {processor.py:161} INFO - Started process (PID=959) to work on /home/airflow/.local/lib/python3.12/site-packages/airflow/example_dags/example_sensor_decorator.py
[2025-06-12T14:25:06.747+0000] {processor.py:830} INFO - Processing file /home/airflow/.local/lib/python3.12/site-packages/airflow/example_dags/example_sensor_decorator.py for tasks to queue
[2025-06-12T14:25:06.748+0000] {logging_mixin.py:188} INFO - [2025-06-12T14:25:06.747+0000] {dagbag.py:540} INFO - Filling up the DagBag from /home/airflow/.local/lib/python3.12/site-packages/airflow/example_dags/example_sensor_decorator.py
[2025-06-12T14:25:06.751+0000] {processor.py:840} INFO - DAG(s) 'example_sensor_decorator' retrieved from /home/airflow/.local/lib/python3.12/site-packages/airflow/example_dags/example_sensor_decorator.py
[2025-06-12T14:25:06.762+0000] {logging_mixin.py:188} INFO - [2025-06-12T14:25:06.762+0000] {dag.py:3096} INFO - Sync 1 DAGs
[2025-06-12T14:25:06.767+0000] {logging_mixin.py:188} INFO - [2025-06-12T14:25:06.767+0000] {dag.py:3954} INFO - Setting next_dagrun for example_sensor_decorator to None, run_after=None
[2025-06-12T14:25:06.774+0000] {processor.py:183} INFO - Processing /home/airflow/.local/lib/python3.12/site-packages/airflow/example_dags/example_sensor_decorator.py took 0.031 seconds
[2025-06-12T14:25:36.960+0000] {processor.py:161} INFO - Started process (PID=1033) to work on /home/airflow/.local/lib/python3.12/site-packages/airflow/example_dags/example_sensor_decorator.py
[2025-06-12T14:25:36.961+0000] {processor.py:830} INFO - Processing file /home/airflow/.local/lib/python3.12/site-packages/airflow/example_dags/example_sensor_decorator.py for tasks to queue
[2025-06-12T14:25:36.962+0000] {logging_mixin.py:188} INFO - [2025-06-12T14:25:36.962+0000] {dagbag.py:540} INFO - Filling up the DagBag from /home/airflow/.local/lib/python3.12/site-packages/airflow/example_dags/example_sensor_decorator.py
[2025-06-12T14:25:36.964+0000] {processor.py:840} INFO - DAG(s) 'example_sensor_decorator' retrieved from /home/airflow/.local/lib/python3.12/site-packages/airflow/example_dags/example_sensor_decorator.py
[2025-06-12T14:25:36.978+0000] {logging_mixin.py:188} INFO - [2025-06-12T14:25:36.978+0000] {dag.py:3096} INFO - Sync 1 DAGs
[2025-06-12T14:25:36.984+0000] {logging_mixin.py:188} INFO - [2025-06-12T14:25:36.984+0000] {dag.py:3954} INFO - Setting next_dagrun for example_sensor_decorator to None, run_after=None
[2025-06-12T14:25:36.996+0000] {processor.py:183} INFO - Processing /home/airflow/.local/lib/python3.12/site-packages/airflow/example_dags/example_sensor_decorator.py took 0.039 seconds
[2025-06-12T14:26:07.235+0000] {processor.py:161} INFO - Started process (PID=1100) to work on /home/airflow/.local/lib/python3.12/site-packages/airflow/example_dags/example_sensor_decorator.py
[2025-06-12T14:26:07.236+0000] {processor.py:830} INFO - Processing file /home/airflow/.local/lib/python3.12/site-packages/airflow/example_dags/example_sensor_decorator.py for tasks to queue
[2025-06-12T14:26:07.237+0000] {logging_mixin.py:188} INFO - [2025-06-12T14:26:07.236+0000] {dagbag.py:540} INFO - Filling up the DagBag from /home/airflow/.local/lib/python3.12/site-packages/airflow/example_dags/example_sensor_decorator.py
[2025-06-12T14:26:07.239+0000] {processor.py:840} INFO - DAG(s) 'example_sensor_decorator' retrieved from /home/airflow/.local/lib/python3.12/site-packages/airflow/example_dags/example_sensor_decorator.py
[2025-06-12T14:26:07.256+0000] {logging_mixin.py:188} INFO - [2025-06-12T14:26:07.256+0000] {dag.py:3096} INFO - Sync 1 DAGs
[2025-06-12T14:26:07.265+0000] {logging_mixin.py:188} INFO - [2025-06-12T14:26:07.264+0000] {dag.py:3954} INFO - Setting next_dagrun for example_sensor_decorator to None, run_after=None
[2025-06-12T14:26:07.280+0000] {processor.py:183} INFO - Processing /home/airflow/.local/lib/python3.12/site-packages/airflow/example_dags/example_sensor_decorator.py took 0.048 seconds
[2025-06-12T14:26:37.871+0000] {processor.py:161} INFO - Started process (PID=1174) to work on /home/airflow/.local/lib/python3.12/site-packages/airflow/example_dags/example_sensor_decorator.py
[2025-06-12T14:26:37.873+0000] {processor.py:830} INFO - Processing file /home/airflow/.local/lib/python3.12/site-packages/airflow/example_dags/example_sensor_decorator.py for tasks to queue
[2025-06-12T14:26:37.877+0000] {logging_mixin.py:188} INFO - [2025-06-12T14:26:37.877+0000] {dagbag.py:540} INFO - Filling up the DagBag from /home/airflow/.local/lib/python3.12/site-packages/airflow/example_dags/example_sensor_decorator.py
[2025-06-12T14:26:37.886+0000] {processor.py:840} INFO - DAG(s) 'example_sensor_decorator' retrieved from /home/airflow/.local/lib/python3.12/site-packages/airflow/example_dags/example_sensor_decorator.py
[2025-06-12T14:26:37.903+0000] {logging_mixin.py:188} INFO - [2025-06-12T14:26:37.903+0000] {dag.py:3096} INFO - Sync 1 DAGs
[2025-06-12T14:26:37.909+0000] {logging_mixin.py:188} INFO - [2025-06-12T14:26:37.909+0000] {dag.py:3954} INFO - Setting next_dagrun for example_sensor_decorator to None, run_after=None
[2025-06-12T14:26:38.035+0000] {processor.py:183} INFO - Processing /home/airflow/.local/lib/python3.12/site-packages/airflow/example_dags/example_sensor_decorator.py took 0.170 seconds
[2025-06-12T14:27:08.664+0000] {processor.py:161} INFO - Started process (PID=1248) to work on /home/airflow/.local/lib/python3.12/site-packages/airflow/example_dags/example_sensor_decorator.py
[2025-06-12T14:27:08.667+0000] {processor.py:830} INFO - Processing file /home/airflow/.local/lib/python3.12/site-packages/airflow/example_dags/example_sensor_decorator.py for tasks to queue
[2025-06-12T14:27:08.668+0000] {logging_mixin.py:188} INFO - [2025-06-12T14:27:08.668+0000] {dagbag.py:540} INFO - Filling up the DagBag from /home/airflow/.local/lib/python3.12/site-packages/airflow/example_dags/example_sensor_decorator.py
[2025-06-12T14:27:08.671+0000] {processor.py:840} INFO - DAG(s) 'example_sensor_decorator' retrieved from /home/airflow/.local/lib/python3.12/site-packages/airflow/example_dags/example_sensor_decorator.py
[2025-06-12T14:27:08.685+0000] {logging_mixin.py:188} INFO - [2025-06-12T14:27:08.685+0000] {dag.py:3096} INFO - Sync 1 DAGs
[2025-06-12T14:27:08.693+0000] {logging_mixin.py:188} INFO - [2025-06-12T14:27:08.693+0000] {dag.py:3954} INFO - Setting next_dagrun for example_sensor_decorator to None, run_after=None
[2025-06-12T14:27:08.704+0000] {processor.py:183} INFO - Processing /home/airflow/.local/lib/python3.12/site-packages/airflow/example_dags/example_sensor_decorator.py took 0.043 seconds
[2025-06-12T14:27:38.907+0000] {processor.py:161} INFO - Started process (PID=1315) to work on /home/airflow/.local/lib/python3.12/site-packages/airflow/example_dags/example_sensor_decorator.py
[2025-06-12T14:27:38.908+0000] {processor.py:830} INFO - Processing file /home/airflow/.local/lib/python3.12/site-packages/airflow/example_dags/example_sensor_decorator.py for tasks to queue
[2025-06-12T14:27:38.909+0000] {logging_mixin.py:188} INFO - [2025-06-12T14:27:38.909+0000] {dagbag.py:540} INFO - Filling up the DagBag from /home/airflow/.local/lib/python3.12/site-packages/airflow/example_dags/example_sensor_decorator.py
[2025-06-12T14:27:38.912+0000] {processor.py:840} INFO - DAG(s) 'example_sensor_decorator' retrieved from /home/airflow/.local/lib/python3.12/site-packages/airflow/example_dags/example_sensor_decorator.py
[2025-06-12T14:27:38.921+0000] {logging_mixin.py:188} INFO - [2025-06-12T14:27:38.921+0000] {dag.py:3096} INFO - Sync 1 DAGs
[2025-06-12T14:27:38.925+0000] {logging_mixin.py:188} INFO - [2025-06-12T14:27:38.925+0000] {dag.py:3954} INFO - Setting next_dagrun for example_sensor_decorator to None, run_after=None
[2025-06-12T14:27:38.937+0000] {processor.py:183} INFO - Processing /home/airflow/.local/lib/python3.12/site-packages/airflow/example_dags/example_sensor_decorator.py took 0.033 seconds
[2025-06-12T14:28:09.579+0000] {processor.py:161} INFO - Started process (PID=1389) to work on /home/airflow/.local/lib/python3.12/site-packages/airflow/example_dags/example_sensor_decorator.py
[2025-06-12T14:28:09.579+0000] {processor.py:830} INFO - Processing file /home/airflow/.local/lib/python3.12/site-packages/airflow/example_dags/example_sensor_decorator.py for tasks to queue
[2025-06-12T14:28:09.580+0000] {logging_mixin.py:188} INFO - [2025-06-12T14:28:09.580+0000] {dagbag.py:540} INFO - Filling up the DagBag from /home/airflow/.local/lib/python3.12/site-packages/airflow/example_dags/example_sensor_decorator.py
[2025-06-12T14:28:09.583+0000] {processor.py:840} INFO - DAG(s) 'example_sensor_decorator' retrieved from /home/airflow/.local/lib/python3.12/site-packages/airflow/example_dags/example_sensor_decorator.py
[2025-06-12T14:28:09.593+0000] {logging_mixin.py:188} INFO - [2025-06-12T14:28:09.593+0000] {dag.py:3096} INFO - Sync 1 DAGs
[2025-06-12T14:28:09.599+0000] {logging_mixin.py:188} INFO - [2025-06-12T14:28:09.599+0000] {dag.py:3954} INFO - Setting next_dagrun for example_sensor_decorator to None, run_after=None
[2025-06-12T14:28:09.607+0000] {processor.py:183} INFO - Processing /home/airflow/.local/lib/python3.12/site-packages/airflow/example_dags/example_sensor_decorator.py took 0.031 seconds
[2025-06-12T14:35:49.973+0000] {processor.py:161} INFO - Started process (PID=40) to work on /home/airflow/.local/lib/python3.12/site-packages/airflow/example_dags/example_sensor_decorator.py
[2025-06-12T14:35:49.977+0000] {processor.py:830} INFO - Processing file /home/airflow/.local/lib/python3.12/site-packages/airflow/example_dags/example_sensor_decorator.py for tasks to queue
[2025-06-12T14:35:49.981+0000] {logging_mixin.py:188} INFO - [2025-06-12T14:35:49.981+0000] {dagbag.py:540} INFO - Filling up the DagBag from /home/airflow/.local/lib/python3.12/site-packages/airflow/example_dags/example_sensor_decorator.py
[2025-06-12T14:35:49.989+0000] {processor.py:840} INFO - DAG(s) 'example_sensor_decorator' retrieved from /home/airflow/.local/lib/python3.12/site-packages/airflow/example_dags/example_sensor_decorator.py
[2025-06-12T14:35:50.007+0000] {logging_mixin.py:188} INFO - [2025-06-12T14:35:50.007+0000] {dag.py:3096} INFO - Sync 1 DAGs
[2025-06-12T14:35:50.019+0000] {logging_mixin.py:188} INFO - [2025-06-12T14:35:50.019+0000] {dag.py:3954} INFO - Setting next_dagrun for example_sensor_decorator to None, run_after=None
[2025-06-12T14:35:50.046+0000] {processor.py:183} INFO - Processing /home/airflow/.local/lib/python3.12/site-packages/airflow/example_dags/example_sensor_decorator.py took 0.093 seconds
[2025-06-12T14:36:20.601+0000] {processor.py:161} INFO - Started process (PID=107) to work on /home/airflow/.local/lib/python3.12/site-packages/airflow/example_dags/example_sensor_decorator.py
[2025-06-12T14:36:20.602+0000] {processor.py:830} INFO - Processing file /home/airflow/.local/lib/python3.12/site-packages/airflow/example_dags/example_sensor_decorator.py for tasks to queue
[2025-06-12T14:36:20.605+0000] {logging_mixin.py:188} INFO - [2025-06-12T14:36:20.604+0000] {dagbag.py:540} INFO - Filling up the DagBag from /home/airflow/.local/lib/python3.12/site-packages/airflow/example_dags/example_sensor_decorator.py
[2025-06-12T14:36:20.612+0000] {processor.py:840} INFO - DAG(s) 'example_sensor_decorator' retrieved from /home/airflow/.local/lib/python3.12/site-packages/airflow/example_dags/example_sensor_decorator.py
[2025-06-12T14:36:20.665+0000] {logging_mixin.py:188} INFO - [2025-06-12T14:36:20.665+0000] {dag.py:3096} INFO - Sync 1 DAGs
[2025-06-12T14:36:20.668+0000] {logging_mixin.py:188} INFO - [2025-06-12T14:36:20.668+0000] {dag.py:3954} INFO - Setting next_dagrun for example_sensor_decorator to None, run_after=None
[2025-06-12T14:36:20.680+0000] {processor.py:183} INFO - Processing /home/airflow/.local/lib/python3.12/site-packages/airflow/example_dags/example_sensor_decorator.py took 0.082 seconds
[2025-06-12T14:36:51.242+0000] {processor.py:161} INFO - Started process (PID=180) to work on /home/airflow/.local/lib/python3.12/site-packages/airflow/example_dags/example_sensor_decorator.py
[2025-06-12T14:36:51.243+0000] {processor.py:830} INFO - Processing file /home/airflow/.local/lib/python3.12/site-packages/airflow/example_dags/example_sensor_decorator.py for tasks to queue
[2025-06-12T14:36:51.246+0000] {logging_mixin.py:188} INFO - [2025-06-12T14:36:51.245+0000] {dagbag.py:540} INFO - Filling up the DagBag from /home/airflow/.local/lib/python3.12/site-packages/airflow/example_dags/example_sensor_decorator.py
[2025-06-12T14:36:51.250+0000] {processor.py:840} INFO - DAG(s) 'example_sensor_decorator' retrieved from /home/airflow/.local/lib/python3.12/site-packages/airflow/example_dags/example_sensor_decorator.py
[2025-06-12T14:36:51.267+0000] {logging_mixin.py:188} INFO - [2025-06-12T14:36:51.267+0000] {dag.py:3096} INFO - Sync 1 DAGs
[2025-06-12T14:36:51.274+0000] {logging_mixin.py:188} INFO - [2025-06-12T14:36:51.274+0000] {dag.py:3954} INFO - Setting next_dagrun for example_sensor_decorator to None, run_after=None
[2025-06-12T14:36:51.284+0000] {processor.py:183} INFO - Processing /home/airflow/.local/lib/python3.12/site-packages/airflow/example_dags/example_sensor_decorator.py took 0.045 seconds
[2025-06-12T14:37:21.677+0000] {processor.py:161} INFO - Started process (PID=247) to work on /home/airflow/.local/lib/python3.12/site-packages/airflow/example_dags/example_sensor_decorator.py
[2025-06-12T14:37:21.678+0000] {processor.py:830} INFO - Processing file /home/airflow/.local/lib/python3.12/site-packages/airflow/example_dags/example_sensor_decorator.py for tasks to queue
[2025-06-12T14:37:21.679+0000] {logging_mixin.py:188} INFO - [2025-06-12T14:37:21.679+0000] {dagbag.py:540} INFO - Filling up the DagBag from /home/airflow/.local/lib/python3.12/site-packages/airflow/example_dags/example_sensor_decorator.py
[2025-06-12T14:37:21.682+0000] {processor.py:840} INFO - DAG(s) 'example_sensor_decorator' retrieved from /home/airflow/.local/lib/python3.12/site-packages/airflow/example_dags/example_sensor_decorator.py
[2025-06-12T14:37:21.696+0000] {logging_mixin.py:188} INFO - [2025-06-12T14:37:21.696+0000] {dag.py:3096} INFO - Sync 1 DAGs
[2025-06-12T14:37:21.705+0000] {logging_mixin.py:188} INFO - [2025-06-12T14:37:21.705+0000] {dag.py:3954} INFO - Setting next_dagrun for example_sensor_decorator to None, run_after=None
[2025-06-12T14:37:21.722+0000] {processor.py:183} INFO - Processing /home/airflow/.local/lib/python3.12/site-packages/airflow/example_dags/example_sensor_decorator.py took 0.047 seconds
[2025-06-12T14:37:52.161+0000] {processor.py:161} INFO - Started process (PID=321) to work on /home/airflow/.local/lib/python3.12/site-packages/airflow/example_dags/example_sensor_decorator.py
[2025-06-12T14:37:52.162+0000] {processor.py:830} INFO - Processing file /home/airflow/.local/lib/python3.12/site-packages/airflow/example_dags/example_sensor_decorator.py for tasks to queue
[2025-06-12T14:37:52.163+0000] {logging_mixin.py:188} INFO - [2025-06-12T14:37:52.163+0000] {dagbag.py:540} INFO - Filling up the DagBag from /home/airflow/.local/lib/python3.12/site-packages/airflow/example_dags/example_sensor_decorator.py
[2025-06-12T14:37:52.166+0000] {processor.py:840} INFO - DAG(s) 'example_sensor_decorator' retrieved from /home/airflow/.local/lib/python3.12/site-packages/airflow/example_dags/example_sensor_decorator.py
[2025-06-12T14:37:52.181+0000] {logging_mixin.py:188} INFO - [2025-06-12T14:37:52.181+0000] {dag.py:3096} INFO - Sync 1 DAGs
[2025-06-12T14:37:52.187+0000] {logging_mixin.py:188} INFO - [2025-06-12T14:37:52.187+0000] {dag.py:3954} INFO - Setting next_dagrun for example_sensor_decorator to None, run_after=None
[2025-06-12T14:37:52.199+0000] {processor.py:183} INFO - Processing /home/airflow/.local/lib/python3.12/site-packages/airflow/example_dags/example_sensor_decorator.py took 0.041 seconds
[2025-06-12T14:38:22.677+0000] {processor.py:161} INFO - Started process (PID=396) to work on /home/airflow/.local/lib/python3.12/site-packages/airflow/example_dags/example_sensor_decorator.py
[2025-06-12T14:38:22.678+0000] {processor.py:830} INFO - Processing file /home/airflow/.local/lib/python3.12/site-packages/airflow/example_dags/example_sensor_decorator.py for tasks to queue
[2025-06-12T14:38:22.680+0000] {logging_mixin.py:188} INFO - [2025-06-12T14:38:22.680+0000] {dagbag.py:540} INFO - Filling up the DagBag from /home/airflow/.local/lib/python3.12/site-packages/airflow/example_dags/example_sensor_decorator.py
[2025-06-12T14:38:22.684+0000] {processor.py:840} INFO - DAG(s) 'example_sensor_decorator' retrieved from /home/airflow/.local/lib/python3.12/site-packages/airflow/example_dags/example_sensor_decorator.py
[2025-06-12T14:38:22.718+0000] {logging_mixin.py:188} INFO - [2025-06-12T14:38:22.718+0000] {dag.py:3096} INFO - Sync 1 DAGs
[2025-06-12T14:38:22.732+0000] {logging_mixin.py:188} INFO - [2025-06-12T14:38:22.732+0000] {dag.py:3954} INFO - Setting next_dagrun for example_sensor_decorator to None, run_after=None
[2025-06-12T14:38:22.769+0000] {processor.py:183} INFO - Processing /home/airflow/.local/lib/python3.12/site-packages/airflow/example_dags/example_sensor_decorator.py took 0.095 seconds
[2025-06-12T14:38:52.798+0000] {processor.py:161} INFO - Started process (PID=463) to work on /home/airflow/.local/lib/python3.12/site-packages/airflow/example_dags/example_sensor_decorator.py
[2025-06-12T14:38:52.798+0000] {processor.py:830} INFO - Processing file /home/airflow/.local/lib/python3.12/site-packages/airflow/example_dags/example_sensor_decorator.py for tasks to queue
[2025-06-12T14:38:52.799+0000] {logging_mixin.py:188} INFO - [2025-06-12T14:38:52.799+0000] {dagbag.py:540} INFO - Filling up the DagBag from /home/airflow/.local/lib/python3.12/site-packages/airflow/example_dags/example_sensor_decorator.py
[2025-06-12T14:38:52.802+0000] {processor.py:840} INFO - DAG(s) 'example_sensor_decorator' retrieved from /home/airflow/.local/lib/python3.12/site-packages/airflow/example_dags/example_sensor_decorator.py
[2025-06-12T14:38:52.816+0000] {logging_mixin.py:188} INFO - [2025-06-12T14:38:52.816+0000] {dag.py:3096} INFO - Sync 1 DAGs
[2025-06-12T14:38:52.821+0000] {logging_mixin.py:188} INFO - [2025-06-12T14:38:52.821+0000] {dag.py:3954} INFO - Setting next_dagrun for example_sensor_decorator to None, run_after=None
[2025-06-12T14:38:52.833+0000] {processor.py:183} INFO - Processing /home/airflow/.local/lib/python3.12/site-packages/airflow/example_dags/example_sensor_decorator.py took 0.037 seconds
[2025-06-12T14:39:23.103+0000] {processor.py:161} INFO - Started process (PID=537) to work on /home/airflow/.local/lib/python3.12/site-packages/airflow/example_dags/example_sensor_decorator.py
[2025-06-12T14:39:23.104+0000] {processor.py:830} INFO - Processing file /home/airflow/.local/lib/python3.12/site-packages/airflow/example_dags/example_sensor_decorator.py for tasks to queue
[2025-06-12T14:39:23.105+0000] {logging_mixin.py:188} INFO - [2025-06-12T14:39:23.105+0000] {dagbag.py:540} INFO - Filling up the DagBag from /home/airflow/.local/lib/python3.12/site-packages/airflow/example_dags/example_sensor_decorator.py
[2025-06-12T14:39:23.108+0000] {processor.py:840} INFO - DAG(s) 'example_sensor_decorator' retrieved from /home/airflow/.local/lib/python3.12/site-packages/airflow/example_dags/example_sensor_decorator.py
[2025-06-12T14:39:23.123+0000] {logging_mixin.py:188} INFO - [2025-06-12T14:39:23.123+0000] {dag.py:3096} INFO - Sync 1 DAGs
[2025-06-12T14:39:23.128+0000] {logging_mixin.py:188} INFO - [2025-06-12T14:39:23.128+0000] {dag.py:3954} INFO - Setting next_dagrun for example_sensor_decorator to None, run_after=None
[2025-06-12T14:39:23.144+0000] {processor.py:183} INFO - Processing /home/airflow/.local/lib/python3.12/site-packages/airflow/example_dags/example_sensor_decorator.py took 0.045 seconds
[2025-06-12T14:46:27.513+0000] {processor.py:161} INFO - Started process (PID=42) to work on /home/airflow/.local/lib/python3.12/site-packages/airflow/example_dags/example_sensor_decorator.py
[2025-06-12T14:46:27.515+0000] {processor.py:830} INFO - Processing file /home/airflow/.local/lib/python3.12/site-packages/airflow/example_dags/example_sensor_decorator.py for tasks to queue
[2025-06-12T14:46:27.524+0000] {logging_mixin.py:188} INFO - [2025-06-12T14:46:27.522+0000] {dagbag.py:540} INFO - Filling up the DagBag from /home/airflow/.local/lib/python3.12/site-packages/airflow/example_dags/example_sensor_decorator.py
[2025-06-12T14:46:27.537+0000] {processor.py:840} INFO - DAG(s) 'example_sensor_decorator' retrieved from /home/airflow/.local/lib/python3.12/site-packages/airflow/example_dags/example_sensor_decorator.py
[2025-06-12T14:46:27.584+0000] {logging_mixin.py:188} INFO - [2025-06-12T14:46:27.583+0000] {dag.py:3096} INFO - Sync 1 DAGs
[2025-06-12T14:46:27.653+0000] {logging_mixin.py:188} INFO - [2025-06-12T14:46:27.653+0000] {dag.py:3954} INFO - Setting next_dagrun for example_sensor_decorator to None, run_after=None
[2025-06-12T14:46:27.684+0000] {processor.py:183} INFO - Processing /home/airflow/.local/lib/python3.12/site-packages/airflow/example_dags/example_sensor_decorator.py took 0.190 seconds
[2025-06-12T14:46:57.971+0000] {processor.py:161} INFO - Started process (PID=109) to work on /home/airflow/.local/lib/python3.12/site-packages/airflow/example_dags/example_sensor_decorator.py
[2025-06-12T14:46:57.974+0000] {processor.py:830} INFO - Processing file /home/airflow/.local/lib/python3.12/site-packages/airflow/example_dags/example_sensor_decorator.py for tasks to queue
[2025-06-12T14:46:57.978+0000] {logging_mixin.py:188} INFO - [2025-06-12T14:46:57.977+0000] {dagbag.py:540} INFO - Filling up the DagBag from /home/airflow/.local/lib/python3.12/site-packages/airflow/example_dags/example_sensor_decorator.py
[2025-06-12T14:46:57.981+0000] {processor.py:840} INFO - DAG(s) 'example_sensor_decorator' retrieved from /home/airflow/.local/lib/python3.12/site-packages/airflow/example_dags/example_sensor_decorator.py
[2025-06-12T14:46:58.138+0000] {logging_mixin.py:188} INFO - [2025-06-12T14:46:58.138+0000] {dag.py:3096} INFO - Sync 1 DAGs
[2025-06-12T14:46:58.155+0000] {logging_mixin.py:188} INFO - [2025-06-12T14:46:58.155+0000] {dag.py:3954} INFO - Setting next_dagrun for example_sensor_decorator to None, run_after=None
[2025-06-12T14:46:58.170+0000] {processor.py:183} INFO - Processing /home/airflow/.local/lib/python3.12/site-packages/airflow/example_dags/example_sensor_decorator.py took 0.203 seconds
[2025-06-12T14:47:28.829+0000] {processor.py:161} INFO - Started process (PID=175) to work on /home/airflow/.local/lib/python3.12/site-packages/airflow/example_dags/example_sensor_decorator.py
[2025-06-12T14:47:28.830+0000] {processor.py:830} INFO - Processing file /home/airflow/.local/lib/python3.12/site-packages/airflow/example_dags/example_sensor_decorator.py for tasks to queue
[2025-06-12T14:47:28.831+0000] {logging_mixin.py:188} INFO - [2025-06-12T14:47:28.831+0000] {dagbag.py:540} INFO - Filling up the DagBag from /home/airflow/.local/lib/python3.12/site-packages/airflow/example_dags/example_sensor_decorator.py
[2025-06-12T14:47:28.838+0000] {processor.py:840} INFO - DAG(s) 'example_sensor_decorator' retrieved from /home/airflow/.local/lib/python3.12/site-packages/airflow/example_dags/example_sensor_decorator.py
[2025-06-12T14:47:28.852+0000] {logging_mixin.py:188} INFO - [2025-06-12T14:47:28.852+0000] {dag.py:3096} INFO - Sync 1 DAGs
[2025-06-12T14:47:28.861+0000] {logging_mixin.py:188} INFO - [2025-06-12T14:47:28.861+0000] {dag.py:3954} INFO - Setting next_dagrun for example_sensor_decorator to None, run_after=None
[2025-06-12T14:47:28.871+0000] {processor.py:183} INFO - Processing /home/airflow/.local/lib/python3.12/site-packages/airflow/example_dags/example_sensor_decorator.py took 0.045 seconds
[2025-06-12T14:47:59.348+0000] {processor.py:161} INFO - Started process (PID=249) to work on /home/airflow/.local/lib/python3.12/site-packages/airflow/example_dags/example_sensor_decorator.py
[2025-06-12T14:47:59.349+0000] {processor.py:830} INFO - Processing file /home/airflow/.local/lib/python3.12/site-packages/airflow/example_dags/example_sensor_decorator.py for tasks to queue
[2025-06-12T14:47:59.350+0000] {logging_mixin.py:188} INFO - [2025-06-12T14:47:59.350+0000] {dagbag.py:540} INFO - Filling up the DagBag from /home/airflow/.local/lib/python3.12/site-packages/airflow/example_dags/example_sensor_decorator.py
[2025-06-12T14:47:59.353+0000] {processor.py:840} INFO - DAG(s) 'example_sensor_decorator' retrieved from /home/airflow/.local/lib/python3.12/site-packages/airflow/example_dags/example_sensor_decorator.py
[2025-06-12T14:47:59.362+0000] {logging_mixin.py:188} INFO - [2025-06-12T14:47:59.362+0000] {dag.py:3096} INFO - Sync 1 DAGs
[2025-06-12T14:47:59.367+0000] {logging_mixin.py:188} INFO - [2025-06-12T14:47:59.367+0000] {dag.py:3954} INFO - Setting next_dagrun for example_sensor_decorator to None, run_after=None
[2025-06-12T14:47:59.374+0000] {processor.py:183} INFO - Processing /home/airflow/.local/lib/python3.12/site-packages/airflow/example_dags/example_sensor_decorator.py took 0.029 seconds
[2025-06-12T15:07:47.597+0000] {processor.py:161} INFO - Started process (PID=35) to work on /home/airflow/.local/lib/python3.12/site-packages/airflow/example_dags/example_sensor_decorator.py
[2025-06-12T15:07:47.598+0000] {processor.py:830} INFO - Processing file /home/airflow/.local/lib/python3.12/site-packages/airflow/example_dags/example_sensor_decorator.py for tasks to queue
[2025-06-12T15:07:47.599+0000] {logging_mixin.py:188} INFO - [2025-06-12T15:07:47.599+0000] {dagbag.py:540} INFO - Filling up the DagBag from /home/airflow/.local/lib/python3.12/site-packages/airflow/example_dags/example_sensor_decorator.py
[2025-06-12T15:07:47.606+0000] {processor.py:840} INFO - DAG(s) 'example_sensor_decorator' retrieved from /home/airflow/.local/lib/python3.12/site-packages/airflow/example_dags/example_sensor_decorator.py
[2025-06-12T15:07:47.628+0000] {logging_mixin.py:188} INFO - [2025-06-12T15:07:47.628+0000] {dag.py:3096} INFO - Sync 1 DAGs
[2025-06-12T15:07:47.638+0000] {logging_mixin.py:188} INFO - [2025-06-12T15:07:47.638+0000] {dag.py:3954} INFO - Setting next_dagrun for example_sensor_decorator to None, run_after=None
[2025-06-12T15:07:47.661+0000] {processor.py:183} INFO - Processing /home/airflow/.local/lib/python3.12/site-packages/airflow/example_dags/example_sensor_decorator.py took 0.067 seconds
[2025-06-12T15:08:18.455+0000] {processor.py:161} INFO - Started process (PID=109) to work on /home/airflow/.local/lib/python3.12/site-packages/airflow/example_dags/example_sensor_decorator.py
[2025-06-12T15:08:18.456+0000] {processor.py:830} INFO - Processing file /home/airflow/.local/lib/python3.12/site-packages/airflow/example_dags/example_sensor_decorator.py for tasks to queue
[2025-06-12T15:08:18.458+0000] {logging_mixin.py:188} INFO - [2025-06-12T15:08:18.457+0000] {dagbag.py:540} INFO - Filling up the DagBag from /home/airflow/.local/lib/python3.12/site-packages/airflow/example_dags/example_sensor_decorator.py
[2025-06-12T15:08:18.460+0000] {processor.py:840} INFO - DAG(s) 'example_sensor_decorator' retrieved from /home/airflow/.local/lib/python3.12/site-packages/airflow/example_dags/example_sensor_decorator.py
[2025-06-12T15:08:18.507+0000] {logging_mixin.py:188} INFO - [2025-06-12T15:08:18.507+0000] {dag.py:3096} INFO - Sync 1 DAGs
[2025-06-12T15:08:18.512+0000] {logging_mixin.py:188} INFO - [2025-06-12T15:08:18.512+0000] {dag.py:3954} INFO - Setting next_dagrun for example_sensor_decorator to None, run_after=None
[2025-06-12T15:08:18.520+0000] {processor.py:183} INFO - Processing /home/airflow/.local/lib/python3.12/site-packages/airflow/example_dags/example_sensor_decorator.py took 0.069 seconds
[2025-06-12T15:08:48.839+0000] {processor.py:161} INFO - Started process (PID=176) to work on /home/airflow/.local/lib/python3.12/site-packages/airflow/example_dags/example_sensor_decorator.py
[2025-06-12T15:08:48.840+0000] {processor.py:830} INFO - Processing file /home/airflow/.local/lib/python3.12/site-packages/airflow/example_dags/example_sensor_decorator.py for tasks to queue
[2025-06-12T15:08:48.840+0000] {logging_mixin.py:188} INFO - [2025-06-12T15:08:48.840+0000] {dagbag.py:540} INFO - Filling up the DagBag from /home/airflow/.local/lib/python3.12/site-packages/airflow/example_dags/example_sensor_decorator.py
[2025-06-12T15:08:48.843+0000] {processor.py:840} INFO - DAG(s) 'example_sensor_decorator' retrieved from /home/airflow/.local/lib/python3.12/site-packages/airflow/example_dags/example_sensor_decorator.py
[2025-06-12T15:08:48.852+0000] {logging_mixin.py:188} INFO - [2025-06-12T15:08:48.852+0000] {dag.py:3096} INFO - Sync 1 DAGs
[2025-06-12T15:08:48.857+0000] {logging_mixin.py:188} INFO - [2025-06-12T15:08:48.857+0000] {dag.py:3954} INFO - Setting next_dagrun for example_sensor_decorator to None, run_after=None
[2025-06-12T15:08:48.863+0000] {processor.py:183} INFO - Processing /home/airflow/.local/lib/python3.12/site-packages/airflow/example_dags/example_sensor_decorator.py took 0.026 seconds
[2025-06-12T15:09:19.047+0000] {processor.py:161} INFO - Started process (PID=250) to work on /home/airflow/.local/lib/python3.12/site-packages/airflow/example_dags/example_sensor_decorator.py
[2025-06-12T15:09:19.047+0000] {processor.py:830} INFO - Processing file /home/airflow/.local/lib/python3.12/site-packages/airflow/example_dags/example_sensor_decorator.py for tasks to queue
[2025-06-12T15:09:19.048+0000] {logging_mixin.py:188} INFO - [2025-06-12T15:09:19.048+0000] {dagbag.py:540} INFO - Filling up the DagBag from /home/airflow/.local/lib/python3.12/site-packages/airflow/example_dags/example_sensor_decorator.py
[2025-06-12T15:09:19.051+0000] {processor.py:840} INFO - DAG(s) 'example_sensor_decorator' retrieved from /home/airflow/.local/lib/python3.12/site-packages/airflow/example_dags/example_sensor_decorator.py
[2025-06-12T15:09:19.068+0000] {logging_mixin.py:188} INFO - [2025-06-12T15:09:19.068+0000] {dag.py:3096} INFO - Sync 1 DAGs
[2025-06-12T15:09:19.074+0000] {logging_mixin.py:188} INFO - [2025-06-12T15:09:19.074+0000] {dag.py:3954} INFO - Setting next_dagrun for example_sensor_decorator to None, run_after=None
[2025-06-12T15:09:19.084+0000] {processor.py:183} INFO - Processing /home/airflow/.local/lib/python3.12/site-packages/airflow/example_dags/example_sensor_decorator.py took 0.041 seconds
[2025-06-12T15:09:49.252+0000] {processor.py:161} INFO - Started process (PID=324) to work on /home/airflow/.local/lib/python3.12/site-packages/airflow/example_dags/example_sensor_decorator.py
[2025-06-12T15:09:49.253+0000] {processor.py:830} INFO - Processing file /home/airflow/.local/lib/python3.12/site-packages/airflow/example_dags/example_sensor_decorator.py for tasks to queue
[2025-06-12T15:09:49.255+0000] {logging_mixin.py:188} INFO - [2025-06-12T15:09:49.255+0000] {dagbag.py:540} INFO - Filling up the DagBag from /home/airflow/.local/lib/python3.12/site-packages/airflow/example_dags/example_sensor_decorator.py
[2025-06-12T15:09:49.258+0000] {processor.py:840} INFO - DAG(s) 'example_sensor_decorator' retrieved from /home/airflow/.local/lib/python3.12/site-packages/airflow/example_dags/example_sensor_decorator.py
[2025-06-12T15:09:49.278+0000] {logging_mixin.py:188} INFO - [2025-06-12T15:09:49.278+0000] {dag.py:3096} INFO - Sync 1 DAGs
[2025-06-12T15:09:49.289+0000] {logging_mixin.py:188} INFO - [2025-06-12T15:09:49.289+0000] {dag.py:3954} INFO - Setting next_dagrun for example_sensor_decorator to None, run_after=None
[2025-06-12T15:09:49.305+0000] {processor.py:183} INFO - Processing /home/airflow/.local/lib/python3.12/site-packages/airflow/example_dags/example_sensor_decorator.py took 0.057 seconds
[2025-06-12T15:10:19.697+0000] {processor.py:161} INFO - Started process (PID=391) to work on /home/airflow/.local/lib/python3.12/site-packages/airflow/example_dags/example_sensor_decorator.py
[2025-06-12T15:10:19.698+0000] {processor.py:830} INFO - Processing file /home/airflow/.local/lib/python3.12/site-packages/airflow/example_dags/example_sensor_decorator.py for tasks to queue
[2025-06-12T15:10:19.699+0000] {logging_mixin.py:188} INFO - [2025-06-12T15:10:19.699+0000] {dagbag.py:540} INFO - Filling up the DagBag from /home/airflow/.local/lib/python3.12/site-packages/airflow/example_dags/example_sensor_decorator.py
[2025-06-12T15:10:19.703+0000] {processor.py:840} INFO - DAG(s) 'example_sensor_decorator' retrieved from /home/airflow/.local/lib/python3.12/site-packages/airflow/example_dags/example_sensor_decorator.py
[2025-06-12T15:10:19.718+0000] {logging_mixin.py:188} INFO - [2025-06-12T15:10:19.718+0000] {dag.py:3096} INFO - Sync 1 DAGs
[2025-06-12T15:10:19.725+0000] {logging_mixin.py:188} INFO - [2025-06-12T15:10:19.725+0000] {dag.py:3954} INFO - Setting next_dagrun for example_sensor_decorator to None, run_after=None
[2025-06-12T15:10:19.735+0000] {processor.py:183} INFO - Processing /home/airflow/.local/lib/python3.12/site-packages/airflow/example_dags/example_sensor_decorator.py took 0.040 seconds
[2025-06-12T15:10:50.052+0000] {processor.py:161} INFO - Started process (PID=465) to work on /home/airflow/.local/lib/python3.12/site-packages/airflow/example_dags/example_sensor_decorator.py
[2025-06-12T15:10:50.052+0000] {processor.py:830} INFO - Processing file /home/airflow/.local/lib/python3.12/site-packages/airflow/example_dags/example_sensor_decorator.py for tasks to queue
[2025-06-12T15:10:50.053+0000] {logging_mixin.py:188} INFO - [2025-06-12T15:10:50.053+0000] {dagbag.py:540} INFO - Filling up the DagBag from /home/airflow/.local/lib/python3.12/site-packages/airflow/example_dags/example_sensor_decorator.py
[2025-06-12T15:10:50.056+0000] {processor.py:840} INFO - DAG(s) 'example_sensor_decorator' retrieved from /home/airflow/.local/lib/python3.12/site-packages/airflow/example_dags/example_sensor_decorator.py
[2025-06-12T15:10:50.071+0000] {logging_mixin.py:188} INFO - [2025-06-12T15:10:50.071+0000] {dag.py:3096} INFO - Sync 1 DAGs
[2025-06-12T15:10:50.077+0000] {logging_mixin.py:188} INFO - [2025-06-12T15:10:50.077+0000] {dag.py:3954} INFO - Setting next_dagrun for example_sensor_decorator to None, run_after=None
[2025-06-12T15:10:50.089+0000] {processor.py:183} INFO - Processing /home/airflow/.local/lib/python3.12/site-packages/airflow/example_dags/example_sensor_decorator.py took 0.041 seconds
[2025-06-12T15:11:20.273+0000] {processor.py:161} INFO - Started process (PID=531) to work on /home/airflow/.local/lib/python3.12/site-packages/airflow/example_dags/example_sensor_decorator.py
[2025-06-12T15:11:20.275+0000] {processor.py:830} INFO - Processing file /home/airflow/.local/lib/python3.12/site-packages/airflow/example_dags/example_sensor_decorator.py for tasks to queue
[2025-06-12T15:11:20.276+0000] {logging_mixin.py:188} INFO - [2025-06-12T15:11:20.275+0000] {dagbag.py:540} INFO - Filling up the DagBag from /home/airflow/.local/lib/python3.12/site-packages/airflow/example_dags/example_sensor_decorator.py
[2025-06-12T15:11:20.280+0000] {processor.py:840} INFO - DAG(s) 'example_sensor_decorator' retrieved from /home/airflow/.local/lib/python3.12/site-packages/airflow/example_dags/example_sensor_decorator.py
[2025-06-12T15:11:20.298+0000] {logging_mixin.py:188} INFO - [2025-06-12T15:11:20.298+0000] {dag.py:3096} INFO - Sync 1 DAGs
[2025-06-12T15:11:20.304+0000] {logging_mixin.py:188} INFO - [2025-06-12T15:11:20.304+0000] {dag.py:3954} INFO - Setting next_dagrun for example_sensor_decorator to None, run_after=None
[2025-06-12T15:11:20.315+0000] {processor.py:183} INFO - Processing /home/airflow/.local/lib/python3.12/site-packages/airflow/example_dags/example_sensor_decorator.py took 0.045 seconds
[2025-06-12T15:11:50.674+0000] {processor.py:161} INFO - Started process (PID=604) to work on /home/airflow/.local/lib/python3.12/site-packages/airflow/example_dags/example_sensor_decorator.py
[2025-06-12T15:11:50.675+0000] {processor.py:830} INFO - Processing file /home/airflow/.local/lib/python3.12/site-packages/airflow/example_dags/example_sensor_decorator.py for tasks to queue
[2025-06-12T15:11:50.676+0000] {logging_mixin.py:188} INFO - [2025-06-12T15:11:50.676+0000] {dagbag.py:540} INFO - Filling up the DagBag from /home/airflow/.local/lib/python3.12/site-packages/airflow/example_dags/example_sensor_decorator.py
[2025-06-12T15:11:50.680+0000] {processor.py:840} INFO - DAG(s) 'example_sensor_decorator' retrieved from /home/airflow/.local/lib/python3.12/site-packages/airflow/example_dags/example_sensor_decorator.py
[2025-06-12T15:11:50.696+0000] {logging_mixin.py:188} INFO - [2025-06-12T15:11:50.696+0000] {dag.py:3096} INFO - Sync 1 DAGs
[2025-06-12T15:11:50.703+0000] {logging_mixin.py:188} INFO - [2025-06-12T15:11:50.702+0000] {dag.py:3954} INFO - Setting next_dagrun for example_sensor_decorator to None, run_after=None
[2025-06-12T15:11:50.714+0000] {processor.py:183} INFO - Processing /home/airflow/.local/lib/python3.12/site-packages/airflow/example_dags/example_sensor_decorator.py took 0.043 seconds
[2025-06-12T15:12:20.981+0000] {processor.py:161} INFO - Started process (PID=677) to work on /home/airflow/.local/lib/python3.12/site-packages/airflow/example_dags/example_sensor_decorator.py
[2025-06-12T15:12:20.981+0000] {processor.py:830} INFO - Processing file /home/airflow/.local/lib/python3.12/site-packages/airflow/example_dags/example_sensor_decorator.py for tasks to queue
[2025-06-12T15:12:20.983+0000] {logging_mixin.py:188} INFO - [2025-06-12T15:12:20.983+0000] {dagbag.py:540} INFO - Filling up the DagBag from /home/airflow/.local/lib/python3.12/site-packages/airflow/example_dags/example_sensor_decorator.py
[2025-06-12T15:12:20.986+0000] {processor.py:840} INFO - DAG(s) 'example_sensor_decorator' retrieved from /home/airflow/.local/lib/python3.12/site-packages/airflow/example_dags/example_sensor_decorator.py
[2025-06-12T15:12:20.997+0000] {logging_mixin.py:188} INFO - [2025-06-12T15:12:20.997+0000] {dag.py:3096} INFO - Sync 1 DAGs
[2025-06-12T15:12:21.003+0000] {logging_mixin.py:188} INFO - [2025-06-12T15:12:21.003+0000] {dag.py:3954} INFO - Setting next_dagrun for example_sensor_decorator to None, run_after=None
[2025-06-12T15:12:21.013+0000] {processor.py:183} INFO - Processing /home/airflow/.local/lib/python3.12/site-packages/airflow/example_dags/example_sensor_decorator.py took 0.035 seconds
[2025-06-12T15:12:51.778+0000] {processor.py:161} INFO - Started process (PID=744) to work on /home/airflow/.local/lib/python3.12/site-packages/airflow/example_dags/example_sensor_decorator.py
[2025-06-12T15:12:51.779+0000] {processor.py:830} INFO - Processing file /home/airflow/.local/lib/python3.12/site-packages/airflow/example_dags/example_sensor_decorator.py for tasks to queue
[2025-06-12T15:12:51.780+0000] {logging_mixin.py:188} INFO - [2025-06-12T15:12:51.780+0000] {dagbag.py:540} INFO - Filling up the DagBag from /home/airflow/.local/lib/python3.12/site-packages/airflow/example_dags/example_sensor_decorator.py
[2025-06-12T15:12:51.785+0000] {processor.py:840} INFO - DAG(s) 'example_sensor_decorator' retrieved from /home/airflow/.local/lib/python3.12/site-packages/airflow/example_dags/example_sensor_decorator.py
[2025-06-12T15:12:51.797+0000] {logging_mixin.py:188} INFO - [2025-06-12T15:12:51.797+0000] {dag.py:3096} INFO - Sync 1 DAGs
[2025-06-12T15:12:51.803+0000] {logging_mixin.py:188} INFO - [2025-06-12T15:12:51.803+0000] {dag.py:3954} INFO - Setting next_dagrun for example_sensor_decorator to None, run_after=None
[2025-06-12T15:12:51.814+0000] {processor.py:183} INFO - Processing /home/airflow/.local/lib/python3.12/site-packages/airflow/example_dags/example_sensor_decorator.py took 0.038 seconds
[2025-06-12T15:13:21.911+0000] {processor.py:161} INFO - Started process (PID=817) to work on /home/airflow/.local/lib/python3.12/site-packages/airflow/example_dags/example_sensor_decorator.py
[2025-06-12T15:13:21.912+0000] {processor.py:830} INFO - Processing file /home/airflow/.local/lib/python3.12/site-packages/airflow/example_dags/example_sensor_decorator.py for tasks to queue
[2025-06-12T15:13:21.913+0000] {logging_mixin.py:188} INFO - [2025-06-12T15:13:21.913+0000] {dagbag.py:540} INFO - Filling up the DagBag from /home/airflow/.local/lib/python3.12/site-packages/airflow/example_dags/example_sensor_decorator.py
[2025-06-12T15:13:21.917+0000] {processor.py:840} INFO - DAG(s) 'example_sensor_decorator' retrieved from /home/airflow/.local/lib/python3.12/site-packages/airflow/example_dags/example_sensor_decorator.py
[2025-06-12T15:13:21.929+0000] {logging_mixin.py:188} INFO - [2025-06-12T15:13:21.928+0000] {dag.py:3096} INFO - Sync 1 DAGs
[2025-06-12T15:13:21.934+0000] {logging_mixin.py:188} INFO - [2025-06-12T15:13:21.934+0000] {dag.py:3954} INFO - Setting next_dagrun for example_sensor_decorator to None, run_after=None
[2025-06-12T15:13:21.944+0000] {processor.py:183} INFO - Processing /home/airflow/.local/lib/python3.12/site-packages/airflow/example_dags/example_sensor_decorator.py took 0.035 seconds
[2025-06-12T15:13:52.151+0000] {processor.py:161} INFO - Started process (PID=892) to work on /home/airflow/.local/lib/python3.12/site-packages/airflow/example_dags/example_sensor_decorator.py
[2025-06-12T15:13:52.152+0000] {processor.py:830} INFO - Processing file /home/airflow/.local/lib/python3.12/site-packages/airflow/example_dags/example_sensor_decorator.py for tasks to queue
[2025-06-12T15:13:52.153+0000] {logging_mixin.py:188} INFO - [2025-06-12T15:13:52.153+0000] {dagbag.py:540} INFO - Filling up the DagBag from /home/airflow/.local/lib/python3.12/site-packages/airflow/example_dags/example_sensor_decorator.py
[2025-06-12T15:13:52.157+0000] {processor.py:840} INFO - DAG(s) 'example_sensor_decorator' retrieved from /home/airflow/.local/lib/python3.12/site-packages/airflow/example_dags/example_sensor_decorator.py
[2025-06-12T15:13:52.172+0000] {logging_mixin.py:188} INFO - [2025-06-12T15:13:52.172+0000] {dag.py:3096} INFO - Sync 1 DAGs
[2025-06-12T15:13:52.179+0000] {logging_mixin.py:188} INFO - [2025-06-12T15:13:52.178+0000] {dag.py:3954} INFO - Setting next_dagrun for example_sensor_decorator to None, run_after=None
[2025-06-12T15:13:52.191+0000] {processor.py:183} INFO - Processing /home/airflow/.local/lib/python3.12/site-packages/airflow/example_dags/example_sensor_decorator.py took 0.043 seconds
[2025-06-12T15:14:22.573+0000] {processor.py:161} INFO - Started process (PID=959) to work on /home/airflow/.local/lib/python3.12/site-packages/airflow/example_dags/example_sensor_decorator.py
[2025-06-12T15:14:22.575+0000] {processor.py:830} INFO - Processing file /home/airflow/.local/lib/python3.12/site-packages/airflow/example_dags/example_sensor_decorator.py for tasks to queue
[2025-06-12T15:14:22.576+0000] {logging_mixin.py:188} INFO - [2025-06-12T15:14:22.576+0000] {dagbag.py:540} INFO - Filling up the DagBag from /home/airflow/.local/lib/python3.12/site-packages/airflow/example_dags/example_sensor_decorator.py
[2025-06-12T15:14:22.589+0000] {processor.py:840} INFO - DAG(s) 'example_sensor_decorator' retrieved from /home/airflow/.local/lib/python3.12/site-packages/airflow/example_dags/example_sensor_decorator.py
[2025-06-12T15:14:22.606+0000] {logging_mixin.py:188} INFO - [2025-06-12T15:14:22.606+0000] {dag.py:3096} INFO - Sync 1 DAGs
[2025-06-12T15:14:22.614+0000] {logging_mixin.py:188} INFO - [2025-06-12T15:14:22.614+0000] {dag.py:3954} INFO - Setting next_dagrun for example_sensor_decorator to None, run_after=None
[2025-06-12T15:14:22.630+0000] {processor.py:183} INFO - Processing /home/airflow/.local/lib/python3.12/site-packages/airflow/example_dags/example_sensor_decorator.py took 0.062 seconds
[2025-06-12T15:14:52.698+0000] {processor.py:161} INFO - Started process (PID=1034) to work on /home/airflow/.local/lib/python3.12/site-packages/airflow/example_dags/example_sensor_decorator.py
[2025-06-12T15:14:52.699+0000] {processor.py:830} INFO - Processing file /home/airflow/.local/lib/python3.12/site-packages/airflow/example_dags/example_sensor_decorator.py for tasks to queue
[2025-06-12T15:14:52.701+0000] {logging_mixin.py:188} INFO - [2025-06-12T15:14:52.700+0000] {dagbag.py:540} INFO - Filling up the DagBag from /home/airflow/.local/lib/python3.12/site-packages/airflow/example_dags/example_sensor_decorator.py
[2025-06-12T15:14:52.705+0000] {processor.py:840} INFO - DAG(s) 'example_sensor_decorator' retrieved from /home/airflow/.local/lib/python3.12/site-packages/airflow/example_dags/example_sensor_decorator.py
[2025-06-12T15:14:52.717+0000] {logging_mixin.py:188} INFO - [2025-06-12T15:14:52.717+0000] {dag.py:3096} INFO - Sync 1 DAGs
[2025-06-12T15:14:52.722+0000] {logging_mixin.py:188} INFO - [2025-06-12T15:14:52.722+0000] {dag.py:3954} INFO - Setting next_dagrun for example_sensor_decorator to None, run_after=None
[2025-06-12T15:14:52.733+0000] {processor.py:183} INFO - Processing /home/airflow/.local/lib/python3.12/site-packages/airflow/example_dags/example_sensor_decorator.py took 0.038 seconds
[2025-06-12T15:15:23.275+0000] {processor.py:161} INFO - Started process (PID=1101) to work on /home/airflow/.local/lib/python3.12/site-packages/airflow/example_dags/example_sensor_decorator.py
[2025-06-12T15:15:23.276+0000] {processor.py:830} INFO - Processing file /home/airflow/.local/lib/python3.12/site-packages/airflow/example_dags/example_sensor_decorator.py for tasks to queue
[2025-06-12T15:15:23.277+0000] {logging_mixin.py:188} INFO - [2025-06-12T15:15:23.277+0000] {dagbag.py:540} INFO - Filling up the DagBag from /home/airflow/.local/lib/python3.12/site-packages/airflow/example_dags/example_sensor_decorator.py
[2025-06-12T15:15:23.281+0000] {processor.py:840} INFO - DAG(s) 'example_sensor_decorator' retrieved from /home/airflow/.local/lib/python3.12/site-packages/airflow/example_dags/example_sensor_decorator.py
[2025-06-12T15:15:23.293+0000] {logging_mixin.py:188} INFO - [2025-06-12T15:15:23.293+0000] {dag.py:3096} INFO - Sync 1 DAGs
[2025-06-12T15:15:23.298+0000] {logging_mixin.py:188} INFO - [2025-06-12T15:15:23.298+0000] {dag.py:3954} INFO - Setting next_dagrun for example_sensor_decorator to None, run_after=None
[2025-06-12T15:15:23.306+0000] {processor.py:183} INFO - Processing /home/airflow/.local/lib/python3.12/site-packages/airflow/example_dags/example_sensor_decorator.py took 0.033 seconds
[2025-06-12T15:15:53.841+0000] {processor.py:161} INFO - Started process (PID=1175) to work on /home/airflow/.local/lib/python3.12/site-packages/airflow/example_dags/example_sensor_decorator.py
[2025-06-12T15:15:53.842+0000] {processor.py:830} INFO - Processing file /home/airflow/.local/lib/python3.12/site-packages/airflow/example_dags/example_sensor_decorator.py for tasks to queue
[2025-06-12T15:15:53.844+0000] {logging_mixin.py:188} INFO - [2025-06-12T15:15:53.844+0000] {dagbag.py:540} INFO - Filling up the DagBag from /home/airflow/.local/lib/python3.12/site-packages/airflow/example_dags/example_sensor_decorator.py
[2025-06-12T15:15:53.849+0000] {processor.py:840} INFO - DAG(s) 'example_sensor_decorator' retrieved from /home/airflow/.local/lib/python3.12/site-packages/airflow/example_dags/example_sensor_decorator.py
[2025-06-12T15:15:53.862+0000] {logging_mixin.py:188} INFO - [2025-06-12T15:15:53.862+0000] {dag.py:3096} INFO - Sync 1 DAGs
[2025-06-12T15:15:53.871+0000] {logging_mixin.py:188} INFO - [2025-06-12T15:15:53.871+0000] {dag.py:3954} INFO - Setting next_dagrun for example_sensor_decorator to None, run_after=None
[2025-06-12T15:15:53.888+0000] {processor.py:183} INFO - Processing /home/airflow/.local/lib/python3.12/site-packages/airflow/example_dags/example_sensor_decorator.py took 0.051 seconds
[2025-06-12T15:16:23.959+0000] {processor.py:161} INFO - Started process (PID=1249) to work on /home/airflow/.local/lib/python3.12/site-packages/airflow/example_dags/example_sensor_decorator.py
[2025-06-12T15:16:23.960+0000] {processor.py:830} INFO - Processing file /home/airflow/.local/lib/python3.12/site-packages/airflow/example_dags/example_sensor_decorator.py for tasks to queue
[2025-06-12T15:16:23.962+0000] {logging_mixin.py:188} INFO - [2025-06-12T15:16:23.961+0000] {dagbag.py:540} INFO - Filling up the DagBag from /home/airflow/.local/lib/python3.12/site-packages/airflow/example_dags/example_sensor_decorator.py
[2025-06-12T15:16:23.964+0000] {processor.py:840} INFO - DAG(s) 'example_sensor_decorator' retrieved from /home/airflow/.local/lib/python3.12/site-packages/airflow/example_dags/example_sensor_decorator.py
[2025-06-12T15:16:23.979+0000] {logging_mixin.py:188} INFO - [2025-06-12T15:16:23.979+0000] {dag.py:3096} INFO - Sync 1 DAGs
[2025-06-12T15:16:23.985+0000] {logging_mixin.py:188} INFO - [2025-06-12T15:16:23.984+0000] {dag.py:3954} INFO - Setting next_dagrun for example_sensor_decorator to None, run_after=None
[2025-06-12T15:16:23.999+0000] {processor.py:183} INFO - Processing /home/airflow/.local/lib/python3.12/site-packages/airflow/example_dags/example_sensor_decorator.py took 0.042 seconds
[2025-06-12T15:16:54.872+0000] {processor.py:161} INFO - Started process (PID=1316) to work on /home/airflow/.local/lib/python3.12/site-packages/airflow/example_dags/example_sensor_decorator.py
[2025-06-12T15:16:54.873+0000] {processor.py:830} INFO - Processing file /home/airflow/.local/lib/python3.12/site-packages/airflow/example_dags/example_sensor_decorator.py for tasks to queue
[2025-06-12T15:16:54.874+0000] {logging_mixin.py:188} INFO - [2025-06-12T15:16:54.874+0000] {dagbag.py:540} INFO - Filling up the DagBag from /home/airflow/.local/lib/python3.12/site-packages/airflow/example_dags/example_sensor_decorator.py
[2025-06-12T15:16:54.877+0000] {processor.py:840} INFO - DAG(s) 'example_sensor_decorator' retrieved from /home/airflow/.local/lib/python3.12/site-packages/airflow/example_dags/example_sensor_decorator.py
[2025-06-12T15:16:54.895+0000] {logging_mixin.py:188} INFO - [2025-06-12T15:16:54.894+0000] {dag.py:3096} INFO - Sync 1 DAGs
[2025-06-12T15:16:54.987+0000] {logging_mixin.py:188} INFO - [2025-06-12T15:16:54.987+0000] {dag.py:3954} INFO - Setting next_dagrun for example_sensor_decorator to None, run_after=None
[2025-06-12T15:16:54.998+0000] {processor.py:183} INFO - Processing /home/airflow/.local/lib/python3.12/site-packages/airflow/example_dags/example_sensor_decorator.py took 0.130 seconds
[2025-06-12T15:17:25.393+0000] {processor.py:161} INFO - Started process (PID=1390) to work on /home/airflow/.local/lib/python3.12/site-packages/airflow/example_dags/example_sensor_decorator.py
[2025-06-12T15:17:25.396+0000] {processor.py:830} INFO - Processing file /home/airflow/.local/lib/python3.12/site-packages/airflow/example_dags/example_sensor_decorator.py for tasks to queue
[2025-06-12T15:17:25.398+0000] {logging_mixin.py:188} INFO - [2025-06-12T15:17:25.398+0000] {dagbag.py:540} INFO - Filling up the DagBag from /home/airflow/.local/lib/python3.12/site-packages/airflow/example_dags/example_sensor_decorator.py
[2025-06-12T15:17:25.403+0000] {processor.py:840} INFO - DAG(s) 'example_sensor_decorator' retrieved from /home/airflow/.local/lib/python3.12/site-packages/airflow/example_dags/example_sensor_decorator.py
[2025-06-12T15:17:25.419+0000] {logging_mixin.py:188} INFO - [2025-06-12T15:17:25.419+0000] {dag.py:3096} INFO - Sync 1 DAGs
[2025-06-12T15:17:25.425+0000] {logging_mixin.py:188} INFO - [2025-06-12T15:17:25.425+0000] {dag.py:3954} INFO - Setting next_dagrun for example_sensor_decorator to None, run_after=None
[2025-06-12T15:17:25.435+0000] {processor.py:183} INFO - Processing /home/airflow/.local/lib/python3.12/site-packages/airflow/example_dags/example_sensor_decorator.py took 0.045 seconds
[2025-06-12T15:17:55.837+0000] {processor.py:161} INFO - Started process (PID=1464) to work on /home/airflow/.local/lib/python3.12/site-packages/airflow/example_dags/example_sensor_decorator.py
[2025-06-12T15:17:55.840+0000] {processor.py:830} INFO - Processing file /home/airflow/.local/lib/python3.12/site-packages/airflow/example_dags/example_sensor_decorator.py for tasks to queue
[2025-06-12T15:17:55.842+0000] {logging_mixin.py:188} INFO - [2025-06-12T15:17:55.841+0000] {dagbag.py:540} INFO - Filling up the DagBag from /home/airflow/.local/lib/python3.12/site-packages/airflow/example_dags/example_sensor_decorator.py
[2025-06-12T15:17:55.849+0000] {processor.py:840} INFO - DAG(s) 'example_sensor_decorator' retrieved from /home/airflow/.local/lib/python3.12/site-packages/airflow/example_dags/example_sensor_decorator.py
[2025-06-12T15:17:55.876+0000] {logging_mixin.py:188} INFO - [2025-06-12T15:17:55.875+0000] {dag.py:3096} INFO - Sync 1 DAGs
[2025-06-12T15:17:55.892+0000] {logging_mixin.py:188} INFO - [2025-06-12T15:17:55.892+0000] {dag.py:3954} INFO - Setting next_dagrun for example_sensor_decorator to None, run_after=None
[2025-06-12T15:17:55.906+0000] {processor.py:183} INFO - Processing /home/airflow/.local/lib/python3.12/site-packages/airflow/example_dags/example_sensor_decorator.py took 0.074 seconds
[2025-06-12T15:18:26.923+0000] {processor.py:161} INFO - Started process (PID=1531) to work on /home/airflow/.local/lib/python3.12/site-packages/airflow/example_dags/example_sensor_decorator.py
[2025-06-12T15:18:26.924+0000] {processor.py:830} INFO - Processing file /home/airflow/.local/lib/python3.12/site-packages/airflow/example_dags/example_sensor_decorator.py for tasks to queue
[2025-06-12T15:18:26.925+0000] {logging_mixin.py:188} INFO - [2025-06-12T15:18:26.925+0000] {dagbag.py:540} INFO - Filling up the DagBag from /home/airflow/.local/lib/python3.12/site-packages/airflow/example_dags/example_sensor_decorator.py
[2025-06-12T15:18:26.934+0000] {processor.py:840} INFO - DAG(s) 'example_sensor_decorator' retrieved from /home/airflow/.local/lib/python3.12/site-packages/airflow/example_dags/example_sensor_decorator.py
[2025-06-12T15:18:26.951+0000] {logging_mixin.py:188} INFO - [2025-06-12T15:18:26.951+0000] {dag.py:3096} INFO - Sync 1 DAGs
[2025-06-12T15:18:26.958+0000] {logging_mixin.py:188} INFO - [2025-06-12T15:18:26.958+0000] {dag.py:3954} INFO - Setting next_dagrun for example_sensor_decorator to None, run_after=None
[2025-06-12T15:18:26.968+0000] {processor.py:183} INFO - Processing /home/airflow/.local/lib/python3.12/site-packages/airflow/example_dags/example_sensor_decorator.py took 0.051 seconds
