[2025-06-12T13:58:36.275+0000] {processor.py:161} INFO - Started process (PID=42) to work on /home/airflow/.local/lib/python3.12/site-packages/airflow/example_dags/example_branch_day_of_week_operator.py
[2025-06-12T13:58:36.277+0000] {processor.py:830} INFO - Processing file /home/airflow/.local/lib/python3.12/site-packages/airflow/example_dags/example_branch_day_of_week_operator.py for tasks to queue
[2025-06-12T13:58:36.280+0000] {logging_mixin.py:188} INFO - [2025-06-12T13:58:36.279+0000] {dagbag.py:540} INFO - Filling up the DagBag from /home/airflow/.local/lib/python3.12/site-packages/airflow/example_dags/example_branch_day_of_week_operator.py
[2025-06-12T13:58:36.301+0000] {processor.py:840} INFO - DAG(s) 'example_weekday_branch_operator' retrieved from /home/airflow/.local/lib/python3.12/site-packages/airflow/example_dags/example_branch_day_of_week_operator.py
[2025-06-12T13:58:36.335+0000] {logging_mixin.py:188} INFO - [2025-06-12T13:58:36.334+0000] {dag.py:3096} INFO - Sync 1 DAGs
[2025-06-12T13:58:36.379+0000] {logging_mixin.py:188} INFO - [2025-06-12T13:58:36.379+0000] {dag.py:3954} INFO - Setting next_dagrun for example_weekday_branch_operator to 2025-06-11 00:00:00+00:00, run_after=2025-06-12 00:00:00+00:00
[2025-06-12T13:58:36.399+0000] {processor.py:183} INFO - Processing /home/airflow/.local/lib/python3.12/site-packages/airflow/example_dags/example_branch_day_of_week_operator.py took 0.131 seconds
[2025-06-12T13:59:07.046+0000] {processor.py:161} INFO - Started process (PID=109) to work on /home/airflow/.local/lib/python3.12/site-packages/airflow/example_dags/example_branch_day_of_week_operator.py
[2025-06-12T13:59:07.048+0000] {processor.py:830} INFO - Processing file /home/airflow/.local/lib/python3.12/site-packages/airflow/example_dags/example_branch_day_of_week_operator.py for tasks to queue
[2025-06-12T13:59:07.049+0000] {logging_mixin.py:188} INFO - [2025-06-12T13:59:07.049+0000] {dagbag.py:540} INFO - Filling up the DagBag from /home/airflow/.local/lib/python3.12/site-packages/airflow/example_dags/example_branch_day_of_week_operator.py
[2025-06-12T13:59:07.053+0000] {processor.py:840} INFO - DAG(s) 'example_weekday_branch_operator' retrieved from /home/airflow/.local/lib/python3.12/site-packages/airflow/example_dags/example_branch_day_of_week_operator.py
[2025-06-12T13:59:07.095+0000] {logging_mixin.py:188} INFO - [2025-06-12T13:59:07.095+0000] {dag.py:3096} INFO - Sync 1 DAGs
[2025-06-12T13:59:07.103+0000] {logging_mixin.py:188} INFO - [2025-06-12T13:59:07.103+0000] {dag.py:3954} INFO - Setting next_dagrun for example_weekday_branch_operator to 2025-06-11 00:00:00+00:00, run_after=2025-06-12 00:00:00+00:00
[2025-06-12T13:59:07.110+0000] {processor.py:183} INFO - Processing /home/airflow/.local/lib/python3.12/site-packages/airflow/example_dags/example_branch_day_of_week_operator.py took 0.067 seconds
[2025-06-12T13:59:37.236+0000] {processor.py:161} INFO - Started process (PID=176) to work on /home/airflow/.local/lib/python3.12/site-packages/airflow/example_dags/example_branch_day_of_week_operator.py
[2025-06-12T13:59:37.237+0000] {processor.py:830} INFO - Processing file /home/airflow/.local/lib/python3.12/site-packages/airflow/example_dags/example_branch_day_of_week_operator.py for tasks to queue
[2025-06-12T13:59:37.238+0000] {logging_mixin.py:188} INFO - [2025-06-12T13:59:37.238+0000] {dagbag.py:540} INFO - Filling up the DagBag from /home/airflow/.local/lib/python3.12/site-packages/airflow/example_dags/example_branch_day_of_week_operator.py
[2025-06-12T13:59:37.241+0000] {processor.py:840} INFO - DAG(s) 'example_weekday_branch_operator' retrieved from /home/airflow/.local/lib/python3.12/site-packages/airflow/example_dags/example_branch_day_of_week_operator.py
[2025-06-12T13:59:37.252+0000] {logging_mixin.py:188} INFO - [2025-06-12T13:59:37.252+0000] {dag.py:3096} INFO - Sync 1 DAGs
[2025-06-12T13:59:37.261+0000] {logging_mixin.py:188} INFO - [2025-06-12T13:59:37.261+0000] {dag.py:3954} INFO - Setting next_dagrun for example_weekday_branch_operator to 2025-06-11 00:00:00+00:00, run_after=2025-06-12 00:00:00+00:00
[2025-06-12T13:59:37.269+0000] {processor.py:183} INFO - Processing /home/airflow/.local/lib/python3.12/site-packages/airflow/example_dags/example_branch_day_of_week_operator.py took 0.035 seconds
[2025-06-12T14:00:07.590+0000] {processor.py:161} INFO - Started process (PID=250) to work on /home/airflow/.local/lib/python3.12/site-packages/airflow/example_dags/example_branch_day_of_week_operator.py
[2025-06-12T14:00:07.591+0000] {processor.py:830} INFO - Processing file /home/airflow/.local/lib/python3.12/site-packages/airflow/example_dags/example_branch_day_of_week_operator.py for tasks to queue
[2025-06-12T14:00:07.592+0000] {logging_mixin.py:188} INFO - [2025-06-12T14:00:07.592+0000] {dagbag.py:540} INFO - Filling up the DagBag from /home/airflow/.local/lib/python3.12/site-packages/airflow/example_dags/example_branch_day_of_week_operator.py
[2025-06-12T14:00:07.596+0000] {processor.py:840} INFO - DAG(s) 'example_weekday_branch_operator' retrieved from /home/airflow/.local/lib/python3.12/site-packages/airflow/example_dags/example_branch_day_of_week_operator.py
[2025-06-12T14:00:07.606+0000] {logging_mixin.py:188} INFO - [2025-06-12T14:00:07.606+0000] {dag.py:3096} INFO - Sync 1 DAGs
[2025-06-12T14:00:07.614+0000] {logging_mixin.py:188} INFO - [2025-06-12T14:00:07.614+0000] {dag.py:3954} INFO - Setting next_dagrun for example_weekday_branch_operator to 2025-06-11 00:00:00+00:00, run_after=2025-06-12 00:00:00+00:00
[2025-06-12T14:00:07.622+0000] {processor.py:183} INFO - Processing /home/airflow/.local/lib/python3.12/site-packages/airflow/example_dags/example_branch_day_of_week_operator.py took 0.034 seconds
[2025-06-12T14:00:38.294+0000] {processor.py:161} INFO - Started process (PID=317) to work on /home/airflow/.local/lib/python3.12/site-packages/airflow/example_dags/example_branch_day_of_week_operator.py
[2025-06-12T14:00:38.294+0000] {processor.py:830} INFO - Processing file /home/airflow/.local/lib/python3.12/site-packages/airflow/example_dags/example_branch_day_of_week_operator.py for tasks to queue
[2025-06-12T14:00:38.295+0000] {logging_mixin.py:188} INFO - [2025-06-12T14:00:38.295+0000] {dagbag.py:540} INFO - Filling up the DagBag from /home/airflow/.local/lib/python3.12/site-packages/airflow/example_dags/example_branch_day_of_week_operator.py
[2025-06-12T14:00:38.299+0000] {processor.py:840} INFO - DAG(s) 'example_weekday_branch_operator' retrieved from /home/airflow/.local/lib/python3.12/site-packages/airflow/example_dags/example_branch_day_of_week_operator.py
[2025-06-12T14:00:38.312+0000] {logging_mixin.py:188} INFO - [2025-06-12T14:00:38.312+0000] {dag.py:3096} INFO - Sync 1 DAGs
[2025-06-12T14:00:38.322+0000] {logging_mixin.py:188} INFO - [2025-06-12T14:00:38.322+0000] {dag.py:3954} INFO - Setting next_dagrun for example_weekday_branch_operator to 2025-06-11 00:00:00+00:00, run_after=2025-06-12 00:00:00+00:00
[2025-06-12T14:00:38.333+0000] {processor.py:183} INFO - Processing /home/airflow/.local/lib/python3.12/site-packages/airflow/example_dags/example_branch_day_of_week_operator.py took 0.041 seconds
[2025-06-12T14:01:08.537+0000] {processor.py:161} INFO - Started process (PID=391) to work on /home/airflow/.local/lib/python3.12/site-packages/airflow/example_dags/example_branch_day_of_week_operator.py
[2025-06-12T14:01:08.538+0000] {processor.py:830} INFO - Processing file /home/airflow/.local/lib/python3.12/site-packages/airflow/example_dags/example_branch_day_of_week_operator.py for tasks to queue
[2025-06-12T14:01:08.539+0000] {logging_mixin.py:188} INFO - [2025-06-12T14:01:08.539+0000] {dagbag.py:540} INFO - Filling up the DagBag from /home/airflow/.local/lib/python3.12/site-packages/airflow/example_dags/example_branch_day_of_week_operator.py
[2025-06-12T14:01:08.543+0000] {processor.py:840} INFO - DAG(s) 'example_weekday_branch_operator' retrieved from /home/airflow/.local/lib/python3.12/site-packages/airflow/example_dags/example_branch_day_of_week_operator.py
[2025-06-12T14:01:08.558+0000] {logging_mixin.py:188} INFO - [2025-06-12T14:01:08.558+0000] {dag.py:3096} INFO - Sync 1 DAGs
[2025-06-12T14:01:08.569+0000] {logging_mixin.py:188} INFO - [2025-06-12T14:01:08.569+0000] {dag.py:3954} INFO - Setting next_dagrun for example_weekday_branch_operator to 2025-06-11 00:00:00+00:00, run_after=2025-06-12 00:00:00+00:00
[2025-06-12T14:01:08.578+0000] {processor.py:183} INFO - Processing /home/airflow/.local/lib/python3.12/site-packages/airflow/example_dags/example_branch_day_of_week_operator.py took 0.043 seconds
[2025-06-12T14:15:46.568+0000] {processor.py:161} INFO - Started process (PID=43) to work on /home/airflow/.local/lib/python3.12/site-packages/airflow/example_dags/example_branch_day_of_week_operator.py
[2025-06-12T14:15:46.568+0000] {processor.py:830} INFO - Processing file /home/airflow/.local/lib/python3.12/site-packages/airflow/example_dags/example_branch_day_of_week_operator.py for tasks to queue
[2025-06-12T14:15:46.569+0000] {logging_mixin.py:188} INFO - [2025-06-12T14:15:46.569+0000] {dagbag.py:540} INFO - Filling up the DagBag from /home/airflow/.local/lib/python3.12/site-packages/airflow/example_dags/example_branch_day_of_week_operator.py
[2025-06-12T14:15:46.574+0000] {processor.py:840} INFO - DAG(s) 'example_weekday_branch_operator' retrieved from /home/airflow/.local/lib/python3.12/site-packages/airflow/example_dags/example_branch_day_of_week_operator.py
[2025-06-12T14:15:46.591+0000] {logging_mixin.py:188} INFO - [2025-06-12T14:15:46.591+0000] {dag.py:3096} INFO - Sync 1 DAGs
[2025-06-12T14:15:46.623+0000] {logging_mixin.py:188} INFO - [2025-06-12T14:15:46.623+0000] {dag.py:3954} INFO - Setting next_dagrun for example_weekday_branch_operator to 2025-06-11 00:00:00+00:00, run_after=2025-06-12 00:00:00+00:00
[2025-06-12T14:15:46.655+0000] {processor.py:183} INFO - Processing /home/airflow/.local/lib/python3.12/site-packages/airflow/example_dags/example_branch_day_of_week_operator.py took 0.091 seconds
[2025-06-12T14:16:17.345+0000] {processor.py:161} INFO - Started process (PID=110) to work on /home/airflow/.local/lib/python3.12/site-packages/airflow/example_dags/example_branch_day_of_week_operator.py
[2025-06-12T14:16:17.346+0000] {processor.py:830} INFO - Processing file /home/airflow/.local/lib/python3.12/site-packages/airflow/example_dags/example_branch_day_of_week_operator.py for tasks to queue
[2025-06-12T14:16:17.347+0000] {logging_mixin.py:188} INFO - [2025-06-12T14:16:17.347+0000] {dagbag.py:540} INFO - Filling up the DagBag from /home/airflow/.local/lib/python3.12/site-packages/airflow/example_dags/example_branch_day_of_week_operator.py
[2025-06-12T14:16:17.350+0000] {processor.py:840} INFO - DAG(s) 'example_weekday_branch_operator' retrieved from /home/airflow/.local/lib/python3.12/site-packages/airflow/example_dags/example_branch_day_of_week_operator.py
[2025-06-12T14:16:17.389+0000] {logging_mixin.py:188} INFO - [2025-06-12T14:16:17.389+0000] {dag.py:3096} INFO - Sync 1 DAGs
[2025-06-12T14:16:17.396+0000] {logging_mixin.py:188} INFO - [2025-06-12T14:16:17.396+0000] {dag.py:3954} INFO - Setting next_dagrun for example_weekday_branch_operator to 2025-06-11 00:00:00+00:00, run_after=2025-06-12 00:00:00+00:00
[2025-06-12T14:16:17.403+0000] {processor.py:183} INFO - Processing /home/airflow/.local/lib/python3.12/site-packages/airflow/example_dags/example_branch_day_of_week_operator.py took 0.060 seconds
[2025-06-12T14:16:47.784+0000] {processor.py:161} INFO - Started process (PID=184) to work on /home/airflow/.local/lib/python3.12/site-packages/airflow/example_dags/example_branch_day_of_week_operator.py
[2025-06-12T14:16:47.785+0000] {processor.py:830} INFO - Processing file /home/airflow/.local/lib/python3.12/site-packages/airflow/example_dags/example_branch_day_of_week_operator.py for tasks to queue
[2025-06-12T14:16:47.786+0000] {logging_mixin.py:188} INFO - [2025-06-12T14:16:47.786+0000] {dagbag.py:540} INFO - Filling up the DagBag from /home/airflow/.local/lib/python3.12/site-packages/airflow/example_dags/example_branch_day_of_week_operator.py
[2025-06-12T14:16:47.789+0000] {processor.py:840} INFO - DAG(s) 'example_weekday_branch_operator' retrieved from /home/airflow/.local/lib/python3.12/site-packages/airflow/example_dags/example_branch_day_of_week_operator.py
[2025-06-12T14:16:47.799+0000] {logging_mixin.py:188} INFO - [2025-06-12T14:16:47.799+0000] {dag.py:3096} INFO - Sync 1 DAGs
[2025-06-12T14:16:47.808+0000] {logging_mixin.py:188} INFO - [2025-06-12T14:16:47.808+0000] {dag.py:3954} INFO - Setting next_dagrun for example_weekday_branch_operator to 2025-06-11 00:00:00+00:00, run_after=2025-06-12 00:00:00+00:00
[2025-06-12T14:16:47.819+0000] {processor.py:183} INFO - Processing /home/airflow/.local/lib/python3.12/site-packages/airflow/example_dags/example_branch_day_of_week_operator.py took 0.038 seconds
[2025-06-12T14:17:18.788+0000] {processor.py:161} INFO - Started process (PID=258) to work on /home/airflow/.local/lib/python3.12/site-packages/airflow/example_dags/example_branch_day_of_week_operator.py
[2025-06-12T14:17:18.789+0000] {processor.py:830} INFO - Processing file /home/airflow/.local/lib/python3.12/site-packages/airflow/example_dags/example_branch_day_of_week_operator.py for tasks to queue
[2025-06-12T14:17:18.790+0000] {logging_mixin.py:188} INFO - [2025-06-12T14:17:18.790+0000] {dagbag.py:540} INFO - Filling up the DagBag from /home/airflow/.local/lib/python3.12/site-packages/airflow/example_dags/example_branch_day_of_week_operator.py
[2025-06-12T14:17:18.794+0000] {processor.py:840} INFO - DAG(s) 'example_weekday_branch_operator' retrieved from /home/airflow/.local/lib/python3.12/site-packages/airflow/example_dags/example_branch_day_of_week_operator.py
[2025-06-12T14:17:18.859+0000] {logging_mixin.py:188} INFO - [2025-06-12T14:17:18.858+0000] {dag.py:3096} INFO - Sync 1 DAGs
[2025-06-12T14:17:18.874+0000] {logging_mixin.py:188} INFO - [2025-06-12T14:17:18.874+0000] {dag.py:3954} INFO - Setting next_dagrun for example_weekday_branch_operator to 2025-06-11 00:00:00+00:00, run_after=2025-06-12 00:00:00+00:00
[2025-06-12T14:17:18.892+0000] {processor.py:183} INFO - Processing /home/airflow/.local/lib/python3.12/site-packages/airflow/example_dags/example_branch_day_of_week_operator.py took 0.107 seconds
[2025-06-12T14:17:49.652+0000] {processor.py:161} INFO - Started process (PID=324) to work on /home/airflow/.local/lib/python3.12/site-packages/airflow/example_dags/example_branch_day_of_week_operator.py
[2025-06-12T14:17:49.653+0000] {processor.py:830} INFO - Processing file /home/airflow/.local/lib/python3.12/site-packages/airflow/example_dags/example_branch_day_of_week_operator.py for tasks to queue
[2025-06-12T14:17:49.654+0000] {logging_mixin.py:188} INFO - [2025-06-12T14:17:49.653+0000] {dagbag.py:540} INFO - Filling up the DagBag from /home/airflow/.local/lib/python3.12/site-packages/airflow/example_dags/example_branch_day_of_week_operator.py
[2025-06-12T14:17:49.657+0000] {processor.py:840} INFO - DAG(s) 'example_weekday_branch_operator' retrieved from /home/airflow/.local/lib/python3.12/site-packages/airflow/example_dags/example_branch_day_of_week_operator.py
[2025-06-12T14:17:49.673+0000] {logging_mixin.py:188} INFO - [2025-06-12T14:17:49.672+0000] {dag.py:3096} INFO - Sync 1 DAGs
[2025-06-12T14:17:49.685+0000] {logging_mixin.py:188} INFO - [2025-06-12T14:17:49.685+0000] {dag.py:3954} INFO - Setting next_dagrun for example_weekday_branch_operator to 2025-06-11 00:00:00+00:00, run_after=2025-06-12 00:00:00+00:00
[2025-06-12T14:17:49.696+0000] {processor.py:183} INFO - Processing /home/airflow/.local/lib/python3.12/site-packages/airflow/example_dags/example_branch_day_of_week_operator.py took 0.047 seconds
[2025-06-12T14:18:32.022+0000] {processor.py:161} INFO - Started process (PID=36) to work on /home/airflow/.local/lib/python3.12/site-packages/airflow/example_dags/example_branch_day_of_week_operator.py
[2025-06-12T14:18:32.023+0000] {processor.py:830} INFO - Processing file /home/airflow/.local/lib/python3.12/site-packages/airflow/example_dags/example_branch_day_of_week_operator.py for tasks to queue
[2025-06-12T14:18:32.024+0000] {logging_mixin.py:188} INFO - [2025-06-12T14:18:32.024+0000] {dagbag.py:540} INFO - Filling up the DagBag from /home/airflow/.local/lib/python3.12/site-packages/airflow/example_dags/example_branch_day_of_week_operator.py
[2025-06-12T14:18:32.031+0000] {processor.py:840} INFO - DAG(s) 'example_weekday_branch_operator' retrieved from /home/airflow/.local/lib/python3.12/site-packages/airflow/example_dags/example_branch_day_of_week_operator.py
[2025-06-12T14:18:32.051+0000] {logging_mixin.py:188} INFO - [2025-06-12T14:18:32.051+0000] {dag.py:3096} INFO - Sync 1 DAGs
[2025-06-12T14:18:32.069+0000] {logging_mixin.py:188} INFO - [2025-06-12T14:18:32.068+0000] {dag.py:3954} INFO - Setting next_dagrun for example_weekday_branch_operator to 2025-06-11 00:00:00+00:00, run_after=2025-06-12 00:00:00+00:00
[2025-06-12T14:18:32.090+0000] {processor.py:183} INFO - Processing /home/airflow/.local/lib/python3.12/site-packages/airflow/example_dags/example_branch_day_of_week_operator.py took 0.072 seconds
[2025-06-12T14:19:02.251+0000] {processor.py:161} INFO - Started process (PID=108) to work on /home/airflow/.local/lib/python3.12/site-packages/airflow/example_dags/example_branch_day_of_week_operator.py
[2025-06-12T14:19:02.252+0000] {processor.py:830} INFO - Processing file /home/airflow/.local/lib/python3.12/site-packages/airflow/example_dags/example_branch_day_of_week_operator.py for tasks to queue
[2025-06-12T14:19:02.253+0000] {logging_mixin.py:188} INFO - [2025-06-12T14:19:02.252+0000] {dagbag.py:540} INFO - Filling up the DagBag from /home/airflow/.local/lib/python3.12/site-packages/airflow/example_dags/example_branch_day_of_week_operator.py
[2025-06-12T14:19:02.256+0000] {processor.py:840} INFO - DAG(s) 'example_weekday_branch_operator' retrieved from /home/airflow/.local/lib/python3.12/site-packages/airflow/example_dags/example_branch_day_of_week_operator.py
[2025-06-12T14:19:02.264+0000] {logging_mixin.py:188} INFO - [2025-06-12T14:19:02.264+0000] {dag.py:3096} INFO - Sync 1 DAGs
[2025-06-12T14:19:02.274+0000] {logging_mixin.py:188} INFO - [2025-06-12T14:19:02.273+0000] {dag.py:3954} INFO - Setting next_dagrun for example_weekday_branch_operator to 2025-06-11 00:00:00+00:00, run_after=2025-06-12 00:00:00+00:00
[2025-06-12T14:19:02.316+0000] {processor.py:183} INFO - Processing /home/airflow/.local/lib/python3.12/site-packages/airflow/example_dags/example_branch_day_of_week_operator.py took 0.066 seconds
[2025-06-12T14:19:32.558+0000] {processor.py:161} INFO - Started process (PID=175) to work on /home/airflow/.local/lib/python3.12/site-packages/airflow/example_dags/example_branch_day_of_week_operator.py
[2025-06-12T14:19:32.559+0000] {processor.py:830} INFO - Processing file /home/airflow/.local/lib/python3.12/site-packages/airflow/example_dags/example_branch_day_of_week_operator.py for tasks to queue
[2025-06-12T14:19:32.560+0000] {logging_mixin.py:188} INFO - [2025-06-12T14:19:32.560+0000] {dagbag.py:540} INFO - Filling up the DagBag from /home/airflow/.local/lib/python3.12/site-packages/airflow/example_dags/example_branch_day_of_week_operator.py
[2025-06-12T14:19:32.563+0000] {processor.py:840} INFO - DAG(s) 'example_weekday_branch_operator' retrieved from /home/airflow/.local/lib/python3.12/site-packages/airflow/example_dags/example_branch_day_of_week_operator.py
[2025-06-12T14:19:32.570+0000] {logging_mixin.py:188} INFO - [2025-06-12T14:19:32.570+0000] {dag.py:3096} INFO - Sync 1 DAGs
[2025-06-12T14:19:32.579+0000] {logging_mixin.py:188} INFO - [2025-06-12T14:19:32.579+0000] {dag.py:3954} INFO - Setting next_dagrun for example_weekday_branch_operator to 2025-06-11 00:00:00+00:00, run_after=2025-06-12 00:00:00+00:00
[2025-06-12T14:19:32.586+0000] {processor.py:183} INFO - Processing /home/airflow/.local/lib/python3.12/site-packages/airflow/example_dags/example_branch_day_of_week_operator.py took 0.030 seconds
[2025-06-12T14:20:03.078+0000] {processor.py:161} INFO - Started process (PID=248) to work on /home/airflow/.local/lib/python3.12/site-packages/airflow/example_dags/example_branch_day_of_week_operator.py
[2025-06-12T14:20:03.078+0000] {processor.py:830} INFO - Processing file /home/airflow/.local/lib/python3.12/site-packages/airflow/example_dags/example_branch_day_of_week_operator.py for tasks to queue
[2025-06-12T14:20:03.079+0000] {logging_mixin.py:188} INFO - [2025-06-12T14:20:03.079+0000] {dagbag.py:540} INFO - Filling up the DagBag from /home/airflow/.local/lib/python3.12/site-packages/airflow/example_dags/example_branch_day_of_week_operator.py
[2025-06-12T14:20:03.082+0000] {processor.py:840} INFO - DAG(s) 'example_weekday_branch_operator' retrieved from /home/airflow/.local/lib/python3.12/site-packages/airflow/example_dags/example_branch_day_of_week_operator.py
[2025-06-12T14:20:03.129+0000] {logging_mixin.py:188} INFO - [2025-06-12T14:20:03.129+0000] {dag.py:3096} INFO - Sync 1 DAGs
[2025-06-12T14:20:03.142+0000] {logging_mixin.py:188} INFO - [2025-06-12T14:20:03.141+0000] {dag.py:3954} INFO - Setting next_dagrun for example_weekday_branch_operator to 2025-06-11 00:00:00+00:00, run_after=2025-06-12 00:00:00+00:00
[2025-06-12T14:20:03.152+0000] {processor.py:183} INFO - Processing /home/airflow/.local/lib/python3.12/site-packages/airflow/example_dags/example_branch_day_of_week_operator.py took 0.076 seconds
[2025-06-12T14:20:33.221+0000] {processor.py:161} INFO - Started process (PID=323) to work on /home/airflow/.local/lib/python3.12/site-packages/airflow/example_dags/example_branch_day_of_week_operator.py
[2025-06-12T14:20:33.222+0000] {processor.py:830} INFO - Processing file /home/airflow/.local/lib/python3.12/site-packages/airflow/example_dags/example_branch_day_of_week_operator.py for tasks to queue
[2025-06-12T14:20:33.222+0000] {logging_mixin.py:188} INFO - [2025-06-12T14:20:33.222+0000] {dagbag.py:540} INFO - Filling up the DagBag from /home/airflow/.local/lib/python3.12/site-packages/airflow/example_dags/example_branch_day_of_week_operator.py
[2025-06-12T14:20:33.226+0000] {processor.py:840} INFO - DAG(s) 'example_weekday_branch_operator' retrieved from /home/airflow/.local/lib/python3.12/site-packages/airflow/example_dags/example_branch_day_of_week_operator.py
[2025-06-12T14:20:33.235+0000] {logging_mixin.py:188} INFO - [2025-06-12T14:20:33.235+0000] {dag.py:3096} INFO - Sync 1 DAGs
[2025-06-12T14:20:33.244+0000] {logging_mixin.py:188} INFO - [2025-06-12T14:20:33.244+0000] {dag.py:3954} INFO - Setting next_dagrun for example_weekday_branch_operator to 2025-06-11 00:00:00+00:00, run_after=2025-06-12 00:00:00+00:00
[2025-06-12T14:20:33.250+0000] {processor.py:183} INFO - Processing /home/airflow/.local/lib/python3.12/site-packages/airflow/example_dags/example_branch_day_of_week_operator.py took 0.031 seconds
[2025-06-12T14:21:03.841+0000] {processor.py:161} INFO - Started process (PID=390) to work on /home/airflow/.local/lib/python3.12/site-packages/airflow/example_dags/example_branch_day_of_week_operator.py
[2025-06-12T14:21:03.842+0000] {processor.py:830} INFO - Processing file /home/airflow/.local/lib/python3.12/site-packages/airflow/example_dags/example_branch_day_of_week_operator.py for tasks to queue
[2025-06-12T14:21:03.843+0000] {logging_mixin.py:188} INFO - [2025-06-12T14:21:03.843+0000] {dagbag.py:540} INFO - Filling up the DagBag from /home/airflow/.local/lib/python3.12/site-packages/airflow/example_dags/example_branch_day_of_week_operator.py
[2025-06-12T14:21:03.846+0000] {processor.py:840} INFO - DAG(s) 'example_weekday_branch_operator' retrieved from /home/airflow/.local/lib/python3.12/site-packages/airflow/example_dags/example_branch_day_of_week_operator.py
[2025-06-12T14:21:03.855+0000] {logging_mixin.py:188} INFO - [2025-06-12T14:21:03.855+0000] {dag.py:3096} INFO - Sync 1 DAGs
[2025-06-12T14:21:03.863+0000] {logging_mixin.py:188} INFO - [2025-06-12T14:21:03.863+0000] {dag.py:3954} INFO - Setting next_dagrun for example_weekday_branch_operator to 2025-06-11 00:00:00+00:00, run_after=2025-06-12 00:00:00+00:00
[2025-06-12T14:21:03.870+0000] {processor.py:183} INFO - Processing /home/airflow/.local/lib/python3.12/site-packages/airflow/example_dags/example_branch_day_of_week_operator.py took 0.031 seconds
[2025-06-12T14:21:34.186+0000] {processor.py:161} INFO - Started process (PID=463) to work on /home/airflow/.local/lib/python3.12/site-packages/airflow/example_dags/example_branch_day_of_week_operator.py
[2025-06-12T14:21:34.187+0000] {processor.py:830} INFO - Processing file /home/airflow/.local/lib/python3.12/site-packages/airflow/example_dags/example_branch_day_of_week_operator.py for tasks to queue
[2025-06-12T14:21:34.188+0000] {logging_mixin.py:188} INFO - [2025-06-12T14:21:34.187+0000] {dagbag.py:540} INFO - Filling up the DagBag from /home/airflow/.local/lib/python3.12/site-packages/airflow/example_dags/example_branch_day_of_week_operator.py
[2025-06-12T14:21:34.191+0000] {processor.py:840} INFO - DAG(s) 'example_weekday_branch_operator' retrieved from /home/airflow/.local/lib/python3.12/site-packages/airflow/example_dags/example_branch_day_of_week_operator.py
[2025-06-12T14:21:34.201+0000] {logging_mixin.py:188} INFO - [2025-06-12T14:21:34.201+0000] {dag.py:3096} INFO - Sync 1 DAGs
[2025-06-12T14:21:34.209+0000] {logging_mixin.py:188} INFO - [2025-06-12T14:21:34.208+0000] {dag.py:3954} INFO - Setting next_dagrun for example_weekday_branch_operator to 2025-06-11 00:00:00+00:00, run_after=2025-06-12 00:00:00+00:00
[2025-06-12T14:21:34.218+0000] {processor.py:183} INFO - Processing /home/airflow/.local/lib/python3.12/site-packages/airflow/example_dags/example_branch_day_of_week_operator.py took 0.034 seconds
[2025-06-12T14:22:04.447+0000] {processor.py:161} INFO - Started process (PID=537) to work on /home/airflow/.local/lib/python3.12/site-packages/airflow/example_dags/example_branch_day_of_week_operator.py
[2025-06-12T14:22:04.448+0000] {processor.py:830} INFO - Processing file /home/airflow/.local/lib/python3.12/site-packages/airflow/example_dags/example_branch_day_of_week_operator.py for tasks to queue
[2025-06-12T14:22:04.451+0000] {logging_mixin.py:188} INFO - [2025-06-12T14:22:04.451+0000] {dagbag.py:540} INFO - Filling up the DagBag from /home/airflow/.local/lib/python3.12/site-packages/airflow/example_dags/example_branch_day_of_week_operator.py
[2025-06-12T14:22:04.458+0000] {processor.py:840} INFO - DAG(s) 'example_weekday_branch_operator' retrieved from /home/airflow/.local/lib/python3.12/site-packages/airflow/example_dags/example_branch_day_of_week_operator.py
[2025-06-12T14:22:04.478+0000] {logging_mixin.py:188} INFO - [2025-06-12T14:22:04.478+0000] {dag.py:3096} INFO - Sync 1 DAGs
[2025-06-12T14:22:04.494+0000] {logging_mixin.py:188} INFO - [2025-06-12T14:22:04.494+0000] {dag.py:3954} INFO - Setting next_dagrun for example_weekday_branch_operator to 2025-06-11 00:00:00+00:00, run_after=2025-06-12 00:00:00+00:00
[2025-06-12T14:22:04.510+0000] {processor.py:183} INFO - Processing /home/airflow/.local/lib/python3.12/site-packages/airflow/example_dags/example_branch_day_of_week_operator.py took 0.066 seconds
[2025-06-12T14:22:34.696+0000] {processor.py:161} INFO - Started process (PID=604) to work on /home/airflow/.local/lib/python3.12/site-packages/airflow/example_dags/example_branch_day_of_week_operator.py
[2025-06-12T14:22:34.697+0000] {processor.py:830} INFO - Processing file /home/airflow/.local/lib/python3.12/site-packages/airflow/example_dags/example_branch_day_of_week_operator.py for tasks to queue
[2025-06-12T14:22:34.698+0000] {logging_mixin.py:188} INFO - [2025-06-12T14:22:34.698+0000] {dagbag.py:540} INFO - Filling up the DagBag from /home/airflow/.local/lib/python3.12/site-packages/airflow/example_dags/example_branch_day_of_week_operator.py
[2025-06-12T14:22:34.702+0000] {processor.py:840} INFO - DAG(s) 'example_weekday_branch_operator' retrieved from /home/airflow/.local/lib/python3.12/site-packages/airflow/example_dags/example_branch_day_of_week_operator.py
[2025-06-12T14:22:34.714+0000] {logging_mixin.py:188} INFO - [2025-06-12T14:22:34.714+0000] {dag.py:3096} INFO - Sync 1 DAGs
[2025-06-12T14:22:34.725+0000] {logging_mixin.py:188} INFO - [2025-06-12T14:22:34.725+0000] {dag.py:3954} INFO - Setting next_dagrun for example_weekday_branch_operator to 2025-06-11 00:00:00+00:00, run_after=2025-06-12 00:00:00+00:00
[2025-06-12T14:22:34.737+0000] {processor.py:183} INFO - Processing /home/airflow/.local/lib/python3.12/site-packages/airflow/example_dags/example_branch_day_of_week_operator.py took 0.043 seconds
[2025-06-12T14:23:04.778+0000] {processor.py:161} INFO - Started process (PID=678) to work on /home/airflow/.local/lib/python3.12/site-packages/airflow/example_dags/example_branch_day_of_week_operator.py
[2025-06-12T14:23:04.779+0000] {processor.py:830} INFO - Processing file /home/airflow/.local/lib/python3.12/site-packages/airflow/example_dags/example_branch_day_of_week_operator.py for tasks to queue
[2025-06-12T14:23:04.779+0000] {logging_mixin.py:188} INFO - [2025-06-12T14:23:04.779+0000] {dagbag.py:540} INFO - Filling up the DagBag from /home/airflow/.local/lib/python3.12/site-packages/airflow/example_dags/example_branch_day_of_week_operator.py
[2025-06-12T14:23:04.783+0000] {processor.py:840} INFO - DAG(s) 'example_weekday_branch_operator' retrieved from /home/airflow/.local/lib/python3.12/site-packages/airflow/example_dags/example_branch_day_of_week_operator.py
[2025-06-12T14:23:04.797+0000] {logging_mixin.py:188} INFO - [2025-06-12T14:23:04.797+0000] {dag.py:3096} INFO - Sync 1 DAGs
[2025-06-12T14:23:04.807+0000] {logging_mixin.py:188} INFO - [2025-06-12T14:23:04.807+0000] {dag.py:3954} INFO - Setting next_dagrun for example_weekday_branch_operator to 2025-06-11 00:00:00+00:00, run_after=2025-06-12 00:00:00+00:00
[2025-06-12T14:23:04.818+0000] {processor.py:183} INFO - Processing /home/airflow/.local/lib/python3.12/site-packages/airflow/example_dags/example_branch_day_of_week_operator.py took 0.044 seconds
[2025-06-12T14:23:34.978+0000] {processor.py:161} INFO - Started process (PID=745) to work on /home/airflow/.local/lib/python3.12/site-packages/airflow/example_dags/example_branch_day_of_week_operator.py
[2025-06-12T14:23:34.979+0000] {processor.py:830} INFO - Processing file /home/airflow/.local/lib/python3.12/site-packages/airflow/example_dags/example_branch_day_of_week_operator.py for tasks to queue
[2025-06-12T14:23:34.980+0000] {logging_mixin.py:188} INFO - [2025-06-12T14:23:34.980+0000] {dagbag.py:540} INFO - Filling up the DagBag from /home/airflow/.local/lib/python3.12/site-packages/airflow/example_dags/example_branch_day_of_week_operator.py
[2025-06-12T14:23:34.983+0000] {processor.py:840} INFO - DAG(s) 'example_weekday_branch_operator' retrieved from /home/airflow/.local/lib/python3.12/site-packages/airflow/example_dags/example_branch_day_of_week_operator.py
[2025-06-12T14:23:34.998+0000] {logging_mixin.py:188} INFO - [2025-06-12T14:23:34.998+0000] {dag.py:3096} INFO - Sync 1 DAGs
[2025-06-12T14:23:35.008+0000] {logging_mixin.py:188} INFO - [2025-06-12T14:23:35.008+0000] {dag.py:3954} INFO - Setting next_dagrun for example_weekday_branch_operator to 2025-06-11 00:00:00+00:00, run_after=2025-06-12 00:00:00+00:00
[2025-06-12T14:23:35.018+0000] {processor.py:183} INFO - Processing /home/airflow/.local/lib/python3.12/site-packages/airflow/example_dags/example_branch_day_of_week_operator.py took 0.042 seconds
[2025-06-12T14:24:05.650+0000] {processor.py:161} INFO - Started process (PID=819) to work on /home/airflow/.local/lib/python3.12/site-packages/airflow/example_dags/example_branch_day_of_week_operator.py
[2025-06-12T14:24:05.650+0000] {processor.py:830} INFO - Processing file /home/airflow/.local/lib/python3.12/site-packages/airflow/example_dags/example_branch_day_of_week_operator.py for tasks to queue
[2025-06-12T14:24:05.651+0000] {logging_mixin.py:188} INFO - [2025-06-12T14:24:05.651+0000] {dagbag.py:540} INFO - Filling up the DagBag from /home/airflow/.local/lib/python3.12/site-packages/airflow/example_dags/example_branch_day_of_week_operator.py
[2025-06-12T14:24:05.654+0000] {processor.py:840} INFO - DAG(s) 'example_weekday_branch_operator' retrieved from /home/airflow/.local/lib/python3.12/site-packages/airflow/example_dags/example_branch_day_of_week_operator.py
[2025-06-12T14:24:05.664+0000] {logging_mixin.py:188} INFO - [2025-06-12T14:24:05.664+0000] {dag.py:3096} INFO - Sync 1 DAGs
[2025-06-12T14:24:05.671+0000] {logging_mixin.py:188} INFO - [2025-06-12T14:24:05.671+0000] {dag.py:3954} INFO - Setting next_dagrun for example_weekday_branch_operator to 2025-06-11 00:00:00+00:00, run_after=2025-06-12 00:00:00+00:00
[2025-06-12T14:24:05.679+0000] {processor.py:183} INFO - Processing /home/airflow/.local/lib/python3.12/site-packages/airflow/example_dags/example_branch_day_of_week_operator.py took 0.031 seconds
[2025-06-12T14:24:36.461+0000] {processor.py:161} INFO - Started process (PID=893) to work on /home/airflow/.local/lib/python3.12/site-packages/airflow/example_dags/example_branch_day_of_week_operator.py
[2025-06-12T14:24:36.462+0000] {processor.py:830} INFO - Processing file /home/airflow/.local/lib/python3.12/site-packages/airflow/example_dags/example_branch_day_of_week_operator.py for tasks to queue
[2025-06-12T14:24:36.463+0000] {logging_mixin.py:188} INFO - [2025-06-12T14:24:36.463+0000] {dagbag.py:540} INFO - Filling up the DagBag from /home/airflow/.local/lib/python3.12/site-packages/airflow/example_dags/example_branch_day_of_week_operator.py
[2025-06-12T14:24:36.467+0000] {processor.py:840} INFO - DAG(s) 'example_weekday_branch_operator' retrieved from /home/airflow/.local/lib/python3.12/site-packages/airflow/example_dags/example_branch_day_of_week_operator.py
[2025-06-12T14:24:36.483+0000] {logging_mixin.py:188} INFO - [2025-06-12T14:24:36.483+0000] {dag.py:3096} INFO - Sync 1 DAGs
[2025-06-12T14:24:36.494+0000] {logging_mixin.py:188} INFO - [2025-06-12T14:24:36.494+0000] {dag.py:3954} INFO - Setting next_dagrun for example_weekday_branch_operator to 2025-06-11 00:00:00+00:00, run_after=2025-06-12 00:00:00+00:00
[2025-06-12T14:24:36.505+0000] {processor.py:183} INFO - Processing /home/airflow/.local/lib/python3.12/site-packages/airflow/example_dags/example_branch_day_of_week_operator.py took 0.047 seconds
[2025-06-12T14:25:06.784+0000] {processor.py:161} INFO - Started process (PID=960) to work on /home/airflow/.local/lib/python3.12/site-packages/airflow/example_dags/example_branch_day_of_week_operator.py
[2025-06-12T14:25:06.785+0000] {processor.py:830} INFO - Processing file /home/airflow/.local/lib/python3.12/site-packages/airflow/example_dags/example_branch_day_of_week_operator.py for tasks to queue
[2025-06-12T14:25:06.786+0000] {logging_mixin.py:188} INFO - [2025-06-12T14:25:06.786+0000] {dagbag.py:540} INFO - Filling up the DagBag from /home/airflow/.local/lib/python3.12/site-packages/airflow/example_dags/example_branch_day_of_week_operator.py
[2025-06-12T14:25:06.790+0000] {processor.py:840} INFO - DAG(s) 'example_weekday_branch_operator' retrieved from /home/airflow/.local/lib/python3.12/site-packages/airflow/example_dags/example_branch_day_of_week_operator.py
[2025-06-12T14:25:06.811+0000] {logging_mixin.py:188} INFO - [2025-06-12T14:25:06.811+0000] {dag.py:3096} INFO - Sync 1 DAGs
[2025-06-12T14:25:06.825+0000] {logging_mixin.py:188} INFO - [2025-06-12T14:25:06.825+0000] {dag.py:3954} INFO - Setting next_dagrun for example_weekday_branch_operator to 2025-06-11 00:00:00+00:00, run_after=2025-06-12 00:00:00+00:00
[2025-06-12T14:25:06.846+0000] {processor.py:183} INFO - Processing /home/airflow/.local/lib/python3.12/site-packages/airflow/example_dags/example_branch_day_of_week_operator.py took 0.064 seconds
[2025-06-12T14:25:36.967+0000] {processor.py:161} INFO - Started process (PID=1034) to work on /home/airflow/.local/lib/python3.12/site-packages/airflow/example_dags/example_branch_day_of_week_operator.py
[2025-06-12T14:25:36.968+0000] {processor.py:830} INFO - Processing file /home/airflow/.local/lib/python3.12/site-packages/airflow/example_dags/example_branch_day_of_week_operator.py for tasks to queue
[2025-06-12T14:25:36.969+0000] {logging_mixin.py:188} INFO - [2025-06-12T14:25:36.969+0000] {dagbag.py:540} INFO - Filling up the DagBag from /home/airflow/.local/lib/python3.12/site-packages/airflow/example_dags/example_branch_day_of_week_operator.py
[2025-06-12T14:25:36.972+0000] {processor.py:840} INFO - DAG(s) 'example_weekday_branch_operator' retrieved from /home/airflow/.local/lib/python3.12/site-packages/airflow/example_dags/example_branch_day_of_week_operator.py
[2025-06-12T14:25:36.989+0000] {logging_mixin.py:188} INFO - [2025-06-12T14:25:36.989+0000] {dag.py:3096} INFO - Sync 1 DAGs
[2025-06-12T14:25:36.999+0000] {logging_mixin.py:188} INFO - [2025-06-12T14:25:36.999+0000] {dag.py:3954} INFO - Setting next_dagrun for example_weekday_branch_operator to 2025-06-11 00:00:00+00:00, run_after=2025-06-12 00:00:00+00:00
[2025-06-12T14:25:37.007+0000] {processor.py:183} INFO - Processing /home/airflow/.local/lib/python3.12/site-packages/airflow/example_dags/example_branch_day_of_week_operator.py took 0.042 seconds
[2025-06-12T14:26:07.242+0000] {processor.py:161} INFO - Started process (PID=1101) to work on /home/airflow/.local/lib/python3.12/site-packages/airflow/example_dags/example_branch_day_of_week_operator.py
[2025-06-12T14:26:07.244+0000] {processor.py:830} INFO - Processing file /home/airflow/.local/lib/python3.12/site-packages/airflow/example_dags/example_branch_day_of_week_operator.py for tasks to queue
[2025-06-12T14:26:07.245+0000] {logging_mixin.py:188} INFO - [2025-06-12T14:26:07.245+0000] {dagbag.py:540} INFO - Filling up the DagBag from /home/airflow/.local/lib/python3.12/site-packages/airflow/example_dags/example_branch_day_of_week_operator.py
[2025-06-12T14:26:07.250+0000] {processor.py:840} INFO - DAG(s) 'example_weekday_branch_operator' retrieved from /home/airflow/.local/lib/python3.12/site-packages/airflow/example_dags/example_branch_day_of_week_operator.py
[2025-06-12T14:26:07.265+0000] {logging_mixin.py:188} INFO - [2025-06-12T14:26:07.265+0000] {dag.py:3096} INFO - Sync 1 DAGs
[2025-06-12T14:26:07.275+0000] {logging_mixin.py:188} INFO - [2025-06-12T14:26:07.275+0000] {dag.py:3954} INFO - Setting next_dagrun for example_weekday_branch_operator to 2025-06-11 00:00:00+00:00, run_after=2025-06-12 00:00:00+00:00
[2025-06-12T14:26:07.288+0000] {processor.py:183} INFO - Processing /home/airflow/.local/lib/python3.12/site-packages/airflow/example_dags/example_branch_day_of_week_operator.py took 0.048 seconds
[2025-06-12T14:26:37.922+0000] {processor.py:161} INFO - Started process (PID=1175) to work on /home/airflow/.local/lib/python3.12/site-packages/airflow/example_dags/example_branch_day_of_week_operator.py
[2025-06-12T14:26:37.923+0000] {processor.py:830} INFO - Processing file /home/airflow/.local/lib/python3.12/site-packages/airflow/example_dags/example_branch_day_of_week_operator.py for tasks to queue
[2025-06-12T14:26:37.926+0000] {logging_mixin.py:188} INFO - [2025-06-12T14:26:37.926+0000] {dagbag.py:540} INFO - Filling up the DagBag from /home/airflow/.local/lib/python3.12/site-packages/airflow/example_dags/example_branch_day_of_week_operator.py
[2025-06-12T14:26:37.931+0000] {processor.py:840} INFO - DAG(s) 'example_weekday_branch_operator' retrieved from /home/airflow/.local/lib/python3.12/site-packages/airflow/example_dags/example_branch_day_of_week_operator.py
[2025-06-12T14:26:37.954+0000] {logging_mixin.py:188} INFO - [2025-06-12T14:26:37.954+0000] {dag.py:3096} INFO - Sync 1 DAGs
[2025-06-12T14:26:37.971+0000] {logging_mixin.py:188} INFO - [2025-06-12T14:26:37.971+0000] {dag.py:3954} INFO - Setting next_dagrun for example_weekday_branch_operator to 2025-06-11 00:00:00+00:00, run_after=2025-06-12 00:00:00+00:00
[2025-06-12T14:26:38.096+0000] {processor.py:183} INFO - Processing /home/airflow/.local/lib/python3.12/site-packages/airflow/example_dags/example_branch_day_of_week_operator.py took 0.180 seconds
[2025-06-12T14:27:08.697+0000] {processor.py:161} INFO - Started process (PID=1249) to work on /home/airflow/.local/lib/python3.12/site-packages/airflow/example_dags/example_branch_day_of_week_operator.py
[2025-06-12T14:27:08.698+0000] {processor.py:830} INFO - Processing file /home/airflow/.local/lib/python3.12/site-packages/airflow/example_dags/example_branch_day_of_week_operator.py for tasks to queue
[2025-06-12T14:27:08.699+0000] {logging_mixin.py:188} INFO - [2025-06-12T14:27:08.699+0000] {dagbag.py:540} INFO - Filling up the DagBag from /home/airflow/.local/lib/python3.12/site-packages/airflow/example_dags/example_branch_day_of_week_operator.py
[2025-06-12T14:27:08.703+0000] {processor.py:840} INFO - DAG(s) 'example_weekday_branch_operator' retrieved from /home/airflow/.local/lib/python3.12/site-packages/airflow/example_dags/example_branch_day_of_week_operator.py
[2025-06-12T14:27:08.715+0000] {logging_mixin.py:188} INFO - [2025-06-12T14:27:08.715+0000] {dag.py:3096} INFO - Sync 1 DAGs
[2025-06-12T14:27:08.726+0000] {logging_mixin.py:188} INFO - [2025-06-12T14:27:08.726+0000] {dag.py:3954} INFO - Setting next_dagrun for example_weekday_branch_operator to 2025-06-11 00:00:00+00:00, run_after=2025-06-12 00:00:00+00:00
[2025-06-12T14:27:08.737+0000] {processor.py:183} INFO - Processing /home/airflow/.local/lib/python3.12/site-packages/airflow/example_dags/example_branch_day_of_week_operator.py took 0.042 seconds
[2025-06-12T14:27:38.943+0000] {processor.py:161} INFO - Started process (PID=1316) to work on /home/airflow/.local/lib/python3.12/site-packages/airflow/example_dags/example_branch_day_of_week_operator.py
[2025-06-12T14:27:38.944+0000] {processor.py:830} INFO - Processing file /home/airflow/.local/lib/python3.12/site-packages/airflow/example_dags/example_branch_day_of_week_operator.py for tasks to queue
[2025-06-12T14:27:38.944+0000] {logging_mixin.py:188} INFO - [2025-06-12T14:27:38.944+0000] {dagbag.py:540} INFO - Filling up the DagBag from /home/airflow/.local/lib/python3.12/site-packages/airflow/example_dags/example_branch_day_of_week_operator.py
[2025-06-12T14:27:38.948+0000] {processor.py:840} INFO - DAG(s) 'example_weekday_branch_operator' retrieved from /home/airflow/.local/lib/python3.12/site-packages/airflow/example_dags/example_branch_day_of_week_operator.py
[2025-06-12T14:27:38.962+0000] {logging_mixin.py:188} INFO - [2025-06-12T14:27:38.962+0000] {dag.py:3096} INFO - Sync 1 DAGs
[2025-06-12T14:27:38.971+0000] {logging_mixin.py:188} INFO - [2025-06-12T14:27:38.971+0000] {dag.py:3954} INFO - Setting next_dagrun for example_weekday_branch_operator to 2025-06-11 00:00:00+00:00, run_after=2025-06-12 00:00:00+00:00
[2025-06-12T14:27:38.981+0000] {processor.py:183} INFO - Processing /home/airflow/.local/lib/python3.12/site-packages/airflow/example_dags/example_branch_day_of_week_operator.py took 0.040 seconds
[2025-06-12T14:28:09.618+0000] {processor.py:161} INFO - Started process (PID=1390) to work on /home/airflow/.local/lib/python3.12/site-packages/airflow/example_dags/example_branch_day_of_week_operator.py
[2025-06-12T14:28:09.619+0000] {processor.py:830} INFO - Processing file /home/airflow/.local/lib/python3.12/site-packages/airflow/example_dags/example_branch_day_of_week_operator.py for tasks to queue
[2025-06-12T14:28:09.621+0000] {logging_mixin.py:188} INFO - [2025-06-12T14:28:09.620+0000] {dagbag.py:540} INFO - Filling up the DagBag from /home/airflow/.local/lib/python3.12/site-packages/airflow/example_dags/example_branch_day_of_week_operator.py
[2025-06-12T14:28:09.626+0000] {processor.py:840} INFO - DAG(s) 'example_weekday_branch_operator' retrieved from /home/airflow/.local/lib/python3.12/site-packages/airflow/example_dags/example_branch_day_of_week_operator.py
[2025-06-12T14:28:09.643+0000] {logging_mixin.py:188} INFO - [2025-06-12T14:28:09.643+0000] {dag.py:3096} INFO - Sync 1 DAGs
[2025-06-12T14:28:09.655+0000] {logging_mixin.py:188} INFO - [2025-06-12T14:28:09.655+0000] {dag.py:3954} INFO - Setting next_dagrun for example_weekday_branch_operator to 2025-06-11 00:00:00+00:00, run_after=2025-06-12 00:00:00+00:00
[2025-06-12T14:28:09.666+0000] {processor.py:183} INFO - Processing /home/airflow/.local/lib/python3.12/site-packages/airflow/example_dags/example_branch_day_of_week_operator.py took 0.052 seconds
[2025-06-12T14:35:50.020+0000] {processor.py:161} INFO - Started process (PID=41) to work on /home/airflow/.local/lib/python3.12/site-packages/airflow/example_dags/example_branch_day_of_week_operator.py
[2025-06-12T14:35:50.022+0000] {processor.py:830} INFO - Processing file /home/airflow/.local/lib/python3.12/site-packages/airflow/example_dags/example_branch_day_of_week_operator.py for tasks to queue
[2025-06-12T14:35:50.025+0000] {logging_mixin.py:188} INFO - [2025-06-12T14:35:50.024+0000] {dagbag.py:540} INFO - Filling up the DagBag from /home/airflow/.local/lib/python3.12/site-packages/airflow/example_dags/example_branch_day_of_week_operator.py
[2025-06-12T14:35:50.036+0000] {processor.py:840} INFO - DAG(s) 'example_weekday_branch_operator' retrieved from /home/airflow/.local/lib/python3.12/site-packages/airflow/example_dags/example_branch_day_of_week_operator.py
[2025-06-12T14:35:50.054+0000] {logging_mixin.py:188} INFO - [2025-06-12T14:35:50.054+0000] {dag.py:3096} INFO - Sync 1 DAGs
[2025-06-12T14:35:50.077+0000] {logging_mixin.py:188} INFO - [2025-06-12T14:35:50.077+0000] {dag.py:3954} INFO - Setting next_dagrun for example_weekday_branch_operator to 2025-06-11 00:00:00+00:00, run_after=2025-06-12 00:00:00+00:00
[2025-06-12T14:35:50.093+0000] {processor.py:183} INFO - Processing /home/airflow/.local/lib/python3.12/site-packages/airflow/example_dags/example_branch_day_of_week_operator.py took 0.087 seconds
[2025-06-12T14:36:20.692+0000] {processor.py:161} INFO - Started process (PID=108) to work on /home/airflow/.local/lib/python3.12/site-packages/airflow/example_dags/example_branch_day_of_week_operator.py
[2025-06-12T14:36:20.693+0000] {processor.py:830} INFO - Processing file /home/airflow/.local/lib/python3.12/site-packages/airflow/example_dags/example_branch_day_of_week_operator.py for tasks to queue
[2025-06-12T14:36:20.694+0000] {logging_mixin.py:188} INFO - [2025-06-12T14:36:20.693+0000] {dagbag.py:540} INFO - Filling up the DagBag from /home/airflow/.local/lib/python3.12/site-packages/airflow/example_dags/example_branch_day_of_week_operator.py
[2025-06-12T14:36:20.698+0000] {processor.py:840} INFO - DAG(s) 'example_weekday_branch_operator' retrieved from /home/airflow/.local/lib/python3.12/site-packages/airflow/example_dags/example_branch_day_of_week_operator.py
[2025-06-12T14:36:20.740+0000] {logging_mixin.py:188} INFO - [2025-06-12T14:36:20.740+0000] {dag.py:3096} INFO - Sync 1 DAGs
[2025-06-12T14:36:20.748+0000] {logging_mixin.py:188} INFO - [2025-06-12T14:36:20.748+0000] {dag.py:3954} INFO - Setting next_dagrun for example_weekday_branch_operator to 2025-06-11 00:00:00+00:00, run_after=2025-06-12 00:00:00+00:00
[2025-06-12T14:36:20.756+0000] {processor.py:183} INFO - Processing /home/airflow/.local/lib/python3.12/site-packages/airflow/example_dags/example_branch_day_of_week_operator.py took 0.067 seconds
[2025-06-12T14:36:51.290+0000] {processor.py:161} INFO - Started process (PID=181) to work on /home/airflow/.local/lib/python3.12/site-packages/airflow/example_dags/example_branch_day_of_week_operator.py
[2025-06-12T14:36:51.291+0000] {processor.py:830} INFO - Processing file /home/airflow/.local/lib/python3.12/site-packages/airflow/example_dags/example_branch_day_of_week_operator.py for tasks to queue
[2025-06-12T14:36:51.292+0000] {logging_mixin.py:188} INFO - [2025-06-12T14:36:51.292+0000] {dagbag.py:540} INFO - Filling up the DagBag from /home/airflow/.local/lib/python3.12/site-packages/airflow/example_dags/example_branch_day_of_week_operator.py
[2025-06-12T14:36:51.296+0000] {processor.py:840} INFO - DAG(s) 'example_weekday_branch_operator' retrieved from /home/airflow/.local/lib/python3.12/site-packages/airflow/example_dags/example_branch_day_of_week_operator.py
[2025-06-12T14:36:51.311+0000] {logging_mixin.py:188} INFO - [2025-06-12T14:36:51.310+0000] {dag.py:3096} INFO - Sync 1 DAGs
[2025-06-12T14:36:51.326+0000] {logging_mixin.py:188} INFO - [2025-06-12T14:36:51.326+0000] {dag.py:3954} INFO - Setting next_dagrun for example_weekday_branch_operator to 2025-06-11 00:00:00+00:00, run_after=2025-06-12 00:00:00+00:00
[2025-06-12T14:36:51.336+0000] {processor.py:183} INFO - Processing /home/airflow/.local/lib/python3.12/site-packages/airflow/example_dags/example_branch_day_of_week_operator.py took 0.049 seconds
[2025-06-12T14:37:21.733+0000] {processor.py:161} INFO - Started process (PID=248) to work on /home/airflow/.local/lib/python3.12/site-packages/airflow/example_dags/example_branch_day_of_week_operator.py
[2025-06-12T14:37:21.734+0000] {processor.py:830} INFO - Processing file /home/airflow/.local/lib/python3.12/site-packages/airflow/example_dags/example_branch_day_of_week_operator.py for tasks to queue
[2025-06-12T14:37:21.735+0000] {logging_mixin.py:188} INFO - [2025-06-12T14:37:21.735+0000] {dagbag.py:540} INFO - Filling up the DagBag from /home/airflow/.local/lib/python3.12/site-packages/airflow/example_dags/example_branch_day_of_week_operator.py
[2025-06-12T14:37:21.740+0000] {processor.py:840} INFO - DAG(s) 'example_weekday_branch_operator' retrieved from /home/airflow/.local/lib/python3.12/site-packages/airflow/example_dags/example_branch_day_of_week_operator.py
[2025-06-12T14:37:21.755+0000] {logging_mixin.py:188} INFO - [2025-06-12T14:37:21.755+0000] {dag.py:3096} INFO - Sync 1 DAGs
[2025-06-12T14:37:21.767+0000] {logging_mixin.py:188} INFO - [2025-06-12T14:37:21.767+0000] {dag.py:3954} INFO - Setting next_dagrun for example_weekday_branch_operator to 2025-06-11 00:00:00+00:00, run_after=2025-06-12 00:00:00+00:00
[2025-06-12T14:37:21.783+0000] {processor.py:183} INFO - Processing /home/airflow/.local/lib/python3.12/site-packages/airflow/example_dags/example_branch_day_of_week_operator.py took 0.052 seconds
[2025-06-12T14:37:52.209+0000] {processor.py:161} INFO - Started process (PID=322) to work on /home/airflow/.local/lib/python3.12/site-packages/airflow/example_dags/example_branch_day_of_week_operator.py
[2025-06-12T14:37:52.210+0000] {processor.py:830} INFO - Processing file /home/airflow/.local/lib/python3.12/site-packages/airflow/example_dags/example_branch_day_of_week_operator.py for tasks to queue
[2025-06-12T14:37:52.211+0000] {logging_mixin.py:188} INFO - [2025-06-12T14:37:52.211+0000] {dagbag.py:540} INFO - Filling up the DagBag from /home/airflow/.local/lib/python3.12/site-packages/airflow/example_dags/example_branch_day_of_week_operator.py
[2025-06-12T14:37:52.215+0000] {processor.py:840} INFO - DAG(s) 'example_weekday_branch_operator' retrieved from /home/airflow/.local/lib/python3.12/site-packages/airflow/example_dags/example_branch_day_of_week_operator.py
[2025-06-12T14:37:52.247+0000] {logging_mixin.py:188} INFO - [2025-06-12T14:37:52.247+0000] {dag.py:3096} INFO - Sync 1 DAGs
[2025-06-12T14:37:52.260+0000] {logging_mixin.py:188} INFO - [2025-06-12T14:37:52.260+0000] {dag.py:3954} INFO - Setting next_dagrun for example_weekday_branch_operator to 2025-06-11 00:00:00+00:00, run_after=2025-06-12 00:00:00+00:00
[2025-06-12T14:37:52.273+0000] {processor.py:183} INFO - Processing /home/airflow/.local/lib/python3.12/site-packages/airflow/example_dags/example_branch_day_of_week_operator.py took 0.068 seconds
[2025-06-12T14:38:22.684+0000] {processor.py:161} INFO - Started process (PID=397) to work on /home/airflow/.local/lib/python3.12/site-packages/airflow/example_dags/example_branch_day_of_week_operator.py
[2025-06-12T14:38:22.685+0000] {processor.py:830} INFO - Processing file /home/airflow/.local/lib/python3.12/site-packages/airflow/example_dags/example_branch_day_of_week_operator.py for tasks to queue
[2025-06-12T14:38:22.688+0000] {logging_mixin.py:188} INFO - [2025-06-12T14:38:22.688+0000] {dagbag.py:540} INFO - Filling up the DagBag from /home/airflow/.local/lib/python3.12/site-packages/airflow/example_dags/example_branch_day_of_week_operator.py
[2025-06-12T14:38:22.693+0000] {processor.py:840} INFO - DAG(s) 'example_weekday_branch_operator' retrieved from /home/airflow/.local/lib/python3.12/site-packages/airflow/example_dags/example_branch_day_of_week_operator.py
[2025-06-12T14:38:22.729+0000] {logging_mixin.py:188} INFO - [2025-06-12T14:38:22.728+0000] {dag.py:3096} INFO - Sync 1 DAGs
[2025-06-12T14:38:22.760+0000] {logging_mixin.py:188} INFO - [2025-06-12T14:38:22.759+0000] {dag.py:3954} INFO - Setting next_dagrun for example_weekday_branch_operator to 2025-06-11 00:00:00+00:00, run_after=2025-06-12 00:00:00+00:00
[2025-06-12T14:38:22.792+0000] {processor.py:183} INFO - Processing /home/airflow/.local/lib/python3.12/site-packages/airflow/example_dags/example_branch_day_of_week_operator.py took 0.112 seconds
[2025-06-12T14:38:52.840+0000] {processor.py:161} INFO - Started process (PID=464) to work on /home/airflow/.local/lib/python3.12/site-packages/airflow/example_dags/example_branch_day_of_week_operator.py
[2025-06-12T14:38:52.840+0000] {processor.py:830} INFO - Processing file /home/airflow/.local/lib/python3.12/site-packages/airflow/example_dags/example_branch_day_of_week_operator.py for tasks to queue
[2025-06-12T14:38:52.841+0000] {logging_mixin.py:188} INFO - [2025-06-12T14:38:52.841+0000] {dagbag.py:540} INFO - Filling up the DagBag from /home/airflow/.local/lib/python3.12/site-packages/airflow/example_dags/example_branch_day_of_week_operator.py
[2025-06-12T14:38:52.844+0000] {processor.py:840} INFO - DAG(s) 'example_weekday_branch_operator' retrieved from /home/airflow/.local/lib/python3.12/site-packages/airflow/example_dags/example_branch_day_of_week_operator.py
[2025-06-12T14:38:52.854+0000] {logging_mixin.py:188} INFO - [2025-06-12T14:38:52.854+0000] {dag.py:3096} INFO - Sync 1 DAGs
[2025-06-12T14:38:52.862+0000] {logging_mixin.py:188} INFO - [2025-06-12T14:38:52.862+0000] {dag.py:3954} INFO - Setting next_dagrun for example_weekday_branch_operator to 2025-06-11 00:00:00+00:00, run_after=2025-06-12 00:00:00+00:00
[2025-06-12T14:38:52.869+0000] {processor.py:183} INFO - Processing /home/airflow/.local/lib/python3.12/site-packages/airflow/example_dags/example_branch_day_of_week_operator.py took 0.031 seconds
[2025-06-12T14:39:23.155+0000] {processor.py:161} INFO - Started process (PID=538) to work on /home/airflow/.local/lib/python3.12/site-packages/airflow/example_dags/example_branch_day_of_week_operator.py
[2025-06-12T14:39:23.156+0000] {processor.py:830} INFO - Processing file /home/airflow/.local/lib/python3.12/site-packages/airflow/example_dags/example_branch_day_of_week_operator.py for tasks to queue
[2025-06-12T14:39:23.157+0000] {logging_mixin.py:188} INFO - [2025-06-12T14:39:23.157+0000] {dagbag.py:540} INFO - Filling up the DagBag from /home/airflow/.local/lib/python3.12/site-packages/airflow/example_dags/example_branch_day_of_week_operator.py
[2025-06-12T14:39:23.161+0000] {processor.py:840} INFO - DAG(s) 'example_weekday_branch_operator' retrieved from /home/airflow/.local/lib/python3.12/site-packages/airflow/example_dags/example_branch_day_of_week_operator.py
[2025-06-12T14:39:23.246+0000] {logging_mixin.py:188} INFO - [2025-06-12T14:39:23.244+0000] {dag.py:3096} INFO - Sync 1 DAGs
[2025-06-12T14:39:23.314+0000] {logging_mixin.py:188} INFO - [2025-06-12T14:39:23.313+0000] {dag.py:3954} INFO - Setting next_dagrun for example_weekday_branch_operator to 2025-06-11 00:00:00+00:00, run_after=2025-06-12 00:00:00+00:00
[2025-06-12T14:39:23.346+0000] {processor.py:183} INFO - Processing /home/airflow/.local/lib/python3.12/site-packages/airflow/example_dags/example_branch_day_of_week_operator.py took 0.194 seconds
[2025-06-12T14:46:27.697+0000] {processor.py:161} INFO - Started process (PID=43) to work on /home/airflow/.local/lib/python3.12/site-packages/airflow/example_dags/example_branch_day_of_week_operator.py
[2025-06-12T14:46:27.698+0000] {processor.py:830} INFO - Processing file /home/airflow/.local/lib/python3.12/site-packages/airflow/example_dags/example_branch_day_of_week_operator.py for tasks to queue
[2025-06-12T14:46:27.701+0000] {logging_mixin.py:188} INFO - [2025-06-12T14:46:27.701+0000] {dagbag.py:540} INFO - Filling up the DagBag from /home/airflow/.local/lib/python3.12/site-packages/airflow/example_dags/example_branch_day_of_week_operator.py
[2025-06-12T14:46:27.733+0000] {processor.py:840} INFO - DAG(s) 'example_weekday_branch_operator' retrieved from /home/airflow/.local/lib/python3.12/site-packages/airflow/example_dags/example_branch_day_of_week_operator.py
[2025-06-12T14:46:27.762+0000] {logging_mixin.py:188} INFO - [2025-06-12T14:46:27.761+0000] {dag.py:3096} INFO - Sync 1 DAGs
[2025-06-12T14:46:27.850+0000] {logging_mixin.py:188} INFO - [2025-06-12T14:46:27.850+0000] {dag.py:3954} INFO - Setting next_dagrun for example_weekday_branch_operator to 2025-06-11 00:00:00+00:00, run_after=2025-06-12 00:00:00+00:00
[2025-06-12T14:46:27.958+0000] {processor.py:183} INFO - Processing /home/airflow/.local/lib/python3.12/site-packages/airflow/example_dags/example_branch_day_of_week_operator.py took 0.273 seconds
[2025-06-12T14:46:58.199+0000] {processor.py:161} INFO - Started process (PID=110) to work on /home/airflow/.local/lib/python3.12/site-packages/airflow/example_dags/example_branch_day_of_week_operator.py
[2025-06-12T14:46:58.200+0000] {processor.py:830} INFO - Processing file /home/airflow/.local/lib/python3.12/site-packages/airflow/example_dags/example_branch_day_of_week_operator.py for tasks to queue
[2025-06-12T14:46:58.201+0000] {logging_mixin.py:188} INFO - [2025-06-12T14:46:58.201+0000] {dagbag.py:540} INFO - Filling up the DagBag from /home/airflow/.local/lib/python3.12/site-packages/airflow/example_dags/example_branch_day_of_week_operator.py
[2025-06-12T14:46:58.206+0000] {processor.py:840} INFO - DAG(s) 'example_weekday_branch_operator' retrieved from /home/airflow/.local/lib/python3.12/site-packages/airflow/example_dags/example_branch_day_of_week_operator.py
[2025-06-12T14:46:58.257+0000] {logging_mixin.py:188} INFO - [2025-06-12T14:46:58.257+0000] {dag.py:3096} INFO - Sync 1 DAGs
[2025-06-12T14:46:58.265+0000] {logging_mixin.py:188} INFO - [2025-06-12T14:46:58.265+0000] {dag.py:3954} INFO - Setting next_dagrun for example_weekday_branch_operator to 2025-06-11 00:00:00+00:00, run_after=2025-06-12 00:00:00+00:00
[2025-06-12T14:46:58.273+0000] {processor.py:183} INFO - Processing /home/airflow/.local/lib/python3.12/site-packages/airflow/example_dags/example_branch_day_of_week_operator.py took 0.079 seconds
[2025-06-12T14:47:28.885+0000] {processor.py:161} INFO - Started process (PID=176) to work on /home/airflow/.local/lib/python3.12/site-packages/airflow/example_dags/example_branch_day_of_week_operator.py
[2025-06-12T14:47:28.886+0000] {processor.py:830} INFO - Processing file /home/airflow/.local/lib/python3.12/site-packages/airflow/example_dags/example_branch_day_of_week_operator.py for tasks to queue
[2025-06-12T14:47:28.887+0000] {logging_mixin.py:188} INFO - [2025-06-12T14:47:28.887+0000] {dagbag.py:540} INFO - Filling up the DagBag from /home/airflow/.local/lib/python3.12/site-packages/airflow/example_dags/example_branch_day_of_week_operator.py
[2025-06-12T14:47:28.894+0000] {processor.py:840} INFO - DAG(s) 'example_weekday_branch_operator' retrieved from /home/airflow/.local/lib/python3.12/site-packages/airflow/example_dags/example_branch_day_of_week_operator.py
[2025-06-12T14:47:28.921+0000] {logging_mixin.py:188} INFO - [2025-06-12T14:47:28.920+0000] {dag.py:3096} INFO - Sync 1 DAGs
[2025-06-12T14:47:28.939+0000] {logging_mixin.py:188} INFO - [2025-06-12T14:47:28.939+0000] {dag.py:3954} INFO - Setting next_dagrun for example_weekday_branch_operator to 2025-06-11 00:00:00+00:00, run_after=2025-06-12 00:00:00+00:00
[2025-06-12T14:47:28.952+0000] {processor.py:183} INFO - Processing /home/airflow/.local/lib/python3.12/site-packages/airflow/example_dags/example_branch_day_of_week_operator.py took 0.070 seconds
[2025-06-12T14:47:59.385+0000] {processor.py:161} INFO - Started process (PID=250) to work on /home/airflow/.local/lib/python3.12/site-packages/airflow/example_dags/example_branch_day_of_week_operator.py
[2025-06-12T14:47:59.385+0000] {processor.py:830} INFO - Processing file /home/airflow/.local/lib/python3.12/site-packages/airflow/example_dags/example_branch_day_of_week_operator.py for tasks to queue
[2025-06-12T14:47:59.387+0000] {logging_mixin.py:188} INFO - [2025-06-12T14:47:59.386+0000] {dagbag.py:540} INFO - Filling up the DagBag from /home/airflow/.local/lib/python3.12/site-packages/airflow/example_dags/example_branch_day_of_week_operator.py
[2025-06-12T14:47:59.390+0000] {processor.py:840} INFO - DAG(s) 'example_weekday_branch_operator' retrieved from /home/airflow/.local/lib/python3.12/site-packages/airflow/example_dags/example_branch_day_of_week_operator.py
[2025-06-12T14:47:59.406+0000] {logging_mixin.py:188} INFO - [2025-06-12T14:47:59.405+0000] {dag.py:3096} INFO - Sync 1 DAGs
[2025-06-12T14:47:59.418+0000] {logging_mixin.py:188} INFO - [2025-06-12T14:47:59.418+0000] {dag.py:3954} INFO - Setting next_dagrun for example_weekday_branch_operator to 2025-06-11 00:00:00+00:00, run_after=2025-06-12 00:00:00+00:00
[2025-06-12T14:47:59.430+0000] {processor.py:183} INFO - Processing /home/airflow/.local/lib/python3.12/site-packages/airflow/example_dags/example_branch_day_of_week_operator.py took 0.048 seconds
[2025-06-12T15:07:47.659+0000] {processor.py:161} INFO - Started process (PID=36) to work on /home/airflow/.local/lib/python3.12/site-packages/airflow/example_dags/example_branch_day_of_week_operator.py
[2025-06-12T15:07:47.660+0000] {processor.py:830} INFO - Processing file /home/airflow/.local/lib/python3.12/site-packages/airflow/example_dags/example_branch_day_of_week_operator.py for tasks to queue
[2025-06-12T15:07:47.662+0000] {logging_mixin.py:188} INFO - [2025-06-12T15:07:47.662+0000] {dagbag.py:540} INFO - Filling up the DagBag from /home/airflow/.local/lib/python3.12/site-packages/airflow/example_dags/example_branch_day_of_week_operator.py
[2025-06-12T15:07:47.676+0000] {processor.py:840} INFO - DAG(s) 'example_weekday_branch_operator' retrieved from /home/airflow/.local/lib/python3.12/site-packages/airflow/example_dags/example_branch_day_of_week_operator.py
[2025-06-12T15:07:47.696+0000] {logging_mixin.py:188} INFO - [2025-06-12T15:07:47.696+0000] {dag.py:3096} INFO - Sync 1 DAGs
[2025-06-12T15:07:47.730+0000] {logging_mixin.py:188} INFO - [2025-06-12T15:07:47.730+0000] {dag.py:3954} INFO - Setting next_dagrun for example_weekday_branch_operator to 2025-06-11 00:00:00+00:00, run_after=2025-06-12 00:00:00+00:00
[2025-06-12T15:07:47.750+0000] {processor.py:183} INFO - Processing /home/airflow/.local/lib/python3.12/site-packages/airflow/example_dags/example_branch_day_of_week_operator.py took 0.096 seconds
[2025-06-12T15:08:18.526+0000] {processor.py:161} INFO - Started process (PID=110) to work on /home/airflow/.local/lib/python3.12/site-packages/airflow/example_dags/example_branch_day_of_week_operator.py
[2025-06-12T15:08:18.528+0000] {processor.py:830} INFO - Processing file /home/airflow/.local/lib/python3.12/site-packages/airflow/example_dags/example_branch_day_of_week_operator.py for tasks to queue
[2025-06-12T15:08:18.529+0000] {logging_mixin.py:188} INFO - [2025-06-12T15:08:18.529+0000] {dagbag.py:540} INFO - Filling up the DagBag from /home/airflow/.local/lib/python3.12/site-packages/airflow/example_dags/example_branch_day_of_week_operator.py
[2025-06-12T15:08:18.535+0000] {processor.py:840} INFO - DAG(s) 'example_weekday_branch_operator' retrieved from /home/airflow/.local/lib/python3.12/site-packages/airflow/example_dags/example_branch_day_of_week_operator.py
[2025-06-12T15:08:18.584+0000] {logging_mixin.py:188} INFO - [2025-06-12T15:08:18.584+0000] {dag.py:3096} INFO - Sync 1 DAGs
[2025-06-12T15:08:18.595+0000] {logging_mixin.py:188} INFO - [2025-06-12T15:08:18.595+0000] {dag.py:3954} INFO - Setting next_dagrun for example_weekday_branch_operator to 2025-06-11 00:00:00+00:00, run_after=2025-06-12 00:00:00+00:00
[2025-06-12T15:08:18.606+0000] {processor.py:183} INFO - Processing /home/airflow/.local/lib/python3.12/site-packages/airflow/example_dags/example_branch_day_of_week_operator.py took 0.082 seconds
[2025-06-12T15:08:48.872+0000] {processor.py:161} INFO - Started process (PID=177) to work on /home/airflow/.local/lib/python3.12/site-packages/airflow/example_dags/example_branch_day_of_week_operator.py
[2025-06-12T15:08:48.873+0000] {processor.py:830} INFO - Processing file /home/airflow/.local/lib/python3.12/site-packages/airflow/example_dags/example_branch_day_of_week_operator.py for tasks to queue
[2025-06-12T15:08:48.874+0000] {logging_mixin.py:188} INFO - [2025-06-12T15:08:48.874+0000] {dagbag.py:540} INFO - Filling up the DagBag from /home/airflow/.local/lib/python3.12/site-packages/airflow/example_dags/example_branch_day_of_week_operator.py
[2025-06-12T15:08:48.877+0000] {processor.py:840} INFO - DAG(s) 'example_weekday_branch_operator' retrieved from /home/airflow/.local/lib/python3.12/site-packages/airflow/example_dags/example_branch_day_of_week_operator.py
[2025-06-12T15:08:48.892+0000] {logging_mixin.py:188} INFO - [2025-06-12T15:08:48.892+0000] {dag.py:3096} INFO - Sync 1 DAGs
[2025-06-12T15:08:48.903+0000] {logging_mixin.py:188} INFO - [2025-06-12T15:08:48.903+0000] {dag.py:3954} INFO - Setting next_dagrun for example_weekday_branch_operator to 2025-06-11 00:00:00+00:00, run_after=2025-06-12 00:00:00+00:00
[2025-06-12T15:08:48.915+0000] {processor.py:183} INFO - Processing /home/airflow/.local/lib/python3.12/site-packages/airflow/example_dags/example_branch_day_of_week_operator.py took 0.046 seconds
[2025-06-12T15:09:19.090+0000] {processor.py:161} INFO - Started process (PID=251) to work on /home/airflow/.local/lib/python3.12/site-packages/airflow/example_dags/example_branch_day_of_week_operator.py
[2025-06-12T15:09:19.091+0000] {processor.py:830} INFO - Processing file /home/airflow/.local/lib/python3.12/site-packages/airflow/example_dags/example_branch_day_of_week_operator.py for tasks to queue
[2025-06-12T15:09:19.092+0000] {logging_mixin.py:188} INFO - [2025-06-12T15:09:19.092+0000] {dagbag.py:540} INFO - Filling up the DagBag from /home/airflow/.local/lib/python3.12/site-packages/airflow/example_dags/example_branch_day_of_week_operator.py
[2025-06-12T15:09:19.096+0000] {processor.py:840} INFO - DAG(s) 'example_weekday_branch_operator' retrieved from /home/airflow/.local/lib/python3.12/site-packages/airflow/example_dags/example_branch_day_of_week_operator.py
[2025-06-12T15:09:19.110+0000] {logging_mixin.py:188} INFO - [2025-06-12T15:09:19.110+0000] {dag.py:3096} INFO - Sync 1 DAGs
[2025-06-12T15:09:19.125+0000] {logging_mixin.py:188} INFO - [2025-06-12T15:09:19.125+0000] {dag.py:3954} INFO - Setting next_dagrun for example_weekday_branch_operator to 2025-06-11 00:00:00+00:00, run_after=2025-06-12 00:00:00+00:00
[2025-06-12T15:09:19.136+0000] {processor.py:183} INFO - Processing /home/airflow/.local/lib/python3.12/site-packages/airflow/example_dags/example_branch_day_of_week_operator.py took 0.050 seconds
[2025-06-12T15:09:49.318+0000] {processor.py:161} INFO - Started process (PID=325) to work on /home/airflow/.local/lib/python3.12/site-packages/airflow/example_dags/example_branch_day_of_week_operator.py
[2025-06-12T15:09:49.319+0000] {processor.py:830} INFO - Processing file /home/airflow/.local/lib/python3.12/site-packages/airflow/example_dags/example_branch_day_of_week_operator.py for tasks to queue
[2025-06-12T15:09:49.320+0000] {logging_mixin.py:188} INFO - [2025-06-12T15:09:49.320+0000] {dagbag.py:540} INFO - Filling up the DagBag from /home/airflow/.local/lib/python3.12/site-packages/airflow/example_dags/example_branch_day_of_week_operator.py
[2025-06-12T15:09:49.324+0000] {processor.py:840} INFO - DAG(s) 'example_weekday_branch_operator' retrieved from /home/airflow/.local/lib/python3.12/site-packages/airflow/example_dags/example_branch_day_of_week_operator.py
[2025-06-12T15:09:49.337+0000] {logging_mixin.py:188} INFO - [2025-06-12T15:09:49.337+0000] {dag.py:3096} INFO - Sync 1 DAGs
[2025-06-12T15:09:49.351+0000] {logging_mixin.py:188} INFO - [2025-06-12T15:09:49.351+0000] {dag.py:3954} INFO - Setting next_dagrun for example_weekday_branch_operator to 2025-06-11 00:00:00+00:00, run_after=2025-06-12 00:00:00+00:00
[2025-06-12T15:09:49.359+0000] {processor.py:183} INFO - Processing /home/airflow/.local/lib/python3.12/site-packages/airflow/example_dags/example_branch_day_of_week_operator.py took 0.044 seconds
[2025-06-12T15:10:19.742+0000] {processor.py:161} INFO - Started process (PID=392) to work on /home/airflow/.local/lib/python3.12/site-packages/airflow/example_dags/example_branch_day_of_week_operator.py
[2025-06-12T15:10:19.742+0000] {processor.py:830} INFO - Processing file /home/airflow/.local/lib/python3.12/site-packages/airflow/example_dags/example_branch_day_of_week_operator.py for tasks to queue
[2025-06-12T15:10:19.743+0000] {logging_mixin.py:188} INFO - [2025-06-12T15:10:19.743+0000] {dagbag.py:540} INFO - Filling up the DagBag from /home/airflow/.local/lib/python3.12/site-packages/airflow/example_dags/example_branch_day_of_week_operator.py
[2025-06-12T15:10:19.746+0000] {processor.py:840} INFO - DAG(s) 'example_weekday_branch_operator' retrieved from /home/airflow/.local/lib/python3.12/site-packages/airflow/example_dags/example_branch_day_of_week_operator.py
[2025-06-12T15:10:19.756+0000] {logging_mixin.py:188} INFO - [2025-06-12T15:10:19.756+0000] {dag.py:3096} INFO - Sync 1 DAGs
[2025-06-12T15:10:19.766+0000] {logging_mixin.py:188} INFO - [2025-06-12T15:10:19.765+0000] {dag.py:3954} INFO - Setting next_dagrun for example_weekday_branch_operator to 2025-06-11 00:00:00+00:00, run_after=2025-06-12 00:00:00+00:00
[2025-06-12T15:10:19.773+0000] {processor.py:183} INFO - Processing /home/airflow/.local/lib/python3.12/site-packages/airflow/example_dags/example_branch_day_of_week_operator.py took 0.033 seconds
[2025-06-12T15:10:50.055+0000] {processor.py:161} INFO - Started process (PID=466) to work on /home/airflow/.local/lib/python3.12/site-packages/airflow/example_dags/example_branch_day_of_week_operator.py
[2025-06-12T15:10:50.056+0000] {processor.py:830} INFO - Processing file /home/airflow/.local/lib/python3.12/site-packages/airflow/example_dags/example_branch_day_of_week_operator.py for tasks to queue
[2025-06-12T15:10:50.057+0000] {logging_mixin.py:188} INFO - [2025-06-12T15:10:50.057+0000] {dagbag.py:540} INFO - Filling up the DagBag from /home/airflow/.local/lib/python3.12/site-packages/airflow/example_dags/example_branch_day_of_week_operator.py
[2025-06-12T15:10:50.061+0000] {processor.py:840} INFO - DAG(s) 'example_weekday_branch_operator' retrieved from /home/airflow/.local/lib/python3.12/site-packages/airflow/example_dags/example_branch_day_of_week_operator.py
[2025-06-12T15:10:50.078+0000] {logging_mixin.py:188} INFO - [2025-06-12T15:10:50.078+0000] {dag.py:3096} INFO - Sync 1 DAGs
[2025-06-12T15:10:50.091+0000] {logging_mixin.py:188} INFO - [2025-06-12T15:10:50.091+0000] {dag.py:3954} INFO - Setting next_dagrun for example_weekday_branch_operator to 2025-06-11 00:00:00+00:00, run_after=2025-06-12 00:00:00+00:00
[2025-06-12T15:10:50.098+0000] {processor.py:183} INFO - Processing /home/airflow/.local/lib/python3.12/site-packages/airflow/example_dags/example_branch_day_of_week_operator.py took 0.046 seconds
[2025-06-12T15:11:20.322+0000] {processor.py:161} INFO - Started process (PID=532) to work on /home/airflow/.local/lib/python3.12/site-packages/airflow/example_dags/example_branch_day_of_week_operator.py
[2025-06-12T15:11:20.324+0000] {processor.py:830} INFO - Processing file /home/airflow/.local/lib/python3.12/site-packages/airflow/example_dags/example_branch_day_of_week_operator.py for tasks to queue
[2025-06-12T15:11:20.324+0000] {logging_mixin.py:188} INFO - [2025-06-12T15:11:20.324+0000] {dagbag.py:540} INFO - Filling up the DagBag from /home/airflow/.local/lib/python3.12/site-packages/airflow/example_dags/example_branch_day_of_week_operator.py
[2025-06-12T15:11:20.328+0000] {processor.py:840} INFO - DAG(s) 'example_weekday_branch_operator' retrieved from /home/airflow/.local/lib/python3.12/site-packages/airflow/example_dags/example_branch_day_of_week_operator.py
[2025-06-12T15:11:20.343+0000] {logging_mixin.py:188} INFO - [2025-06-12T15:11:20.343+0000] {dag.py:3096} INFO - Sync 1 DAGs
[2025-06-12T15:11:20.357+0000] {logging_mixin.py:188} INFO - [2025-06-12T15:11:20.357+0000] {dag.py:3954} INFO - Setting next_dagrun for example_weekday_branch_operator to 2025-06-11 00:00:00+00:00, run_after=2025-06-12 00:00:00+00:00
[2025-06-12T15:11:20.375+0000] {processor.py:183} INFO - Processing /home/airflow/.local/lib/python3.12/site-packages/airflow/example_dags/example_branch_day_of_week_operator.py took 0.057 seconds
[2025-06-12T15:11:50.724+0000] {processor.py:161} INFO - Started process (PID=605) to work on /home/airflow/.local/lib/python3.12/site-packages/airflow/example_dags/example_branch_day_of_week_operator.py
[2025-06-12T15:11:50.724+0000] {processor.py:830} INFO - Processing file /home/airflow/.local/lib/python3.12/site-packages/airflow/example_dags/example_branch_day_of_week_operator.py for tasks to queue
[2025-06-12T15:11:50.725+0000] {logging_mixin.py:188} INFO - [2025-06-12T15:11:50.725+0000] {dagbag.py:540} INFO - Filling up the DagBag from /home/airflow/.local/lib/python3.12/site-packages/airflow/example_dags/example_branch_day_of_week_operator.py
[2025-06-12T15:11:50.728+0000] {processor.py:840} INFO - DAG(s) 'example_weekday_branch_operator' retrieved from /home/airflow/.local/lib/python3.12/site-packages/airflow/example_dags/example_branch_day_of_week_operator.py
[2025-06-12T15:11:50.738+0000] {logging_mixin.py:188} INFO - [2025-06-12T15:11:50.738+0000] {dag.py:3096} INFO - Sync 1 DAGs
[2025-06-12T15:11:50.746+0000] {logging_mixin.py:188} INFO - [2025-06-12T15:11:50.746+0000] {dag.py:3954} INFO - Setting next_dagrun for example_weekday_branch_operator to 2025-06-11 00:00:00+00:00, run_after=2025-06-12 00:00:00+00:00
[2025-06-12T15:11:50.752+0000] {processor.py:183} INFO - Processing /home/airflow/.local/lib/python3.12/site-packages/airflow/example_dags/example_branch_day_of_week_operator.py took 0.031 seconds
[2025-06-12T15:12:21.024+0000] {processor.py:161} INFO - Started process (PID=678) to work on /home/airflow/.local/lib/python3.12/site-packages/airflow/example_dags/example_branch_day_of_week_operator.py
[2025-06-12T15:12:21.024+0000] {processor.py:830} INFO - Processing file /home/airflow/.local/lib/python3.12/site-packages/airflow/example_dags/example_branch_day_of_week_operator.py for tasks to queue
[2025-06-12T15:12:21.025+0000] {logging_mixin.py:188} INFO - [2025-06-12T15:12:21.025+0000] {dagbag.py:540} INFO - Filling up the DagBag from /home/airflow/.local/lib/python3.12/site-packages/airflow/example_dags/example_branch_day_of_week_operator.py
[2025-06-12T15:12:21.029+0000] {processor.py:840} INFO - DAG(s) 'example_weekday_branch_operator' retrieved from /home/airflow/.local/lib/python3.12/site-packages/airflow/example_dags/example_branch_day_of_week_operator.py
[2025-06-12T15:12:21.040+0000] {logging_mixin.py:188} INFO - [2025-06-12T15:12:21.040+0000] {dag.py:3096} INFO - Sync 1 DAGs
[2025-06-12T15:12:21.049+0000] {logging_mixin.py:188} INFO - [2025-06-12T15:12:21.049+0000] {dag.py:3954} INFO - Setting next_dagrun for example_weekday_branch_operator to 2025-06-11 00:00:00+00:00, run_after=2025-06-12 00:00:00+00:00
[2025-06-12T15:12:21.055+0000] {processor.py:183} INFO - Processing /home/airflow/.local/lib/python3.12/site-packages/airflow/example_dags/example_branch_day_of_week_operator.py took 0.037 seconds
[2025-06-12T15:12:51.825+0000] {processor.py:161} INFO - Started process (PID=745) to work on /home/airflow/.local/lib/python3.12/site-packages/airflow/example_dags/example_branch_day_of_week_operator.py
[2025-06-12T15:12:51.825+0000] {processor.py:830} INFO - Processing file /home/airflow/.local/lib/python3.12/site-packages/airflow/example_dags/example_branch_day_of_week_operator.py for tasks to queue
[2025-06-12T15:12:51.826+0000] {logging_mixin.py:188} INFO - [2025-06-12T15:12:51.826+0000] {dagbag.py:540} INFO - Filling up the DagBag from /home/airflow/.local/lib/python3.12/site-packages/airflow/example_dags/example_branch_day_of_week_operator.py
[2025-06-12T15:12:51.830+0000] {processor.py:840} INFO - DAG(s) 'example_weekday_branch_operator' retrieved from /home/airflow/.local/lib/python3.12/site-packages/airflow/example_dags/example_branch_day_of_week_operator.py
[2025-06-12T15:12:51.842+0000] {logging_mixin.py:188} INFO - [2025-06-12T15:12:51.842+0000] {dag.py:3096} INFO - Sync 1 DAGs
[2025-06-12T15:12:51.850+0000] {logging_mixin.py:188} INFO - [2025-06-12T15:12:51.850+0000] {dag.py:3954} INFO - Setting next_dagrun for example_weekday_branch_operator to 2025-06-11 00:00:00+00:00, run_after=2025-06-12 00:00:00+00:00
[2025-06-12T15:12:51.857+0000] {processor.py:183} INFO - Processing /home/airflow/.local/lib/python3.12/site-packages/airflow/example_dags/example_branch_day_of_week_operator.py took 0.036 seconds
[2025-06-12T15:13:21.956+0000] {processor.py:161} INFO - Started process (PID=819) to work on /home/airflow/.local/lib/python3.12/site-packages/airflow/example_dags/example_branch_day_of_week_operator.py
[2025-06-12T15:13:21.957+0000] {processor.py:830} INFO - Processing file /home/airflow/.local/lib/python3.12/site-packages/airflow/example_dags/example_branch_day_of_week_operator.py for tasks to queue
[2025-06-12T15:13:21.958+0000] {logging_mixin.py:188} INFO - [2025-06-12T15:13:21.957+0000] {dagbag.py:540} INFO - Filling up the DagBag from /home/airflow/.local/lib/python3.12/site-packages/airflow/example_dags/example_branch_day_of_week_operator.py
[2025-06-12T15:13:21.962+0000] {processor.py:840} INFO - DAG(s) 'example_weekday_branch_operator' retrieved from /home/airflow/.local/lib/python3.12/site-packages/airflow/example_dags/example_branch_day_of_week_operator.py
[2025-06-12T15:13:21.975+0000] {logging_mixin.py:188} INFO - [2025-06-12T15:13:21.975+0000] {dag.py:3096} INFO - Sync 1 DAGs
[2025-06-12T15:13:21.986+0000] {logging_mixin.py:188} INFO - [2025-06-12T15:13:21.986+0000] {dag.py:3954} INFO - Setting next_dagrun for example_weekday_branch_operator to 2025-06-11 00:00:00+00:00, run_after=2025-06-12 00:00:00+00:00
[2025-06-12T15:13:21.997+0000] {processor.py:183} INFO - Processing /home/airflow/.local/lib/python3.12/site-packages/airflow/example_dags/example_branch_day_of_week_operator.py took 0.044 seconds
[2025-06-12T15:13:52.201+0000] {processor.py:161} INFO - Started process (PID=893) to work on /home/airflow/.local/lib/python3.12/site-packages/airflow/example_dags/example_branch_day_of_week_operator.py
[2025-06-12T15:13:52.202+0000] {processor.py:830} INFO - Processing file /home/airflow/.local/lib/python3.12/site-packages/airflow/example_dags/example_branch_day_of_week_operator.py for tasks to queue
[2025-06-12T15:13:52.204+0000] {logging_mixin.py:188} INFO - [2025-06-12T15:13:52.204+0000] {dagbag.py:540} INFO - Filling up the DagBag from /home/airflow/.local/lib/python3.12/site-packages/airflow/example_dags/example_branch_day_of_week_operator.py
[2025-06-12T15:13:52.209+0000] {processor.py:840} INFO - DAG(s) 'example_weekday_branch_operator' retrieved from /home/airflow/.local/lib/python3.12/site-packages/airflow/example_dags/example_branch_day_of_week_operator.py
[2025-06-12T15:13:52.222+0000] {logging_mixin.py:188} INFO - [2025-06-12T15:13:52.222+0000] {dag.py:3096} INFO - Sync 1 DAGs
[2025-06-12T15:13:52.233+0000] {logging_mixin.py:188} INFO - [2025-06-12T15:13:52.233+0000] {dag.py:3954} INFO - Setting next_dagrun for example_weekday_branch_operator to 2025-06-11 00:00:00+00:00, run_after=2025-06-12 00:00:00+00:00
[2025-06-12T15:13:52.243+0000] {processor.py:183} INFO - Processing /home/airflow/.local/lib/python3.12/site-packages/airflow/example_dags/example_branch_day_of_week_operator.py took 0.046 seconds
[2025-06-12T15:14:22.616+0000] {processor.py:161} INFO - Started process (PID=960) to work on /home/airflow/.local/lib/python3.12/site-packages/airflow/example_dags/example_branch_day_of_week_operator.py
[2025-06-12T15:14:22.618+0000] {processor.py:830} INFO - Processing file /home/airflow/.local/lib/python3.12/site-packages/airflow/example_dags/example_branch_day_of_week_operator.py for tasks to queue
[2025-06-12T15:14:22.618+0000] {logging_mixin.py:188} INFO - [2025-06-12T15:14:22.618+0000] {dagbag.py:540} INFO - Filling up the DagBag from /home/airflow/.local/lib/python3.12/site-packages/airflow/example_dags/example_branch_day_of_week_operator.py
[2025-06-12T15:14:22.624+0000] {processor.py:840} INFO - DAG(s) 'example_weekday_branch_operator' retrieved from /home/airflow/.local/lib/python3.12/site-packages/airflow/example_dags/example_branch_day_of_week_operator.py
[2025-06-12T15:14:22.638+0000] {logging_mixin.py:188} INFO - [2025-06-12T15:14:22.638+0000] {dag.py:3096} INFO - Sync 1 DAGs
[2025-06-12T15:14:22.649+0000] {logging_mixin.py:188} INFO - [2025-06-12T15:14:22.648+0000] {dag.py:3954} INFO - Setting next_dagrun for example_weekday_branch_operator to 2025-06-11 00:00:00+00:00, run_after=2025-06-12 00:00:00+00:00
[2025-06-12T15:14:22.657+0000] {processor.py:183} INFO - Processing /home/airflow/.local/lib/python3.12/site-packages/airflow/example_dags/example_branch_day_of_week_operator.py took 0.044 seconds
[2025-06-12T15:14:52.743+0000] {processor.py:161} INFO - Started process (PID=1035) to work on /home/airflow/.local/lib/python3.12/site-packages/airflow/example_dags/example_branch_day_of_week_operator.py
[2025-06-12T15:14:52.743+0000] {processor.py:830} INFO - Processing file /home/airflow/.local/lib/python3.12/site-packages/airflow/example_dags/example_branch_day_of_week_operator.py for tasks to queue
[2025-06-12T15:14:52.744+0000] {logging_mixin.py:188} INFO - [2025-06-12T15:14:52.744+0000] {dagbag.py:540} INFO - Filling up the DagBag from /home/airflow/.local/lib/python3.12/site-packages/airflow/example_dags/example_branch_day_of_week_operator.py
[2025-06-12T15:14:52.748+0000] {processor.py:840} INFO - DAG(s) 'example_weekday_branch_operator' retrieved from /home/airflow/.local/lib/python3.12/site-packages/airflow/example_dags/example_branch_day_of_week_operator.py
[2025-06-12T15:14:52.758+0000] {logging_mixin.py:188} INFO - [2025-06-12T15:14:52.758+0000] {dag.py:3096} INFO - Sync 1 DAGs
[2025-06-12T15:14:52.766+0000] {logging_mixin.py:188} INFO - [2025-06-12T15:14:52.766+0000] {dag.py:3954} INFO - Setting next_dagrun for example_weekday_branch_operator to 2025-06-11 00:00:00+00:00, run_after=2025-06-12 00:00:00+00:00
[2025-06-12T15:14:52.773+0000] {processor.py:183} INFO - Processing /home/airflow/.local/lib/python3.12/site-packages/airflow/example_dags/example_branch_day_of_week_operator.py took 0.033 seconds
[2025-06-12T15:15:23.281+0000] {processor.py:161} INFO - Started process (PID=1102) to work on /home/airflow/.local/lib/python3.12/site-packages/airflow/example_dags/example_branch_day_of_week_operator.py
[2025-06-12T15:15:23.283+0000] {processor.py:830} INFO - Processing file /home/airflow/.local/lib/python3.12/site-packages/airflow/example_dags/example_branch_day_of_week_operator.py for tasks to queue
[2025-06-12T15:15:23.284+0000] {logging_mixin.py:188} INFO - [2025-06-12T15:15:23.284+0000] {dagbag.py:540} INFO - Filling up the DagBag from /home/airflow/.local/lib/python3.12/site-packages/airflow/example_dags/example_branch_day_of_week_operator.py
[2025-06-12T15:15:23.288+0000] {processor.py:840} INFO - DAG(s) 'example_weekday_branch_operator' retrieved from /home/airflow/.local/lib/python3.12/site-packages/airflow/example_dags/example_branch_day_of_week_operator.py
[2025-06-12T15:15:23.299+0000] {logging_mixin.py:188} INFO - [2025-06-12T15:15:23.299+0000] {dag.py:3096} INFO - Sync 1 DAGs
[2025-06-12T15:15:23.310+0000] {logging_mixin.py:188} INFO - [2025-06-12T15:15:23.310+0000] {dag.py:3954} INFO - Setting next_dagrun for example_weekday_branch_operator to 2025-06-11 00:00:00+00:00, run_after=2025-06-12 00:00:00+00:00
[2025-06-12T15:15:23.318+0000] {processor.py:183} INFO - Processing /home/airflow/.local/lib/python3.12/site-packages/airflow/example_dags/example_branch_day_of_week_operator.py took 0.041 seconds
[2025-06-12T15:15:53.842+0000] {processor.py:161} INFO - Started process (PID=1176) to work on /home/airflow/.local/lib/python3.12/site-packages/airflow/example_dags/example_branch_day_of_week_operator.py
[2025-06-12T15:15:53.843+0000] {processor.py:830} INFO - Processing file /home/airflow/.local/lib/python3.12/site-packages/airflow/example_dags/example_branch_day_of_week_operator.py for tasks to queue
[2025-06-12T15:15:53.845+0000] {logging_mixin.py:188} INFO - [2025-06-12T15:15:53.844+0000] {dagbag.py:540} INFO - Filling up the DagBag from /home/airflow/.local/lib/python3.12/site-packages/airflow/example_dags/example_branch_day_of_week_operator.py
[2025-06-12T15:15:53.849+0000] {processor.py:840} INFO - DAG(s) 'example_weekday_branch_operator' retrieved from /home/airflow/.local/lib/python3.12/site-packages/airflow/example_dags/example_branch_day_of_week_operator.py
[2025-06-12T15:15:53.864+0000] {logging_mixin.py:188} INFO - [2025-06-12T15:15:53.864+0000] {dag.py:3096} INFO - Sync 1 DAGs
[2025-06-12T15:15:53.881+0000] {logging_mixin.py:188} INFO - [2025-06-12T15:15:53.881+0000] {dag.py:3954} INFO - Setting next_dagrun for example_weekday_branch_operator to 2025-06-11 00:00:00+00:00, run_after=2025-06-12 00:00:00+00:00
[2025-06-12T15:15:53.894+0000] {processor.py:183} INFO - Processing /home/airflow/.local/lib/python3.12/site-packages/airflow/example_dags/example_branch_day_of_week_operator.py took 0.055 seconds
[2025-06-12T15:16:24.006+0000] {processor.py:161} INFO - Started process (PID=1250) to work on /home/airflow/.local/lib/python3.12/site-packages/airflow/example_dags/example_branch_day_of_week_operator.py
[2025-06-12T15:16:24.006+0000] {processor.py:830} INFO - Processing file /home/airflow/.local/lib/python3.12/site-packages/airflow/example_dags/example_branch_day_of_week_operator.py for tasks to queue
[2025-06-12T15:16:24.007+0000] {logging_mixin.py:188} INFO - [2025-06-12T15:16:24.007+0000] {dagbag.py:540} INFO - Filling up the DagBag from /home/airflow/.local/lib/python3.12/site-packages/airflow/example_dags/example_branch_day_of_week_operator.py
[2025-06-12T15:16:24.010+0000] {processor.py:840} INFO - DAG(s) 'example_weekday_branch_operator' retrieved from /home/airflow/.local/lib/python3.12/site-packages/airflow/example_dags/example_branch_day_of_week_operator.py
[2025-06-12T15:16:24.020+0000] {logging_mixin.py:188} INFO - [2025-06-12T15:16:24.020+0000] {dag.py:3096} INFO - Sync 1 DAGs
[2025-06-12T15:16:24.028+0000] {logging_mixin.py:188} INFO - [2025-06-12T15:16:24.028+0000] {dag.py:3954} INFO - Setting next_dagrun for example_weekday_branch_operator to 2025-06-11 00:00:00+00:00, run_after=2025-06-12 00:00:00+00:00
[2025-06-12T15:16:24.034+0000] {processor.py:183} INFO - Processing /home/airflow/.local/lib/python3.12/site-packages/airflow/example_dags/example_branch_day_of_week_operator.py took 0.031 seconds
[2025-06-12T15:16:55.011+0000] {processor.py:161} INFO - Started process (PID=1317) to work on /home/airflow/.local/lib/python3.12/site-packages/airflow/example_dags/example_branch_day_of_week_operator.py
[2025-06-12T15:16:55.012+0000] {processor.py:830} INFO - Processing file /home/airflow/.local/lib/python3.12/site-packages/airflow/example_dags/example_branch_day_of_week_operator.py for tasks to queue
[2025-06-12T15:16:55.012+0000] {logging_mixin.py:188} INFO - [2025-06-12T15:16:55.012+0000] {dagbag.py:540} INFO - Filling up the DagBag from /home/airflow/.local/lib/python3.12/site-packages/airflow/example_dags/example_branch_day_of_week_operator.py
[2025-06-12T15:16:55.016+0000] {processor.py:840} INFO - DAG(s) 'example_weekday_branch_operator' retrieved from /home/airflow/.local/lib/python3.12/site-packages/airflow/example_dags/example_branch_day_of_week_operator.py
[2025-06-12T15:16:55.034+0000] {logging_mixin.py:188} INFO - [2025-06-12T15:16:55.034+0000] {dag.py:3096} INFO - Sync 1 DAGs
[2025-06-12T15:16:55.197+0000] {logging_mixin.py:188} INFO - [2025-06-12T15:16:55.197+0000] {dag.py:3954} INFO - Setting next_dagrun for example_weekday_branch_operator to 2025-06-11 00:00:00+00:00, run_after=2025-06-12 00:00:00+00:00
[2025-06-12T15:16:55.211+0000] {processor.py:183} INFO - Processing /home/airflow/.local/lib/python3.12/site-packages/airflow/example_dags/example_branch_day_of_week_operator.py took 0.203 seconds
[2025-06-12T15:17:25.438+0000] {processor.py:161} INFO - Started process (PID=1391) to work on /home/airflow/.local/lib/python3.12/site-packages/airflow/example_dags/example_branch_day_of_week_operator.py
[2025-06-12T15:17:25.438+0000] {processor.py:830} INFO - Processing file /home/airflow/.local/lib/python3.12/site-packages/airflow/example_dags/example_branch_day_of_week_operator.py for tasks to queue
[2025-06-12T15:17:25.439+0000] {logging_mixin.py:188} INFO - [2025-06-12T15:17:25.439+0000] {dagbag.py:540} INFO - Filling up the DagBag from /home/airflow/.local/lib/python3.12/site-packages/airflow/example_dags/example_branch_day_of_week_operator.py
[2025-06-12T15:17:25.444+0000] {processor.py:840} INFO - DAG(s) 'example_weekday_branch_operator' retrieved from /home/airflow/.local/lib/python3.12/site-packages/airflow/example_dags/example_branch_day_of_week_operator.py
[2025-06-12T15:17:25.460+0000] {logging_mixin.py:188} INFO - [2025-06-12T15:17:25.460+0000] {dag.py:3096} INFO - Sync 1 DAGs
[2025-06-12T15:17:25.472+0000] {logging_mixin.py:188} INFO - [2025-06-12T15:17:25.472+0000] {dag.py:3954} INFO - Setting next_dagrun for example_weekday_branch_operator to 2025-06-11 00:00:00+00:00, run_after=2025-06-12 00:00:00+00:00
[2025-06-12T15:17:25.607+0000] {processor.py:183} INFO - Processing /home/airflow/.local/lib/python3.12/site-packages/airflow/example_dags/example_branch_day_of_week_operator.py took 0.172 seconds
[2025-06-12T15:17:55.921+0000] {processor.py:161} INFO - Started process (PID=1465) to work on /home/airflow/.local/lib/python3.12/site-packages/airflow/example_dags/example_branch_day_of_week_operator.py
[2025-06-12T15:17:55.921+0000] {processor.py:830} INFO - Processing file /home/airflow/.local/lib/python3.12/site-packages/airflow/example_dags/example_branch_day_of_week_operator.py for tasks to queue
[2025-06-12T15:17:55.923+0000] {logging_mixin.py:188} INFO - [2025-06-12T15:17:55.922+0000] {dagbag.py:540} INFO - Filling up the DagBag from /home/airflow/.local/lib/python3.12/site-packages/airflow/example_dags/example_branch_day_of_week_operator.py
[2025-06-12T15:17:55.930+0000] {processor.py:840} INFO - DAG(s) 'example_weekday_branch_operator' retrieved from /home/airflow/.local/lib/python3.12/site-packages/airflow/example_dags/example_branch_day_of_week_operator.py
[2025-06-12T15:17:55.959+0000] {logging_mixin.py:188} INFO - [2025-06-12T15:17:55.958+0000] {dag.py:3096} INFO - Sync 1 DAGs
[2025-06-12T15:17:55.981+0000] {logging_mixin.py:188} INFO - [2025-06-12T15:17:55.980+0000] {dag.py:3954} INFO - Setting next_dagrun for example_weekday_branch_operator to 2025-06-11 00:00:00+00:00, run_after=2025-06-12 00:00:00+00:00
[2025-06-12T15:17:55.996+0000] {processor.py:183} INFO - Processing /home/airflow/.local/lib/python3.12/site-packages/airflow/example_dags/example_branch_day_of_week_operator.py took 0.081 seconds
[2025-06-12T15:18:26.980+0000] {processor.py:161} INFO - Started process (PID=1532) to work on /home/airflow/.local/lib/python3.12/site-packages/airflow/example_dags/example_branch_day_of_week_operator.py
[2025-06-12T15:18:26.981+0000] {processor.py:830} INFO - Processing file /home/airflow/.local/lib/python3.12/site-packages/airflow/example_dags/example_branch_day_of_week_operator.py for tasks to queue
[2025-06-12T15:18:26.982+0000] {logging_mixin.py:188} INFO - [2025-06-12T15:18:26.982+0000] {dagbag.py:540} INFO - Filling up the DagBag from /home/airflow/.local/lib/python3.12/site-packages/airflow/example_dags/example_branch_day_of_week_operator.py
[2025-06-12T15:18:26.986+0000] {processor.py:840} INFO - DAG(s) 'example_weekday_branch_operator' retrieved from /home/airflow/.local/lib/python3.12/site-packages/airflow/example_dags/example_branch_day_of_week_operator.py
[2025-06-12T15:18:27.002+0000] {logging_mixin.py:188} INFO - [2025-06-12T15:18:27.001+0000] {dag.py:3096} INFO - Sync 1 DAGs
[2025-06-12T15:18:27.014+0000] {logging_mixin.py:188} INFO - [2025-06-12T15:18:27.013+0000] {dag.py:3954} INFO - Setting next_dagrun for example_weekday_branch_operator to 2025-06-11 00:00:00+00:00, run_after=2025-06-12 00:00:00+00:00
[2025-06-12T15:18:27.022+0000] {processor.py:183} INFO - Processing /home/airflow/.local/lib/python3.12/site-packages/airflow/example_dags/example_branch_day_of_week_operator.py took 0.045 seconds
