[2025-06-12T13:58:41.434+0000] {processor.py:161} INFO - Started process (PID=77) to work on /home/airflow/.local/lib/python3.12/site-packages/airflow/example_dags/example_latest_only_with_trigger.py
[2025-06-12T13:58:41.438+0000] {processor.py:830} INFO - Processing file /home/airflow/.local/lib/python3.12/site-packages/airflow/example_dags/example_latest_only_with_trigger.py for tasks to queue
[2025-06-12T13:58:41.443+0000] {logging_mixin.py:188} INFO - [2025-06-12T13:58:41.442+0000] {dagbag.py:540} INFO - Filling up the DagBag from /home/airflow/.local/lib/python3.12/site-packages/airflow/example_dags/example_latest_only_with_trigger.py
[2025-06-12T13:58:41.462+0000] {processor.py:840} INFO - DAG(s) 'latest_only_with_trigger' retrieved from /home/airflow/.local/lib/python3.12/site-packages/airflow/example_dags/example_latest_only_with_trigger.py
[2025-06-12T13:58:41.497+0000] {logging_mixin.py:188} INFO - [2025-06-12T13:58:41.496+0000] {dag.py:3096} INFO - Sync 1 DAGs
[2025-06-12T13:58:41.529+0000] {logging_mixin.py:188} INFO - [2025-06-12T13:58:41.529+0000] {dag.py:3954} INFO - Setting next_dagrun for latest_only_with_trigger to 2025-06-12 08:00:00+00:00, run_after=2025-06-12 12:00:00+00:00
[2025-06-12T13:58:41.572+0000] {processor.py:183} INFO - Processing /home/airflow/.local/lib/python3.12/site-packages/airflow/example_dags/example_latest_only_with_trigger.py took 0.150 seconds
[2025-06-12T13:59:11.763+0000] {processor.py:161} INFO - Started process (PID=144) to work on /home/airflow/.local/lib/python3.12/site-packages/airflow/example_dags/example_latest_only_with_trigger.py
[2025-06-12T13:59:11.764+0000] {processor.py:830} INFO - Processing file /home/airflow/.local/lib/python3.12/site-packages/airflow/example_dags/example_latest_only_with_trigger.py for tasks to queue
[2025-06-12T13:59:11.765+0000] {logging_mixin.py:188} INFO - [2025-06-12T13:59:11.765+0000] {dagbag.py:540} INFO - Filling up the DagBag from /home/airflow/.local/lib/python3.12/site-packages/airflow/example_dags/example_latest_only_with_trigger.py
[2025-06-12T13:59:11.767+0000] {processor.py:840} INFO - DAG(s) 'latest_only_with_trigger' retrieved from /home/airflow/.local/lib/python3.12/site-packages/airflow/example_dags/example_latest_only_with_trigger.py
[2025-06-12T13:59:11.809+0000] {logging_mixin.py:188} INFO - [2025-06-12T13:59:11.809+0000] {dag.py:3096} INFO - Sync 1 DAGs
[2025-06-12T13:59:11.817+0000] {logging_mixin.py:188} INFO - [2025-06-12T13:59:11.817+0000] {dag.py:3954} INFO - Setting next_dagrun for latest_only_with_trigger to 2025-06-12 08:00:00+00:00, run_after=2025-06-12 12:00:00+00:00
[2025-06-12T13:59:11.825+0000] {processor.py:183} INFO - Processing /home/airflow/.local/lib/python3.12/site-packages/airflow/example_dags/example_latest_only_with_trigger.py took 0.065 seconds
[2025-06-12T13:59:42.259+0000] {processor.py:161} INFO - Started process (PID=218) to work on /home/airflow/.local/lib/python3.12/site-packages/airflow/example_dags/example_latest_only_with_trigger.py
[2025-06-12T13:59:42.259+0000] {processor.py:830} INFO - Processing file /home/airflow/.local/lib/python3.12/site-packages/airflow/example_dags/example_latest_only_with_trigger.py for tasks to queue
[2025-06-12T13:59:42.261+0000] {logging_mixin.py:188} INFO - [2025-06-12T13:59:42.261+0000] {dagbag.py:540} INFO - Filling up the DagBag from /home/airflow/.local/lib/python3.12/site-packages/airflow/example_dags/example_latest_only_with_trigger.py
[2025-06-12T13:59:42.264+0000] {processor.py:840} INFO - DAG(s) 'latest_only_with_trigger' retrieved from /home/airflow/.local/lib/python3.12/site-packages/airflow/example_dags/example_latest_only_with_trigger.py
[2025-06-12T13:59:42.280+0000] {logging_mixin.py:188} INFO - [2025-06-12T13:59:42.280+0000] {dag.py:3096} INFO - Sync 1 DAGs
[2025-06-12T13:59:42.298+0000] {logging_mixin.py:188} INFO - [2025-06-12T13:59:42.298+0000] {dag.py:3954} INFO - Setting next_dagrun for latest_only_with_trigger to 2025-06-12 08:00:00+00:00, run_after=2025-06-12 12:00:00+00:00
[2025-06-12T13:59:42.311+0000] {processor.py:183} INFO - Processing /home/airflow/.local/lib/python3.12/site-packages/airflow/example_dags/example_latest_only_with_trigger.py took 0.056 seconds
[2025-06-12T14:00:12.972+0000] {processor.py:161} INFO - Started process (PID=285) to work on /home/airflow/.local/lib/python3.12/site-packages/airflow/example_dags/example_latest_only_with_trigger.py
[2025-06-12T14:00:12.973+0000] {processor.py:830} INFO - Processing file /home/airflow/.local/lib/python3.12/site-packages/airflow/example_dags/example_latest_only_with_trigger.py for tasks to queue
[2025-06-12T14:00:12.974+0000] {logging_mixin.py:188} INFO - [2025-06-12T14:00:12.974+0000] {dagbag.py:540} INFO - Filling up the DagBag from /home/airflow/.local/lib/python3.12/site-packages/airflow/example_dags/example_latest_only_with_trigger.py
[2025-06-12T14:00:12.977+0000] {processor.py:840} INFO - DAG(s) 'latest_only_with_trigger' retrieved from /home/airflow/.local/lib/python3.12/site-packages/airflow/example_dags/example_latest_only_with_trigger.py
[2025-06-12T14:00:12.992+0000] {logging_mixin.py:188} INFO - [2025-06-12T14:00:12.992+0000] {dag.py:3096} INFO - Sync 1 DAGs
[2025-06-12T14:00:13.004+0000] {logging_mixin.py:188} INFO - [2025-06-12T14:00:13.004+0000] {dag.py:3954} INFO - Setting next_dagrun for latest_only_with_trigger to 2025-06-12 08:00:00+00:00, run_after=2025-06-12 12:00:00+00:00
[2025-06-12T14:00:13.015+0000] {processor.py:183} INFO - Processing /home/airflow/.local/lib/python3.12/site-packages/airflow/example_dags/example_latest_only_with_trigger.py took 0.046 seconds
[2025-06-12T14:00:43.240+0000] {processor.py:161} INFO - Started process (PID=359) to work on /home/airflow/.local/lib/python3.12/site-packages/airflow/example_dags/example_latest_only_with_trigger.py
[2025-06-12T14:00:43.241+0000] {processor.py:830} INFO - Processing file /home/airflow/.local/lib/python3.12/site-packages/airflow/example_dags/example_latest_only_with_trigger.py for tasks to queue
[2025-06-12T14:00:43.242+0000] {logging_mixin.py:188} INFO - [2025-06-12T14:00:43.242+0000] {dagbag.py:540} INFO - Filling up the DagBag from /home/airflow/.local/lib/python3.12/site-packages/airflow/example_dags/example_latest_only_with_trigger.py
[2025-06-12T14:00:43.245+0000] {processor.py:840} INFO - DAG(s) 'latest_only_with_trigger' retrieved from /home/airflow/.local/lib/python3.12/site-packages/airflow/example_dags/example_latest_only_with_trigger.py
[2025-06-12T14:00:43.255+0000] {logging_mixin.py:188} INFO - [2025-06-12T14:00:43.255+0000] {dag.py:3096} INFO - Sync 1 DAGs
[2025-06-12T14:00:43.264+0000] {logging_mixin.py:188} INFO - [2025-06-12T14:00:43.264+0000] {dag.py:3954} INFO - Setting next_dagrun for latest_only_with_trigger to 2025-06-12 08:00:00+00:00, run_after=2025-06-12 12:00:00+00:00
[2025-06-12T14:00:43.271+0000] {processor.py:183} INFO - Processing /home/airflow/.local/lib/python3.12/site-packages/airflow/example_dags/example_latest_only_with_trigger.py took 0.035 seconds
[2025-06-12T14:01:14.369+0000] {processor.py:161} INFO - Started process (PID=426) to work on /home/airflow/.local/lib/python3.12/site-packages/airflow/example_dags/example_latest_only_with_trigger.py
[2025-06-12T14:01:14.373+0000] {processor.py:830} INFO - Processing file /home/airflow/.local/lib/python3.12/site-packages/airflow/example_dags/example_latest_only_with_trigger.py for tasks to queue
[2025-06-12T14:01:14.375+0000] {logging_mixin.py:188} INFO - [2025-06-12T14:01:14.374+0000] {dagbag.py:540} INFO - Filling up the DagBag from /home/airflow/.local/lib/python3.12/site-packages/airflow/example_dags/example_latest_only_with_trigger.py
[2025-06-12T14:01:14.379+0000] {processor.py:840} INFO - DAG(s) 'latest_only_with_trigger' retrieved from /home/airflow/.local/lib/python3.12/site-packages/airflow/example_dags/example_latest_only_with_trigger.py
[2025-06-12T14:01:14.396+0000] {logging_mixin.py:188} INFO - [2025-06-12T14:01:14.396+0000] {dag.py:3096} INFO - Sync 1 DAGs
[2025-06-12T14:01:14.411+0000] {logging_mixin.py:188} INFO - [2025-06-12T14:01:14.411+0000] {dag.py:3954} INFO - Setting next_dagrun for latest_only_with_trigger to 2025-06-12 08:00:00+00:00, run_after=2025-06-12 12:00:00+00:00
[2025-06-12T14:01:14.425+0000] {processor.py:183} INFO - Processing /home/airflow/.local/lib/python3.12/site-packages/airflow/example_dags/example_latest_only_with_trigger.py took 0.060 seconds
[2025-06-12T14:15:49.180+0000] {processor.py:161} INFO - Started process (PID=78) to work on /home/airflow/.local/lib/python3.12/site-packages/airflow/example_dags/example_latest_only_with_trigger.py
[2025-06-12T14:15:49.181+0000] {processor.py:830} INFO - Processing file /home/airflow/.local/lib/python3.12/site-packages/airflow/example_dags/example_latest_only_with_trigger.py for tasks to queue
[2025-06-12T14:15:49.182+0000] {logging_mixin.py:188} INFO - [2025-06-12T14:15:49.181+0000] {dagbag.py:540} INFO - Filling up the DagBag from /home/airflow/.local/lib/python3.12/site-packages/airflow/example_dags/example_latest_only_with_trigger.py
[2025-06-12T14:15:49.187+0000] {processor.py:840} INFO - DAG(s) 'latest_only_with_trigger' retrieved from /home/airflow/.local/lib/python3.12/site-packages/airflow/example_dags/example_latest_only_with_trigger.py
[2025-06-12T14:15:49.195+0000] {logging_mixin.py:188} INFO - [2025-06-12T14:15:49.194+0000] {dag.py:3096} INFO - Sync 1 DAGs
[2025-06-12T14:15:49.209+0000] {logging_mixin.py:188} INFO - [2025-06-12T14:15:49.209+0000] {dag.py:3954} INFO - Setting next_dagrun for latest_only_with_trigger to 2025-06-12 08:00:00+00:00, run_after=2025-06-12 12:00:00+00:00
[2025-06-12T14:15:49.223+0000] {processor.py:183} INFO - Processing /home/airflow/.local/lib/python3.12/site-packages/airflow/example_dags/example_latest_only_with_trigger.py took 0.046 seconds
[2025-06-12T14:16:20.354+0000] {processor.py:161} INFO - Started process (PID=152) to work on /home/airflow/.local/lib/python3.12/site-packages/airflow/example_dags/example_latest_only_with_trigger.py
[2025-06-12T14:16:20.355+0000] {processor.py:830} INFO - Processing file /home/airflow/.local/lib/python3.12/site-packages/airflow/example_dags/example_latest_only_with_trigger.py for tasks to queue
[2025-06-12T14:16:20.356+0000] {logging_mixin.py:188} INFO - [2025-06-12T14:16:20.356+0000] {dagbag.py:540} INFO - Filling up the DagBag from /home/airflow/.local/lib/python3.12/site-packages/airflow/example_dags/example_latest_only_with_trigger.py
[2025-06-12T14:16:20.359+0000] {processor.py:840} INFO - DAG(s) 'latest_only_with_trigger' retrieved from /home/airflow/.local/lib/python3.12/site-packages/airflow/example_dags/example_latest_only_with_trigger.py
[2025-06-12T14:16:20.419+0000] {logging_mixin.py:188} INFO - [2025-06-12T14:16:20.419+0000] {dag.py:3096} INFO - Sync 1 DAGs
[2025-06-12T14:16:20.437+0000] {logging_mixin.py:188} INFO - [2025-06-12T14:16:20.437+0000] {dag.py:3954} INFO - Setting next_dagrun for latest_only_with_trigger to 2025-06-12 08:00:00+00:00, run_after=2025-06-12 12:00:00+00:00
[2025-06-12T14:16:20.573+0000] {processor.py:183} INFO - Processing /home/airflow/.local/lib/python3.12/site-packages/airflow/example_dags/example_latest_only_with_trigger.py took 0.223 seconds
[2025-06-12T14:16:50.746+0000] {processor.py:161} INFO - Started process (PID=219) to work on /home/airflow/.local/lib/python3.12/site-packages/airflow/example_dags/example_latest_only_with_trigger.py
[2025-06-12T14:16:50.747+0000] {processor.py:830} INFO - Processing file /home/airflow/.local/lib/python3.12/site-packages/airflow/example_dags/example_latest_only_with_trigger.py for tasks to queue
[2025-06-12T14:16:50.748+0000] {logging_mixin.py:188} INFO - [2025-06-12T14:16:50.748+0000] {dagbag.py:540} INFO - Filling up the DagBag from /home/airflow/.local/lib/python3.12/site-packages/airflow/example_dags/example_latest_only_with_trigger.py
[2025-06-12T14:16:50.750+0000] {processor.py:840} INFO - DAG(s) 'latest_only_with_trigger' retrieved from /home/airflow/.local/lib/python3.12/site-packages/airflow/example_dags/example_latest_only_with_trigger.py
[2025-06-12T14:16:50.760+0000] {logging_mixin.py:188} INFO - [2025-06-12T14:16:50.760+0000] {dag.py:3096} INFO - Sync 1 DAGs
[2025-06-12T14:16:50.770+0000] {logging_mixin.py:188} INFO - [2025-06-12T14:16:50.770+0000] {dag.py:3954} INFO - Setting next_dagrun for latest_only_with_trigger to 2025-06-12 08:00:00+00:00, run_after=2025-06-12 12:00:00+00:00
[2025-06-12T14:16:50.780+0000] {processor.py:183} INFO - Processing /home/airflow/.local/lib/python3.12/site-packages/airflow/example_dags/example_latest_only_with_trigger.py took 0.036 seconds
[2025-06-12T14:17:21.447+0000] {processor.py:161} INFO - Started process (PID=293) to work on /home/airflow/.local/lib/python3.12/site-packages/airflow/example_dags/example_latest_only_with_trigger.py
[2025-06-12T14:17:21.448+0000] {processor.py:830} INFO - Processing file /home/airflow/.local/lib/python3.12/site-packages/airflow/example_dags/example_latest_only_with_trigger.py for tasks to queue
[2025-06-12T14:17:21.449+0000] {logging_mixin.py:188} INFO - [2025-06-12T14:17:21.449+0000] {dagbag.py:540} INFO - Filling up the DagBag from /home/airflow/.local/lib/python3.12/site-packages/airflow/example_dags/example_latest_only_with_trigger.py
[2025-06-12T14:17:21.454+0000] {processor.py:840} INFO - DAG(s) 'latest_only_with_trigger' retrieved from /home/airflow/.local/lib/python3.12/site-packages/airflow/example_dags/example_latest_only_with_trigger.py
[2025-06-12T14:17:21.516+0000] {logging_mixin.py:188} INFO - [2025-06-12T14:17:21.515+0000] {dag.py:3096} INFO - Sync 1 DAGs
[2025-06-12T14:17:21.529+0000] {logging_mixin.py:188} INFO - [2025-06-12T14:17:21.529+0000] {dag.py:3954} INFO - Setting next_dagrun for latest_only_with_trigger to 2025-06-12 08:00:00+00:00, run_after=2025-06-12 12:00:00+00:00
[2025-06-12T14:17:21.542+0000] {processor.py:183} INFO - Processing /home/airflow/.local/lib/python3.12/site-packages/airflow/example_dags/example_latest_only_with_trigger.py took 0.100 seconds
[2025-06-12T14:17:51.900+0000] {processor.py:161} INFO - Started process (PID=359) to work on /home/airflow/.local/lib/python3.12/site-packages/airflow/example_dags/example_latest_only_with_trigger.py
[2025-06-12T14:17:51.902+0000] {processor.py:830} INFO - Processing file /home/airflow/.local/lib/python3.12/site-packages/airflow/example_dags/example_latest_only_with_trigger.py for tasks to queue
[2025-06-12T14:17:51.903+0000] {logging_mixin.py:188} INFO - [2025-06-12T14:17:51.903+0000] {dagbag.py:540} INFO - Filling up the DagBag from /home/airflow/.local/lib/python3.12/site-packages/airflow/example_dags/example_latest_only_with_trigger.py
[2025-06-12T14:17:51.905+0000] {processor.py:840} INFO - DAG(s) 'latest_only_with_trigger' retrieved from /home/airflow/.local/lib/python3.12/site-packages/airflow/example_dags/example_latest_only_with_trigger.py
[2025-06-12T14:17:51.919+0000] {logging_mixin.py:188} INFO - [2025-06-12T14:17:51.918+0000] {dag.py:3096} INFO - Sync 1 DAGs
[2025-06-12T14:17:51.928+0000] {logging_mixin.py:188} INFO - [2025-06-12T14:17:51.928+0000] {dag.py:3954} INFO - Setting next_dagrun for latest_only_with_trigger to 2025-06-12 08:00:00+00:00, run_after=2025-06-12 12:00:00+00:00
[2025-06-12T14:17:51.938+0000] {processor.py:183} INFO - Processing /home/airflow/.local/lib/python3.12/site-packages/airflow/example_dags/example_latest_only_with_trigger.py took 0.041 seconds
[2025-06-12T14:18:38.388+0000] {processor.py:161} INFO - Started process (PID=77) to work on /home/airflow/.local/lib/python3.12/site-packages/airflow/example_dags/example_latest_only_with_trigger.py
[2025-06-12T14:18:38.389+0000] {processor.py:830} INFO - Processing file /home/airflow/.local/lib/python3.12/site-packages/airflow/example_dags/example_latest_only_with_trigger.py for tasks to queue
[2025-06-12T14:18:38.390+0000] {logging_mixin.py:188} INFO - [2025-06-12T14:18:38.390+0000] {dagbag.py:540} INFO - Filling up the DagBag from /home/airflow/.local/lib/python3.12/site-packages/airflow/example_dags/example_latest_only_with_trigger.py
[2025-06-12T14:18:38.395+0000] {processor.py:840} INFO - DAG(s) 'latest_only_with_trigger' retrieved from /home/airflow/.local/lib/python3.12/site-packages/airflow/example_dags/example_latest_only_with_trigger.py
[2025-06-12T14:18:38.406+0000] {logging_mixin.py:188} INFO - [2025-06-12T14:18:38.406+0000] {dag.py:3096} INFO - Sync 1 DAGs
[2025-06-12T14:18:38.417+0000] {logging_mixin.py:188} INFO - [2025-06-12T14:18:38.417+0000] {dag.py:3954} INFO - Setting next_dagrun for latest_only_with_trigger to 2025-06-12 08:00:00+00:00, run_after=2025-06-12 12:00:00+00:00
[2025-06-12T14:18:38.429+0000] {processor.py:183} INFO - Processing /home/airflow/.local/lib/python3.12/site-packages/airflow/example_dags/example_latest_only_with_trigger.py took 0.044 seconds
[2025-06-12T14:19:08.467+0000] {processor.py:161} INFO - Started process (PID=143) to work on /home/airflow/.local/lib/python3.12/site-packages/airflow/example_dags/example_latest_only_with_trigger.py
[2025-06-12T14:19:08.467+0000] {processor.py:830} INFO - Processing file /home/airflow/.local/lib/python3.12/site-packages/airflow/example_dags/example_latest_only_with_trigger.py for tasks to queue
[2025-06-12T14:19:08.468+0000] {logging_mixin.py:188} INFO - [2025-06-12T14:19:08.468+0000] {dagbag.py:540} INFO - Filling up the DagBag from /home/airflow/.local/lib/python3.12/site-packages/airflow/example_dags/example_latest_only_with_trigger.py
[2025-06-12T14:19:08.472+0000] {processor.py:840} INFO - DAG(s) 'latest_only_with_trigger' retrieved from /home/airflow/.local/lib/python3.12/site-packages/airflow/example_dags/example_latest_only_with_trigger.py
[2025-06-12T14:19:08.480+0000] {logging_mixin.py:188} INFO - [2025-06-12T14:19:08.480+0000] {dag.py:3096} INFO - Sync 1 DAGs
[2025-06-12T14:19:08.493+0000] {logging_mixin.py:188} INFO - [2025-06-12T14:19:08.493+0000] {dag.py:3954} INFO - Setting next_dagrun for latest_only_with_trigger to 2025-06-12 08:00:00+00:00, run_after=2025-06-12 12:00:00+00:00
[2025-06-12T14:19:08.506+0000] {processor.py:183} INFO - Processing /home/airflow/.local/lib/python3.12/site-packages/airflow/example_dags/example_latest_only_with_trigger.py took 0.043 seconds
[2025-06-12T14:19:38.889+0000] {processor.py:161} INFO - Started process (PID=217) to work on /home/airflow/.local/lib/python3.12/site-packages/airflow/example_dags/example_latest_only_with_trigger.py
[2025-06-12T14:19:38.890+0000] {processor.py:830} INFO - Processing file /home/airflow/.local/lib/python3.12/site-packages/airflow/example_dags/example_latest_only_with_trigger.py for tasks to queue
[2025-06-12T14:19:38.891+0000] {logging_mixin.py:188} INFO - [2025-06-12T14:19:38.890+0000] {dagbag.py:540} INFO - Filling up the DagBag from /home/airflow/.local/lib/python3.12/site-packages/airflow/example_dags/example_latest_only_with_trigger.py
[2025-06-12T14:19:38.893+0000] {processor.py:840} INFO - DAG(s) 'latest_only_with_trigger' retrieved from /home/airflow/.local/lib/python3.12/site-packages/airflow/example_dags/example_latest_only_with_trigger.py
[2025-06-12T14:19:38.947+0000] {logging_mixin.py:188} INFO - [2025-06-12T14:19:38.947+0000] {dag.py:3096} INFO - Sync 1 DAGs
[2025-06-12T14:19:38.956+0000] {logging_mixin.py:188} INFO - [2025-06-12T14:19:38.956+0000] {dag.py:3954} INFO - Setting next_dagrun for latest_only_with_trigger to 2025-06-12 08:00:00+00:00, run_after=2025-06-12 12:00:00+00:00
[2025-06-12T14:19:38.965+0000] {processor.py:183} INFO - Processing /home/airflow/.local/lib/python3.12/site-packages/airflow/example_dags/example_latest_only_with_trigger.py took 0.078 seconds
[2025-06-12T14:20:09.081+0000] {processor.py:161} INFO - Started process (PID=291) to work on /home/airflow/.local/lib/python3.12/site-packages/airflow/example_dags/example_latest_only_with_trigger.py
[2025-06-12T14:20:09.085+0000] {processor.py:830} INFO - Processing file /home/airflow/.local/lib/python3.12/site-packages/airflow/example_dags/example_latest_only_with_trigger.py for tasks to queue
[2025-06-12T14:20:09.088+0000] {logging_mixin.py:188} INFO - [2025-06-12T14:20:09.088+0000] {dagbag.py:540} INFO - Filling up the DagBag from /home/airflow/.local/lib/python3.12/site-packages/airflow/example_dags/example_latest_only_with_trigger.py
[2025-06-12T14:20:09.094+0000] {processor.py:840} INFO - DAG(s) 'latest_only_with_trigger' retrieved from /home/airflow/.local/lib/python3.12/site-packages/airflow/example_dags/example_latest_only_with_trigger.py
[2025-06-12T14:20:09.117+0000] {logging_mixin.py:188} INFO - [2025-06-12T14:20:09.117+0000] {dag.py:3096} INFO - Sync 1 DAGs
[2025-06-12T14:20:09.132+0000] {logging_mixin.py:188} INFO - [2025-06-12T14:20:09.132+0000] {dag.py:3954} INFO - Setting next_dagrun for latest_only_with_trigger to 2025-06-12 08:00:00+00:00, run_after=2025-06-12 12:00:00+00:00
[2025-06-12T14:20:09.152+0000] {processor.py:183} INFO - Processing /home/airflow/.local/lib/python3.12/site-packages/airflow/example_dags/example_latest_only_with_trigger.py took 0.074 seconds
[2025-06-12T14:20:39.443+0000] {processor.py:161} INFO - Started process (PID=358) to work on /home/airflow/.local/lib/python3.12/site-packages/airflow/example_dags/example_latest_only_with_trigger.py
[2025-06-12T14:20:39.445+0000] {processor.py:830} INFO - Processing file /home/airflow/.local/lib/python3.12/site-packages/airflow/example_dags/example_latest_only_with_trigger.py for tasks to queue
[2025-06-12T14:20:39.446+0000] {logging_mixin.py:188} INFO - [2025-06-12T14:20:39.445+0000] {dagbag.py:540} INFO - Filling up the DagBag from /home/airflow/.local/lib/python3.12/site-packages/airflow/example_dags/example_latest_only_with_trigger.py
[2025-06-12T14:20:39.448+0000] {processor.py:840} INFO - DAG(s) 'latest_only_with_trigger' retrieved from /home/airflow/.local/lib/python3.12/site-packages/airflow/example_dags/example_latest_only_with_trigger.py
[2025-06-12T14:20:39.458+0000] {logging_mixin.py:188} INFO - [2025-06-12T14:20:39.457+0000] {dag.py:3096} INFO - Sync 1 DAGs
[2025-06-12T14:20:39.466+0000] {logging_mixin.py:188} INFO - [2025-06-12T14:20:39.466+0000] {dag.py:3954} INFO - Setting next_dagrun for latest_only_with_trigger to 2025-06-12 08:00:00+00:00, run_after=2025-06-12 12:00:00+00:00
[2025-06-12T14:20:39.472+0000] {processor.py:183} INFO - Processing /home/airflow/.local/lib/python3.12/site-packages/airflow/example_dags/example_latest_only_with_trigger.py took 0.032 seconds
[2025-06-12T14:21:10.144+0000] {processor.py:161} INFO - Started process (PID=432) to work on /home/airflow/.local/lib/python3.12/site-packages/airflow/example_dags/example_latest_only_with_trigger.py
[2025-06-12T14:21:10.144+0000] {processor.py:830} INFO - Processing file /home/airflow/.local/lib/python3.12/site-packages/airflow/example_dags/example_latest_only_with_trigger.py for tasks to queue
[2025-06-12T14:21:10.145+0000] {logging_mixin.py:188} INFO - [2025-06-12T14:21:10.145+0000] {dagbag.py:540} INFO - Filling up the DagBag from /home/airflow/.local/lib/python3.12/site-packages/airflow/example_dags/example_latest_only_with_trigger.py
[2025-06-12T14:21:10.147+0000] {processor.py:840} INFO - DAG(s) 'latest_only_with_trigger' retrieved from /home/airflow/.local/lib/python3.12/site-packages/airflow/example_dags/example_latest_only_with_trigger.py
[2025-06-12T14:21:10.157+0000] {logging_mixin.py:188} INFO - [2025-06-12T14:21:10.157+0000] {dag.py:3096} INFO - Sync 1 DAGs
[2025-06-12T14:21:10.166+0000] {logging_mixin.py:188} INFO - [2025-06-12T14:21:10.166+0000] {dag.py:3954} INFO - Setting next_dagrun for latest_only_with_trigger to 2025-06-12 08:00:00+00:00, run_after=2025-06-12 12:00:00+00:00
[2025-06-12T14:21:10.173+0000] {processor.py:183} INFO - Processing /home/airflow/.local/lib/python3.12/site-packages/airflow/example_dags/example_latest_only_with_trigger.py took 0.032 seconds
[2025-06-12T14:21:40.714+0000] {processor.py:161} INFO - Started process (PID=498) to work on /home/airflow/.local/lib/python3.12/site-packages/airflow/example_dags/example_latest_only_with_trigger.py
[2025-06-12T14:21:40.716+0000] {processor.py:830} INFO - Processing file /home/airflow/.local/lib/python3.12/site-packages/airflow/example_dags/example_latest_only_with_trigger.py for tasks to queue
[2025-06-12T14:21:40.717+0000] {logging_mixin.py:188} INFO - [2025-06-12T14:21:40.717+0000] {dagbag.py:540} INFO - Filling up the DagBag from /home/airflow/.local/lib/python3.12/site-packages/airflow/example_dags/example_latest_only_with_trigger.py
[2025-06-12T14:21:40.721+0000] {processor.py:840} INFO - DAG(s) 'latest_only_with_trigger' retrieved from /home/airflow/.local/lib/python3.12/site-packages/airflow/example_dags/example_latest_only_with_trigger.py
[2025-06-12T14:21:40.734+0000] {logging_mixin.py:188} INFO - [2025-06-12T14:21:40.734+0000] {dag.py:3096} INFO - Sync 1 DAGs
[2025-06-12T14:21:40.744+0000] {logging_mixin.py:188} INFO - [2025-06-12T14:21:40.744+0000] {dag.py:3954} INFO - Setting next_dagrun for latest_only_with_trigger to 2025-06-12 08:00:00+00:00, run_after=2025-06-12 12:00:00+00:00
[2025-06-12T14:21:40.757+0000] {processor.py:183} INFO - Processing /home/airflow/.local/lib/python3.12/site-packages/airflow/example_dags/example_latest_only_with_trigger.py took 0.045 seconds
[2025-06-12T14:22:11.639+0000] {processor.py:161} INFO - Started process (PID=572) to work on /home/airflow/.local/lib/python3.12/site-packages/airflow/example_dags/example_latest_only_with_trigger.py
[2025-06-12T14:22:11.640+0000] {processor.py:830} INFO - Processing file /home/airflow/.local/lib/python3.12/site-packages/airflow/example_dags/example_latest_only_with_trigger.py for tasks to queue
[2025-06-12T14:22:11.641+0000] {logging_mixin.py:188} INFO - [2025-06-12T14:22:11.640+0000] {dagbag.py:540} INFO - Filling up the DagBag from /home/airflow/.local/lib/python3.12/site-packages/airflow/example_dags/example_latest_only_with_trigger.py
[2025-06-12T14:22:11.643+0000] {processor.py:840} INFO - DAG(s) 'latest_only_with_trigger' retrieved from /home/airflow/.local/lib/python3.12/site-packages/airflow/example_dags/example_latest_only_with_trigger.py
[2025-06-12T14:22:11.654+0000] {logging_mixin.py:188} INFO - [2025-06-12T14:22:11.654+0000] {dag.py:3096} INFO - Sync 1 DAGs
[2025-06-12T14:22:11.664+0000] {logging_mixin.py:188} INFO - [2025-06-12T14:22:11.663+0000] {dag.py:3954} INFO - Setting next_dagrun for latest_only_with_trigger to 2025-06-12 08:00:00+00:00, run_after=2025-06-12 12:00:00+00:00
[2025-06-12T14:22:11.677+0000] {processor.py:183} INFO - Processing /home/airflow/.local/lib/python3.12/site-packages/airflow/example_dags/example_latest_only_with_trigger.py took 0.040 seconds
[2025-06-12T14:22:41.834+0000] {processor.py:161} INFO - Started process (PID=646) to work on /home/airflow/.local/lib/python3.12/site-packages/airflow/example_dags/example_latest_only_with_trigger.py
[2025-06-12T14:22:41.835+0000] {processor.py:830} INFO - Processing file /home/airflow/.local/lib/python3.12/site-packages/airflow/example_dags/example_latest_only_with_trigger.py for tasks to queue
[2025-06-12T14:22:41.835+0000] {logging_mixin.py:188} INFO - [2025-06-12T14:22:41.835+0000] {dagbag.py:540} INFO - Filling up the DagBag from /home/airflow/.local/lib/python3.12/site-packages/airflow/example_dags/example_latest_only_with_trigger.py
[2025-06-12T14:22:41.837+0000] {processor.py:840} INFO - DAG(s) 'latest_only_with_trigger' retrieved from /home/airflow/.local/lib/python3.12/site-packages/airflow/example_dags/example_latest_only_with_trigger.py
[2025-06-12T14:22:41.847+0000] {logging_mixin.py:188} INFO - [2025-06-12T14:22:41.847+0000] {dag.py:3096} INFO - Sync 1 DAGs
[2025-06-12T14:22:41.855+0000] {logging_mixin.py:188} INFO - [2025-06-12T14:22:41.854+0000] {dag.py:3954} INFO - Setting next_dagrun for latest_only_with_trigger to 2025-06-12 08:00:00+00:00, run_after=2025-06-12 12:00:00+00:00
[2025-06-12T14:22:41.862+0000] {processor.py:183} INFO - Processing /home/airflow/.local/lib/python3.12/site-packages/airflow/example_dags/example_latest_only_with_trigger.py took 0.030 seconds
[2025-06-12T14:23:12.151+0000] {processor.py:161} INFO - Started process (PID=713) to work on /home/airflow/.local/lib/python3.12/site-packages/airflow/example_dags/example_latest_only_with_trigger.py
[2025-06-12T14:23:12.152+0000] {processor.py:830} INFO - Processing file /home/airflow/.local/lib/python3.12/site-packages/airflow/example_dags/example_latest_only_with_trigger.py for tasks to queue
[2025-06-12T14:23:12.153+0000] {logging_mixin.py:188} INFO - [2025-06-12T14:23:12.153+0000] {dagbag.py:540} INFO - Filling up the DagBag from /home/airflow/.local/lib/python3.12/site-packages/airflow/example_dags/example_latest_only_with_trigger.py
[2025-06-12T14:23:12.157+0000] {processor.py:840} INFO - DAG(s) 'latest_only_with_trigger' retrieved from /home/airflow/.local/lib/python3.12/site-packages/airflow/example_dags/example_latest_only_with_trigger.py
[2025-06-12T14:23:12.173+0000] {logging_mixin.py:188} INFO - [2025-06-12T14:23:12.172+0000] {dag.py:3096} INFO - Sync 1 DAGs
[2025-06-12T14:23:12.182+0000] {logging_mixin.py:188} INFO - [2025-06-12T14:23:12.182+0000] {dag.py:3954} INFO - Setting next_dagrun for latest_only_with_trigger to 2025-06-12 08:00:00+00:00, run_after=2025-06-12 12:00:00+00:00
[2025-06-12T14:23:12.190+0000] {processor.py:183} INFO - Processing /home/airflow/.local/lib/python3.12/site-packages/airflow/example_dags/example_latest_only_with_trigger.py took 0.042 seconds
[2025-06-12T14:23:42.290+0000] {processor.py:161} INFO - Started process (PID=787) to work on /home/airflow/.local/lib/python3.12/site-packages/airflow/example_dags/example_latest_only_with_trigger.py
[2025-06-12T14:23:42.290+0000] {processor.py:830} INFO - Processing file /home/airflow/.local/lib/python3.12/site-packages/airflow/example_dags/example_latest_only_with_trigger.py for tasks to queue
[2025-06-12T14:23:42.291+0000] {logging_mixin.py:188} INFO - [2025-06-12T14:23:42.291+0000] {dagbag.py:540} INFO - Filling up the DagBag from /home/airflow/.local/lib/python3.12/site-packages/airflow/example_dags/example_latest_only_with_trigger.py
[2025-06-12T14:23:42.293+0000] {processor.py:840} INFO - DAG(s) 'latest_only_with_trigger' retrieved from /home/airflow/.local/lib/python3.12/site-packages/airflow/example_dags/example_latest_only_with_trigger.py
[2025-06-12T14:23:42.302+0000] {logging_mixin.py:188} INFO - [2025-06-12T14:23:42.302+0000] {dag.py:3096} INFO - Sync 1 DAGs
[2025-06-12T14:23:42.310+0000] {logging_mixin.py:188} INFO - [2025-06-12T14:23:42.310+0000] {dag.py:3954} INFO - Setting next_dagrun for latest_only_with_trigger to 2025-06-12 08:00:00+00:00, run_after=2025-06-12 12:00:00+00:00
[2025-06-12T14:23:42.316+0000] {processor.py:183} INFO - Processing /home/airflow/.local/lib/python3.12/site-packages/airflow/example_dags/example_latest_only_with_trigger.py took 0.029 seconds
[2025-06-12T14:24:12.763+0000] {processor.py:161} INFO - Started process (PID=861) to work on /home/airflow/.local/lib/python3.12/site-packages/airflow/example_dags/example_latest_only_with_trigger.py
[2025-06-12T14:24:12.764+0000] {processor.py:830} INFO - Processing file /home/airflow/.local/lib/python3.12/site-packages/airflow/example_dags/example_latest_only_with_trigger.py for tasks to queue
[2025-06-12T14:24:12.765+0000] {logging_mixin.py:188} INFO - [2025-06-12T14:24:12.765+0000] {dagbag.py:540} INFO - Filling up the DagBag from /home/airflow/.local/lib/python3.12/site-packages/airflow/example_dags/example_latest_only_with_trigger.py
[2025-06-12T14:24:12.770+0000] {processor.py:840} INFO - DAG(s) 'latest_only_with_trigger' retrieved from /home/airflow/.local/lib/python3.12/site-packages/airflow/example_dags/example_latest_only_with_trigger.py
[2025-06-12T14:24:12.787+0000] {logging_mixin.py:188} INFO - [2025-06-12T14:24:12.787+0000] {dag.py:3096} INFO - Sync 1 DAGs
[2025-06-12T14:24:12.796+0000] {logging_mixin.py:188} INFO - [2025-06-12T14:24:12.796+0000] {dag.py:3954} INFO - Setting next_dagrun for latest_only_with_trigger to 2025-06-12 08:00:00+00:00, run_after=2025-06-12 12:00:00+00:00
[2025-06-12T14:24:12.806+0000] {processor.py:183} INFO - Processing /home/airflow/.local/lib/python3.12/site-packages/airflow/example_dags/example_latest_only_with_trigger.py took 0.046 seconds
[2025-06-12T14:24:43.717+0000] {processor.py:161} INFO - Started process (PID=928) to work on /home/airflow/.local/lib/python3.12/site-packages/airflow/example_dags/example_latest_only_with_trigger.py
[2025-06-12T14:24:43.719+0000] {processor.py:830} INFO - Processing file /home/airflow/.local/lib/python3.12/site-packages/airflow/example_dags/example_latest_only_with_trigger.py for tasks to queue
[2025-06-12T14:24:43.723+0000] {logging_mixin.py:188} INFO - [2025-06-12T14:24:43.723+0000] {dagbag.py:540} INFO - Filling up the DagBag from /home/airflow/.local/lib/python3.12/site-packages/airflow/example_dags/example_latest_only_with_trigger.py
[2025-06-12T14:24:43.725+0000] {processor.py:840} INFO - DAG(s) 'latest_only_with_trigger' retrieved from /home/airflow/.local/lib/python3.12/site-packages/airflow/example_dags/example_latest_only_with_trigger.py
[2025-06-12T14:24:43.738+0000] {logging_mixin.py:188} INFO - [2025-06-12T14:24:43.738+0000] {dag.py:3096} INFO - Sync 1 DAGs
[2025-06-12T14:24:43.751+0000] {logging_mixin.py:188} INFO - [2025-06-12T14:24:43.751+0000] {dag.py:3954} INFO - Setting next_dagrun for latest_only_with_trigger to 2025-06-12 08:00:00+00:00, run_after=2025-06-12 12:00:00+00:00
[2025-06-12T14:24:43.767+0000] {processor.py:183} INFO - Processing /home/airflow/.local/lib/python3.12/site-packages/airflow/example_dags/example_latest_only_with_trigger.py took 0.053 seconds
[2025-06-12T14:25:14.767+0000] {processor.py:161} INFO - Started process (PID=1002) to work on /home/airflow/.local/lib/python3.12/site-packages/airflow/example_dags/example_latest_only_with_trigger.py
[2025-06-12T14:25:14.770+0000] {processor.py:830} INFO - Processing file /home/airflow/.local/lib/python3.12/site-packages/airflow/example_dags/example_latest_only_with_trigger.py for tasks to queue
[2025-06-12T14:25:14.773+0000] {logging_mixin.py:188} INFO - [2025-06-12T14:25:14.772+0000] {dagbag.py:540} INFO - Filling up the DagBag from /home/airflow/.local/lib/python3.12/site-packages/airflow/example_dags/example_latest_only_with_trigger.py
[2025-06-12T14:25:14.779+0000] {processor.py:840} INFO - DAG(s) 'latest_only_with_trigger' retrieved from /home/airflow/.local/lib/python3.12/site-packages/airflow/example_dags/example_latest_only_with_trigger.py
[2025-06-12T14:25:14.801+0000] {logging_mixin.py:188} INFO - [2025-06-12T14:25:14.801+0000] {dag.py:3096} INFO - Sync 1 DAGs
[2025-06-12T14:25:14.818+0000] {logging_mixin.py:188} INFO - [2025-06-12T14:25:14.818+0000] {dag.py:3954} INFO - Setting next_dagrun for latest_only_with_trigger to 2025-06-12 08:00:00+00:00, run_after=2025-06-12 12:00:00+00:00
[2025-06-12T14:25:14.837+0000] {processor.py:183} INFO - Processing /home/airflow/.local/lib/python3.12/site-packages/airflow/example_dags/example_latest_only_with_trigger.py took 0.081 seconds
[2025-06-12T14:25:45.065+0000] {processor.py:161} INFO - Started process (PID=1076) to work on /home/airflow/.local/lib/python3.12/site-packages/airflow/example_dags/example_latest_only_with_trigger.py
[2025-06-12T14:25:45.066+0000] {processor.py:830} INFO - Processing file /home/airflow/.local/lib/python3.12/site-packages/airflow/example_dags/example_latest_only_with_trigger.py for tasks to queue
[2025-06-12T14:25:45.068+0000] {logging_mixin.py:188} INFO - [2025-06-12T14:25:45.067+0000] {dagbag.py:540} INFO - Filling up the DagBag from /home/airflow/.local/lib/python3.12/site-packages/airflow/example_dags/example_latest_only_with_trigger.py
[2025-06-12T14:25:45.072+0000] {processor.py:840} INFO - DAG(s) 'latest_only_with_trigger' retrieved from /home/airflow/.local/lib/python3.12/site-packages/airflow/example_dags/example_latest_only_with_trigger.py
[2025-06-12T14:25:45.101+0000] {logging_mixin.py:188} INFO - [2025-06-12T14:25:45.101+0000] {dag.py:3096} INFO - Sync 1 DAGs
[2025-06-12T14:25:45.114+0000] {logging_mixin.py:188} INFO - [2025-06-12T14:25:45.114+0000] {dag.py:3954} INFO - Setting next_dagrun for latest_only_with_trigger to 2025-06-12 08:00:00+00:00, run_after=2025-06-12 12:00:00+00:00
[2025-06-12T14:25:45.260+0000] {processor.py:183} INFO - Processing /home/airflow/.local/lib/python3.12/site-packages/airflow/example_dags/example_latest_only_with_trigger.py took 0.200 seconds
[2025-06-12T14:26:15.765+0000] {processor.py:161} INFO - Started process (PID=1143) to work on /home/airflow/.local/lib/python3.12/site-packages/airflow/example_dags/example_latest_only_with_trigger.py
[2025-06-12T14:26:15.767+0000] {processor.py:830} INFO - Processing file /home/airflow/.local/lib/python3.12/site-packages/airflow/example_dags/example_latest_only_with_trigger.py for tasks to queue
[2025-06-12T14:26:15.769+0000] {logging_mixin.py:188} INFO - [2025-06-12T14:26:15.769+0000] {dagbag.py:540} INFO - Filling up the DagBag from /home/airflow/.local/lib/python3.12/site-packages/airflow/example_dags/example_latest_only_with_trigger.py
[2025-06-12T14:26:15.772+0000] {processor.py:840} INFO - DAG(s) 'latest_only_with_trigger' retrieved from /home/airflow/.local/lib/python3.12/site-packages/airflow/example_dags/example_latest_only_with_trigger.py
[2025-06-12T14:26:15.787+0000] {logging_mixin.py:188} INFO - [2025-06-12T14:26:15.787+0000] {dag.py:3096} INFO - Sync 1 DAGs
[2025-06-12T14:26:15.800+0000] {logging_mixin.py:188} INFO - [2025-06-12T14:26:15.800+0000] {dag.py:3954} INFO - Setting next_dagrun for latest_only_with_trigger to 2025-06-12 08:00:00+00:00, run_after=2025-06-12 12:00:00+00:00
[2025-06-12T14:26:15.810+0000] {processor.py:183} INFO - Processing /home/airflow/.local/lib/python3.12/site-packages/airflow/example_dags/example_latest_only_with_trigger.py took 0.048 seconds
[2025-06-12T14:26:46.766+0000] {processor.py:161} INFO - Started process (PID=1217) to work on /home/airflow/.local/lib/python3.12/site-packages/airflow/example_dags/example_latest_only_with_trigger.py
[2025-06-12T14:26:46.767+0000] {processor.py:830} INFO - Processing file /home/airflow/.local/lib/python3.12/site-packages/airflow/example_dags/example_latest_only_with_trigger.py for tasks to queue
[2025-06-12T14:26:46.768+0000] {logging_mixin.py:188} INFO - [2025-06-12T14:26:46.768+0000] {dagbag.py:540} INFO - Filling up the DagBag from /home/airflow/.local/lib/python3.12/site-packages/airflow/example_dags/example_latest_only_with_trigger.py
[2025-06-12T14:26:46.770+0000] {processor.py:840} INFO - DAG(s) 'latest_only_with_trigger' retrieved from /home/airflow/.local/lib/python3.12/site-packages/airflow/example_dags/example_latest_only_with_trigger.py
[2025-06-12T14:26:46.780+0000] {logging_mixin.py:188} INFO - [2025-06-12T14:26:46.779+0000] {dag.py:3096} INFO - Sync 1 DAGs
[2025-06-12T14:26:46.787+0000] {logging_mixin.py:188} INFO - [2025-06-12T14:26:46.787+0000] {dag.py:3954} INFO - Setting next_dagrun for latest_only_with_trigger to 2025-06-12 08:00:00+00:00, run_after=2025-06-12 12:00:00+00:00
[2025-06-12T14:26:46.794+0000] {processor.py:183} INFO - Processing /home/airflow/.local/lib/python3.12/site-packages/airflow/example_dags/example_latest_only_with_trigger.py took 0.030 seconds
[2025-06-12T14:27:17.004+0000] {processor.py:161} INFO - Started process (PID=1284) to work on /home/airflow/.local/lib/python3.12/site-packages/airflow/example_dags/example_latest_only_with_trigger.py
[2025-06-12T14:27:17.005+0000] {processor.py:830} INFO - Processing file /home/airflow/.local/lib/python3.12/site-packages/airflow/example_dags/example_latest_only_with_trigger.py for tasks to queue
[2025-06-12T14:27:17.006+0000] {logging_mixin.py:188} INFO - [2025-06-12T14:27:17.005+0000] {dagbag.py:540} INFO - Filling up the DagBag from /home/airflow/.local/lib/python3.12/site-packages/airflow/example_dags/example_latest_only_with_trigger.py
[2025-06-12T14:27:17.008+0000] {processor.py:840} INFO - DAG(s) 'latest_only_with_trigger' retrieved from /home/airflow/.local/lib/python3.12/site-packages/airflow/example_dags/example_latest_only_with_trigger.py
[2025-06-12T14:27:17.021+0000] {logging_mixin.py:188} INFO - [2025-06-12T14:27:17.021+0000] {dag.py:3096} INFO - Sync 1 DAGs
[2025-06-12T14:27:17.029+0000] {logging_mixin.py:188} INFO - [2025-06-12T14:27:17.029+0000] {dag.py:3954} INFO - Setting next_dagrun for latest_only_with_trigger to 2025-06-12 08:00:00+00:00, run_after=2025-06-12 12:00:00+00:00
[2025-06-12T14:27:17.039+0000] {processor.py:183} INFO - Processing /home/airflow/.local/lib/python3.12/site-packages/airflow/example_dags/example_latest_only_with_trigger.py took 0.037 seconds
[2025-06-12T14:27:47.900+0000] {processor.py:161} INFO - Started process (PID=1358) to work on /home/airflow/.local/lib/python3.12/site-packages/airflow/example_dags/example_latest_only_with_trigger.py
[2025-06-12T14:27:47.901+0000] {processor.py:830} INFO - Processing file /home/airflow/.local/lib/python3.12/site-packages/airflow/example_dags/example_latest_only_with_trigger.py for tasks to queue
[2025-06-12T14:27:47.903+0000] {logging_mixin.py:188} INFO - [2025-06-12T14:27:47.902+0000] {dagbag.py:540} INFO - Filling up the DagBag from /home/airflow/.local/lib/python3.12/site-packages/airflow/example_dags/example_latest_only_with_trigger.py
[2025-06-12T14:27:47.905+0000] {processor.py:840} INFO - DAG(s) 'latest_only_with_trigger' retrieved from /home/airflow/.local/lib/python3.12/site-packages/airflow/example_dags/example_latest_only_with_trigger.py
[2025-06-12T14:27:47.918+0000] {logging_mixin.py:188} INFO - [2025-06-12T14:27:47.918+0000] {dag.py:3096} INFO - Sync 1 DAGs
[2025-06-12T14:27:47.929+0000] {logging_mixin.py:188} INFO - [2025-06-12T14:27:47.929+0000] {dag.py:3954} INFO - Setting next_dagrun for latest_only_with_trigger to 2025-06-12 08:00:00+00:00, run_after=2025-06-12 12:00:00+00:00
[2025-06-12T14:27:47.939+0000] {processor.py:183} INFO - Processing /home/airflow/.local/lib/python3.12/site-packages/airflow/example_dags/example_latest_only_with_trigger.py took 0.042 seconds
[2025-06-12T14:35:53.426+0000] {processor.py:161} INFO - Started process (PID=76) to work on /home/airflow/.local/lib/python3.12/site-packages/airflow/example_dags/example_latest_only_with_trigger.py
[2025-06-12T14:35:53.428+0000] {processor.py:830} INFO - Processing file /home/airflow/.local/lib/python3.12/site-packages/airflow/example_dags/example_latest_only_with_trigger.py for tasks to queue
[2025-06-12T14:35:53.431+0000] {logging_mixin.py:188} INFO - [2025-06-12T14:35:53.430+0000] {dagbag.py:540} INFO - Filling up the DagBag from /home/airflow/.local/lib/python3.12/site-packages/airflow/example_dags/example_latest_only_with_trigger.py
[2025-06-12T14:35:53.448+0000] {processor.py:840} INFO - DAG(s) 'latest_only_with_trigger' retrieved from /home/airflow/.local/lib/python3.12/site-packages/airflow/example_dags/example_latest_only_with_trigger.py
[2025-06-12T14:35:53.493+0000] {logging_mixin.py:188} INFO - [2025-06-12T14:35:53.489+0000] {dag.py:3096} INFO - Sync 1 DAGs
[2025-06-12T14:35:53.533+0000] {logging_mixin.py:188} INFO - [2025-06-12T14:35:53.533+0000] {dag.py:3954} INFO - Setting next_dagrun for latest_only_with_trigger to 2025-06-12 08:00:00+00:00, run_after=2025-06-12 12:00:00+00:00
[2025-06-12T14:35:53.550+0000] {processor.py:183} INFO - Processing /home/airflow/.local/lib/python3.12/site-packages/airflow/example_dags/example_latest_only_with_trigger.py took 0.133 seconds
[2025-06-12T14:36:24.589+0000] {processor.py:161} INFO - Started process (PID=149) to work on /home/airflow/.local/lib/python3.12/site-packages/airflow/example_dags/example_latest_only_with_trigger.py
[2025-06-12T14:36:24.590+0000] {processor.py:830} INFO - Processing file /home/airflow/.local/lib/python3.12/site-packages/airflow/example_dags/example_latest_only_with_trigger.py for tasks to queue
[2025-06-12T14:36:24.592+0000] {logging_mixin.py:188} INFO - [2025-06-12T14:36:24.592+0000] {dagbag.py:540} INFO - Filling up the DagBag from /home/airflow/.local/lib/python3.12/site-packages/airflow/example_dags/example_latest_only_with_trigger.py
[2025-06-12T14:36:24.597+0000] {processor.py:840} INFO - DAG(s) 'latest_only_with_trigger' retrieved from /home/airflow/.local/lib/python3.12/site-packages/airflow/example_dags/example_latest_only_with_trigger.py
[2025-06-12T14:36:24.676+0000] {logging_mixin.py:188} INFO - [2025-06-12T14:36:24.675+0000] {dag.py:3096} INFO - Sync 1 DAGs
[2025-06-12T14:36:24.694+0000] {logging_mixin.py:188} INFO - [2025-06-12T14:36:24.694+0000] {dag.py:3954} INFO - Setting next_dagrun for latest_only_with_trigger to 2025-06-12 08:00:00+00:00, run_after=2025-06-12 12:00:00+00:00
[2025-06-12T14:36:24.716+0000] {processor.py:183} INFO - Processing /home/airflow/.local/lib/python3.12/site-packages/airflow/example_dags/example_latest_only_with_trigger.py took 0.131 seconds
[2025-06-12T14:36:55.579+0000] {processor.py:161} INFO - Started process (PID=216) to work on /home/airflow/.local/lib/python3.12/site-packages/airflow/example_dags/example_latest_only_with_trigger.py
[2025-06-12T14:36:55.579+0000] {processor.py:830} INFO - Processing file /home/airflow/.local/lib/python3.12/site-packages/airflow/example_dags/example_latest_only_with_trigger.py for tasks to queue
[2025-06-12T14:36:55.580+0000] {logging_mixin.py:188} INFO - [2025-06-12T14:36:55.580+0000] {dagbag.py:540} INFO - Filling up the DagBag from /home/airflow/.local/lib/python3.12/site-packages/airflow/example_dags/example_latest_only_with_trigger.py
[2025-06-12T14:36:55.582+0000] {processor.py:840} INFO - DAG(s) 'latest_only_with_trigger' retrieved from /home/airflow/.local/lib/python3.12/site-packages/airflow/example_dags/example_latest_only_with_trigger.py
[2025-06-12T14:36:55.592+0000] {logging_mixin.py:188} INFO - [2025-06-12T14:36:55.592+0000] {dag.py:3096} INFO - Sync 1 DAGs
[2025-06-12T14:36:55.600+0000] {logging_mixin.py:188} INFO - [2025-06-12T14:36:55.600+0000] {dag.py:3954} INFO - Setting next_dagrun for latest_only_with_trigger to 2025-06-12 08:00:00+00:00, run_after=2025-06-12 12:00:00+00:00
[2025-06-12T14:36:55.607+0000] {processor.py:183} INFO - Processing /home/airflow/.local/lib/python3.12/site-packages/airflow/example_dags/example_latest_only_with_trigger.py took 0.031 seconds
[2025-06-12T14:37:26.031+0000] {processor.py:161} INFO - Started process (PID=290) to work on /home/airflow/.local/lib/python3.12/site-packages/airflow/example_dags/example_latest_only_with_trigger.py
[2025-06-12T14:37:26.033+0000] {processor.py:830} INFO - Processing file /home/airflow/.local/lib/python3.12/site-packages/airflow/example_dags/example_latest_only_with_trigger.py for tasks to queue
[2025-06-12T14:37:26.036+0000] {logging_mixin.py:188} INFO - [2025-06-12T14:37:26.036+0000] {dagbag.py:540} INFO - Filling up the DagBag from /home/airflow/.local/lib/python3.12/site-packages/airflow/example_dags/example_latest_only_with_trigger.py
[2025-06-12T14:37:26.038+0000] {processor.py:840} INFO - DAG(s) 'latest_only_with_trigger' retrieved from /home/airflow/.local/lib/python3.12/site-packages/airflow/example_dags/example_latest_only_with_trigger.py
[2025-06-12T14:37:26.049+0000] {logging_mixin.py:188} INFO - [2025-06-12T14:37:26.049+0000] {dag.py:3096} INFO - Sync 1 DAGs
[2025-06-12T14:37:26.062+0000] {logging_mixin.py:188} INFO - [2025-06-12T14:37:26.062+0000] {dag.py:3954} INFO - Setting next_dagrun for latest_only_with_trigger to 2025-06-12 08:00:00+00:00, run_after=2025-06-12 12:00:00+00:00
[2025-06-12T14:37:26.074+0000] {processor.py:183} INFO - Processing /home/airflow/.local/lib/python3.12/site-packages/airflow/example_dags/example_latest_only_with_trigger.py took 0.046 seconds
[2025-06-12T14:37:56.343+0000] {processor.py:161} INFO - Started process (PID=357) to work on /home/airflow/.local/lib/python3.12/site-packages/airflow/example_dags/example_latest_only_with_trigger.py
[2025-06-12T14:37:56.344+0000] {processor.py:830} INFO - Processing file /home/airflow/.local/lib/python3.12/site-packages/airflow/example_dags/example_latest_only_with_trigger.py for tasks to queue
[2025-06-12T14:37:56.345+0000] {logging_mixin.py:188} INFO - [2025-06-12T14:37:56.345+0000] {dagbag.py:540} INFO - Filling up the DagBag from /home/airflow/.local/lib/python3.12/site-packages/airflow/example_dags/example_latest_only_with_trigger.py
[2025-06-12T14:37:56.350+0000] {processor.py:840} INFO - DAG(s) 'latest_only_with_trigger' retrieved from /home/airflow/.local/lib/python3.12/site-packages/airflow/example_dags/example_latest_only_with_trigger.py
[2025-06-12T14:37:56.371+0000] {logging_mixin.py:188} INFO - [2025-06-12T14:37:56.370+0000] {dag.py:3096} INFO - Sync 1 DAGs
[2025-06-12T14:37:56.382+0000] {logging_mixin.py:188} INFO - [2025-06-12T14:37:56.382+0000] {dag.py:3954} INFO - Setting next_dagrun for latest_only_with_trigger to 2025-06-12 08:00:00+00:00, run_after=2025-06-12 12:00:00+00:00
[2025-06-12T14:37:56.393+0000] {processor.py:183} INFO - Processing /home/airflow/.local/lib/python3.12/site-packages/airflow/example_dags/example_latest_only_with_trigger.py took 0.053 seconds
[2025-06-12T14:38:27.061+0000] {processor.py:161} INFO - Started process (PID=432) to work on /home/airflow/.local/lib/python3.12/site-packages/airflow/example_dags/example_latest_only_with_trigger.py
[2025-06-12T14:38:27.062+0000] {processor.py:830} INFO - Processing file /home/airflow/.local/lib/python3.12/site-packages/airflow/example_dags/example_latest_only_with_trigger.py for tasks to queue
[2025-06-12T14:38:27.063+0000] {logging_mixin.py:188} INFO - [2025-06-12T14:38:27.063+0000] {dagbag.py:540} INFO - Filling up the DagBag from /home/airflow/.local/lib/python3.12/site-packages/airflow/example_dags/example_latest_only_with_trigger.py
[2025-06-12T14:38:27.066+0000] {processor.py:840} INFO - DAG(s) 'latest_only_with_trigger' retrieved from /home/airflow/.local/lib/python3.12/site-packages/airflow/example_dags/example_latest_only_with_trigger.py
[2025-06-12T14:38:27.085+0000] {logging_mixin.py:188} INFO - [2025-06-12T14:38:27.085+0000] {dag.py:3096} INFO - Sync 1 DAGs
[2025-06-12T14:38:27.097+0000] {logging_mixin.py:188} INFO - [2025-06-12T14:38:27.097+0000] {dag.py:3954} INFO - Setting next_dagrun for latest_only_with_trigger to 2025-06-12 08:00:00+00:00, run_after=2025-06-12 12:00:00+00:00
[2025-06-12T14:38:27.107+0000] {processor.py:183} INFO - Processing /home/airflow/.local/lib/python3.12/site-packages/airflow/example_dags/example_latest_only_with_trigger.py took 0.048 seconds
[2025-06-12T14:38:58.118+0000] {processor.py:161} INFO - Started process (PID=506) to work on /home/airflow/.local/lib/python3.12/site-packages/airflow/example_dags/example_latest_only_with_trigger.py
[2025-06-12T14:38:58.119+0000] {processor.py:830} INFO - Processing file /home/airflow/.local/lib/python3.12/site-packages/airflow/example_dags/example_latest_only_with_trigger.py for tasks to queue
[2025-06-12T14:38:58.120+0000] {logging_mixin.py:188} INFO - [2025-06-12T14:38:58.120+0000] {dagbag.py:540} INFO - Filling up the DagBag from /home/airflow/.local/lib/python3.12/site-packages/airflow/example_dags/example_latest_only_with_trigger.py
[2025-06-12T14:38:58.122+0000] {processor.py:840} INFO - DAG(s) 'latest_only_with_trigger' retrieved from /home/airflow/.local/lib/python3.12/site-packages/airflow/example_dags/example_latest_only_with_trigger.py
[2025-06-12T14:38:58.134+0000] {logging_mixin.py:188} INFO - [2025-06-12T14:38:58.134+0000] {dag.py:3096} INFO - Sync 1 DAGs
[2025-06-12T14:38:58.144+0000] {logging_mixin.py:188} INFO - [2025-06-12T14:38:58.144+0000] {dag.py:3954} INFO - Setting next_dagrun for latest_only_with_trigger to 2025-06-12 08:00:00+00:00, run_after=2025-06-12 12:00:00+00:00
[2025-06-12T14:38:58.152+0000] {processor.py:183} INFO - Processing /home/airflow/.local/lib/python3.12/site-packages/airflow/example_dags/example_latest_only_with_trigger.py took 0.036 seconds
[2025-06-12T14:39:28.499+0000] {processor.py:161} INFO - Started process (PID=573) to work on /home/airflow/.local/lib/python3.12/site-packages/airflow/example_dags/example_latest_only_with_trigger.py
[2025-06-12T14:39:28.499+0000] {processor.py:830} INFO - Processing file /home/airflow/.local/lib/python3.12/site-packages/airflow/example_dags/example_latest_only_with_trigger.py for tasks to queue
[2025-06-12T14:39:28.500+0000] {logging_mixin.py:188} INFO - [2025-06-12T14:39:28.500+0000] {dagbag.py:540} INFO - Filling up the DagBag from /home/airflow/.local/lib/python3.12/site-packages/airflow/example_dags/example_latest_only_with_trigger.py
[2025-06-12T14:39:28.503+0000] {processor.py:840} INFO - DAG(s) 'latest_only_with_trigger' retrieved from /home/airflow/.local/lib/python3.12/site-packages/airflow/example_dags/example_latest_only_with_trigger.py
[2025-06-12T14:39:28.517+0000] {logging_mixin.py:188} INFO - [2025-06-12T14:39:28.517+0000] {dag.py:3096} INFO - Sync 1 DAGs
[2025-06-12T14:39:28.525+0000] {logging_mixin.py:188} INFO - [2025-06-12T14:39:28.525+0000] {dag.py:3954} INFO - Setting next_dagrun for latest_only_with_trigger to 2025-06-12 08:00:00+00:00, run_after=2025-06-12 12:00:00+00:00
[2025-06-12T14:39:28.534+0000] {processor.py:183} INFO - Processing /home/airflow/.local/lib/python3.12/site-packages/airflow/example_dags/example_latest_only_with_trigger.py took 0.038 seconds
[2025-06-12T14:46:33.242+0000] {processor.py:161} INFO - Started process (PID=78) to work on /home/airflow/.local/lib/python3.12/site-packages/airflow/example_dags/example_latest_only_with_trigger.py
[2025-06-12T14:46:33.244+0000] {processor.py:830} INFO - Processing file /home/airflow/.local/lib/python3.12/site-packages/airflow/example_dags/example_latest_only_with_trigger.py for tasks to queue
[2025-06-12T14:46:33.245+0000] {logging_mixin.py:188} INFO - [2025-06-12T14:46:33.245+0000] {dagbag.py:540} INFO - Filling up the DagBag from /home/airflow/.local/lib/python3.12/site-packages/airflow/example_dags/example_latest_only_with_trigger.py
[2025-06-12T14:46:33.257+0000] {processor.py:840} INFO - DAG(s) 'latest_only_with_trigger' retrieved from /home/airflow/.local/lib/python3.12/site-packages/airflow/example_dags/example_latest_only_with_trigger.py
[2025-06-12T14:46:33.273+0000] {logging_mixin.py:188} INFO - [2025-06-12T14:46:33.273+0000] {dag.py:3096} INFO - Sync 1 DAGs
[2025-06-12T14:46:33.294+0000] {logging_mixin.py:188} INFO - [2025-06-12T14:46:33.294+0000] {dag.py:3954} INFO - Setting next_dagrun for latest_only_with_trigger to 2025-06-12 08:00:00+00:00, run_after=2025-06-12 12:00:00+00:00
[2025-06-12T14:46:33.308+0000] {processor.py:183} INFO - Processing /home/airflow/.local/lib/python3.12/site-packages/airflow/example_dags/example_latest_only_with_trigger.py took 0.072 seconds
[2025-06-12T14:47:04.029+0000] {processor.py:161} INFO - Started process (PID=145) to work on /home/airflow/.local/lib/python3.12/site-packages/airflow/example_dags/example_latest_only_with_trigger.py
[2025-06-12T14:47:04.030+0000] {processor.py:830} INFO - Processing file /home/airflow/.local/lib/python3.12/site-packages/airflow/example_dags/example_latest_only_with_trigger.py for tasks to queue
[2025-06-12T14:47:04.031+0000] {logging_mixin.py:188} INFO - [2025-06-12T14:47:04.031+0000] {dagbag.py:540} INFO - Filling up the DagBag from /home/airflow/.local/lib/python3.12/site-packages/airflow/example_dags/example_latest_only_with_trigger.py
[2025-06-12T14:47:04.034+0000] {processor.py:840} INFO - DAG(s) 'latest_only_with_trigger' retrieved from /home/airflow/.local/lib/python3.12/site-packages/airflow/example_dags/example_latest_only_with_trigger.py
[2025-06-12T14:47:04.082+0000] {logging_mixin.py:188} INFO - [2025-06-12T14:47:04.082+0000] {dag.py:3096} INFO - Sync 1 DAGs
[2025-06-12T14:47:04.091+0000] {logging_mixin.py:188} INFO - [2025-06-12T14:47:04.091+0000] {dag.py:3954} INFO - Setting next_dagrun for latest_only_with_trigger to 2025-06-12 08:00:00+00:00, run_after=2025-06-12 12:00:00+00:00
[2025-06-12T14:47:04.101+0000] {processor.py:183} INFO - Processing /home/airflow/.local/lib/python3.12/site-packages/airflow/example_dags/example_latest_only_with_trigger.py took 0.074 seconds
[2025-06-12T14:47:34.659+0000] {processor.py:161} INFO - Started process (PID=218) to work on /home/airflow/.local/lib/python3.12/site-packages/airflow/example_dags/example_latest_only_with_trigger.py
[2025-06-12T14:47:34.660+0000] {processor.py:830} INFO - Processing file /home/airflow/.local/lib/python3.12/site-packages/airflow/example_dags/example_latest_only_with_trigger.py for tasks to queue
[2025-06-12T14:47:34.661+0000] {logging_mixin.py:188} INFO - [2025-06-12T14:47:34.661+0000] {dagbag.py:540} INFO - Filling up the DagBag from /home/airflow/.local/lib/python3.12/site-packages/airflow/example_dags/example_latest_only_with_trigger.py
[2025-06-12T14:47:34.663+0000] {processor.py:840} INFO - DAG(s) 'latest_only_with_trigger' retrieved from /home/airflow/.local/lib/python3.12/site-packages/airflow/example_dags/example_latest_only_with_trigger.py
[2025-06-12T14:47:34.674+0000] {logging_mixin.py:188} INFO - [2025-06-12T14:47:34.674+0000] {dag.py:3096} INFO - Sync 1 DAGs
[2025-06-12T14:47:34.683+0000] {logging_mixin.py:188} INFO - [2025-06-12T14:47:34.683+0000] {dag.py:3954} INFO - Setting next_dagrun for latest_only_with_trigger to 2025-06-12 08:00:00+00:00, run_after=2025-06-12 12:00:00+00:00
[2025-06-12T14:47:34.690+0000] {processor.py:183} INFO - Processing /home/airflow/.local/lib/python3.12/site-packages/airflow/example_dags/example_latest_only_with_trigger.py took 0.034 seconds
[2025-06-12T14:48:05.541+0000] {processor.py:161} INFO - Started process (PID=285) to work on /home/airflow/.local/lib/python3.12/site-packages/airflow/example_dags/example_latest_only_with_trigger.py
[2025-06-12T14:48:05.542+0000] {processor.py:830} INFO - Processing file /home/airflow/.local/lib/python3.12/site-packages/airflow/example_dags/example_latest_only_with_trigger.py for tasks to queue
[2025-06-12T14:48:05.543+0000] {logging_mixin.py:188} INFO - [2025-06-12T14:48:05.542+0000] {dagbag.py:540} INFO - Filling up the DagBag from /home/airflow/.local/lib/python3.12/site-packages/airflow/example_dags/example_latest_only_with_trigger.py
[2025-06-12T14:48:05.545+0000] {processor.py:840} INFO - DAG(s) 'latest_only_with_trigger' retrieved from /home/airflow/.local/lib/python3.12/site-packages/airflow/example_dags/example_latest_only_with_trigger.py
[2025-06-12T14:48:05.564+0000] {logging_mixin.py:188} INFO - [2025-06-12T14:48:05.564+0000] {dag.py:3096} INFO - Sync 1 DAGs
[2025-06-12T14:48:05.574+0000] {logging_mixin.py:188} INFO - [2025-06-12T14:48:05.574+0000] {dag.py:3954} INFO - Setting next_dagrun for latest_only_with_trigger to 2025-06-12 08:00:00+00:00, run_after=2025-06-12 12:00:00+00:00
[2025-06-12T14:48:05.586+0000] {processor.py:183} INFO - Processing /home/airflow/.local/lib/python3.12/site-packages/airflow/example_dags/example_latest_only_with_trigger.py took 0.051 seconds
[2025-06-12T15:07:52.167+0000] {processor.py:161} INFO - Started process (PID=78) to work on /home/airflow/.local/lib/python3.12/site-packages/airflow/example_dags/example_latest_only_with_trigger.py
[2025-06-12T15:07:52.168+0000] {processor.py:830} INFO - Processing file /home/airflow/.local/lib/python3.12/site-packages/airflow/example_dags/example_latest_only_with_trigger.py for tasks to queue
[2025-06-12T15:07:52.172+0000] {logging_mixin.py:188} INFO - [2025-06-12T15:07:52.171+0000] {dagbag.py:540} INFO - Filling up the DagBag from /home/airflow/.local/lib/python3.12/site-packages/airflow/example_dags/example_latest_only_with_trigger.py
[2025-06-12T15:07:52.181+0000] {processor.py:840} INFO - DAG(s) 'latest_only_with_trigger' retrieved from /home/airflow/.local/lib/python3.12/site-packages/airflow/example_dags/example_latest_only_with_trigger.py
[2025-06-12T15:07:52.206+0000] {logging_mixin.py:188} INFO - [2025-06-12T15:07:52.206+0000] {dag.py:3096} INFO - Sync 1 DAGs
[2025-06-12T15:07:52.273+0000] {logging_mixin.py:188} INFO - [2025-06-12T15:07:52.272+0000] {dag.py:3954} INFO - Setting next_dagrun for latest_only_with_trigger to 2025-06-12 08:00:00+00:00, run_after=2025-06-12 12:00:00+00:00
[2025-06-12T15:07:52.325+0000] {processor.py:183} INFO - Processing /home/airflow/.local/lib/python3.12/site-packages/airflow/example_dags/example_latest_only_with_trigger.py took 0.164 seconds
[2025-06-12T15:08:22.381+0000] {processor.py:161} INFO - Started process (PID=145) to work on /home/airflow/.local/lib/python3.12/site-packages/airflow/example_dags/example_latest_only_with_trigger.py
[2025-06-12T15:08:22.382+0000] {processor.py:830} INFO - Processing file /home/airflow/.local/lib/python3.12/site-packages/airflow/example_dags/example_latest_only_with_trigger.py for tasks to queue
[2025-06-12T15:08:22.383+0000] {logging_mixin.py:188} INFO - [2025-06-12T15:08:22.382+0000] {dagbag.py:540} INFO - Filling up the DagBag from /home/airflow/.local/lib/python3.12/site-packages/airflow/example_dags/example_latest_only_with_trigger.py
[2025-06-12T15:08:22.385+0000] {processor.py:840} INFO - DAG(s) 'latest_only_with_trigger' retrieved from /home/airflow/.local/lib/python3.12/site-packages/airflow/example_dags/example_latest_only_with_trigger.py
[2025-06-12T15:08:22.465+0000] {logging_mixin.py:188} INFO - [2025-06-12T15:08:22.464+0000] {dag.py:3096} INFO - Sync 1 DAGs
[2025-06-12T15:08:22.482+0000] {logging_mixin.py:188} INFO - [2025-06-12T15:08:22.482+0000] {dag.py:3954} INFO - Setting next_dagrun for latest_only_with_trigger to 2025-06-12 08:00:00+00:00, run_after=2025-06-12 12:00:00+00:00
[2025-06-12T15:08:22.499+0000] {processor.py:183} INFO - Processing /home/airflow/.local/lib/python3.12/site-packages/airflow/example_dags/example_latest_only_with_trigger.py took 0.120 seconds
[2025-06-12T15:08:53.320+0000] {processor.py:161} INFO - Started process (PID=219) to work on /home/airflow/.local/lib/python3.12/site-packages/airflow/example_dags/example_latest_only_with_trigger.py
[2025-06-12T15:08:53.321+0000] {processor.py:830} INFO - Processing file /home/airflow/.local/lib/python3.12/site-packages/airflow/example_dags/example_latest_only_with_trigger.py for tasks to queue
[2025-06-12T15:08:53.322+0000] {logging_mixin.py:188} INFO - [2025-06-12T15:08:53.322+0000] {dagbag.py:540} INFO - Filling up the DagBag from /home/airflow/.local/lib/python3.12/site-packages/airflow/example_dags/example_latest_only_with_trigger.py
[2025-06-12T15:08:53.325+0000] {processor.py:840} INFO - DAG(s) 'latest_only_with_trigger' retrieved from /home/airflow/.local/lib/python3.12/site-packages/airflow/example_dags/example_latest_only_with_trigger.py
[2025-06-12T15:08:53.335+0000] {logging_mixin.py:188} INFO - [2025-06-12T15:08:53.335+0000] {dag.py:3096} INFO - Sync 1 DAGs
[2025-06-12T15:08:53.344+0000] {logging_mixin.py:188} INFO - [2025-06-12T15:08:53.344+0000] {dag.py:3954} INFO - Setting next_dagrun for latest_only_with_trigger to 2025-06-12 08:00:00+00:00, run_after=2025-06-12 12:00:00+00:00
[2025-06-12T15:08:53.350+0000] {processor.py:183} INFO - Processing /home/airflow/.local/lib/python3.12/site-packages/airflow/example_dags/example_latest_only_with_trigger.py took 0.032 seconds
[2025-06-12T15:09:23.438+0000] {processor.py:161} INFO - Started process (PID=286) to work on /home/airflow/.local/lib/python3.12/site-packages/airflow/example_dags/example_latest_only_with_trigger.py
[2025-06-12T15:09:23.438+0000] {processor.py:830} INFO - Processing file /home/airflow/.local/lib/python3.12/site-packages/airflow/example_dags/example_latest_only_with_trigger.py for tasks to queue
[2025-06-12T15:09:23.439+0000] {logging_mixin.py:188} INFO - [2025-06-12T15:09:23.439+0000] {dagbag.py:540} INFO - Filling up the DagBag from /home/airflow/.local/lib/python3.12/site-packages/airflow/example_dags/example_latest_only_with_trigger.py
[2025-06-12T15:09:23.442+0000] {processor.py:840} INFO - DAG(s) 'latest_only_with_trigger' retrieved from /home/airflow/.local/lib/python3.12/site-packages/airflow/example_dags/example_latest_only_with_trigger.py
[2025-06-12T15:09:23.453+0000] {logging_mixin.py:188} INFO - [2025-06-12T15:09:23.453+0000] {dag.py:3096} INFO - Sync 1 DAGs
[2025-06-12T15:09:23.469+0000] {logging_mixin.py:188} INFO - [2025-06-12T15:09:23.469+0000] {dag.py:3954} INFO - Setting next_dagrun for latest_only_with_trigger to 2025-06-12 08:00:00+00:00, run_after=2025-06-12 12:00:00+00:00
[2025-06-12T15:09:23.482+0000] {processor.py:183} INFO - Processing /home/airflow/.local/lib/python3.12/site-packages/airflow/example_dags/example_latest_only_with_trigger.py took 0.048 seconds
[2025-06-12T15:09:53.961+0000] {processor.py:161} INFO - Started process (PID=360) to work on /home/airflow/.local/lib/python3.12/site-packages/airflow/example_dags/example_latest_only_with_trigger.py
[2025-06-12T15:09:53.962+0000] {processor.py:830} INFO - Processing file /home/airflow/.local/lib/python3.12/site-packages/airflow/example_dags/example_latest_only_with_trigger.py for tasks to queue
[2025-06-12T15:09:53.963+0000] {logging_mixin.py:188} INFO - [2025-06-12T15:09:53.963+0000] {dagbag.py:540} INFO - Filling up the DagBag from /home/airflow/.local/lib/python3.12/site-packages/airflow/example_dags/example_latest_only_with_trigger.py
[2025-06-12T15:09:53.965+0000] {processor.py:840} INFO - DAG(s) 'latest_only_with_trigger' retrieved from /home/airflow/.local/lib/python3.12/site-packages/airflow/example_dags/example_latest_only_with_trigger.py
[2025-06-12T15:09:53.978+0000] {logging_mixin.py:188} INFO - [2025-06-12T15:09:53.978+0000] {dag.py:3096} INFO - Sync 1 DAGs
[2025-06-12T15:09:53.990+0000] {logging_mixin.py:188} INFO - [2025-06-12T15:09:53.990+0000] {dag.py:3954} INFO - Setting next_dagrun for latest_only_with_trigger to 2025-06-12 08:00:00+00:00, run_after=2025-06-12 12:00:00+00:00
[2025-06-12T15:09:53.999+0000] {processor.py:183} INFO - Processing /home/airflow/.local/lib/python3.12/site-packages/airflow/example_dags/example_latest_only_with_trigger.py took 0.040 seconds
[2025-06-12T15:10:24.364+0000] {processor.py:161} INFO - Started process (PID=434) to work on /home/airflow/.local/lib/python3.12/site-packages/airflow/example_dags/example_latest_only_with_trigger.py
[2025-06-12T15:10:24.365+0000] {processor.py:830} INFO - Processing file /home/airflow/.local/lib/python3.12/site-packages/airflow/example_dags/example_latest_only_with_trigger.py for tasks to queue
[2025-06-12T15:10:24.366+0000] {logging_mixin.py:188} INFO - [2025-06-12T15:10:24.366+0000] {dagbag.py:540} INFO - Filling up the DagBag from /home/airflow/.local/lib/python3.12/site-packages/airflow/example_dags/example_latest_only_with_trigger.py
[2025-06-12T15:10:24.369+0000] {processor.py:840} INFO - DAG(s) 'latest_only_with_trigger' retrieved from /home/airflow/.local/lib/python3.12/site-packages/airflow/example_dags/example_latest_only_with_trigger.py
[2025-06-12T15:10:24.390+0000] {logging_mixin.py:188} INFO - [2025-06-12T15:10:24.390+0000] {dag.py:3096} INFO - Sync 1 DAGs
[2025-06-12T15:10:24.409+0000] {logging_mixin.py:188} INFO - [2025-06-12T15:10:24.408+0000] {dag.py:3954} INFO - Setting next_dagrun for latest_only_with_trigger to 2025-06-12 08:00:00+00:00, run_after=2025-06-12 12:00:00+00:00
[2025-06-12T15:10:24.427+0000] {processor.py:183} INFO - Processing /home/airflow/.local/lib/python3.12/site-packages/airflow/example_dags/example_latest_only_with_trigger.py took 0.065 seconds
[2025-06-12T15:10:55.287+0000] {processor.py:161} INFO - Started process (PID=501) to work on /home/airflow/.local/lib/python3.12/site-packages/airflow/example_dags/example_latest_only_with_trigger.py
[2025-06-12T15:10:55.288+0000] {processor.py:830} INFO - Processing file /home/airflow/.local/lib/python3.12/site-packages/airflow/example_dags/example_latest_only_with_trigger.py for tasks to queue
[2025-06-12T15:10:55.289+0000] {logging_mixin.py:188} INFO - [2025-06-12T15:10:55.288+0000] {dagbag.py:540} INFO - Filling up the DagBag from /home/airflow/.local/lib/python3.12/site-packages/airflow/example_dags/example_latest_only_with_trigger.py
[2025-06-12T15:10:55.291+0000] {processor.py:840} INFO - DAG(s) 'latest_only_with_trigger' retrieved from /home/airflow/.local/lib/python3.12/site-packages/airflow/example_dags/example_latest_only_with_trigger.py
[2025-06-12T15:10:55.303+0000] {logging_mixin.py:188} INFO - [2025-06-12T15:10:55.303+0000] {dag.py:3096} INFO - Sync 1 DAGs
[2025-06-12T15:10:55.312+0000] {logging_mixin.py:188} INFO - [2025-06-12T15:10:55.312+0000] {dag.py:3954} INFO - Setting next_dagrun for latest_only_with_trigger to 2025-06-12 08:00:00+00:00, run_after=2025-06-12 12:00:00+00:00
[2025-06-12T15:10:55.319+0000] {processor.py:183} INFO - Processing /home/airflow/.local/lib/python3.12/site-packages/airflow/example_dags/example_latest_only_with_trigger.py took 0.034 seconds
[2025-06-12T15:11:25.691+0000] {processor.py:161} INFO - Started process (PID=574) to work on /home/airflow/.local/lib/python3.12/site-packages/airflow/example_dags/example_latest_only_with_trigger.py
[2025-06-12T15:11:25.692+0000] {processor.py:830} INFO - Processing file /home/airflow/.local/lib/python3.12/site-packages/airflow/example_dags/example_latest_only_with_trigger.py for tasks to queue
[2025-06-12T15:11:25.693+0000] {logging_mixin.py:188} INFO - [2025-06-12T15:11:25.693+0000] {dagbag.py:540} INFO - Filling up the DagBag from /home/airflow/.local/lib/python3.12/site-packages/airflow/example_dags/example_latest_only_with_trigger.py
[2025-06-12T15:11:25.695+0000] {processor.py:840} INFO - DAG(s) 'latest_only_with_trigger' retrieved from /home/airflow/.local/lib/python3.12/site-packages/airflow/example_dags/example_latest_only_with_trigger.py
[2025-06-12T15:11:25.704+0000] {logging_mixin.py:188} INFO - [2025-06-12T15:11:25.704+0000] {dag.py:3096} INFO - Sync 1 DAGs
[2025-06-12T15:11:25.713+0000] {logging_mixin.py:188} INFO - [2025-06-12T15:11:25.713+0000] {dag.py:3954} INFO - Setting next_dagrun for latest_only_with_trigger to 2025-06-12 08:00:00+00:00, run_after=2025-06-12 12:00:00+00:00
[2025-06-12T15:11:25.724+0000] {processor.py:183} INFO - Processing /home/airflow/.local/lib/python3.12/site-packages/airflow/example_dags/example_latest_only_with_trigger.py took 0.035 seconds
[2025-06-12T15:11:55.888+0000] {processor.py:161} INFO - Started process (PID=647) to work on /home/airflow/.local/lib/python3.12/site-packages/airflow/example_dags/example_latest_only_with_trigger.py
[2025-06-12T15:11:55.890+0000] {processor.py:830} INFO - Processing file /home/airflow/.local/lib/python3.12/site-packages/airflow/example_dags/example_latest_only_with_trigger.py for tasks to queue
[2025-06-12T15:11:55.891+0000] {logging_mixin.py:188} INFO - [2025-06-12T15:11:55.891+0000] {dagbag.py:540} INFO - Filling up the DagBag from /home/airflow/.local/lib/python3.12/site-packages/airflow/example_dags/example_latest_only_with_trigger.py
[2025-06-12T15:11:55.893+0000] {processor.py:840} INFO - DAG(s) 'latest_only_with_trigger' retrieved from /home/airflow/.local/lib/python3.12/site-packages/airflow/example_dags/example_latest_only_with_trigger.py
[2025-06-12T15:11:55.909+0000] {logging_mixin.py:188} INFO - [2025-06-12T15:11:55.909+0000] {dag.py:3096} INFO - Sync 1 DAGs
[2025-06-12T15:11:55.922+0000] {logging_mixin.py:188} INFO - [2025-06-12T15:11:55.922+0000] {dag.py:3954} INFO - Setting next_dagrun for latest_only_with_trigger to 2025-06-12 08:00:00+00:00, run_after=2025-06-12 12:00:00+00:00
[2025-06-12T15:11:55.934+0000] {processor.py:183} INFO - Processing /home/airflow/.local/lib/python3.12/site-packages/airflow/example_dags/example_latest_only_with_trigger.py took 0.049 seconds
[2025-06-12T15:12:26.069+0000] {processor.py:161} INFO - Started process (PID=713) to work on /home/airflow/.local/lib/python3.12/site-packages/airflow/example_dags/example_latest_only_with_trigger.py
[2025-06-12T15:12:26.070+0000] {processor.py:830} INFO - Processing file /home/airflow/.local/lib/python3.12/site-packages/airflow/example_dags/example_latest_only_with_trigger.py for tasks to queue
[2025-06-12T15:12:26.071+0000] {logging_mixin.py:188} INFO - [2025-06-12T15:12:26.071+0000] {dagbag.py:540} INFO - Filling up the DagBag from /home/airflow/.local/lib/python3.12/site-packages/airflow/example_dags/example_latest_only_with_trigger.py
[2025-06-12T15:12:26.075+0000] {processor.py:840} INFO - DAG(s) 'latest_only_with_trigger' retrieved from /home/airflow/.local/lib/python3.12/site-packages/airflow/example_dags/example_latest_only_with_trigger.py
[2025-06-12T15:12:26.086+0000] {logging_mixin.py:188} INFO - [2025-06-12T15:12:26.086+0000] {dag.py:3096} INFO - Sync 1 DAGs
[2025-06-12T15:12:26.094+0000] {logging_mixin.py:188} INFO - [2025-06-12T15:12:26.094+0000] {dag.py:3954} INFO - Setting next_dagrun for latest_only_with_trigger to 2025-06-12 08:00:00+00:00, run_after=2025-06-12 12:00:00+00:00
[2025-06-12T15:12:26.106+0000] {processor.py:183} INFO - Processing /home/airflow/.local/lib/python3.12/site-packages/airflow/example_dags/example_latest_only_with_trigger.py took 0.038 seconds
[2025-06-12T15:12:56.291+0000] {processor.py:161} INFO - Started process (PID=787) to work on /home/airflow/.local/lib/python3.12/site-packages/airflow/example_dags/example_latest_only_with_trigger.py
[2025-06-12T15:12:56.292+0000] {processor.py:830} INFO - Processing file /home/airflow/.local/lib/python3.12/site-packages/airflow/example_dags/example_latest_only_with_trigger.py for tasks to queue
[2025-06-12T15:12:56.292+0000] {logging_mixin.py:188} INFO - [2025-06-12T15:12:56.292+0000] {dagbag.py:540} INFO - Filling up the DagBag from /home/airflow/.local/lib/python3.12/site-packages/airflow/example_dags/example_latest_only_with_trigger.py
[2025-06-12T15:12:56.295+0000] {processor.py:840} INFO - DAG(s) 'latest_only_with_trigger' retrieved from /home/airflow/.local/lib/python3.12/site-packages/airflow/example_dags/example_latest_only_with_trigger.py
[2025-06-12T15:12:56.309+0000] {logging_mixin.py:188} INFO - [2025-06-12T15:12:56.309+0000] {dag.py:3096} INFO - Sync 1 DAGs
[2025-06-12T15:12:56.317+0000] {logging_mixin.py:188} INFO - [2025-06-12T15:12:56.317+0000] {dag.py:3954} INFO - Setting next_dagrun for latest_only_with_trigger to 2025-06-12 08:00:00+00:00, run_after=2025-06-12 12:00:00+00:00
[2025-06-12T15:12:56.330+0000] {processor.py:183} INFO - Processing /home/airflow/.local/lib/python3.12/site-packages/airflow/example_dags/example_latest_only_with_trigger.py took 0.041 seconds
[2025-06-12T15:13:27.153+0000] {processor.py:161} INFO - Started process (PID=854) to work on /home/airflow/.local/lib/python3.12/site-packages/airflow/example_dags/example_latest_only_with_trigger.py
[2025-06-12T15:13:27.153+0000] {processor.py:830} INFO - Processing file /home/airflow/.local/lib/python3.12/site-packages/airflow/example_dags/example_latest_only_with_trigger.py for tasks to queue
[2025-06-12T15:13:27.154+0000] {logging_mixin.py:188} INFO - [2025-06-12T15:13:27.154+0000] {dagbag.py:540} INFO - Filling up the DagBag from /home/airflow/.local/lib/python3.12/site-packages/airflow/example_dags/example_latest_only_with_trigger.py
[2025-06-12T15:13:27.156+0000] {processor.py:840} INFO - DAG(s) 'latest_only_with_trigger' retrieved from /home/airflow/.local/lib/python3.12/site-packages/airflow/example_dags/example_latest_only_with_trigger.py
[2025-06-12T15:13:27.165+0000] {logging_mixin.py:188} INFO - [2025-06-12T15:13:27.165+0000] {dag.py:3096} INFO - Sync 1 DAGs
[2025-06-12T15:13:27.173+0000] {logging_mixin.py:188} INFO - [2025-06-12T15:13:27.173+0000] {dag.py:3954} INFO - Setting next_dagrun for latest_only_with_trigger to 2025-06-12 08:00:00+00:00, run_after=2025-06-12 12:00:00+00:00
[2025-06-12T15:13:27.179+0000] {processor.py:183} INFO - Processing /home/airflow/.local/lib/python3.12/site-packages/airflow/example_dags/example_latest_only_with_trigger.py took 0.029 seconds
[2025-06-12T15:13:57.492+0000] {processor.py:161} INFO - Started process (PID=928) to work on /home/airflow/.local/lib/python3.12/site-packages/airflow/example_dags/example_latest_only_with_trigger.py
[2025-06-12T15:13:57.492+0000] {processor.py:830} INFO - Processing file /home/airflow/.local/lib/python3.12/site-packages/airflow/example_dags/example_latest_only_with_trigger.py for tasks to queue
[2025-06-12T15:13:57.493+0000] {logging_mixin.py:188} INFO - [2025-06-12T15:13:57.493+0000] {dagbag.py:540} INFO - Filling up the DagBag from /home/airflow/.local/lib/python3.12/site-packages/airflow/example_dags/example_latest_only_with_trigger.py
[2025-06-12T15:13:57.495+0000] {processor.py:840} INFO - DAG(s) 'latest_only_with_trigger' retrieved from /home/airflow/.local/lib/python3.12/site-packages/airflow/example_dags/example_latest_only_with_trigger.py
[2025-06-12T15:13:57.505+0000] {logging_mixin.py:188} INFO - [2025-06-12T15:13:57.505+0000] {dag.py:3096} INFO - Sync 1 DAGs
[2025-06-12T15:13:57.515+0000] {logging_mixin.py:188} INFO - [2025-06-12T15:13:57.515+0000] {dag.py:3954} INFO - Setting next_dagrun for latest_only_with_trigger to 2025-06-12 08:00:00+00:00, run_after=2025-06-12 12:00:00+00:00
[2025-06-12T15:13:57.522+0000] {processor.py:183} INFO - Processing /home/airflow/.local/lib/python3.12/site-packages/airflow/example_dags/example_latest_only_with_trigger.py took 0.032 seconds
[2025-06-12T15:14:27.978+0000] {processor.py:161} INFO - Started process (PID=1003) to work on /home/airflow/.local/lib/python3.12/site-packages/airflow/example_dags/example_latest_only_with_trigger.py
[2025-06-12T15:14:27.979+0000] {processor.py:830} INFO - Processing file /home/airflow/.local/lib/python3.12/site-packages/airflow/example_dags/example_latest_only_with_trigger.py for tasks to queue
[2025-06-12T15:14:27.980+0000] {logging_mixin.py:188} INFO - [2025-06-12T15:14:27.980+0000] {dagbag.py:540} INFO - Filling up the DagBag from /home/airflow/.local/lib/python3.12/site-packages/airflow/example_dags/example_latest_only_with_trigger.py
[2025-06-12T15:14:27.983+0000] {processor.py:840} INFO - DAG(s) 'latest_only_with_trigger' retrieved from /home/airflow/.local/lib/python3.12/site-packages/airflow/example_dags/example_latest_only_with_trigger.py
[2025-06-12T15:14:27.996+0000] {logging_mixin.py:188} INFO - [2025-06-12T15:14:27.996+0000] {dag.py:3096} INFO - Sync 1 DAGs
[2025-06-12T15:14:28.004+0000] {logging_mixin.py:188} INFO - [2025-06-12T15:14:28.004+0000] {dag.py:3954} INFO - Setting next_dagrun for latest_only_with_trigger to 2025-06-12 08:00:00+00:00, run_after=2025-06-12 12:00:00+00:00
[2025-06-12T15:14:28.013+0000] {processor.py:183} INFO - Processing /home/airflow/.local/lib/python3.12/site-packages/airflow/example_dags/example_latest_only_with_trigger.py took 0.037 seconds
[2025-06-12T15:14:58.479+0000] {processor.py:161} INFO - Started process (PID=1070) to work on /home/airflow/.local/lib/python3.12/site-packages/airflow/example_dags/example_latest_only_with_trigger.py
[2025-06-12T15:14:58.480+0000] {processor.py:830} INFO - Processing file /home/airflow/.local/lib/python3.12/site-packages/airflow/example_dags/example_latest_only_with_trigger.py for tasks to queue
[2025-06-12T15:14:58.481+0000] {logging_mixin.py:188} INFO - [2025-06-12T15:14:58.481+0000] {dagbag.py:540} INFO - Filling up the DagBag from /home/airflow/.local/lib/python3.12/site-packages/airflow/example_dags/example_latest_only_with_trigger.py
[2025-06-12T15:14:58.483+0000] {processor.py:840} INFO - DAG(s) 'latest_only_with_trigger' retrieved from /home/airflow/.local/lib/python3.12/site-packages/airflow/example_dags/example_latest_only_with_trigger.py
[2025-06-12T15:14:58.495+0000] {logging_mixin.py:188} INFO - [2025-06-12T15:14:58.495+0000] {dag.py:3096} INFO - Sync 1 DAGs
[2025-06-12T15:14:58.506+0000] {logging_mixin.py:188} INFO - [2025-06-12T15:14:58.505+0000] {dag.py:3954} INFO - Setting next_dagrun for latest_only_with_trigger to 2025-06-12 08:00:00+00:00, run_after=2025-06-12 12:00:00+00:00
[2025-06-12T15:14:58.514+0000] {processor.py:183} INFO - Processing /home/airflow/.local/lib/python3.12/site-packages/airflow/example_dags/example_latest_only_with_trigger.py took 0.037 seconds
[2025-06-12T15:15:29.108+0000] {processor.py:161} INFO - Started process (PID=1144) to work on /home/airflow/.local/lib/python3.12/site-packages/airflow/example_dags/example_latest_only_with_trigger.py
[2025-06-12T15:15:29.109+0000] {processor.py:830} INFO - Processing file /home/airflow/.local/lib/python3.12/site-packages/airflow/example_dags/example_latest_only_with_trigger.py for tasks to queue
[2025-06-12T15:15:29.110+0000] {logging_mixin.py:188} INFO - [2025-06-12T15:15:29.109+0000] {dagbag.py:540} INFO - Filling up the DagBag from /home/airflow/.local/lib/python3.12/site-packages/airflow/example_dags/example_latest_only_with_trigger.py
[2025-06-12T15:15:29.112+0000] {processor.py:840} INFO - DAG(s) 'latest_only_with_trigger' retrieved from /home/airflow/.local/lib/python3.12/site-packages/airflow/example_dags/example_latest_only_with_trigger.py
[2025-06-12T15:15:29.123+0000] {logging_mixin.py:188} INFO - [2025-06-12T15:15:29.123+0000] {dag.py:3096} INFO - Sync 1 DAGs
[2025-06-12T15:15:29.132+0000] {logging_mixin.py:188} INFO - [2025-06-12T15:15:29.132+0000] {dag.py:3954} INFO - Setting next_dagrun for latest_only_with_trigger to 2025-06-12 08:00:00+00:00, run_after=2025-06-12 12:00:00+00:00
[2025-06-12T15:15:29.140+0000] {processor.py:183} INFO - Processing /home/airflow/.local/lib/python3.12/site-packages/airflow/example_dags/example_latest_only_with_trigger.py took 0.034 seconds
[2025-06-12T15:15:59.688+0000] {processor.py:161} INFO - Started process (PID=1218) to work on /home/airflow/.local/lib/python3.12/site-packages/airflow/example_dags/example_latest_only_with_trigger.py
[2025-06-12T15:15:59.691+0000] {processor.py:830} INFO - Processing file /home/airflow/.local/lib/python3.12/site-packages/airflow/example_dags/example_latest_only_with_trigger.py for tasks to queue
[2025-06-12T15:15:59.692+0000] {logging_mixin.py:188} INFO - [2025-06-12T15:15:59.692+0000] {dagbag.py:540} INFO - Filling up the DagBag from /home/airflow/.local/lib/python3.12/site-packages/airflow/example_dags/example_latest_only_with_trigger.py
[2025-06-12T15:15:59.694+0000] {processor.py:840} INFO - DAG(s) 'latest_only_with_trigger' retrieved from /home/airflow/.local/lib/python3.12/site-packages/airflow/example_dags/example_latest_only_with_trigger.py
[2025-06-12T15:15:59.708+0000] {logging_mixin.py:188} INFO - [2025-06-12T15:15:59.708+0000] {dag.py:3096} INFO - Sync 1 DAGs
[2025-06-12T15:15:59.717+0000] {logging_mixin.py:188} INFO - [2025-06-12T15:15:59.717+0000] {dag.py:3954} INFO - Setting next_dagrun for latest_only_with_trigger to 2025-06-12 08:00:00+00:00, run_after=2025-06-12 12:00:00+00:00
[2025-06-12T15:15:59.819+0000] {processor.py:183} INFO - Processing /home/airflow/.local/lib/python3.12/site-packages/airflow/example_dags/example_latest_only_with_trigger.py took 0.133 seconds
[2025-06-12T15:16:30.336+0000] {processor.py:161} INFO - Started process (PID=1285) to work on /home/airflow/.local/lib/python3.12/site-packages/airflow/example_dags/example_latest_only_with_trigger.py
[2025-06-12T15:16:30.337+0000] {processor.py:830} INFO - Processing file /home/airflow/.local/lib/python3.12/site-packages/airflow/example_dags/example_latest_only_with_trigger.py for tasks to queue
[2025-06-12T15:16:30.338+0000] {logging_mixin.py:188} INFO - [2025-06-12T15:16:30.338+0000] {dagbag.py:540} INFO - Filling up the DagBag from /home/airflow/.local/lib/python3.12/site-packages/airflow/example_dags/example_latest_only_with_trigger.py
[2025-06-12T15:16:30.343+0000] {processor.py:840} INFO - DAG(s) 'latest_only_with_trigger' retrieved from /home/airflow/.local/lib/python3.12/site-packages/airflow/example_dags/example_latest_only_with_trigger.py
[2025-06-12T15:16:30.361+0000] {logging_mixin.py:188} INFO - [2025-06-12T15:16:30.361+0000] {dag.py:3096} INFO - Sync 1 DAGs
[2025-06-12T15:16:30.371+0000] {logging_mixin.py:188} INFO - [2025-06-12T15:16:30.370+0000] {dag.py:3954} INFO - Setting next_dagrun for latest_only_with_trigger to 2025-06-12 08:00:00+00:00, run_after=2025-06-12 12:00:00+00:00
[2025-06-12T15:16:30.388+0000] {processor.py:183} INFO - Processing /home/airflow/.local/lib/python3.12/site-packages/airflow/example_dags/example_latest_only_with_trigger.py took 0.057 seconds
[2025-06-12T15:17:01.350+0000] {processor.py:161} INFO - Started process (PID=1359) to work on /home/airflow/.local/lib/python3.12/site-packages/airflow/example_dags/example_latest_only_with_trigger.py
[2025-06-12T15:17:01.351+0000] {processor.py:830} INFO - Processing file /home/airflow/.local/lib/python3.12/site-packages/airflow/example_dags/example_latest_only_with_trigger.py for tasks to queue
[2025-06-12T15:17:01.352+0000] {logging_mixin.py:188} INFO - [2025-06-12T15:17:01.352+0000] {dagbag.py:540} INFO - Filling up the DagBag from /home/airflow/.local/lib/python3.12/site-packages/airflow/example_dags/example_latest_only_with_trigger.py
[2025-06-12T15:17:01.354+0000] {processor.py:840} INFO - DAG(s) 'latest_only_with_trigger' retrieved from /home/airflow/.local/lib/python3.12/site-packages/airflow/example_dags/example_latest_only_with_trigger.py
[2025-06-12T15:17:01.365+0000] {logging_mixin.py:188} INFO - [2025-06-12T15:17:01.365+0000] {dag.py:3096} INFO - Sync 1 DAGs
[2025-06-12T15:17:01.380+0000] {logging_mixin.py:188} INFO - [2025-06-12T15:17:01.380+0000] {dag.py:3954} INFO - Setting next_dagrun for latest_only_with_trigger to 2025-06-12 08:00:00+00:00, run_after=2025-06-12 12:00:00+00:00
[2025-06-12T15:17:01.396+0000] {processor.py:183} INFO - Processing /home/airflow/.local/lib/python3.12/site-packages/airflow/example_dags/example_latest_only_with_trigger.py took 0.049 seconds
[2025-06-12T15:17:31.893+0000] {processor.py:161} INFO - Started process (PID=1433) to work on /home/airflow/.local/lib/python3.12/site-packages/airflow/example_dags/example_latest_only_with_trigger.py
[2025-06-12T15:17:31.894+0000] {processor.py:830} INFO - Processing file /home/airflow/.local/lib/python3.12/site-packages/airflow/example_dags/example_latest_only_with_trigger.py for tasks to queue
[2025-06-12T15:17:31.898+0000] {logging_mixin.py:188} INFO - [2025-06-12T15:17:31.898+0000] {dagbag.py:540} INFO - Filling up the DagBag from /home/airflow/.local/lib/python3.12/site-packages/airflow/example_dags/example_latest_only_with_trigger.py
[2025-06-12T15:17:31.901+0000] {processor.py:840} INFO - DAG(s) 'latest_only_with_trigger' retrieved from /home/airflow/.local/lib/python3.12/site-packages/airflow/example_dags/example_latest_only_with_trigger.py
[2025-06-12T15:17:31.917+0000] {logging_mixin.py:188} INFO - [2025-06-12T15:17:31.917+0000] {dag.py:3096} INFO - Sync 1 DAGs
[2025-06-12T15:17:31.933+0000] {logging_mixin.py:188} INFO - [2025-06-12T15:17:31.933+0000] {dag.py:3954} INFO - Setting next_dagrun for latest_only_with_trigger to 2025-06-12 08:00:00+00:00, run_after=2025-06-12 12:00:00+00:00
[2025-06-12T15:17:31.946+0000] {processor.py:183} INFO - Processing /home/airflow/.local/lib/python3.12/site-packages/airflow/example_dags/example_latest_only_with_trigger.py took 0.056 seconds
[2025-06-12T15:18:02.171+0000] {processor.py:161} INFO - Started process (PID=1500) to work on /home/airflow/.local/lib/python3.12/site-packages/airflow/example_dags/example_latest_only_with_trigger.py
[2025-06-12T15:18:02.173+0000] {processor.py:830} INFO - Processing file /home/airflow/.local/lib/python3.12/site-packages/airflow/example_dags/example_latest_only_with_trigger.py for tasks to queue
[2025-06-12T15:18:02.174+0000] {logging_mixin.py:188} INFO - [2025-06-12T15:18:02.174+0000] {dagbag.py:540} INFO - Filling up the DagBag from /home/airflow/.local/lib/python3.12/site-packages/airflow/example_dags/example_latest_only_with_trigger.py
[2025-06-12T15:18:02.177+0000] {processor.py:840} INFO - DAG(s) 'latest_only_with_trigger' retrieved from /home/airflow/.local/lib/python3.12/site-packages/airflow/example_dags/example_latest_only_with_trigger.py
[2025-06-12T15:18:02.189+0000] {logging_mixin.py:188} INFO - [2025-06-12T15:18:02.189+0000] {dag.py:3096} INFO - Sync 1 DAGs
[2025-06-12T15:18:02.200+0000] {logging_mixin.py:188} INFO - [2025-06-12T15:18:02.200+0000] {dag.py:3954} INFO - Setting next_dagrun for latest_only_with_trigger to 2025-06-12 08:00:00+00:00, run_after=2025-06-12 12:00:00+00:00
[2025-06-12T15:18:02.212+0000] {processor.py:183} INFO - Processing /home/airflow/.local/lib/python3.12/site-packages/airflow/example_dags/example_latest_only_with_trigger.py took 0.044 seconds
[2025-06-12T15:18:32.824+0000] {processor.py:161} INFO - Started process (PID=1574) to work on /home/airflow/.local/lib/python3.12/site-packages/airflow/example_dags/example_latest_only_with_trigger.py
[2025-06-12T15:18:32.825+0000] {processor.py:830} INFO - Processing file /home/airflow/.local/lib/python3.12/site-packages/airflow/example_dags/example_latest_only_with_trigger.py for tasks to queue
[2025-06-12T15:18:32.826+0000] {logging_mixin.py:188} INFO - [2025-06-12T15:18:32.826+0000] {dagbag.py:540} INFO - Filling up the DagBag from /home/airflow/.local/lib/python3.12/site-packages/airflow/example_dags/example_latest_only_with_trigger.py
[2025-06-12T15:18:32.828+0000] {processor.py:840} INFO - DAG(s) 'latest_only_with_trigger' retrieved from /home/airflow/.local/lib/python3.12/site-packages/airflow/example_dags/example_latest_only_with_trigger.py
[2025-06-12T15:18:32.841+0000] {logging_mixin.py:188} INFO - [2025-06-12T15:18:32.840+0000] {dag.py:3096} INFO - Sync 1 DAGs
[2025-06-12T15:18:32.851+0000] {logging_mixin.py:188} INFO - [2025-06-12T15:18:32.851+0000] {dag.py:3954} INFO - Setting next_dagrun for latest_only_with_trigger to 2025-06-12 08:00:00+00:00, run_after=2025-06-12 12:00:00+00:00
[2025-06-12T15:18:32.863+0000] {processor.py:183} INFO - Processing /home/airflow/.local/lib/python3.12/site-packages/airflow/example_dags/example_latest_only_with_trigger.py took 0.042 seconds
