[2025-06-12T13:58:38.713+0000] {processor.py:161} INFO - Started process (PID=62) to work on /home/airflow/.local/lib/python3.12/site-packages/airflow/example_dags/example_python_decorator.py
[2025-06-12T13:58:38.715+0000] {processor.py:830} INFO - Processing file /home/airflow/.local/lib/python3.12/site-packages/airflow/example_dags/example_python_decorator.py for tasks to queue
[2025-06-12T13:58:38.722+0000] {logging_mixin.py:188} INFO - [2025-06-12T13:58:38.721+0000] {dagbag.py:540} INFO - Filling up the DagBag from /home/airflow/.local/lib/python3.12/site-packages/airflow/example_dags/example_python_decorator.py
[2025-06-12T13:58:38.758+0000] {processor.py:840} INFO - DAG(s) 'example_python_decorator' retrieved from /home/airflow/.local/lib/python3.12/site-packages/airflow/example_dags/example_python_decorator.py
[2025-06-12T13:58:38.787+0000] {logging_mixin.py:188} INFO - [2025-06-12T13:58:38.786+0000] {dag.py:3096} INFO - Sync 1 DAGs
[2025-06-12T13:58:38.821+0000] {logging_mixin.py:188} INFO - [2025-06-12T13:58:38.820+0000] {dag.py:3954} INFO - Setting next_dagrun for example_python_decorator to None, run_after=None
[2025-06-12T13:58:38.941+0000] {processor.py:183} INFO - Processing /home/airflow/.local/lib/python3.12/site-packages/airflow/example_dags/example_python_decorator.py took 0.239 seconds
[2025-06-12T13:59:09.046+0000] {processor.py:161} INFO - Started process (PID=129) to work on /home/airflow/.local/lib/python3.12/site-packages/airflow/example_dags/example_python_decorator.py
[2025-06-12T13:59:09.047+0000] {processor.py:830} INFO - Processing file /home/airflow/.local/lib/python3.12/site-packages/airflow/example_dags/example_python_decorator.py for tasks to queue
[2025-06-12T13:59:09.048+0000] {logging_mixin.py:188} INFO - [2025-06-12T13:59:09.048+0000] {dagbag.py:540} INFO - Filling up the DagBag from /home/airflow/.local/lib/python3.12/site-packages/airflow/example_dags/example_python_decorator.py
[2025-06-12T13:59:09.055+0000] {processor.py:840} INFO - DAG(s) 'example_python_decorator' retrieved from /home/airflow/.local/lib/python3.12/site-packages/airflow/example_dags/example_python_decorator.py
[2025-06-12T13:59:09.100+0000] {logging_mixin.py:188} INFO - [2025-06-12T13:59:09.100+0000] {dag.py:3096} INFO - Sync 1 DAGs
[2025-06-12T13:59:09.107+0000] {logging_mixin.py:188} INFO - [2025-06-12T13:59:09.107+0000] {dag.py:3954} INFO - Setting next_dagrun for example_python_decorator to None, run_after=None
[2025-06-12T13:59:09.120+0000] {processor.py:183} INFO - Processing /home/airflow/.local/lib/python3.12/site-packages/airflow/example_dags/example_python_decorator.py took 0.078 seconds
[2025-06-12T13:59:40.104+0000] {processor.py:161} INFO - Started process (PID=203) to work on /home/airflow/.local/lib/python3.12/site-packages/airflow/example_dags/example_python_decorator.py
[2025-06-12T13:59:40.108+0000] {processor.py:830} INFO - Processing file /home/airflow/.local/lib/python3.12/site-packages/airflow/example_dags/example_python_decorator.py for tasks to queue
[2025-06-12T13:59:40.112+0000] {logging_mixin.py:188} INFO - [2025-06-12T13:59:40.112+0000] {dagbag.py:540} INFO - Filling up the DagBag from /home/airflow/.local/lib/python3.12/site-packages/airflow/example_dags/example_python_decorator.py
[2025-06-12T13:59:40.123+0000] {processor.py:840} INFO - DAG(s) 'example_python_decorator' retrieved from /home/airflow/.local/lib/python3.12/site-packages/airflow/example_dags/example_python_decorator.py
[2025-06-12T13:59:40.144+0000] {logging_mixin.py:188} INFO - [2025-06-12T13:59:40.144+0000] {dag.py:3096} INFO - Sync 1 DAGs
[2025-06-12T13:59:40.167+0000] {logging_mixin.py:188} INFO - [2025-06-12T13:59:40.167+0000] {dag.py:3954} INFO - Setting next_dagrun for example_python_decorator to None, run_after=None
[2025-06-12T13:59:40.194+0000] {processor.py:183} INFO - Processing /home/airflow/.local/lib/python3.12/site-packages/airflow/example_dags/example_python_decorator.py took 0.096 seconds
[2025-06-12T14:00:10.416+0000] {processor.py:161} INFO - Started process (PID=270) to work on /home/airflow/.local/lib/python3.12/site-packages/airflow/example_dags/example_python_decorator.py
[2025-06-12T14:00:10.417+0000] {processor.py:830} INFO - Processing file /home/airflow/.local/lib/python3.12/site-packages/airflow/example_dags/example_python_decorator.py for tasks to queue
[2025-06-12T14:00:10.417+0000] {logging_mixin.py:188} INFO - [2025-06-12T14:00:10.417+0000] {dagbag.py:540} INFO - Filling up the DagBag from /home/airflow/.local/lib/python3.12/site-packages/airflow/example_dags/example_python_decorator.py
[2025-06-12T14:00:10.423+0000] {processor.py:840} INFO - DAG(s) 'example_python_decorator' retrieved from /home/airflow/.local/lib/python3.12/site-packages/airflow/example_dags/example_python_decorator.py
[2025-06-12T14:00:10.435+0000] {logging_mixin.py:188} INFO - [2025-06-12T14:00:10.435+0000] {dag.py:3096} INFO - Sync 1 DAGs
[2025-06-12T14:00:10.442+0000] {logging_mixin.py:188} INFO - [2025-06-12T14:00:10.441+0000] {dag.py:3954} INFO - Setting next_dagrun for example_python_decorator to None, run_after=None
[2025-06-12T14:00:10.452+0000] {processor.py:183} INFO - Processing /home/airflow/.local/lib/python3.12/site-packages/airflow/example_dags/example_python_decorator.py took 0.039 seconds
[2025-06-12T14:00:41.255+0000] {processor.py:161} INFO - Started process (PID=344) to work on /home/airflow/.local/lib/python3.12/site-packages/airflow/example_dags/example_python_decorator.py
[2025-06-12T14:00:41.257+0000] {processor.py:830} INFO - Processing file /home/airflow/.local/lib/python3.12/site-packages/airflow/example_dags/example_python_decorator.py for tasks to queue
[2025-06-12T14:00:41.261+0000] {logging_mixin.py:188} INFO - [2025-06-12T14:00:41.261+0000] {dagbag.py:540} INFO - Filling up the DagBag from /home/airflow/.local/lib/python3.12/site-packages/airflow/example_dags/example_python_decorator.py
[2025-06-12T14:00:41.428+0000] {processor.py:840} INFO - DAG(s) 'example_python_decorator' retrieved from /home/airflow/.local/lib/python3.12/site-packages/airflow/example_dags/example_python_decorator.py
[2025-06-12T14:00:41.503+0000] {logging_mixin.py:188} INFO - [2025-06-12T14:00:41.502+0000] {dag.py:3096} INFO - Sync 1 DAGs
[2025-06-12T14:00:41.532+0000] {logging_mixin.py:188} INFO - [2025-06-12T14:00:41.531+0000] {dag.py:3954} INFO - Setting next_dagrun for example_python_decorator to None, run_after=None
[2025-06-12T14:00:41.560+0000] {processor.py:183} INFO - Processing /home/airflow/.local/lib/python3.12/site-packages/airflow/example_dags/example_python_decorator.py took 0.309 seconds
[2025-06-12T14:01:11.601+0000] {processor.py:161} INFO - Started process (PID=411) to work on /home/airflow/.local/lib/python3.12/site-packages/airflow/example_dags/example_python_decorator.py
[2025-06-12T14:01:11.601+0000] {processor.py:830} INFO - Processing file /home/airflow/.local/lib/python3.12/site-packages/airflow/example_dags/example_python_decorator.py for tasks to queue
[2025-06-12T14:01:11.603+0000] {logging_mixin.py:188} INFO - [2025-06-12T14:01:11.602+0000] {dagbag.py:540} INFO - Filling up the DagBag from /home/airflow/.local/lib/python3.12/site-packages/airflow/example_dags/example_python_decorator.py
[2025-06-12T14:01:11.610+0000] {processor.py:840} INFO - DAG(s) 'example_python_decorator' retrieved from /home/airflow/.local/lib/python3.12/site-packages/airflow/example_dags/example_python_decorator.py
[2025-06-12T14:01:11.621+0000] {logging_mixin.py:188} INFO - [2025-06-12T14:01:11.621+0000] {dag.py:3096} INFO - Sync 1 DAGs
[2025-06-12T14:01:11.626+0000] {logging_mixin.py:188} INFO - [2025-06-12T14:01:11.626+0000] {dag.py:3954} INFO - Setting next_dagrun for example_python_decorator to None, run_after=None
[2025-06-12T14:01:11.633+0000] {processor.py:183} INFO - Processing /home/airflow/.local/lib/python3.12/site-packages/airflow/example_dags/example_python_decorator.py took 0.035 seconds
[2025-06-12T14:15:48.122+0000] {processor.py:161} INFO - Started process (PID=63) to work on /home/airflow/.local/lib/python3.12/site-packages/airflow/example_dags/example_python_decorator.py
[2025-06-12T14:15:48.123+0000] {processor.py:830} INFO - Processing file /home/airflow/.local/lib/python3.12/site-packages/airflow/example_dags/example_python_decorator.py for tasks to queue
[2025-06-12T14:15:48.124+0000] {logging_mixin.py:188} INFO - [2025-06-12T14:15:48.124+0000] {dagbag.py:540} INFO - Filling up the DagBag from /home/airflow/.local/lib/python3.12/site-packages/airflow/example_dags/example_python_decorator.py
[2025-06-12T14:15:48.138+0000] {processor.py:840} INFO - DAG(s) 'example_python_decorator' retrieved from /home/airflow/.local/lib/python3.12/site-packages/airflow/example_dags/example_python_decorator.py
[2025-06-12T14:15:48.160+0000] {logging_mixin.py:188} INFO - [2025-06-12T14:15:48.160+0000] {dag.py:3096} INFO - Sync 1 DAGs
[2025-06-12T14:15:48.177+0000] {logging_mixin.py:188} INFO - [2025-06-12T14:15:48.177+0000] {dag.py:3954} INFO - Setting next_dagrun for example_python_decorator to None, run_after=None
[2025-06-12T14:15:48.246+0000] {processor.py:183} INFO - Processing /home/airflow/.local/lib/python3.12/site-packages/airflow/example_dags/example_python_decorator.py took 0.135 seconds
[2025-06-12T14:16:18.371+0000] {processor.py:161} INFO - Started process (PID=130) to work on /home/airflow/.local/lib/python3.12/site-packages/airflow/example_dags/example_python_decorator.py
[2025-06-12T14:16:18.372+0000] {processor.py:830} INFO - Processing file /home/airflow/.local/lib/python3.12/site-packages/airflow/example_dags/example_python_decorator.py for tasks to queue
[2025-06-12T14:16:18.372+0000] {logging_mixin.py:188} INFO - [2025-06-12T14:16:18.372+0000] {dagbag.py:540} INFO - Filling up the DagBag from /home/airflow/.local/lib/python3.12/site-packages/airflow/example_dags/example_python_decorator.py
[2025-06-12T14:16:18.378+0000] {processor.py:840} INFO - DAG(s) 'example_python_decorator' retrieved from /home/airflow/.local/lib/python3.12/site-packages/airflow/example_dags/example_python_decorator.py
[2025-06-12T14:16:18.417+0000] {logging_mixin.py:188} INFO - [2025-06-12T14:16:18.417+0000] {dag.py:3096} INFO - Sync 1 DAGs
[2025-06-12T14:16:18.420+0000] {logging_mixin.py:188} INFO - [2025-06-12T14:16:18.420+0000] {dag.py:3954} INFO - Setting next_dagrun for example_python_decorator to None, run_after=None
[2025-06-12T14:16:18.427+0000] {processor.py:183} INFO - Processing /home/airflow/.local/lib/python3.12/site-packages/airflow/example_dags/example_python_decorator.py took 0.059 seconds
[2025-06-12T14:16:49.379+0000] {processor.py:161} INFO - Started process (PID=204) to work on /home/airflow/.local/lib/python3.12/site-packages/airflow/example_dags/example_python_decorator.py
[2025-06-12T14:16:49.380+0000] {processor.py:830} INFO - Processing file /home/airflow/.local/lib/python3.12/site-packages/airflow/example_dags/example_python_decorator.py for tasks to queue
[2025-06-12T14:16:49.381+0000] {logging_mixin.py:188} INFO - [2025-06-12T14:16:49.380+0000] {dagbag.py:540} INFO - Filling up the DagBag from /home/airflow/.local/lib/python3.12/site-packages/airflow/example_dags/example_python_decorator.py
[2025-06-12T14:16:49.387+0000] {processor.py:840} INFO - DAG(s) 'example_python_decorator' retrieved from /home/airflow/.local/lib/python3.12/site-packages/airflow/example_dags/example_python_decorator.py
[2025-06-12T14:16:49.396+0000] {logging_mixin.py:188} INFO - [2025-06-12T14:16:49.396+0000] {dag.py:3096} INFO - Sync 1 DAGs
[2025-06-12T14:16:49.404+0000] {logging_mixin.py:188} INFO - [2025-06-12T14:16:49.403+0000] {dag.py:3954} INFO - Setting next_dagrun for example_python_decorator to None, run_after=None
[2025-06-12T14:16:49.416+0000] {processor.py:183} INFO - Processing /home/airflow/.local/lib/python3.12/site-packages/airflow/example_dags/example_python_decorator.py took 0.040 seconds
[2025-06-12T14:17:20.624+0000] {processor.py:161} INFO - Started process (PID=278) to work on /home/airflow/.local/lib/python3.12/site-packages/airflow/example_dags/example_python_decorator.py
[2025-06-12T14:17:20.625+0000] {processor.py:830} INFO - Processing file /home/airflow/.local/lib/python3.12/site-packages/airflow/example_dags/example_python_decorator.py for tasks to queue
[2025-06-12T14:17:20.627+0000] {logging_mixin.py:188} INFO - [2025-06-12T14:17:20.627+0000] {dagbag.py:540} INFO - Filling up the DagBag from /home/airflow/.local/lib/python3.12/site-packages/airflow/example_dags/example_python_decorator.py
[2025-06-12T14:17:20.637+0000] {processor.py:840} INFO - DAG(s) 'example_python_decorator' retrieved from /home/airflow/.local/lib/python3.12/site-packages/airflow/example_dags/example_python_decorator.py
[2025-06-12T14:17:20.706+0000] {logging_mixin.py:188} INFO - [2025-06-12T14:17:20.706+0000] {dag.py:3096} INFO - Sync 1 DAGs
[2025-06-12T14:17:20.714+0000] {logging_mixin.py:188} INFO - [2025-06-12T14:17:20.714+0000] {dag.py:3954} INFO - Setting next_dagrun for example_python_decorator to None, run_after=None
[2025-06-12T14:17:20.728+0000] {processor.py:183} INFO - Processing /home/airflow/.local/lib/python3.12/site-packages/airflow/example_dags/example_python_decorator.py took 0.108 seconds
[2025-06-12T14:17:51.438+0000] {processor.py:161} INFO - Started process (PID=344) to work on /home/airflow/.local/lib/python3.12/site-packages/airflow/example_dags/example_python_decorator.py
[2025-06-12T14:17:51.438+0000] {processor.py:830} INFO - Processing file /home/airflow/.local/lib/python3.12/site-packages/airflow/example_dags/example_python_decorator.py for tasks to queue
[2025-06-12T14:17:51.439+0000] {logging_mixin.py:188} INFO - [2025-06-12T14:17:51.439+0000] {dagbag.py:540} INFO - Filling up the DagBag from /home/airflow/.local/lib/python3.12/site-packages/airflow/example_dags/example_python_decorator.py
[2025-06-12T14:17:51.445+0000] {processor.py:840} INFO - DAG(s) 'example_python_decorator' retrieved from /home/airflow/.local/lib/python3.12/site-packages/airflow/example_dags/example_python_decorator.py
[2025-06-12T14:17:51.457+0000] {logging_mixin.py:188} INFO - [2025-06-12T14:17:51.457+0000] {dag.py:3096} INFO - Sync 1 DAGs
[2025-06-12T14:17:51.462+0000] {logging_mixin.py:188} INFO - [2025-06-12T14:17:51.462+0000] {dag.py:3954} INFO - Setting next_dagrun for example_python_decorator to None, run_after=None
[2025-06-12T14:17:51.474+0000] {processor.py:183} INFO - Processing /home/airflow/.local/lib/python3.12/site-packages/airflow/example_dags/example_python_decorator.py took 0.039 seconds
[2025-06-12T14:18:34.552+0000] {processor.py:161} INFO - Started process (PID=62) to work on /home/airflow/.local/lib/python3.12/site-packages/airflow/example_dags/example_python_decorator.py
[2025-06-12T14:18:34.553+0000] {processor.py:830} INFO - Processing file /home/airflow/.local/lib/python3.12/site-packages/airflow/example_dags/example_python_decorator.py for tasks to queue
[2025-06-12T14:18:34.556+0000] {logging_mixin.py:188} INFO - [2025-06-12T14:18:34.555+0000] {dagbag.py:540} INFO - Filling up the DagBag from /home/airflow/.local/lib/python3.12/site-packages/airflow/example_dags/example_python_decorator.py
[2025-06-12T14:18:34.569+0000] {processor.py:840} INFO - DAG(s) 'example_python_decorator' retrieved from /home/airflow/.local/lib/python3.12/site-packages/airflow/example_dags/example_python_decorator.py
[2025-06-12T14:18:34.682+0000] {logging_mixin.py:188} INFO - [2025-06-12T14:18:34.681+0000] {dag.py:3096} INFO - Sync 1 DAGs
[2025-06-12T14:18:34.690+0000] {logging_mixin.py:188} INFO - [2025-06-12T14:18:34.690+0000] {dag.py:3954} INFO - Setting next_dagrun for example_python_decorator to None, run_after=None
[2025-06-12T14:18:38.027+0000] {processor.py:183} INFO - Processing /home/airflow/.local/lib/python3.12/site-packages/airflow/example_dags/example_python_decorator.py took 3.488 seconds
[2025-06-12T14:19:08.071+0000] {processor.py:161} INFO - Started process (PID=131) to work on /home/airflow/.local/lib/python3.12/site-packages/airflow/example_dags/example_python_decorator.py
[2025-06-12T14:19:08.072+0000] {processor.py:830} INFO - Processing file /home/airflow/.local/lib/python3.12/site-packages/airflow/example_dags/example_python_decorator.py for tasks to queue
[2025-06-12T14:19:08.074+0000] {logging_mixin.py:188} INFO - [2025-06-12T14:19:08.073+0000] {dagbag.py:540} INFO - Filling up the DagBag from /home/airflow/.local/lib/python3.12/site-packages/airflow/example_dags/example_python_decorator.py
[2025-06-12T14:19:08.085+0000] {processor.py:840} INFO - DAG(s) 'example_python_decorator' retrieved from /home/airflow/.local/lib/python3.12/site-packages/airflow/example_dags/example_python_decorator.py
[2025-06-12T14:19:08.096+0000] {logging_mixin.py:188} INFO - [2025-06-12T14:19:08.096+0000] {dag.py:3096} INFO - Sync 1 DAGs
[2025-06-12T14:19:08.107+0000] {logging_mixin.py:188} INFO - [2025-06-12T14:19:08.107+0000] {dag.py:3954} INFO - Setting next_dagrun for example_python_decorator to None, run_after=None
[2025-06-12T14:19:08.119+0000] {processor.py:183} INFO - Processing /home/airflow/.local/lib/python3.12/site-packages/airflow/example_dags/example_python_decorator.py took 0.054 seconds
[2025-06-12T14:19:38.335+0000] {processor.py:161} INFO - Started process (PID=205) to work on /home/airflow/.local/lib/python3.12/site-packages/airflow/example_dags/example_python_decorator.py
[2025-06-12T14:19:38.337+0000] {processor.py:830} INFO - Processing file /home/airflow/.local/lib/python3.12/site-packages/airflow/example_dags/example_python_decorator.py for tasks to queue
[2025-06-12T14:19:38.339+0000] {logging_mixin.py:188} INFO - [2025-06-12T14:19:38.338+0000] {dagbag.py:540} INFO - Filling up the DagBag from /home/airflow/.local/lib/python3.12/site-packages/airflow/example_dags/example_python_decorator.py
[2025-06-12T14:19:38.353+0000] {processor.py:840} INFO - DAG(s) 'example_python_decorator' retrieved from /home/airflow/.local/lib/python3.12/site-packages/airflow/example_dags/example_python_decorator.py
[2025-06-12T14:19:38.424+0000] {logging_mixin.py:188} INFO - [2025-06-12T14:19:38.424+0000] {dag.py:3096} INFO - Sync 1 DAGs
[2025-06-12T14:19:38.430+0000] {logging_mixin.py:188} INFO - [2025-06-12T14:19:38.430+0000] {dag.py:3954} INFO - Setting next_dagrun for example_python_decorator to None, run_after=None
[2025-06-12T14:19:38.443+0000] {processor.py:183} INFO - Processing /home/airflow/.local/lib/python3.12/site-packages/airflow/example_dags/example_python_decorator.py took 0.115 seconds
[2025-06-12T14:20:08.484+0000] {processor.py:161} INFO - Started process (PID=279) to work on /home/airflow/.local/lib/python3.12/site-packages/airflow/example_dags/example_python_decorator.py
[2025-06-12T14:20:08.489+0000] {processor.py:830} INFO - Processing file /home/airflow/.local/lib/python3.12/site-packages/airflow/example_dags/example_python_decorator.py for tasks to queue
[2025-06-12T14:20:08.496+0000] {logging_mixin.py:188} INFO - [2025-06-12T14:20:08.496+0000] {dagbag.py:540} INFO - Filling up the DagBag from /home/airflow/.local/lib/python3.12/site-packages/airflow/example_dags/example_python_decorator.py
[2025-06-12T14:20:08.529+0000] {processor.py:840} INFO - DAG(s) 'example_python_decorator' retrieved from /home/airflow/.local/lib/python3.12/site-packages/airflow/example_dags/example_python_decorator.py
[2025-06-12T14:20:08.576+0000] {logging_mixin.py:188} INFO - [2025-06-12T14:20:08.576+0000] {dag.py:3096} INFO - Sync 1 DAGs
[2025-06-12T14:20:08.596+0000] {logging_mixin.py:188} INFO - [2025-06-12T14:20:08.596+0000] {dag.py:3954} INFO - Setting next_dagrun for example_python_decorator to None, run_after=None
[2025-06-12T14:20:08.624+0000] {processor.py:183} INFO - Processing /home/airflow/.local/lib/python3.12/site-packages/airflow/example_dags/example_python_decorator.py took 0.148 seconds
[2025-06-12T14:20:39.128+0000] {processor.py:161} INFO - Started process (PID=346) to work on /home/airflow/.local/lib/python3.12/site-packages/airflow/example_dags/example_python_decorator.py
[2025-06-12T14:20:39.129+0000] {processor.py:830} INFO - Processing file /home/airflow/.local/lib/python3.12/site-packages/airflow/example_dags/example_python_decorator.py for tasks to queue
[2025-06-12T14:20:39.130+0000] {logging_mixin.py:188} INFO - [2025-06-12T14:20:39.130+0000] {dagbag.py:540} INFO - Filling up the DagBag from /home/airflow/.local/lib/python3.12/site-packages/airflow/example_dags/example_python_decorator.py
[2025-06-12T14:20:39.140+0000] {processor.py:840} INFO - DAG(s) 'example_python_decorator' retrieved from /home/airflow/.local/lib/python3.12/site-packages/airflow/example_dags/example_python_decorator.py
[2025-06-12T14:20:39.158+0000] {logging_mixin.py:188} INFO - [2025-06-12T14:20:39.158+0000] {dag.py:3096} INFO - Sync 1 DAGs
[2025-06-12T14:20:39.165+0000] {logging_mixin.py:188} INFO - [2025-06-12T14:20:39.165+0000] {dag.py:3954} INFO - Setting next_dagrun for example_python_decorator to None, run_after=None
[2025-06-12T14:20:39.179+0000] {processor.py:183} INFO - Processing /home/airflow/.local/lib/python3.12/site-packages/airflow/example_dags/example_python_decorator.py took 0.056 seconds
[2025-06-12T14:21:09.734+0000] {processor.py:161} INFO - Started process (PID=420) to work on /home/airflow/.local/lib/python3.12/site-packages/airflow/example_dags/example_python_decorator.py
[2025-06-12T14:21:09.735+0000] {processor.py:830} INFO - Processing file /home/airflow/.local/lib/python3.12/site-packages/airflow/example_dags/example_python_decorator.py for tasks to queue
[2025-06-12T14:21:09.737+0000] {logging_mixin.py:188} INFO - [2025-06-12T14:21:09.736+0000] {dagbag.py:540} INFO - Filling up the DagBag from /home/airflow/.local/lib/python3.12/site-packages/airflow/example_dags/example_python_decorator.py
[2025-06-12T14:21:09.748+0000] {processor.py:840} INFO - DAG(s) 'example_python_decorator' retrieved from /home/airflow/.local/lib/python3.12/site-packages/airflow/example_dags/example_python_decorator.py
[2025-06-12T14:21:09.771+0000] {logging_mixin.py:188} INFO - [2025-06-12T14:21:09.771+0000] {dag.py:3096} INFO - Sync 1 DAGs
[2025-06-12T14:21:09.781+0000] {logging_mixin.py:188} INFO - [2025-06-12T14:21:09.781+0000] {dag.py:3954} INFO - Setting next_dagrun for example_python_decorator to None, run_after=None
[2025-06-12T14:21:09.800+0000] {processor.py:183} INFO - Processing /home/airflow/.local/lib/python3.12/site-packages/airflow/example_dags/example_python_decorator.py took 0.072 seconds
[2025-06-12T14:21:40.311+0000] {processor.py:161} INFO - Started process (PID=486) to work on /home/airflow/.local/lib/python3.12/site-packages/airflow/example_dags/example_python_decorator.py
[2025-06-12T14:21:40.313+0000] {processor.py:830} INFO - Processing file /home/airflow/.local/lib/python3.12/site-packages/airflow/example_dags/example_python_decorator.py for tasks to queue
[2025-06-12T14:21:40.314+0000] {logging_mixin.py:188} INFO - [2025-06-12T14:21:40.314+0000] {dagbag.py:540} INFO - Filling up the DagBag from /home/airflow/.local/lib/python3.12/site-packages/airflow/example_dags/example_python_decorator.py
[2025-06-12T14:21:40.330+0000] {processor.py:840} INFO - DAG(s) 'example_python_decorator' retrieved from /home/airflow/.local/lib/python3.12/site-packages/airflow/example_dags/example_python_decorator.py
[2025-06-12T14:21:40.365+0000] {logging_mixin.py:188} INFO - [2025-06-12T14:21:40.364+0000] {dag.py:3096} INFO - Sync 1 DAGs
[2025-06-12T14:21:40.377+0000] {logging_mixin.py:188} INFO - [2025-06-12T14:21:40.377+0000] {dag.py:3954} INFO - Setting next_dagrun for example_python_decorator to None, run_after=None
[2025-06-12T14:21:40.390+0000] {processor.py:183} INFO - Processing /home/airflow/.local/lib/python3.12/site-packages/airflow/example_dags/example_python_decorator.py took 0.090 seconds
[2025-06-12T14:22:11.313+0000] {processor.py:161} INFO - Started process (PID=560) to work on /home/airflow/.local/lib/python3.12/site-packages/airflow/example_dags/example_python_decorator.py
[2025-06-12T14:22:11.314+0000] {processor.py:830} INFO - Processing file /home/airflow/.local/lib/python3.12/site-packages/airflow/example_dags/example_python_decorator.py for tasks to queue
[2025-06-12T14:22:11.315+0000] {logging_mixin.py:188} INFO - [2025-06-12T14:22:11.315+0000] {dagbag.py:540} INFO - Filling up the DagBag from /home/airflow/.local/lib/python3.12/site-packages/airflow/example_dags/example_python_decorator.py
[2025-06-12T14:22:11.323+0000] {processor.py:840} INFO - DAG(s) 'example_python_decorator' retrieved from /home/airflow/.local/lib/python3.12/site-packages/airflow/example_dags/example_python_decorator.py
[2025-06-12T14:22:11.340+0000] {logging_mixin.py:188} INFO - [2025-06-12T14:22:11.340+0000] {dag.py:3096} INFO - Sync 1 DAGs
[2025-06-12T14:22:11.346+0000] {logging_mixin.py:188} INFO - [2025-06-12T14:22:11.346+0000] {dag.py:3954} INFO - Setting next_dagrun for example_python_decorator to None, run_after=None
[2025-06-12T14:22:11.362+0000] {processor.py:183} INFO - Processing /home/airflow/.local/lib/python3.12/site-packages/airflow/example_dags/example_python_decorator.py took 0.053 seconds
[2025-06-12T14:22:41.496+0000] {processor.py:161} INFO - Started process (PID=634) to work on /home/airflow/.local/lib/python3.12/site-packages/airflow/example_dags/example_python_decorator.py
[2025-06-12T14:22:41.498+0000] {processor.py:830} INFO - Processing file /home/airflow/.local/lib/python3.12/site-packages/airflow/example_dags/example_python_decorator.py for tasks to queue
[2025-06-12T14:22:41.499+0000] {logging_mixin.py:188} INFO - [2025-06-12T14:22:41.499+0000] {dagbag.py:540} INFO - Filling up the DagBag from /home/airflow/.local/lib/python3.12/site-packages/airflow/example_dags/example_python_decorator.py
[2025-06-12T14:22:41.511+0000] {processor.py:840} INFO - DAG(s) 'example_python_decorator' retrieved from /home/airflow/.local/lib/python3.12/site-packages/airflow/example_dags/example_python_decorator.py
[2025-06-12T14:22:41.535+0000] {logging_mixin.py:188} INFO - [2025-06-12T14:22:41.535+0000] {dag.py:3096} INFO - Sync 1 DAGs
[2025-06-12T14:22:41.544+0000] {logging_mixin.py:188} INFO - [2025-06-12T14:22:41.543+0000] {dag.py:3954} INFO - Setting next_dagrun for example_python_decorator to None, run_after=None
[2025-06-12T14:22:41.559+0000] {processor.py:183} INFO - Processing /home/airflow/.local/lib/python3.12/site-packages/airflow/example_dags/example_python_decorator.py took 0.069 seconds
[2025-06-12T14:23:11.814+0000] {processor.py:161} INFO - Started process (PID=701) to work on /home/airflow/.local/lib/python3.12/site-packages/airflow/example_dags/example_python_decorator.py
[2025-06-12T14:23:11.814+0000] {processor.py:830} INFO - Processing file /home/airflow/.local/lib/python3.12/site-packages/airflow/example_dags/example_python_decorator.py for tasks to queue
[2025-06-12T14:23:11.815+0000] {logging_mixin.py:188} INFO - [2025-06-12T14:23:11.815+0000] {dagbag.py:540} INFO - Filling up the DagBag from /home/airflow/.local/lib/python3.12/site-packages/airflow/example_dags/example_python_decorator.py
[2025-06-12T14:23:11.821+0000] {processor.py:840} INFO - DAG(s) 'example_python_decorator' retrieved from /home/airflow/.local/lib/python3.12/site-packages/airflow/example_dags/example_python_decorator.py
[2025-06-12T14:23:11.837+0000] {logging_mixin.py:188} INFO - [2025-06-12T14:23:11.837+0000] {dag.py:3096} INFO - Sync 1 DAGs
[2025-06-12T14:23:11.845+0000] {logging_mixin.py:188} INFO - [2025-06-12T14:23:11.845+0000] {dag.py:3954} INFO - Setting next_dagrun for example_python_decorator to None, run_after=None
[2025-06-12T14:23:11.860+0000] {processor.py:183} INFO - Processing /home/airflow/.local/lib/python3.12/site-packages/airflow/example_dags/example_python_decorator.py took 0.049 seconds
[2025-06-12T14:23:41.941+0000] {processor.py:161} INFO - Started process (PID=775) to work on /home/airflow/.local/lib/python3.12/site-packages/airflow/example_dags/example_python_decorator.py
[2025-06-12T14:23:41.942+0000] {processor.py:830} INFO - Processing file /home/airflow/.local/lib/python3.12/site-packages/airflow/example_dags/example_python_decorator.py for tasks to queue
[2025-06-12T14:23:41.943+0000] {logging_mixin.py:188} INFO - [2025-06-12T14:23:41.943+0000] {dagbag.py:540} INFO - Filling up the DagBag from /home/airflow/.local/lib/python3.12/site-packages/airflow/example_dags/example_python_decorator.py
[2025-06-12T14:23:41.955+0000] {processor.py:840} INFO - DAG(s) 'example_python_decorator' retrieved from /home/airflow/.local/lib/python3.12/site-packages/airflow/example_dags/example_python_decorator.py
[2025-06-12T14:23:41.971+0000] {logging_mixin.py:188} INFO - [2025-06-12T14:23:41.971+0000] {dag.py:3096} INFO - Sync 1 DAGs
[2025-06-12T14:23:41.978+0000] {logging_mixin.py:188} INFO - [2025-06-12T14:23:41.978+0000] {dag.py:3954} INFO - Setting next_dagrun for example_python_decorator to None, run_after=None
[2025-06-12T14:23:41.991+0000] {processor.py:183} INFO - Processing /home/airflow/.local/lib/python3.12/site-packages/airflow/example_dags/example_python_decorator.py took 0.055 seconds
[2025-06-12T14:24:12.429+0000] {processor.py:161} INFO - Started process (PID=849) to work on /home/airflow/.local/lib/python3.12/site-packages/airflow/example_dags/example_python_decorator.py
[2025-06-12T14:24:12.430+0000] {processor.py:830} INFO - Processing file /home/airflow/.local/lib/python3.12/site-packages/airflow/example_dags/example_python_decorator.py for tasks to queue
[2025-06-12T14:24:12.431+0000] {logging_mixin.py:188} INFO - [2025-06-12T14:24:12.431+0000] {dagbag.py:540} INFO - Filling up the DagBag from /home/airflow/.local/lib/python3.12/site-packages/airflow/example_dags/example_python_decorator.py
[2025-06-12T14:24:12.438+0000] {processor.py:840} INFO - DAG(s) 'example_python_decorator' retrieved from /home/airflow/.local/lib/python3.12/site-packages/airflow/example_dags/example_python_decorator.py
[2025-06-12T14:24:12.465+0000] {logging_mixin.py:188} INFO - [2025-06-12T14:24:12.465+0000] {dag.py:3096} INFO - Sync 1 DAGs
[2025-06-12T14:24:12.474+0000] {logging_mixin.py:188} INFO - [2025-06-12T14:24:12.474+0000] {dag.py:3954} INFO - Setting next_dagrun for example_python_decorator to None, run_after=None
[2025-06-12T14:24:12.483+0000] {processor.py:183} INFO - Processing /home/airflow/.local/lib/python3.12/site-packages/airflow/example_dags/example_python_decorator.py took 0.058 seconds
[2025-06-12T14:24:43.302+0000] {processor.py:161} INFO - Started process (PID=916) to work on /home/airflow/.local/lib/python3.12/site-packages/airflow/example_dags/example_python_decorator.py
[2025-06-12T14:24:43.304+0000] {processor.py:830} INFO - Processing file /home/airflow/.local/lib/python3.12/site-packages/airflow/example_dags/example_python_decorator.py for tasks to queue
[2025-06-12T14:24:43.305+0000] {logging_mixin.py:188} INFO - [2025-06-12T14:24:43.305+0000] {dagbag.py:540} INFO - Filling up the DagBag from /home/airflow/.local/lib/python3.12/site-packages/airflow/example_dags/example_python_decorator.py
[2025-06-12T14:24:43.318+0000] {processor.py:840} INFO - DAG(s) 'example_python_decorator' retrieved from /home/airflow/.local/lib/python3.12/site-packages/airflow/example_dags/example_python_decorator.py
[2025-06-12T14:24:43.339+0000] {logging_mixin.py:188} INFO - [2025-06-12T14:24:43.339+0000] {dag.py:3096} INFO - Sync 1 DAGs
[2025-06-12T14:24:43.346+0000] {logging_mixin.py:188} INFO - [2025-06-12T14:24:43.346+0000] {dag.py:3954} INFO - Setting next_dagrun for example_python_decorator to None, run_after=None
[2025-06-12T14:24:43.357+0000] {processor.py:183} INFO - Processing /home/airflow/.local/lib/python3.12/site-packages/airflow/example_dags/example_python_decorator.py took 0.063 seconds
[2025-06-12T14:25:13.640+0000] {processor.py:161} INFO - Started process (PID=990) to work on /home/airflow/.local/lib/python3.12/site-packages/airflow/example_dags/example_python_decorator.py
[2025-06-12T14:25:13.645+0000] {processor.py:830} INFO - Processing file /home/airflow/.local/lib/python3.12/site-packages/airflow/example_dags/example_python_decorator.py for tasks to queue
[2025-06-12T14:25:13.649+0000] {logging_mixin.py:188} INFO - [2025-06-12T14:25:13.648+0000] {dagbag.py:540} INFO - Filling up the DagBag from /home/airflow/.local/lib/python3.12/site-packages/airflow/example_dags/example_python_decorator.py
[2025-06-12T14:25:13.665+0000] {processor.py:840} INFO - DAG(s) 'example_python_decorator' retrieved from /home/airflow/.local/lib/python3.12/site-packages/airflow/example_dags/example_python_decorator.py
[2025-06-12T14:25:13.691+0000] {logging_mixin.py:188} INFO - [2025-06-12T14:25:13.691+0000] {dag.py:3096} INFO - Sync 1 DAGs
[2025-06-12T14:25:13.704+0000] {logging_mixin.py:188} INFO - [2025-06-12T14:25:13.704+0000] {dag.py:3954} INFO - Setting next_dagrun for example_python_decorator to None, run_after=None
[2025-06-12T14:25:13.716+0000] {processor.py:183} INFO - Processing /home/airflow/.local/lib/python3.12/site-packages/airflow/example_dags/example_python_decorator.py took 0.083 seconds
[2025-06-12T14:25:44.266+0000] {processor.py:161} INFO - Started process (PID=1064) to work on /home/airflow/.local/lib/python3.12/site-packages/airflow/example_dags/example_python_decorator.py
[2025-06-12T14:25:44.268+0000] {processor.py:830} INFO - Processing file /home/airflow/.local/lib/python3.12/site-packages/airflow/example_dags/example_python_decorator.py for tasks to queue
[2025-06-12T14:25:44.269+0000] {logging_mixin.py:188} INFO - [2025-06-12T14:25:44.269+0000] {dagbag.py:540} INFO - Filling up the DagBag from /home/airflow/.local/lib/python3.12/site-packages/airflow/example_dags/example_python_decorator.py
[2025-06-12T14:25:44.287+0000] {processor.py:840} INFO - DAG(s) 'example_python_decorator' retrieved from /home/airflow/.local/lib/python3.12/site-packages/airflow/example_dags/example_python_decorator.py
[2025-06-12T14:25:44.316+0000] {logging_mixin.py:188} INFO - [2025-06-12T14:25:44.316+0000] {dag.py:3096} INFO - Sync 1 DAGs
[2025-06-12T14:25:44.324+0000] {logging_mixin.py:188} INFO - [2025-06-12T14:25:44.324+0000] {dag.py:3954} INFO - Setting next_dagrun for example_python_decorator to None, run_after=None
[2025-06-12T14:25:44.350+0000] {processor.py:183} INFO - Processing /home/airflow/.local/lib/python3.12/site-packages/airflow/example_dags/example_python_decorator.py took 0.092 seconds
[2025-06-12T14:26:15.313+0000] {processor.py:161} INFO - Started process (PID=1131) to work on /home/airflow/.local/lib/python3.12/site-packages/airflow/example_dags/example_python_decorator.py
[2025-06-12T14:26:15.316+0000] {processor.py:830} INFO - Processing file /home/airflow/.local/lib/python3.12/site-packages/airflow/example_dags/example_python_decorator.py for tasks to queue
[2025-06-12T14:26:15.320+0000] {logging_mixin.py:188} INFO - [2025-06-12T14:26:15.319+0000] {dagbag.py:540} INFO - Filling up the DagBag from /home/airflow/.local/lib/python3.12/site-packages/airflow/example_dags/example_python_decorator.py
[2025-06-12T14:26:15.342+0000] {processor.py:840} INFO - DAG(s) 'example_python_decorator' retrieved from /home/airflow/.local/lib/python3.12/site-packages/airflow/example_dags/example_python_decorator.py
[2025-06-12T14:26:15.369+0000] {logging_mixin.py:188} INFO - [2025-06-12T14:26:15.369+0000] {dag.py:3096} INFO - Sync 1 DAGs
[2025-06-12T14:26:15.381+0000] {logging_mixin.py:188} INFO - [2025-06-12T14:26:15.380+0000] {dag.py:3954} INFO - Setting next_dagrun for example_python_decorator to None, run_after=None
[2025-06-12T14:26:15.395+0000] {processor.py:183} INFO - Processing /home/airflow/.local/lib/python3.12/site-packages/airflow/example_dags/example_python_decorator.py took 0.090 seconds
[2025-06-12T14:26:45.428+0000] {processor.py:161} INFO - Started process (PID=1205) to work on /home/airflow/.local/lib/python3.12/site-packages/airflow/example_dags/example_python_decorator.py
[2025-06-12T14:26:45.429+0000] {processor.py:830} INFO - Processing file /home/airflow/.local/lib/python3.12/site-packages/airflow/example_dags/example_python_decorator.py for tasks to queue
[2025-06-12T14:26:45.431+0000] {logging_mixin.py:188} INFO - [2025-06-12T14:26:45.431+0000] {dagbag.py:540} INFO - Filling up the DagBag from /home/airflow/.local/lib/python3.12/site-packages/airflow/example_dags/example_python_decorator.py
[2025-06-12T14:26:45.446+0000] {processor.py:840} INFO - DAG(s) 'example_python_decorator' retrieved from /home/airflow/.local/lib/python3.12/site-packages/airflow/example_dags/example_python_decorator.py
[2025-06-12T14:26:45.463+0000] {logging_mixin.py:188} INFO - [2025-06-12T14:26:45.463+0000] {dag.py:3096} INFO - Sync 1 DAGs
[2025-06-12T14:26:45.472+0000] {logging_mixin.py:188} INFO - [2025-06-12T14:26:45.472+0000] {dag.py:3954} INFO - Setting next_dagrun for example_python_decorator to None, run_after=None
[2025-06-12T14:26:45.482+0000] {processor.py:183} INFO - Processing /home/airflow/.local/lib/python3.12/site-packages/airflow/example_dags/example_python_decorator.py took 0.061 seconds
[2025-06-12T14:27:15.647+0000] {processor.py:161} INFO - Started process (PID=1272) to work on /home/airflow/.local/lib/python3.12/site-packages/airflow/example_dags/example_python_decorator.py
[2025-06-12T14:27:15.649+0000] {processor.py:830} INFO - Processing file /home/airflow/.local/lib/python3.12/site-packages/airflow/example_dags/example_python_decorator.py for tasks to queue
[2025-06-12T14:27:15.650+0000] {logging_mixin.py:188} INFO - [2025-06-12T14:27:15.650+0000] {dagbag.py:540} INFO - Filling up the DagBag from /home/airflow/.local/lib/python3.12/site-packages/airflow/example_dags/example_python_decorator.py
[2025-06-12T14:27:15.659+0000] {processor.py:840} INFO - DAG(s) 'example_python_decorator' retrieved from /home/airflow/.local/lib/python3.12/site-packages/airflow/example_dags/example_python_decorator.py
[2025-06-12T14:27:15.677+0000] {logging_mixin.py:188} INFO - [2025-06-12T14:27:15.677+0000] {dag.py:3096} INFO - Sync 1 DAGs
[2025-06-12T14:27:15.684+0000] {logging_mixin.py:188} INFO - [2025-06-12T14:27:15.684+0000] {dag.py:3954} INFO - Setting next_dagrun for example_python_decorator to None, run_after=None
[2025-06-12T14:27:15.696+0000] {processor.py:183} INFO - Processing /home/airflow/.local/lib/python3.12/site-packages/airflow/example_dags/example_python_decorator.py took 0.053 seconds
[2025-06-12T14:27:45.950+0000] {processor.py:161} INFO - Started process (PID=1346) to work on /home/airflow/.local/lib/python3.12/site-packages/airflow/example_dags/example_python_decorator.py
[2025-06-12T14:27:45.951+0000] {processor.py:830} INFO - Processing file /home/airflow/.local/lib/python3.12/site-packages/airflow/example_dags/example_python_decorator.py for tasks to queue
[2025-06-12T14:27:45.952+0000] {logging_mixin.py:188} INFO - [2025-06-12T14:27:45.952+0000] {dagbag.py:540} INFO - Filling up the DagBag from /home/airflow/.local/lib/python3.12/site-packages/airflow/example_dags/example_python_decorator.py
[2025-06-12T14:27:45.962+0000] {processor.py:840} INFO - DAG(s) 'example_python_decorator' retrieved from /home/airflow/.local/lib/python3.12/site-packages/airflow/example_dags/example_python_decorator.py
[2025-06-12T14:27:46.061+0000] {logging_mixin.py:188} INFO - [2025-06-12T14:27:46.061+0000] {dag.py:3096} INFO - Sync 1 DAGs
[2025-06-12T14:27:46.066+0000] {logging_mixin.py:188} INFO - [2025-06-12T14:27:46.065+0000] {dag.py:3954} INFO - Setting next_dagrun for example_python_decorator to None, run_after=None
[2025-06-12T14:27:46.074+0000] {processor.py:183} INFO - Processing /home/airflow/.local/lib/python3.12/site-packages/airflow/example_dags/example_python_decorator.py took 0.131 seconds
[2025-06-12T14:35:52.183+0000] {processor.py:161} INFO - Started process (PID=61) to work on /home/airflow/.local/lib/python3.12/site-packages/airflow/example_dags/example_python_decorator.py
[2025-06-12T14:35:52.187+0000] {processor.py:830} INFO - Processing file /home/airflow/.local/lib/python3.12/site-packages/airflow/example_dags/example_python_decorator.py for tasks to queue
[2025-06-12T14:35:52.196+0000] {logging_mixin.py:188} INFO - [2025-06-12T14:35:52.196+0000] {dagbag.py:540} INFO - Filling up the DagBag from /home/airflow/.local/lib/python3.12/site-packages/airflow/example_dags/example_python_decorator.py
[2025-06-12T14:35:52.241+0000] {processor.py:840} INFO - DAG(s) 'example_python_decorator' retrieved from /home/airflow/.local/lib/python3.12/site-packages/airflow/example_dags/example_python_decorator.py
[2025-06-12T14:35:52.275+0000] {logging_mixin.py:188} INFO - [2025-06-12T14:35:52.275+0000] {dag.py:3096} INFO - Sync 1 DAGs
[2025-06-12T14:35:52.310+0000] {logging_mixin.py:188} INFO - [2025-06-12T14:35:52.309+0000] {dag.py:3954} INFO - Setting next_dagrun for example_python_decorator to None, run_after=None
[2025-06-12T14:35:52.345+0000] {processor.py:183} INFO - Processing /home/airflow/.local/lib/python3.12/site-packages/airflow/example_dags/example_python_decorator.py took 0.169 seconds
[2025-06-12T14:36:22.573+0000] {processor.py:161} INFO - Started process (PID=128) to work on /home/airflow/.local/lib/python3.12/site-packages/airflow/example_dags/example_python_decorator.py
[2025-06-12T14:36:22.574+0000] {processor.py:830} INFO - Processing file /home/airflow/.local/lib/python3.12/site-packages/airflow/example_dags/example_python_decorator.py for tasks to queue
[2025-06-12T14:36:22.575+0000] {logging_mixin.py:188} INFO - [2025-06-12T14:36:22.575+0000] {dagbag.py:540} INFO - Filling up the DagBag from /home/airflow/.local/lib/python3.12/site-packages/airflow/example_dags/example_python_decorator.py
[2025-06-12T14:36:22.586+0000] {processor.py:840} INFO - DAG(s) 'example_python_decorator' retrieved from /home/airflow/.local/lib/python3.12/site-packages/airflow/example_dags/example_python_decorator.py
[2025-06-12T14:36:22.648+0000] {logging_mixin.py:188} INFO - [2025-06-12T14:36:22.648+0000] {dag.py:3096} INFO - Sync 1 DAGs
[2025-06-12T14:36:22.655+0000] {logging_mixin.py:188} INFO - [2025-06-12T14:36:22.654+0000] {dag.py:3954} INFO - Setting next_dagrun for example_python_decorator to None, run_after=None
[2025-06-12T14:36:22.666+0000] {processor.py:183} INFO - Processing /home/airflow/.local/lib/python3.12/site-packages/airflow/example_dags/example_python_decorator.py took 0.104 seconds
[2025-06-12T14:36:53.003+0000] {processor.py:161} INFO - Started process (PID=201) to work on /home/airflow/.local/lib/python3.12/site-packages/airflow/example_dags/example_python_decorator.py
[2025-06-12T14:36:53.005+0000] {processor.py:830} INFO - Processing file /home/airflow/.local/lib/python3.12/site-packages/airflow/example_dags/example_python_decorator.py for tasks to queue
[2025-06-12T14:36:53.007+0000] {logging_mixin.py:188} INFO - [2025-06-12T14:36:53.007+0000] {dagbag.py:540} INFO - Filling up the DagBag from /home/airflow/.local/lib/python3.12/site-packages/airflow/example_dags/example_python_decorator.py
[2025-06-12T14:36:53.013+0000] {processor.py:840} INFO - DAG(s) 'example_python_decorator' retrieved from /home/airflow/.local/lib/python3.12/site-packages/airflow/example_dags/example_python_decorator.py
[2025-06-12T14:36:53.027+0000] {logging_mixin.py:188} INFO - [2025-06-12T14:36:53.027+0000] {dag.py:3096} INFO - Sync 1 DAGs
[2025-06-12T14:36:53.032+0000] {logging_mixin.py:188} INFO - [2025-06-12T14:36:53.031+0000] {dag.py:3954} INFO - Setting next_dagrun for example_python_decorator to None, run_after=None
[2025-06-12T14:36:53.042+0000] {processor.py:183} INFO - Processing /home/airflow/.local/lib/python3.12/site-packages/airflow/example_dags/example_python_decorator.py took 0.042 seconds
[2025-06-12T14:37:24.339+0000] {processor.py:161} INFO - Started process (PID=275) to work on /home/airflow/.local/lib/python3.12/site-packages/airflow/example_dags/example_python_decorator.py
[2025-06-12T14:37:24.340+0000] {processor.py:830} INFO - Processing file /home/airflow/.local/lib/python3.12/site-packages/airflow/example_dags/example_python_decorator.py for tasks to queue
[2025-06-12T14:37:24.342+0000] {logging_mixin.py:188} INFO - [2025-06-12T14:37:24.342+0000] {dagbag.py:540} INFO - Filling up the DagBag from /home/airflow/.local/lib/python3.12/site-packages/airflow/example_dags/example_python_decorator.py
[2025-06-12T14:37:24.349+0000] {processor.py:840} INFO - DAG(s) 'example_python_decorator' retrieved from /home/airflow/.local/lib/python3.12/site-packages/airflow/example_dags/example_python_decorator.py
[2025-06-12T14:37:24.380+0000] {logging_mixin.py:188} INFO - [2025-06-12T14:37:24.380+0000] {dag.py:3096} INFO - Sync 1 DAGs
[2025-06-12T14:37:24.389+0000] {logging_mixin.py:188} INFO - [2025-06-12T14:37:24.389+0000] {dag.py:3954} INFO - Setting next_dagrun for example_python_decorator to None, run_after=None
[2025-06-12T14:37:24.413+0000] {processor.py:183} INFO - Processing /home/airflow/.local/lib/python3.12/site-packages/airflow/example_dags/example_python_decorator.py took 0.078 seconds
[2025-06-12T14:37:54.885+0000] {processor.py:161} INFO - Started process (PID=342) to work on /home/airflow/.local/lib/python3.12/site-packages/airflow/example_dags/example_python_decorator.py
[2025-06-12T14:37:54.886+0000] {processor.py:830} INFO - Processing file /home/airflow/.local/lib/python3.12/site-packages/airflow/example_dags/example_python_decorator.py for tasks to queue
[2025-06-12T14:37:54.887+0000] {logging_mixin.py:188} INFO - [2025-06-12T14:37:54.887+0000] {dagbag.py:540} INFO - Filling up the DagBag from /home/airflow/.local/lib/python3.12/site-packages/airflow/example_dags/example_python_decorator.py
[2025-06-12T14:37:54.893+0000] {processor.py:840} INFO - DAG(s) 'example_python_decorator' retrieved from /home/airflow/.local/lib/python3.12/site-packages/airflow/example_dags/example_python_decorator.py
[2025-06-12T14:37:54.903+0000] {logging_mixin.py:188} INFO - [2025-06-12T14:37:54.903+0000] {dag.py:3096} INFO - Sync 1 DAGs
[2025-06-12T14:37:54.908+0000] {logging_mixin.py:188} INFO - [2025-06-12T14:37:54.908+0000] {dag.py:3954} INFO - Setting next_dagrun for example_python_decorator to None, run_after=None
[2025-06-12T14:37:54.915+0000] {processor.py:183} INFO - Processing /home/airflow/.local/lib/python3.12/site-packages/airflow/example_dags/example_python_decorator.py took 0.032 seconds
[2025-06-12T14:38:25.477+0000] {processor.py:161} INFO - Started process (PID=417) to work on /home/airflow/.local/lib/python3.12/site-packages/airflow/example_dags/example_python_decorator.py
[2025-06-12T14:38:25.478+0000] {processor.py:830} INFO - Processing file /home/airflow/.local/lib/python3.12/site-packages/airflow/example_dags/example_python_decorator.py for tasks to queue
[2025-06-12T14:38:25.478+0000] {logging_mixin.py:188} INFO - [2025-06-12T14:38:25.478+0000] {dagbag.py:540} INFO - Filling up the DagBag from /home/airflow/.local/lib/python3.12/site-packages/airflow/example_dags/example_python_decorator.py
[2025-06-12T14:38:25.484+0000] {processor.py:840} INFO - DAG(s) 'example_python_decorator' retrieved from /home/airflow/.local/lib/python3.12/site-packages/airflow/example_dags/example_python_decorator.py
[2025-06-12T14:38:25.504+0000] {logging_mixin.py:188} INFO - [2025-06-12T14:38:25.504+0000] {dag.py:3096} INFO - Sync 1 DAGs
[2025-06-12T14:38:25.513+0000] {logging_mixin.py:188} INFO - [2025-06-12T14:38:25.512+0000] {dag.py:3954} INFO - Setting next_dagrun for example_python_decorator to None, run_after=None
[2025-06-12T14:38:25.534+0000] {processor.py:183} INFO - Processing /home/airflow/.local/lib/python3.12/site-packages/airflow/example_dags/example_python_decorator.py took 0.059 seconds
[2025-06-12T14:38:55.622+0000] {processor.py:161} INFO - Started process (PID=484) to work on /home/airflow/.local/lib/python3.12/site-packages/airflow/example_dags/example_python_decorator.py
[2025-06-12T14:38:55.623+0000] {processor.py:830} INFO - Processing file /home/airflow/.local/lib/python3.12/site-packages/airflow/example_dags/example_python_decorator.py for tasks to queue
[2025-06-12T14:38:55.625+0000] {logging_mixin.py:188} INFO - [2025-06-12T14:38:55.624+0000] {dagbag.py:540} INFO - Filling up the DagBag from /home/airflow/.local/lib/python3.12/site-packages/airflow/example_dags/example_python_decorator.py
[2025-06-12T14:38:55.630+0000] {processor.py:840} INFO - DAG(s) 'example_python_decorator' retrieved from /home/airflow/.local/lib/python3.12/site-packages/airflow/example_dags/example_python_decorator.py
[2025-06-12T14:38:55.645+0000] {logging_mixin.py:188} INFO - [2025-06-12T14:38:55.644+0000] {dag.py:3096} INFO - Sync 1 DAGs
[2025-06-12T14:38:55.651+0000] {logging_mixin.py:188} INFO - [2025-06-12T14:38:55.650+0000] {dag.py:3954} INFO - Setting next_dagrun for example_python_decorator to None, run_after=None
[2025-06-12T14:38:55.659+0000] {processor.py:183} INFO - Processing /home/airflow/.local/lib/python3.12/site-packages/airflow/example_dags/example_python_decorator.py took 0.040 seconds
[2025-06-12T14:39:26.041+0000] {processor.py:161} INFO - Started process (PID=558) to work on /home/airflow/.local/lib/python3.12/site-packages/airflow/example_dags/example_python_decorator.py
[2025-06-12T14:39:26.042+0000] {processor.py:830} INFO - Processing file /home/airflow/.local/lib/python3.12/site-packages/airflow/example_dags/example_python_decorator.py for tasks to queue
[2025-06-12T14:39:26.043+0000] {logging_mixin.py:188} INFO - [2025-06-12T14:39:26.043+0000] {dagbag.py:540} INFO - Filling up the DagBag from /home/airflow/.local/lib/python3.12/site-packages/airflow/example_dags/example_python_decorator.py
[2025-06-12T14:39:26.048+0000] {processor.py:840} INFO - DAG(s) 'example_python_decorator' retrieved from /home/airflow/.local/lib/python3.12/site-packages/airflow/example_dags/example_python_decorator.py
[2025-06-12T14:39:26.063+0000] {logging_mixin.py:188} INFO - [2025-06-12T14:39:26.063+0000] {dag.py:3096} INFO - Sync 1 DAGs
[2025-06-12T14:39:26.069+0000] {logging_mixin.py:188} INFO - [2025-06-12T14:39:26.068+0000] {dag.py:3954} INFO - Setting next_dagrun for example_python_decorator to None, run_after=None
[2025-06-12T14:39:26.078+0000] {processor.py:183} INFO - Processing /home/airflow/.local/lib/python3.12/site-packages/airflow/example_dags/example_python_decorator.py took 0.040 seconds
[2025-06-12T14:46:31.693+0000] {processor.py:161} INFO - Started process (PID=63) to work on /home/airflow/.local/lib/python3.12/site-packages/airflow/example_dags/example_python_decorator.py
[2025-06-12T14:46:31.698+0000] {processor.py:830} INFO - Processing file /home/airflow/.local/lib/python3.12/site-packages/airflow/example_dags/example_python_decorator.py for tasks to queue
[2025-06-12T14:46:31.700+0000] {logging_mixin.py:188} INFO - [2025-06-12T14:46:31.699+0000] {dagbag.py:540} INFO - Filling up the DagBag from /home/airflow/.local/lib/python3.12/site-packages/airflow/example_dags/example_python_decorator.py
[2025-06-12T14:46:31.734+0000] {processor.py:840} INFO - DAG(s) 'example_python_decorator' retrieved from /home/airflow/.local/lib/python3.12/site-packages/airflow/example_dags/example_python_decorator.py
[2025-06-12T14:46:31.747+0000] {logging_mixin.py:188} INFO - [2025-06-12T14:46:31.746+0000] {dag.py:3096} INFO - Sync 1 DAGs
[2025-06-12T14:46:31.754+0000] {logging_mixin.py:188} INFO - [2025-06-12T14:46:31.754+0000] {dag.py:3954} INFO - Setting next_dagrun for example_python_decorator to None, run_after=None
[2025-06-12T14:46:31.763+0000] {processor.py:183} INFO - Processing /home/airflow/.local/lib/python3.12/site-packages/airflow/example_dags/example_python_decorator.py took 0.080 seconds
[2025-06-12T14:47:02.203+0000] {processor.py:161} INFO - Started process (PID=130) to work on /home/airflow/.local/lib/python3.12/site-packages/airflow/example_dags/example_python_decorator.py
[2025-06-12T14:47:02.204+0000] {processor.py:830} INFO - Processing file /home/airflow/.local/lib/python3.12/site-packages/airflow/example_dags/example_python_decorator.py for tasks to queue
[2025-06-12T14:47:02.205+0000] {logging_mixin.py:188} INFO - [2025-06-12T14:47:02.205+0000] {dagbag.py:540} INFO - Filling up the DagBag from /home/airflow/.local/lib/python3.12/site-packages/airflow/example_dags/example_python_decorator.py
[2025-06-12T14:47:02.211+0000] {processor.py:840} INFO - DAG(s) 'example_python_decorator' retrieved from /home/airflow/.local/lib/python3.12/site-packages/airflow/example_dags/example_python_decorator.py
[2025-06-12T14:47:02.253+0000] {logging_mixin.py:188} INFO - [2025-06-12T14:47:02.253+0000] {dag.py:3096} INFO - Sync 1 DAGs
[2025-06-12T14:47:02.257+0000] {logging_mixin.py:188} INFO - [2025-06-12T14:47:02.257+0000] {dag.py:3954} INFO - Setting next_dagrun for example_python_decorator to None, run_after=None
[2025-06-12T14:47:02.269+0000] {processor.py:183} INFO - Processing /home/airflow/.local/lib/python3.12/site-packages/airflow/example_dags/example_python_decorator.py took 0.068 seconds
[2025-06-12T14:47:32.955+0000] {processor.py:161} INFO - Started process (PID=203) to work on /home/airflow/.local/lib/python3.12/site-packages/airflow/example_dags/example_python_decorator.py
[2025-06-12T14:47:32.957+0000] {processor.py:830} INFO - Processing file /home/airflow/.local/lib/python3.12/site-packages/airflow/example_dags/example_python_decorator.py for tasks to queue
[2025-06-12T14:47:32.958+0000] {logging_mixin.py:188} INFO - [2025-06-12T14:47:32.958+0000] {dagbag.py:540} INFO - Filling up the DagBag from /home/airflow/.local/lib/python3.12/site-packages/airflow/example_dags/example_python_decorator.py
[2025-06-12T14:47:32.967+0000] {processor.py:840} INFO - DAG(s) 'example_python_decorator' retrieved from /home/airflow/.local/lib/python3.12/site-packages/airflow/example_dags/example_python_decorator.py
[2025-06-12T14:47:32.991+0000] {logging_mixin.py:188} INFO - [2025-06-12T14:47:32.991+0000] {dag.py:3096} INFO - Sync 1 DAGs
[2025-06-12T14:47:32.999+0000] {logging_mixin.py:188} INFO - [2025-06-12T14:47:32.999+0000] {dag.py:3954} INFO - Setting next_dagrun for example_python_decorator to None, run_after=None
[2025-06-12T14:47:33.015+0000] {processor.py:183} INFO - Processing /home/airflow/.local/lib/python3.12/site-packages/airflow/example_dags/example_python_decorator.py took 0.066 seconds
[2025-06-12T14:48:03.100+0000] {processor.py:161} INFO - Started process (PID=270) to work on /home/airflow/.local/lib/python3.12/site-packages/airflow/example_dags/example_python_decorator.py
[2025-06-12T14:48:03.102+0000] {processor.py:830} INFO - Processing file /home/airflow/.local/lib/python3.12/site-packages/airflow/example_dags/example_python_decorator.py for tasks to queue
[2025-06-12T14:48:03.103+0000] {logging_mixin.py:188} INFO - [2025-06-12T14:48:03.103+0000] {dagbag.py:540} INFO - Filling up the DagBag from /home/airflow/.local/lib/python3.12/site-packages/airflow/example_dags/example_python_decorator.py
[2025-06-12T14:48:03.109+0000] {processor.py:840} INFO - DAG(s) 'example_python_decorator' retrieved from /home/airflow/.local/lib/python3.12/site-packages/airflow/example_dags/example_python_decorator.py
[2025-06-12T14:48:03.124+0000] {logging_mixin.py:188} INFO - [2025-06-12T14:48:03.124+0000] {dag.py:3096} INFO - Sync 1 DAGs
[2025-06-12T14:48:03.129+0000] {logging_mixin.py:188} INFO - [2025-06-12T14:48:03.129+0000] {dag.py:3954} INFO - Setting next_dagrun for example_python_decorator to None, run_after=None
[2025-06-12T14:48:03.143+0000] {processor.py:183} INFO - Processing /home/airflow/.local/lib/python3.12/site-packages/airflow/example_dags/example_python_decorator.py took 0.045 seconds
[2025-06-12T15:07:49.916+0000] {processor.py:161} INFO - Started process (PID=63) to work on /home/airflow/.local/lib/python3.12/site-packages/airflow/example_dags/example_python_decorator.py
[2025-06-12T15:07:49.918+0000] {processor.py:830} INFO - Processing file /home/airflow/.local/lib/python3.12/site-packages/airflow/example_dags/example_python_decorator.py for tasks to queue
[2025-06-12T15:07:49.925+0000] {logging_mixin.py:188} INFO - [2025-06-12T15:07:49.921+0000] {dagbag.py:540} INFO - Filling up the DagBag from /home/airflow/.local/lib/python3.12/site-packages/airflow/example_dags/example_python_decorator.py
[2025-06-12T15:07:49.947+0000] {processor.py:840} INFO - DAG(s) 'example_python_decorator' retrieved from /home/airflow/.local/lib/python3.12/site-packages/airflow/example_dags/example_python_decorator.py
[2025-06-12T15:07:49.965+0000] {logging_mixin.py:188} INFO - [2025-06-12T15:07:49.965+0000] {dag.py:3096} INFO - Sync 1 DAGs
[2025-06-12T15:07:49.995+0000] {logging_mixin.py:188} INFO - [2025-06-12T15:07:49.993+0000] {dag.py:3954} INFO - Setting next_dagrun for example_python_decorator to None, run_after=None
[2025-06-12T15:07:50.056+0000] {processor.py:183} INFO - Processing /home/airflow/.local/lib/python3.12/site-packages/airflow/example_dags/example_python_decorator.py took 0.148 seconds
[2025-06-12T15:08:20.587+0000] {processor.py:161} INFO - Started process (PID=130) to work on /home/airflow/.local/lib/python3.12/site-packages/airflow/example_dags/example_python_decorator.py
[2025-06-12T15:08:20.588+0000] {processor.py:830} INFO - Processing file /home/airflow/.local/lib/python3.12/site-packages/airflow/example_dags/example_python_decorator.py for tasks to queue
[2025-06-12T15:08:20.589+0000] {logging_mixin.py:188} INFO - [2025-06-12T15:08:20.589+0000] {dagbag.py:540} INFO - Filling up the DagBag from /home/airflow/.local/lib/python3.12/site-packages/airflow/example_dags/example_python_decorator.py
[2025-06-12T15:08:20.599+0000] {processor.py:840} INFO - DAG(s) 'example_python_decorator' retrieved from /home/airflow/.local/lib/python3.12/site-packages/airflow/example_dags/example_python_decorator.py
[2025-06-12T15:08:20.658+0000] {logging_mixin.py:188} INFO - [2025-06-12T15:08:20.657+0000] {dag.py:3096} INFO - Sync 1 DAGs
[2025-06-12T15:08:20.662+0000] {logging_mixin.py:188} INFO - [2025-06-12T15:08:20.662+0000] {dag.py:3954} INFO - Setting next_dagrun for example_python_decorator to None, run_after=None
[2025-06-12T15:08:20.675+0000] {processor.py:183} INFO - Processing /home/airflow/.local/lib/python3.12/site-packages/airflow/example_dags/example_python_decorator.py took 0.090 seconds
[2025-06-12T15:08:51.643+0000] {processor.py:161} INFO - Started process (PID=204) to work on /home/airflow/.local/lib/python3.12/site-packages/airflow/example_dags/example_python_decorator.py
[2025-06-12T15:08:51.645+0000] {processor.py:830} INFO - Processing file /home/airflow/.local/lib/python3.12/site-packages/airflow/example_dags/example_python_decorator.py for tasks to queue
[2025-06-12T15:08:51.646+0000] {logging_mixin.py:188} INFO - [2025-06-12T15:08:51.646+0000] {dagbag.py:540} INFO - Filling up the DagBag from /home/airflow/.local/lib/python3.12/site-packages/airflow/example_dags/example_python_decorator.py
[2025-06-12T15:08:51.659+0000] {processor.py:840} INFO - DAG(s) 'example_python_decorator' retrieved from /home/airflow/.local/lib/python3.12/site-packages/airflow/example_dags/example_python_decorator.py
[2025-06-12T15:08:51.679+0000] {logging_mixin.py:188} INFO - [2025-06-12T15:08:51.678+0000] {dag.py:3096} INFO - Sync 1 DAGs
[2025-06-12T15:08:51.688+0000] {logging_mixin.py:188} INFO - [2025-06-12T15:08:51.688+0000] {dag.py:3954} INFO - Setting next_dagrun for example_python_decorator to None, run_after=None
[2025-06-12T15:08:51.716+0000] {processor.py:183} INFO - Processing /home/airflow/.local/lib/python3.12/site-packages/airflow/example_dags/example_python_decorator.py took 0.076 seconds
[2025-06-12T15:09:21.936+0000] {processor.py:161} INFO - Started process (PID=271) to work on /home/airflow/.local/lib/python3.12/site-packages/airflow/example_dags/example_python_decorator.py
[2025-06-12T15:09:21.938+0000] {processor.py:830} INFO - Processing file /home/airflow/.local/lib/python3.12/site-packages/airflow/example_dags/example_python_decorator.py for tasks to queue
[2025-06-12T15:09:21.942+0000] {logging_mixin.py:188} INFO - [2025-06-12T15:09:21.941+0000] {dagbag.py:540} INFO - Filling up the DagBag from /home/airflow/.local/lib/python3.12/site-packages/airflow/example_dags/example_python_decorator.py
[2025-06-12T15:09:21.950+0000] {processor.py:840} INFO - DAG(s) 'example_python_decorator' retrieved from /home/airflow/.local/lib/python3.12/site-packages/airflow/example_dags/example_python_decorator.py
[2025-06-12T15:09:22.021+0000] {logging_mixin.py:188} INFO - [2025-06-12T15:09:22.020+0000] {dag.py:3096} INFO - Sync 1 DAGs
[2025-06-12T15:09:22.034+0000] {logging_mixin.py:188} INFO - [2025-06-12T15:09:22.034+0000] {dag.py:3954} INFO - Setting next_dagrun for example_python_decorator to None, run_after=None
[2025-06-12T15:09:22.044+0000] {processor.py:183} INFO - Processing /home/airflow/.local/lib/python3.12/site-packages/airflow/example_dags/example_python_decorator.py took 0.112 seconds
[2025-06-12T15:09:52.498+0000] {processor.py:161} INFO - Started process (PID=345) to work on /home/airflow/.local/lib/python3.12/site-packages/airflow/example_dags/example_python_decorator.py
[2025-06-12T15:09:52.498+0000] {processor.py:830} INFO - Processing file /home/airflow/.local/lib/python3.12/site-packages/airflow/example_dags/example_python_decorator.py for tasks to queue
[2025-06-12T15:09:52.499+0000] {logging_mixin.py:188} INFO - [2025-06-12T15:09:52.499+0000] {dagbag.py:540} INFO - Filling up the DagBag from /home/airflow/.local/lib/python3.12/site-packages/airflow/example_dags/example_python_decorator.py
[2025-06-12T15:09:52.506+0000] {processor.py:840} INFO - DAG(s) 'example_python_decorator' retrieved from /home/airflow/.local/lib/python3.12/site-packages/airflow/example_dags/example_python_decorator.py
[2025-06-12T15:09:52.520+0000] {logging_mixin.py:188} INFO - [2025-06-12T15:09:52.520+0000] {dag.py:3096} INFO - Sync 1 DAGs
[2025-06-12T15:09:52.527+0000] {logging_mixin.py:188} INFO - [2025-06-12T15:09:52.527+0000] {dag.py:3954} INFO - Setting next_dagrun for example_python_decorator to None, run_after=None
[2025-06-12T15:09:52.537+0000] {processor.py:183} INFO - Processing /home/airflow/.local/lib/python3.12/site-packages/airflow/example_dags/example_python_decorator.py took 0.044 seconds
[2025-06-12T15:10:22.594+0000] {processor.py:161} INFO - Started process (PID=412) to work on /home/airflow/.local/lib/python3.12/site-packages/airflow/example_dags/example_python_decorator.py
[2025-06-12T15:10:22.595+0000] {processor.py:830} INFO - Processing file /home/airflow/.local/lib/python3.12/site-packages/airflow/example_dags/example_python_decorator.py for tasks to queue
[2025-06-12T15:10:22.597+0000] {logging_mixin.py:188} INFO - [2025-06-12T15:10:22.596+0000] {dagbag.py:540} INFO - Filling up the DagBag from /home/airflow/.local/lib/python3.12/site-packages/airflow/example_dags/example_python_decorator.py
[2025-06-12T15:10:22.604+0000] {processor.py:840} INFO - DAG(s) 'example_python_decorator' retrieved from /home/airflow/.local/lib/python3.12/site-packages/airflow/example_dags/example_python_decorator.py
[2025-06-12T15:10:22.617+0000] {logging_mixin.py:188} INFO - [2025-06-12T15:10:22.617+0000] {dag.py:3096} INFO - Sync 1 DAGs
[2025-06-12T15:10:22.623+0000] {logging_mixin.py:188} INFO - [2025-06-12T15:10:22.623+0000] {dag.py:3954} INFO - Setting next_dagrun for example_python_decorator to None, run_after=None
[2025-06-12T15:10:22.631+0000] {processor.py:183} INFO - Processing /home/airflow/.local/lib/python3.12/site-packages/airflow/example_dags/example_python_decorator.py took 0.041 seconds
[2025-06-12T15:10:52.796+0000] {processor.py:161} INFO - Started process (PID=486) to work on /home/airflow/.local/lib/python3.12/site-packages/airflow/example_dags/example_python_decorator.py
[2025-06-12T15:10:52.797+0000] {processor.py:830} INFO - Processing file /home/airflow/.local/lib/python3.12/site-packages/airflow/example_dags/example_python_decorator.py for tasks to queue
[2025-06-12T15:10:52.799+0000] {logging_mixin.py:188} INFO - [2025-06-12T15:10:52.799+0000] {dagbag.py:540} INFO - Filling up the DagBag from /home/airflow/.local/lib/python3.12/site-packages/airflow/example_dags/example_python_decorator.py
[2025-06-12T15:10:52.805+0000] {processor.py:840} INFO - DAG(s) 'example_python_decorator' retrieved from /home/airflow/.local/lib/python3.12/site-packages/airflow/example_dags/example_python_decorator.py
[2025-06-12T15:10:52.816+0000] {logging_mixin.py:188} INFO - [2025-06-12T15:10:52.816+0000] {dag.py:3096} INFO - Sync 1 DAGs
[2025-06-12T15:10:52.821+0000] {logging_mixin.py:188} INFO - [2025-06-12T15:10:52.821+0000] {dag.py:3954} INFO - Setting next_dagrun for example_python_decorator to None, run_after=None
[2025-06-12T15:10:52.830+0000] {processor.py:183} INFO - Processing /home/airflow/.local/lib/python3.12/site-packages/airflow/example_dags/example_python_decorator.py took 0.036 seconds
[2025-06-12T15:11:23.127+0000] {processor.py:161} INFO - Started process (PID=559) to work on /home/airflow/.local/lib/python3.12/site-packages/airflow/example_dags/example_python_decorator.py
[2025-06-12T15:11:23.130+0000] {processor.py:830} INFO - Processing file /home/airflow/.local/lib/python3.12/site-packages/airflow/example_dags/example_python_decorator.py for tasks to queue
[2025-06-12T15:11:23.131+0000] {logging_mixin.py:188} INFO - [2025-06-12T15:11:23.131+0000] {dagbag.py:540} INFO - Filling up the DagBag from /home/airflow/.local/lib/python3.12/site-packages/airflow/example_dags/example_python_decorator.py
[2025-06-12T15:11:23.140+0000] {processor.py:840} INFO - DAG(s) 'example_python_decorator' retrieved from /home/airflow/.local/lib/python3.12/site-packages/airflow/example_dags/example_python_decorator.py
[2025-06-12T15:11:23.152+0000] {logging_mixin.py:188} INFO - [2025-06-12T15:11:23.152+0000] {dag.py:3096} INFO - Sync 1 DAGs
[2025-06-12T15:11:23.159+0000] {logging_mixin.py:188} INFO - [2025-06-12T15:11:23.159+0000] {dag.py:3954} INFO - Setting next_dagrun for example_python_decorator to None, run_after=None
[2025-06-12T15:11:23.171+0000] {processor.py:183} INFO - Processing /home/airflow/.local/lib/python3.12/site-packages/airflow/example_dags/example_python_decorator.py took 0.047 seconds
[2025-06-12T15:11:53.397+0000] {processor.py:161} INFO - Started process (PID=625) to work on /home/airflow/.local/lib/python3.12/site-packages/airflow/example_dags/example_python_decorator.py
[2025-06-12T15:11:53.398+0000] {processor.py:830} INFO - Processing file /home/airflow/.local/lib/python3.12/site-packages/airflow/example_dags/example_python_decorator.py for tasks to queue
[2025-06-12T15:11:53.399+0000] {logging_mixin.py:188} INFO - [2025-06-12T15:11:53.399+0000] {dagbag.py:540} INFO - Filling up the DagBag from /home/airflow/.local/lib/python3.12/site-packages/airflow/example_dags/example_python_decorator.py
[2025-06-12T15:11:53.404+0000] {processor.py:840} INFO - DAG(s) 'example_python_decorator' retrieved from /home/airflow/.local/lib/python3.12/site-packages/airflow/example_dags/example_python_decorator.py
[2025-06-12T15:11:53.414+0000] {logging_mixin.py:188} INFO - [2025-06-12T15:11:53.413+0000] {dag.py:3096} INFO - Sync 1 DAGs
[2025-06-12T15:11:53.418+0000] {logging_mixin.py:188} INFO - [2025-06-12T15:11:53.418+0000] {dag.py:3954} INFO - Setting next_dagrun for example_python_decorator to None, run_after=None
[2025-06-12T15:11:53.425+0000] {processor.py:183} INFO - Processing /home/airflow/.local/lib/python3.12/site-packages/airflow/example_dags/example_python_decorator.py took 0.029 seconds
[2025-06-12T15:12:23.599+0000] {processor.py:161} INFO - Started process (PID=698) to work on /home/airflow/.local/lib/python3.12/site-packages/airflow/example_dags/example_python_decorator.py
[2025-06-12T15:12:23.599+0000] {processor.py:830} INFO - Processing file /home/airflow/.local/lib/python3.12/site-packages/airflow/example_dags/example_python_decorator.py for tasks to queue
[2025-06-12T15:12:23.603+0000] {logging_mixin.py:188} INFO - [2025-06-12T15:12:23.603+0000] {dagbag.py:540} INFO - Filling up the DagBag from /home/airflow/.local/lib/python3.12/site-packages/airflow/example_dags/example_python_decorator.py
[2025-06-12T15:12:23.609+0000] {processor.py:840} INFO - DAG(s) 'example_python_decorator' retrieved from /home/airflow/.local/lib/python3.12/site-packages/airflow/example_dags/example_python_decorator.py
[2025-06-12T15:12:23.627+0000] {logging_mixin.py:188} INFO - [2025-06-12T15:12:23.627+0000] {dag.py:3096} INFO - Sync 1 DAGs
[2025-06-12T15:12:23.633+0000] {logging_mixin.py:188} INFO - [2025-06-12T15:12:23.633+0000] {dag.py:3954} INFO - Setting next_dagrun for example_python_decorator to None, run_after=None
[2025-06-12T15:12:23.640+0000] {processor.py:183} INFO - Processing /home/airflow/.local/lib/python3.12/site-packages/airflow/example_dags/example_python_decorator.py took 0.044 seconds
[2025-06-12T15:12:54.729+0000] {processor.py:161} INFO - Started process (PID=772) to work on /home/airflow/.local/lib/python3.12/site-packages/airflow/example_dags/example_python_decorator.py
[2025-06-12T15:12:54.730+0000] {processor.py:830} INFO - Processing file /home/airflow/.local/lib/python3.12/site-packages/airflow/example_dags/example_python_decorator.py for tasks to queue
[2025-06-12T15:12:54.732+0000] {logging_mixin.py:188} INFO - [2025-06-12T15:12:54.731+0000] {dagbag.py:540} INFO - Filling up the DagBag from /home/airflow/.local/lib/python3.12/site-packages/airflow/example_dags/example_python_decorator.py
[2025-06-12T15:12:54.741+0000] {processor.py:840} INFO - DAG(s) 'example_python_decorator' retrieved from /home/airflow/.local/lib/python3.12/site-packages/airflow/example_dags/example_python_decorator.py
[2025-06-12T15:12:54.754+0000] {logging_mixin.py:188} INFO - [2025-06-12T15:12:54.753+0000] {dag.py:3096} INFO - Sync 1 DAGs
[2025-06-12T15:12:54.759+0000] {logging_mixin.py:188} INFO - [2025-06-12T15:12:54.759+0000] {dag.py:3954} INFO - Setting next_dagrun for example_python_decorator to None, run_after=None
[2025-06-12T15:12:54.769+0000] {processor.py:183} INFO - Processing /home/airflow/.local/lib/python3.12/site-packages/airflow/example_dags/example_python_decorator.py took 0.042 seconds
[2025-06-12T15:13:25.678+0000] {processor.py:161} INFO - Started process (PID=839) to work on /home/airflow/.local/lib/python3.12/site-packages/airflow/example_dags/example_python_decorator.py
[2025-06-12T15:13:25.678+0000] {processor.py:830} INFO - Processing file /home/airflow/.local/lib/python3.12/site-packages/airflow/example_dags/example_python_decorator.py for tasks to queue
[2025-06-12T15:13:25.679+0000] {logging_mixin.py:188} INFO - [2025-06-12T15:13:25.679+0000] {dagbag.py:540} INFO - Filling up the DagBag from /home/airflow/.local/lib/python3.12/site-packages/airflow/example_dags/example_python_decorator.py
[2025-06-12T15:13:25.685+0000] {processor.py:840} INFO - DAG(s) 'example_python_decorator' retrieved from /home/airflow/.local/lib/python3.12/site-packages/airflow/example_dags/example_python_decorator.py
[2025-06-12T15:13:25.697+0000] {logging_mixin.py:188} INFO - [2025-06-12T15:13:25.697+0000] {dag.py:3096} INFO - Sync 1 DAGs
[2025-06-12T15:13:25.702+0000] {logging_mixin.py:188} INFO - [2025-06-12T15:13:25.702+0000] {dag.py:3954} INFO - Setting next_dagrun for example_python_decorator to None, run_after=None
[2025-06-12T15:13:25.714+0000] {processor.py:183} INFO - Processing /home/airflow/.local/lib/python3.12/site-packages/airflow/example_dags/example_python_decorator.py took 0.039 seconds
[2025-06-12T15:13:56.030+0000] {processor.py:161} INFO - Started process (PID=913) to work on /home/airflow/.local/lib/python3.12/site-packages/airflow/example_dags/example_python_decorator.py
[2025-06-12T15:13:56.030+0000] {processor.py:830} INFO - Processing file /home/airflow/.local/lib/python3.12/site-packages/airflow/example_dags/example_python_decorator.py for tasks to queue
[2025-06-12T15:13:56.031+0000] {logging_mixin.py:188} INFO - [2025-06-12T15:13:56.031+0000] {dagbag.py:540} INFO - Filling up the DagBag from /home/airflow/.local/lib/python3.12/site-packages/airflow/example_dags/example_python_decorator.py
[2025-06-12T15:13:56.037+0000] {processor.py:840} INFO - DAG(s) 'example_python_decorator' retrieved from /home/airflow/.local/lib/python3.12/site-packages/airflow/example_dags/example_python_decorator.py
[2025-06-12T15:13:56.048+0000] {logging_mixin.py:188} INFO - [2025-06-12T15:13:56.048+0000] {dag.py:3096} INFO - Sync 1 DAGs
[2025-06-12T15:13:56.052+0000] {logging_mixin.py:188} INFO - [2025-06-12T15:13:56.052+0000] {dag.py:3954} INFO - Setting next_dagrun for example_python_decorator to None, run_after=None
[2025-06-12T15:13:56.059+0000] {processor.py:183} INFO - Processing /home/airflow/.local/lib/python3.12/site-packages/airflow/example_dags/example_python_decorator.py took 0.033 seconds
[2025-06-12T15:14:26.524+0000] {processor.py:161} INFO - Started process (PID=988) to work on /home/airflow/.local/lib/python3.12/site-packages/airflow/example_dags/example_python_decorator.py
[2025-06-12T15:14:26.524+0000] {processor.py:830} INFO - Processing file /home/airflow/.local/lib/python3.12/site-packages/airflow/example_dags/example_python_decorator.py for tasks to queue
[2025-06-12T15:14:26.525+0000] {logging_mixin.py:188} INFO - [2025-06-12T15:14:26.525+0000] {dagbag.py:540} INFO - Filling up the DagBag from /home/airflow/.local/lib/python3.12/site-packages/airflow/example_dags/example_python_decorator.py
[2025-06-12T15:14:26.531+0000] {processor.py:840} INFO - DAG(s) 'example_python_decorator' retrieved from /home/airflow/.local/lib/python3.12/site-packages/airflow/example_dags/example_python_decorator.py
[2025-06-12T15:14:26.542+0000] {logging_mixin.py:188} INFO - [2025-06-12T15:14:26.542+0000] {dag.py:3096} INFO - Sync 1 DAGs
[2025-06-12T15:14:26.548+0000] {logging_mixin.py:188} INFO - [2025-06-12T15:14:26.548+0000] {dag.py:3954} INFO - Setting next_dagrun for example_python_decorator to None, run_after=None
[2025-06-12T15:14:26.555+0000] {processor.py:183} INFO - Processing /home/airflow/.local/lib/python3.12/site-packages/airflow/example_dags/example_python_decorator.py took 0.034 seconds
[2025-06-12T15:14:56.872+0000] {processor.py:161} INFO - Started process (PID=1055) to work on /home/airflow/.local/lib/python3.12/site-packages/airflow/example_dags/example_python_decorator.py
[2025-06-12T15:14:56.873+0000] {processor.py:830} INFO - Processing file /home/airflow/.local/lib/python3.12/site-packages/airflow/example_dags/example_python_decorator.py for tasks to queue
[2025-06-12T15:14:56.874+0000] {logging_mixin.py:188} INFO - [2025-06-12T15:14:56.874+0000] {dagbag.py:540} INFO - Filling up the DagBag from /home/airflow/.local/lib/python3.12/site-packages/airflow/example_dags/example_python_decorator.py
[2025-06-12T15:14:56.881+0000] {processor.py:840} INFO - DAG(s) 'example_python_decorator' retrieved from /home/airflow/.local/lib/python3.12/site-packages/airflow/example_dags/example_python_decorator.py
[2025-06-12T15:14:56.897+0000] {logging_mixin.py:188} INFO - [2025-06-12T15:14:56.897+0000] {dag.py:3096} INFO - Sync 1 DAGs
[2025-06-12T15:14:56.905+0000] {logging_mixin.py:188} INFO - [2025-06-12T15:14:56.905+0000] {dag.py:3954} INFO - Setting next_dagrun for example_python_decorator to None, run_after=None
[2025-06-12T15:14:57.101+0000] {processor.py:183} INFO - Processing /home/airflow/.local/lib/python3.12/site-packages/airflow/example_dags/example_python_decorator.py took 0.232 seconds
[2025-06-12T15:15:27.143+0000] {processor.py:161} INFO - Started process (PID=1129) to work on /home/airflow/.local/lib/python3.12/site-packages/airflow/example_dags/example_python_decorator.py
[2025-06-12T15:15:27.144+0000] {processor.py:830} INFO - Processing file /home/airflow/.local/lib/python3.12/site-packages/airflow/example_dags/example_python_decorator.py for tasks to queue
[2025-06-12T15:15:27.145+0000] {logging_mixin.py:188} INFO - [2025-06-12T15:15:27.145+0000] {dagbag.py:540} INFO - Filling up the DagBag from /home/airflow/.local/lib/python3.12/site-packages/airflow/example_dags/example_python_decorator.py
[2025-06-12T15:15:27.152+0000] {processor.py:840} INFO - DAG(s) 'example_python_decorator' retrieved from /home/airflow/.local/lib/python3.12/site-packages/airflow/example_dags/example_python_decorator.py
[2025-06-12T15:15:27.167+0000] {logging_mixin.py:188} INFO - [2025-06-12T15:15:27.166+0000] {dag.py:3096} INFO - Sync 1 DAGs
[2025-06-12T15:15:27.175+0000] {logging_mixin.py:188} INFO - [2025-06-12T15:15:27.175+0000] {dag.py:3954} INFO - Setting next_dagrun for example_python_decorator to None, run_after=None
[2025-06-12T15:15:27.186+0000] {processor.py:183} INFO - Processing /home/airflow/.local/lib/python3.12/site-packages/airflow/example_dags/example_python_decorator.py took 0.047 seconds
[2025-06-12T15:15:57.719+0000] {processor.py:161} INFO - Started process (PID=1196) to work on /home/airflow/.local/lib/python3.12/site-packages/airflow/example_dags/example_python_decorator.py
[2025-06-12T15:15:57.720+0000] {processor.py:830} INFO - Processing file /home/airflow/.local/lib/python3.12/site-packages/airflow/example_dags/example_python_decorator.py for tasks to queue
[2025-06-12T15:15:57.721+0000] {logging_mixin.py:188} INFO - [2025-06-12T15:15:57.721+0000] {dagbag.py:540} INFO - Filling up the DagBag from /home/airflow/.local/lib/python3.12/site-packages/airflow/example_dags/example_python_decorator.py
[2025-06-12T15:15:57.729+0000] {processor.py:840} INFO - DAG(s) 'example_python_decorator' retrieved from /home/airflow/.local/lib/python3.12/site-packages/airflow/example_dags/example_python_decorator.py
[2025-06-12T15:15:57.741+0000] {logging_mixin.py:188} INFO - [2025-06-12T15:15:57.741+0000] {dag.py:3096} INFO - Sync 1 DAGs
[2025-06-12T15:15:57.747+0000] {logging_mixin.py:188} INFO - [2025-06-12T15:15:57.747+0000] {dag.py:3954} INFO - Setting next_dagrun for example_python_decorator to None, run_after=None
[2025-06-12T15:15:57.758+0000] {processor.py:183} INFO - Processing /home/airflow/.local/lib/python3.12/site-packages/airflow/example_dags/example_python_decorator.py took 0.042 seconds
[2025-06-12T15:16:28.891+0000] {processor.py:161} INFO - Started process (PID=1270) to work on /home/airflow/.local/lib/python3.12/site-packages/airflow/example_dags/example_python_decorator.py
[2025-06-12T15:16:28.893+0000] {processor.py:830} INFO - Processing file /home/airflow/.local/lib/python3.12/site-packages/airflow/example_dags/example_python_decorator.py for tasks to queue
[2025-06-12T15:16:28.894+0000] {logging_mixin.py:188} INFO - [2025-06-12T15:16:28.894+0000] {dagbag.py:540} INFO - Filling up the DagBag from /home/airflow/.local/lib/python3.12/site-packages/airflow/example_dags/example_python_decorator.py
[2025-06-12T15:16:28.900+0000] {processor.py:840} INFO - DAG(s) 'example_python_decorator' retrieved from /home/airflow/.local/lib/python3.12/site-packages/airflow/example_dags/example_python_decorator.py
[2025-06-12T15:16:28.915+0000] {logging_mixin.py:188} INFO - [2025-06-12T15:16:28.915+0000] {dag.py:3096} INFO - Sync 1 DAGs
[2025-06-12T15:16:28.920+0000] {logging_mixin.py:188} INFO - [2025-06-12T15:16:28.920+0000] {dag.py:3954} INFO - Setting next_dagrun for example_python_decorator to None, run_after=None
[2025-06-12T15:16:28.931+0000] {processor.py:183} INFO - Processing /home/airflow/.local/lib/python3.12/site-packages/airflow/example_dags/example_python_decorator.py took 0.043 seconds
[2025-06-12T15:16:59.816+0000] {processor.py:161} INFO - Started process (PID=1344) to work on /home/airflow/.local/lib/python3.12/site-packages/airflow/example_dags/example_python_decorator.py
[2025-06-12T15:16:59.817+0000] {processor.py:830} INFO - Processing file /home/airflow/.local/lib/python3.12/site-packages/airflow/example_dags/example_python_decorator.py for tasks to queue
[2025-06-12T15:16:59.818+0000] {logging_mixin.py:188} INFO - [2025-06-12T15:16:59.817+0000] {dagbag.py:540} INFO - Filling up the DagBag from /home/airflow/.local/lib/python3.12/site-packages/airflow/example_dags/example_python_decorator.py
[2025-06-12T15:16:59.825+0000] {processor.py:840} INFO - DAG(s) 'example_python_decorator' retrieved from /home/airflow/.local/lib/python3.12/site-packages/airflow/example_dags/example_python_decorator.py
[2025-06-12T15:16:59.843+0000] {logging_mixin.py:188} INFO - [2025-06-12T15:16:59.843+0000] {dag.py:3096} INFO - Sync 1 DAGs
[2025-06-12T15:16:59.850+0000] {logging_mixin.py:188} INFO - [2025-06-12T15:16:59.850+0000] {dag.py:3954} INFO - Setting next_dagrun for example_python_decorator to None, run_after=None
[2025-06-12T15:16:59.863+0000] {processor.py:183} INFO - Processing /home/airflow/.local/lib/python3.12/site-packages/airflow/example_dags/example_python_decorator.py took 0.049 seconds
[2025-06-12T15:17:30.454+0000] {processor.py:161} INFO - Started process (PID=1411) to work on /home/airflow/.local/lib/python3.12/site-packages/airflow/example_dags/example_python_decorator.py
[2025-06-12T15:17:30.454+0000] {processor.py:830} INFO - Processing file /home/airflow/.local/lib/python3.12/site-packages/airflow/example_dags/example_python_decorator.py for tasks to queue
[2025-06-12T15:17:30.456+0000] {logging_mixin.py:188} INFO - [2025-06-12T15:17:30.456+0000] {dagbag.py:540} INFO - Filling up the DagBag from /home/airflow/.local/lib/python3.12/site-packages/airflow/example_dags/example_python_decorator.py
[2025-06-12T15:17:30.462+0000] {processor.py:840} INFO - DAG(s) 'example_python_decorator' retrieved from /home/airflow/.local/lib/python3.12/site-packages/airflow/example_dags/example_python_decorator.py
[2025-06-12T15:17:30.473+0000] {logging_mixin.py:188} INFO - [2025-06-12T15:17:30.473+0000] {dag.py:3096} INFO - Sync 1 DAGs
[2025-06-12T15:17:30.567+0000] {logging_mixin.py:188} INFO - [2025-06-12T15:17:30.566+0000] {dag.py:3954} INFO - Setting next_dagrun for example_python_decorator to None, run_after=None
[2025-06-12T15:17:30.575+0000] {processor.py:183} INFO - Processing /home/airflow/.local/lib/python3.12/site-packages/airflow/example_dags/example_python_decorator.py took 0.124 seconds
[2025-06-12T15:18:00.709+0000] {processor.py:161} INFO - Started process (PID=1485) to work on /home/airflow/.local/lib/python3.12/site-packages/airflow/example_dags/example_python_decorator.py
[2025-06-12T15:18:00.710+0000] {processor.py:830} INFO - Processing file /home/airflow/.local/lib/python3.12/site-packages/airflow/example_dags/example_python_decorator.py for tasks to queue
[2025-06-12T15:18:00.711+0000] {logging_mixin.py:188} INFO - [2025-06-12T15:18:00.711+0000] {dagbag.py:540} INFO - Filling up the DagBag from /home/airflow/.local/lib/python3.12/site-packages/airflow/example_dags/example_python_decorator.py
[2025-06-12T15:18:00.718+0000] {processor.py:840} INFO - DAG(s) 'example_python_decorator' retrieved from /home/airflow/.local/lib/python3.12/site-packages/airflow/example_dags/example_python_decorator.py
[2025-06-12T15:18:00.735+0000] {logging_mixin.py:188} INFO - [2025-06-12T15:18:00.735+0000] {dag.py:3096} INFO - Sync 1 DAGs
[2025-06-12T15:18:00.741+0000] {logging_mixin.py:188} INFO - [2025-06-12T15:18:00.741+0000] {dag.py:3954} INFO - Setting next_dagrun for example_python_decorator to None, run_after=None
[2025-06-12T15:18:00.754+0000] {processor.py:183} INFO - Processing /home/airflow/.local/lib/python3.12/site-packages/airflow/example_dags/example_python_decorator.py took 0.048 seconds
[2025-06-12T15:18:31.197+0000] {processor.py:161} INFO - Started process (PID=1559) to work on /home/airflow/.local/lib/python3.12/site-packages/airflow/example_dags/example_python_decorator.py
[2025-06-12T15:18:31.201+0000] {processor.py:830} INFO - Processing file /home/airflow/.local/lib/python3.12/site-packages/airflow/example_dags/example_python_decorator.py for tasks to queue
[2025-06-12T15:18:31.204+0000] {logging_mixin.py:188} INFO - [2025-06-12T15:18:31.203+0000] {dagbag.py:540} INFO - Filling up the DagBag from /home/airflow/.local/lib/python3.12/site-packages/airflow/example_dags/example_python_decorator.py
[2025-06-12T15:18:31.225+0000] {processor.py:840} INFO - DAG(s) 'example_python_decorator' retrieved from /home/airflow/.local/lib/python3.12/site-packages/airflow/example_dags/example_python_decorator.py
[2025-06-12T15:18:31.267+0000] {logging_mixin.py:188} INFO - [2025-06-12T15:18:31.267+0000] {dag.py:3096} INFO - Sync 1 DAGs
[2025-06-12T15:18:31.289+0000] {logging_mixin.py:188} INFO - [2025-06-12T15:18:31.289+0000] {dag.py:3954} INFO - Setting next_dagrun for example_python_decorator to None, run_after=None
[2025-06-12T15:18:31.307+0000] {processor.py:183} INFO - Processing /home/airflow/.local/lib/python3.12/site-packages/airflow/example_dags/example_python_decorator.py took 0.123 seconds
