[2025-06-12T13:58:40.993+0000] {processor.py:161} INFO - Started process (PID=73) to work on /home/airflow/.local/lib/python3.12/site-packages/airflow/example_dags/example_short_circuit_decorator.py
[2025-06-12T13:58:40.995+0000] {processor.py:830} INFO - Processing file /home/airflow/.local/lib/python3.12/site-packages/airflow/example_dags/example_short_circuit_decorator.py for tasks to queue
[2025-06-12T13:58:40.998+0000] {logging_mixin.py:188} INFO - [2025-06-12T13:58:40.997+0000] {dagbag.py:540} INFO - Filling up the DagBag from /home/airflow/.local/lib/python3.12/site-packages/airflow/example_dags/example_short_circuit_decorator.py
[2025-06-12T13:58:41.017+0000] {processor.py:840} INFO - DAG(s) 'example_short_circuit_decorator' retrieved from /home/airflow/.local/lib/python3.12/site-packages/airflow/example_dags/example_short_circuit_decorator.py
[2025-06-12T13:58:41.034+0000] {logging_mixin.py:188} INFO - [2025-06-12T13:58:41.034+0000] {dag.py:3096} INFO - Sync 1 DAGs
[2025-06-12T13:58:41.063+0000] {logging_mixin.py:188} INFO - [2025-06-12T13:58:41.063+0000] {dag.py:3954} INFO - Setting next_dagrun for example_short_circuit_decorator to 2025-06-11 00:00:00+00:00, run_after=2025-06-12 00:00:00+00:00
[2025-06-12T13:58:41.086+0000] {processor.py:183} INFO - Processing /home/airflow/.local/lib/python3.12/site-packages/airflow/example_dags/example_short_circuit_decorator.py took 0.100 seconds
[2025-06-12T13:59:11.565+0000] {processor.py:161} INFO - Started process (PID=140) to work on /home/airflow/.local/lib/python3.12/site-packages/airflow/example_dags/example_short_circuit_decorator.py
[2025-06-12T13:59:11.567+0000] {processor.py:830} INFO - Processing file /home/airflow/.local/lib/python3.12/site-packages/airflow/example_dags/example_short_circuit_decorator.py for tasks to queue
[2025-06-12T13:59:11.568+0000] {logging_mixin.py:188} INFO - [2025-06-12T13:59:11.568+0000] {dagbag.py:540} INFO - Filling up the DagBag from /home/airflow/.local/lib/python3.12/site-packages/airflow/example_dags/example_short_circuit_decorator.py
[2025-06-12T13:59:11.572+0000] {processor.py:840} INFO - DAG(s) 'example_short_circuit_decorator' retrieved from /home/airflow/.local/lib/python3.12/site-packages/airflow/example_dags/example_short_circuit_decorator.py
[2025-06-12T13:59:11.618+0000] {logging_mixin.py:188} INFO - [2025-06-12T13:59:11.618+0000] {dag.py:3096} INFO - Sync 1 DAGs
[2025-06-12T13:59:11.628+0000] {logging_mixin.py:188} INFO - [2025-06-12T13:59:11.628+0000] {dag.py:3954} INFO - Setting next_dagrun for example_short_circuit_decorator to 2025-06-11 00:00:00+00:00, run_after=2025-06-12 00:00:00+00:00
[2025-06-12T13:59:11.639+0000] {processor.py:183} INFO - Processing /home/airflow/.local/lib/python3.12/site-packages/airflow/example_dags/example_short_circuit_decorator.py took 0.076 seconds
[2025-06-12T13:59:42.069+0000] {processor.py:161} INFO - Started process (PID=214) to work on /home/airflow/.local/lib/python3.12/site-packages/airflow/example_dags/example_short_circuit_decorator.py
[2025-06-12T13:59:42.070+0000] {processor.py:830} INFO - Processing file /home/airflow/.local/lib/python3.12/site-packages/airflow/example_dags/example_short_circuit_decorator.py for tasks to queue
[2025-06-12T13:59:42.071+0000] {logging_mixin.py:188} INFO - [2025-06-12T13:59:42.071+0000] {dagbag.py:540} INFO - Filling up the DagBag from /home/airflow/.local/lib/python3.12/site-packages/airflow/example_dags/example_short_circuit_decorator.py
[2025-06-12T13:59:42.077+0000] {processor.py:840} INFO - DAG(s) 'example_short_circuit_decorator' retrieved from /home/airflow/.local/lib/python3.12/site-packages/airflow/example_dags/example_short_circuit_decorator.py
[2025-06-12T13:59:42.116+0000] {logging_mixin.py:188} INFO - [2025-06-12T13:59:42.115+0000] {dag.py:3096} INFO - Sync 1 DAGs
[2025-06-12T13:59:42.133+0000] {logging_mixin.py:188} INFO - [2025-06-12T13:59:42.133+0000] {dag.py:3954} INFO - Setting next_dagrun for example_short_circuit_decorator to 2025-06-11 00:00:00+00:00, run_after=2025-06-12 00:00:00+00:00
[2025-06-12T13:59:42.154+0000] {processor.py:183} INFO - Processing /home/airflow/.local/lib/python3.12/site-packages/airflow/example_dags/example_short_circuit_decorator.py took 0.089 seconds
[2025-06-12T14:00:12.857+0000] {processor.py:161} INFO - Started process (PID=281) to work on /home/airflow/.local/lib/python3.12/site-packages/airflow/example_dags/example_short_circuit_decorator.py
[2025-06-12T14:00:12.858+0000] {processor.py:830} INFO - Processing file /home/airflow/.local/lib/python3.12/site-packages/airflow/example_dags/example_short_circuit_decorator.py for tasks to queue
[2025-06-12T14:00:12.859+0000] {logging_mixin.py:188} INFO - [2025-06-12T14:00:12.859+0000] {dagbag.py:540} INFO - Filling up the DagBag from /home/airflow/.local/lib/python3.12/site-packages/airflow/example_dags/example_short_circuit_decorator.py
[2025-06-12T14:00:12.863+0000] {processor.py:840} INFO - DAG(s) 'example_short_circuit_decorator' retrieved from /home/airflow/.local/lib/python3.12/site-packages/airflow/example_dags/example_short_circuit_decorator.py
[2025-06-12T14:00:12.877+0000] {logging_mixin.py:188} INFO - [2025-06-12T14:00:12.877+0000] {dag.py:3096} INFO - Sync 1 DAGs
[2025-06-12T14:00:12.887+0000] {logging_mixin.py:188} INFO - [2025-06-12T14:00:12.887+0000] {dag.py:3954} INFO - Setting next_dagrun for example_short_circuit_decorator to 2025-06-11 00:00:00+00:00, run_after=2025-06-12 00:00:00+00:00
[2025-06-12T14:00:12.901+0000] {processor.py:183} INFO - Processing /home/airflow/.local/lib/python3.12/site-packages/airflow/example_dags/example_short_circuit_decorator.py took 0.046 seconds
[2025-06-12T14:00:43.025+0000] {processor.py:161} INFO - Started process (PID=355) to work on /home/airflow/.local/lib/python3.12/site-packages/airflow/example_dags/example_short_circuit_decorator.py
[2025-06-12T14:00:43.026+0000] {processor.py:830} INFO - Processing file /home/airflow/.local/lib/python3.12/site-packages/airflow/example_dags/example_short_circuit_decorator.py for tasks to queue
[2025-06-12T14:00:43.027+0000] {logging_mixin.py:188} INFO - [2025-06-12T14:00:43.027+0000] {dagbag.py:540} INFO - Filling up the DagBag from /home/airflow/.local/lib/python3.12/site-packages/airflow/example_dags/example_short_circuit_decorator.py
[2025-06-12T14:00:43.034+0000] {processor.py:840} INFO - DAG(s) 'example_short_circuit_decorator' retrieved from /home/airflow/.local/lib/python3.12/site-packages/airflow/example_dags/example_short_circuit_decorator.py
[2025-06-12T14:00:43.048+0000] {logging_mixin.py:188} INFO - [2025-06-12T14:00:43.048+0000] {dag.py:3096} INFO - Sync 1 DAGs
[2025-06-12T14:00:43.057+0000] {logging_mixin.py:188} INFO - [2025-06-12T14:00:43.057+0000] {dag.py:3954} INFO - Setting next_dagrun for example_short_circuit_decorator to 2025-06-11 00:00:00+00:00, run_after=2025-06-12 00:00:00+00:00
[2025-06-12T14:00:43.076+0000] {processor.py:183} INFO - Processing /home/airflow/.local/lib/python3.12/site-packages/airflow/example_dags/example_short_circuit_decorator.py took 0.053 seconds
[2025-06-12T14:01:14.233+0000] {processor.py:161} INFO - Started process (PID=422) to work on /home/airflow/.local/lib/python3.12/site-packages/airflow/example_dags/example_short_circuit_decorator.py
[2025-06-12T14:01:14.234+0000] {processor.py:830} INFO - Processing file /home/airflow/.local/lib/python3.12/site-packages/airflow/example_dags/example_short_circuit_decorator.py for tasks to queue
[2025-06-12T14:01:14.235+0000] {logging_mixin.py:188} INFO - [2025-06-12T14:01:14.235+0000] {dagbag.py:540} INFO - Filling up the DagBag from /home/airflow/.local/lib/python3.12/site-packages/airflow/example_dags/example_short_circuit_decorator.py
[2025-06-12T14:01:14.240+0000] {processor.py:840} INFO - DAG(s) 'example_short_circuit_decorator' retrieved from /home/airflow/.local/lib/python3.12/site-packages/airflow/example_dags/example_short_circuit_decorator.py
[2025-06-12T14:01:14.256+0000] {logging_mixin.py:188} INFO - [2025-06-12T14:01:14.256+0000] {dag.py:3096} INFO - Sync 1 DAGs
[2025-06-12T14:01:14.269+0000] {logging_mixin.py:188} INFO - [2025-06-12T14:01:14.269+0000] {dag.py:3954} INFO - Setting next_dagrun for example_short_circuit_decorator to 2025-06-11 00:00:00+00:00, run_after=2025-06-12 00:00:00+00:00
[2025-06-12T14:01:14.277+0000] {processor.py:183} INFO - Processing /home/airflow/.local/lib/python3.12/site-packages/airflow/example_dags/example_short_circuit_decorator.py took 0.048 seconds
[2025-06-12T14:15:48.968+0000] {processor.py:161} INFO - Started process (PID=74) to work on /home/airflow/.local/lib/python3.12/site-packages/airflow/example_dags/example_short_circuit_decorator.py
[2025-06-12T14:15:48.973+0000] {processor.py:830} INFO - Processing file /home/airflow/.local/lib/python3.12/site-packages/airflow/example_dags/example_short_circuit_decorator.py for tasks to queue
[2025-06-12T14:15:48.976+0000] {logging_mixin.py:188} INFO - [2025-06-12T14:15:48.976+0000] {dagbag.py:540} INFO - Filling up the DagBag from /home/airflow/.local/lib/python3.12/site-packages/airflow/example_dags/example_short_circuit_decorator.py
[2025-06-12T14:15:49.016+0000] {processor.py:840} INFO - DAG(s) 'example_short_circuit_decorator' retrieved from /home/airflow/.local/lib/python3.12/site-packages/airflow/example_dags/example_short_circuit_decorator.py
[2025-06-12T14:15:49.046+0000] {logging_mixin.py:188} INFO - [2025-06-12T14:15:49.046+0000] {dag.py:3096} INFO - Sync 1 DAGs
[2025-06-12T14:15:49.062+0000] {logging_mixin.py:188} INFO - [2025-06-12T14:15:49.062+0000] {dag.py:3954} INFO - Setting next_dagrun for example_short_circuit_decorator to 2025-06-11 00:00:00+00:00, run_after=2025-06-12 00:00:00+00:00
[2025-06-12T14:15:49.080+0000] {processor.py:183} INFO - Processing /home/airflow/.local/lib/python3.12/site-packages/airflow/example_dags/example_short_circuit_decorator.py took 0.115 seconds
[2025-06-12T14:16:20.078+0000] {processor.py:161} INFO - Started process (PID=148) to work on /home/airflow/.local/lib/python3.12/site-packages/airflow/example_dags/example_short_circuit_decorator.py
[2025-06-12T14:16:20.081+0000] {processor.py:830} INFO - Processing file /home/airflow/.local/lib/python3.12/site-packages/airflow/example_dags/example_short_circuit_decorator.py for tasks to queue
[2025-06-12T14:16:20.082+0000] {logging_mixin.py:188} INFO - [2025-06-12T14:16:20.082+0000] {dagbag.py:540} INFO - Filling up the DagBag from /home/airflow/.local/lib/python3.12/site-packages/airflow/example_dags/example_short_circuit_decorator.py
[2025-06-12T14:16:20.088+0000] {processor.py:840} INFO - DAG(s) 'example_short_circuit_decorator' retrieved from /home/airflow/.local/lib/python3.12/site-packages/airflow/example_dags/example_short_circuit_decorator.py
[2025-06-12T14:16:20.151+0000] {logging_mixin.py:188} INFO - [2025-06-12T14:16:20.151+0000] {dag.py:3096} INFO - Sync 1 DAGs
[2025-06-12T14:16:20.163+0000] {logging_mixin.py:188} INFO - [2025-06-12T14:16:20.163+0000] {dag.py:3954} INFO - Setting next_dagrun for example_short_circuit_decorator to 2025-06-11 00:00:00+00:00, run_after=2025-06-12 00:00:00+00:00
[2025-06-12T14:16:20.175+0000] {processor.py:183} INFO - Processing /home/airflow/.local/lib/python3.12/site-packages/airflow/example_dags/example_short_circuit_decorator.py took 0.102 seconds
[2025-06-12T14:16:50.643+0000] {processor.py:161} INFO - Started process (PID=215) to work on /home/airflow/.local/lib/python3.12/site-packages/airflow/example_dags/example_short_circuit_decorator.py
[2025-06-12T14:16:50.644+0000] {processor.py:830} INFO - Processing file /home/airflow/.local/lib/python3.12/site-packages/airflow/example_dags/example_short_circuit_decorator.py for tasks to queue
[2025-06-12T14:16:50.645+0000] {logging_mixin.py:188} INFO - [2025-06-12T14:16:50.645+0000] {dagbag.py:540} INFO - Filling up the DagBag from /home/airflow/.local/lib/python3.12/site-packages/airflow/example_dags/example_short_circuit_decorator.py
[2025-06-12T14:16:50.648+0000] {processor.py:840} INFO - DAG(s) 'example_short_circuit_decorator' retrieved from /home/airflow/.local/lib/python3.12/site-packages/airflow/example_dags/example_short_circuit_decorator.py
[2025-06-12T14:16:50.659+0000] {logging_mixin.py:188} INFO - [2025-06-12T14:16:50.659+0000] {dag.py:3096} INFO - Sync 1 DAGs
[2025-06-12T14:16:50.669+0000] {logging_mixin.py:188} INFO - [2025-06-12T14:16:50.669+0000] {dag.py:3954} INFO - Setting next_dagrun for example_short_circuit_decorator to 2025-06-11 00:00:00+00:00, run_after=2025-06-12 00:00:00+00:00
[2025-06-12T14:16:50.681+0000] {processor.py:183} INFO - Processing /home/airflow/.local/lib/python3.12/site-packages/airflow/example_dags/example_short_circuit_decorator.py took 0.040 seconds
[2025-06-12T14:17:21.198+0000] {processor.py:161} INFO - Started process (PID=289) to work on /home/airflow/.local/lib/python3.12/site-packages/airflow/example_dags/example_short_circuit_decorator.py
[2025-06-12T14:17:21.198+0000] {processor.py:830} INFO - Processing file /home/airflow/.local/lib/python3.12/site-packages/airflow/example_dags/example_short_circuit_decorator.py for tasks to queue
[2025-06-12T14:17:21.199+0000] {logging_mixin.py:188} INFO - [2025-06-12T14:17:21.199+0000] {dagbag.py:540} INFO - Filling up the DagBag from /home/airflow/.local/lib/python3.12/site-packages/airflow/example_dags/example_short_circuit_decorator.py
[2025-06-12T14:17:21.206+0000] {processor.py:840} INFO - DAG(s) 'example_short_circuit_decorator' retrieved from /home/airflow/.local/lib/python3.12/site-packages/airflow/example_dags/example_short_circuit_decorator.py
[2025-06-12T14:17:21.262+0000] {logging_mixin.py:188} INFO - [2025-06-12T14:17:21.261+0000] {dag.py:3096} INFO - Sync 1 DAGs
[2025-06-12T14:17:21.274+0000] {logging_mixin.py:188} INFO - [2025-06-12T14:17:21.274+0000] {dag.py:3954} INFO - Setting next_dagrun for example_short_circuit_decorator to 2025-06-11 00:00:00+00:00, run_after=2025-06-12 00:00:00+00:00
[2025-06-12T14:17:21.288+0000] {processor.py:183} INFO - Processing /home/airflow/.local/lib/python3.12/site-packages/airflow/example_dags/example_short_circuit_decorator.py took 0.093 seconds
[2025-06-12T14:17:51.737+0000] {processor.py:161} INFO - Started process (PID=355) to work on /home/airflow/.local/lib/python3.12/site-packages/airflow/example_dags/example_short_circuit_decorator.py
[2025-06-12T14:17:51.739+0000] {processor.py:830} INFO - Processing file /home/airflow/.local/lib/python3.12/site-packages/airflow/example_dags/example_short_circuit_decorator.py for tasks to queue
[2025-06-12T14:17:51.740+0000] {logging_mixin.py:188} INFO - [2025-06-12T14:17:51.740+0000] {dagbag.py:540} INFO - Filling up the DagBag from /home/airflow/.local/lib/python3.12/site-packages/airflow/example_dags/example_short_circuit_decorator.py
[2025-06-12T14:17:51.745+0000] {processor.py:840} INFO - DAG(s) 'example_short_circuit_decorator' retrieved from /home/airflow/.local/lib/python3.12/site-packages/airflow/example_dags/example_short_circuit_decorator.py
[2025-06-12T14:17:51.762+0000] {logging_mixin.py:188} INFO - [2025-06-12T14:17:51.761+0000] {dag.py:3096} INFO - Sync 1 DAGs
[2025-06-12T14:17:51.771+0000] {logging_mixin.py:188} INFO - [2025-06-12T14:17:51.771+0000] {dag.py:3954} INFO - Setting next_dagrun for example_short_circuit_decorator to 2025-06-11 00:00:00+00:00, run_after=2025-06-12 00:00:00+00:00
[2025-06-12T14:17:51.784+0000] {processor.py:183} INFO - Processing /home/airflow/.local/lib/python3.12/site-packages/airflow/example_dags/example_short_circuit_decorator.py took 0.050 seconds
[2025-06-12T14:18:38.229+0000] {processor.py:161} INFO - Started process (PID=73) to work on /home/airflow/.local/lib/python3.12/site-packages/airflow/example_dags/example_short_circuit_decorator.py
[2025-06-12T14:18:38.230+0000] {processor.py:830} INFO - Processing file /home/airflow/.local/lib/python3.12/site-packages/airflow/example_dags/example_short_circuit_decorator.py for tasks to queue
[2025-06-12T14:18:38.231+0000] {logging_mixin.py:188} INFO - [2025-06-12T14:18:38.231+0000] {dagbag.py:540} INFO - Filling up the DagBag from /home/airflow/.local/lib/python3.12/site-packages/airflow/example_dags/example_short_circuit_decorator.py
[2025-06-12T14:18:38.236+0000] {processor.py:840} INFO - DAG(s) 'example_short_circuit_decorator' retrieved from /home/airflow/.local/lib/python3.12/site-packages/airflow/example_dags/example_short_circuit_decorator.py
[2025-06-12T14:18:38.251+0000] {logging_mixin.py:188} INFO - [2025-06-12T14:18:38.251+0000] {dag.py:3096} INFO - Sync 1 DAGs
[2025-06-12T14:18:38.261+0000] {logging_mixin.py:188} INFO - [2025-06-12T14:18:38.261+0000] {dag.py:3954} INFO - Setting next_dagrun for example_short_circuit_decorator to 2025-06-11 00:00:00+00:00, run_after=2025-06-12 00:00:00+00:00
[2025-06-12T14:18:38.271+0000] {processor.py:183} INFO - Processing /home/airflow/.local/lib/python3.12/site-packages/airflow/example_dags/example_short_circuit_decorator.py took 0.045 seconds
[2025-06-12T14:19:08.331+0000] {processor.py:161} INFO - Started process (PID=139) to work on /home/airflow/.local/lib/python3.12/site-packages/airflow/example_dags/example_short_circuit_decorator.py
[2025-06-12T14:19:08.331+0000] {processor.py:830} INFO - Processing file /home/airflow/.local/lib/python3.12/site-packages/airflow/example_dags/example_short_circuit_decorator.py for tasks to queue
[2025-06-12T14:19:08.332+0000] {logging_mixin.py:188} INFO - [2025-06-12T14:19:08.332+0000] {dagbag.py:540} INFO - Filling up the DagBag from /home/airflow/.local/lib/python3.12/site-packages/airflow/example_dags/example_short_circuit_decorator.py
[2025-06-12T14:19:08.336+0000] {processor.py:840} INFO - DAG(s) 'example_short_circuit_decorator' retrieved from /home/airflow/.local/lib/python3.12/site-packages/airflow/example_dags/example_short_circuit_decorator.py
[2025-06-12T14:19:08.343+0000] {logging_mixin.py:188} INFO - [2025-06-12T14:19:08.343+0000] {dag.py:3096} INFO - Sync 1 DAGs
[2025-06-12T14:19:08.352+0000] {logging_mixin.py:188} INFO - [2025-06-12T14:19:08.352+0000] {dag.py:3954} INFO - Setting next_dagrun for example_short_circuit_decorator to 2025-06-11 00:00:00+00:00, run_after=2025-06-12 00:00:00+00:00
[2025-06-12T14:19:08.360+0000] {processor.py:183} INFO - Processing /home/airflow/.local/lib/python3.12/site-packages/airflow/example_dags/example_short_circuit_decorator.py took 0.032 seconds
[2025-06-12T14:19:38.715+0000] {processor.py:161} INFO - Started process (PID=213) to work on /home/airflow/.local/lib/python3.12/site-packages/airflow/example_dags/example_short_circuit_decorator.py
[2025-06-12T14:19:38.716+0000] {processor.py:830} INFO - Processing file /home/airflow/.local/lib/python3.12/site-packages/airflow/example_dags/example_short_circuit_decorator.py for tasks to queue
[2025-06-12T14:19:38.717+0000] {logging_mixin.py:188} INFO - [2025-06-12T14:19:38.717+0000] {dagbag.py:540} INFO - Filling up the DagBag from /home/airflow/.local/lib/python3.12/site-packages/airflow/example_dags/example_short_circuit_decorator.py
[2025-06-12T14:19:38.721+0000] {processor.py:840} INFO - DAG(s) 'example_short_circuit_decorator' retrieved from /home/airflow/.local/lib/python3.12/site-packages/airflow/example_dags/example_short_circuit_decorator.py
[2025-06-12T14:19:38.766+0000] {logging_mixin.py:188} INFO - [2025-06-12T14:19:38.765+0000] {dag.py:3096} INFO - Sync 1 DAGs
[2025-06-12T14:19:38.773+0000] {logging_mixin.py:188} INFO - [2025-06-12T14:19:38.773+0000] {dag.py:3954} INFO - Setting next_dagrun for example_short_circuit_decorator to 2025-06-11 00:00:00+00:00, run_after=2025-06-12 00:00:00+00:00
[2025-06-12T14:19:38.781+0000] {processor.py:183} INFO - Processing /home/airflow/.local/lib/python3.12/site-packages/airflow/example_dags/example_short_circuit_decorator.py took 0.068 seconds
[2025-06-12T14:20:08.900+0000] {processor.py:161} INFO - Started process (PID=287) to work on /home/airflow/.local/lib/python3.12/site-packages/airflow/example_dags/example_short_circuit_decorator.py
[2025-06-12T14:20:08.901+0000] {processor.py:830} INFO - Processing file /home/airflow/.local/lib/python3.12/site-packages/airflow/example_dags/example_short_circuit_decorator.py for tasks to queue
[2025-06-12T14:20:08.904+0000] {logging_mixin.py:188} INFO - [2025-06-12T14:20:08.904+0000] {dagbag.py:540} INFO - Filling up the DagBag from /home/airflow/.local/lib/python3.12/site-packages/airflow/example_dags/example_short_circuit_decorator.py
[2025-06-12T14:20:08.908+0000] {processor.py:840} INFO - DAG(s) 'example_short_circuit_decorator' retrieved from /home/airflow/.local/lib/python3.12/site-packages/airflow/example_dags/example_short_circuit_decorator.py
[2025-06-12T14:20:08.932+0000] {logging_mixin.py:188} INFO - [2025-06-12T14:20:08.932+0000] {dag.py:3096} INFO - Sync 1 DAGs
[2025-06-12T14:20:08.949+0000] {logging_mixin.py:188} INFO - [2025-06-12T14:20:08.949+0000] {dag.py:3954} INFO - Setting next_dagrun for example_short_circuit_decorator to 2025-06-11 00:00:00+00:00, run_after=2025-06-12 00:00:00+00:00
[2025-06-12T14:20:08.966+0000] {processor.py:183} INFO - Processing /home/airflow/.local/lib/python3.12/site-packages/airflow/example_dags/example_short_circuit_decorator.py took 0.070 seconds
[2025-06-12T14:20:39.339+0000] {processor.py:161} INFO - Started process (PID=354) to work on /home/airflow/.local/lib/python3.12/site-packages/airflow/example_dags/example_short_circuit_decorator.py
[2025-06-12T14:20:39.342+0000] {processor.py:830} INFO - Processing file /home/airflow/.local/lib/python3.12/site-packages/airflow/example_dags/example_short_circuit_decorator.py for tasks to queue
[2025-06-12T14:20:39.343+0000] {logging_mixin.py:188} INFO - [2025-06-12T14:20:39.343+0000] {dagbag.py:540} INFO - Filling up the DagBag from /home/airflow/.local/lib/python3.12/site-packages/airflow/example_dags/example_short_circuit_decorator.py
[2025-06-12T14:20:39.347+0000] {processor.py:840} INFO - DAG(s) 'example_short_circuit_decorator' retrieved from /home/airflow/.local/lib/python3.12/site-packages/airflow/example_dags/example_short_circuit_decorator.py
[2025-06-12T14:20:39.360+0000] {logging_mixin.py:188} INFO - [2025-06-12T14:20:39.360+0000] {dag.py:3096} INFO - Sync 1 DAGs
[2025-06-12T14:20:39.368+0000] {logging_mixin.py:188} INFO - [2025-06-12T14:20:39.368+0000] {dag.py:3954} INFO - Setting next_dagrun for example_short_circuit_decorator to 2025-06-11 00:00:00+00:00, run_after=2025-06-12 00:00:00+00:00
[2025-06-12T14:20:39.379+0000] {processor.py:183} INFO - Processing /home/airflow/.local/lib/python3.12/site-packages/airflow/example_dags/example_short_circuit_decorator.py took 0.043 seconds
[2025-06-12T14:21:09.985+0000] {processor.py:161} INFO - Started process (PID=428) to work on /home/airflow/.local/lib/python3.12/site-packages/airflow/example_dags/example_short_circuit_decorator.py
[2025-06-12T14:21:09.987+0000] {processor.py:830} INFO - Processing file /home/airflow/.local/lib/python3.12/site-packages/airflow/example_dags/example_short_circuit_decorator.py for tasks to queue
[2025-06-12T14:21:09.988+0000] {logging_mixin.py:188} INFO - [2025-06-12T14:21:09.988+0000] {dagbag.py:540} INFO - Filling up the DagBag from /home/airflow/.local/lib/python3.12/site-packages/airflow/example_dags/example_short_circuit_decorator.py
[2025-06-12T14:21:09.993+0000] {processor.py:840} INFO - DAG(s) 'example_short_circuit_decorator' retrieved from /home/airflow/.local/lib/python3.12/site-packages/airflow/example_dags/example_short_circuit_decorator.py
[2025-06-12T14:21:10.007+0000] {logging_mixin.py:188} INFO - [2025-06-12T14:21:10.007+0000] {dag.py:3096} INFO - Sync 1 DAGs
[2025-06-12T14:21:10.018+0000] {logging_mixin.py:188} INFO - [2025-06-12T14:21:10.017+0000] {dag.py:3954} INFO - Setting next_dagrun for example_short_circuit_decorator to 2025-06-11 00:00:00+00:00, run_after=2025-06-12 00:00:00+00:00
[2025-06-12T14:21:10.030+0000] {processor.py:183} INFO - Processing /home/airflow/.local/lib/python3.12/site-packages/airflow/example_dags/example_short_circuit_decorator.py took 0.048 seconds
[2025-06-12T14:21:40.595+0000] {processor.py:161} INFO - Started process (PID=494) to work on /home/airflow/.local/lib/python3.12/site-packages/airflow/example_dags/example_short_circuit_decorator.py
[2025-06-12T14:21:40.596+0000] {processor.py:830} INFO - Processing file /home/airflow/.local/lib/python3.12/site-packages/airflow/example_dags/example_short_circuit_decorator.py for tasks to queue
[2025-06-12T14:21:40.598+0000] {logging_mixin.py:188} INFO - [2025-06-12T14:21:40.597+0000] {dagbag.py:540} INFO - Filling up the DagBag from /home/airflow/.local/lib/python3.12/site-packages/airflow/example_dags/example_short_circuit_decorator.py
[2025-06-12T14:21:40.603+0000] {processor.py:840} INFO - DAG(s) 'example_short_circuit_decorator' retrieved from /home/airflow/.local/lib/python3.12/site-packages/airflow/example_dags/example_short_circuit_decorator.py
[2025-06-12T14:21:40.616+0000] {logging_mixin.py:188} INFO - [2025-06-12T14:21:40.616+0000] {dag.py:3096} INFO - Sync 1 DAGs
[2025-06-12T14:21:40.626+0000] {logging_mixin.py:188} INFO - [2025-06-12T14:21:40.626+0000] {dag.py:3954} INFO - Setting next_dagrun for example_short_circuit_decorator to 2025-06-11 00:00:00+00:00, run_after=2025-06-12 00:00:00+00:00
[2025-06-12T14:21:40.637+0000] {processor.py:183} INFO - Processing /home/airflow/.local/lib/python3.12/site-packages/airflow/example_dags/example_short_circuit_decorator.py took 0.045 seconds
[2025-06-12T14:22:11.523+0000] {processor.py:161} INFO - Started process (PID=568) to work on /home/airflow/.local/lib/python3.12/site-packages/airflow/example_dags/example_short_circuit_decorator.py
[2025-06-12T14:22:11.525+0000] {processor.py:830} INFO - Processing file /home/airflow/.local/lib/python3.12/site-packages/airflow/example_dags/example_short_circuit_decorator.py for tasks to queue
[2025-06-12T14:22:11.526+0000] {logging_mixin.py:188} INFO - [2025-06-12T14:22:11.525+0000] {dagbag.py:540} INFO - Filling up the DagBag from /home/airflow/.local/lib/python3.12/site-packages/airflow/example_dags/example_short_circuit_decorator.py
[2025-06-12T14:22:11.530+0000] {processor.py:840} INFO - DAG(s) 'example_short_circuit_decorator' retrieved from /home/airflow/.local/lib/python3.12/site-packages/airflow/example_dags/example_short_circuit_decorator.py
[2025-06-12T14:22:11.543+0000] {logging_mixin.py:188} INFO - [2025-06-12T14:22:11.543+0000] {dag.py:3096} INFO - Sync 1 DAGs
[2025-06-12T14:22:11.554+0000] {logging_mixin.py:188} INFO - [2025-06-12T14:22:11.554+0000] {dag.py:3954} INFO - Setting next_dagrun for example_short_circuit_decorator to 2025-06-11 00:00:00+00:00, run_after=2025-06-12 00:00:00+00:00
[2025-06-12T14:22:11.566+0000] {processor.py:183} INFO - Processing /home/airflow/.local/lib/python3.12/site-packages/airflow/example_dags/example_short_circuit_decorator.py took 0.045 seconds
[2025-06-12T14:22:41.722+0000] {processor.py:161} INFO - Started process (PID=642) to work on /home/airflow/.local/lib/python3.12/site-packages/airflow/example_dags/example_short_circuit_decorator.py
[2025-06-12T14:22:41.723+0000] {processor.py:830} INFO - Processing file /home/airflow/.local/lib/python3.12/site-packages/airflow/example_dags/example_short_circuit_decorator.py for tasks to queue
[2025-06-12T14:22:41.724+0000] {logging_mixin.py:188} INFO - [2025-06-12T14:22:41.723+0000] {dagbag.py:540} INFO - Filling up the DagBag from /home/airflow/.local/lib/python3.12/site-packages/airflow/example_dags/example_short_circuit_decorator.py
[2025-06-12T14:22:41.727+0000] {processor.py:840} INFO - DAG(s) 'example_short_circuit_decorator' retrieved from /home/airflow/.local/lib/python3.12/site-packages/airflow/example_dags/example_short_circuit_decorator.py
[2025-06-12T14:22:41.739+0000] {logging_mixin.py:188} INFO - [2025-06-12T14:22:41.739+0000] {dag.py:3096} INFO - Sync 1 DAGs
[2025-06-12T14:22:41.747+0000] {logging_mixin.py:188} INFO - [2025-06-12T14:22:41.747+0000] {dag.py:3954} INFO - Setting next_dagrun for example_short_circuit_decorator to 2025-06-11 00:00:00+00:00, run_after=2025-06-12 00:00:00+00:00
[2025-06-12T14:22:41.760+0000] {processor.py:183} INFO - Processing /home/airflow/.local/lib/python3.12/site-packages/airflow/example_dags/example_short_circuit_decorator.py took 0.040 seconds
[2025-06-12T14:23:12.029+0000] {processor.py:161} INFO - Started process (PID=709) to work on /home/airflow/.local/lib/python3.12/site-packages/airflow/example_dags/example_short_circuit_decorator.py
[2025-06-12T14:23:12.030+0000] {processor.py:830} INFO - Processing file /home/airflow/.local/lib/python3.12/site-packages/airflow/example_dags/example_short_circuit_decorator.py for tasks to queue
[2025-06-12T14:23:12.031+0000] {logging_mixin.py:188} INFO - [2025-06-12T14:23:12.031+0000] {dagbag.py:540} INFO - Filling up the DagBag from /home/airflow/.local/lib/python3.12/site-packages/airflow/example_dags/example_short_circuit_decorator.py
[2025-06-12T14:23:12.036+0000] {processor.py:840} INFO - DAG(s) 'example_short_circuit_decorator' retrieved from /home/airflow/.local/lib/python3.12/site-packages/airflow/example_dags/example_short_circuit_decorator.py
[2025-06-12T14:23:12.050+0000] {logging_mixin.py:188} INFO - [2025-06-12T14:23:12.050+0000] {dag.py:3096} INFO - Sync 1 DAGs
[2025-06-12T14:23:12.062+0000] {logging_mixin.py:188} INFO - [2025-06-12T14:23:12.061+0000] {dag.py:3954} INFO - Setting next_dagrun for example_short_circuit_decorator to 2025-06-11 00:00:00+00:00, run_after=2025-06-12 00:00:00+00:00
[2025-06-12T14:23:12.070+0000] {processor.py:183} INFO - Processing /home/airflow/.local/lib/python3.12/site-packages/airflow/example_dags/example_short_circuit_decorator.py took 0.044 seconds
[2025-06-12T14:23:42.140+0000] {processor.py:161} INFO - Started process (PID=783) to work on /home/airflow/.local/lib/python3.12/site-packages/airflow/example_dags/example_short_circuit_decorator.py
[2025-06-12T14:23:42.142+0000] {processor.py:830} INFO - Processing file /home/airflow/.local/lib/python3.12/site-packages/airflow/example_dags/example_short_circuit_decorator.py for tasks to queue
[2025-06-12T14:23:42.144+0000] {logging_mixin.py:188} INFO - [2025-06-12T14:23:42.144+0000] {dagbag.py:540} INFO - Filling up the DagBag from /home/airflow/.local/lib/python3.12/site-packages/airflow/example_dags/example_short_circuit_decorator.py
[2025-06-12T14:23:42.147+0000] {processor.py:840} INFO - DAG(s) 'example_short_circuit_decorator' retrieved from /home/airflow/.local/lib/python3.12/site-packages/airflow/example_dags/example_short_circuit_decorator.py
[2025-06-12T14:23:42.163+0000] {logging_mixin.py:188} INFO - [2025-06-12T14:23:42.163+0000] {dag.py:3096} INFO - Sync 1 DAGs
[2025-06-12T14:23:42.171+0000] {logging_mixin.py:188} INFO - [2025-06-12T14:23:42.171+0000] {dag.py:3954} INFO - Setting next_dagrun for example_short_circuit_decorator to 2025-06-11 00:00:00+00:00, run_after=2025-06-12 00:00:00+00:00
[2025-06-12T14:23:42.181+0000] {processor.py:183} INFO - Processing /home/airflow/.local/lib/python3.12/site-packages/airflow/example_dags/example_short_circuit_decorator.py took 0.043 seconds
[2025-06-12T14:24:12.654+0000] {processor.py:161} INFO - Started process (PID=857) to work on /home/airflow/.local/lib/python3.12/site-packages/airflow/example_dags/example_short_circuit_decorator.py
[2025-06-12T14:24:12.655+0000] {processor.py:830} INFO - Processing file /home/airflow/.local/lib/python3.12/site-packages/airflow/example_dags/example_short_circuit_decorator.py for tasks to queue
[2025-06-12T14:24:12.656+0000] {logging_mixin.py:188} INFO - [2025-06-12T14:24:12.656+0000] {dagbag.py:540} INFO - Filling up the DagBag from /home/airflow/.local/lib/python3.12/site-packages/airflow/example_dags/example_short_circuit_decorator.py
[2025-06-12T14:24:12.660+0000] {processor.py:840} INFO - DAG(s) 'example_short_circuit_decorator' retrieved from /home/airflow/.local/lib/python3.12/site-packages/airflow/example_dags/example_short_circuit_decorator.py
[2025-06-12T14:24:12.675+0000] {logging_mixin.py:188} INFO - [2025-06-12T14:24:12.675+0000] {dag.py:3096} INFO - Sync 1 DAGs
[2025-06-12T14:24:12.688+0000] {logging_mixin.py:188} INFO - [2025-06-12T14:24:12.688+0000] {dag.py:3954} INFO - Setting next_dagrun for example_short_circuit_decorator to 2025-06-11 00:00:00+00:00, run_after=2025-06-12 00:00:00+00:00
[2025-06-12T14:24:12.703+0000] {processor.py:183} INFO - Processing /home/airflow/.local/lib/python3.12/site-packages/airflow/example_dags/example_short_circuit_decorator.py took 0.051 seconds
[2025-06-12T14:24:43.602+0000] {processor.py:161} INFO - Started process (PID=924) to work on /home/airflow/.local/lib/python3.12/site-packages/airflow/example_dags/example_short_circuit_decorator.py
[2025-06-12T14:24:43.602+0000] {processor.py:830} INFO - Processing file /home/airflow/.local/lib/python3.12/site-packages/airflow/example_dags/example_short_circuit_decorator.py for tasks to queue
[2025-06-12T14:24:43.603+0000] {logging_mixin.py:188} INFO - [2025-06-12T14:24:43.603+0000] {dagbag.py:540} INFO - Filling up the DagBag from /home/airflow/.local/lib/python3.12/site-packages/airflow/example_dags/example_short_circuit_decorator.py
[2025-06-12T14:24:43.608+0000] {processor.py:840} INFO - DAG(s) 'example_short_circuit_decorator' retrieved from /home/airflow/.local/lib/python3.12/site-packages/airflow/example_dags/example_short_circuit_decorator.py
[2025-06-12T14:24:43.628+0000] {logging_mixin.py:188} INFO - [2025-06-12T14:24:43.628+0000] {dag.py:3096} INFO - Sync 1 DAGs
[2025-06-12T14:24:43.644+0000] {logging_mixin.py:188} INFO - [2025-06-12T14:24:43.644+0000] {dag.py:3954} INFO - Setting next_dagrun for example_short_circuit_decorator to 2025-06-11 00:00:00+00:00, run_after=2025-06-12 00:00:00+00:00
[2025-06-12T14:24:43.656+0000] {processor.py:183} INFO - Processing /home/airflow/.local/lib/python3.12/site-packages/airflow/example_dags/example_short_circuit_decorator.py took 0.057 seconds
[2025-06-12T14:25:14.336+0000] {processor.py:161} INFO - Started process (PID=998) to work on /home/airflow/.local/lib/python3.12/site-packages/airflow/example_dags/example_short_circuit_decorator.py
[2025-06-12T14:25:14.337+0000] {processor.py:830} INFO - Processing file /home/airflow/.local/lib/python3.12/site-packages/airflow/example_dags/example_short_circuit_decorator.py for tasks to queue
[2025-06-12T14:25:14.339+0000] {logging_mixin.py:188} INFO - [2025-06-12T14:25:14.339+0000] {dagbag.py:540} INFO - Filling up the DagBag from /home/airflow/.local/lib/python3.12/site-packages/airflow/example_dags/example_short_circuit_decorator.py
[2025-06-12T14:25:14.346+0000] {processor.py:840} INFO - DAG(s) 'example_short_circuit_decorator' retrieved from /home/airflow/.local/lib/python3.12/site-packages/airflow/example_dags/example_short_circuit_decorator.py
[2025-06-12T14:25:14.364+0000] {logging_mixin.py:188} INFO - [2025-06-12T14:25:14.364+0000] {dag.py:3096} INFO - Sync 1 DAGs
[2025-06-12T14:25:14.373+0000] {logging_mixin.py:188} INFO - [2025-06-12T14:25:14.373+0000] {dag.py:3954} INFO - Setting next_dagrun for example_short_circuit_decorator to 2025-06-11 00:00:00+00:00, run_after=2025-06-12 00:00:00+00:00
[2025-06-12T14:25:14.384+0000] {processor.py:183} INFO - Processing /home/airflow/.local/lib/python3.12/site-packages/airflow/example_dags/example_short_circuit_decorator.py took 0.052 seconds
[2025-06-12T14:25:44.607+0000] {processor.py:161} INFO - Started process (PID=1072) to work on /home/airflow/.local/lib/python3.12/site-packages/airflow/example_dags/example_short_circuit_decorator.py
[2025-06-12T14:25:44.608+0000] {processor.py:830} INFO - Processing file /home/airflow/.local/lib/python3.12/site-packages/airflow/example_dags/example_short_circuit_decorator.py for tasks to queue
[2025-06-12T14:25:44.610+0000] {logging_mixin.py:188} INFO - [2025-06-12T14:25:44.610+0000] {dagbag.py:540} INFO - Filling up the DagBag from /home/airflow/.local/lib/python3.12/site-packages/airflow/example_dags/example_short_circuit_decorator.py
[2025-06-12T14:25:44.618+0000] {processor.py:840} INFO - DAG(s) 'example_short_circuit_decorator' retrieved from /home/airflow/.local/lib/python3.12/site-packages/airflow/example_dags/example_short_circuit_decorator.py
[2025-06-12T14:25:44.639+0000] {logging_mixin.py:188} INFO - [2025-06-12T14:25:44.639+0000] {dag.py:3096} INFO - Sync 1 DAGs
[2025-06-12T14:25:44.666+0000] {logging_mixin.py:188} INFO - [2025-06-12T14:25:44.666+0000] {dag.py:3954} INFO - Setting next_dagrun for example_short_circuit_decorator to 2025-06-11 00:00:00+00:00, run_after=2025-06-12 00:00:00+00:00
[2025-06-12T14:25:44.688+0000] {processor.py:183} INFO - Processing /home/airflow/.local/lib/python3.12/site-packages/airflow/example_dags/example_short_circuit_decorator.py took 0.087 seconds
[2025-06-12T14:26:15.578+0000] {processor.py:161} INFO - Started process (PID=1139) to work on /home/airflow/.local/lib/python3.12/site-packages/airflow/example_dags/example_short_circuit_decorator.py
[2025-06-12T14:26:15.579+0000] {processor.py:830} INFO - Processing file /home/airflow/.local/lib/python3.12/site-packages/airflow/example_dags/example_short_circuit_decorator.py for tasks to queue
[2025-06-12T14:26:15.582+0000] {logging_mixin.py:188} INFO - [2025-06-12T14:26:15.582+0000] {dagbag.py:540} INFO - Filling up the DagBag from /home/airflow/.local/lib/python3.12/site-packages/airflow/example_dags/example_short_circuit_decorator.py
[2025-06-12T14:26:15.587+0000] {processor.py:840} INFO - DAG(s) 'example_short_circuit_decorator' retrieved from /home/airflow/.local/lib/python3.12/site-packages/airflow/example_dags/example_short_circuit_decorator.py
[2025-06-12T14:26:15.613+0000] {logging_mixin.py:188} INFO - [2025-06-12T14:26:15.613+0000] {dag.py:3096} INFO - Sync 1 DAGs
[2025-06-12T14:26:15.625+0000] {logging_mixin.py:188} INFO - [2025-06-12T14:26:15.625+0000] {dag.py:3954} INFO - Setting next_dagrun for example_short_circuit_decorator to 2025-06-11 00:00:00+00:00, run_after=2025-06-12 00:00:00+00:00
[2025-06-12T14:26:15.637+0000] {processor.py:183} INFO - Processing /home/airflow/.local/lib/python3.12/site-packages/airflow/example_dags/example_short_circuit_decorator.py took 0.062 seconds
[2025-06-12T14:26:46.607+0000] {processor.py:161} INFO - Started process (PID=1213) to work on /home/airflow/.local/lib/python3.12/site-packages/airflow/example_dags/example_short_circuit_decorator.py
[2025-06-12T14:26:46.613+0000] {processor.py:830} INFO - Processing file /home/airflow/.local/lib/python3.12/site-packages/airflow/example_dags/example_short_circuit_decorator.py for tasks to queue
[2025-06-12T14:26:46.616+0000] {logging_mixin.py:188} INFO - [2025-06-12T14:26:46.615+0000] {dagbag.py:540} INFO - Filling up the DagBag from /home/airflow/.local/lib/python3.12/site-packages/airflow/example_dags/example_short_circuit_decorator.py
[2025-06-12T14:26:46.624+0000] {processor.py:840} INFO - DAG(s) 'example_short_circuit_decorator' retrieved from /home/airflow/.local/lib/python3.12/site-packages/airflow/example_dags/example_short_circuit_decorator.py
[2025-06-12T14:26:46.637+0000] {logging_mixin.py:188} INFO - [2025-06-12T14:26:46.637+0000] {dag.py:3096} INFO - Sync 1 DAGs
[2025-06-12T14:26:46.649+0000] {logging_mixin.py:188} INFO - [2025-06-12T14:26:46.648+0000] {dag.py:3954} INFO - Setting next_dagrun for example_short_circuit_decorator to 2025-06-11 00:00:00+00:00, run_after=2025-06-12 00:00:00+00:00
[2025-06-12T14:26:46.659+0000] {processor.py:183} INFO - Processing /home/airflow/.local/lib/python3.12/site-packages/airflow/example_dags/example_short_circuit_decorator.py took 0.056 seconds
[2025-06-12T14:27:16.823+0000] {processor.py:161} INFO - Started process (PID=1280) to work on /home/airflow/.local/lib/python3.12/site-packages/airflow/example_dags/example_short_circuit_decorator.py
[2025-06-12T14:27:16.824+0000] {processor.py:830} INFO - Processing file /home/airflow/.local/lib/python3.12/site-packages/airflow/example_dags/example_short_circuit_decorator.py for tasks to queue
[2025-06-12T14:27:16.828+0000] {logging_mixin.py:188} INFO - [2025-06-12T14:27:16.828+0000] {dagbag.py:540} INFO - Filling up the DagBag from /home/airflow/.local/lib/python3.12/site-packages/airflow/example_dags/example_short_circuit_decorator.py
[2025-06-12T14:27:16.836+0000] {processor.py:840} INFO - DAG(s) 'example_short_circuit_decorator' retrieved from /home/airflow/.local/lib/python3.12/site-packages/airflow/example_dags/example_short_circuit_decorator.py
[2025-06-12T14:27:16.858+0000] {logging_mixin.py:188} INFO - [2025-06-12T14:27:16.858+0000] {dag.py:3096} INFO - Sync 1 DAGs
[2025-06-12T14:27:16.877+0000] {logging_mixin.py:188} INFO - [2025-06-12T14:27:16.877+0000] {dag.py:3954} INFO - Setting next_dagrun for example_short_circuit_decorator to 2025-06-11 00:00:00+00:00, run_after=2025-06-12 00:00:00+00:00
[2025-06-12T14:27:16.887+0000] {processor.py:183} INFO - Processing /home/airflow/.local/lib/python3.12/site-packages/airflow/example_dags/example_short_circuit_decorator.py took 0.068 seconds
[2025-06-12T14:27:47.458+0000] {processor.py:161} INFO - Started process (PID=1354) to work on /home/airflow/.local/lib/python3.12/site-packages/airflow/example_dags/example_short_circuit_decorator.py
[2025-06-12T14:27:47.460+0000] {processor.py:830} INFO - Processing file /home/airflow/.local/lib/python3.12/site-packages/airflow/example_dags/example_short_circuit_decorator.py for tasks to queue
[2025-06-12T14:27:47.465+0000] {logging_mixin.py:188} INFO - [2025-06-12T14:27:47.465+0000] {dagbag.py:540} INFO - Filling up the DagBag from /home/airflow/.local/lib/python3.12/site-packages/airflow/example_dags/example_short_circuit_decorator.py
[2025-06-12T14:27:47.576+0000] {processor.py:840} INFO - DAG(s) 'example_short_circuit_decorator' retrieved from /home/airflow/.local/lib/python3.12/site-packages/airflow/example_dags/example_short_circuit_decorator.py
[2025-06-12T14:27:47.593+0000] {logging_mixin.py:188} INFO - [2025-06-12T14:27:47.593+0000] {dag.py:3096} INFO - Sync 1 DAGs
[2025-06-12T14:27:47.601+0000] {logging_mixin.py:188} INFO - [2025-06-12T14:27:47.601+0000] {dag.py:3954} INFO - Setting next_dagrun for example_short_circuit_decorator to 2025-06-11 00:00:00+00:00, run_after=2025-06-12 00:00:00+00:00
[2025-06-12T14:27:47.612+0000] {processor.py:183} INFO - Processing /home/airflow/.local/lib/python3.12/site-packages/airflow/example_dags/example_short_circuit_decorator.py took 0.156 seconds
[2025-06-12T14:35:53.064+0000] {processor.py:161} INFO - Started process (PID=72) to work on /home/airflow/.local/lib/python3.12/site-packages/airflow/example_dags/example_short_circuit_decorator.py
[2025-06-12T14:35:53.065+0000] {processor.py:830} INFO - Processing file /home/airflow/.local/lib/python3.12/site-packages/airflow/example_dags/example_short_circuit_decorator.py for tasks to queue
[2025-06-12T14:35:53.066+0000] {logging_mixin.py:188} INFO - [2025-06-12T14:35:53.066+0000] {dagbag.py:540} INFO - Filling up the DagBag from /home/airflow/.local/lib/python3.12/site-packages/airflow/example_dags/example_short_circuit_decorator.py
[2025-06-12T14:35:53.074+0000] {processor.py:840} INFO - DAG(s) 'example_short_circuit_decorator' retrieved from /home/airflow/.local/lib/python3.12/site-packages/airflow/example_dags/example_short_circuit_decorator.py
[2025-06-12T14:35:53.098+0000] {logging_mixin.py:188} INFO - [2025-06-12T14:35:53.098+0000] {dag.py:3096} INFO - Sync 1 DAGs
[2025-06-12T14:35:53.125+0000] {logging_mixin.py:188} INFO - [2025-06-12T14:35:53.125+0000] {dag.py:3954} INFO - Setting next_dagrun for example_short_circuit_decorator to 2025-06-11 00:00:00+00:00, run_after=2025-06-12 00:00:00+00:00
[2025-06-12T14:35:53.157+0000] {processor.py:183} INFO - Processing /home/airflow/.local/lib/python3.12/site-packages/airflow/example_dags/example_short_circuit_decorator.py took 0.097 seconds
[2025-06-12T14:36:24.178+0000] {processor.py:161} INFO - Started process (PID=145) to work on /home/airflow/.local/lib/python3.12/site-packages/airflow/example_dags/example_short_circuit_decorator.py
[2025-06-12T14:36:24.180+0000] {processor.py:830} INFO - Processing file /home/airflow/.local/lib/python3.12/site-packages/airflow/example_dags/example_short_circuit_decorator.py for tasks to queue
[2025-06-12T14:36:24.182+0000] {logging_mixin.py:188} INFO - [2025-06-12T14:36:24.182+0000] {dagbag.py:540} INFO - Filling up the DagBag from /home/airflow/.local/lib/python3.12/site-packages/airflow/example_dags/example_short_circuit_decorator.py
[2025-06-12T14:36:24.193+0000] {processor.py:840} INFO - DAG(s) 'example_short_circuit_decorator' retrieved from /home/airflow/.local/lib/python3.12/site-packages/airflow/example_dags/example_short_circuit_decorator.py
[2025-06-12T14:36:24.270+0000] {logging_mixin.py:188} INFO - [2025-06-12T14:36:24.270+0000] {dag.py:3096} INFO - Sync 1 DAGs
[2025-06-12T14:36:24.286+0000] {logging_mixin.py:188} INFO - [2025-06-12T14:36:24.286+0000] {dag.py:3954} INFO - Setting next_dagrun for example_short_circuit_decorator to 2025-06-11 00:00:00+00:00, run_after=2025-06-12 00:00:00+00:00
[2025-06-12T14:36:24.306+0000] {processor.py:183} INFO - Processing /home/airflow/.local/lib/python3.12/site-packages/airflow/example_dags/example_short_circuit_decorator.py took 0.131 seconds
[2025-06-12T14:36:55.377+0000] {processor.py:161} INFO - Started process (PID=212) to work on /home/airflow/.local/lib/python3.12/site-packages/airflow/example_dags/example_short_circuit_decorator.py
[2025-06-12T14:36:55.378+0000] {processor.py:830} INFO - Processing file /home/airflow/.local/lib/python3.12/site-packages/airflow/example_dags/example_short_circuit_decorator.py for tasks to queue
[2025-06-12T14:36:55.379+0000] {logging_mixin.py:188} INFO - [2025-06-12T14:36:55.379+0000] {dagbag.py:540} INFO - Filling up the DagBag from /home/airflow/.local/lib/python3.12/site-packages/airflow/example_dags/example_short_circuit_decorator.py
[2025-06-12T14:36:55.392+0000] {processor.py:840} INFO - DAG(s) 'example_short_circuit_decorator' retrieved from /home/airflow/.local/lib/python3.12/site-packages/airflow/example_dags/example_short_circuit_decorator.py
[2025-06-12T14:36:55.413+0000] {logging_mixin.py:188} INFO - [2025-06-12T14:36:55.413+0000] {dag.py:3096} INFO - Sync 1 DAGs
[2025-06-12T14:36:55.433+0000] {logging_mixin.py:188} INFO - [2025-06-12T14:36:55.433+0000] {dag.py:3954} INFO - Setting next_dagrun for example_short_circuit_decorator to 2025-06-11 00:00:00+00:00, run_after=2025-06-12 00:00:00+00:00
[2025-06-12T14:36:55.449+0000] {processor.py:183} INFO - Processing /home/airflow/.local/lib/python3.12/site-packages/airflow/example_dags/example_short_circuit_decorator.py took 0.080 seconds
[2025-06-12T14:37:25.891+0000] {processor.py:161} INFO - Started process (PID=286) to work on /home/airflow/.local/lib/python3.12/site-packages/airflow/example_dags/example_short_circuit_decorator.py
[2025-06-12T14:37:25.893+0000] {processor.py:830} INFO - Processing file /home/airflow/.local/lib/python3.12/site-packages/airflow/example_dags/example_short_circuit_decorator.py for tasks to queue
[2025-06-12T14:37:25.894+0000] {logging_mixin.py:188} INFO - [2025-06-12T14:37:25.894+0000] {dagbag.py:540} INFO - Filling up the DagBag from /home/airflow/.local/lib/python3.12/site-packages/airflow/example_dags/example_short_circuit_decorator.py
[2025-06-12T14:37:25.902+0000] {processor.py:840} INFO - DAG(s) 'example_short_circuit_decorator' retrieved from /home/airflow/.local/lib/python3.12/site-packages/airflow/example_dags/example_short_circuit_decorator.py
[2025-06-12T14:37:25.920+0000] {logging_mixin.py:188} INFO - [2025-06-12T14:37:25.919+0000] {dag.py:3096} INFO - Sync 1 DAGs
[2025-06-12T14:37:25.933+0000] {logging_mixin.py:188} INFO - [2025-06-12T14:37:25.932+0000] {dag.py:3954} INFO - Setting next_dagrun for example_short_circuit_decorator to 2025-06-11 00:00:00+00:00, run_after=2025-06-12 00:00:00+00:00
[2025-06-12T14:37:25.945+0000] {processor.py:183} INFO - Processing /home/airflow/.local/lib/python3.12/site-packages/airflow/example_dags/example_short_circuit_decorator.py took 0.058 seconds
[2025-06-12T14:37:56.202+0000] {processor.py:161} INFO - Started process (PID=353) to work on /home/airflow/.local/lib/python3.12/site-packages/airflow/example_dags/example_short_circuit_decorator.py
[2025-06-12T14:37:56.207+0000] {processor.py:830} INFO - Processing file /home/airflow/.local/lib/python3.12/site-packages/airflow/example_dags/example_short_circuit_decorator.py for tasks to queue
[2025-06-12T14:37:56.209+0000] {logging_mixin.py:188} INFO - [2025-06-12T14:37:56.209+0000] {dagbag.py:540} INFO - Filling up the DagBag from /home/airflow/.local/lib/python3.12/site-packages/airflow/example_dags/example_short_circuit_decorator.py
[2025-06-12T14:37:56.216+0000] {processor.py:840} INFO - DAG(s) 'example_short_circuit_decorator' retrieved from /home/airflow/.local/lib/python3.12/site-packages/airflow/example_dags/example_short_circuit_decorator.py
[2025-06-12T14:37:56.238+0000] {logging_mixin.py:188} INFO - [2025-06-12T14:37:56.238+0000] {dag.py:3096} INFO - Sync 1 DAGs
[2025-06-12T14:37:56.249+0000] {logging_mixin.py:188} INFO - [2025-06-12T14:37:56.249+0000] {dag.py:3954} INFO - Setting next_dagrun for example_short_circuit_decorator to 2025-06-11 00:00:00+00:00, run_after=2025-06-12 00:00:00+00:00
[2025-06-12T14:37:56.264+0000] {processor.py:183} INFO - Processing /home/airflow/.local/lib/python3.12/site-packages/airflow/example_dags/example_short_circuit_decorator.py took 0.066 seconds
[2025-06-12T14:38:26.938+0000] {processor.py:161} INFO - Started process (PID=428) to work on /home/airflow/.local/lib/python3.12/site-packages/airflow/example_dags/example_short_circuit_decorator.py
[2025-06-12T14:38:26.939+0000] {processor.py:830} INFO - Processing file /home/airflow/.local/lib/python3.12/site-packages/airflow/example_dags/example_short_circuit_decorator.py for tasks to queue
[2025-06-12T14:38:26.940+0000] {logging_mixin.py:188} INFO - [2025-06-12T14:38:26.940+0000] {dagbag.py:540} INFO - Filling up the DagBag from /home/airflow/.local/lib/python3.12/site-packages/airflow/example_dags/example_short_circuit_decorator.py
[2025-06-12T14:38:26.944+0000] {processor.py:840} INFO - DAG(s) 'example_short_circuit_decorator' retrieved from /home/airflow/.local/lib/python3.12/site-packages/airflow/example_dags/example_short_circuit_decorator.py
[2025-06-12T14:38:26.961+0000] {logging_mixin.py:188} INFO - [2025-06-12T14:38:26.961+0000] {dag.py:3096} INFO - Sync 1 DAGs
[2025-06-12T14:38:26.971+0000] {logging_mixin.py:188} INFO - [2025-06-12T14:38:26.971+0000] {dag.py:3954} INFO - Setting next_dagrun for example_short_circuit_decorator to 2025-06-11 00:00:00+00:00, run_after=2025-06-12 00:00:00+00:00
[2025-06-12T14:38:26.982+0000] {processor.py:183} INFO - Processing /home/airflow/.local/lib/python3.12/site-packages/airflow/example_dags/example_short_circuit_decorator.py took 0.047 seconds
[2025-06-12T14:38:57.907+0000] {processor.py:161} INFO - Started process (PID=502) to work on /home/airflow/.local/lib/python3.12/site-packages/airflow/example_dags/example_short_circuit_decorator.py
[2025-06-12T14:38:57.910+0000] {processor.py:830} INFO - Processing file /home/airflow/.local/lib/python3.12/site-packages/airflow/example_dags/example_short_circuit_decorator.py for tasks to queue
[2025-06-12T14:38:57.916+0000] {logging_mixin.py:188} INFO - [2025-06-12T14:38:57.916+0000] {dagbag.py:540} INFO - Filling up the DagBag from /home/airflow/.local/lib/python3.12/site-packages/airflow/example_dags/example_short_circuit_decorator.py
[2025-06-12T14:38:57.923+0000] {processor.py:840} INFO - DAG(s) 'example_short_circuit_decorator' retrieved from /home/airflow/.local/lib/python3.12/site-packages/airflow/example_dags/example_short_circuit_decorator.py
[2025-06-12T14:38:57.947+0000] {logging_mixin.py:188} INFO - [2025-06-12T14:38:57.947+0000] {dag.py:3096} INFO - Sync 1 DAGs
[2025-06-12T14:38:57.964+0000] {logging_mixin.py:188} INFO - [2025-06-12T14:38:57.964+0000] {dag.py:3954} INFO - Setting next_dagrun for example_short_circuit_decorator to 2025-06-11 00:00:00+00:00, run_after=2025-06-12 00:00:00+00:00
[2025-06-12T14:38:57.977+0000] {processor.py:183} INFO - Processing /home/airflow/.local/lib/python3.12/site-packages/airflow/example_dags/example_short_circuit_decorator.py took 0.074 seconds
[2025-06-12T14:39:28.373+0000] {processor.py:161} INFO - Started process (PID=569) to work on /home/airflow/.local/lib/python3.12/site-packages/airflow/example_dags/example_short_circuit_decorator.py
[2025-06-12T14:39:28.376+0000] {processor.py:830} INFO - Processing file /home/airflow/.local/lib/python3.12/site-packages/airflow/example_dags/example_short_circuit_decorator.py for tasks to queue
[2025-06-12T14:39:28.380+0000] {logging_mixin.py:188} INFO - [2025-06-12T14:39:28.380+0000] {dagbag.py:540} INFO - Filling up the DagBag from /home/airflow/.local/lib/python3.12/site-packages/airflow/example_dags/example_short_circuit_decorator.py
[2025-06-12T14:39:28.385+0000] {processor.py:840} INFO - DAG(s) 'example_short_circuit_decorator' retrieved from /home/airflow/.local/lib/python3.12/site-packages/airflow/example_dags/example_short_circuit_decorator.py
[2025-06-12T14:39:28.405+0000] {logging_mixin.py:188} INFO - [2025-06-12T14:39:28.405+0000] {dag.py:3096} INFO - Sync 1 DAGs
[2025-06-12T14:39:28.418+0000] {logging_mixin.py:188} INFO - [2025-06-12T14:39:28.418+0000] {dag.py:3954} INFO - Setting next_dagrun for example_short_circuit_decorator to 2025-06-11 00:00:00+00:00, run_after=2025-06-12 00:00:00+00:00
[2025-06-12T14:39:28.428+0000] {processor.py:183} INFO - Processing /home/airflow/.local/lib/python3.12/site-packages/airflow/example_dags/example_short_circuit_decorator.py took 0.061 seconds
[2025-06-12T14:46:32.592+0000] {processor.py:161} INFO - Started process (PID=74) to work on /home/airflow/.local/lib/python3.12/site-packages/airflow/example_dags/example_short_circuit_decorator.py
[2025-06-12T14:46:32.594+0000] {processor.py:830} INFO - Processing file /home/airflow/.local/lib/python3.12/site-packages/airflow/example_dags/example_short_circuit_decorator.py for tasks to queue
[2025-06-12T14:46:32.598+0000] {logging_mixin.py:188} INFO - [2025-06-12T14:46:32.597+0000] {dagbag.py:540} INFO - Filling up the DagBag from /home/airflow/.local/lib/python3.12/site-packages/airflow/example_dags/example_short_circuit_decorator.py
[2025-06-12T14:46:32.624+0000] {processor.py:840} INFO - DAG(s) 'example_short_circuit_decorator' retrieved from /home/airflow/.local/lib/python3.12/site-packages/airflow/example_dags/example_short_circuit_decorator.py
[2025-06-12T14:46:32.718+0000] {logging_mixin.py:188} INFO - [2025-06-12T14:46:32.717+0000] {dag.py:3096} INFO - Sync 1 DAGs
[2025-06-12T14:46:32.791+0000] {logging_mixin.py:188} INFO - [2025-06-12T14:46:32.791+0000] {dag.py:3954} INFO - Setting next_dagrun for example_short_circuit_decorator to 2025-06-11 00:00:00+00:00, run_after=2025-06-12 00:00:00+00:00
[2025-06-12T14:46:32.838+0000] {processor.py:183} INFO - Processing /home/airflow/.local/lib/python3.12/site-packages/airflow/example_dags/example_short_circuit_decorator.py took 0.254 seconds
[2025-06-12T14:47:03.748+0000] {processor.py:161} INFO - Started process (PID=141) to work on /home/airflow/.local/lib/python3.12/site-packages/airflow/example_dags/example_short_circuit_decorator.py
[2025-06-12T14:47:03.749+0000] {processor.py:830} INFO - Processing file /home/airflow/.local/lib/python3.12/site-packages/airflow/example_dags/example_short_circuit_decorator.py for tasks to queue
[2025-06-12T14:47:03.750+0000] {logging_mixin.py:188} INFO - [2025-06-12T14:47:03.750+0000] {dagbag.py:540} INFO - Filling up the DagBag from /home/airflow/.local/lib/python3.12/site-packages/airflow/example_dags/example_short_circuit_decorator.py
[2025-06-12T14:47:03.757+0000] {processor.py:840} INFO - DAG(s) 'example_short_circuit_decorator' retrieved from /home/airflow/.local/lib/python3.12/site-packages/airflow/example_dags/example_short_circuit_decorator.py
[2025-06-12T14:47:03.817+0000] {logging_mixin.py:188} INFO - [2025-06-12T14:47:03.817+0000] {dag.py:3096} INFO - Sync 1 DAGs
[2025-06-12T14:47:03.827+0000] {logging_mixin.py:188} INFO - [2025-06-12T14:47:03.826+0000] {dag.py:3954} INFO - Setting next_dagrun for example_short_circuit_decorator to 2025-06-11 00:00:00+00:00, run_after=2025-06-12 00:00:00+00:00
[2025-06-12T14:47:03.837+0000] {processor.py:183} INFO - Processing /home/airflow/.local/lib/python3.12/site-packages/airflow/example_dags/example_short_circuit_decorator.py took 0.094 seconds
[2025-06-12T14:47:34.396+0000] {processor.py:161} INFO - Started process (PID=214) to work on /home/airflow/.local/lib/python3.12/site-packages/airflow/example_dags/example_short_circuit_decorator.py
[2025-06-12T14:47:34.401+0000] {processor.py:830} INFO - Processing file /home/airflow/.local/lib/python3.12/site-packages/airflow/example_dags/example_short_circuit_decorator.py for tasks to queue
[2025-06-12T14:47:34.405+0000] {logging_mixin.py:188} INFO - [2025-06-12T14:47:34.404+0000] {dagbag.py:540} INFO - Filling up the DagBag from /home/airflow/.local/lib/python3.12/site-packages/airflow/example_dags/example_short_circuit_decorator.py
[2025-06-12T14:47:34.428+0000] {processor.py:840} INFO - DAG(s) 'example_short_circuit_decorator' retrieved from /home/airflow/.local/lib/python3.12/site-packages/airflow/example_dags/example_short_circuit_decorator.py
[2025-06-12T14:47:34.466+0000] {logging_mixin.py:188} INFO - [2025-06-12T14:47:34.465+0000] {dag.py:3096} INFO - Sync 1 DAGs
[2025-06-12T14:47:34.493+0000] {logging_mixin.py:188} INFO - [2025-06-12T14:47:34.493+0000] {dag.py:3954} INFO - Setting next_dagrun for example_short_circuit_decorator to 2025-06-11 00:00:00+00:00, run_after=2025-06-12 00:00:00+00:00
[2025-06-12T14:47:34.507+0000] {processor.py:183} INFO - Processing /home/airflow/.local/lib/python3.12/site-packages/airflow/example_dags/example_short_circuit_decorator.py took 0.123 seconds
[2025-06-12T14:48:05.387+0000] {processor.py:161} INFO - Started process (PID=281) to work on /home/airflow/.local/lib/python3.12/site-packages/airflow/example_dags/example_short_circuit_decorator.py
[2025-06-12T14:48:05.388+0000] {processor.py:830} INFO - Processing file /home/airflow/.local/lib/python3.12/site-packages/airflow/example_dags/example_short_circuit_decorator.py for tasks to queue
[2025-06-12T14:48:05.389+0000] {logging_mixin.py:188} INFO - [2025-06-12T14:48:05.389+0000] {dagbag.py:540} INFO - Filling up the DagBag from /home/airflow/.local/lib/python3.12/site-packages/airflow/example_dags/example_short_circuit_decorator.py
[2025-06-12T14:48:05.399+0000] {processor.py:840} INFO - DAG(s) 'example_short_circuit_decorator' retrieved from /home/airflow/.local/lib/python3.12/site-packages/airflow/example_dags/example_short_circuit_decorator.py
[2025-06-12T14:48:05.421+0000] {logging_mixin.py:188} INFO - [2025-06-12T14:48:05.421+0000] {dag.py:3096} INFO - Sync 1 DAGs
[2025-06-12T14:48:05.434+0000] {logging_mixin.py:188} INFO - [2025-06-12T14:48:05.434+0000] {dag.py:3954} INFO - Setting next_dagrun for example_short_circuit_decorator to 2025-06-11 00:00:00+00:00, run_after=2025-06-12 00:00:00+00:00
[2025-06-12T14:48:05.448+0000] {processor.py:183} INFO - Processing /home/airflow/.local/lib/python3.12/site-packages/airflow/example_dags/example_short_circuit_decorator.py took 0.065 seconds
[2025-06-12T15:07:51.622+0000] {processor.py:161} INFO - Started process (PID=74) to work on /home/airflow/.local/lib/python3.12/site-packages/airflow/example_dags/example_short_circuit_decorator.py
[2025-06-12T15:07:51.623+0000] {processor.py:830} INFO - Processing file /home/airflow/.local/lib/python3.12/site-packages/airflow/example_dags/example_short_circuit_decorator.py for tasks to queue
[2025-06-12T15:07:51.632+0000] {logging_mixin.py:188} INFO - [2025-06-12T15:07:51.632+0000] {dagbag.py:540} INFO - Filling up the DagBag from /home/airflow/.local/lib/python3.12/site-packages/airflow/example_dags/example_short_circuit_decorator.py
[2025-06-12T15:07:51.653+0000] {processor.py:840} INFO - DAG(s) 'example_short_circuit_decorator' retrieved from /home/airflow/.local/lib/python3.12/site-packages/airflow/example_dags/example_short_circuit_decorator.py
[2025-06-12T15:07:51.693+0000] {logging_mixin.py:188} INFO - [2025-06-12T15:07:51.693+0000] {dag.py:3096} INFO - Sync 1 DAGs
[2025-06-12T15:07:51.733+0000] {logging_mixin.py:188} INFO - [2025-06-12T15:07:51.733+0000] {dag.py:3954} INFO - Setting next_dagrun for example_short_circuit_decorator to 2025-06-11 00:00:00+00:00, run_after=2025-06-12 00:00:00+00:00
[2025-06-12T15:07:51.769+0000] {processor.py:183} INFO - Processing /home/airflow/.local/lib/python3.12/site-packages/airflow/example_dags/example_short_circuit_decorator.py took 0.157 seconds
[2025-06-12T15:08:22.125+0000] {processor.py:161} INFO - Started process (PID=141) to work on /home/airflow/.local/lib/python3.12/site-packages/airflow/example_dags/example_short_circuit_decorator.py
[2025-06-12T15:08:22.126+0000] {processor.py:830} INFO - Processing file /home/airflow/.local/lib/python3.12/site-packages/airflow/example_dags/example_short_circuit_decorator.py for tasks to queue
[2025-06-12T15:08:22.127+0000] {logging_mixin.py:188} INFO - [2025-06-12T15:08:22.127+0000] {dagbag.py:540} INFO - Filling up the DagBag from /home/airflow/.local/lib/python3.12/site-packages/airflow/example_dags/example_short_circuit_decorator.py
[2025-06-12T15:08:22.131+0000] {processor.py:840} INFO - DAG(s) 'example_short_circuit_decorator' retrieved from /home/airflow/.local/lib/python3.12/site-packages/airflow/example_dags/example_short_circuit_decorator.py
[2025-06-12T15:08:22.184+0000] {logging_mixin.py:188} INFO - [2025-06-12T15:08:22.184+0000] {dag.py:3096} INFO - Sync 1 DAGs
[2025-06-12T15:08:22.196+0000] {logging_mixin.py:188} INFO - [2025-06-12T15:08:22.195+0000] {dag.py:3954} INFO - Setting next_dagrun for example_short_circuit_decorator to 2025-06-11 00:00:00+00:00, run_after=2025-06-12 00:00:00+00:00
[2025-06-12T15:08:22.204+0000] {processor.py:183} INFO - Processing /home/airflow/.local/lib/python3.12/site-packages/airflow/example_dags/example_short_circuit_decorator.py took 0.081 seconds
[2025-06-12T15:08:53.050+0000] {processor.py:161} INFO - Started process (PID=215) to work on /home/airflow/.local/lib/python3.12/site-packages/airflow/example_dags/example_short_circuit_decorator.py
[2025-06-12T15:08:53.050+0000] {processor.py:830} INFO - Processing file /home/airflow/.local/lib/python3.12/site-packages/airflow/example_dags/example_short_circuit_decorator.py for tasks to queue
[2025-06-12T15:08:53.052+0000] {logging_mixin.py:188} INFO - [2025-06-12T15:08:53.052+0000] {dagbag.py:540} INFO - Filling up the DagBag from /home/airflow/.local/lib/python3.12/site-packages/airflow/example_dags/example_short_circuit_decorator.py
[2025-06-12T15:08:53.059+0000] {processor.py:840} INFO - DAG(s) 'example_short_circuit_decorator' retrieved from /home/airflow/.local/lib/python3.12/site-packages/airflow/example_dags/example_short_circuit_decorator.py
[2025-06-12T15:08:53.107+0000] {logging_mixin.py:188} INFO - [2025-06-12T15:08:53.107+0000] {dag.py:3096} INFO - Sync 1 DAGs
[2025-06-12T15:08:53.120+0000] {logging_mixin.py:188} INFO - [2025-06-12T15:08:53.120+0000] {dag.py:3954} INFO - Setting next_dagrun for example_short_circuit_decorator to 2025-06-11 00:00:00+00:00, run_after=2025-06-12 00:00:00+00:00
[2025-06-12T15:08:53.160+0000] {processor.py:183} INFO - Processing /home/airflow/.local/lib/python3.12/site-packages/airflow/example_dags/example_short_circuit_decorator.py took 0.112 seconds
[2025-06-12T15:09:23.311+0000] {processor.py:161} INFO - Started process (PID=282) to work on /home/airflow/.local/lib/python3.12/site-packages/airflow/example_dags/example_short_circuit_decorator.py
[2025-06-12T15:09:23.312+0000] {processor.py:830} INFO - Processing file /home/airflow/.local/lib/python3.12/site-packages/airflow/example_dags/example_short_circuit_decorator.py for tasks to queue
[2025-06-12T15:09:23.313+0000] {logging_mixin.py:188} INFO - [2025-06-12T15:09:23.313+0000] {dagbag.py:540} INFO - Filling up the DagBag from /home/airflow/.local/lib/python3.12/site-packages/airflow/example_dags/example_short_circuit_decorator.py
[2025-06-12T15:09:23.317+0000] {processor.py:840} INFO - DAG(s) 'example_short_circuit_decorator' retrieved from /home/airflow/.local/lib/python3.12/site-packages/airflow/example_dags/example_short_circuit_decorator.py
[2025-06-12T15:09:23.333+0000] {logging_mixin.py:188} INFO - [2025-06-12T15:09:23.333+0000] {dag.py:3096} INFO - Sync 1 DAGs
[2025-06-12T15:09:23.344+0000] {logging_mixin.py:188} INFO - [2025-06-12T15:09:23.344+0000] {dag.py:3954} INFO - Setting next_dagrun for example_short_circuit_decorator to 2025-06-11 00:00:00+00:00, run_after=2025-06-12 00:00:00+00:00
[2025-06-12T15:09:23.356+0000] {processor.py:183} INFO - Processing /home/airflow/.local/lib/python3.12/site-packages/airflow/example_dags/example_short_circuit_decorator.py took 0.049 seconds
[2025-06-12T15:09:53.867+0000] {processor.py:161} INFO - Started process (PID=356) to work on /home/airflow/.local/lib/python3.12/site-packages/airflow/example_dags/example_short_circuit_decorator.py
[2025-06-12T15:09:53.868+0000] {processor.py:830} INFO - Processing file /home/airflow/.local/lib/python3.12/site-packages/airflow/example_dags/example_short_circuit_decorator.py for tasks to queue
[2025-06-12T15:09:53.868+0000] {logging_mixin.py:188} INFO - [2025-06-12T15:09:53.868+0000] {dagbag.py:540} INFO - Filling up the DagBag from /home/airflow/.local/lib/python3.12/site-packages/airflow/example_dags/example_short_circuit_decorator.py
[2025-06-12T15:09:53.872+0000] {processor.py:840} INFO - DAG(s) 'example_short_circuit_decorator' retrieved from /home/airflow/.local/lib/python3.12/site-packages/airflow/example_dags/example_short_circuit_decorator.py
[2025-06-12T15:09:53.887+0000] {logging_mixin.py:188} INFO - [2025-06-12T15:09:53.887+0000] {dag.py:3096} INFO - Sync 1 DAGs
[2025-06-12T15:09:53.897+0000] {logging_mixin.py:188} INFO - [2025-06-12T15:09:53.897+0000] {dag.py:3954} INFO - Setting next_dagrun for example_short_circuit_decorator to 2025-06-11 00:00:00+00:00, run_after=2025-06-12 00:00:00+00:00
[2025-06-12T15:09:53.909+0000] {processor.py:183} INFO - Processing /home/airflow/.local/lib/python3.12/site-packages/airflow/example_dags/example_short_circuit_decorator.py took 0.045 seconds
[2025-06-12T15:10:24.066+0000] {processor.py:161} INFO - Started process (PID=430) to work on /home/airflow/.local/lib/python3.12/site-packages/airflow/example_dags/example_short_circuit_decorator.py
[2025-06-12T15:10:24.068+0000] {processor.py:830} INFO - Processing file /home/airflow/.local/lib/python3.12/site-packages/airflow/example_dags/example_short_circuit_decorator.py for tasks to queue
[2025-06-12T15:10:24.070+0000] {logging_mixin.py:188} INFO - [2025-06-12T15:10:24.070+0000] {dagbag.py:540} INFO - Filling up the DagBag from /home/airflow/.local/lib/python3.12/site-packages/airflow/example_dags/example_short_circuit_decorator.py
[2025-06-12T15:10:24.079+0000] {processor.py:840} INFO - DAG(s) 'example_short_circuit_decorator' retrieved from /home/airflow/.local/lib/python3.12/site-packages/airflow/example_dags/example_short_circuit_decorator.py
[2025-06-12T15:10:24.101+0000] {logging_mixin.py:188} INFO - [2025-06-12T15:10:24.100+0000] {dag.py:3096} INFO - Sync 1 DAGs
[2025-06-12T15:10:24.119+0000] {logging_mixin.py:188} INFO - [2025-06-12T15:10:24.119+0000] {dag.py:3954} INFO - Setting next_dagrun for example_short_circuit_decorator to 2025-06-11 00:00:00+00:00, run_after=2025-06-12 00:00:00+00:00
[2025-06-12T15:10:24.138+0000] {processor.py:183} INFO - Processing /home/airflow/.local/lib/python3.12/site-packages/airflow/example_dags/example_short_circuit_decorator.py took 0.078 seconds
[2025-06-12T15:10:55.107+0000] {processor.py:161} INFO - Started process (PID=497) to work on /home/airflow/.local/lib/python3.12/site-packages/airflow/example_dags/example_short_circuit_decorator.py
[2025-06-12T15:10:55.113+0000] {processor.py:830} INFO - Processing file /home/airflow/.local/lib/python3.12/site-packages/airflow/example_dags/example_short_circuit_decorator.py for tasks to queue
[2025-06-12T15:10:55.114+0000] {logging_mixin.py:188} INFO - [2025-06-12T15:10:55.114+0000] {dagbag.py:540} INFO - Filling up the DagBag from /home/airflow/.local/lib/python3.12/site-packages/airflow/example_dags/example_short_circuit_decorator.py
[2025-06-12T15:10:55.122+0000] {processor.py:840} INFO - DAG(s) 'example_short_circuit_decorator' retrieved from /home/airflow/.local/lib/python3.12/site-packages/airflow/example_dags/example_short_circuit_decorator.py
[2025-06-12T15:10:55.141+0000] {logging_mixin.py:188} INFO - [2025-06-12T15:10:55.141+0000] {dag.py:3096} INFO - Sync 1 DAGs
[2025-06-12T15:10:55.152+0000] {logging_mixin.py:188} INFO - [2025-06-12T15:10:55.152+0000] {dag.py:3954} INFO - Setting next_dagrun for example_short_circuit_decorator to 2025-06-11 00:00:00+00:00, run_after=2025-06-12 00:00:00+00:00
[2025-06-12T15:10:55.166+0000] {processor.py:183} INFO - Processing /home/airflow/.local/lib/python3.12/site-packages/airflow/example_dags/example_short_circuit_decorator.py took 0.062 seconds
[2025-06-12T15:11:25.557+0000] {processor.py:161} INFO - Started process (PID=570) to work on /home/airflow/.local/lib/python3.12/site-packages/airflow/example_dags/example_short_circuit_decorator.py
[2025-06-12T15:11:25.566+0000] {processor.py:830} INFO - Processing file /home/airflow/.local/lib/python3.12/site-packages/airflow/example_dags/example_short_circuit_decorator.py for tasks to queue
[2025-06-12T15:11:25.568+0000] {logging_mixin.py:188} INFO - [2025-06-12T15:11:25.568+0000] {dagbag.py:540} INFO - Filling up the DagBag from /home/airflow/.local/lib/python3.12/site-packages/airflow/example_dags/example_short_circuit_decorator.py
[2025-06-12T15:11:25.574+0000] {processor.py:840} INFO - DAG(s) 'example_short_circuit_decorator' retrieved from /home/airflow/.local/lib/python3.12/site-packages/airflow/example_dags/example_short_circuit_decorator.py
[2025-06-12T15:11:25.591+0000] {logging_mixin.py:188} INFO - [2025-06-12T15:11:25.591+0000] {dag.py:3096} INFO - Sync 1 DAGs
[2025-06-12T15:11:25.604+0000] {logging_mixin.py:188} INFO - [2025-06-12T15:11:25.604+0000] {dag.py:3954} INFO - Setting next_dagrun for example_short_circuit_decorator to 2025-06-11 00:00:00+00:00, run_after=2025-06-12 00:00:00+00:00
[2025-06-12T15:11:25.615+0000] {processor.py:183} INFO - Processing /home/airflow/.local/lib/python3.12/site-packages/airflow/example_dags/example_short_circuit_decorator.py took 0.064 seconds
[2025-06-12T15:11:55.704+0000] {processor.py:161} INFO - Started process (PID=636) to work on /home/airflow/.local/lib/python3.12/site-packages/airflow/example_dags/example_short_circuit_decorator.py
[2025-06-12T15:11:55.708+0000] {processor.py:830} INFO - Processing file /home/airflow/.local/lib/python3.12/site-packages/airflow/example_dags/example_short_circuit_decorator.py for tasks to queue
[2025-06-12T15:11:55.712+0000] {logging_mixin.py:188} INFO - [2025-06-12T15:11:55.712+0000] {dagbag.py:540} INFO - Filling up the DagBag from /home/airflow/.local/lib/python3.12/site-packages/airflow/example_dags/example_short_circuit_decorator.py
[2025-06-12T15:11:55.718+0000] {processor.py:840} INFO - DAG(s) 'example_short_circuit_decorator' retrieved from /home/airflow/.local/lib/python3.12/site-packages/airflow/example_dags/example_short_circuit_decorator.py
[2025-06-12T15:11:55.737+0000] {logging_mixin.py:188} INFO - [2025-06-12T15:11:55.737+0000] {dag.py:3096} INFO - Sync 1 DAGs
[2025-06-12T15:11:55.762+0000] {logging_mixin.py:188} INFO - [2025-06-12T15:11:55.762+0000] {dag.py:3954} INFO - Setting next_dagrun for example_short_circuit_decorator to 2025-06-11 00:00:00+00:00, run_after=2025-06-12 00:00:00+00:00
[2025-06-12T15:11:55.776+0000] {processor.py:183} INFO - Processing /home/airflow/.local/lib/python3.12/site-packages/airflow/example_dags/example_short_circuit_decorator.py took 0.075 seconds
[2025-06-12T15:12:25.921+0000] {processor.py:161} INFO - Started process (PID=709) to work on /home/airflow/.local/lib/python3.12/site-packages/airflow/example_dags/example_short_circuit_decorator.py
[2025-06-12T15:12:25.923+0000] {processor.py:830} INFO - Processing file /home/airflow/.local/lib/python3.12/site-packages/airflow/example_dags/example_short_circuit_decorator.py for tasks to queue
[2025-06-12T15:12:25.924+0000] {logging_mixin.py:188} INFO - [2025-06-12T15:12:25.924+0000] {dagbag.py:540} INFO - Filling up the DagBag from /home/airflow/.local/lib/python3.12/site-packages/airflow/example_dags/example_short_circuit_decorator.py
[2025-06-12T15:12:25.932+0000] {processor.py:840} INFO - DAG(s) 'example_short_circuit_decorator' retrieved from /home/airflow/.local/lib/python3.12/site-packages/airflow/example_dags/example_short_circuit_decorator.py
[2025-06-12T15:12:25.949+0000] {logging_mixin.py:188} INFO - [2025-06-12T15:12:25.948+0000] {dag.py:3096} INFO - Sync 1 DAGs
[2025-06-12T15:12:25.960+0000] {logging_mixin.py:188} INFO - [2025-06-12T15:12:25.960+0000] {dag.py:3954} INFO - Setting next_dagrun for example_short_circuit_decorator to 2025-06-11 00:00:00+00:00, run_after=2025-06-12 00:00:00+00:00
[2025-06-12T15:12:25.972+0000] {processor.py:183} INFO - Processing /home/airflow/.local/lib/python3.12/site-packages/airflow/example_dags/example_short_circuit_decorator.py took 0.054 seconds
[2025-06-12T15:12:56.173+0000] {processor.py:161} INFO - Started process (PID=783) to work on /home/airflow/.local/lib/python3.12/site-packages/airflow/example_dags/example_short_circuit_decorator.py
[2025-06-12T15:12:56.178+0000] {processor.py:830} INFO - Processing file /home/airflow/.local/lib/python3.12/site-packages/airflow/example_dags/example_short_circuit_decorator.py for tasks to queue
[2025-06-12T15:12:56.179+0000] {logging_mixin.py:188} INFO - [2025-06-12T15:12:56.179+0000] {dagbag.py:540} INFO - Filling up the DagBag from /home/airflow/.local/lib/python3.12/site-packages/airflow/example_dags/example_short_circuit_decorator.py
[2025-06-12T15:12:56.185+0000] {processor.py:840} INFO - DAG(s) 'example_short_circuit_decorator' retrieved from /home/airflow/.local/lib/python3.12/site-packages/airflow/example_dags/example_short_circuit_decorator.py
[2025-06-12T15:12:56.201+0000] {logging_mixin.py:188} INFO - [2025-06-12T15:12:56.201+0000] {dag.py:3096} INFO - Sync 1 DAGs
[2025-06-12T15:12:56.212+0000] {logging_mixin.py:188} INFO - [2025-06-12T15:12:56.212+0000] {dag.py:3954} INFO - Setting next_dagrun for example_short_circuit_decorator to 2025-06-11 00:00:00+00:00, run_after=2025-06-12 00:00:00+00:00
[2025-06-12T15:12:56.223+0000] {processor.py:183} INFO - Processing /home/airflow/.local/lib/python3.12/site-packages/airflow/example_dags/example_short_circuit_decorator.py took 0.055 seconds
[2025-06-12T15:13:26.995+0000] {processor.py:161} INFO - Started process (PID=850) to work on /home/airflow/.local/lib/python3.12/site-packages/airflow/example_dags/example_short_circuit_decorator.py
[2025-06-12T15:13:27.000+0000] {processor.py:830} INFO - Processing file /home/airflow/.local/lib/python3.12/site-packages/airflow/example_dags/example_short_circuit_decorator.py for tasks to queue
[2025-06-12T15:13:27.002+0000] {logging_mixin.py:188} INFO - [2025-06-12T15:13:27.002+0000] {dagbag.py:540} INFO - Filling up the DagBag from /home/airflow/.local/lib/python3.12/site-packages/airflow/example_dags/example_short_circuit_decorator.py
[2025-06-12T15:13:27.009+0000] {processor.py:840} INFO - DAG(s) 'example_short_circuit_decorator' retrieved from /home/airflow/.local/lib/python3.12/site-packages/airflow/example_dags/example_short_circuit_decorator.py
[2025-06-12T15:13:27.026+0000] {logging_mixin.py:188} INFO - [2025-06-12T15:13:27.026+0000] {dag.py:3096} INFO - Sync 1 DAGs
[2025-06-12T15:13:27.038+0000] {logging_mixin.py:188} INFO - [2025-06-12T15:13:27.038+0000] {dag.py:3954} INFO - Setting next_dagrun for example_short_circuit_decorator to 2025-06-11 00:00:00+00:00, run_after=2025-06-12 00:00:00+00:00
[2025-06-12T15:13:27.049+0000] {processor.py:183} INFO - Processing /home/airflow/.local/lib/python3.12/site-packages/airflow/example_dags/example_short_circuit_decorator.py took 0.060 seconds
[2025-06-12T15:13:57.333+0000] {processor.py:161} INFO - Started process (PID=924) to work on /home/airflow/.local/lib/python3.12/site-packages/airflow/example_dags/example_short_circuit_decorator.py
[2025-06-12T15:13:57.336+0000] {processor.py:830} INFO - Processing file /home/airflow/.local/lib/python3.12/site-packages/airflow/example_dags/example_short_circuit_decorator.py for tasks to queue
[2025-06-12T15:13:57.340+0000] {logging_mixin.py:188} INFO - [2025-06-12T15:13:57.340+0000] {dagbag.py:540} INFO - Filling up the DagBag from /home/airflow/.local/lib/python3.12/site-packages/airflow/example_dags/example_short_circuit_decorator.py
[2025-06-12T15:13:57.346+0000] {processor.py:840} INFO - DAG(s) 'example_short_circuit_decorator' retrieved from /home/airflow/.local/lib/python3.12/site-packages/airflow/example_dags/example_short_circuit_decorator.py
[2025-06-12T15:13:57.363+0000] {logging_mixin.py:188} INFO - [2025-06-12T15:13:57.363+0000] {dag.py:3096} INFO - Sync 1 DAGs
[2025-06-12T15:13:57.374+0000] {logging_mixin.py:188} INFO - [2025-06-12T15:13:57.374+0000] {dag.py:3954} INFO - Setting next_dagrun for example_short_circuit_decorator to 2025-06-11 00:00:00+00:00, run_after=2025-06-12 00:00:00+00:00
[2025-06-12T15:13:57.384+0000] {processor.py:183} INFO - Processing /home/airflow/.local/lib/python3.12/site-packages/airflow/example_dags/example_short_circuit_decorator.py took 0.055 seconds
[2025-06-12T15:14:27.850+0000] {processor.py:161} INFO - Started process (PID=999) to work on /home/airflow/.local/lib/python3.12/site-packages/airflow/example_dags/example_short_circuit_decorator.py
[2025-06-12T15:14:27.858+0000] {processor.py:830} INFO - Processing file /home/airflow/.local/lib/python3.12/site-packages/airflow/example_dags/example_short_circuit_decorator.py for tasks to queue
[2025-06-12T15:14:27.859+0000] {logging_mixin.py:188} INFO - [2025-06-12T15:14:27.859+0000] {dagbag.py:540} INFO - Filling up the DagBag from /home/airflow/.local/lib/python3.12/site-packages/airflow/example_dags/example_short_circuit_decorator.py
[2025-06-12T15:14:27.864+0000] {processor.py:840} INFO - DAG(s) 'example_short_circuit_decorator' retrieved from /home/airflow/.local/lib/python3.12/site-packages/airflow/example_dags/example_short_circuit_decorator.py
[2025-06-12T15:14:27.883+0000] {logging_mixin.py:188} INFO - [2025-06-12T15:14:27.883+0000] {dag.py:3096} INFO - Sync 1 DAGs
[2025-06-12T15:14:27.895+0000] {logging_mixin.py:188} INFO - [2025-06-12T15:14:27.895+0000] {dag.py:3954} INFO - Setting next_dagrun for example_short_circuit_decorator to 2025-06-11 00:00:00+00:00, run_after=2025-06-12 00:00:00+00:00
[2025-06-12T15:14:27.908+0000] {processor.py:183} INFO - Processing /home/airflow/.local/lib/python3.12/site-packages/airflow/example_dags/example_short_circuit_decorator.py took 0.062 seconds
[2025-06-12T15:14:58.317+0000] {processor.py:161} INFO - Started process (PID=1066) to work on /home/airflow/.local/lib/python3.12/site-packages/airflow/example_dags/example_short_circuit_decorator.py
[2025-06-12T15:14:58.318+0000] {processor.py:830} INFO - Processing file /home/airflow/.local/lib/python3.12/site-packages/airflow/example_dags/example_short_circuit_decorator.py for tasks to queue
[2025-06-12T15:14:58.320+0000] {logging_mixin.py:188} INFO - [2025-06-12T15:14:58.320+0000] {dagbag.py:540} INFO - Filling up the DagBag from /home/airflow/.local/lib/python3.12/site-packages/airflow/example_dags/example_short_circuit_decorator.py
[2025-06-12T15:14:58.327+0000] {processor.py:840} INFO - DAG(s) 'example_short_circuit_decorator' retrieved from /home/airflow/.local/lib/python3.12/site-packages/airflow/example_dags/example_short_circuit_decorator.py
[2025-06-12T15:14:58.341+0000] {logging_mixin.py:188} INFO - [2025-06-12T15:14:58.341+0000] {dag.py:3096} INFO - Sync 1 DAGs
[2025-06-12T15:14:58.353+0000] {logging_mixin.py:188} INFO - [2025-06-12T15:14:58.353+0000] {dag.py:3954} INFO - Setting next_dagrun for example_short_circuit_decorator to 2025-06-11 00:00:00+00:00, run_after=2025-06-12 00:00:00+00:00
[2025-06-12T15:14:58.369+0000] {processor.py:183} INFO - Processing /home/airflow/.local/lib/python3.12/site-packages/airflow/example_dags/example_short_circuit_decorator.py took 0.057 seconds
[2025-06-12T15:15:28.785+0000] {processor.py:161} INFO - Started process (PID=1140) to work on /home/airflow/.local/lib/python3.12/site-packages/airflow/example_dags/example_short_circuit_decorator.py
[2025-06-12T15:15:28.789+0000] {processor.py:830} INFO - Processing file /home/airflow/.local/lib/python3.12/site-packages/airflow/example_dags/example_short_circuit_decorator.py for tasks to queue
[2025-06-12T15:15:28.790+0000] {logging_mixin.py:188} INFO - [2025-06-12T15:15:28.790+0000] {dagbag.py:540} INFO - Filling up the DagBag from /home/airflow/.local/lib/python3.12/site-packages/airflow/example_dags/example_short_circuit_decorator.py
[2025-06-12T15:15:28.797+0000] {processor.py:840} INFO - DAG(s) 'example_short_circuit_decorator' retrieved from /home/airflow/.local/lib/python3.12/site-packages/airflow/example_dags/example_short_circuit_decorator.py
[2025-06-12T15:15:28.813+0000] {logging_mixin.py:188} INFO - [2025-06-12T15:15:28.813+0000] {dag.py:3096} INFO - Sync 1 DAGs
[2025-06-12T15:15:28.916+0000] {logging_mixin.py:188} INFO - [2025-06-12T15:15:28.915+0000] {dag.py:3954} INFO - Setting next_dagrun for example_short_circuit_decorator to 2025-06-11 00:00:00+00:00, run_after=2025-06-12 00:00:00+00:00
[2025-06-12T15:15:28.926+0000] {processor.py:183} INFO - Processing /home/airflow/.local/lib/python3.12/site-packages/airflow/example_dags/example_short_circuit_decorator.py took 0.146 seconds
[2025-06-12T15:15:59.160+0000] {processor.py:161} INFO - Started process (PID=1214) to work on /home/airflow/.local/lib/python3.12/site-packages/airflow/example_dags/example_short_circuit_decorator.py
[2025-06-12T15:15:59.161+0000] {processor.py:830} INFO - Processing file /home/airflow/.local/lib/python3.12/site-packages/airflow/example_dags/example_short_circuit_decorator.py for tasks to queue
[2025-06-12T15:15:59.162+0000] {logging_mixin.py:188} INFO - [2025-06-12T15:15:59.162+0000] {dagbag.py:540} INFO - Filling up the DagBag from /home/airflow/.local/lib/python3.12/site-packages/airflow/example_dags/example_short_circuit_decorator.py
[2025-06-12T15:15:59.170+0000] {processor.py:840} INFO - DAG(s) 'example_short_circuit_decorator' retrieved from /home/airflow/.local/lib/python3.12/site-packages/airflow/example_dags/example_short_circuit_decorator.py
[2025-06-12T15:15:59.198+0000] {logging_mixin.py:188} INFO - [2025-06-12T15:15:59.197+0000] {dag.py:3096} INFO - Sync 1 DAGs
[2025-06-12T15:15:59.215+0000] {logging_mixin.py:188} INFO - [2025-06-12T15:15:59.215+0000] {dag.py:3954} INFO - Setting next_dagrun for example_short_circuit_decorator to 2025-06-11 00:00:00+00:00, run_after=2025-06-12 00:00:00+00:00
[2025-06-12T15:15:59.415+0000] {processor.py:183} INFO - Processing /home/airflow/.local/lib/python3.12/site-packages/airflow/example_dags/example_short_circuit_decorator.py took 0.259 seconds
[2025-06-12T15:16:30.186+0000] {processor.py:161} INFO - Started process (PID=1281) to work on /home/airflow/.local/lib/python3.12/site-packages/airflow/example_dags/example_short_circuit_decorator.py
[2025-06-12T15:16:30.193+0000] {processor.py:830} INFO - Processing file /home/airflow/.local/lib/python3.12/site-packages/airflow/example_dags/example_short_circuit_decorator.py for tasks to queue
[2025-06-12T15:16:30.194+0000] {logging_mixin.py:188} INFO - [2025-06-12T15:16:30.194+0000] {dagbag.py:540} INFO - Filling up the DagBag from /home/airflow/.local/lib/python3.12/site-packages/airflow/example_dags/example_short_circuit_decorator.py
[2025-06-12T15:16:30.200+0000] {processor.py:840} INFO - DAG(s) 'example_short_circuit_decorator' retrieved from /home/airflow/.local/lib/python3.12/site-packages/airflow/example_dags/example_short_circuit_decorator.py
[2025-06-12T15:16:30.216+0000] {logging_mixin.py:188} INFO - [2025-06-12T15:16:30.216+0000] {dag.py:3096} INFO - Sync 1 DAGs
[2025-06-12T15:16:30.228+0000] {logging_mixin.py:188} INFO - [2025-06-12T15:16:30.227+0000] {dag.py:3954} INFO - Setting next_dagrun for example_short_circuit_decorator to 2025-06-11 00:00:00+00:00, run_after=2025-06-12 00:00:00+00:00
[2025-06-12T15:16:30.240+0000] {processor.py:183} INFO - Processing /home/airflow/.local/lib/python3.12/site-packages/airflow/example_dags/example_short_circuit_decorator.py took 0.059 seconds
[2025-06-12T15:17:01.196+0000] {processor.py:161} INFO - Started process (PID=1355) to work on /home/airflow/.local/lib/python3.12/site-packages/airflow/example_dags/example_short_circuit_decorator.py
[2025-06-12T15:17:01.204+0000] {processor.py:830} INFO - Processing file /home/airflow/.local/lib/python3.12/site-packages/airflow/example_dags/example_short_circuit_decorator.py for tasks to queue
[2025-06-12T15:17:01.205+0000] {logging_mixin.py:188} INFO - [2025-06-12T15:17:01.205+0000] {dagbag.py:540} INFO - Filling up the DagBag from /home/airflow/.local/lib/python3.12/site-packages/airflow/example_dags/example_short_circuit_decorator.py
[2025-06-12T15:17:01.212+0000] {processor.py:840} INFO - DAG(s) 'example_short_circuit_decorator' retrieved from /home/airflow/.local/lib/python3.12/site-packages/airflow/example_dags/example_short_circuit_decorator.py
[2025-06-12T15:17:01.228+0000] {logging_mixin.py:188} INFO - [2025-06-12T15:17:01.228+0000] {dag.py:3096} INFO - Sync 1 DAGs
[2025-06-12T15:17:01.245+0000] {logging_mixin.py:188} INFO - [2025-06-12T15:17:01.245+0000] {dag.py:3954} INFO - Setting next_dagrun for example_short_circuit_decorator to 2025-06-11 00:00:00+00:00, run_after=2025-06-12 00:00:00+00:00
[2025-06-12T15:17:01.258+0000] {processor.py:183} INFO - Processing /home/airflow/.local/lib/python3.12/site-packages/airflow/example_dags/example_short_circuit_decorator.py took 0.065 seconds
[2025-06-12T15:17:31.361+0000] {processor.py:161} INFO - Started process (PID=1429) to work on /home/airflow/.local/lib/python3.12/site-packages/airflow/example_dags/example_short_circuit_decorator.py
[2025-06-12T15:17:31.362+0000] {processor.py:830} INFO - Processing file /home/airflow/.local/lib/python3.12/site-packages/airflow/example_dags/example_short_circuit_decorator.py for tasks to queue
[2025-06-12T15:17:31.363+0000] {logging_mixin.py:188} INFO - [2025-06-12T15:17:31.363+0000] {dagbag.py:540} INFO - Filling up the DagBag from /home/airflow/.local/lib/python3.12/site-packages/airflow/example_dags/example_short_circuit_decorator.py
[2025-06-12T15:17:31.480+0000] {processor.py:840} INFO - DAG(s) 'example_short_circuit_decorator' retrieved from /home/airflow/.local/lib/python3.12/site-packages/airflow/example_dags/example_short_circuit_decorator.py
[2025-06-12T15:17:31.492+0000] {logging_mixin.py:188} INFO - [2025-06-12T15:17:31.491+0000] {dag.py:3096} INFO - Sync 1 DAGs
[2025-06-12T15:17:31.501+0000] {logging_mixin.py:188} INFO - [2025-06-12T15:17:31.501+0000] {dag.py:3954} INFO - Setting next_dagrun for example_short_circuit_decorator to 2025-06-11 00:00:00+00:00, run_after=2025-06-12 00:00:00+00:00
[2025-06-12T15:17:31.512+0000] {processor.py:183} INFO - Processing /home/airflow/.local/lib/python3.12/site-packages/airflow/example_dags/example_short_circuit_decorator.py took 0.153 seconds
[2025-06-12T15:18:02.064+0000] {processor.py:161} INFO - Started process (PID=1496) to work on /home/airflow/.local/lib/python3.12/site-packages/airflow/example_dags/example_short_circuit_decorator.py
[2025-06-12T15:18:02.065+0000] {processor.py:830} INFO - Processing file /home/airflow/.local/lib/python3.12/site-packages/airflow/example_dags/example_short_circuit_decorator.py for tasks to queue
[2025-06-12T15:18:02.066+0000] {logging_mixin.py:188} INFO - [2025-06-12T15:18:02.066+0000] {dagbag.py:540} INFO - Filling up the DagBag from /home/airflow/.local/lib/python3.12/site-packages/airflow/example_dags/example_short_circuit_decorator.py
[2025-06-12T15:18:02.070+0000] {processor.py:840} INFO - DAG(s) 'example_short_circuit_decorator' retrieved from /home/airflow/.local/lib/python3.12/site-packages/airflow/example_dags/example_short_circuit_decorator.py
[2025-06-12T15:18:02.085+0000] {logging_mixin.py:188} INFO - [2025-06-12T15:18:02.085+0000] {dag.py:3096} INFO - Sync 1 DAGs
[2025-06-12T15:18:02.096+0000] {logging_mixin.py:188} INFO - [2025-06-12T15:18:02.096+0000] {dag.py:3954} INFO - Setting next_dagrun for example_short_circuit_decorator to 2025-06-11 00:00:00+00:00, run_after=2025-06-12 00:00:00+00:00
[2025-06-12T15:18:02.107+0000] {processor.py:183} INFO - Processing /home/airflow/.local/lib/python3.12/site-packages/airflow/example_dags/example_short_circuit_decorator.py took 0.046 seconds
[2025-06-12T15:18:32.707+0000] {processor.py:161} INFO - Started process (PID=1570) to work on /home/airflow/.local/lib/python3.12/site-packages/airflow/example_dags/example_short_circuit_decorator.py
[2025-06-12T15:18:32.707+0000] {processor.py:830} INFO - Processing file /home/airflow/.local/lib/python3.12/site-packages/airflow/example_dags/example_short_circuit_decorator.py for tasks to queue
[2025-06-12T15:18:32.708+0000] {logging_mixin.py:188} INFO - [2025-06-12T15:18:32.708+0000] {dagbag.py:540} INFO - Filling up the DagBag from /home/airflow/.local/lib/python3.12/site-packages/airflow/example_dags/example_short_circuit_decorator.py
[2025-06-12T15:18:32.713+0000] {processor.py:840} INFO - DAG(s) 'example_short_circuit_decorator' retrieved from /home/airflow/.local/lib/python3.12/site-packages/airflow/example_dags/example_short_circuit_decorator.py
[2025-06-12T15:18:32.726+0000] {logging_mixin.py:188} INFO - [2025-06-12T15:18:32.726+0000] {dag.py:3096} INFO - Sync 1 DAGs
[2025-06-12T15:18:32.736+0000] {logging_mixin.py:188} INFO - [2025-06-12T15:18:32.735+0000] {dag.py:3954} INFO - Setting next_dagrun for example_short_circuit_decorator to 2025-06-11 00:00:00+00:00, run_after=2025-06-12 00:00:00+00:00
[2025-06-12T15:18:32.751+0000] {processor.py:183} INFO - Processing /home/airflow/.local/lib/python3.12/site-packages/airflow/example_dags/example_short_circuit_decorator.py took 0.048 seconds
