[2025-06-12T13:58:38.466+0000] {processor.py:161} INFO - Started process (PID=59) to work on /home/airflow/.local/lib/python3.12/site-packages/airflow/example_dags/example_task_group_decorator.py
[2025-06-12T13:58:38.468+0000] {processor.py:830} INFO - Processing file /home/airflow/.local/lib/python3.12/site-packages/airflow/example_dags/example_task_group_decorator.py for tasks to queue
[2025-06-12T13:58:38.473+0000] {logging_mixin.py:188} INFO - [2025-06-12T13:58:38.472+0000] {dagbag.py:540} INFO - Filling up the DagBag from /home/airflow/.local/lib/python3.12/site-packages/airflow/example_dags/example_task_group_decorator.py
[2025-06-12T13:58:38.494+0000] {processor.py:840} INFO - DAG(s) 'example_task_group_decorator' retrieved from /home/airflow/.local/lib/python3.12/site-packages/airflow/example_dags/example_task_group_decorator.py
[2025-06-12T13:58:38.522+0000] {logging_mixin.py:188} INFO - [2025-06-12T13:58:38.522+0000] {dag.py:3096} INFO - Sync 1 DAGs
[2025-06-12T13:58:38.551+0000] {logging_mixin.py:188} INFO - [2025-06-12T13:58:38.551+0000] {dag.py:3954} INFO - Setting next_dagrun for example_task_group_decorator to 2025-06-11 00:00:00+00:00, run_after=2025-06-12 00:00:00+00:00
[2025-06-12T13:58:38.598+0000] {processor.py:183} INFO - Processing /home/airflow/.local/lib/python3.12/site-packages/airflow/example_dags/example_task_group_decorator.py took 0.142 seconds
[2025-06-12T13:59:08.940+0000] {processor.py:161} INFO - Started process (PID=126) to work on /home/airflow/.local/lib/python3.12/site-packages/airflow/example_dags/example_task_group_decorator.py
[2025-06-12T13:59:08.942+0000] {processor.py:830} INFO - Processing file /home/airflow/.local/lib/python3.12/site-packages/airflow/example_dags/example_task_group_decorator.py for tasks to queue
[2025-06-12T13:59:08.943+0000] {logging_mixin.py:188} INFO - [2025-06-12T13:59:08.943+0000] {dagbag.py:540} INFO - Filling up the DagBag from /home/airflow/.local/lib/python3.12/site-packages/airflow/example_dags/example_task_group_decorator.py
[2025-06-12T13:59:08.949+0000] {processor.py:840} INFO - DAG(s) 'example_task_group_decorator' retrieved from /home/airflow/.local/lib/python3.12/site-packages/airflow/example_dags/example_task_group_decorator.py
[2025-06-12T13:59:08.994+0000] {logging_mixin.py:188} INFO - [2025-06-12T13:59:08.994+0000] {dag.py:3096} INFO - Sync 1 DAGs
[2025-06-12T13:59:09.001+0000] {logging_mixin.py:188} INFO - [2025-06-12T13:59:09.001+0000] {dag.py:3954} INFO - Setting next_dagrun for example_task_group_decorator to 2025-06-11 00:00:00+00:00, run_after=2025-06-12 00:00:00+00:00
[2025-06-12T13:59:09.011+0000] {processor.py:183} INFO - Processing /home/airflow/.local/lib/python3.12/site-packages/airflow/example_dags/example_task_group_decorator.py took 0.074 seconds
[2025-06-12T13:59:39.918+0000] {processor.py:161} INFO - Started process (PID=193) to work on /home/airflow/.local/lib/python3.12/site-packages/airflow/example_dags/example_task_group_decorator.py
[2025-06-12T13:59:39.920+0000] {processor.py:830} INFO - Processing file /home/airflow/.local/lib/python3.12/site-packages/airflow/example_dags/example_task_group_decorator.py for tasks to queue
[2025-06-12T13:59:39.922+0000] {logging_mixin.py:188} INFO - [2025-06-12T13:59:39.922+0000] {dagbag.py:540} INFO - Filling up the DagBag from /home/airflow/.local/lib/python3.12/site-packages/airflow/example_dags/example_task_group_decorator.py
[2025-06-12T13:59:39.929+0000] {processor.py:840} INFO - DAG(s) 'example_task_group_decorator' retrieved from /home/airflow/.local/lib/python3.12/site-packages/airflow/example_dags/example_task_group_decorator.py
[2025-06-12T13:59:39.960+0000] {logging_mixin.py:188} INFO - [2025-06-12T13:59:39.959+0000] {dag.py:3096} INFO - Sync 1 DAGs
[2025-06-12T13:59:39.988+0000] {logging_mixin.py:188} INFO - [2025-06-12T13:59:39.988+0000] {dag.py:3954} INFO - Setting next_dagrun for example_task_group_decorator to 2025-06-11 00:00:00+00:00, run_after=2025-06-12 00:00:00+00:00
[2025-06-12T13:59:40.006+0000] {processor.py:183} INFO - Processing /home/airflow/.local/lib/python3.12/site-packages/airflow/example_dags/example_task_group_decorator.py took 0.091 seconds
[2025-06-12T14:00:10.356+0000] {processor.py:161} INFO - Started process (PID=267) to work on /home/airflow/.local/lib/python3.12/site-packages/airflow/example_dags/example_task_group_decorator.py
[2025-06-12T14:00:10.359+0000] {processor.py:830} INFO - Processing file /home/airflow/.local/lib/python3.12/site-packages/airflow/example_dags/example_task_group_decorator.py for tasks to queue
[2025-06-12T14:00:10.360+0000] {logging_mixin.py:188} INFO - [2025-06-12T14:00:10.360+0000] {dagbag.py:540} INFO - Filling up the DagBag from /home/airflow/.local/lib/python3.12/site-packages/airflow/example_dags/example_task_group_decorator.py
[2025-06-12T14:00:10.365+0000] {processor.py:840} INFO - DAG(s) 'example_task_group_decorator' retrieved from /home/airflow/.local/lib/python3.12/site-packages/airflow/example_dags/example_task_group_decorator.py
[2025-06-12T14:00:10.379+0000] {logging_mixin.py:188} INFO - [2025-06-12T14:00:10.378+0000] {dag.py:3096} INFO - Sync 1 DAGs
[2025-06-12T14:00:10.387+0000] {logging_mixin.py:188} INFO - [2025-06-12T14:00:10.387+0000] {dag.py:3954} INFO - Setting next_dagrun for example_task_group_decorator to 2025-06-11 00:00:00+00:00, run_after=2025-06-12 00:00:00+00:00
[2025-06-12T14:00:10.395+0000] {processor.py:183} INFO - Processing /home/airflow/.local/lib/python3.12/site-packages/airflow/example_dags/example_task_group_decorator.py took 0.041 seconds
[2025-06-12T14:00:41.143+0000] {processor.py:161} INFO - Started process (PID=341) to work on /home/airflow/.local/lib/python3.12/site-packages/airflow/example_dags/example_task_group_decorator.py
[2025-06-12T14:00:41.144+0000] {processor.py:830} INFO - Processing file /home/airflow/.local/lib/python3.12/site-packages/airflow/example_dags/example_task_group_decorator.py for tasks to queue
[2025-06-12T14:00:41.145+0000] {logging_mixin.py:188} INFO - [2025-06-12T14:00:41.145+0000] {dagbag.py:540} INFO - Filling up the DagBag from /home/airflow/.local/lib/python3.12/site-packages/airflow/example_dags/example_task_group_decorator.py
[2025-06-12T14:00:41.158+0000] {processor.py:840} INFO - DAG(s) 'example_task_group_decorator' retrieved from /home/airflow/.local/lib/python3.12/site-packages/airflow/example_dags/example_task_group_decorator.py
[2025-06-12T14:00:41.177+0000] {logging_mixin.py:188} INFO - [2025-06-12T14:00:41.177+0000] {dag.py:3096} INFO - Sync 1 DAGs
[2025-06-12T14:00:41.193+0000] {logging_mixin.py:188} INFO - [2025-06-12T14:00:41.193+0000] {dag.py:3954} INFO - Setting next_dagrun for example_task_group_decorator to 2025-06-11 00:00:00+00:00, run_after=2025-06-12 00:00:00+00:00
[2025-06-12T14:00:41.202+0000] {processor.py:183} INFO - Processing /home/airflow/.local/lib/python3.12/site-packages/airflow/example_dags/example_task_group_decorator.py took 0.064 seconds
[2025-06-12T14:01:11.423+0000] {processor.py:161} INFO - Started process (PID=408) to work on /home/airflow/.local/lib/python3.12/site-packages/airflow/example_dags/example_task_group_decorator.py
[2025-06-12T14:01:11.424+0000] {processor.py:830} INFO - Processing file /home/airflow/.local/lib/python3.12/site-packages/airflow/example_dags/example_task_group_decorator.py for tasks to queue
[2025-06-12T14:01:11.425+0000] {logging_mixin.py:188} INFO - [2025-06-12T14:01:11.425+0000] {dagbag.py:540} INFO - Filling up the DagBag from /home/airflow/.local/lib/python3.12/site-packages/airflow/example_dags/example_task_group_decorator.py
[2025-06-12T14:01:11.436+0000] {processor.py:840} INFO - DAG(s) 'example_task_group_decorator' retrieved from /home/airflow/.local/lib/python3.12/site-packages/airflow/example_dags/example_task_group_decorator.py
[2025-06-12T14:01:11.453+0000] {logging_mixin.py:188} INFO - [2025-06-12T14:01:11.452+0000] {dag.py:3096} INFO - Sync 1 DAGs
[2025-06-12T14:01:11.468+0000] {logging_mixin.py:188} INFO - [2025-06-12T14:01:11.468+0000] {dag.py:3954} INFO - Setting next_dagrun for example_task_group_decorator to 2025-06-11 00:00:00+00:00, run_after=2025-06-12 00:00:00+00:00
[2025-06-12T14:01:11.479+0000] {processor.py:183} INFO - Processing /home/airflow/.local/lib/python3.12/site-packages/airflow/example_dags/example_task_group_decorator.py took 0.059 seconds
[2025-06-12T14:15:47.908+0000] {processor.py:161} INFO - Started process (PID=60) to work on /home/airflow/.local/lib/python3.12/site-packages/airflow/example_dags/example_task_group_decorator.py
[2025-06-12T14:15:47.910+0000] {processor.py:830} INFO - Processing file /home/airflow/.local/lib/python3.12/site-packages/airflow/example_dags/example_task_group_decorator.py for tasks to queue
[2025-06-12T14:15:47.912+0000] {logging_mixin.py:188} INFO - [2025-06-12T14:15:47.912+0000] {dagbag.py:540} INFO - Filling up the DagBag from /home/airflow/.local/lib/python3.12/site-packages/airflow/example_dags/example_task_group_decorator.py
[2025-06-12T14:15:47.926+0000] {processor.py:840} INFO - DAG(s) 'example_task_group_decorator' retrieved from /home/airflow/.local/lib/python3.12/site-packages/airflow/example_dags/example_task_group_decorator.py
[2025-06-12T14:15:47.952+0000] {logging_mixin.py:188} INFO - [2025-06-12T14:15:47.952+0000] {dag.py:3096} INFO - Sync 1 DAGs
[2025-06-12T14:15:47.984+0000] {logging_mixin.py:188} INFO - [2025-06-12T14:15:47.984+0000] {dag.py:3954} INFO - Setting next_dagrun for example_task_group_decorator to 2025-06-11 00:00:00+00:00, run_after=2025-06-12 00:00:00+00:00
[2025-06-12T14:15:48.000+0000] {processor.py:183} INFO - Processing /home/airflow/.local/lib/python3.12/site-packages/airflow/example_dags/example_task_group_decorator.py took 0.100 seconds
[2025-06-12T14:16:18.208+0000] {processor.py:161} INFO - Started process (PID=127) to work on /home/airflow/.local/lib/python3.12/site-packages/airflow/example_dags/example_task_group_decorator.py
[2025-06-12T14:16:18.209+0000] {processor.py:830} INFO - Processing file /home/airflow/.local/lib/python3.12/site-packages/airflow/example_dags/example_task_group_decorator.py for tasks to queue
[2025-06-12T14:16:18.209+0000] {logging_mixin.py:188} INFO - [2025-06-12T14:16:18.209+0000] {dagbag.py:540} INFO - Filling up the DagBag from /home/airflow/.local/lib/python3.12/site-packages/airflow/example_dags/example_task_group_decorator.py
[2025-06-12T14:16:18.215+0000] {processor.py:840} INFO - DAG(s) 'example_task_group_decorator' retrieved from /home/airflow/.local/lib/python3.12/site-packages/airflow/example_dags/example_task_group_decorator.py
[2025-06-12T14:16:18.254+0000] {logging_mixin.py:188} INFO - [2025-06-12T14:16:18.254+0000] {dag.py:3096} INFO - Sync 1 DAGs
[2025-06-12T14:16:18.261+0000] {logging_mixin.py:188} INFO - [2025-06-12T14:16:18.261+0000] {dag.py:3954} INFO - Setting next_dagrun for example_task_group_decorator to 2025-06-11 00:00:00+00:00, run_after=2025-06-12 00:00:00+00:00
[2025-06-12T14:16:18.268+0000] {processor.py:183} INFO - Processing /home/airflow/.local/lib/python3.12/site-packages/airflow/example_dags/example_task_group_decorator.py took 0.062 seconds
[2025-06-12T14:16:49.272+0000] {processor.py:161} INFO - Started process (PID=201) to work on /home/airflow/.local/lib/python3.12/site-packages/airflow/example_dags/example_task_group_decorator.py
[2025-06-12T14:16:49.274+0000] {processor.py:830} INFO - Processing file /home/airflow/.local/lib/python3.12/site-packages/airflow/example_dags/example_task_group_decorator.py for tasks to queue
[2025-06-12T14:16:49.275+0000] {logging_mixin.py:188} INFO - [2025-06-12T14:16:49.275+0000] {dagbag.py:540} INFO - Filling up the DagBag from /home/airflow/.local/lib/python3.12/site-packages/airflow/example_dags/example_task_group_decorator.py
[2025-06-12T14:16:49.284+0000] {processor.py:840} INFO - DAG(s) 'example_task_group_decorator' retrieved from /home/airflow/.local/lib/python3.12/site-packages/airflow/example_dags/example_task_group_decorator.py
[2025-06-12T14:16:49.301+0000] {logging_mixin.py:188} INFO - [2025-06-12T14:16:49.301+0000] {dag.py:3096} INFO - Sync 1 DAGs
[2025-06-12T14:16:49.314+0000] {logging_mixin.py:188} INFO - [2025-06-12T14:16:49.314+0000] {dag.py:3954} INFO - Setting next_dagrun for example_task_group_decorator to 2025-06-11 00:00:00+00:00, run_after=2025-06-12 00:00:00+00:00
[2025-06-12T14:16:49.326+0000] {processor.py:183} INFO - Processing /home/airflow/.local/lib/python3.12/site-packages/airflow/example_dags/example_task_group_decorator.py took 0.059 seconds
[2025-06-12T14:17:20.353+0000] {processor.py:161} INFO - Started process (PID=275) to work on /home/airflow/.local/lib/python3.12/site-packages/airflow/example_dags/example_task_group_decorator.py
[2025-06-12T14:17:20.354+0000] {processor.py:830} INFO - Processing file /home/airflow/.local/lib/python3.12/site-packages/airflow/example_dags/example_task_group_decorator.py for tasks to queue
[2025-06-12T14:17:20.357+0000] {logging_mixin.py:188} INFO - [2025-06-12T14:17:20.356+0000] {dagbag.py:540} INFO - Filling up the DagBag from /home/airflow/.local/lib/python3.12/site-packages/airflow/example_dags/example_task_group_decorator.py
[2025-06-12T14:17:20.365+0000] {processor.py:840} INFO - DAG(s) 'example_task_group_decorator' retrieved from /home/airflow/.local/lib/python3.12/site-packages/airflow/example_dags/example_task_group_decorator.py
[2025-06-12T14:17:20.449+0000] {logging_mixin.py:188} INFO - [2025-06-12T14:17:20.448+0000] {dag.py:3096} INFO - Sync 1 DAGs
[2025-06-12T14:17:20.480+0000] {logging_mixin.py:188} INFO - [2025-06-12T14:17:20.479+0000] {dag.py:3954} INFO - Setting next_dagrun for example_task_group_decorator to 2025-06-11 00:00:00+00:00, run_after=2025-06-12 00:00:00+00:00
[2025-06-12T14:17:20.495+0000] {processor.py:183} INFO - Processing /home/airflow/.local/lib/python3.12/site-packages/airflow/example_dags/example_task_group_decorator.py took 0.147 seconds
[2025-06-12T14:17:51.332+0000] {processor.py:161} INFO - Started process (PID=341) to work on /home/airflow/.local/lib/python3.12/site-packages/airflow/example_dags/example_task_group_decorator.py
[2025-06-12T14:17:51.332+0000] {processor.py:830} INFO - Processing file /home/airflow/.local/lib/python3.12/site-packages/airflow/example_dags/example_task_group_decorator.py for tasks to queue
[2025-06-12T14:17:51.333+0000] {logging_mixin.py:188} INFO - [2025-06-12T14:17:51.333+0000] {dagbag.py:540} INFO - Filling up the DagBag from /home/airflow/.local/lib/python3.12/site-packages/airflow/example_dags/example_task_group_decorator.py
[2025-06-12T14:17:51.338+0000] {processor.py:840} INFO - DAG(s) 'example_task_group_decorator' retrieved from /home/airflow/.local/lib/python3.12/site-packages/airflow/example_dags/example_task_group_decorator.py
[2025-06-12T14:17:51.354+0000] {logging_mixin.py:188} INFO - [2025-06-12T14:17:51.354+0000] {dag.py:3096} INFO - Sync 1 DAGs
[2025-06-12T14:17:51.364+0000] {logging_mixin.py:188} INFO - [2025-06-12T14:17:51.364+0000] {dag.py:3954} INFO - Setting next_dagrun for example_task_group_decorator to 2025-06-11 00:00:00+00:00, run_after=2025-06-12 00:00:00+00:00
[2025-06-12T14:17:51.373+0000] {processor.py:183} INFO - Processing /home/airflow/.local/lib/python3.12/site-packages/airflow/example_dags/example_task_group_decorator.py took 0.044 seconds
[2025-06-12T14:18:34.116+0000] {processor.py:161} INFO - Started process (PID=59) to work on /home/airflow/.local/lib/python3.12/site-packages/airflow/example_dags/example_task_group_decorator.py
[2025-06-12T14:18:34.118+0000] {processor.py:830} INFO - Processing file /home/airflow/.local/lib/python3.12/site-packages/airflow/example_dags/example_task_group_decorator.py for tasks to queue
[2025-06-12T14:18:34.125+0000] {logging_mixin.py:188} INFO - [2025-06-12T14:18:34.124+0000] {dagbag.py:540} INFO - Filling up the DagBag from /home/airflow/.local/lib/python3.12/site-packages/airflow/example_dags/example_task_group_decorator.py
[2025-06-12T14:18:34.145+0000] {processor.py:840} INFO - DAG(s) 'example_task_group_decorator' retrieved from /home/airflow/.local/lib/python3.12/site-packages/airflow/example_dags/example_task_group_decorator.py
[2025-06-12T14:18:34.235+0000] {logging_mixin.py:188} INFO - [2025-06-12T14:18:34.235+0000] {dag.py:3096} INFO - Sync 1 DAGs
[2025-06-12T14:18:34.259+0000] {logging_mixin.py:188} INFO - [2025-06-12T14:18:34.258+0000] {dag.py:3954} INFO - Setting next_dagrun for example_task_group_decorator to 2025-06-11 00:00:00+00:00, run_after=2025-06-12 00:00:00+00:00
[2025-06-12T14:18:34.302+0000] {processor.py:183} INFO - Processing /home/airflow/.local/lib/python3.12/site-packages/airflow/example_dags/example_task_group_decorator.py took 0.195 seconds
[2025-06-12T14:19:04.852+0000] {processor.py:161} INFO - Started process (PID=125) to work on /home/airflow/.local/lib/python3.12/site-packages/airflow/example_dags/example_task_group_decorator.py
[2025-06-12T14:19:04.853+0000] {processor.py:830} INFO - Processing file /home/airflow/.local/lib/python3.12/site-packages/airflow/example_dags/example_task_group_decorator.py for tasks to queue
[2025-06-12T14:19:04.855+0000] {logging_mixin.py:188} INFO - [2025-06-12T14:19:04.854+0000] {dagbag.py:540} INFO - Filling up the DagBag from /home/airflow/.local/lib/python3.12/site-packages/airflow/example_dags/example_task_group_decorator.py
[2025-06-12T14:19:04.866+0000] {processor.py:840} INFO - DAG(s) 'example_task_group_decorator' retrieved from /home/airflow/.local/lib/python3.12/site-packages/airflow/example_dags/example_task_group_decorator.py
[2025-06-12T14:19:04.878+0000] {logging_mixin.py:188} INFO - [2025-06-12T14:19:04.878+0000] {dag.py:3096} INFO - Sync 1 DAGs
[2025-06-12T14:19:04.892+0000] {logging_mixin.py:188} INFO - [2025-06-12T14:19:04.892+0000] {dag.py:3954} INFO - Setting next_dagrun for example_task_group_decorator to 2025-06-11 00:00:00+00:00, run_after=2025-06-12 00:00:00+00:00
[2025-06-12T14:19:04.906+0000] {processor.py:183} INFO - Processing /home/airflow/.local/lib/python3.12/site-packages/airflow/example_dags/example_task_group_decorator.py took 0.057 seconds
[2025-06-12T14:19:35.161+0000] {processor.py:161} INFO - Started process (PID=199) to work on /home/airflow/.local/lib/python3.12/site-packages/airflow/example_dags/example_task_group_decorator.py
[2025-06-12T14:19:35.161+0000] {processor.py:830} INFO - Processing file /home/airflow/.local/lib/python3.12/site-packages/airflow/example_dags/example_task_group_decorator.py for tasks to queue
[2025-06-12T14:19:35.162+0000] {logging_mixin.py:188} INFO - [2025-06-12T14:19:35.162+0000] {dagbag.py:540} INFO - Filling up the DagBag from /home/airflow/.local/lib/python3.12/site-packages/airflow/example_dags/example_task_group_decorator.py
[2025-06-12T14:19:35.168+0000] {processor.py:840} INFO - DAG(s) 'example_task_group_decorator' retrieved from /home/airflow/.local/lib/python3.12/site-packages/airflow/example_dags/example_task_group_decorator.py
[2025-06-12T14:19:35.175+0000] {logging_mixin.py:188} INFO - [2025-06-12T14:19:35.175+0000] {dag.py:3096} INFO - Sync 1 DAGs
[2025-06-12T14:19:35.184+0000] {logging_mixin.py:188} INFO - [2025-06-12T14:19:35.184+0000] {dag.py:3954} INFO - Setting next_dagrun for example_task_group_decorator to 2025-06-11 00:00:00+00:00, run_after=2025-06-12 00:00:00+00:00
[2025-06-12T14:19:35.196+0000] {processor.py:183} INFO - Processing /home/airflow/.local/lib/python3.12/site-packages/airflow/example_dags/example_task_group_decorator.py took 0.038 seconds
[2025-06-12T14:20:05.971+0000] {processor.py:161} INFO - Started process (PID=265) to work on /home/airflow/.local/lib/python3.12/site-packages/airflow/example_dags/example_task_group_decorator.py
[2025-06-12T14:20:05.971+0000] {processor.py:830} INFO - Processing file /home/airflow/.local/lib/python3.12/site-packages/airflow/example_dags/example_task_group_decorator.py for tasks to queue
[2025-06-12T14:20:05.972+0000] {logging_mixin.py:188} INFO - [2025-06-12T14:20:05.972+0000] {dagbag.py:540} INFO - Filling up the DagBag from /home/airflow/.local/lib/python3.12/site-packages/airflow/example_dags/example_task_group_decorator.py
[2025-06-12T14:20:05.977+0000] {processor.py:840} INFO - DAG(s) 'example_task_group_decorator' retrieved from /home/airflow/.local/lib/python3.12/site-packages/airflow/example_dags/example_task_group_decorator.py
[2025-06-12T14:20:06.028+0000] {logging_mixin.py:188} INFO - [2025-06-12T14:20:06.028+0000] {dag.py:3096} INFO - Sync 1 DAGs
[2025-06-12T14:20:06.036+0000] {logging_mixin.py:188} INFO - [2025-06-12T14:20:06.036+0000] {dag.py:3954} INFO - Setting next_dagrun for example_task_group_decorator to 2025-06-11 00:00:00+00:00, run_after=2025-06-12 00:00:00+00:00
[2025-06-12T14:20:06.043+0000] {processor.py:183} INFO - Processing /home/airflow/.local/lib/python3.12/site-packages/airflow/example_dags/example_task_group_decorator.py took 0.075 seconds
[2025-06-12T14:20:36.944+0000] {processor.py:161} INFO - Started process (PID=340) to work on /home/airflow/.local/lib/python3.12/site-packages/airflow/example_dags/example_task_group_decorator.py
[2025-06-12T14:20:36.945+0000] {processor.py:830} INFO - Processing file /home/airflow/.local/lib/python3.12/site-packages/airflow/example_dags/example_task_group_decorator.py for tasks to queue
[2025-06-12T14:20:36.946+0000] {logging_mixin.py:188} INFO - [2025-06-12T14:20:36.946+0000] {dagbag.py:540} INFO - Filling up the DagBag from /home/airflow/.local/lib/python3.12/site-packages/airflow/example_dags/example_task_group_decorator.py
[2025-06-12T14:20:36.955+0000] {processor.py:840} INFO - DAG(s) 'example_task_group_decorator' retrieved from /home/airflow/.local/lib/python3.12/site-packages/airflow/example_dags/example_task_group_decorator.py
[2025-06-12T14:20:36.971+0000] {logging_mixin.py:188} INFO - [2025-06-12T14:20:36.971+0000] {dag.py:3096} INFO - Sync 1 DAGs
[2025-06-12T14:20:36.982+0000] {logging_mixin.py:188} INFO - [2025-06-12T14:20:36.981+0000] {dag.py:3954} INFO - Setting next_dagrun for example_task_group_decorator to 2025-06-11 00:00:00+00:00, run_after=2025-06-12 00:00:00+00:00
[2025-06-12T14:20:36.991+0000] {processor.py:183} INFO - Processing /home/airflow/.local/lib/python3.12/site-packages/airflow/example_dags/example_task_group_decorator.py took 0.050 seconds
[2025-06-12T14:21:07.499+0000] {processor.py:161} INFO - Started process (PID=414) to work on /home/airflow/.local/lib/python3.12/site-packages/airflow/example_dags/example_task_group_decorator.py
[2025-06-12T14:21:07.500+0000] {processor.py:830} INFO - Processing file /home/airflow/.local/lib/python3.12/site-packages/airflow/example_dags/example_task_group_decorator.py for tasks to queue
[2025-06-12T14:21:07.503+0000] {logging_mixin.py:188} INFO - [2025-06-12T14:21:07.503+0000] {dagbag.py:540} INFO - Filling up the DagBag from /home/airflow/.local/lib/python3.12/site-packages/airflow/example_dags/example_task_group_decorator.py
[2025-06-12T14:21:07.515+0000] {processor.py:840} INFO - DAG(s) 'example_task_group_decorator' retrieved from /home/airflow/.local/lib/python3.12/site-packages/airflow/example_dags/example_task_group_decorator.py
[2025-06-12T14:21:07.532+0000] {logging_mixin.py:188} INFO - [2025-06-12T14:21:07.531+0000] {dag.py:3096} INFO - Sync 1 DAGs
[2025-06-12T14:21:07.550+0000] {logging_mixin.py:188} INFO - [2025-06-12T14:21:07.550+0000] {dag.py:3954} INFO - Setting next_dagrun for example_task_group_decorator to 2025-06-11 00:00:00+00:00, run_after=2025-06-12 00:00:00+00:00
[2025-06-12T14:21:07.593+0000] {processor.py:183} INFO - Processing /home/airflow/.local/lib/python3.12/site-packages/airflow/example_dags/example_task_group_decorator.py took 0.096 seconds
[2025-06-12T14:21:37.837+0000] {processor.py:161} INFO - Started process (PID=480) to work on /home/airflow/.local/lib/python3.12/site-packages/airflow/example_dags/example_task_group_decorator.py
[2025-06-12T14:21:37.837+0000] {processor.py:830} INFO - Processing file /home/airflow/.local/lib/python3.12/site-packages/airflow/example_dags/example_task_group_decorator.py for tasks to queue
[2025-06-12T14:21:37.839+0000] {logging_mixin.py:188} INFO - [2025-06-12T14:21:37.838+0000] {dagbag.py:540} INFO - Filling up the DagBag from /home/airflow/.local/lib/python3.12/site-packages/airflow/example_dags/example_task_group_decorator.py
[2025-06-12T14:21:37.846+0000] {processor.py:840} INFO - DAG(s) 'example_task_group_decorator' retrieved from /home/airflow/.local/lib/python3.12/site-packages/airflow/example_dags/example_task_group_decorator.py
[2025-06-12T14:21:37.864+0000] {logging_mixin.py:188} INFO - [2025-06-12T14:21:37.864+0000] {dag.py:3096} INFO - Sync 1 DAGs
[2025-06-12T14:21:37.875+0000] {logging_mixin.py:188} INFO - [2025-06-12T14:21:37.875+0000] {dag.py:3954} INFO - Setting next_dagrun for example_task_group_decorator to 2025-06-11 00:00:00+00:00, run_after=2025-06-12 00:00:00+00:00
[2025-06-12T14:21:37.885+0000] {processor.py:183} INFO - Processing /home/airflow/.local/lib/python3.12/site-packages/airflow/example_dags/example_task_group_decorator.py took 0.052 seconds
[2025-06-12T14:22:08.118+0000] {processor.py:161} INFO - Started process (PID=554) to work on /home/airflow/.local/lib/python3.12/site-packages/airflow/example_dags/example_task_group_decorator.py
[2025-06-12T14:22:08.118+0000] {processor.py:830} INFO - Processing file /home/airflow/.local/lib/python3.12/site-packages/airflow/example_dags/example_task_group_decorator.py for tasks to queue
[2025-06-12T14:22:08.119+0000] {logging_mixin.py:188} INFO - [2025-06-12T14:22:08.119+0000] {dagbag.py:540} INFO - Filling up the DagBag from /home/airflow/.local/lib/python3.12/site-packages/airflow/example_dags/example_task_group_decorator.py
[2025-06-12T14:22:08.126+0000] {processor.py:840} INFO - DAG(s) 'example_task_group_decorator' retrieved from /home/airflow/.local/lib/python3.12/site-packages/airflow/example_dags/example_task_group_decorator.py
[2025-06-12T14:22:08.141+0000] {logging_mixin.py:188} INFO - [2025-06-12T14:22:08.140+0000] {dag.py:3096} INFO - Sync 1 DAGs
[2025-06-12T14:22:08.150+0000] {logging_mixin.py:188} INFO - [2025-06-12T14:22:08.150+0000] {dag.py:3954} INFO - Setting next_dagrun for example_task_group_decorator to 2025-06-11 00:00:00+00:00, run_after=2025-06-12 00:00:00+00:00
[2025-06-12T14:22:08.165+0000] {processor.py:183} INFO - Processing /home/airflow/.local/lib/python3.12/site-packages/airflow/example_dags/example_task_group_decorator.py took 0.050 seconds
[2025-06-12T14:22:38.303+0000] {processor.py:161} INFO - Started process (PID=621) to work on /home/airflow/.local/lib/python3.12/site-packages/airflow/example_dags/example_task_group_decorator.py
[2025-06-12T14:22:38.306+0000] {processor.py:830} INFO - Processing file /home/airflow/.local/lib/python3.12/site-packages/airflow/example_dags/example_task_group_decorator.py for tasks to queue
[2025-06-12T14:22:38.308+0000] {logging_mixin.py:188} INFO - [2025-06-12T14:22:38.308+0000] {dagbag.py:540} INFO - Filling up the DagBag from /home/airflow/.local/lib/python3.12/site-packages/airflow/example_dags/example_task_group_decorator.py
[2025-06-12T14:22:38.317+0000] {processor.py:840} INFO - DAG(s) 'example_task_group_decorator' retrieved from /home/airflow/.local/lib/python3.12/site-packages/airflow/example_dags/example_task_group_decorator.py
[2025-06-12T14:22:38.335+0000] {logging_mixin.py:188} INFO - [2025-06-12T14:22:38.334+0000] {dag.py:3096} INFO - Sync 1 DAGs
[2025-06-12T14:22:38.345+0000] {logging_mixin.py:188} INFO - [2025-06-12T14:22:38.344+0000] {dag.py:3954} INFO - Setting next_dagrun for example_task_group_decorator to 2025-06-11 00:00:00+00:00, run_after=2025-06-12 00:00:00+00:00
[2025-06-12T14:22:38.357+0000] {processor.py:183} INFO - Processing /home/airflow/.local/lib/python3.12/site-packages/airflow/example_dags/example_task_group_decorator.py took 0.056 seconds
[2025-06-12T14:23:08.612+0000] {processor.py:161} INFO - Started process (PID=695) to work on /home/airflow/.local/lib/python3.12/site-packages/airflow/example_dags/example_task_group_decorator.py
[2025-06-12T14:23:08.614+0000] {processor.py:830} INFO - Processing file /home/airflow/.local/lib/python3.12/site-packages/airflow/example_dags/example_task_group_decorator.py for tasks to queue
[2025-06-12T14:23:08.615+0000] {logging_mixin.py:188} INFO - [2025-06-12T14:23:08.615+0000] {dagbag.py:540} INFO - Filling up the DagBag from /home/airflow/.local/lib/python3.12/site-packages/airflow/example_dags/example_task_group_decorator.py
[2025-06-12T14:23:08.623+0000] {processor.py:840} INFO - DAG(s) 'example_task_group_decorator' retrieved from /home/airflow/.local/lib/python3.12/site-packages/airflow/example_dags/example_task_group_decorator.py
[2025-06-12T14:23:08.638+0000] {logging_mixin.py:188} INFO - [2025-06-12T14:23:08.638+0000] {dag.py:3096} INFO - Sync 1 DAGs
[2025-06-12T14:23:08.650+0000] {logging_mixin.py:188} INFO - [2025-06-12T14:23:08.650+0000] {dag.py:3954} INFO - Setting next_dagrun for example_task_group_decorator to 2025-06-11 00:00:00+00:00, run_after=2025-06-12 00:00:00+00:00
[2025-06-12T14:23:08.659+0000] {processor.py:183} INFO - Processing /home/airflow/.local/lib/python3.12/site-packages/airflow/example_dags/example_task_group_decorator.py took 0.050 seconds
[2025-06-12T14:23:38.745+0000] {processor.py:161} INFO - Started process (PID=769) to work on /home/airflow/.local/lib/python3.12/site-packages/airflow/example_dags/example_task_group_decorator.py
[2025-06-12T14:23:38.746+0000] {processor.py:830} INFO - Processing file /home/airflow/.local/lib/python3.12/site-packages/airflow/example_dags/example_task_group_decorator.py for tasks to queue
[2025-06-12T14:23:38.747+0000] {logging_mixin.py:188} INFO - [2025-06-12T14:23:38.747+0000] {dagbag.py:540} INFO - Filling up the DagBag from /home/airflow/.local/lib/python3.12/site-packages/airflow/example_dags/example_task_group_decorator.py
[2025-06-12T14:23:38.752+0000] {processor.py:840} INFO - DAG(s) 'example_task_group_decorator' retrieved from /home/airflow/.local/lib/python3.12/site-packages/airflow/example_dags/example_task_group_decorator.py
[2025-06-12T14:23:38.766+0000] {logging_mixin.py:188} INFO - [2025-06-12T14:23:38.766+0000] {dag.py:3096} INFO - Sync 1 DAGs
[2025-06-12T14:23:38.775+0000] {logging_mixin.py:188} INFO - [2025-06-12T14:23:38.775+0000] {dag.py:3954} INFO - Setting next_dagrun for example_task_group_decorator to 2025-06-11 00:00:00+00:00, run_after=2025-06-12 00:00:00+00:00
[2025-06-12T14:23:38.788+0000] {processor.py:183} INFO - Processing /home/airflow/.local/lib/python3.12/site-packages/airflow/example_dags/example_task_group_decorator.py took 0.045 seconds
[2025-06-12T14:24:09.244+0000] {processor.py:161} INFO - Started process (PID=836) to work on /home/airflow/.local/lib/python3.12/site-packages/airflow/example_dags/example_task_group_decorator.py
[2025-06-12T14:24:09.244+0000] {processor.py:830} INFO - Processing file /home/airflow/.local/lib/python3.12/site-packages/airflow/example_dags/example_task_group_decorator.py for tasks to queue
[2025-06-12T14:24:09.245+0000] {logging_mixin.py:188} INFO - [2025-06-12T14:24:09.245+0000] {dagbag.py:540} INFO - Filling up the DagBag from /home/airflow/.local/lib/python3.12/site-packages/airflow/example_dags/example_task_group_decorator.py
[2025-06-12T14:24:09.252+0000] {processor.py:840} INFO - DAG(s) 'example_task_group_decorator' retrieved from /home/airflow/.local/lib/python3.12/site-packages/airflow/example_dags/example_task_group_decorator.py
[2025-06-12T14:24:09.268+0000] {logging_mixin.py:188} INFO - [2025-06-12T14:24:09.268+0000] {dag.py:3096} INFO - Sync 1 DAGs
[2025-06-12T14:24:09.278+0000] {logging_mixin.py:188} INFO - [2025-06-12T14:24:09.278+0000] {dag.py:3954} INFO - Setting next_dagrun for example_task_group_decorator to 2025-06-11 00:00:00+00:00, run_after=2025-06-12 00:00:00+00:00
[2025-06-12T14:24:09.285+0000] {processor.py:183} INFO - Processing /home/airflow/.local/lib/python3.12/site-packages/airflow/example_dags/example_task_group_decorator.py took 0.043 seconds
[2025-06-12T14:24:40.099+0000] {processor.py:161} INFO - Started process (PID=910) to work on /home/airflow/.local/lib/python3.12/site-packages/airflow/example_dags/example_task_group_decorator.py
[2025-06-12T14:24:40.099+0000] {processor.py:830} INFO - Processing file /home/airflow/.local/lib/python3.12/site-packages/airflow/example_dags/example_task_group_decorator.py for tasks to queue
[2025-06-12T14:24:40.100+0000] {logging_mixin.py:188} INFO - [2025-06-12T14:24:40.100+0000] {dagbag.py:540} INFO - Filling up the DagBag from /home/airflow/.local/lib/python3.12/site-packages/airflow/example_dags/example_task_group_decorator.py
[2025-06-12T14:24:40.106+0000] {processor.py:840} INFO - DAG(s) 'example_task_group_decorator' retrieved from /home/airflow/.local/lib/python3.12/site-packages/airflow/example_dags/example_task_group_decorator.py
[2025-06-12T14:24:40.121+0000] {logging_mixin.py:188} INFO - [2025-06-12T14:24:40.121+0000] {dag.py:3096} INFO - Sync 1 DAGs
[2025-06-12T14:24:40.133+0000] {logging_mixin.py:188} INFO - [2025-06-12T14:24:40.133+0000] {dag.py:3954} INFO - Setting next_dagrun for example_task_group_decorator to 2025-06-11 00:00:00+00:00, run_after=2025-06-12 00:00:00+00:00
[2025-06-12T14:24:40.148+0000] {processor.py:183} INFO - Processing /home/airflow/.local/lib/python3.12/site-packages/airflow/example_dags/example_task_group_decorator.py took 0.052 seconds
[2025-06-12T14:25:10.397+0000] {processor.py:161} INFO - Started process (PID=984) to work on /home/airflow/.local/lib/python3.12/site-packages/airflow/example_dags/example_task_group_decorator.py
[2025-06-12T14:25:10.398+0000] {processor.py:830} INFO - Processing file /home/airflow/.local/lib/python3.12/site-packages/airflow/example_dags/example_task_group_decorator.py for tasks to queue
[2025-06-12T14:25:10.399+0000] {logging_mixin.py:188} INFO - [2025-06-12T14:25:10.399+0000] {dagbag.py:540} INFO - Filling up the DagBag from /home/airflow/.local/lib/python3.12/site-packages/airflow/example_dags/example_task_group_decorator.py
[2025-06-12T14:25:10.406+0000] {processor.py:840} INFO - DAG(s) 'example_task_group_decorator' retrieved from /home/airflow/.local/lib/python3.12/site-packages/airflow/example_dags/example_task_group_decorator.py
[2025-06-12T14:25:10.426+0000] {logging_mixin.py:188} INFO - [2025-06-12T14:25:10.426+0000] {dag.py:3096} INFO - Sync 1 DAGs
[2025-06-12T14:25:10.435+0000] {logging_mixin.py:188} INFO - [2025-06-12T14:25:10.435+0000] {dag.py:3954} INFO - Setting next_dagrun for example_task_group_decorator to 2025-06-11 00:00:00+00:00, run_after=2025-06-12 00:00:00+00:00
[2025-06-12T14:25:10.446+0000] {processor.py:183} INFO - Processing /home/airflow/.local/lib/python3.12/site-packages/airflow/example_dags/example_task_group_decorator.py took 0.052 seconds
[2025-06-12T14:25:40.889+0000] {processor.py:161} INFO - Started process (PID=1051) to work on /home/airflow/.local/lib/python3.12/site-packages/airflow/example_dags/example_task_group_decorator.py
[2025-06-12T14:25:40.890+0000] {processor.py:830} INFO - Processing file /home/airflow/.local/lib/python3.12/site-packages/airflow/example_dags/example_task_group_decorator.py for tasks to queue
[2025-06-12T14:25:40.893+0000] {logging_mixin.py:188} INFO - [2025-06-12T14:25:40.892+0000] {dagbag.py:540} INFO - Filling up the DagBag from /home/airflow/.local/lib/python3.12/site-packages/airflow/example_dags/example_task_group_decorator.py
[2025-06-12T14:25:40.913+0000] {processor.py:840} INFO - DAG(s) 'example_task_group_decorator' retrieved from /home/airflow/.local/lib/python3.12/site-packages/airflow/example_dags/example_task_group_decorator.py
[2025-06-12T14:25:40.961+0000] {logging_mixin.py:188} INFO - [2025-06-12T14:25:40.961+0000] {dag.py:3096} INFO - Sync 1 DAGs
[2025-06-12T14:25:41.000+0000] {logging_mixin.py:188} INFO - [2025-06-12T14:25:41.000+0000] {dag.py:3954} INFO - Setting next_dagrun for example_task_group_decorator to 2025-06-11 00:00:00+00:00, run_after=2025-06-12 00:00:00+00:00
[2025-06-12T14:25:41.027+0000] {processor.py:183} INFO - Processing /home/airflow/.local/lib/python3.12/site-packages/airflow/example_dags/example_task_group_decorator.py took 0.142 seconds
[2025-06-12T14:26:12.060+0000] {processor.py:161} INFO - Started process (PID=1125) to work on /home/airflow/.local/lib/python3.12/site-packages/airflow/example_dags/example_task_group_decorator.py
[2025-06-12T14:26:12.062+0000] {processor.py:830} INFO - Processing file /home/airflow/.local/lib/python3.12/site-packages/airflow/example_dags/example_task_group_decorator.py for tasks to queue
[2025-06-12T14:26:12.063+0000] {logging_mixin.py:188} INFO - [2025-06-12T14:26:12.063+0000] {dagbag.py:540} INFO - Filling up the DagBag from /home/airflow/.local/lib/python3.12/site-packages/airflow/example_dags/example_task_group_decorator.py
[2025-06-12T14:26:12.079+0000] {processor.py:840} INFO - DAG(s) 'example_task_group_decorator' retrieved from /home/airflow/.local/lib/python3.12/site-packages/airflow/example_dags/example_task_group_decorator.py
[2025-06-12T14:26:12.110+0000] {logging_mixin.py:188} INFO - [2025-06-12T14:26:12.109+0000] {dag.py:3096} INFO - Sync 1 DAGs
[2025-06-12T14:26:12.126+0000] {logging_mixin.py:188} INFO - [2025-06-12T14:26:12.126+0000] {dag.py:3954} INFO - Setting next_dagrun for example_task_group_decorator to 2025-06-11 00:00:00+00:00, run_after=2025-06-12 00:00:00+00:00
[2025-06-12T14:26:12.141+0000] {processor.py:183} INFO - Processing /home/airflow/.local/lib/python3.12/site-packages/airflow/example_dags/example_task_group_decorator.py took 0.087 seconds
[2025-06-12T14:26:42.972+0000] {processor.py:161} INFO - Started process (PID=1199) to work on /home/airflow/.local/lib/python3.12/site-packages/airflow/example_dags/example_task_group_decorator.py
[2025-06-12T14:26:42.978+0000] {processor.py:830} INFO - Processing file /home/airflow/.local/lib/python3.12/site-packages/airflow/example_dags/example_task_group_decorator.py for tasks to queue
[2025-06-12T14:26:42.985+0000] {logging_mixin.py:188} INFO - [2025-06-12T14:26:42.983+0000] {dagbag.py:540} INFO - Filling up the DagBag from /home/airflow/.local/lib/python3.12/site-packages/airflow/example_dags/example_task_group_decorator.py
[2025-06-12T14:26:43.018+0000] {processor.py:840} INFO - DAG(s) 'example_task_group_decorator' retrieved from /home/airflow/.local/lib/python3.12/site-packages/airflow/example_dags/example_task_group_decorator.py
[2025-06-12T14:26:43.062+0000] {logging_mixin.py:188} INFO - [2025-06-12T14:26:43.061+0000] {dag.py:3096} INFO - Sync 1 DAGs
[2025-06-12T14:26:43.091+0000] {logging_mixin.py:188} INFO - [2025-06-12T14:26:43.091+0000] {dag.py:3954} INFO - Setting next_dagrun for example_task_group_decorator to 2025-06-11 00:00:00+00:00, run_after=2025-06-12 00:00:00+00:00
[2025-06-12T14:26:43.111+0000] {processor.py:183} INFO - Processing /home/airflow/.local/lib/python3.12/site-packages/airflow/example_dags/example_task_group_decorator.py took 0.163 seconds
[2025-06-12T14:27:13.191+0000] {processor.py:161} INFO - Started process (PID=1266) to work on /home/airflow/.local/lib/python3.12/site-packages/airflow/example_dags/example_task_group_decorator.py
[2025-06-12T14:27:13.193+0000] {processor.py:830} INFO - Processing file /home/airflow/.local/lib/python3.12/site-packages/airflow/example_dags/example_task_group_decorator.py for tasks to queue
[2025-06-12T14:27:13.194+0000] {logging_mixin.py:188} INFO - [2025-06-12T14:27:13.194+0000] {dagbag.py:540} INFO - Filling up the DagBag from /home/airflow/.local/lib/python3.12/site-packages/airflow/example_dags/example_task_group_decorator.py
[2025-06-12T14:27:13.200+0000] {processor.py:840} INFO - DAG(s) 'example_task_group_decorator' retrieved from /home/airflow/.local/lib/python3.12/site-packages/airflow/example_dags/example_task_group_decorator.py
[2025-06-12T14:27:13.215+0000] {logging_mixin.py:188} INFO - [2025-06-12T14:27:13.215+0000] {dag.py:3096} INFO - Sync 1 DAGs
[2025-06-12T14:27:13.350+0000] {logging_mixin.py:188} INFO - [2025-06-12T14:27:13.350+0000] {dag.py:3954} INFO - Setting next_dagrun for example_task_group_decorator to 2025-06-11 00:00:00+00:00, run_after=2025-06-12 00:00:00+00:00
[2025-06-12T14:27:13.368+0000] {processor.py:183} INFO - Processing /home/airflow/.local/lib/python3.12/site-packages/airflow/example_dags/example_task_group_decorator.py took 0.180 seconds
[2025-06-12T14:27:44.378+0000] {processor.py:161} INFO - Started process (PID=1340) to work on /home/airflow/.local/lib/python3.12/site-packages/airflow/example_dags/example_task_group_decorator.py
[2025-06-12T14:27:44.380+0000] {processor.py:830} INFO - Processing file /home/airflow/.local/lib/python3.12/site-packages/airflow/example_dags/example_task_group_decorator.py for tasks to queue
[2025-06-12T14:27:44.381+0000] {logging_mixin.py:188} INFO - [2025-06-12T14:27:44.381+0000] {dagbag.py:540} INFO - Filling up the DagBag from /home/airflow/.local/lib/python3.12/site-packages/airflow/example_dags/example_task_group_decorator.py
[2025-06-12T14:27:44.389+0000] {processor.py:840} INFO - DAG(s) 'example_task_group_decorator' retrieved from /home/airflow/.local/lib/python3.12/site-packages/airflow/example_dags/example_task_group_decorator.py
[2025-06-12T14:27:44.410+0000] {logging_mixin.py:188} INFO - [2025-06-12T14:27:44.409+0000] {dag.py:3096} INFO - Sync 1 DAGs
[2025-06-12T14:27:44.551+0000] {logging_mixin.py:188} INFO - [2025-06-12T14:27:44.551+0000] {dag.py:3954} INFO - Setting next_dagrun for example_task_group_decorator to 2025-06-11 00:00:00+00:00, run_after=2025-06-12 00:00:00+00:00
[2025-06-12T14:27:44.571+0000] {processor.py:183} INFO - Processing /home/airflow/.local/lib/python3.12/site-packages/airflow/example_dags/example_task_group_decorator.py took 0.195 seconds
[2025-06-12T14:35:52.001+0000] {processor.py:161} INFO - Started process (PID=58) to work on /home/airflow/.local/lib/python3.12/site-packages/airflow/example_dags/example_task_group_decorator.py
[2025-06-12T14:35:52.002+0000] {processor.py:830} INFO - Processing file /home/airflow/.local/lib/python3.12/site-packages/airflow/example_dags/example_task_group_decorator.py for tasks to queue
[2025-06-12T14:35:52.003+0000] {logging_mixin.py:188} INFO - [2025-06-12T14:35:52.003+0000] {dagbag.py:540} INFO - Filling up the DagBag from /home/airflow/.local/lib/python3.12/site-packages/airflow/example_dags/example_task_group_decorator.py
[2025-06-12T14:35:52.017+0000] {processor.py:840} INFO - DAG(s) 'example_task_group_decorator' retrieved from /home/airflow/.local/lib/python3.12/site-packages/airflow/example_dags/example_task_group_decorator.py
[2025-06-12T14:35:52.034+0000] {logging_mixin.py:188} INFO - [2025-06-12T14:35:52.034+0000] {dag.py:3096} INFO - Sync 1 DAGs
[2025-06-12T14:35:52.047+0000] {logging_mixin.py:188} INFO - [2025-06-12T14:35:52.047+0000] {dag.py:3954} INFO - Setting next_dagrun for example_task_group_decorator to 2025-06-11 00:00:00+00:00, run_after=2025-06-12 00:00:00+00:00
[2025-06-12T14:35:52.057+0000] {processor.py:183} INFO - Processing /home/airflow/.local/lib/python3.12/site-packages/airflow/example_dags/example_task_group_decorator.py took 0.059 seconds
[2025-06-12T14:36:22.123+0000] {processor.py:161} INFO - Started process (PID=125) to work on /home/airflow/.local/lib/python3.12/site-packages/airflow/example_dags/example_task_group_decorator.py
[2025-06-12T14:36:22.124+0000] {processor.py:830} INFO - Processing file /home/airflow/.local/lib/python3.12/site-packages/airflow/example_dags/example_task_group_decorator.py for tasks to queue
[2025-06-12T14:36:22.125+0000] {logging_mixin.py:188} INFO - [2025-06-12T14:36:22.125+0000] {dagbag.py:540} INFO - Filling up the DagBag from /home/airflow/.local/lib/python3.12/site-packages/airflow/example_dags/example_task_group_decorator.py
[2025-06-12T14:36:22.133+0000] {processor.py:840} INFO - DAG(s) 'example_task_group_decorator' retrieved from /home/airflow/.local/lib/python3.12/site-packages/airflow/example_dags/example_task_group_decorator.py
[2025-06-12T14:36:22.257+0000] {logging_mixin.py:188} INFO - [2025-06-12T14:36:22.257+0000] {dag.py:3096} INFO - Sync 1 DAGs
[2025-06-12T14:36:22.296+0000] {logging_mixin.py:188} INFO - [2025-06-12T14:36:22.296+0000] {dag.py:3954} INFO - Setting next_dagrun for example_task_group_decorator to 2025-06-11 00:00:00+00:00, run_after=2025-06-12 00:00:00+00:00
[2025-06-12T14:36:22.321+0000] {processor.py:183} INFO - Processing /home/airflow/.local/lib/python3.12/site-packages/airflow/example_dags/example_task_group_decorator.py took 0.200 seconds
[2025-06-12T14:36:52.928+0000] {processor.py:161} INFO - Started process (PID=198) to work on /home/airflow/.local/lib/python3.12/site-packages/airflow/example_dags/example_task_group_decorator.py
[2025-06-12T14:36:52.929+0000] {processor.py:830} INFO - Processing file /home/airflow/.local/lib/python3.12/site-packages/airflow/example_dags/example_task_group_decorator.py for tasks to queue
[2025-06-12T14:36:52.929+0000] {logging_mixin.py:188} INFO - [2025-06-12T14:36:52.929+0000] {dagbag.py:540} INFO - Filling up the DagBag from /home/airflow/.local/lib/python3.12/site-packages/airflow/example_dags/example_task_group_decorator.py
[2025-06-12T14:36:52.936+0000] {processor.py:840} INFO - DAG(s) 'example_task_group_decorator' retrieved from /home/airflow/.local/lib/python3.12/site-packages/airflow/example_dags/example_task_group_decorator.py
[2025-06-12T14:36:52.958+0000] {logging_mixin.py:188} INFO - [2025-06-12T14:36:52.958+0000] {dag.py:3096} INFO - Sync 1 DAGs
[2025-06-12T14:36:52.973+0000] {logging_mixin.py:188} INFO - [2025-06-12T14:36:52.973+0000] {dag.py:3954} INFO - Setting next_dagrun for example_task_group_decorator to 2025-06-11 00:00:00+00:00, run_after=2025-06-12 00:00:00+00:00
[2025-06-12T14:36:52.985+0000] {processor.py:183} INFO - Processing /home/airflow/.local/lib/python3.12/site-packages/airflow/example_dags/example_task_group_decorator.py took 0.059 seconds
[2025-06-12T14:37:24.125+0000] {processor.py:161} INFO - Started process (PID=272) to work on /home/airflow/.local/lib/python3.12/site-packages/airflow/example_dags/example_task_group_decorator.py
[2025-06-12T14:37:24.129+0000] {processor.py:830} INFO - Processing file /home/airflow/.local/lib/python3.12/site-packages/airflow/example_dags/example_task_group_decorator.py for tasks to queue
[2025-06-12T14:37:24.132+0000] {logging_mixin.py:188} INFO - [2025-06-12T14:37:24.132+0000] {dagbag.py:540} INFO - Filling up the DagBag from /home/airflow/.local/lib/python3.12/site-packages/airflow/example_dags/example_task_group_decorator.py
[2025-06-12T14:37:24.145+0000] {processor.py:840} INFO - DAG(s) 'example_task_group_decorator' retrieved from /home/airflow/.local/lib/python3.12/site-packages/airflow/example_dags/example_task_group_decorator.py
[2025-06-12T14:37:24.181+0000] {logging_mixin.py:188} INFO - [2025-06-12T14:37:24.180+0000] {dag.py:3096} INFO - Sync 1 DAGs
[2025-06-12T14:37:24.195+0000] {logging_mixin.py:188} INFO - [2025-06-12T14:37:24.194+0000] {dag.py:3954} INFO - Setting next_dagrun for example_task_group_decorator to 2025-06-11 00:00:00+00:00, run_after=2025-06-12 00:00:00+00:00
[2025-06-12T14:37:24.217+0000] {processor.py:183} INFO - Processing /home/airflow/.local/lib/python3.12/site-packages/airflow/example_dags/example_task_group_decorator.py took 0.096 seconds
[2025-06-12T14:37:54.773+0000] {processor.py:161} INFO - Started process (PID=339) to work on /home/airflow/.local/lib/python3.12/site-packages/airflow/example_dags/example_task_group_decorator.py
[2025-06-12T14:37:54.774+0000] {processor.py:830} INFO - Processing file /home/airflow/.local/lib/python3.12/site-packages/airflow/example_dags/example_task_group_decorator.py for tasks to queue
[2025-06-12T14:37:54.775+0000] {logging_mixin.py:188} INFO - [2025-06-12T14:37:54.775+0000] {dagbag.py:540} INFO - Filling up the DagBag from /home/airflow/.local/lib/python3.12/site-packages/airflow/example_dags/example_task_group_decorator.py
[2025-06-12T14:37:54.783+0000] {processor.py:840} INFO - DAG(s) 'example_task_group_decorator' retrieved from /home/airflow/.local/lib/python3.12/site-packages/airflow/example_dags/example_task_group_decorator.py
[2025-06-12T14:37:54.800+0000] {logging_mixin.py:188} INFO - [2025-06-12T14:37:54.800+0000] {dag.py:3096} INFO - Sync 1 DAGs
[2025-06-12T14:37:54.812+0000] {logging_mixin.py:188} INFO - [2025-06-12T14:37:54.812+0000] {dag.py:3954} INFO - Setting next_dagrun for example_task_group_decorator to 2025-06-11 00:00:00+00:00, run_after=2025-06-12 00:00:00+00:00
[2025-06-12T14:37:54.825+0000] {processor.py:183} INFO - Processing /home/airflow/.local/lib/python3.12/site-packages/airflow/example_dags/example_task_group_decorator.py took 0.055 seconds
[2025-06-12T14:38:25.367+0000] {processor.py:161} INFO - Started process (PID=414) to work on /home/airflow/.local/lib/python3.12/site-packages/airflow/example_dags/example_task_group_decorator.py
[2025-06-12T14:38:25.368+0000] {processor.py:830} INFO - Processing file /home/airflow/.local/lib/python3.12/site-packages/airflow/example_dags/example_task_group_decorator.py for tasks to queue
[2025-06-12T14:38:25.370+0000] {logging_mixin.py:188} INFO - [2025-06-12T14:38:25.370+0000] {dagbag.py:540} INFO - Filling up the DagBag from /home/airflow/.local/lib/python3.12/site-packages/airflow/example_dags/example_task_group_decorator.py
[2025-06-12T14:38:25.377+0000] {processor.py:840} INFO - DAG(s) 'example_task_group_decorator' retrieved from /home/airflow/.local/lib/python3.12/site-packages/airflow/example_dags/example_task_group_decorator.py
[2025-06-12T14:38:25.389+0000] {logging_mixin.py:188} INFO - [2025-06-12T14:38:25.389+0000] {dag.py:3096} INFO - Sync 1 DAGs
[2025-06-12T14:38:25.401+0000] {logging_mixin.py:188} INFO - [2025-06-12T14:38:25.400+0000] {dag.py:3954} INFO - Setting next_dagrun for example_task_group_decorator to 2025-06-11 00:00:00+00:00, run_after=2025-06-12 00:00:00+00:00
[2025-06-12T14:38:25.414+0000] {processor.py:183} INFO - Processing /home/airflow/.local/lib/python3.12/site-packages/airflow/example_dags/example_task_group_decorator.py took 0.050 seconds
[2025-06-12T14:38:55.525+0000] {processor.py:161} INFO - Started process (PID=481) to work on /home/airflow/.local/lib/python3.12/site-packages/airflow/example_dags/example_task_group_decorator.py
[2025-06-12T14:38:55.526+0000] {processor.py:830} INFO - Processing file /home/airflow/.local/lib/python3.12/site-packages/airflow/example_dags/example_task_group_decorator.py for tasks to queue
[2025-06-12T14:38:55.527+0000] {logging_mixin.py:188} INFO - [2025-06-12T14:38:55.526+0000] {dagbag.py:540} INFO - Filling up the DagBag from /home/airflow/.local/lib/python3.12/site-packages/airflow/example_dags/example_task_group_decorator.py
[2025-06-12T14:38:55.532+0000] {processor.py:840} INFO - DAG(s) 'example_task_group_decorator' retrieved from /home/airflow/.local/lib/python3.12/site-packages/airflow/example_dags/example_task_group_decorator.py
[2025-06-12T14:38:55.543+0000] {logging_mixin.py:188} INFO - [2025-06-12T14:38:55.542+0000] {dag.py:3096} INFO - Sync 1 DAGs
[2025-06-12T14:38:55.550+0000] {logging_mixin.py:188} INFO - [2025-06-12T14:38:55.550+0000] {dag.py:3954} INFO - Setting next_dagrun for example_task_group_decorator to 2025-06-11 00:00:00+00:00, run_after=2025-06-12 00:00:00+00:00
[2025-06-12T14:38:55.557+0000] {processor.py:183} INFO - Processing /home/airflow/.local/lib/python3.12/site-packages/airflow/example_dags/example_task_group_decorator.py took 0.033 seconds
[2025-06-12T14:39:25.973+0000] {processor.py:161} INFO - Started process (PID=555) to work on /home/airflow/.local/lib/python3.12/site-packages/airflow/example_dags/example_task_group_decorator.py
[2025-06-12T14:39:25.976+0000] {processor.py:830} INFO - Processing file /home/airflow/.local/lib/python3.12/site-packages/airflow/example_dags/example_task_group_decorator.py for tasks to queue
[2025-06-12T14:39:25.977+0000] {logging_mixin.py:188} INFO - [2025-06-12T14:39:25.977+0000] {dagbag.py:540} INFO - Filling up the DagBag from /home/airflow/.local/lib/python3.12/site-packages/airflow/example_dags/example_task_group_decorator.py
[2025-06-12T14:39:25.983+0000] {processor.py:840} INFO - DAG(s) 'example_task_group_decorator' retrieved from /home/airflow/.local/lib/python3.12/site-packages/airflow/example_dags/example_task_group_decorator.py
[2025-06-12T14:39:26.001+0000] {logging_mixin.py:188} INFO - [2025-06-12T14:39:26.001+0000] {dag.py:3096} INFO - Sync 1 DAGs
[2025-06-12T14:39:26.011+0000] {logging_mixin.py:188} INFO - [2025-06-12T14:39:26.011+0000] {dag.py:3954} INFO - Setting next_dagrun for example_task_group_decorator to 2025-06-11 00:00:00+00:00, run_after=2025-06-12 00:00:00+00:00
[2025-06-12T14:39:26.020+0000] {processor.py:183} INFO - Processing /home/airflow/.local/lib/python3.12/site-packages/airflow/example_dags/example_task_group_decorator.py took 0.050 seconds
[2025-06-12T14:46:31.393+0000] {processor.py:161} INFO - Started process (PID=60) to work on /home/airflow/.local/lib/python3.12/site-packages/airflow/example_dags/example_task_group_decorator.py
[2025-06-12T14:46:31.395+0000] {processor.py:830} INFO - Processing file /home/airflow/.local/lib/python3.12/site-packages/airflow/example_dags/example_task_group_decorator.py for tasks to queue
[2025-06-12T14:46:31.397+0000] {logging_mixin.py:188} INFO - [2025-06-12T14:46:31.396+0000] {dagbag.py:540} INFO - Filling up the DagBag from /home/airflow/.local/lib/python3.12/site-packages/airflow/example_dags/example_task_group_decorator.py
[2025-06-12T14:46:31.415+0000] {processor.py:840} INFO - DAG(s) 'example_task_group_decorator' retrieved from /home/airflow/.local/lib/python3.12/site-packages/airflow/example_dags/example_task_group_decorator.py
[2025-06-12T14:46:31.446+0000] {logging_mixin.py:188} INFO - [2025-06-12T14:46:31.446+0000] {dag.py:3096} INFO - Sync 1 DAGs
[2025-06-12T14:46:31.477+0000] {logging_mixin.py:188} INFO - [2025-06-12T14:46:31.477+0000] {dag.py:3954} INFO - Setting next_dagrun for example_task_group_decorator to 2025-06-11 00:00:00+00:00, run_after=2025-06-12 00:00:00+00:00
[2025-06-12T14:46:31.497+0000] {processor.py:183} INFO - Processing /home/airflow/.local/lib/python3.12/site-packages/airflow/example_dags/example_task_group_decorator.py took 0.114 seconds
[2025-06-12T14:47:02.078+0000] {processor.py:161} INFO - Started process (PID=127) to work on /home/airflow/.local/lib/python3.12/site-packages/airflow/example_dags/example_task_group_decorator.py
[2025-06-12T14:47:02.079+0000] {processor.py:830} INFO - Processing file /home/airflow/.local/lib/python3.12/site-packages/airflow/example_dags/example_task_group_decorator.py for tasks to queue
[2025-06-12T14:47:02.080+0000] {logging_mixin.py:188} INFO - [2025-06-12T14:47:02.080+0000] {dagbag.py:540} INFO - Filling up the DagBag from /home/airflow/.local/lib/python3.12/site-packages/airflow/example_dags/example_task_group_decorator.py
[2025-06-12T14:47:02.087+0000] {processor.py:840} INFO - DAG(s) 'example_task_group_decorator' retrieved from /home/airflow/.local/lib/python3.12/site-packages/airflow/example_dags/example_task_group_decorator.py
[2025-06-12T14:47:02.135+0000] {logging_mixin.py:188} INFO - [2025-06-12T14:47:02.135+0000] {dag.py:3096} INFO - Sync 1 DAGs
[2025-06-12T14:47:02.152+0000] {logging_mixin.py:188} INFO - [2025-06-12T14:47:02.152+0000] {dag.py:3954} INFO - Setting next_dagrun for example_task_group_decorator to 2025-06-11 00:00:00+00:00, run_after=2025-06-12 00:00:00+00:00
[2025-06-12T14:47:02.161+0000] {processor.py:183} INFO - Processing /home/airflow/.local/lib/python3.12/site-packages/airflow/example_dags/example_task_group_decorator.py took 0.085 seconds
[2025-06-12T14:47:32.811+0000] {processor.py:161} INFO - Started process (PID=200) to work on /home/airflow/.local/lib/python3.12/site-packages/airflow/example_dags/example_task_group_decorator.py
[2025-06-12T14:47:32.812+0000] {processor.py:830} INFO - Processing file /home/airflow/.local/lib/python3.12/site-packages/airflow/example_dags/example_task_group_decorator.py for tasks to queue
[2025-06-12T14:47:32.813+0000] {logging_mixin.py:188} INFO - [2025-06-12T14:47:32.813+0000] {dagbag.py:540} INFO - Filling up the DagBag from /home/airflow/.local/lib/python3.12/site-packages/airflow/example_dags/example_task_group_decorator.py
[2025-06-12T14:47:32.819+0000] {processor.py:840} INFO - DAG(s) 'example_task_group_decorator' retrieved from /home/airflow/.local/lib/python3.12/site-packages/airflow/example_dags/example_task_group_decorator.py
[2025-06-12T14:47:32.833+0000] {logging_mixin.py:188} INFO - [2025-06-12T14:47:32.833+0000] {dag.py:3096} INFO - Sync 1 DAGs
[2025-06-12T14:47:32.846+0000] {logging_mixin.py:188} INFO - [2025-06-12T14:47:32.846+0000] {dag.py:3954} INFO - Setting next_dagrun for example_task_group_decorator to 2025-06-11 00:00:00+00:00, run_after=2025-06-12 00:00:00+00:00
[2025-06-12T14:47:32.858+0000] {processor.py:183} INFO - Processing /home/airflow/.local/lib/python3.12/site-packages/airflow/example_dags/example_task_group_decorator.py took 0.050 seconds
[2025-06-12T14:48:02.979+0000] {processor.py:161} INFO - Started process (PID=267) to work on /home/airflow/.local/lib/python3.12/site-packages/airflow/example_dags/example_task_group_decorator.py
[2025-06-12T14:48:02.980+0000] {processor.py:830} INFO - Processing file /home/airflow/.local/lib/python3.12/site-packages/airflow/example_dags/example_task_group_decorator.py for tasks to queue
[2025-06-12T14:48:02.982+0000] {logging_mixin.py:188} INFO - [2025-06-12T14:48:02.982+0000] {dagbag.py:540} INFO - Filling up the DagBag from /home/airflow/.local/lib/python3.12/site-packages/airflow/example_dags/example_task_group_decorator.py
[2025-06-12T14:48:02.988+0000] {processor.py:840} INFO - DAG(s) 'example_task_group_decorator' retrieved from /home/airflow/.local/lib/python3.12/site-packages/airflow/example_dags/example_task_group_decorator.py
[2025-06-12T14:48:03.001+0000] {logging_mixin.py:188} INFO - [2025-06-12T14:48:03.001+0000] {dag.py:3096} INFO - Sync 1 DAGs
[2025-06-12T14:48:03.010+0000] {logging_mixin.py:188} INFO - [2025-06-12T14:48:03.010+0000] {dag.py:3954} INFO - Setting next_dagrun for example_task_group_decorator to 2025-06-11 00:00:00+00:00, run_after=2025-06-12 00:00:00+00:00
[2025-06-12T14:48:03.021+0000] {processor.py:183} INFO - Processing /home/airflow/.local/lib/python3.12/site-packages/airflow/example_dags/example_task_group_decorator.py took 0.044 seconds
[2025-06-12T15:07:49.598+0000] {processor.py:161} INFO - Started process (PID=60) to work on /home/airflow/.local/lib/python3.12/site-packages/airflow/example_dags/example_task_group_decorator.py
[2025-06-12T15:07:49.600+0000] {processor.py:830} INFO - Processing file /home/airflow/.local/lib/python3.12/site-packages/airflow/example_dags/example_task_group_decorator.py for tasks to queue
[2025-06-12T15:07:49.603+0000] {logging_mixin.py:188} INFO - [2025-06-12T15:07:49.602+0000] {dagbag.py:540} INFO - Filling up the DagBag from /home/airflow/.local/lib/python3.12/site-packages/airflow/example_dags/example_task_group_decorator.py
[2025-06-12T15:07:49.643+0000] {processor.py:840} INFO - DAG(s) 'example_task_group_decorator' retrieved from /home/airflow/.local/lib/python3.12/site-packages/airflow/example_dags/example_task_group_decorator.py
[2025-06-12T15:07:49.691+0000] {logging_mixin.py:188} INFO - [2025-06-12T15:07:49.691+0000] {dag.py:3096} INFO - Sync 1 DAGs
[2025-06-12T15:07:49.731+0000] {logging_mixin.py:188} INFO - [2025-06-12T15:07:49.731+0000] {dag.py:3954} INFO - Setting next_dagrun for example_task_group_decorator to 2025-06-11 00:00:00+00:00, run_after=2025-06-12 00:00:00+00:00
[2025-06-12T15:07:49.762+0000] {processor.py:183} INFO - Processing /home/airflow/.local/lib/python3.12/site-packages/airflow/example_dags/example_task_group_decorator.py took 0.174 seconds
[2025-06-12T15:08:20.484+0000] {processor.py:161} INFO - Started process (PID=127) to work on /home/airflow/.local/lib/python3.12/site-packages/airflow/example_dags/example_task_group_decorator.py
[2025-06-12T15:08:20.484+0000] {processor.py:830} INFO - Processing file /home/airflow/.local/lib/python3.12/site-packages/airflow/example_dags/example_task_group_decorator.py for tasks to queue
[2025-06-12T15:08:20.485+0000] {logging_mixin.py:188} INFO - [2025-06-12T15:08:20.485+0000] {dagbag.py:540} INFO - Filling up the DagBag from /home/airflow/.local/lib/python3.12/site-packages/airflow/example_dags/example_task_group_decorator.py
[2025-06-12T15:08:20.491+0000] {processor.py:840} INFO - DAG(s) 'example_task_group_decorator' retrieved from /home/airflow/.local/lib/python3.12/site-packages/airflow/example_dags/example_task_group_decorator.py
[2025-06-12T15:08:20.550+0000] {logging_mixin.py:188} INFO - [2025-06-12T15:08:20.550+0000] {dag.py:3096} INFO - Sync 1 DAGs
[2025-06-12T15:08:20.560+0000] {logging_mixin.py:188} INFO - [2025-06-12T15:08:20.560+0000] {dag.py:3954} INFO - Setting next_dagrun for example_task_group_decorator to 2025-06-11 00:00:00+00:00, run_after=2025-06-12 00:00:00+00:00
[2025-06-12T15:08:20.571+0000] {processor.py:183} INFO - Processing /home/airflow/.local/lib/python3.12/site-packages/airflow/example_dags/example_task_group_decorator.py took 0.090 seconds
[2025-06-12T15:08:51.540+0000] {processor.py:161} INFO - Started process (PID=201) to work on /home/airflow/.local/lib/python3.12/site-packages/airflow/example_dags/example_task_group_decorator.py
[2025-06-12T15:08:51.541+0000] {processor.py:830} INFO - Processing file /home/airflow/.local/lib/python3.12/site-packages/airflow/example_dags/example_task_group_decorator.py for tasks to queue
[2025-06-12T15:08:51.542+0000] {logging_mixin.py:188} INFO - [2025-06-12T15:08:51.542+0000] {dagbag.py:540} INFO - Filling up the DagBag from /home/airflow/.local/lib/python3.12/site-packages/airflow/example_dags/example_task_group_decorator.py
[2025-06-12T15:08:51.553+0000] {processor.py:840} INFO - DAG(s) 'example_task_group_decorator' retrieved from /home/airflow/.local/lib/python3.12/site-packages/airflow/example_dags/example_task_group_decorator.py
[2025-06-12T15:08:51.581+0000] {logging_mixin.py:188} INFO - [2025-06-12T15:08:51.580+0000] {dag.py:3096} INFO - Sync 1 DAGs
[2025-06-12T15:08:51.597+0000] {logging_mixin.py:188} INFO - [2025-06-12T15:08:51.597+0000] {dag.py:3954} INFO - Setting next_dagrun for example_task_group_decorator to 2025-06-11 00:00:00+00:00, run_after=2025-06-12 00:00:00+00:00
[2025-06-12T15:08:51.617+0000] {processor.py:183} INFO - Processing /home/airflow/.local/lib/python3.12/site-packages/airflow/example_dags/example_task_group_decorator.py took 0.082 seconds
[2025-06-12T15:09:21.854+0000] {processor.py:161} INFO - Started process (PID=268) to work on /home/airflow/.local/lib/python3.12/site-packages/airflow/example_dags/example_task_group_decorator.py
[2025-06-12T15:09:21.856+0000] {processor.py:830} INFO - Processing file /home/airflow/.local/lib/python3.12/site-packages/airflow/example_dags/example_task_group_decorator.py for tasks to queue
[2025-06-12T15:09:21.858+0000] {logging_mixin.py:188} INFO - [2025-06-12T15:09:21.857+0000] {dagbag.py:540} INFO - Filling up the DagBag from /home/airflow/.local/lib/python3.12/site-packages/airflow/example_dags/example_task_group_decorator.py
[2025-06-12T15:09:21.865+0000] {processor.py:840} INFO - DAG(s) 'example_task_group_decorator' retrieved from /home/airflow/.local/lib/python3.12/site-packages/airflow/example_dags/example_task_group_decorator.py
[2025-06-12T15:09:21.878+0000] {logging_mixin.py:188} INFO - [2025-06-12T15:09:21.878+0000] {dag.py:3096} INFO - Sync 1 DAGs
[2025-06-12T15:09:21.890+0000] {logging_mixin.py:188} INFO - [2025-06-12T15:09:21.890+0000] {dag.py:3954} INFO - Setting next_dagrun for example_task_group_decorator to 2025-06-11 00:00:00+00:00, run_after=2025-06-12 00:00:00+00:00
[2025-06-12T15:09:21.899+0000] {processor.py:183} INFO - Processing /home/airflow/.local/lib/python3.12/site-packages/airflow/example_dags/example_task_group_decorator.py took 0.048 seconds
[2025-06-12T15:09:52.416+0000] {processor.py:161} INFO - Started process (PID=342) to work on /home/airflow/.local/lib/python3.12/site-packages/airflow/example_dags/example_task_group_decorator.py
[2025-06-12T15:09:52.417+0000] {processor.py:830} INFO - Processing file /home/airflow/.local/lib/python3.12/site-packages/airflow/example_dags/example_task_group_decorator.py for tasks to queue
[2025-06-12T15:09:52.418+0000] {logging_mixin.py:188} INFO - [2025-06-12T15:09:52.418+0000] {dagbag.py:540} INFO - Filling up the DagBag from /home/airflow/.local/lib/python3.12/site-packages/airflow/example_dags/example_task_group_decorator.py
[2025-06-12T15:09:52.426+0000] {processor.py:840} INFO - DAG(s) 'example_task_group_decorator' retrieved from /home/airflow/.local/lib/python3.12/site-packages/airflow/example_dags/example_task_group_decorator.py
[2025-06-12T15:09:52.449+0000] {logging_mixin.py:188} INFO - [2025-06-12T15:09:52.449+0000] {dag.py:3096} INFO - Sync 1 DAGs
[2025-06-12T15:09:52.459+0000] {logging_mixin.py:188} INFO - [2025-06-12T15:09:52.459+0000] {dag.py:3954} INFO - Setting next_dagrun for example_task_group_decorator to 2025-06-11 00:00:00+00:00, run_after=2025-06-12 00:00:00+00:00
[2025-06-12T15:09:52.468+0000] {processor.py:183} INFO - Processing /home/airflow/.local/lib/python3.12/site-packages/airflow/example_dags/example_task_group_decorator.py took 0.055 seconds
[2025-06-12T15:10:22.510+0000] {processor.py:161} INFO - Started process (PID=409) to work on /home/airflow/.local/lib/python3.12/site-packages/airflow/example_dags/example_task_group_decorator.py
[2025-06-12T15:10:22.513+0000] {processor.py:830} INFO - Processing file /home/airflow/.local/lib/python3.12/site-packages/airflow/example_dags/example_task_group_decorator.py for tasks to queue
[2025-06-12T15:10:22.514+0000] {logging_mixin.py:188} INFO - [2025-06-12T15:10:22.514+0000] {dagbag.py:540} INFO - Filling up the DagBag from /home/airflow/.local/lib/python3.12/site-packages/airflow/example_dags/example_task_group_decorator.py
[2025-06-12T15:10:22.521+0000] {processor.py:840} INFO - DAG(s) 'example_task_group_decorator' retrieved from /home/airflow/.local/lib/python3.12/site-packages/airflow/example_dags/example_task_group_decorator.py
[2025-06-12T15:10:22.537+0000] {logging_mixin.py:188} INFO - [2025-06-12T15:10:22.537+0000] {dag.py:3096} INFO - Sync 1 DAGs
[2025-06-12T15:10:22.547+0000] {logging_mixin.py:188} INFO - [2025-06-12T15:10:22.547+0000] {dag.py:3954} INFO - Setting next_dagrun for example_task_group_decorator to 2025-06-11 00:00:00+00:00, run_after=2025-06-12 00:00:00+00:00
[2025-06-12T15:10:22.557+0000] {processor.py:183} INFO - Processing /home/airflow/.local/lib/python3.12/site-packages/airflow/example_dags/example_task_group_decorator.py took 0.050 seconds
[2025-06-12T15:10:52.730+0000] {processor.py:161} INFO - Started process (PID=483) to work on /home/airflow/.local/lib/python3.12/site-packages/airflow/example_dags/example_task_group_decorator.py
[2025-06-12T15:10:52.731+0000] {processor.py:830} INFO - Processing file /home/airflow/.local/lib/python3.12/site-packages/airflow/example_dags/example_task_group_decorator.py for tasks to queue
[2025-06-12T15:10:52.732+0000] {logging_mixin.py:188} INFO - [2025-06-12T15:10:52.731+0000] {dagbag.py:540} INFO - Filling up the DagBag from /home/airflow/.local/lib/python3.12/site-packages/airflow/example_dags/example_task_group_decorator.py
[2025-06-12T15:10:52.738+0000] {processor.py:840} INFO - DAG(s) 'example_task_group_decorator' retrieved from /home/airflow/.local/lib/python3.12/site-packages/airflow/example_dags/example_task_group_decorator.py
[2025-06-12T15:10:52.749+0000] {logging_mixin.py:188} INFO - [2025-06-12T15:10:52.749+0000] {dag.py:3096} INFO - Sync 1 DAGs
[2025-06-12T15:10:52.757+0000] {logging_mixin.py:188} INFO - [2025-06-12T15:10:52.757+0000] {dag.py:3954} INFO - Setting next_dagrun for example_task_group_decorator to 2025-06-11 00:00:00+00:00, run_after=2025-06-12 00:00:00+00:00
[2025-06-12T15:10:52.764+0000] {processor.py:183} INFO - Processing /home/airflow/.local/lib/python3.12/site-packages/airflow/example_dags/example_task_group_decorator.py took 0.038 seconds
[2025-06-12T15:11:23.051+0000] {processor.py:161} INFO - Started process (PID=556) to work on /home/airflow/.local/lib/python3.12/site-packages/airflow/example_dags/example_task_group_decorator.py
[2025-06-12T15:11:23.051+0000] {processor.py:830} INFO - Processing file /home/airflow/.local/lib/python3.12/site-packages/airflow/example_dags/example_task_group_decorator.py for tasks to queue
[2025-06-12T15:11:23.052+0000] {logging_mixin.py:188} INFO - [2025-06-12T15:11:23.052+0000] {dagbag.py:540} INFO - Filling up the DagBag from /home/airflow/.local/lib/python3.12/site-packages/airflow/example_dags/example_task_group_decorator.py
[2025-06-12T15:11:23.059+0000] {processor.py:840} INFO - DAG(s) 'example_task_group_decorator' retrieved from /home/airflow/.local/lib/python3.12/site-packages/airflow/example_dags/example_task_group_decorator.py
[2025-06-12T15:11:23.074+0000] {logging_mixin.py:188} INFO - [2025-06-12T15:11:23.074+0000] {dag.py:3096} INFO - Sync 1 DAGs
[2025-06-12T15:11:23.083+0000] {logging_mixin.py:188} INFO - [2025-06-12T15:11:23.083+0000] {dag.py:3954} INFO - Setting next_dagrun for example_task_group_decorator to 2025-06-11 00:00:00+00:00, run_after=2025-06-12 00:00:00+00:00
[2025-06-12T15:11:23.094+0000] {processor.py:183} INFO - Processing /home/airflow/.local/lib/python3.12/site-packages/airflow/example_dags/example_task_group_decorator.py took 0.046 seconds
[2025-06-12T15:11:53.295+0000] {processor.py:161} INFO - Started process (PID=622) to work on /home/airflow/.local/lib/python3.12/site-packages/airflow/example_dags/example_task_group_decorator.py
[2025-06-12T15:11:53.296+0000] {processor.py:830} INFO - Processing file /home/airflow/.local/lib/python3.12/site-packages/airflow/example_dags/example_task_group_decorator.py for tasks to queue
[2025-06-12T15:11:53.297+0000] {logging_mixin.py:188} INFO - [2025-06-12T15:11:53.297+0000] {dagbag.py:540} INFO - Filling up the DagBag from /home/airflow/.local/lib/python3.12/site-packages/airflow/example_dags/example_task_group_decorator.py
[2025-06-12T15:11:53.303+0000] {processor.py:840} INFO - DAG(s) 'example_task_group_decorator' retrieved from /home/airflow/.local/lib/python3.12/site-packages/airflow/example_dags/example_task_group_decorator.py
[2025-06-12T15:11:53.319+0000] {logging_mixin.py:188} INFO - [2025-06-12T15:11:53.319+0000] {dag.py:3096} INFO - Sync 1 DAGs
[2025-06-12T15:11:53.331+0000] {logging_mixin.py:188} INFO - [2025-06-12T15:11:53.331+0000] {dag.py:3954} INFO - Setting next_dagrun for example_task_group_decorator to 2025-06-11 00:00:00+00:00, run_after=2025-06-12 00:00:00+00:00
[2025-06-12T15:11:53.343+0000] {processor.py:183} INFO - Processing /home/airflow/.local/lib/python3.12/site-packages/airflow/example_dags/example_task_group_decorator.py took 0.051 seconds
[2025-06-12T15:12:23.527+0000] {processor.py:161} INFO - Started process (PID=695) to work on /home/airflow/.local/lib/python3.12/site-packages/airflow/example_dags/example_task_group_decorator.py
[2025-06-12T15:12:23.528+0000] {processor.py:830} INFO - Processing file /home/airflow/.local/lib/python3.12/site-packages/airflow/example_dags/example_task_group_decorator.py for tasks to queue
[2025-06-12T15:12:23.529+0000] {logging_mixin.py:188} INFO - [2025-06-12T15:12:23.529+0000] {dagbag.py:540} INFO - Filling up the DagBag from /home/airflow/.local/lib/python3.12/site-packages/airflow/example_dags/example_task_group_decorator.py
[2025-06-12T15:12:23.535+0000] {processor.py:840} INFO - DAG(s) 'example_task_group_decorator' retrieved from /home/airflow/.local/lib/python3.12/site-packages/airflow/example_dags/example_task_group_decorator.py
[2025-06-12T15:12:23.548+0000] {logging_mixin.py:188} INFO - [2025-06-12T15:12:23.548+0000] {dag.py:3096} INFO - Sync 1 DAGs
[2025-06-12T15:12:23.560+0000] {logging_mixin.py:188} INFO - [2025-06-12T15:12:23.560+0000] {dag.py:3954} INFO - Setting next_dagrun for example_task_group_decorator to 2025-06-11 00:00:00+00:00, run_after=2025-06-12 00:00:00+00:00
[2025-06-12T15:12:23.569+0000] {processor.py:183} INFO - Processing /home/airflow/.local/lib/python3.12/site-packages/airflow/example_dags/example_task_group_decorator.py took 0.045 seconds
[2025-06-12T15:12:54.574+0000] {processor.py:161} INFO - Started process (PID=769) to work on /home/airflow/.local/lib/python3.12/site-packages/airflow/example_dags/example_task_group_decorator.py
[2025-06-12T15:12:54.576+0000] {processor.py:830} INFO - Processing file /home/airflow/.local/lib/python3.12/site-packages/airflow/example_dags/example_task_group_decorator.py for tasks to queue
[2025-06-12T15:12:54.577+0000] {logging_mixin.py:188} INFO - [2025-06-12T15:12:54.577+0000] {dagbag.py:540} INFO - Filling up the DagBag from /home/airflow/.local/lib/python3.12/site-packages/airflow/example_dags/example_task_group_decorator.py
[2025-06-12T15:12:54.588+0000] {processor.py:840} INFO - DAG(s) 'example_task_group_decorator' retrieved from /home/airflow/.local/lib/python3.12/site-packages/airflow/example_dags/example_task_group_decorator.py
[2025-06-12T15:12:54.607+0000] {logging_mixin.py:188} INFO - [2025-06-12T15:12:54.607+0000] {dag.py:3096} INFO - Sync 1 DAGs
[2025-06-12T15:12:54.619+0000] {logging_mixin.py:188} INFO - [2025-06-12T15:12:54.619+0000] {dag.py:3954} INFO - Setting next_dagrun for example_task_group_decorator to 2025-06-11 00:00:00+00:00, run_after=2025-06-12 00:00:00+00:00
[2025-06-12T15:12:54.627+0000] {processor.py:183} INFO - Processing /home/airflow/.local/lib/python3.12/site-packages/airflow/example_dags/example_task_group_decorator.py took 0.057 seconds
[2025-06-12T15:13:25.604+0000] {processor.py:161} INFO - Started process (PID=836) to work on /home/airflow/.local/lib/python3.12/site-packages/airflow/example_dags/example_task_group_decorator.py
[2025-06-12T15:13:25.606+0000] {processor.py:830} INFO - Processing file /home/airflow/.local/lib/python3.12/site-packages/airflow/example_dags/example_task_group_decorator.py for tasks to queue
[2025-06-12T15:13:25.607+0000] {logging_mixin.py:188} INFO - [2025-06-12T15:13:25.607+0000] {dagbag.py:540} INFO - Filling up the DagBag from /home/airflow/.local/lib/python3.12/site-packages/airflow/example_dags/example_task_group_decorator.py
[2025-06-12T15:13:25.614+0000] {processor.py:840} INFO - DAG(s) 'example_task_group_decorator' retrieved from /home/airflow/.local/lib/python3.12/site-packages/airflow/example_dags/example_task_group_decorator.py
[2025-06-12T15:13:25.632+0000] {logging_mixin.py:188} INFO - [2025-06-12T15:13:25.632+0000] {dag.py:3096} INFO - Sync 1 DAGs
[2025-06-12T15:13:25.643+0000] {logging_mixin.py:188} INFO - [2025-06-12T15:13:25.643+0000] {dag.py:3954} INFO - Setting next_dagrun for example_task_group_decorator to 2025-06-11 00:00:00+00:00, run_after=2025-06-12 00:00:00+00:00
[2025-06-12T15:13:25.655+0000] {processor.py:183} INFO - Processing /home/airflow/.local/lib/python3.12/site-packages/airflow/example_dags/example_task_group_decorator.py took 0.054 seconds
[2025-06-12T15:13:55.926+0000] {processor.py:161} INFO - Started process (PID=910) to work on /home/airflow/.local/lib/python3.12/site-packages/airflow/example_dags/example_task_group_decorator.py
[2025-06-12T15:13:55.927+0000] {processor.py:830} INFO - Processing file /home/airflow/.local/lib/python3.12/site-packages/airflow/example_dags/example_task_group_decorator.py for tasks to queue
[2025-06-12T15:13:55.927+0000] {logging_mixin.py:188} INFO - [2025-06-12T15:13:55.927+0000] {dagbag.py:540} INFO - Filling up the DagBag from /home/airflow/.local/lib/python3.12/site-packages/airflow/example_dags/example_task_group_decorator.py
[2025-06-12T15:13:55.934+0000] {processor.py:840} INFO - DAG(s) 'example_task_group_decorator' retrieved from /home/airflow/.local/lib/python3.12/site-packages/airflow/example_dags/example_task_group_decorator.py
[2025-06-12T15:13:55.945+0000] {logging_mixin.py:188} INFO - [2025-06-12T15:13:55.945+0000] {dag.py:3096} INFO - Sync 1 DAGs
[2025-06-12T15:13:55.953+0000] {logging_mixin.py:188} INFO - [2025-06-12T15:13:55.953+0000] {dag.py:3954} INFO - Setting next_dagrun for example_task_group_decorator to 2025-06-11 00:00:00+00:00, run_after=2025-06-12 00:00:00+00:00
[2025-06-12T15:13:55.959+0000] {processor.py:183} INFO - Processing /home/airflow/.local/lib/python3.12/site-packages/airflow/example_dags/example_task_group_decorator.py took 0.036 seconds
[2025-06-12T15:14:26.413+0000] {processor.py:161} INFO - Started process (PID=985) to work on /home/airflow/.local/lib/python3.12/site-packages/airflow/example_dags/example_task_group_decorator.py
[2025-06-12T15:14:26.414+0000] {processor.py:830} INFO - Processing file /home/airflow/.local/lib/python3.12/site-packages/airflow/example_dags/example_task_group_decorator.py for tasks to queue
[2025-06-12T15:14:26.415+0000] {logging_mixin.py:188} INFO - [2025-06-12T15:14:26.415+0000] {dagbag.py:540} INFO - Filling up the DagBag from /home/airflow/.local/lib/python3.12/site-packages/airflow/example_dags/example_task_group_decorator.py
[2025-06-12T15:14:26.422+0000] {processor.py:840} INFO - DAG(s) 'example_task_group_decorator' retrieved from /home/airflow/.local/lib/python3.12/site-packages/airflow/example_dags/example_task_group_decorator.py
[2025-06-12T15:14:26.434+0000] {logging_mixin.py:188} INFO - [2025-06-12T15:14:26.434+0000] {dag.py:3096} INFO - Sync 1 DAGs
[2025-06-12T15:14:26.444+0000] {logging_mixin.py:188} INFO - [2025-06-12T15:14:26.444+0000] {dag.py:3954} INFO - Setting next_dagrun for example_task_group_decorator to 2025-06-11 00:00:00+00:00, run_after=2025-06-12 00:00:00+00:00
[2025-06-12T15:14:26.451+0000] {processor.py:183} INFO - Processing /home/airflow/.local/lib/python3.12/site-packages/airflow/example_dags/example_task_group_decorator.py took 0.040 seconds
[2025-06-12T15:14:56.514+0000] {processor.py:161} INFO - Started process (PID=1052) to work on /home/airflow/.local/lib/python3.12/site-packages/airflow/example_dags/example_task_group_decorator.py
[2025-06-12T15:14:56.515+0000] {processor.py:830} INFO - Processing file /home/airflow/.local/lib/python3.12/site-packages/airflow/example_dags/example_task_group_decorator.py for tasks to queue
[2025-06-12T15:14:56.516+0000] {logging_mixin.py:188} INFO - [2025-06-12T15:14:56.515+0000] {dagbag.py:540} INFO - Filling up the DagBag from /home/airflow/.local/lib/python3.12/site-packages/airflow/example_dags/example_task_group_decorator.py
[2025-06-12T15:14:56.522+0000] {processor.py:840} INFO - DAG(s) 'example_task_group_decorator' retrieved from /home/airflow/.local/lib/python3.12/site-packages/airflow/example_dags/example_task_group_decorator.py
[2025-06-12T15:14:56.533+0000] {logging_mixin.py:188} INFO - [2025-06-12T15:14:56.533+0000] {dag.py:3096} INFO - Sync 1 DAGs
[2025-06-12T15:14:56.542+0000] {logging_mixin.py:188} INFO - [2025-06-12T15:14:56.542+0000] {dag.py:3954} INFO - Setting next_dagrun for example_task_group_decorator to 2025-06-11 00:00:00+00:00, run_after=2025-06-12 00:00:00+00:00
[2025-06-12T15:14:56.635+0000] {processor.py:183} INFO - Processing /home/airflow/.local/lib/python3.12/site-packages/airflow/example_dags/example_task_group_decorator.py took 0.124 seconds
[2025-06-12T15:15:27.068+0000] {processor.py:161} INFO - Started process (PID=1126) to work on /home/airflow/.local/lib/python3.12/site-packages/airflow/example_dags/example_task_group_decorator.py
[2025-06-12T15:15:27.069+0000] {processor.py:830} INFO - Processing file /home/airflow/.local/lib/python3.12/site-packages/airflow/example_dags/example_task_group_decorator.py for tasks to queue
[2025-06-12T15:15:27.070+0000] {logging_mixin.py:188} INFO - [2025-06-12T15:15:27.069+0000] {dagbag.py:540} INFO - Filling up the DagBag from /home/airflow/.local/lib/python3.12/site-packages/airflow/example_dags/example_task_group_decorator.py
[2025-06-12T15:15:27.076+0000] {processor.py:840} INFO - DAG(s) 'example_task_group_decorator' retrieved from /home/airflow/.local/lib/python3.12/site-packages/airflow/example_dags/example_task_group_decorator.py
[2025-06-12T15:15:27.095+0000] {logging_mixin.py:188} INFO - [2025-06-12T15:15:27.094+0000] {dag.py:3096} INFO - Sync 1 DAGs
[2025-06-12T15:15:27.107+0000] {logging_mixin.py:188} INFO - [2025-06-12T15:15:27.107+0000] {dag.py:3954} INFO - Setting next_dagrun for example_task_group_decorator to 2025-06-11 00:00:00+00:00, run_after=2025-06-12 00:00:00+00:00
[2025-06-12T15:15:27.118+0000] {processor.py:183} INFO - Processing /home/airflow/.local/lib/python3.12/site-packages/airflow/example_dags/example_task_group_decorator.py took 0.053 seconds
[2025-06-12T15:15:57.650+0000] {processor.py:161} INFO - Started process (PID=1193) to work on /home/airflow/.local/lib/python3.12/site-packages/airflow/example_dags/example_task_group_decorator.py
[2025-06-12T15:15:57.651+0000] {processor.py:830} INFO - Processing file /home/airflow/.local/lib/python3.12/site-packages/airflow/example_dags/example_task_group_decorator.py for tasks to queue
[2025-06-12T15:15:57.652+0000] {logging_mixin.py:188} INFO - [2025-06-12T15:15:57.652+0000] {dagbag.py:540} INFO - Filling up the DagBag from /home/airflow/.local/lib/python3.12/site-packages/airflow/example_dags/example_task_group_decorator.py
[2025-06-12T15:15:57.658+0000] {processor.py:840} INFO - DAG(s) 'example_task_group_decorator' retrieved from /home/airflow/.local/lib/python3.12/site-packages/airflow/example_dags/example_task_group_decorator.py
[2025-06-12T15:15:57.678+0000] {logging_mixin.py:188} INFO - [2025-06-12T15:15:57.678+0000] {dag.py:3096} INFO - Sync 1 DAGs
[2025-06-12T15:15:57.687+0000] {logging_mixin.py:188} INFO - [2025-06-12T15:15:57.687+0000] {dag.py:3954} INFO - Setting next_dagrun for example_task_group_decorator to 2025-06-11 00:00:00+00:00, run_after=2025-06-12 00:00:00+00:00
[2025-06-12T15:15:57.700+0000] {processor.py:183} INFO - Processing /home/airflow/.local/lib/python3.12/site-packages/airflow/example_dags/example_task_group_decorator.py took 0.053 seconds
[2025-06-12T15:16:28.737+0000] {processor.py:161} INFO - Started process (PID=1267) to work on /home/airflow/.local/lib/python3.12/site-packages/airflow/example_dags/example_task_group_decorator.py
[2025-06-12T15:16:28.739+0000] {processor.py:830} INFO - Processing file /home/airflow/.local/lib/python3.12/site-packages/airflow/example_dags/example_task_group_decorator.py for tasks to queue
[2025-06-12T15:16:28.740+0000] {logging_mixin.py:188} INFO - [2025-06-12T15:16:28.740+0000] {dagbag.py:540} INFO - Filling up the DagBag from /home/airflow/.local/lib/python3.12/site-packages/airflow/example_dags/example_task_group_decorator.py
[2025-06-12T15:16:28.752+0000] {processor.py:840} INFO - DAG(s) 'example_task_group_decorator' retrieved from /home/airflow/.local/lib/python3.12/site-packages/airflow/example_dags/example_task_group_decorator.py
[2025-06-12T15:16:28.777+0000] {logging_mixin.py:188} INFO - [2025-06-12T15:16:28.777+0000] {dag.py:3096} INFO - Sync 1 DAGs
[2025-06-12T15:16:28.794+0000] {logging_mixin.py:188} INFO - [2025-06-12T15:16:28.794+0000] {dag.py:3954} INFO - Setting next_dagrun for example_task_group_decorator to 2025-06-11 00:00:00+00:00, run_after=2025-06-12 00:00:00+00:00
[2025-06-12T15:16:28.808+0000] {processor.py:183} INFO - Processing /home/airflow/.local/lib/python3.12/site-packages/airflow/example_dags/example_task_group_decorator.py took 0.074 seconds
[2025-06-12T15:16:59.633+0000] {processor.py:161} INFO - Started process (PID=1341) to work on /home/airflow/.local/lib/python3.12/site-packages/airflow/example_dags/example_task_group_decorator.py
[2025-06-12T15:16:59.634+0000] {processor.py:830} INFO - Processing file /home/airflow/.local/lib/python3.12/site-packages/airflow/example_dags/example_task_group_decorator.py for tasks to queue
[2025-06-12T15:16:59.635+0000] {logging_mixin.py:188} INFO - [2025-06-12T15:16:59.635+0000] {dagbag.py:540} INFO - Filling up the DagBag from /home/airflow/.local/lib/python3.12/site-packages/airflow/example_dags/example_task_group_decorator.py
[2025-06-12T15:16:59.646+0000] {processor.py:840} INFO - DAG(s) 'example_task_group_decorator' retrieved from /home/airflow/.local/lib/python3.12/site-packages/airflow/example_dags/example_task_group_decorator.py
[2025-06-12T15:16:59.776+0000] {logging_mixin.py:188} INFO - [2025-06-12T15:16:59.775+0000] {dag.py:3096} INFO - Sync 1 DAGs
[2025-06-12T15:16:59.784+0000] {logging_mixin.py:188} INFO - [2025-06-12T15:16:59.783+0000] {dag.py:3954} INFO - Setting next_dagrun for example_task_group_decorator to 2025-06-11 00:00:00+00:00, run_after=2025-06-12 00:00:00+00:00
[2025-06-12T15:16:59.794+0000] {processor.py:183} INFO - Processing /home/airflow/.local/lib/python3.12/site-packages/airflow/example_dags/example_task_group_decorator.py took 0.166 seconds
[2025-06-12T15:17:30.291+0000] {processor.py:161} INFO - Started process (PID=1408) to work on /home/airflow/.local/lib/python3.12/site-packages/airflow/example_dags/example_task_group_decorator.py
[2025-06-12T15:17:30.291+0000] {processor.py:830} INFO - Processing file /home/airflow/.local/lib/python3.12/site-packages/airflow/example_dags/example_task_group_decorator.py for tasks to queue
[2025-06-12T15:17:30.292+0000] {logging_mixin.py:188} INFO - [2025-06-12T15:17:30.292+0000] {dagbag.py:540} INFO - Filling up the DagBag from /home/airflow/.local/lib/python3.12/site-packages/airflow/example_dags/example_task_group_decorator.py
[2025-06-12T15:17:30.298+0000] {processor.py:840} INFO - DAG(s) 'example_task_group_decorator' retrieved from /home/airflow/.local/lib/python3.12/site-packages/airflow/example_dags/example_task_group_decorator.py
[2025-06-12T15:17:30.314+0000] {logging_mixin.py:188} INFO - [2025-06-12T15:17:30.314+0000] {dag.py:3096} INFO - Sync 1 DAGs
[2025-06-12T15:17:30.417+0000] {logging_mixin.py:188} INFO - [2025-06-12T15:17:30.417+0000] {dag.py:3954} INFO - Setting next_dagrun for example_task_group_decorator to 2025-06-11 00:00:00+00:00, run_after=2025-06-12 00:00:00+00:00
[2025-06-12T15:17:30.429+0000] {processor.py:183} INFO - Processing /home/airflow/.local/lib/python3.12/site-packages/airflow/example_dags/example_task_group_decorator.py took 0.141 seconds
[2025-06-12T15:18:00.636+0000] {processor.py:161} INFO - Started process (PID=1482) to work on /home/airflow/.local/lib/python3.12/site-packages/airflow/example_dags/example_task_group_decorator.py
[2025-06-12T15:18:00.637+0000] {processor.py:830} INFO - Processing file /home/airflow/.local/lib/python3.12/site-packages/airflow/example_dags/example_task_group_decorator.py for tasks to queue
[2025-06-12T15:18:00.638+0000] {logging_mixin.py:188} INFO - [2025-06-12T15:18:00.638+0000] {dagbag.py:540} INFO - Filling up the DagBag from /home/airflow/.local/lib/python3.12/site-packages/airflow/example_dags/example_task_group_decorator.py
[2025-06-12T15:18:00.647+0000] {processor.py:840} INFO - DAG(s) 'example_task_group_decorator' retrieved from /home/airflow/.local/lib/python3.12/site-packages/airflow/example_dags/example_task_group_decorator.py
[2025-06-12T15:18:00.663+0000] {logging_mixin.py:188} INFO - [2025-06-12T15:18:00.663+0000] {dag.py:3096} INFO - Sync 1 DAGs
[2025-06-12T15:18:00.677+0000] {logging_mixin.py:188} INFO - [2025-06-12T15:18:00.677+0000] {dag.py:3954} INFO - Setting next_dagrun for example_task_group_decorator to 2025-06-11 00:00:00+00:00, run_after=2025-06-12 00:00:00+00:00
[2025-06-12T15:18:00.690+0000] {processor.py:183} INFO - Processing /home/airflow/.local/lib/python3.12/site-packages/airflow/example_dags/example_task_group_decorator.py took 0.056 seconds
[2025-06-12T15:18:30.710+0000] {processor.py:161} INFO - Started process (PID=1556) to work on /home/airflow/.local/lib/python3.12/site-packages/airflow/example_dags/example_task_group_decorator.py
[2025-06-12T15:18:30.711+0000] {processor.py:830} INFO - Processing file /home/airflow/.local/lib/python3.12/site-packages/airflow/example_dags/example_task_group_decorator.py for tasks to queue
[2025-06-12T15:18:30.712+0000] {logging_mixin.py:188} INFO - [2025-06-12T15:18:30.712+0000] {dagbag.py:540} INFO - Filling up the DagBag from /home/airflow/.local/lib/python3.12/site-packages/airflow/example_dags/example_task_group_decorator.py
[2025-06-12T15:18:30.720+0000] {processor.py:840} INFO - DAG(s) 'example_task_group_decorator' retrieved from /home/airflow/.local/lib/python3.12/site-packages/airflow/example_dags/example_task_group_decorator.py
[2025-06-12T15:18:30.837+0000] {logging_mixin.py:188} INFO - [2025-06-12T15:18:30.837+0000] {dag.py:3096} INFO - Sync 1 DAGs
[2025-06-12T15:18:30.960+0000] {logging_mixin.py:188} INFO - [2025-06-12T15:18:30.958+0000] {dag.py:3954} INFO - Setting next_dagrun for example_task_group_decorator to 2025-06-11 00:00:00+00:00, run_after=2025-06-12 00:00:00+00:00
[2025-06-12T15:18:31.034+0000] {processor.py:183} INFO - Processing /home/airflow/.local/lib/python3.12/site-packages/airflow/example_dags/example_task_group_decorator.py took 0.328 seconds
