[2025-06-12T13:58:37.517+0000] {processor.py:161} INFO - Started process (PID=52) to work on /home/airflow/.local/lib/python3.12/site-packages/airflow/example_dags/example_branch_labels.py
[2025-06-12T13:58:37.520+0000] {processor.py:830} INFO - Processing file /home/airflow/.local/lib/python3.12/site-packages/airflow/example_dags/example_branch_labels.py for tasks to queue
[2025-06-12T13:58:37.540+0000] {logging_mixin.py:188} INFO - [2025-06-12T13:58:37.539+0000] {dagbag.py:540} INFO - Filling up the DagBag from /home/airflow/.local/lib/python3.12/site-packages/airflow/example_dags/example_branch_labels.py
[2025-06-12T13:58:37.564+0000] {processor.py:840} INFO - DAG(s) 'example_branch_labels' retrieved from /home/airflow/.local/lib/python3.12/site-packages/airflow/example_dags/example_branch_labels.py
[2025-06-12T13:58:37.613+0000] {logging_mixin.py:188} INFO - [2025-06-12T13:58:37.611+0000] {dag.py:3096} INFO - Sync 1 DAGs
[2025-06-12T13:58:37.654+0000] {logging_mixin.py:188} INFO - [2025-06-12T13:58:37.654+0000] {dag.py:3954} INFO - Setting next_dagrun for example_branch_labels to 2025-06-11 00:00:00+00:00, run_after=2025-06-12 00:00:00+00:00
[2025-06-12T13:58:37.694+0000] {processor.py:183} INFO - Processing /home/airflow/.local/lib/python3.12/site-packages/airflow/example_dags/example_branch_labels.py took 0.193 seconds
[2025-06-12T13:59:08.541+0000] {processor.py:161} INFO - Started process (PID=119) to work on /home/airflow/.local/lib/python3.12/site-packages/airflow/example_dags/example_branch_labels.py
[2025-06-12T13:59:08.543+0000] {processor.py:830} INFO - Processing file /home/airflow/.local/lib/python3.12/site-packages/airflow/example_dags/example_branch_labels.py for tasks to queue
[2025-06-12T13:59:08.545+0000] {logging_mixin.py:188} INFO - [2025-06-12T13:59:08.545+0000] {dagbag.py:540} INFO - Filling up the DagBag from /home/airflow/.local/lib/python3.12/site-packages/airflow/example_dags/example_branch_labels.py
[2025-06-12T13:59:08.554+0000] {processor.py:840} INFO - DAG(s) 'example_branch_labels' retrieved from /home/airflow/.local/lib/python3.12/site-packages/airflow/example_dags/example_branch_labels.py
[2025-06-12T13:59:08.612+0000] {logging_mixin.py:188} INFO - [2025-06-12T13:59:08.611+0000] {dag.py:3096} INFO - Sync 1 DAGs
[2025-06-12T13:59:08.619+0000] {logging_mixin.py:188} INFO - [2025-06-12T13:59:08.619+0000] {dag.py:3954} INFO - Setting next_dagrun for example_branch_labels to 2025-06-11 00:00:00+00:00, run_after=2025-06-12 00:00:00+00:00
[2025-06-12T13:59:08.631+0000] {processor.py:183} INFO - Processing /home/airflow/.local/lib/python3.12/site-packages/airflow/example_dags/example_branch_labels.py took 0.094 seconds
[2025-06-12T13:59:38.654+0000] {processor.py:161} INFO - Started process (PID=186) to work on /home/airflow/.local/lib/python3.12/site-packages/airflow/example_dags/example_branch_labels.py
[2025-06-12T13:59:38.655+0000] {processor.py:830} INFO - Processing file /home/airflow/.local/lib/python3.12/site-packages/airflow/example_dags/example_branch_labels.py for tasks to queue
[2025-06-12T13:59:38.657+0000] {logging_mixin.py:188} INFO - [2025-06-12T13:59:38.657+0000] {dagbag.py:540} INFO - Filling up the DagBag from /home/airflow/.local/lib/python3.12/site-packages/airflow/example_dags/example_branch_labels.py
[2025-06-12T13:59:38.664+0000] {processor.py:840} INFO - DAG(s) 'example_branch_labels' retrieved from /home/airflow/.local/lib/python3.12/site-packages/airflow/example_dags/example_branch_labels.py
[2025-06-12T13:59:38.679+0000] {logging_mixin.py:188} INFO - [2025-06-12T13:59:38.679+0000] {dag.py:3096} INFO - Sync 1 DAGs
[2025-06-12T13:59:38.691+0000] {logging_mixin.py:188} INFO - [2025-06-12T13:59:38.691+0000] {dag.py:3954} INFO - Setting next_dagrun for example_branch_labels to 2025-06-11 00:00:00+00:00, run_after=2025-06-12 00:00:00+00:00
[2025-06-12T13:59:38.705+0000] {processor.py:183} INFO - Processing /home/airflow/.local/lib/python3.12/site-packages/airflow/example_dags/example_branch_labels.py took 0.056 seconds
[2025-06-12T14:00:09.110+0000] {processor.py:161} INFO - Started process (PID=260) to work on /home/airflow/.local/lib/python3.12/site-packages/airflow/example_dags/example_branch_labels.py
[2025-06-12T14:00:09.114+0000] {processor.py:830} INFO - Processing file /home/airflow/.local/lib/python3.12/site-packages/airflow/example_dags/example_branch_labels.py for tasks to queue
[2025-06-12T14:00:09.115+0000] {logging_mixin.py:188} INFO - [2025-06-12T14:00:09.115+0000] {dagbag.py:540} INFO - Filling up the DagBag from /home/airflow/.local/lib/python3.12/site-packages/airflow/example_dags/example_branch_labels.py
[2025-06-12T14:00:09.120+0000] {processor.py:840} INFO - DAG(s) 'example_branch_labels' retrieved from /home/airflow/.local/lib/python3.12/site-packages/airflow/example_dags/example_branch_labels.py
[2025-06-12T14:00:09.133+0000] {logging_mixin.py:188} INFO - [2025-06-12T14:00:09.133+0000] {dag.py:3096} INFO - Sync 1 DAGs
[2025-06-12T14:00:09.145+0000] {logging_mixin.py:188} INFO - [2025-06-12T14:00:09.144+0000] {dag.py:3954} INFO - Setting next_dagrun for example_branch_labels to 2025-06-11 00:00:00+00:00, run_after=2025-06-12 00:00:00+00:00
[2025-06-12T14:00:09.155+0000] {processor.py:183} INFO - Processing /home/airflow/.local/lib/python3.12/site-packages/airflow/example_dags/example_branch_labels.py took 0.049 seconds
[2025-06-12T14:00:39.735+0000] {processor.py:161} INFO - Started process (PID=334) to work on /home/airflow/.local/lib/python3.12/site-packages/airflow/example_dags/example_branch_labels.py
[2025-06-12T14:00:39.736+0000] {processor.py:830} INFO - Processing file /home/airflow/.local/lib/python3.12/site-packages/airflow/example_dags/example_branch_labels.py for tasks to queue
[2025-06-12T14:00:39.739+0000] {logging_mixin.py:188} INFO - [2025-06-12T14:00:39.739+0000] {dagbag.py:540} INFO - Filling up the DagBag from /home/airflow/.local/lib/python3.12/site-packages/airflow/example_dags/example_branch_labels.py
[2025-06-12T14:00:39.746+0000] {processor.py:840} INFO - DAG(s) 'example_branch_labels' retrieved from /home/airflow/.local/lib/python3.12/site-packages/airflow/example_dags/example_branch_labels.py
[2025-06-12T14:00:39.773+0000] {logging_mixin.py:188} INFO - [2025-06-12T14:00:39.773+0000] {dag.py:3096} INFO - Sync 1 DAGs
[2025-06-12T14:00:39.789+0000] {logging_mixin.py:188} INFO - [2025-06-12T14:00:39.789+0000] {dag.py:3954} INFO - Setting next_dagrun for example_branch_labels to 2025-06-11 00:00:00+00:00, run_after=2025-06-12 00:00:00+00:00
[2025-06-12T14:00:39.807+0000] {processor.py:183} INFO - Processing /home/airflow/.local/lib/python3.12/site-packages/airflow/example_dags/example_branch_labels.py took 0.077 seconds
[2025-06-12T14:01:10.161+0000] {processor.py:161} INFO - Started process (PID=401) to work on /home/airflow/.local/lib/python3.12/site-packages/airflow/example_dags/example_branch_labels.py
[2025-06-12T14:01:10.163+0000] {processor.py:830} INFO - Processing file /home/airflow/.local/lib/python3.12/site-packages/airflow/example_dags/example_branch_labels.py for tasks to queue
[2025-06-12T14:01:10.166+0000] {logging_mixin.py:188} INFO - [2025-06-12T14:01:10.165+0000] {dagbag.py:540} INFO - Filling up the DagBag from /home/airflow/.local/lib/python3.12/site-packages/airflow/example_dags/example_branch_labels.py
[2025-06-12T14:01:10.171+0000] {processor.py:840} INFO - DAG(s) 'example_branch_labels' retrieved from /home/airflow/.local/lib/python3.12/site-packages/airflow/example_dags/example_branch_labels.py
[2025-06-12T14:01:10.189+0000] {logging_mixin.py:188} INFO - [2025-06-12T14:01:10.189+0000] {dag.py:3096} INFO - Sync 1 DAGs
[2025-06-12T14:01:10.200+0000] {logging_mixin.py:188} INFO - [2025-06-12T14:01:10.200+0000] {dag.py:3954} INFO - Setting next_dagrun for example_branch_labels to 2025-06-11 00:00:00+00:00, run_after=2025-06-12 00:00:00+00:00
[2025-06-12T14:01:10.212+0000] {processor.py:183} INFO - Processing /home/airflow/.local/lib/python3.12/site-packages/airflow/example_dags/example_branch_labels.py took 0.054 seconds
[2025-06-12T14:15:47.518+0000] {processor.py:161} INFO - Started process (PID=53) to work on /home/airflow/.local/lib/python3.12/site-packages/airflow/example_dags/example_branch_labels.py
[2025-06-12T14:15:47.521+0000] {processor.py:830} INFO - Processing file /home/airflow/.local/lib/python3.12/site-packages/airflow/example_dags/example_branch_labels.py for tasks to queue
[2025-06-12T14:15:47.523+0000] {logging_mixin.py:188} INFO - [2025-06-12T14:15:47.523+0000] {dagbag.py:540} INFO - Filling up the DagBag from /home/airflow/.local/lib/python3.12/site-packages/airflow/example_dags/example_branch_labels.py
[2025-06-12T14:15:47.543+0000] {processor.py:840} INFO - DAG(s) 'example_branch_labels' retrieved from /home/airflow/.local/lib/python3.12/site-packages/airflow/example_dags/example_branch_labels.py
[2025-06-12T14:15:47.575+0000] {logging_mixin.py:188} INFO - [2025-06-12T14:15:47.575+0000] {dag.py:3096} INFO - Sync 1 DAGs
[2025-06-12T14:15:47.611+0000] {logging_mixin.py:188} INFO - [2025-06-12T14:15:47.611+0000] {dag.py:3954} INFO - Setting next_dagrun for example_branch_labels to 2025-06-11 00:00:00+00:00, run_after=2025-06-12 00:00:00+00:00
[2025-06-12T14:15:47.639+0000] {processor.py:183} INFO - Processing /home/airflow/.local/lib/python3.12/site-packages/airflow/example_dags/example_branch_labels.py took 0.128 seconds
[2025-06-12T14:16:17.879+0000] {processor.py:161} INFO - Started process (PID=120) to work on /home/airflow/.local/lib/python3.12/site-packages/airflow/example_dags/example_branch_labels.py
[2025-06-12T14:16:17.879+0000] {processor.py:830} INFO - Processing file /home/airflow/.local/lib/python3.12/site-packages/airflow/example_dags/example_branch_labels.py for tasks to queue
[2025-06-12T14:16:17.880+0000] {logging_mixin.py:188} INFO - [2025-06-12T14:16:17.880+0000] {dagbag.py:540} INFO - Filling up the DagBag from /home/airflow/.local/lib/python3.12/site-packages/airflow/example_dags/example_branch_labels.py
[2025-06-12T14:16:17.884+0000] {processor.py:840} INFO - DAG(s) 'example_branch_labels' retrieved from /home/airflow/.local/lib/python3.12/site-packages/airflow/example_dags/example_branch_labels.py
[2025-06-12T14:16:17.938+0000] {logging_mixin.py:188} INFO - [2025-06-12T14:16:17.938+0000] {dag.py:3096} INFO - Sync 1 DAGs
[2025-06-12T14:16:17.946+0000] {logging_mixin.py:188} INFO - [2025-06-12T14:16:17.946+0000] {dag.py:3954} INFO - Setting next_dagrun for example_branch_labels to 2025-06-11 00:00:00+00:00, run_after=2025-06-12 00:00:00+00:00
[2025-06-12T14:16:17.957+0000] {processor.py:183} INFO - Processing /home/airflow/.local/lib/python3.12/site-packages/airflow/example_dags/example_branch_labels.py took 0.081 seconds
[2025-06-12T14:16:48.085+0000] {processor.py:161} INFO - Started process (PID=194) to work on /home/airflow/.local/lib/python3.12/site-packages/airflow/example_dags/example_branch_labels.py
[2025-06-12T14:16:48.086+0000] {processor.py:830} INFO - Processing file /home/airflow/.local/lib/python3.12/site-packages/airflow/example_dags/example_branch_labels.py for tasks to queue
[2025-06-12T14:16:48.087+0000] {logging_mixin.py:188} INFO - [2025-06-12T14:16:48.087+0000] {dagbag.py:540} INFO - Filling up the DagBag from /home/airflow/.local/lib/python3.12/site-packages/airflow/example_dags/example_branch_labels.py
[2025-06-12T14:16:48.091+0000] {processor.py:840} INFO - DAG(s) 'example_branch_labels' retrieved from /home/airflow/.local/lib/python3.12/site-packages/airflow/example_dags/example_branch_labels.py
[2025-06-12T14:16:48.102+0000] {logging_mixin.py:188} INFO - [2025-06-12T14:16:48.101+0000] {dag.py:3096} INFO - Sync 1 DAGs
[2025-06-12T14:16:48.111+0000] {logging_mixin.py:188} INFO - [2025-06-12T14:16:48.111+0000] {dag.py:3954} INFO - Setting next_dagrun for example_branch_labels to 2025-06-11 00:00:00+00:00, run_after=2025-06-12 00:00:00+00:00
[2025-06-12T14:16:48.119+0000] {processor.py:183} INFO - Processing /home/airflow/.local/lib/python3.12/site-packages/airflow/example_dags/example_branch_labels.py took 0.037 seconds
[2025-06-12T14:17:19.810+0000] {processor.py:161} INFO - Started process (PID=268) to work on /home/airflow/.local/lib/python3.12/site-packages/airflow/example_dags/example_branch_labels.py
[2025-06-12T14:17:19.812+0000] {processor.py:830} INFO - Processing file /home/airflow/.local/lib/python3.12/site-packages/airflow/example_dags/example_branch_labels.py for tasks to queue
[2025-06-12T14:17:19.813+0000] {logging_mixin.py:188} INFO - [2025-06-12T14:17:19.813+0000] {dagbag.py:540} INFO - Filling up the DagBag from /home/airflow/.local/lib/python3.12/site-packages/airflow/example_dags/example_branch_labels.py
[2025-06-12T14:17:19.818+0000] {processor.py:840} INFO - DAG(s) 'example_branch_labels' retrieved from /home/airflow/.local/lib/python3.12/site-packages/airflow/example_dags/example_branch_labels.py
[2025-06-12T14:17:19.905+0000] {logging_mixin.py:188} INFO - [2025-06-12T14:17:19.905+0000] {dag.py:3096} INFO - Sync 1 DAGs
[2025-06-12T14:17:19.920+0000] {logging_mixin.py:188} INFO - [2025-06-12T14:17:19.920+0000] {dag.py:3954} INFO - Setting next_dagrun for example_branch_labels to 2025-06-11 00:00:00+00:00, run_after=2025-06-12 00:00:00+00:00
[2025-06-12T14:17:19.942+0000] {processor.py:183} INFO - Processing /home/airflow/.local/lib/python3.12/site-packages/airflow/example_dags/example_branch_labels.py took 0.140 seconds
[2025-06-12T14:17:50.145+0000] {processor.py:161} INFO - Started process (PID=334) to work on /home/airflow/.local/lib/python3.12/site-packages/airflow/example_dags/example_branch_labels.py
[2025-06-12T14:17:50.146+0000] {processor.py:830} INFO - Processing file /home/airflow/.local/lib/python3.12/site-packages/airflow/example_dags/example_branch_labels.py for tasks to queue
[2025-06-12T14:17:50.147+0000] {logging_mixin.py:188} INFO - [2025-06-12T14:17:50.147+0000] {dagbag.py:540} INFO - Filling up the DagBag from /home/airflow/.local/lib/python3.12/site-packages/airflow/example_dags/example_branch_labels.py
[2025-06-12T14:17:50.151+0000] {processor.py:840} INFO - DAG(s) 'example_branch_labels' retrieved from /home/airflow/.local/lib/python3.12/site-packages/airflow/example_dags/example_branch_labels.py
[2025-06-12T14:17:50.162+0000] {logging_mixin.py:188} INFO - [2025-06-12T14:17:50.161+0000] {dag.py:3096} INFO - Sync 1 DAGs
[2025-06-12T14:17:50.172+0000] {logging_mixin.py:188} INFO - [2025-06-12T14:17:50.172+0000] {dag.py:3954} INFO - Setting next_dagrun for example_branch_labels to 2025-06-11 00:00:00+00:00, run_after=2025-06-12 00:00:00+00:00
[2025-06-12T14:17:50.182+0000] {processor.py:183} INFO - Processing /home/airflow/.local/lib/python3.12/site-packages/airflow/example_dags/example_branch_labels.py took 0.040 seconds
[2025-06-12T14:18:33.388+0000] {processor.py:161} INFO - Started process (PID=52) to work on /home/airflow/.local/lib/python3.12/site-packages/airflow/example_dags/example_branch_labels.py
[2025-06-12T14:18:33.391+0000] {processor.py:830} INFO - Processing file /home/airflow/.local/lib/python3.12/site-packages/airflow/example_dags/example_branch_labels.py for tasks to queue
[2025-06-12T14:18:33.394+0000] {logging_mixin.py:188} INFO - [2025-06-12T14:18:33.394+0000] {dagbag.py:540} INFO - Filling up the DagBag from /home/airflow/.local/lib/python3.12/site-packages/airflow/example_dags/example_branch_labels.py
[2025-06-12T14:18:33.414+0000] {processor.py:840} INFO - DAG(s) 'example_branch_labels' retrieved from /home/airflow/.local/lib/python3.12/site-packages/airflow/example_dags/example_branch_labels.py
[2025-06-12T14:18:33.455+0000] {logging_mixin.py:188} INFO - [2025-06-12T14:18:33.455+0000] {dag.py:3096} INFO - Sync 1 DAGs
[2025-06-12T14:18:33.488+0000] {logging_mixin.py:188} INFO - [2025-06-12T14:18:33.488+0000] {dag.py:3954} INFO - Setting next_dagrun for example_branch_labels to 2025-06-11 00:00:00+00:00, run_after=2025-06-12 00:00:00+00:00
[2025-06-12T14:18:33.532+0000] {processor.py:183} INFO - Processing /home/airflow/.local/lib/python3.12/site-packages/airflow/example_dags/example_branch_labels.py took 0.159 seconds
[2025-06-12T14:19:03.609+0000] {processor.py:161} INFO - Started process (PID=118) to work on /home/airflow/.local/lib/python3.12/site-packages/airflow/example_dags/example_branch_labels.py
[2025-06-12T14:19:03.611+0000] {processor.py:830} INFO - Processing file /home/airflow/.local/lib/python3.12/site-packages/airflow/example_dags/example_branch_labels.py for tasks to queue
[2025-06-12T14:19:03.612+0000] {logging_mixin.py:188} INFO - [2025-06-12T14:19:03.612+0000] {dagbag.py:540} INFO - Filling up the DagBag from /home/airflow/.local/lib/python3.12/site-packages/airflow/example_dags/example_branch_labels.py
[2025-06-12T14:19:03.615+0000] {processor.py:840} INFO - DAG(s) 'example_branch_labels' retrieved from /home/airflow/.local/lib/python3.12/site-packages/airflow/example_dags/example_branch_labels.py
[2025-06-12T14:19:03.624+0000] {logging_mixin.py:188} INFO - [2025-06-12T14:19:03.624+0000] {dag.py:3096} INFO - Sync 1 DAGs
[2025-06-12T14:19:03.641+0000] {logging_mixin.py:188} INFO - [2025-06-12T14:19:03.640+0000] {dag.py:3954} INFO - Setting next_dagrun for example_branch_labels to 2025-06-11 00:00:00+00:00, run_after=2025-06-12 00:00:00+00:00
[2025-06-12T14:19:03.652+0000] {processor.py:183} INFO - Processing /home/airflow/.local/lib/python3.12/site-packages/airflow/example_dags/example_branch_labels.py took 0.045 seconds
[2025-06-12T14:19:33.943+0000] {processor.py:161} INFO - Started process (PID=192) to work on /home/airflow/.local/lib/python3.12/site-packages/airflow/example_dags/example_branch_labels.py
[2025-06-12T14:19:33.949+0000] {processor.py:830} INFO - Processing file /home/airflow/.local/lib/python3.12/site-packages/airflow/example_dags/example_branch_labels.py for tasks to queue
[2025-06-12T14:19:33.952+0000] {logging_mixin.py:188} INFO - [2025-06-12T14:19:33.952+0000] {dagbag.py:540} INFO - Filling up the DagBag from /home/airflow/.local/lib/python3.12/site-packages/airflow/example_dags/example_branch_labels.py
[2025-06-12T14:19:33.958+0000] {processor.py:840} INFO - DAG(s) 'example_branch_labels' retrieved from /home/airflow/.local/lib/python3.12/site-packages/airflow/example_dags/example_branch_labels.py
[2025-06-12T14:19:33.969+0000] {logging_mixin.py:188} INFO - [2025-06-12T14:19:33.969+0000] {dag.py:3096} INFO - Sync 1 DAGs
[2025-06-12T14:19:33.985+0000] {logging_mixin.py:188} INFO - [2025-06-12T14:19:33.985+0000] {dag.py:3954} INFO - Setting next_dagrun for example_branch_labels to 2025-06-11 00:00:00+00:00, run_after=2025-06-12 00:00:00+00:00
[2025-06-12T14:19:34.002+0000] {processor.py:183} INFO - Processing /home/airflow/.local/lib/python3.12/site-packages/airflow/example_dags/example_branch_labels.py took 0.066 seconds
[2025-06-12T14:20:04.609+0000] {processor.py:161} INFO - Started process (PID=258) to work on /home/airflow/.local/lib/python3.12/site-packages/airflow/example_dags/example_branch_labels.py
[2025-06-12T14:20:04.611+0000] {processor.py:830} INFO - Processing file /home/airflow/.local/lib/python3.12/site-packages/airflow/example_dags/example_branch_labels.py for tasks to queue
[2025-06-12T14:20:04.612+0000] {logging_mixin.py:188} INFO - [2025-06-12T14:20:04.612+0000] {dagbag.py:540} INFO - Filling up the DagBag from /home/airflow/.local/lib/python3.12/site-packages/airflow/example_dags/example_branch_labels.py
[2025-06-12T14:20:04.616+0000] {processor.py:840} INFO - DAG(s) 'example_branch_labels' retrieved from /home/airflow/.local/lib/python3.12/site-packages/airflow/example_dags/example_branch_labels.py
[2025-06-12T14:20:04.660+0000] {logging_mixin.py:188} INFO - [2025-06-12T14:20:04.660+0000] {dag.py:3096} INFO - Sync 1 DAGs
[2025-06-12T14:20:04.671+0000] {logging_mixin.py:188} INFO - [2025-06-12T14:20:04.671+0000] {dag.py:3954} INFO - Setting next_dagrun for example_branch_labels to 2025-06-11 00:00:00+00:00, run_after=2025-06-12 00:00:00+00:00
[2025-06-12T14:20:04.682+0000] {processor.py:183} INFO - Processing /home/airflow/.local/lib/python3.12/site-packages/airflow/example_dags/example_branch_labels.py took 0.076 seconds
[2025-06-12T14:20:34.706+0000] {processor.py:161} INFO - Started process (PID=333) to work on /home/airflow/.local/lib/python3.12/site-packages/airflow/example_dags/example_branch_labels.py
[2025-06-12T14:20:34.706+0000] {processor.py:830} INFO - Processing file /home/airflow/.local/lib/python3.12/site-packages/airflow/example_dags/example_branch_labels.py for tasks to queue
[2025-06-12T14:20:34.707+0000] {logging_mixin.py:188} INFO - [2025-06-12T14:20:34.707+0000] {dagbag.py:540} INFO - Filling up the DagBag from /home/airflow/.local/lib/python3.12/site-packages/airflow/example_dags/example_branch_labels.py
[2025-06-12T14:20:34.710+0000] {processor.py:840} INFO - DAG(s) 'example_branch_labels' retrieved from /home/airflow/.local/lib/python3.12/site-packages/airflow/example_dags/example_branch_labels.py
[2025-06-12T14:20:34.719+0000] {logging_mixin.py:188} INFO - [2025-06-12T14:20:34.719+0000] {dag.py:3096} INFO - Sync 1 DAGs
[2025-06-12T14:20:34.727+0000] {logging_mixin.py:188} INFO - [2025-06-12T14:20:34.727+0000] {dag.py:3954} INFO - Setting next_dagrun for example_branch_labels to 2025-06-11 00:00:00+00:00, run_after=2025-06-12 00:00:00+00:00
[2025-06-12T14:20:34.736+0000] {processor.py:183} INFO - Processing /home/airflow/.local/lib/python3.12/site-packages/airflow/example_dags/example_branch_labels.py took 0.032 seconds
[2025-06-12T14:21:05.256+0000] {processor.py:161} INFO - Started process (PID=400) to work on /home/airflow/.local/lib/python3.12/site-packages/airflow/example_dags/example_branch_labels.py
[2025-06-12T14:21:05.256+0000] {processor.py:830} INFO - Processing file /home/airflow/.local/lib/python3.12/site-packages/airflow/example_dags/example_branch_labels.py for tasks to queue
[2025-06-12T14:21:05.257+0000] {logging_mixin.py:188} INFO - [2025-06-12T14:21:05.257+0000] {dagbag.py:540} INFO - Filling up the DagBag from /home/airflow/.local/lib/python3.12/site-packages/airflow/example_dags/example_branch_labels.py
[2025-06-12T14:21:05.261+0000] {processor.py:840} INFO - DAG(s) 'example_branch_labels' retrieved from /home/airflow/.local/lib/python3.12/site-packages/airflow/example_dags/example_branch_labels.py
[2025-06-12T14:21:05.275+0000] {logging_mixin.py:188} INFO - [2025-06-12T14:21:05.275+0000] {dag.py:3096} INFO - Sync 1 DAGs
[2025-06-12T14:21:05.286+0000] {logging_mixin.py:188} INFO - [2025-06-12T14:21:05.286+0000] {dag.py:3954} INFO - Setting next_dagrun for example_branch_labels to 2025-06-11 00:00:00+00:00, run_after=2025-06-12 00:00:00+00:00
[2025-06-12T14:21:05.300+0000] {processor.py:183} INFO - Processing /home/airflow/.local/lib/python3.12/site-packages/airflow/example_dags/example_branch_labels.py took 0.047 seconds
[2025-06-12T14:21:35.545+0000] {processor.py:161} INFO - Started process (PID=473) to work on /home/airflow/.local/lib/python3.12/site-packages/airflow/example_dags/example_branch_labels.py
[2025-06-12T14:21:35.546+0000] {processor.py:830} INFO - Processing file /home/airflow/.local/lib/python3.12/site-packages/airflow/example_dags/example_branch_labels.py for tasks to queue
[2025-06-12T14:21:35.546+0000] {logging_mixin.py:188} INFO - [2025-06-12T14:21:35.546+0000] {dagbag.py:540} INFO - Filling up the DagBag from /home/airflow/.local/lib/python3.12/site-packages/airflow/example_dags/example_branch_labels.py
[2025-06-12T14:21:35.550+0000] {processor.py:840} INFO - DAG(s) 'example_branch_labels' retrieved from /home/airflow/.local/lib/python3.12/site-packages/airflow/example_dags/example_branch_labels.py
[2025-06-12T14:21:35.565+0000] {logging_mixin.py:188} INFO - [2025-06-12T14:21:35.565+0000] {dag.py:3096} INFO - Sync 1 DAGs
[2025-06-12T14:21:35.577+0000] {logging_mixin.py:188} INFO - [2025-06-12T14:21:35.576+0000] {dag.py:3954} INFO - Setting next_dagrun for example_branch_labels to 2025-06-11 00:00:00+00:00, run_after=2025-06-12 00:00:00+00:00
[2025-06-12T14:21:35.587+0000] {processor.py:183} INFO - Processing /home/airflow/.local/lib/python3.12/site-packages/airflow/example_dags/example_branch_labels.py took 0.044 seconds
[2025-06-12T14:22:05.877+0000] {processor.py:161} INFO - Started process (PID=547) to work on /home/airflow/.local/lib/python3.12/site-packages/airflow/example_dags/example_branch_labels.py
[2025-06-12T14:22:05.878+0000] {processor.py:830} INFO - Processing file /home/airflow/.local/lib/python3.12/site-packages/airflow/example_dags/example_branch_labels.py for tasks to queue
[2025-06-12T14:22:05.881+0000] {logging_mixin.py:188} INFO - [2025-06-12T14:22:05.881+0000] {dagbag.py:540} INFO - Filling up the DagBag from /home/airflow/.local/lib/python3.12/site-packages/airflow/example_dags/example_branch_labels.py
[2025-06-12T14:22:05.885+0000] {processor.py:840} INFO - DAG(s) 'example_branch_labels' retrieved from /home/airflow/.local/lib/python3.12/site-packages/airflow/example_dags/example_branch_labels.py
[2025-06-12T14:22:05.902+0000] {logging_mixin.py:188} INFO - [2025-06-12T14:22:05.902+0000] {dag.py:3096} INFO - Sync 1 DAGs
[2025-06-12T14:22:05.911+0000] {logging_mixin.py:188} INFO - [2025-06-12T14:22:05.911+0000] {dag.py:3954} INFO - Setting next_dagrun for example_branch_labels to 2025-06-11 00:00:00+00:00, run_after=2025-06-12 00:00:00+00:00
[2025-06-12T14:22:05.922+0000] {processor.py:183} INFO - Processing /home/airflow/.local/lib/python3.12/site-packages/airflow/example_dags/example_branch_labels.py took 0.047 seconds
[2025-06-12T14:22:36.074+0000] {processor.py:161} INFO - Started process (PID=614) to work on /home/airflow/.local/lib/python3.12/site-packages/airflow/example_dags/example_branch_labels.py
[2025-06-12T14:22:36.075+0000] {processor.py:830} INFO - Processing file /home/airflow/.local/lib/python3.12/site-packages/airflow/example_dags/example_branch_labels.py for tasks to queue
[2025-06-12T14:22:36.076+0000] {logging_mixin.py:188} INFO - [2025-06-12T14:22:36.076+0000] {dagbag.py:540} INFO - Filling up the DagBag from /home/airflow/.local/lib/python3.12/site-packages/airflow/example_dags/example_branch_labels.py
[2025-06-12T14:22:36.081+0000] {processor.py:840} INFO - DAG(s) 'example_branch_labels' retrieved from /home/airflow/.local/lib/python3.12/site-packages/airflow/example_dags/example_branch_labels.py
[2025-06-12T14:22:36.095+0000] {logging_mixin.py:188} INFO - [2025-06-12T14:22:36.095+0000] {dag.py:3096} INFO - Sync 1 DAGs
[2025-06-12T14:22:36.105+0000] {logging_mixin.py:188} INFO - [2025-06-12T14:22:36.105+0000] {dag.py:3954} INFO - Setting next_dagrun for example_branch_labels to 2025-06-11 00:00:00+00:00, run_after=2025-06-12 00:00:00+00:00
[2025-06-12T14:22:36.115+0000] {processor.py:183} INFO - Processing /home/airflow/.local/lib/python3.12/site-packages/airflow/example_dags/example_branch_labels.py took 0.043 seconds
[2025-06-12T14:23:06.350+0000] {processor.py:161} INFO - Started process (PID=688) to work on /home/airflow/.local/lib/python3.12/site-packages/airflow/example_dags/example_branch_labels.py
[2025-06-12T14:23:06.351+0000] {processor.py:830} INFO - Processing file /home/airflow/.local/lib/python3.12/site-packages/airflow/example_dags/example_branch_labels.py for tasks to queue
[2025-06-12T14:23:06.352+0000] {logging_mixin.py:188} INFO - [2025-06-12T14:23:06.352+0000] {dagbag.py:540} INFO - Filling up the DagBag from /home/airflow/.local/lib/python3.12/site-packages/airflow/example_dags/example_branch_labels.py
[2025-06-12T14:23:06.357+0000] {processor.py:840} INFO - DAG(s) 'example_branch_labels' retrieved from /home/airflow/.local/lib/python3.12/site-packages/airflow/example_dags/example_branch_labels.py
[2025-06-12T14:23:06.371+0000] {logging_mixin.py:188} INFO - [2025-06-12T14:23:06.371+0000] {dag.py:3096} INFO - Sync 1 DAGs
[2025-06-12T14:23:06.381+0000] {logging_mixin.py:188} INFO - [2025-06-12T14:23:06.381+0000] {dag.py:3954} INFO - Setting next_dagrun for example_branch_labels to 2025-06-11 00:00:00+00:00, run_after=2025-06-12 00:00:00+00:00
[2025-06-12T14:23:06.391+0000] {processor.py:183} INFO - Processing /home/airflow/.local/lib/python3.12/site-packages/airflow/example_dags/example_branch_labels.py took 0.045 seconds
[2025-06-12T14:23:37.248+0000] {processor.py:161} INFO - Started process (PID=762) to work on /home/airflow/.local/lib/python3.12/site-packages/airflow/example_dags/example_branch_labels.py
[2025-06-12T14:23:37.251+0000] {processor.py:830} INFO - Processing file /home/airflow/.local/lib/python3.12/site-packages/airflow/example_dags/example_branch_labels.py for tasks to queue
[2025-06-12T14:23:37.255+0000] {logging_mixin.py:188} INFO - [2025-06-12T14:23:37.255+0000] {dagbag.py:540} INFO - Filling up the DagBag from /home/airflow/.local/lib/python3.12/site-packages/airflow/example_dags/example_branch_labels.py
[2025-06-12T14:23:37.260+0000] {processor.py:840} INFO - DAG(s) 'example_branch_labels' retrieved from /home/airflow/.local/lib/python3.12/site-packages/airflow/example_dags/example_branch_labels.py
[2025-06-12T14:23:37.283+0000] {logging_mixin.py:188} INFO - [2025-06-12T14:23:37.283+0000] {dag.py:3096} INFO - Sync 1 DAGs
[2025-06-12T14:23:37.297+0000] {logging_mixin.py:188} INFO - [2025-06-12T14:23:37.297+0000] {dag.py:3954} INFO - Setting next_dagrun for example_branch_labels to 2025-06-11 00:00:00+00:00, run_after=2025-06-12 00:00:00+00:00
[2025-06-12T14:23:37.309+0000] {processor.py:183} INFO - Processing /home/airflow/.local/lib/python3.12/site-packages/airflow/example_dags/example_branch_labels.py took 0.065 seconds
[2025-06-12T14:24:07.932+0000] {processor.py:161} INFO - Started process (PID=829) to work on /home/airflow/.local/lib/python3.12/site-packages/airflow/example_dags/example_branch_labels.py
[2025-06-12T14:24:07.933+0000] {processor.py:830} INFO - Processing file /home/airflow/.local/lib/python3.12/site-packages/airflow/example_dags/example_branch_labels.py for tasks to queue
[2025-06-12T14:24:07.935+0000] {logging_mixin.py:188} INFO - [2025-06-12T14:24:07.934+0000] {dagbag.py:540} INFO - Filling up the DagBag from /home/airflow/.local/lib/python3.12/site-packages/airflow/example_dags/example_branch_labels.py
[2025-06-12T14:24:07.942+0000] {processor.py:840} INFO - DAG(s) 'example_branch_labels' retrieved from /home/airflow/.local/lib/python3.12/site-packages/airflow/example_dags/example_branch_labels.py
[2025-06-12T14:24:07.961+0000] {logging_mixin.py:188} INFO - [2025-06-12T14:24:07.961+0000] {dag.py:3096} INFO - Sync 1 DAGs
[2025-06-12T14:24:07.974+0000] {logging_mixin.py:188} INFO - [2025-06-12T14:24:07.974+0000] {dag.py:3954} INFO - Setting next_dagrun for example_branch_labels to 2025-06-11 00:00:00+00:00, run_after=2025-06-12 00:00:00+00:00
[2025-06-12T14:24:07.984+0000] {processor.py:183} INFO - Processing /home/airflow/.local/lib/python3.12/site-packages/airflow/example_dags/example_branch_labels.py took 0.059 seconds
[2025-06-12T14:24:38.819+0000] {processor.py:161} INFO - Started process (PID=903) to work on /home/airflow/.local/lib/python3.12/site-packages/airflow/example_dags/example_branch_labels.py
[2025-06-12T14:24:38.819+0000] {processor.py:830} INFO - Processing file /home/airflow/.local/lib/python3.12/site-packages/airflow/example_dags/example_branch_labels.py for tasks to queue
[2025-06-12T14:24:38.821+0000] {logging_mixin.py:188} INFO - [2025-06-12T14:24:38.820+0000] {dagbag.py:540} INFO - Filling up the DagBag from /home/airflow/.local/lib/python3.12/site-packages/airflow/example_dags/example_branch_labels.py
[2025-06-12T14:24:38.826+0000] {processor.py:840} INFO - DAG(s) 'example_branch_labels' retrieved from /home/airflow/.local/lib/python3.12/site-packages/airflow/example_dags/example_branch_labels.py
[2025-06-12T14:24:38.840+0000] {logging_mixin.py:188} INFO - [2025-06-12T14:24:38.840+0000] {dag.py:3096} INFO - Sync 1 DAGs
[2025-06-12T14:24:38.854+0000] {logging_mixin.py:188} INFO - [2025-06-12T14:24:38.853+0000] {dag.py:3954} INFO - Setting next_dagrun for example_branch_labels to 2025-06-11 00:00:00+00:00, run_after=2025-06-12 00:00:00+00:00
[2025-06-12T14:24:38.862+0000] {processor.py:183} INFO - Processing /home/airflow/.local/lib/python3.12/site-packages/airflow/example_dags/example_branch_labels.py took 0.048 seconds
[2025-06-12T14:25:09.114+0000] {processor.py:161} INFO - Started process (PID=977) to work on /home/airflow/.local/lib/python3.12/site-packages/airflow/example_dags/example_branch_labels.py
[2025-06-12T14:25:09.116+0000] {processor.py:830} INFO - Processing file /home/airflow/.local/lib/python3.12/site-packages/airflow/example_dags/example_branch_labels.py for tasks to queue
[2025-06-12T14:25:09.120+0000] {logging_mixin.py:188} INFO - [2025-06-12T14:25:09.120+0000] {dagbag.py:540} INFO - Filling up the DagBag from /home/airflow/.local/lib/python3.12/site-packages/airflow/example_dags/example_branch_labels.py
[2025-06-12T14:25:09.127+0000] {processor.py:840} INFO - DAG(s) 'example_branch_labels' retrieved from /home/airflow/.local/lib/python3.12/site-packages/airflow/example_dags/example_branch_labels.py
[2025-06-12T14:25:09.144+0000] {logging_mixin.py:188} INFO - [2025-06-12T14:25:09.144+0000] {dag.py:3096} INFO - Sync 1 DAGs
[2025-06-12T14:25:09.158+0000] {logging_mixin.py:188} INFO - [2025-06-12T14:25:09.158+0000] {dag.py:3954} INFO - Setting next_dagrun for example_branch_labels to 2025-06-11 00:00:00+00:00, run_after=2025-06-12 00:00:00+00:00
[2025-06-12T14:25:09.169+0000] {processor.py:183} INFO - Processing /home/airflow/.local/lib/python3.12/site-packages/airflow/example_dags/example_branch_labels.py took 0.062 seconds
[2025-06-12T14:25:39.671+0000] {processor.py:161} INFO - Started process (PID=1044) to work on /home/airflow/.local/lib/python3.12/site-packages/airflow/example_dags/example_branch_labels.py
[2025-06-12T14:25:39.674+0000] {processor.py:830} INFO - Processing file /home/airflow/.local/lib/python3.12/site-packages/airflow/example_dags/example_branch_labels.py for tasks to queue
[2025-06-12T14:25:39.681+0000] {logging_mixin.py:188} INFO - [2025-06-12T14:25:39.680+0000] {dagbag.py:540} INFO - Filling up the DagBag from /home/airflow/.local/lib/python3.12/site-packages/airflow/example_dags/example_branch_labels.py
[2025-06-12T14:25:39.706+0000] {processor.py:840} INFO - DAG(s) 'example_branch_labels' retrieved from /home/airflow/.local/lib/python3.12/site-packages/airflow/example_dags/example_branch_labels.py
[2025-06-12T14:25:39.769+0000] {logging_mixin.py:188} INFO - [2025-06-12T14:25:39.768+0000] {dag.py:3096} INFO - Sync 1 DAGs
[2025-06-12T14:25:39.795+0000] {logging_mixin.py:188} INFO - [2025-06-12T14:25:39.795+0000] {dag.py:3954} INFO - Setting next_dagrun for example_branch_labels to 2025-06-11 00:00:00+00:00, run_after=2025-06-12 00:00:00+00:00
[2025-06-12T14:25:39.820+0000] {processor.py:183} INFO - Processing /home/airflow/.local/lib/python3.12/site-packages/airflow/example_dags/example_branch_labels.py took 0.158 seconds
[2025-06-12T14:26:10.662+0000] {processor.py:161} INFO - Started process (PID=1118) to work on /home/airflow/.local/lib/python3.12/site-packages/airflow/example_dags/example_branch_labels.py
[2025-06-12T14:26:10.668+0000] {processor.py:830} INFO - Processing file /home/airflow/.local/lib/python3.12/site-packages/airflow/example_dags/example_branch_labels.py for tasks to queue
[2025-06-12T14:26:10.672+0000] {logging_mixin.py:188} INFO - [2025-06-12T14:26:10.672+0000] {dagbag.py:540} INFO - Filling up the DagBag from /home/airflow/.local/lib/python3.12/site-packages/airflow/example_dags/example_branch_labels.py
[2025-06-12T14:26:10.678+0000] {processor.py:840} INFO - DAG(s) 'example_branch_labels' retrieved from /home/airflow/.local/lib/python3.12/site-packages/airflow/example_dags/example_branch_labels.py
[2025-06-12T14:26:10.703+0000] {logging_mixin.py:188} INFO - [2025-06-12T14:26:10.703+0000] {dag.py:3096} INFO - Sync 1 DAGs
[2025-06-12T14:26:10.716+0000] {logging_mixin.py:188} INFO - [2025-06-12T14:26:10.716+0000] {dag.py:3954} INFO - Setting next_dagrun for example_branch_labels to 2025-06-11 00:00:00+00:00, run_after=2025-06-12 00:00:00+00:00
[2025-06-12T14:26:10.725+0000] {processor.py:183} INFO - Processing /home/airflow/.local/lib/python3.12/site-packages/airflow/example_dags/example_branch_labels.py took 0.067 seconds
[2025-06-12T14:26:41.567+0000] {processor.py:161} INFO - Started process (PID=1185) to work on /home/airflow/.local/lib/python3.12/site-packages/airflow/example_dags/example_branch_labels.py
[2025-06-12T14:26:41.568+0000] {processor.py:830} INFO - Processing file /home/airflow/.local/lib/python3.12/site-packages/airflow/example_dags/example_branch_labels.py for tasks to queue
[2025-06-12T14:26:41.570+0000] {logging_mixin.py:188} INFO - [2025-06-12T14:26:41.569+0000] {dagbag.py:540} INFO - Filling up the DagBag from /home/airflow/.local/lib/python3.12/site-packages/airflow/example_dags/example_branch_labels.py
[2025-06-12T14:26:41.576+0000] {processor.py:840} INFO - DAG(s) 'example_branch_labels' retrieved from /home/airflow/.local/lib/python3.12/site-packages/airflow/example_dags/example_branch_labels.py
[2025-06-12T14:26:41.590+0000] {logging_mixin.py:188} INFO - [2025-06-12T14:26:41.590+0000] {dag.py:3096} INFO - Sync 1 DAGs
[2025-06-12T14:26:41.602+0000] {logging_mixin.py:188} INFO - [2025-06-12T14:26:41.602+0000] {dag.py:3954} INFO - Setting next_dagrun for example_branch_labels to 2025-06-11 00:00:00+00:00, run_after=2025-06-12 00:00:00+00:00
[2025-06-12T14:26:41.610+0000] {processor.py:183} INFO - Processing /home/airflow/.local/lib/python3.12/site-packages/airflow/example_dags/example_branch_labels.py took 0.048 seconds
[2025-06-12T14:27:12.351+0000] {processor.py:161} INFO - Started process (PID=1259) to work on /home/airflow/.local/lib/python3.12/site-packages/airflow/example_dags/example_branch_labels.py
[2025-06-12T14:27:12.353+0000] {processor.py:830} INFO - Processing file /home/airflow/.local/lib/python3.12/site-packages/airflow/example_dags/example_branch_labels.py for tasks to queue
[2025-06-12T14:27:12.354+0000] {logging_mixin.py:188} INFO - [2025-06-12T14:27:12.354+0000] {dagbag.py:540} INFO - Filling up the DagBag from /home/airflow/.local/lib/python3.12/site-packages/airflow/example_dags/example_branch_labels.py
[2025-06-12T14:27:12.368+0000] {processor.py:840} INFO - DAG(s) 'example_branch_labels' retrieved from /home/airflow/.local/lib/python3.12/site-packages/airflow/example_dags/example_branch_labels.py
[2025-06-12T14:27:12.392+0000] {logging_mixin.py:188} INFO - [2025-06-12T14:27:12.392+0000] {dag.py:3096} INFO - Sync 1 DAGs
[2025-06-12T14:27:12.610+0000] {logging_mixin.py:188} INFO - [2025-06-12T14:27:12.609+0000] {dag.py:3954} INFO - Setting next_dagrun for example_branch_labels to 2025-06-11 00:00:00+00:00, run_after=2025-06-12 00:00:00+00:00
[2025-06-12T14:27:12.618+0000] {processor.py:183} INFO - Processing /home/airflow/.local/lib/python3.12/site-packages/airflow/example_dags/example_branch_labels.py took 0.271 seconds
[2025-06-12T14:27:43.607+0000] {processor.py:161} INFO - Started process (PID=1333) to work on /home/airflow/.local/lib/python3.12/site-packages/airflow/example_dags/example_branch_labels.py
[2025-06-12T14:27:43.610+0000] {processor.py:830} INFO - Processing file /home/airflow/.local/lib/python3.12/site-packages/airflow/example_dags/example_branch_labels.py for tasks to queue
[2025-06-12T14:27:43.613+0000] {logging_mixin.py:188} INFO - [2025-06-12T14:27:43.613+0000] {dagbag.py:540} INFO - Filling up the DagBag from /home/airflow/.local/lib/python3.12/site-packages/airflow/example_dags/example_branch_labels.py
[2025-06-12T14:27:43.629+0000] {processor.py:840} INFO - DAG(s) 'example_branch_labels' retrieved from /home/airflow/.local/lib/python3.12/site-packages/airflow/example_dags/example_branch_labels.py
[2025-06-12T14:27:43.655+0000] {logging_mixin.py:188} INFO - [2025-06-12T14:27:43.655+0000] {dag.py:3096} INFO - Sync 1 DAGs
[2025-06-12T14:27:43.675+0000] {logging_mixin.py:188} INFO - [2025-06-12T14:27:43.675+0000] {dag.py:3954} INFO - Setting next_dagrun for example_branch_labels to 2025-06-11 00:00:00+00:00, run_after=2025-06-12 00:00:00+00:00
[2025-06-12T14:27:43.826+0000] {processor.py:183} INFO - Processing /home/airflow/.local/lib/python3.12/site-packages/airflow/example_dags/example_branch_labels.py took 0.227 seconds
[2025-06-12T14:28:13.999+0000] {processor.py:161} INFO - Started process (PID=1400) to work on /home/airflow/.local/lib/python3.12/site-packages/airflow/example_dags/example_branch_labels.py
[2025-06-12T14:28:14.000+0000] {processor.py:830} INFO - Processing file /home/airflow/.local/lib/python3.12/site-packages/airflow/example_dags/example_branch_labels.py for tasks to queue
[2025-06-12T14:28:14.001+0000] {logging_mixin.py:188} INFO - [2025-06-12T14:28:14.001+0000] {dagbag.py:540} INFO - Filling up the DagBag from /home/airflow/.local/lib/python3.12/site-packages/airflow/example_dags/example_branch_labels.py
[2025-06-12T14:28:14.007+0000] {processor.py:840} INFO - DAG(s) 'example_branch_labels' retrieved from /home/airflow/.local/lib/python3.12/site-packages/airflow/example_dags/example_branch_labels.py
[2025-06-12T14:28:14.021+0000] {logging_mixin.py:188} INFO - [2025-06-12T14:28:14.021+0000] {dag.py:3096} INFO - Sync 1 DAGs
[2025-06-12T14:28:14.033+0000] {logging_mixin.py:188} INFO - [2025-06-12T14:28:14.033+0000] {dag.py:3954} INFO - Setting next_dagrun for example_branch_labels to 2025-06-11 00:00:00+00:00, run_after=2025-06-12 00:00:00+00:00
[2025-06-12T14:28:14.042+0000] {processor.py:183} INFO - Processing /home/airflow/.local/lib/python3.12/site-packages/airflow/example_dags/example_branch_labels.py took 0.046 seconds
[2025-06-12T14:35:50.968+0000] {processor.py:161} INFO - Started process (PID=51) to work on /home/airflow/.local/lib/python3.12/site-packages/airflow/example_dags/example_branch_labels.py
[2025-06-12T14:35:50.974+0000] {processor.py:830} INFO - Processing file /home/airflow/.local/lib/python3.12/site-packages/airflow/example_dags/example_branch_labels.py for tasks to queue
[2025-06-12T14:35:50.987+0000] {logging_mixin.py:188} INFO - [2025-06-12T14:35:50.987+0000] {dagbag.py:540} INFO - Filling up the DagBag from /home/airflow/.local/lib/python3.12/site-packages/airflow/example_dags/example_branch_labels.py
[2025-06-12T14:35:51.007+0000] {processor.py:840} INFO - DAG(s) 'example_branch_labels' retrieved from /home/airflow/.local/lib/python3.12/site-packages/airflow/example_dags/example_branch_labels.py
[2025-06-12T14:35:51.033+0000] {logging_mixin.py:188} INFO - [2025-06-12T14:35:51.033+0000] {dag.py:3096} INFO - Sync 1 DAGs
[2025-06-12T14:35:51.128+0000] {logging_mixin.py:188} INFO - [2025-06-12T14:35:51.128+0000] {dag.py:3954} INFO - Setting next_dagrun for example_branch_labels to 2025-06-11 00:00:00+00:00, run_after=2025-06-12 00:00:00+00:00
[2025-06-12T14:35:51.183+0000] {processor.py:183} INFO - Processing /home/airflow/.local/lib/python3.12/site-packages/airflow/example_dags/example_branch_labels.py took 0.250 seconds
[2025-06-12T14:36:21.460+0000] {processor.py:161} INFO - Started process (PID=118) to work on /home/airflow/.local/lib/python3.12/site-packages/airflow/example_dags/example_branch_labels.py
[2025-06-12T14:36:21.462+0000] {processor.py:830} INFO - Processing file /home/airflow/.local/lib/python3.12/site-packages/airflow/example_dags/example_branch_labels.py for tasks to queue
[2025-06-12T14:36:21.466+0000] {logging_mixin.py:188} INFO - [2025-06-12T14:36:21.466+0000] {dagbag.py:540} INFO - Filling up the DagBag from /home/airflow/.local/lib/python3.12/site-packages/airflow/example_dags/example_branch_labels.py
[2025-06-12T14:36:21.478+0000] {processor.py:840} INFO - DAG(s) 'example_branch_labels' retrieved from /home/airflow/.local/lib/python3.12/site-packages/airflow/example_dags/example_branch_labels.py
[2025-06-12T14:36:21.626+0000] {logging_mixin.py:188} INFO - [2025-06-12T14:36:21.626+0000] {dag.py:3096} INFO - Sync 1 DAGs
[2025-06-12T14:36:21.641+0000] {logging_mixin.py:188} INFO - [2025-06-12T14:36:21.641+0000] {dag.py:3954} INFO - Setting next_dagrun for example_branch_labels to 2025-06-11 00:00:00+00:00, run_after=2025-06-12 00:00:00+00:00
[2025-06-12T14:36:21.708+0000] {processor.py:183} INFO - Processing /home/airflow/.local/lib/python3.12/site-packages/airflow/example_dags/example_branch_labels.py took 0.255 seconds
[2025-06-12T14:36:52.669+0000] {processor.py:161} INFO - Started process (PID=191) to work on /home/airflow/.local/lib/python3.12/site-packages/airflow/example_dags/example_branch_labels.py
[2025-06-12T14:36:52.671+0000] {processor.py:830} INFO - Processing file /home/airflow/.local/lib/python3.12/site-packages/airflow/example_dags/example_branch_labels.py for tasks to queue
[2025-06-12T14:36:52.674+0000] {logging_mixin.py:188} INFO - [2025-06-12T14:36:52.673+0000] {dagbag.py:540} INFO - Filling up the DagBag from /home/airflow/.local/lib/python3.12/site-packages/airflow/example_dags/example_branch_labels.py
[2025-06-12T14:36:52.680+0000] {processor.py:840} INFO - DAG(s) 'example_branch_labels' retrieved from /home/airflow/.local/lib/python3.12/site-packages/airflow/example_dags/example_branch_labels.py
[2025-06-12T14:36:52.696+0000] {logging_mixin.py:188} INFO - [2025-06-12T14:36:52.696+0000] {dag.py:3096} INFO - Sync 1 DAGs
[2025-06-12T14:36:52.717+0000] {logging_mixin.py:188} INFO - [2025-06-12T14:36:52.717+0000] {dag.py:3954} INFO - Setting next_dagrun for example_branch_labels to 2025-06-11 00:00:00+00:00, run_after=2025-06-12 00:00:00+00:00
[2025-06-12T14:36:52.728+0000] {processor.py:183} INFO - Processing /home/airflow/.local/lib/python3.12/site-packages/airflow/example_dags/example_branch_labels.py took 0.064 seconds
[2025-06-12T14:37:23.688+0000] {processor.py:161} INFO - Started process (PID=265) to work on /home/airflow/.local/lib/python3.12/site-packages/airflow/example_dags/example_branch_labels.py
[2025-06-12T14:37:23.689+0000] {processor.py:830} INFO - Processing file /home/airflow/.local/lib/python3.12/site-packages/airflow/example_dags/example_branch_labels.py for tasks to queue
[2025-06-12T14:37:23.692+0000] {logging_mixin.py:188} INFO - [2025-06-12T14:37:23.692+0000] {dagbag.py:540} INFO - Filling up the DagBag from /home/airflow/.local/lib/python3.12/site-packages/airflow/example_dags/example_branch_labels.py
[2025-06-12T14:37:23.701+0000] {processor.py:840} INFO - DAG(s) 'example_branch_labels' retrieved from /home/airflow/.local/lib/python3.12/site-packages/airflow/example_dags/example_branch_labels.py
[2025-06-12T14:37:23.745+0000] {logging_mixin.py:188} INFO - [2025-06-12T14:37:23.745+0000] {dag.py:3096} INFO - Sync 1 DAGs
[2025-06-12T14:37:23.772+0000] {logging_mixin.py:188} INFO - [2025-06-12T14:37:23.772+0000] {dag.py:3954} INFO - Setting next_dagrun for example_branch_labels to 2025-06-11 00:00:00+00:00, run_after=2025-06-12 00:00:00+00:00
[2025-06-12T14:37:23.795+0000] {processor.py:183} INFO - Processing /home/airflow/.local/lib/python3.12/site-packages/airflow/example_dags/example_branch_labels.py took 0.113 seconds
[2025-06-12T14:37:54.498+0000] {processor.py:161} INFO - Started process (PID=332) to work on /home/airflow/.local/lib/python3.12/site-packages/airflow/example_dags/example_branch_labels.py
[2025-06-12T14:37:54.500+0000] {processor.py:830} INFO - Processing file /home/airflow/.local/lib/python3.12/site-packages/airflow/example_dags/example_branch_labels.py for tasks to queue
[2025-06-12T14:37:54.504+0000] {logging_mixin.py:188} INFO - [2025-06-12T14:37:54.503+0000] {dagbag.py:540} INFO - Filling up the DagBag from /home/airflow/.local/lib/python3.12/site-packages/airflow/example_dags/example_branch_labels.py
[2025-06-12T14:37:54.515+0000] {processor.py:840} INFO - DAG(s) 'example_branch_labels' retrieved from /home/airflow/.local/lib/python3.12/site-packages/airflow/example_dags/example_branch_labels.py
[2025-06-12T14:37:54.534+0000] {logging_mixin.py:188} INFO - [2025-06-12T14:37:54.533+0000] {dag.py:3096} INFO - Sync 1 DAGs
[2025-06-12T14:37:54.547+0000] {logging_mixin.py:188} INFO - [2025-06-12T14:37:54.546+0000] {dag.py:3954} INFO - Setting next_dagrun for example_branch_labels to 2025-06-11 00:00:00+00:00, run_after=2025-06-12 00:00:00+00:00
[2025-06-12T14:37:54.558+0000] {processor.py:183} INFO - Processing /home/airflow/.local/lib/python3.12/site-packages/airflow/example_dags/example_branch_labels.py took 0.066 seconds
[2025-06-12T14:38:25.155+0000] {processor.py:161} INFO - Started process (PID=407) to work on /home/airflow/.local/lib/python3.12/site-packages/airflow/example_dags/example_branch_labels.py
[2025-06-12T14:38:25.157+0000] {processor.py:830} INFO - Processing file /home/airflow/.local/lib/python3.12/site-packages/airflow/example_dags/example_branch_labels.py for tasks to queue
[2025-06-12T14:38:25.161+0000] {logging_mixin.py:188} INFO - [2025-06-12T14:38:25.161+0000] {dagbag.py:540} INFO - Filling up the DagBag from /home/airflow/.local/lib/python3.12/site-packages/airflow/example_dags/example_branch_labels.py
[2025-06-12T14:38:25.169+0000] {processor.py:840} INFO - DAG(s) 'example_branch_labels' retrieved from /home/airflow/.local/lib/python3.12/site-packages/airflow/example_dags/example_branch_labels.py
[2025-06-12T14:38:25.185+0000] {logging_mixin.py:188} INFO - [2025-06-12T14:38:25.185+0000] {dag.py:3096} INFO - Sync 1 DAGs
[2025-06-12T14:38:25.199+0000] {logging_mixin.py:188} INFO - [2025-06-12T14:38:25.199+0000] {dag.py:3954} INFO - Setting next_dagrun for example_branch_labels to 2025-06-11 00:00:00+00:00, run_after=2025-06-12 00:00:00+00:00
[2025-06-12T14:38:25.213+0000] {processor.py:183} INFO - Processing /home/airflow/.local/lib/python3.12/site-packages/airflow/example_dags/example_branch_labels.py took 0.064 seconds
[2025-06-12T14:38:55.296+0000] {processor.py:161} INFO - Started process (PID=474) to work on /home/airflow/.local/lib/python3.12/site-packages/airflow/example_dags/example_branch_labels.py
[2025-06-12T14:38:55.300+0000] {processor.py:830} INFO - Processing file /home/airflow/.local/lib/python3.12/site-packages/airflow/example_dags/example_branch_labels.py for tasks to queue
[2025-06-12T14:38:55.301+0000] {logging_mixin.py:188} INFO - [2025-06-12T14:38:55.301+0000] {dagbag.py:540} INFO - Filling up the DagBag from /home/airflow/.local/lib/python3.12/site-packages/airflow/example_dags/example_branch_labels.py
[2025-06-12T14:38:55.308+0000] {processor.py:840} INFO - DAG(s) 'example_branch_labels' retrieved from /home/airflow/.local/lib/python3.12/site-packages/airflow/example_dags/example_branch_labels.py
[2025-06-12T14:38:55.325+0000] {logging_mixin.py:188} INFO - [2025-06-12T14:38:55.325+0000] {dag.py:3096} INFO - Sync 1 DAGs
[2025-06-12T14:38:55.336+0000] {logging_mixin.py:188} INFO - [2025-06-12T14:38:55.336+0000] {dag.py:3954} INFO - Setting next_dagrun for example_branch_labels to 2025-06-11 00:00:00+00:00, run_after=2025-06-12 00:00:00+00:00
[2025-06-12T14:38:55.346+0000] {processor.py:183} INFO - Processing /home/airflow/.local/lib/python3.12/site-packages/airflow/example_dags/example_branch_labels.py took 0.055 seconds
[2025-06-12T14:39:25.699+0000] {processor.py:161} INFO - Started process (PID=548) to work on /home/airflow/.local/lib/python3.12/site-packages/airflow/example_dags/example_branch_labels.py
[2025-06-12T14:39:25.703+0000] {processor.py:830} INFO - Processing file /home/airflow/.local/lib/python3.12/site-packages/airflow/example_dags/example_branch_labels.py for tasks to queue
[2025-06-12T14:39:25.706+0000] {logging_mixin.py:188} INFO - [2025-06-12T14:39:25.706+0000] {dagbag.py:540} INFO - Filling up the DagBag from /home/airflow/.local/lib/python3.12/site-packages/airflow/example_dags/example_branch_labels.py
[2025-06-12T14:39:25.719+0000] {processor.py:840} INFO - DAG(s) 'example_branch_labels' retrieved from /home/airflow/.local/lib/python3.12/site-packages/airflow/example_dags/example_branch_labels.py
[2025-06-12T14:39:25.741+0000] {logging_mixin.py:188} INFO - [2025-06-12T14:39:25.740+0000] {dag.py:3096} INFO - Sync 1 DAGs
[2025-06-12T14:39:25.757+0000] {logging_mixin.py:188} INFO - [2025-06-12T14:39:25.757+0000] {dag.py:3954} INFO - Setting next_dagrun for example_branch_labels to 2025-06-11 00:00:00+00:00, run_after=2025-06-12 00:00:00+00:00
[2025-06-12T14:39:25.771+0000] {processor.py:183} INFO - Processing /home/airflow/.local/lib/python3.12/site-packages/airflow/example_dags/example_branch_labels.py took 0.079 seconds
[2025-06-12T14:46:30.667+0000] {processor.py:161} INFO - Started process (PID=53) to work on /home/airflow/.local/lib/python3.12/site-packages/airflow/example_dags/example_branch_labels.py
[2025-06-12T14:46:30.668+0000] {processor.py:830} INFO - Processing file /home/airflow/.local/lib/python3.12/site-packages/airflow/example_dags/example_branch_labels.py for tasks to queue
[2025-06-12T14:46:30.671+0000] {logging_mixin.py:188} INFO - [2025-06-12T14:46:30.671+0000] {dagbag.py:540} INFO - Filling up the DagBag from /home/airflow/.local/lib/python3.12/site-packages/airflow/example_dags/example_branch_labels.py
[2025-06-12T14:46:30.687+0000] {processor.py:840} INFO - DAG(s) 'example_branch_labels' retrieved from /home/airflow/.local/lib/python3.12/site-packages/airflow/example_dags/example_branch_labels.py
[2025-06-12T14:46:30.708+0000] {logging_mixin.py:188} INFO - [2025-06-12T14:46:30.707+0000] {dag.py:3096} INFO - Sync 1 DAGs
[2025-06-12T14:46:30.737+0000] {logging_mixin.py:188} INFO - [2025-06-12T14:46:30.737+0000] {dag.py:3954} INFO - Setting next_dagrun for example_branch_labels to 2025-06-11 00:00:00+00:00, run_after=2025-06-12 00:00:00+00:00
[2025-06-12T14:46:30.749+0000] {processor.py:183} INFO - Processing /home/airflow/.local/lib/python3.12/site-packages/airflow/example_dags/example_branch_labels.py took 0.088 seconds
[2025-06-12T14:47:00.775+0000] {processor.py:161} INFO - Started process (PID=120) to work on /home/airflow/.local/lib/python3.12/site-packages/airflow/example_dags/example_branch_labels.py
[2025-06-12T14:47:00.776+0000] {processor.py:830} INFO - Processing file /home/airflow/.local/lib/python3.12/site-packages/airflow/example_dags/example_branch_labels.py for tasks to queue
[2025-06-12T14:47:00.777+0000] {logging_mixin.py:188} INFO - [2025-06-12T14:47:00.777+0000] {dagbag.py:540} INFO - Filling up the DagBag from /home/airflow/.local/lib/python3.12/site-packages/airflow/example_dags/example_branch_labels.py
[2025-06-12T14:47:00.781+0000] {processor.py:840} INFO - DAG(s) 'example_branch_labels' retrieved from /home/airflow/.local/lib/python3.12/site-packages/airflow/example_dags/example_branch_labels.py
[2025-06-12T14:47:00.821+0000] {logging_mixin.py:188} INFO - [2025-06-12T14:47:00.821+0000] {dag.py:3096} INFO - Sync 1 DAGs
[2025-06-12T14:47:00.829+0000] {logging_mixin.py:188} INFO - [2025-06-12T14:47:00.828+0000] {dag.py:3954} INFO - Setting next_dagrun for example_branch_labels to 2025-06-11 00:00:00+00:00, run_after=2025-06-12 00:00:00+00:00
[2025-06-12T14:47:00.835+0000] {processor.py:183} INFO - Processing /home/airflow/.local/lib/python3.12/site-packages/airflow/example_dags/example_branch_labels.py took 0.062 seconds
[2025-06-12T14:47:31.519+0000] {processor.py:161} INFO - Started process (PID=193) to work on /home/airflow/.local/lib/python3.12/site-packages/airflow/example_dags/example_branch_labels.py
[2025-06-12T14:47:31.521+0000] {processor.py:830} INFO - Processing file /home/airflow/.local/lib/python3.12/site-packages/airflow/example_dags/example_branch_labels.py for tasks to queue
[2025-06-12T14:47:31.523+0000] {logging_mixin.py:188} INFO - [2025-06-12T14:47:31.522+0000] {dagbag.py:540} INFO - Filling up the DagBag from /home/airflow/.local/lib/python3.12/site-packages/airflow/example_dags/example_branch_labels.py
[2025-06-12T14:47:31.527+0000] {processor.py:840} INFO - DAG(s) 'example_branch_labels' retrieved from /home/airflow/.local/lib/python3.12/site-packages/airflow/example_dags/example_branch_labels.py
[2025-06-12T14:47:31.547+0000] {logging_mixin.py:188} INFO - [2025-06-12T14:47:31.547+0000] {dag.py:3096} INFO - Sync 1 DAGs
[2025-06-12T14:47:31.569+0000] {logging_mixin.py:188} INFO - [2025-06-12T14:47:31.569+0000] {dag.py:3954} INFO - Setting next_dagrun for example_branch_labels to 2025-06-11 00:00:00+00:00, run_after=2025-06-12 00:00:00+00:00
[2025-06-12T14:47:31.588+0000] {processor.py:183} INFO - Processing /home/airflow/.local/lib/python3.12/site-packages/airflow/example_dags/example_branch_labels.py took 0.072 seconds
[2025-06-12T14:48:01.781+0000] {processor.py:161} INFO - Started process (PID=260) to work on /home/airflow/.local/lib/python3.12/site-packages/airflow/example_dags/example_branch_labels.py
[2025-06-12T14:48:01.782+0000] {processor.py:830} INFO - Processing file /home/airflow/.local/lib/python3.12/site-packages/airflow/example_dags/example_branch_labels.py for tasks to queue
[2025-06-12T14:48:01.784+0000] {logging_mixin.py:188} INFO - [2025-06-12T14:48:01.784+0000] {dagbag.py:540} INFO - Filling up the DagBag from /home/airflow/.local/lib/python3.12/site-packages/airflow/example_dags/example_branch_labels.py
[2025-06-12T14:48:01.787+0000] {processor.py:840} INFO - DAG(s) 'example_branch_labels' retrieved from /home/airflow/.local/lib/python3.12/site-packages/airflow/example_dags/example_branch_labels.py
[2025-06-12T14:48:01.797+0000] {logging_mixin.py:188} INFO - [2025-06-12T14:48:01.796+0000] {dag.py:3096} INFO - Sync 1 DAGs
[2025-06-12T14:48:01.805+0000] {logging_mixin.py:188} INFO - [2025-06-12T14:48:01.805+0000] {dag.py:3954} INFO - Setting next_dagrun for example_branch_labels to 2025-06-11 00:00:00+00:00, run_after=2025-06-12 00:00:00+00:00
[2025-06-12T14:48:01.811+0000] {processor.py:183} INFO - Processing /home/airflow/.local/lib/python3.12/site-packages/airflow/example_dags/example_branch_labels.py took 0.033 seconds
[2025-06-12T15:07:48.962+0000] {processor.py:161} INFO - Started process (PID=53) to work on /home/airflow/.local/lib/python3.12/site-packages/airflow/example_dags/example_branch_labels.py
[2025-06-12T15:07:48.962+0000] {processor.py:830} INFO - Processing file /home/airflow/.local/lib/python3.12/site-packages/airflow/example_dags/example_branch_labels.py for tasks to queue
[2025-06-12T15:07:48.966+0000] {logging_mixin.py:188} INFO - [2025-06-12T15:07:48.966+0000] {dagbag.py:540} INFO - Filling up the DagBag from /home/airflow/.local/lib/python3.12/site-packages/airflow/example_dags/example_branch_labels.py
[2025-06-12T15:07:48.986+0000] {processor.py:840} INFO - DAG(s) 'example_branch_labels' retrieved from /home/airflow/.local/lib/python3.12/site-packages/airflow/example_dags/example_branch_labels.py
[2025-06-12T15:07:49.019+0000] {logging_mixin.py:188} INFO - [2025-06-12T15:07:49.018+0000] {dag.py:3096} INFO - Sync 1 DAGs
[2025-06-12T15:07:49.049+0000] {logging_mixin.py:188} INFO - [2025-06-12T15:07:49.049+0000] {dag.py:3954} INFO - Setting next_dagrun for example_branch_labels to 2025-06-11 00:00:00+00:00, run_after=2025-06-12 00:00:00+00:00
[2025-06-12T15:07:49.084+0000] {processor.py:183} INFO - Processing /home/airflow/.local/lib/python3.12/site-packages/airflow/example_dags/example_branch_labels.py took 0.126 seconds
[2025-06-12T15:08:19.116+0000] {processor.py:161} INFO - Started process (PID=120) to work on /home/airflow/.local/lib/python3.12/site-packages/airflow/example_dags/example_branch_labels.py
[2025-06-12T15:08:19.116+0000] {processor.py:830} INFO - Processing file /home/airflow/.local/lib/python3.12/site-packages/airflow/example_dags/example_branch_labels.py for tasks to queue
[2025-06-12T15:08:19.117+0000] {logging_mixin.py:188} INFO - [2025-06-12T15:08:19.117+0000] {dagbag.py:540} INFO - Filling up the DagBag from /home/airflow/.local/lib/python3.12/site-packages/airflow/example_dags/example_branch_labels.py
[2025-06-12T15:08:19.120+0000] {processor.py:840} INFO - DAG(s) 'example_branch_labels' retrieved from /home/airflow/.local/lib/python3.12/site-packages/airflow/example_dags/example_branch_labels.py
[2025-06-12T15:08:19.161+0000] {logging_mixin.py:188} INFO - [2025-06-12T15:08:19.161+0000] {dag.py:3096} INFO - Sync 1 DAGs
[2025-06-12T15:08:19.169+0000] {logging_mixin.py:188} INFO - [2025-06-12T15:08:19.169+0000] {dag.py:3954} INFO - Setting next_dagrun for example_branch_labels to 2025-06-11 00:00:00+00:00, run_after=2025-06-12 00:00:00+00:00
[2025-06-12T15:08:19.176+0000] {processor.py:183} INFO - Processing /home/airflow/.local/lib/python3.12/site-packages/airflow/example_dags/example_branch_labels.py took 0.062 seconds
[2025-06-12T15:08:49.290+0000] {processor.py:161} INFO - Started process (PID=187) to work on /home/airflow/.local/lib/python3.12/site-packages/airflow/example_dags/example_branch_labels.py
[2025-06-12T15:08:49.291+0000] {processor.py:830} INFO - Processing file /home/airflow/.local/lib/python3.12/site-packages/airflow/example_dags/example_branch_labels.py for tasks to queue
[2025-06-12T15:08:49.294+0000] {logging_mixin.py:188} INFO - [2025-06-12T15:08:49.294+0000] {dagbag.py:540} INFO - Filling up the DagBag from /home/airflow/.local/lib/python3.12/site-packages/airflow/example_dags/example_branch_labels.py
[2025-06-12T15:08:49.298+0000] {processor.py:840} INFO - DAG(s) 'example_branch_labels' retrieved from /home/airflow/.local/lib/python3.12/site-packages/airflow/example_dags/example_branch_labels.py
[2025-06-12T15:08:49.312+0000] {logging_mixin.py:188} INFO - [2025-06-12T15:08:49.312+0000] {dag.py:3096} INFO - Sync 1 DAGs
[2025-06-12T15:08:49.321+0000] {logging_mixin.py:188} INFO - [2025-06-12T15:08:49.321+0000] {dag.py:3954} INFO - Setting next_dagrun for example_branch_labels to 2025-06-11 00:00:00+00:00, run_after=2025-06-12 00:00:00+00:00
[2025-06-12T15:08:49.331+0000] {processor.py:183} INFO - Processing /home/airflow/.local/lib/python3.12/site-packages/airflow/example_dags/example_branch_labels.py took 0.044 seconds
[2025-06-12T15:09:19.625+0000] {processor.py:161} INFO - Started process (PID=261) to work on /home/airflow/.local/lib/python3.12/site-packages/airflow/example_dags/example_branch_labels.py
[2025-06-12T15:09:19.626+0000] {processor.py:830} INFO - Processing file /home/airflow/.local/lib/python3.12/site-packages/airflow/example_dags/example_branch_labels.py for tasks to queue
[2025-06-12T15:09:19.627+0000] {logging_mixin.py:188} INFO - [2025-06-12T15:09:19.627+0000] {dagbag.py:540} INFO - Filling up the DagBag from /home/airflow/.local/lib/python3.12/site-packages/airflow/example_dags/example_branch_labels.py
[2025-06-12T15:09:19.630+0000] {processor.py:840} INFO - DAG(s) 'example_branch_labels' retrieved from /home/airflow/.local/lib/python3.12/site-packages/airflow/example_dags/example_branch_labels.py
[2025-06-12T15:09:19.641+0000] {logging_mixin.py:188} INFO - [2025-06-12T15:09:19.641+0000] {dag.py:3096} INFO - Sync 1 DAGs
[2025-06-12T15:09:19.650+0000] {logging_mixin.py:188} INFO - [2025-06-12T15:09:19.650+0000] {dag.py:3954} INFO - Setting next_dagrun for example_branch_labels to 2025-06-11 00:00:00+00:00, run_after=2025-06-12 00:00:00+00:00
[2025-06-12T15:09:19.657+0000] {processor.py:183} INFO - Processing /home/airflow/.local/lib/python3.12/site-packages/airflow/example_dags/example_branch_labels.py took 0.035 seconds
[2025-06-12T15:09:50.085+0000] {processor.py:161} INFO - Started process (PID=335) to work on /home/airflow/.local/lib/python3.12/site-packages/airflow/example_dags/example_branch_labels.py
[2025-06-12T15:09:50.089+0000] {processor.py:830} INFO - Processing file /home/airflow/.local/lib/python3.12/site-packages/airflow/example_dags/example_branch_labels.py for tasks to queue
[2025-06-12T15:09:50.090+0000] {logging_mixin.py:188} INFO - [2025-06-12T15:09:50.090+0000] {dagbag.py:540} INFO - Filling up the DagBag from /home/airflow/.local/lib/python3.12/site-packages/airflow/example_dags/example_branch_labels.py
[2025-06-12T15:09:50.099+0000] {processor.py:840} INFO - DAG(s) 'example_branch_labels' retrieved from /home/airflow/.local/lib/python3.12/site-packages/airflow/example_dags/example_branch_labels.py
[2025-06-12T15:09:50.124+0000] {logging_mixin.py:188} INFO - [2025-06-12T15:09:50.123+0000] {dag.py:3096} INFO - Sync 1 DAGs
[2025-06-12T15:09:50.160+0000] {logging_mixin.py:188} INFO - [2025-06-12T15:09:50.160+0000] {dag.py:3954} INFO - Setting next_dagrun for example_branch_labels to 2025-06-11 00:00:00+00:00, run_after=2025-06-12 00:00:00+00:00
[2025-06-12T15:09:50.180+0000] {processor.py:183} INFO - Processing /home/airflow/.local/lib/python3.12/site-packages/airflow/example_dags/example_branch_labels.py took 0.099 seconds
[2025-06-12T15:10:20.267+0000] {processor.py:161} INFO - Started process (PID=402) to work on /home/airflow/.local/lib/python3.12/site-packages/airflow/example_dags/example_branch_labels.py
[2025-06-12T15:10:20.267+0000] {processor.py:830} INFO - Processing file /home/airflow/.local/lib/python3.12/site-packages/airflow/example_dags/example_branch_labels.py for tasks to queue
[2025-06-12T15:10:20.269+0000] {logging_mixin.py:188} INFO - [2025-06-12T15:10:20.269+0000] {dagbag.py:540} INFO - Filling up the DagBag from /home/airflow/.local/lib/python3.12/site-packages/airflow/example_dags/example_branch_labels.py
[2025-06-12T15:10:20.273+0000] {processor.py:840} INFO - DAG(s) 'example_branch_labels' retrieved from /home/airflow/.local/lib/python3.12/site-packages/airflow/example_dags/example_branch_labels.py
[2025-06-12T15:10:20.284+0000] {logging_mixin.py:188} INFO - [2025-06-12T15:10:20.284+0000] {dag.py:3096} INFO - Sync 1 DAGs
[2025-06-12T15:10:20.295+0000] {logging_mixin.py:188} INFO - [2025-06-12T15:10:20.295+0000] {dag.py:3954} INFO - Setting next_dagrun for example_branch_labels to 2025-06-11 00:00:00+00:00, run_after=2025-06-12 00:00:00+00:00
[2025-06-12T15:10:20.306+0000] {processor.py:183} INFO - Processing /home/airflow/.local/lib/python3.12/site-packages/airflow/example_dags/example_branch_labels.py took 0.042 seconds
[2025-06-12T15:10:50.512+0000] {processor.py:161} INFO - Started process (PID=476) to work on /home/airflow/.local/lib/python3.12/site-packages/airflow/example_dags/example_branch_labels.py
[2025-06-12T15:10:50.513+0000] {processor.py:830} INFO - Processing file /home/airflow/.local/lib/python3.12/site-packages/airflow/example_dags/example_branch_labels.py for tasks to queue
[2025-06-12T15:10:50.514+0000] {logging_mixin.py:188} INFO - [2025-06-12T15:10:50.514+0000] {dagbag.py:540} INFO - Filling up the DagBag from /home/airflow/.local/lib/python3.12/site-packages/airflow/example_dags/example_branch_labels.py
[2025-06-12T15:10:50.517+0000] {processor.py:840} INFO - DAG(s) 'example_branch_labels' retrieved from /home/airflow/.local/lib/python3.12/site-packages/airflow/example_dags/example_branch_labels.py
[2025-06-12T15:10:50.538+0000] {logging_mixin.py:188} INFO - [2025-06-12T15:10:50.538+0000] {dag.py:3096} INFO - Sync 1 DAGs
[2025-06-12T15:10:50.549+0000] {logging_mixin.py:188} INFO - [2025-06-12T15:10:50.549+0000] {dag.py:3954} INFO - Setting next_dagrun for example_branch_labels to 2025-06-11 00:00:00+00:00, run_after=2025-06-12 00:00:00+00:00
[2025-06-12T15:10:50.558+0000] {processor.py:183} INFO - Processing /home/airflow/.local/lib/python3.12/site-packages/airflow/example_dags/example_branch_labels.py took 0.048 seconds
[2025-06-12T15:11:20.806+0000] {processor.py:161} INFO - Started process (PID=542) to work on /home/airflow/.local/lib/python3.12/site-packages/airflow/example_dags/example_branch_labels.py
[2025-06-12T15:11:20.807+0000] {processor.py:830} INFO - Processing file /home/airflow/.local/lib/python3.12/site-packages/airflow/example_dags/example_branch_labels.py for tasks to queue
[2025-06-12T15:11:20.808+0000] {logging_mixin.py:188} INFO - [2025-06-12T15:11:20.808+0000] {dagbag.py:540} INFO - Filling up the DagBag from /home/airflow/.local/lib/python3.12/site-packages/airflow/example_dags/example_branch_labels.py
[2025-06-12T15:11:20.813+0000] {processor.py:840} INFO - DAG(s) 'example_branch_labels' retrieved from /home/airflow/.local/lib/python3.12/site-packages/airflow/example_dags/example_branch_labels.py
[2025-06-12T15:11:20.833+0000] {logging_mixin.py:188} INFO - [2025-06-12T15:11:20.832+0000] {dag.py:3096} INFO - Sync 1 DAGs
[2025-06-12T15:11:20.844+0000] {logging_mixin.py:188} INFO - [2025-06-12T15:11:20.844+0000] {dag.py:3954} INFO - Setting next_dagrun for example_branch_labels to 2025-06-11 00:00:00+00:00, run_after=2025-06-12 00:00:00+00:00
[2025-06-12T15:11:20.856+0000] {processor.py:183} INFO - Processing /home/airflow/.local/lib/python3.12/site-packages/airflow/example_dags/example_branch_labels.py took 0.055 seconds
[2025-06-12T15:11:51.056+0000] {processor.py:161} INFO - Started process (PID=615) to work on /home/airflow/.local/lib/python3.12/site-packages/airflow/example_dags/example_branch_labels.py
[2025-06-12T15:11:51.057+0000] {processor.py:830} INFO - Processing file /home/airflow/.local/lib/python3.12/site-packages/airflow/example_dags/example_branch_labels.py for tasks to queue
[2025-06-12T15:11:51.057+0000] {logging_mixin.py:188} INFO - [2025-06-12T15:11:51.057+0000] {dagbag.py:540} INFO - Filling up the DagBag from /home/airflow/.local/lib/python3.12/site-packages/airflow/example_dags/example_branch_labels.py
[2025-06-12T15:11:51.061+0000] {processor.py:840} INFO - DAG(s) 'example_branch_labels' retrieved from /home/airflow/.local/lib/python3.12/site-packages/airflow/example_dags/example_branch_labels.py
[2025-06-12T15:11:51.074+0000] {logging_mixin.py:188} INFO - [2025-06-12T15:11:51.073+0000] {dag.py:3096} INFO - Sync 1 DAGs
[2025-06-12T15:11:51.085+0000] {logging_mixin.py:188} INFO - [2025-06-12T15:11:51.084+0000] {dag.py:3954} INFO - Setting next_dagrun for example_branch_labels to 2025-06-11 00:00:00+00:00, run_after=2025-06-12 00:00:00+00:00
[2025-06-12T15:11:51.093+0000] {processor.py:183} INFO - Processing /home/airflow/.local/lib/python3.12/site-packages/airflow/example_dags/example_branch_labels.py took 0.040 seconds
[2025-06-12T15:12:21.303+0000] {processor.py:161} INFO - Started process (PID=688) to work on /home/airflow/.local/lib/python3.12/site-packages/airflow/example_dags/example_branch_labels.py
[2025-06-12T15:12:21.304+0000] {processor.py:830} INFO - Processing file /home/airflow/.local/lib/python3.12/site-packages/airflow/example_dags/example_branch_labels.py for tasks to queue
[2025-06-12T15:12:21.305+0000] {logging_mixin.py:188} INFO - [2025-06-12T15:12:21.304+0000] {dagbag.py:540} INFO - Filling up the DagBag from /home/airflow/.local/lib/python3.12/site-packages/airflow/example_dags/example_branch_labels.py
[2025-06-12T15:12:21.309+0000] {processor.py:840} INFO - DAG(s) 'example_branch_labels' retrieved from /home/airflow/.local/lib/python3.12/site-packages/airflow/example_dags/example_branch_labels.py
[2025-06-12T15:12:21.321+0000] {logging_mixin.py:188} INFO - [2025-06-12T15:12:21.321+0000] {dag.py:3096} INFO - Sync 1 DAGs
[2025-06-12T15:12:21.333+0000] {logging_mixin.py:188} INFO - [2025-06-12T15:12:21.333+0000] {dag.py:3954} INFO - Setting next_dagrun for example_branch_labels to 2025-06-11 00:00:00+00:00, run_after=2025-06-12 00:00:00+00:00
[2025-06-12T15:12:21.344+0000] {processor.py:183} INFO - Processing /home/airflow/.local/lib/python3.12/site-packages/airflow/example_dags/example_branch_labels.py took 0.044 seconds
[2025-06-12T15:12:52.298+0000] {processor.py:161} INFO - Started process (PID=755) to work on /home/airflow/.local/lib/python3.12/site-packages/airflow/example_dags/example_branch_labels.py
[2025-06-12T15:12:52.299+0000] {processor.py:830} INFO - Processing file /home/airflow/.local/lib/python3.12/site-packages/airflow/example_dags/example_branch_labels.py for tasks to queue
[2025-06-12T15:12:52.300+0000] {logging_mixin.py:188} INFO - [2025-06-12T15:12:52.299+0000] {dagbag.py:540} INFO - Filling up the DagBag from /home/airflow/.local/lib/python3.12/site-packages/airflow/example_dags/example_branch_labels.py
[2025-06-12T15:12:52.304+0000] {processor.py:840} INFO - DAG(s) 'example_branch_labels' retrieved from /home/airflow/.local/lib/python3.12/site-packages/airflow/example_dags/example_branch_labels.py
[2025-06-12T15:12:52.317+0000] {logging_mixin.py:188} INFO - [2025-06-12T15:12:52.317+0000] {dag.py:3096} INFO - Sync 1 DAGs
[2025-06-12T15:12:52.326+0000] {logging_mixin.py:188} INFO - [2025-06-12T15:12:52.326+0000] {dag.py:3954} INFO - Setting next_dagrun for example_branch_labels to 2025-06-11 00:00:00+00:00, run_after=2025-06-12 00:00:00+00:00
[2025-06-12T15:12:52.336+0000] {processor.py:183} INFO - Processing /home/airflow/.local/lib/python3.12/site-packages/airflow/example_dags/example_branch_labels.py took 0.040 seconds
[2025-06-12T15:13:23.375+0000] {processor.py:161} INFO - Started process (PID=829) to work on /home/airflow/.local/lib/python3.12/site-packages/airflow/example_dags/example_branch_labels.py
[2025-06-12T15:13:23.376+0000] {processor.py:830} INFO - Processing file /home/airflow/.local/lib/python3.12/site-packages/airflow/example_dags/example_branch_labels.py for tasks to queue
[2025-06-12T15:13:23.377+0000] {logging_mixin.py:188} INFO - [2025-06-12T15:13:23.376+0000] {dagbag.py:540} INFO - Filling up the DagBag from /home/airflow/.local/lib/python3.12/site-packages/airflow/example_dags/example_branch_labels.py
[2025-06-12T15:13:23.380+0000] {processor.py:840} INFO - DAG(s) 'example_branch_labels' retrieved from /home/airflow/.local/lib/python3.12/site-packages/airflow/example_dags/example_branch_labels.py
[2025-06-12T15:13:23.394+0000] {logging_mixin.py:188} INFO - [2025-06-12T15:13:23.394+0000] {dag.py:3096} INFO - Sync 1 DAGs
[2025-06-12T15:13:23.404+0000] {logging_mixin.py:188} INFO - [2025-06-12T15:13:23.404+0000] {dag.py:3954} INFO - Setting next_dagrun for example_branch_labels to 2025-06-11 00:00:00+00:00, run_after=2025-06-12 00:00:00+00:00
[2025-06-12T15:13:23.411+0000] {processor.py:183} INFO - Processing /home/airflow/.local/lib/python3.12/site-packages/airflow/example_dags/example_branch_labels.py took 0.039 seconds
[2025-06-12T15:13:53.554+0000] {processor.py:161} INFO - Started process (PID=903) to work on /home/airflow/.local/lib/python3.12/site-packages/airflow/example_dags/example_branch_labels.py
[2025-06-12T15:13:53.555+0000] {processor.py:830} INFO - Processing file /home/airflow/.local/lib/python3.12/site-packages/airflow/example_dags/example_branch_labels.py for tasks to queue
[2025-06-12T15:13:53.556+0000] {logging_mixin.py:188} INFO - [2025-06-12T15:13:53.556+0000] {dagbag.py:540} INFO - Filling up the DagBag from /home/airflow/.local/lib/python3.12/site-packages/airflow/example_dags/example_branch_labels.py
[2025-06-12T15:13:53.560+0000] {processor.py:840} INFO - DAG(s) 'example_branch_labels' retrieved from /home/airflow/.local/lib/python3.12/site-packages/airflow/example_dags/example_branch_labels.py
[2025-06-12T15:13:53.572+0000] {logging_mixin.py:188} INFO - [2025-06-12T15:13:53.572+0000] {dag.py:3096} INFO - Sync 1 DAGs
[2025-06-12T15:13:53.582+0000] {logging_mixin.py:188} INFO - [2025-06-12T15:13:53.582+0000] {dag.py:3954} INFO - Setting next_dagrun for example_branch_labels to 2025-06-11 00:00:00+00:00, run_after=2025-06-12 00:00:00+00:00
[2025-06-12T15:13:53.590+0000] {processor.py:183} INFO - Processing /home/airflow/.local/lib/python3.12/site-packages/airflow/example_dags/example_branch_labels.py took 0.039 seconds
[2025-06-12T15:14:24.191+0000] {processor.py:161} INFO - Started process (PID=970) to work on /home/airflow/.local/lib/python3.12/site-packages/airflow/example_dags/example_branch_labels.py
[2025-06-12T15:14:24.192+0000] {processor.py:830} INFO - Processing file /home/airflow/.local/lib/python3.12/site-packages/airflow/example_dags/example_branch_labels.py for tasks to queue
[2025-06-12T15:14:24.193+0000] {logging_mixin.py:188} INFO - [2025-06-12T15:14:24.193+0000] {dagbag.py:540} INFO - Filling up the DagBag from /home/airflow/.local/lib/python3.12/site-packages/airflow/example_dags/example_branch_labels.py
[2025-06-12T15:14:24.198+0000] {processor.py:840} INFO - DAG(s) 'example_branch_labels' retrieved from /home/airflow/.local/lib/python3.12/site-packages/airflow/example_dags/example_branch_labels.py
[2025-06-12T15:14:24.210+0000] {logging_mixin.py:188} INFO - [2025-06-12T15:14:24.209+0000] {dag.py:3096} INFO - Sync 1 DAGs
[2025-06-12T15:14:24.219+0000] {logging_mixin.py:188} INFO - [2025-06-12T15:14:24.219+0000] {dag.py:3954} INFO - Setting next_dagrun for example_branch_labels to 2025-06-11 00:00:00+00:00, run_after=2025-06-12 00:00:00+00:00
[2025-06-12T15:14:24.226+0000] {processor.py:183} INFO - Processing /home/airflow/.local/lib/python3.12/site-packages/airflow/example_dags/example_branch_labels.py took 0.038 seconds
[2025-06-12T15:14:55.236+0000] {processor.py:161} INFO - Started process (PID=1045) to work on /home/airflow/.local/lib/python3.12/site-packages/airflow/example_dags/example_branch_labels.py
[2025-06-12T15:14:55.237+0000] {processor.py:830} INFO - Processing file /home/airflow/.local/lib/python3.12/site-packages/airflow/example_dags/example_branch_labels.py for tasks to queue
[2025-06-12T15:14:55.239+0000] {logging_mixin.py:188} INFO - [2025-06-12T15:14:55.239+0000] {dagbag.py:540} INFO - Filling up the DagBag from /home/airflow/.local/lib/python3.12/site-packages/airflow/example_dags/example_branch_labels.py
[2025-06-12T15:14:55.245+0000] {processor.py:840} INFO - DAG(s) 'example_branch_labels' retrieved from /home/airflow/.local/lib/python3.12/site-packages/airflow/example_dags/example_branch_labels.py
[2025-06-12T15:14:55.259+0000] {logging_mixin.py:188} INFO - [2025-06-12T15:14:55.259+0000] {dag.py:3096} INFO - Sync 1 DAGs
[2025-06-12T15:14:55.271+0000] {logging_mixin.py:188} INFO - [2025-06-12T15:14:55.271+0000] {dag.py:3954} INFO - Setting next_dagrun for example_branch_labels to 2025-06-11 00:00:00+00:00, run_after=2025-06-12 00:00:00+00:00
[2025-06-12T15:14:55.283+0000] {processor.py:183} INFO - Processing /home/airflow/.local/lib/python3.12/site-packages/airflow/example_dags/example_branch_labels.py took 0.050 seconds
[2025-06-12T15:15:25.800+0000] {processor.py:161} INFO - Started process (PID=1119) to work on /home/airflow/.local/lib/python3.12/site-packages/airflow/example_dags/example_branch_labels.py
[2025-06-12T15:15:25.801+0000] {processor.py:830} INFO - Processing file /home/airflow/.local/lib/python3.12/site-packages/airflow/example_dags/example_branch_labels.py for tasks to queue
[2025-06-12T15:15:25.801+0000] {logging_mixin.py:188} INFO - [2025-06-12T15:15:25.801+0000] {dagbag.py:540} INFO - Filling up the DagBag from /home/airflow/.local/lib/python3.12/site-packages/airflow/example_dags/example_branch_labels.py
[2025-06-12T15:15:25.806+0000] {processor.py:840} INFO - DAG(s) 'example_branch_labels' retrieved from /home/airflow/.local/lib/python3.12/site-packages/airflow/example_dags/example_branch_labels.py
[2025-06-12T15:15:25.822+0000] {logging_mixin.py:188} INFO - [2025-06-12T15:15:25.822+0000] {dag.py:3096} INFO - Sync 1 DAGs
[2025-06-12T15:15:25.835+0000] {logging_mixin.py:188} INFO - [2025-06-12T15:15:25.835+0000] {dag.py:3954} INFO - Setting next_dagrun for example_branch_labels to 2025-06-11 00:00:00+00:00, run_after=2025-06-12 00:00:00+00:00
[2025-06-12T15:15:25.843+0000] {processor.py:183} INFO - Processing /home/airflow/.local/lib/python3.12/site-packages/airflow/example_dags/example_branch_labels.py took 0.046 seconds
[2025-06-12T15:15:56.256+0000] {processor.py:161} INFO - Started process (PID=1186) to work on /home/airflow/.local/lib/python3.12/site-packages/airflow/example_dags/example_branch_labels.py
[2025-06-12T15:15:56.257+0000] {processor.py:830} INFO - Processing file /home/airflow/.local/lib/python3.12/site-packages/airflow/example_dags/example_branch_labels.py for tasks to queue
[2025-06-12T15:15:56.259+0000] {logging_mixin.py:188} INFO - [2025-06-12T15:15:56.258+0000] {dagbag.py:540} INFO - Filling up the DagBag from /home/airflow/.local/lib/python3.12/site-packages/airflow/example_dags/example_branch_labels.py
[2025-06-12T15:15:56.270+0000] {processor.py:840} INFO - DAG(s) 'example_branch_labels' retrieved from /home/airflow/.local/lib/python3.12/site-packages/airflow/example_dags/example_branch_labels.py
[2025-06-12T15:15:56.353+0000] {logging_mixin.py:188} INFO - [2025-06-12T15:15:56.353+0000] {dag.py:3096} INFO - Sync 1 DAGs
[2025-06-12T15:15:56.367+0000] {logging_mixin.py:188} INFO - [2025-06-12T15:15:56.367+0000] {dag.py:3954} INFO - Setting next_dagrun for example_branch_labels to 2025-06-11 00:00:00+00:00, run_after=2025-06-12 00:00:00+00:00
[2025-06-12T15:15:56.381+0000] {processor.py:183} INFO - Processing /home/airflow/.local/lib/python3.12/site-packages/airflow/example_dags/example_branch_labels.py took 0.130 seconds
[2025-06-12T15:16:27.312+0000] {processor.py:161} INFO - Started process (PID=1260) to work on /home/airflow/.local/lib/python3.12/site-packages/airflow/example_dags/example_branch_labels.py
[2025-06-12T15:16:27.318+0000] {processor.py:830} INFO - Processing file /home/airflow/.local/lib/python3.12/site-packages/airflow/example_dags/example_branch_labels.py for tasks to queue
[2025-06-12T15:16:27.320+0000] {logging_mixin.py:188} INFO - [2025-06-12T15:16:27.320+0000] {dagbag.py:540} INFO - Filling up the DagBag from /home/airflow/.local/lib/python3.12/site-packages/airflow/example_dags/example_branch_labels.py
[2025-06-12T15:16:27.327+0000] {processor.py:840} INFO - DAG(s) 'example_branch_labels' retrieved from /home/airflow/.local/lib/python3.12/site-packages/airflow/example_dags/example_branch_labels.py
[2025-06-12T15:16:27.348+0000] {logging_mixin.py:188} INFO - [2025-06-12T15:16:27.347+0000] {dag.py:3096} INFO - Sync 1 DAGs
[2025-06-12T15:16:27.368+0000] {logging_mixin.py:188} INFO - [2025-06-12T15:16:27.368+0000] {dag.py:3954} INFO - Setting next_dagrun for example_branch_labels to 2025-06-11 00:00:00+00:00, run_after=2025-06-12 00:00:00+00:00
[2025-06-12T15:16:27.387+0000] {processor.py:183} INFO - Processing /home/airflow/.local/lib/python3.12/site-packages/airflow/example_dags/example_branch_labels.py took 0.080 seconds
[2025-06-12T15:16:57.826+0000] {processor.py:161} INFO - Started process (PID=1334) to work on /home/airflow/.local/lib/python3.12/site-packages/airflow/example_dags/example_branch_labels.py
[2025-06-12T15:16:57.829+0000] {processor.py:830} INFO - Processing file /home/airflow/.local/lib/python3.12/site-packages/airflow/example_dags/example_branch_labels.py for tasks to queue
[2025-06-12T15:16:57.830+0000] {logging_mixin.py:188} INFO - [2025-06-12T15:16:57.830+0000] {dagbag.py:540} INFO - Filling up the DagBag from /home/airflow/.local/lib/python3.12/site-packages/airflow/example_dags/example_branch_labels.py
[2025-06-12T15:16:57.845+0000] {processor.py:840} INFO - DAG(s) 'example_branch_labels' retrieved from /home/airflow/.local/lib/python3.12/site-packages/airflow/example_dags/example_branch_labels.py
[2025-06-12T15:16:57.869+0000] {logging_mixin.py:188} INFO - [2025-06-12T15:16:57.869+0000] {dag.py:3096} INFO - Sync 1 DAGs
[2025-06-12T15:16:57.972+0000] {logging_mixin.py:188} INFO - [2025-06-12T15:16:57.972+0000] {dag.py:3954} INFO - Setting next_dagrun for example_branch_labels to 2025-06-11 00:00:00+00:00, run_after=2025-06-12 00:00:00+00:00
[2025-06-12T15:16:57.979+0000] {processor.py:183} INFO - Processing /home/airflow/.local/lib/python3.12/site-packages/airflow/example_dags/example_branch_labels.py took 0.161 seconds
[2025-06-12T15:17:28.294+0000] {processor.py:161} INFO - Started process (PID=1401) to work on /home/airflow/.local/lib/python3.12/site-packages/airflow/example_dags/example_branch_labels.py
[2025-06-12T15:17:28.300+0000] {processor.py:830} INFO - Processing file /home/airflow/.local/lib/python3.12/site-packages/airflow/example_dags/example_branch_labels.py for tasks to queue
[2025-06-12T15:17:28.306+0000] {logging_mixin.py:188} INFO - [2025-06-12T15:17:28.305+0000] {dagbag.py:540} INFO - Filling up the DagBag from /home/airflow/.local/lib/python3.12/site-packages/airflow/example_dags/example_branch_labels.py
[2025-06-12T15:17:28.353+0000] {processor.py:840} INFO - DAG(s) 'example_branch_labels' retrieved from /home/airflow/.local/lib/python3.12/site-packages/airflow/example_dags/example_branch_labels.py
[2025-06-12T15:17:28.442+0000] {logging_mixin.py:188} INFO - [2025-06-12T15:17:28.441+0000] {dag.py:3096} INFO - Sync 1 DAGs
[2025-06-12T15:17:28.484+0000] {logging_mixin.py:188} INFO - [2025-06-12T15:17:28.484+0000] {dag.py:3954} INFO - Setting next_dagrun for example_branch_labels to 2025-06-11 00:00:00+00:00, run_after=2025-06-12 00:00:00+00:00
[2025-06-12T15:17:28.728+0000] {processor.py:183} INFO - Processing /home/airflow/.local/lib/python3.12/site-packages/airflow/example_dags/example_branch_labels.py took 0.464 seconds
[2025-06-12T15:17:59.291+0000] {processor.py:161} INFO - Started process (PID=1475) to work on /home/airflow/.local/lib/python3.12/site-packages/airflow/example_dags/example_branch_labels.py
[2025-06-12T15:17:59.294+0000] {processor.py:830} INFO - Processing file /home/airflow/.local/lib/python3.12/site-packages/airflow/example_dags/example_branch_labels.py for tasks to queue
[2025-06-12T15:17:59.295+0000] {logging_mixin.py:188} INFO - [2025-06-12T15:17:59.295+0000] {dagbag.py:540} INFO - Filling up the DagBag from /home/airflow/.local/lib/python3.12/site-packages/airflow/example_dags/example_branch_labels.py
[2025-06-12T15:17:59.302+0000] {processor.py:840} INFO - DAG(s) 'example_branch_labels' retrieved from /home/airflow/.local/lib/python3.12/site-packages/airflow/example_dags/example_branch_labels.py
[2025-06-12T15:17:59.323+0000] {logging_mixin.py:188} INFO - [2025-06-12T15:17:59.323+0000] {dag.py:3096} INFO - Sync 1 DAGs
[2025-06-12T15:17:59.335+0000] {logging_mixin.py:188} INFO - [2025-06-12T15:17:59.335+0000] {dag.py:3954} INFO - Setting next_dagrun for example_branch_labels to 2025-06-11 00:00:00+00:00, run_after=2025-06-12 00:00:00+00:00
[2025-06-12T15:17:59.344+0000] {processor.py:183} INFO - Processing /home/airflow/.local/lib/python3.12/site-packages/airflow/example_dags/example_branch_labels.py took 0.058 seconds
[2025-06-12T15:18:30.307+0000] {processor.py:161} INFO - Started process (PID=1549) to work on /home/airflow/.local/lib/python3.12/site-packages/airflow/example_dags/example_branch_labels.py
[2025-06-12T15:18:30.309+0000] {processor.py:830} INFO - Processing file /home/airflow/.local/lib/python3.12/site-packages/airflow/example_dags/example_branch_labels.py for tasks to queue
[2025-06-12T15:18:30.313+0000] {logging_mixin.py:188} INFO - [2025-06-12T15:18:30.312+0000] {dagbag.py:540} INFO - Filling up the DagBag from /home/airflow/.local/lib/python3.12/site-packages/airflow/example_dags/example_branch_labels.py
[2025-06-12T15:18:30.326+0000] {processor.py:840} INFO - DAG(s) 'example_branch_labels' retrieved from /home/airflow/.local/lib/python3.12/site-packages/airflow/example_dags/example_branch_labels.py
[2025-06-12T15:18:30.371+0000] {logging_mixin.py:188} INFO - [2025-06-12T15:18:30.371+0000] {dag.py:3096} INFO - Sync 1 DAGs
[2025-06-12T15:18:30.390+0000] {logging_mixin.py:188} INFO - [2025-06-12T15:18:30.389+0000] {dag.py:3954} INFO - Setting next_dagrun for example_branch_labels to 2025-06-11 00:00:00+00:00, run_after=2025-06-12 00:00:00+00:00
[2025-06-12T15:18:30.407+0000] {processor.py:183} INFO - Processing /home/airflow/.local/lib/python3.12/site-packages/airflow/example_dags/example_branch_labels.py took 0.105 seconds
