[2025-06-12T13:58:37.260+0000] {processor.py:161} INFO - Started process (PID=50) to work on /home/airflow/.local/lib/python3.12/site-packages/airflow/example_dags/example_sensors.py
[2025-06-12T13:58:37.263+0000] {processor.py:830} INFO - Processing file /home/airflow/.local/lib/python3.12/site-packages/airflow/example_dags/example_sensors.py for tasks to queue
[2025-06-12T13:58:37.269+0000] {logging_mixin.py:188} INFO - [2025-06-12T13:58:37.268+0000] {dagbag.py:540} INFO - Filling up the DagBag from /home/airflow/.local/lib/python3.12/site-packages/airflow/example_dags/example_sensors.py
[2025-06-12T13:58:37.299+0000] {processor.py:840} INFO - DAG(s) 'example_sensors' retrieved from /home/airflow/.local/lib/python3.12/site-packages/airflow/example_dags/example_sensors.py
[2025-06-12T13:58:37.347+0000] {logging_mixin.py:188} INFO - [2025-06-12T13:58:37.346+0000] {dag.py:3096} INFO - Sync 1 DAGs
[2025-06-12T13:58:37.383+0000] {logging_mixin.py:188} INFO - [2025-06-12T13:58:37.382+0000] {dag.py:3954} INFO - Setting next_dagrun for example_sensors to None, run_after=None
[2025-06-12T13:58:37.437+0000] {processor.py:183} INFO - Processing /home/airflow/.local/lib/python3.12/site-packages/airflow/example_dags/example_sensors.py took 0.192 seconds
[2025-06-12T13:59:07.472+0000] {processor.py:161} INFO - Started process (PID=117) to work on /home/airflow/.local/lib/python3.12/site-packages/airflow/example_dags/example_sensors.py
[2025-06-12T13:59:07.473+0000] {processor.py:830} INFO - Processing file /home/airflow/.local/lib/python3.12/site-packages/airflow/example_dags/example_sensors.py for tasks to queue
[2025-06-12T13:59:07.474+0000] {logging_mixin.py:188} INFO - [2025-06-12T13:59:07.473+0000] {dagbag.py:540} INFO - Filling up the DagBag from /home/airflow/.local/lib/python3.12/site-packages/airflow/example_dags/example_sensors.py
[2025-06-12T13:59:07.479+0000] {processor.py:840} INFO - DAG(s) 'example_sensors' retrieved from /home/airflow/.local/lib/python3.12/site-packages/airflow/example_dags/example_sensors.py
[2025-06-12T13:59:07.534+0000] {logging_mixin.py:188} INFO - [2025-06-12T13:59:07.534+0000] {dag.py:3096} INFO - Sync 1 DAGs
[2025-06-12T13:59:07.538+0000] {logging_mixin.py:188} INFO - [2025-06-12T13:59:07.538+0000] {dag.py:3954} INFO - Setting next_dagrun for example_sensors to None, run_after=None
[2025-06-12T13:59:07.545+0000] {processor.py:183} INFO - Processing /home/airflow/.local/lib/python3.12/site-packages/airflow/example_dags/example_sensors.py took 0.077 seconds
[2025-06-12T13:59:37.627+0000] {processor.py:161} INFO - Started process (PID=184) to work on /home/airflow/.local/lib/python3.12/site-packages/airflow/example_dags/example_sensors.py
[2025-06-12T13:59:37.628+0000] {processor.py:830} INFO - Processing file /home/airflow/.local/lib/python3.12/site-packages/airflow/example_dags/example_sensors.py for tasks to queue
[2025-06-12T13:59:37.628+0000] {logging_mixin.py:188} INFO - [2025-06-12T13:59:37.628+0000] {dagbag.py:540} INFO - Filling up the DagBag from /home/airflow/.local/lib/python3.12/site-packages/airflow/example_dags/example_sensors.py
[2025-06-12T13:59:37.632+0000] {processor.py:840} INFO - DAG(s) 'example_sensors' retrieved from /home/airflow/.local/lib/python3.12/site-packages/airflow/example_dags/example_sensors.py
[2025-06-12T13:59:37.643+0000] {logging_mixin.py:188} INFO - [2025-06-12T13:59:37.643+0000] {dag.py:3096} INFO - Sync 1 DAGs
[2025-06-12T13:59:37.648+0000] {logging_mixin.py:188} INFO - [2025-06-12T13:59:37.648+0000] {dag.py:3954} INFO - Setting next_dagrun for example_sensors to None, run_after=None
[2025-06-12T13:59:37.655+0000] {processor.py:183} INFO - Processing /home/airflow/.local/lib/python3.12/site-packages/airflow/example_dags/example_sensors.py took 0.030 seconds
[2025-06-12T14:00:08.049+0000] {processor.py:161} INFO - Started process (PID=258) to work on /home/airflow/.local/lib/python3.12/site-packages/airflow/example_dags/example_sensors.py
[2025-06-12T14:00:08.050+0000] {processor.py:830} INFO - Processing file /home/airflow/.local/lib/python3.12/site-packages/airflow/example_dags/example_sensors.py for tasks to queue
[2025-06-12T14:00:08.052+0000] {logging_mixin.py:188} INFO - [2025-06-12T14:00:08.052+0000] {dagbag.py:540} INFO - Filling up the DagBag from /home/airflow/.local/lib/python3.12/site-packages/airflow/example_dags/example_sensors.py
[2025-06-12T14:00:08.056+0000] {processor.py:840} INFO - DAG(s) 'example_sensors' retrieved from /home/airflow/.local/lib/python3.12/site-packages/airflow/example_dags/example_sensors.py
[2025-06-12T14:00:08.071+0000] {logging_mixin.py:188} INFO - [2025-06-12T14:00:08.071+0000] {dag.py:3096} INFO - Sync 1 DAGs
[2025-06-12T14:00:08.077+0000] {logging_mixin.py:188} INFO - [2025-06-12T14:00:08.077+0000] {dag.py:3954} INFO - Setting next_dagrun for example_sensors to None, run_after=None
[2025-06-12T14:00:08.086+0000] {processor.py:183} INFO - Processing /home/airflow/.local/lib/python3.12/site-packages/airflow/example_dags/example_sensors.py took 0.040 seconds
[2025-06-12T14:00:38.658+0000] {processor.py:161} INFO - Started process (PID=325) to work on /home/airflow/.local/lib/python3.12/site-packages/airflow/example_dags/example_sensors.py
[2025-06-12T14:00:38.659+0000] {processor.py:830} INFO - Processing file /home/airflow/.local/lib/python3.12/site-packages/airflow/example_dags/example_sensors.py for tasks to queue
[2025-06-12T14:00:38.660+0000] {logging_mixin.py:188} INFO - [2025-06-12T14:00:38.660+0000] {dagbag.py:540} INFO - Filling up the DagBag from /home/airflow/.local/lib/python3.12/site-packages/airflow/example_dags/example_sensors.py
[2025-06-12T14:00:38.665+0000] {processor.py:840} INFO - DAG(s) 'example_sensors' retrieved from /home/airflow/.local/lib/python3.12/site-packages/airflow/example_dags/example_sensors.py
[2025-06-12T14:00:38.684+0000] {logging_mixin.py:188} INFO - [2025-06-12T14:00:38.684+0000] {dag.py:3096} INFO - Sync 1 DAGs
[2025-06-12T14:00:38.691+0000] {logging_mixin.py:188} INFO - [2025-06-12T14:00:38.691+0000] {dag.py:3954} INFO - Setting next_dagrun for example_sensors to None, run_after=None
[2025-06-12T14:00:38.704+0000] {processor.py:183} INFO - Processing /home/airflow/.local/lib/python3.12/site-packages/airflow/example_dags/example_sensors.py took 0.052 seconds
[2025-06-12T14:01:08.749+0000] {processor.py:161} INFO - Started process (PID=398) to work on /home/airflow/.local/lib/python3.12/site-packages/airflow/example_dags/example_sensors.py
[2025-06-12T14:01:08.749+0000] {processor.py:830} INFO - Processing file /home/airflow/.local/lib/python3.12/site-packages/airflow/example_dags/example_sensors.py for tasks to queue
[2025-06-12T14:01:08.751+0000] {logging_mixin.py:188} INFO - [2025-06-12T14:01:08.751+0000] {dagbag.py:540} INFO - Filling up the DagBag from /home/airflow/.local/lib/python3.12/site-packages/airflow/example_dags/example_sensors.py
[2025-06-12T14:01:08.755+0000] {processor.py:840} INFO - DAG(s) 'example_sensors' retrieved from /home/airflow/.local/lib/python3.12/site-packages/airflow/example_dags/example_sensors.py
[2025-06-12T14:01:08.774+0000] {logging_mixin.py:188} INFO - [2025-06-12T14:01:08.773+0000] {dag.py:3096} INFO - Sync 1 DAGs
[2025-06-12T14:01:08.779+0000] {logging_mixin.py:188} INFO - [2025-06-12T14:01:08.779+0000] {dag.py:3954} INFO - Setting next_dagrun for example_sensors to None, run_after=None
[2025-06-12T14:01:08.790+0000] {processor.py:183} INFO - Processing /home/airflow/.local/lib/python3.12/site-packages/airflow/example_dags/example_sensors.py took 0.044 seconds
[2025-06-12T14:15:47.406+0000] {processor.py:161} INFO - Started process (PID=51) to work on /home/airflow/.local/lib/python3.12/site-packages/airflow/example_dags/example_sensors.py
[2025-06-12T14:15:47.407+0000] {processor.py:830} INFO - Processing file /home/airflow/.local/lib/python3.12/site-packages/airflow/example_dags/example_sensors.py for tasks to queue
[2025-06-12T14:15:47.409+0000] {logging_mixin.py:188} INFO - [2025-06-12T14:15:47.409+0000] {dagbag.py:540} INFO - Filling up the DagBag from /home/airflow/.local/lib/python3.12/site-packages/airflow/example_dags/example_sensors.py
[2025-06-12T14:15:47.424+0000] {processor.py:840} INFO - DAG(s) 'example_sensors' retrieved from /home/airflow/.local/lib/python3.12/site-packages/airflow/example_dags/example_sensors.py
[2025-06-12T14:15:47.448+0000] {logging_mixin.py:188} INFO - [2025-06-12T14:15:47.447+0000] {dag.py:3096} INFO - Sync 1 DAGs
[2025-06-12T14:15:47.464+0000] {logging_mixin.py:188} INFO - [2025-06-12T14:15:47.463+0000] {dag.py:3954} INFO - Setting next_dagrun for example_sensors to None, run_after=None
[2025-06-12T14:15:47.485+0000] {processor.py:183} INFO - Processing /home/airflow/.local/lib/python3.12/site-packages/airflow/example_dags/example_sensors.py took 0.085 seconds
[2025-06-12T14:16:17.793+0000] {processor.py:161} INFO - Started process (PID=118) to work on /home/airflow/.local/lib/python3.12/site-packages/airflow/example_dags/example_sensors.py
[2025-06-12T14:16:17.795+0000] {processor.py:830} INFO - Processing file /home/airflow/.local/lib/python3.12/site-packages/airflow/example_dags/example_sensors.py for tasks to queue
[2025-06-12T14:16:17.796+0000] {logging_mixin.py:188} INFO - [2025-06-12T14:16:17.795+0000] {dagbag.py:540} INFO - Filling up the DagBag from /home/airflow/.local/lib/python3.12/site-packages/airflow/example_dags/example_sensors.py
[2025-06-12T14:16:17.800+0000] {processor.py:840} INFO - DAG(s) 'example_sensors' retrieved from /home/airflow/.local/lib/python3.12/site-packages/airflow/example_dags/example_sensors.py
[2025-06-12T14:16:17.850+0000] {logging_mixin.py:188} INFO - [2025-06-12T14:16:17.850+0000] {dag.py:3096} INFO - Sync 1 DAGs
[2025-06-12T14:16:17.854+0000] {logging_mixin.py:188} INFO - [2025-06-12T14:16:17.854+0000] {dag.py:3954} INFO - Setting next_dagrun for example_sensors to None, run_after=None
[2025-06-12T14:16:17.868+0000] {processor.py:183} INFO - Processing /home/airflow/.local/lib/python3.12/site-packages/airflow/example_dags/example_sensors.py took 0.077 seconds
[2025-06-12T14:16:48.041+0000] {processor.py:161} INFO - Started process (PID=192) to work on /home/airflow/.local/lib/python3.12/site-packages/airflow/example_dags/example_sensors.py
[2025-06-12T14:16:48.042+0000] {processor.py:830} INFO - Processing file /home/airflow/.local/lib/python3.12/site-packages/airflow/example_dags/example_sensors.py for tasks to queue
[2025-06-12T14:16:48.043+0000] {logging_mixin.py:188} INFO - [2025-06-12T14:16:48.042+0000] {dagbag.py:540} INFO - Filling up the DagBag from /home/airflow/.local/lib/python3.12/site-packages/airflow/example_dags/example_sensors.py
[2025-06-12T14:16:48.048+0000] {processor.py:840} INFO - DAG(s) 'example_sensors' retrieved from /home/airflow/.local/lib/python3.12/site-packages/airflow/example_dags/example_sensors.py
[2025-06-12T14:16:48.055+0000] {logging_mixin.py:188} INFO - [2025-06-12T14:16:48.055+0000] {dag.py:3096} INFO - Sync 1 DAGs
[2025-06-12T14:16:48.061+0000] {logging_mixin.py:188} INFO - [2025-06-12T14:16:48.061+0000] {dag.py:3954} INFO - Setting next_dagrun for example_sensors to None, run_after=None
[2025-06-12T14:16:48.073+0000] {processor.py:183} INFO - Processing /home/airflow/.local/lib/python3.12/site-packages/airflow/example_dags/example_sensors.py took 0.034 seconds
[2025-06-12T14:17:19.663+0000] {processor.py:161} INFO - Started process (PID=266) to work on /home/airflow/.local/lib/python3.12/site-packages/airflow/example_dags/example_sensors.py
[2025-06-12T14:17:19.665+0000] {processor.py:830} INFO - Processing file /home/airflow/.local/lib/python3.12/site-packages/airflow/example_dags/example_sensors.py for tasks to queue
[2025-06-12T14:17:19.667+0000] {logging_mixin.py:188} INFO - [2025-06-12T14:17:19.667+0000] {dagbag.py:540} INFO - Filling up the DagBag from /home/airflow/.local/lib/python3.12/site-packages/airflow/example_dags/example_sensors.py
[2025-06-12T14:17:19.678+0000] {processor.py:840} INFO - DAG(s) 'example_sensors' retrieved from /home/airflow/.local/lib/python3.12/site-packages/airflow/example_dags/example_sensors.py
[2025-06-12T14:17:19.751+0000] {logging_mixin.py:188} INFO - [2025-06-12T14:17:19.751+0000] {dag.py:3096} INFO - Sync 1 DAGs
[2025-06-12T14:17:19.758+0000] {logging_mixin.py:188} INFO - [2025-06-12T14:17:19.758+0000] {dag.py:3954} INFO - Setting next_dagrun for example_sensors to None, run_after=None
[2025-06-12T14:17:19.779+0000] {processor.py:183} INFO - Processing /home/airflow/.local/lib/python3.12/site-packages/airflow/example_dags/example_sensors.py took 0.120 seconds
[2025-06-12T14:17:50.099+0000] {processor.py:161} INFO - Started process (PID=332) to work on /home/airflow/.local/lib/python3.12/site-packages/airflow/example_dags/example_sensors.py
[2025-06-12T14:17:50.100+0000] {processor.py:830} INFO - Processing file /home/airflow/.local/lib/python3.12/site-packages/airflow/example_dags/example_sensors.py for tasks to queue
[2025-06-12T14:17:50.101+0000] {logging_mixin.py:188} INFO - [2025-06-12T14:17:50.101+0000] {dagbag.py:540} INFO - Filling up the DagBag from /home/airflow/.local/lib/python3.12/site-packages/airflow/example_dags/example_sensors.py
[2025-06-12T14:17:50.105+0000] {processor.py:840} INFO - DAG(s) 'example_sensors' retrieved from /home/airflow/.local/lib/python3.12/site-packages/airflow/example_dags/example_sensors.py
[2025-06-12T14:17:50.119+0000] {logging_mixin.py:188} INFO - [2025-06-12T14:17:50.119+0000] {dag.py:3096} INFO - Sync 1 DAGs
[2025-06-12T14:17:50.125+0000] {logging_mixin.py:188} INFO - [2025-06-12T14:17:50.125+0000] {dag.py:3954} INFO - Setting next_dagrun for example_sensors to None, run_after=None
[2025-06-12T14:17:50.134+0000] {processor.py:183} INFO - Processing /home/airflow/.local/lib/python3.12/site-packages/airflow/example_dags/example_sensors.py took 0.038 seconds
[2025-06-12T14:18:33.130+0000] {processor.py:161} INFO - Started process (PID=50) to work on /home/airflow/.local/lib/python3.12/site-packages/airflow/example_dags/example_sensors.py
[2025-06-12T14:18:33.132+0000] {processor.py:830} INFO - Processing file /home/airflow/.local/lib/python3.12/site-packages/airflow/example_dags/example_sensors.py for tasks to queue
[2025-06-12T14:18:33.134+0000] {logging_mixin.py:188} INFO - [2025-06-12T14:18:33.134+0000] {dagbag.py:540} INFO - Filling up the DagBag from /home/airflow/.local/lib/python3.12/site-packages/airflow/example_dags/example_sensors.py
[2025-06-12T14:18:33.150+0000] {processor.py:840} INFO - DAG(s) 'example_sensors' retrieved from /home/airflow/.local/lib/python3.12/site-packages/airflow/example_dags/example_sensors.py
[2025-06-12T14:18:33.209+0000] {logging_mixin.py:188} INFO - [2025-06-12T14:18:33.209+0000] {dag.py:3096} INFO - Sync 1 DAGs
[2025-06-12T14:18:33.225+0000] {logging_mixin.py:188} INFO - [2025-06-12T14:18:33.224+0000] {dag.py:3954} INFO - Setting next_dagrun for example_sensors to None, run_after=None
[2025-06-12T14:18:33.252+0000] {processor.py:183} INFO - Processing /home/airflow/.local/lib/python3.12/site-packages/airflow/example_dags/example_sensors.py took 0.126 seconds
[2025-06-12T14:19:03.568+0000] {processor.py:161} INFO - Started process (PID=116) to work on /home/airflow/.local/lib/python3.12/site-packages/airflow/example_dags/example_sensors.py
[2025-06-12T14:19:03.568+0000] {processor.py:830} INFO - Processing file /home/airflow/.local/lib/python3.12/site-packages/airflow/example_dags/example_sensors.py for tasks to queue
[2025-06-12T14:19:03.569+0000] {logging_mixin.py:188} INFO - [2025-06-12T14:19:03.569+0000] {dagbag.py:540} INFO - Filling up the DagBag from /home/airflow/.local/lib/python3.12/site-packages/airflow/example_dags/example_sensors.py
[2025-06-12T14:19:03.574+0000] {processor.py:840} INFO - DAG(s) 'example_sensors' retrieved from /home/airflow/.local/lib/python3.12/site-packages/airflow/example_dags/example_sensors.py
[2025-06-12T14:19:03.580+0000] {logging_mixin.py:188} INFO - [2025-06-12T14:19:03.580+0000] {dag.py:3096} INFO - Sync 1 DAGs
[2025-06-12T14:19:03.589+0000] {logging_mixin.py:188} INFO - [2025-06-12T14:19:03.589+0000] {dag.py:3954} INFO - Setting next_dagrun for example_sensors to None, run_after=None
[2025-06-12T14:19:03.599+0000] {processor.py:183} INFO - Processing /home/airflow/.local/lib/python3.12/site-packages/airflow/example_dags/example_sensors.py took 0.035 seconds
[2025-06-12T14:19:33.870+0000] {processor.py:161} INFO - Started process (PID=190) to work on /home/airflow/.local/lib/python3.12/site-packages/airflow/example_dags/example_sensors.py
[2025-06-12T14:19:33.871+0000] {processor.py:830} INFO - Processing file /home/airflow/.local/lib/python3.12/site-packages/airflow/example_dags/example_sensors.py for tasks to queue
[2025-06-12T14:19:33.872+0000] {logging_mixin.py:188} INFO - [2025-06-12T14:19:33.872+0000] {dagbag.py:540} INFO - Filling up the DagBag from /home/airflow/.local/lib/python3.12/site-packages/airflow/example_dags/example_sensors.py
[2025-06-12T14:19:33.877+0000] {processor.py:840} INFO - DAG(s) 'example_sensors' retrieved from /home/airflow/.local/lib/python3.12/site-packages/airflow/example_dags/example_sensors.py
[2025-06-12T14:19:33.890+0000] {logging_mixin.py:188} INFO - [2025-06-12T14:19:33.890+0000] {dag.py:3096} INFO - Sync 1 DAGs
[2025-06-12T14:19:33.898+0000] {logging_mixin.py:188} INFO - [2025-06-12T14:19:33.898+0000] {dag.py:3954} INFO - Setting next_dagrun for example_sensors to None, run_after=None
[2025-06-12T14:19:33.917+0000] {processor.py:183} INFO - Processing /home/airflow/.local/lib/python3.12/site-packages/airflow/example_dags/example_sensors.py took 0.050 seconds
[2025-06-12T14:20:04.519+0000] {processor.py:161} INFO - Started process (PID=256) to work on /home/airflow/.local/lib/python3.12/site-packages/airflow/example_dags/example_sensors.py
[2025-06-12T14:20:04.521+0000] {processor.py:830} INFO - Processing file /home/airflow/.local/lib/python3.12/site-packages/airflow/example_dags/example_sensors.py for tasks to queue
[2025-06-12T14:20:04.522+0000] {logging_mixin.py:188} INFO - [2025-06-12T14:20:04.522+0000] {dagbag.py:540} INFO - Filling up the DagBag from /home/airflow/.local/lib/python3.12/site-packages/airflow/example_dags/example_sensors.py
[2025-06-12T14:20:04.526+0000] {processor.py:840} INFO - DAG(s) 'example_sensors' retrieved from /home/airflow/.local/lib/python3.12/site-packages/airflow/example_dags/example_sensors.py
[2025-06-12T14:20:04.577+0000] {logging_mixin.py:188} INFO - [2025-06-12T14:20:04.577+0000] {dag.py:3096} INFO - Sync 1 DAGs
[2025-06-12T14:20:04.585+0000] {logging_mixin.py:188} INFO - [2025-06-12T14:20:04.585+0000] {dag.py:3954} INFO - Setting next_dagrun for example_sensors to None, run_after=None
[2025-06-12T14:20:04.598+0000] {processor.py:183} INFO - Processing /home/airflow/.local/lib/python3.12/site-packages/airflow/example_dags/example_sensors.py took 0.082 seconds
[2025-06-12T14:20:34.625+0000] {processor.py:161} INFO - Started process (PID=331) to work on /home/airflow/.local/lib/python3.12/site-packages/airflow/example_dags/example_sensors.py
[2025-06-12T14:20:34.625+0000] {processor.py:830} INFO - Processing file /home/airflow/.local/lib/python3.12/site-packages/airflow/example_dags/example_sensors.py for tasks to queue
[2025-06-12T14:20:34.626+0000] {logging_mixin.py:188} INFO - [2025-06-12T14:20:34.626+0000] {dagbag.py:540} INFO - Filling up the DagBag from /home/airflow/.local/lib/python3.12/site-packages/airflow/example_dags/example_sensors.py
[2025-06-12T14:20:34.630+0000] {processor.py:840} INFO - DAG(s) 'example_sensors' retrieved from /home/airflow/.local/lib/python3.12/site-packages/airflow/example_dags/example_sensors.py
[2025-06-12T14:20:34.644+0000] {logging_mixin.py:188} INFO - [2025-06-12T14:20:34.644+0000] {dag.py:3096} INFO - Sync 1 DAGs
[2025-06-12T14:20:34.649+0000] {logging_mixin.py:188} INFO - [2025-06-12T14:20:34.649+0000] {dag.py:3954} INFO - Setting next_dagrun for example_sensors to None, run_after=None
[2025-06-12T14:20:34.658+0000] {processor.py:183} INFO - Processing /home/airflow/.local/lib/python3.12/site-packages/airflow/example_dags/example_sensors.py took 0.035 seconds
[2025-06-12T14:21:05.207+0000] {processor.py:161} INFO - Started process (PID=398) to work on /home/airflow/.local/lib/python3.12/site-packages/airflow/example_dags/example_sensors.py
[2025-06-12T14:21:05.208+0000] {processor.py:830} INFO - Processing file /home/airflow/.local/lib/python3.12/site-packages/airflow/example_dags/example_sensors.py for tasks to queue
[2025-06-12T14:21:05.209+0000] {logging_mixin.py:188} INFO - [2025-06-12T14:21:05.209+0000] {dagbag.py:540} INFO - Filling up the DagBag from /home/airflow/.local/lib/python3.12/site-packages/airflow/example_dags/example_sensors.py
[2025-06-12T14:21:05.213+0000] {processor.py:840} INFO - DAG(s) 'example_sensors' retrieved from /home/airflow/.local/lib/python3.12/site-packages/airflow/example_dags/example_sensors.py
[2025-06-12T14:21:05.228+0000] {logging_mixin.py:188} INFO - [2025-06-12T14:21:05.227+0000] {dag.py:3096} INFO - Sync 1 DAGs
[2025-06-12T14:21:05.235+0000] {logging_mixin.py:188} INFO - [2025-06-12T14:21:05.235+0000] {dag.py:3954} INFO - Setting next_dagrun for example_sensors to None, run_after=None
[2025-06-12T14:21:05.245+0000] {processor.py:183} INFO - Processing /home/airflow/.local/lib/python3.12/site-packages/airflow/example_dags/example_sensors.py took 0.040 seconds
[2025-06-12T14:21:35.496+0000] {processor.py:161} INFO - Started process (PID=471) to work on /home/airflow/.local/lib/python3.12/site-packages/airflow/example_dags/example_sensors.py
[2025-06-12T14:21:35.497+0000] {processor.py:830} INFO - Processing file /home/airflow/.local/lib/python3.12/site-packages/airflow/example_dags/example_sensors.py for tasks to queue
[2025-06-12T14:21:35.498+0000] {logging_mixin.py:188} INFO - [2025-06-12T14:21:35.497+0000] {dagbag.py:540} INFO - Filling up the DagBag from /home/airflow/.local/lib/python3.12/site-packages/airflow/example_dags/example_sensors.py
[2025-06-12T14:21:35.502+0000] {processor.py:840} INFO - DAG(s) 'example_sensors' retrieved from /home/airflow/.local/lib/python3.12/site-packages/airflow/example_dags/example_sensors.py
[2025-06-12T14:21:35.515+0000] {logging_mixin.py:188} INFO - [2025-06-12T14:21:35.515+0000] {dag.py:3096} INFO - Sync 1 DAGs
[2025-06-12T14:21:35.521+0000] {logging_mixin.py:188} INFO - [2025-06-12T14:21:35.521+0000] {dag.py:3954} INFO - Setting next_dagrun for example_sensors to None, run_after=None
[2025-06-12T14:21:35.533+0000] {processor.py:183} INFO - Processing /home/airflow/.local/lib/python3.12/site-packages/airflow/example_dags/example_sensors.py took 0.040 seconds
[2025-06-12T14:22:05.839+0000] {processor.py:161} INFO - Started process (PID=545) to work on /home/airflow/.local/lib/python3.12/site-packages/airflow/example_dags/example_sensors.py
[2025-06-12T14:22:05.839+0000] {processor.py:830} INFO - Processing file /home/airflow/.local/lib/python3.12/site-packages/airflow/example_dags/example_sensors.py for tasks to queue
[2025-06-12T14:22:05.840+0000] {logging_mixin.py:188} INFO - [2025-06-12T14:22:05.840+0000] {dagbag.py:540} INFO - Filling up the DagBag from /home/airflow/.local/lib/python3.12/site-packages/airflow/example_dags/example_sensors.py
[2025-06-12T14:22:05.843+0000] {processor.py:840} INFO - DAG(s) 'example_sensors' retrieved from /home/airflow/.local/lib/python3.12/site-packages/airflow/example_dags/example_sensors.py
[2025-06-12T14:22:05.855+0000] {logging_mixin.py:188} INFO - [2025-06-12T14:22:05.855+0000] {dag.py:3096} INFO - Sync 1 DAGs
[2025-06-12T14:22:05.859+0000] {logging_mixin.py:188} INFO - [2025-06-12T14:22:05.859+0000] {dag.py:3954} INFO - Setting next_dagrun for example_sensors to None, run_after=None
[2025-06-12T14:22:05.866+0000] {processor.py:183} INFO - Processing /home/airflow/.local/lib/python3.12/site-packages/airflow/example_dags/example_sensors.py took 0.029 seconds
[2025-06-12T14:22:35.983+0000] {processor.py:161} INFO - Started process (PID=612) to work on /home/airflow/.local/lib/python3.12/site-packages/airflow/example_dags/example_sensors.py
[2025-06-12T14:22:35.983+0000] {processor.py:830} INFO - Processing file /home/airflow/.local/lib/python3.12/site-packages/airflow/example_dags/example_sensors.py for tasks to queue
[2025-06-12T14:22:35.984+0000] {logging_mixin.py:188} INFO - [2025-06-12T14:22:35.984+0000] {dagbag.py:540} INFO - Filling up the DagBag from /home/airflow/.local/lib/python3.12/site-packages/airflow/example_dags/example_sensors.py
[2025-06-12T14:22:35.989+0000] {processor.py:840} INFO - DAG(s) 'example_sensors' retrieved from /home/airflow/.local/lib/python3.12/site-packages/airflow/example_dags/example_sensors.py
[2025-06-12T14:22:36.003+0000] {logging_mixin.py:188} INFO - [2025-06-12T14:22:36.002+0000] {dag.py:3096} INFO - Sync 1 DAGs
[2025-06-12T14:22:36.010+0000] {logging_mixin.py:188} INFO - [2025-06-12T14:22:36.010+0000] {dag.py:3954} INFO - Setting next_dagrun for example_sensors to None, run_after=None
[2025-06-12T14:22:36.018+0000] {processor.py:183} INFO - Processing /home/airflow/.local/lib/python3.12/site-packages/airflow/example_dags/example_sensors.py took 0.038 seconds
[2025-06-12T14:23:06.036+0000] {processor.py:161} INFO - Started process (PID=685) to work on /home/airflow/.local/lib/python3.12/site-packages/airflow/example_dags/example_sensors.py
[2025-06-12T14:23:06.038+0000] {processor.py:830} INFO - Processing file /home/airflow/.local/lib/python3.12/site-packages/airflow/example_dags/example_sensors.py for tasks to queue
[2025-06-12T14:23:06.040+0000] {logging_mixin.py:188} INFO - [2025-06-12T14:23:06.040+0000] {dagbag.py:540} INFO - Filling up the DagBag from /home/airflow/.local/lib/python3.12/site-packages/airflow/example_dags/example_sensors.py
[2025-06-12T14:23:06.043+0000] {processor.py:840} INFO - DAG(s) 'example_sensors' retrieved from /home/airflow/.local/lib/python3.12/site-packages/airflow/example_dags/example_sensors.py
[2025-06-12T14:23:06.057+0000] {logging_mixin.py:188} INFO - [2025-06-12T14:23:06.057+0000] {dag.py:3096} INFO - Sync 1 DAGs
[2025-06-12T14:23:06.063+0000] {logging_mixin.py:188} INFO - [2025-06-12T14:23:06.063+0000] {dag.py:3954} INFO - Setting next_dagrun for example_sensors to None, run_after=None
[2025-06-12T14:23:06.074+0000] {processor.py:183} INFO - Processing /home/airflow/.local/lib/python3.12/site-packages/airflow/example_dags/example_sensors.py took 0.041 seconds
[2025-06-12T14:23:36.184+0000] {processor.py:161} INFO - Started process (PID=752) to work on /home/airflow/.local/lib/python3.12/site-packages/airflow/example_dags/example_sensors.py
[2025-06-12T14:23:36.185+0000] {processor.py:830} INFO - Processing file /home/airflow/.local/lib/python3.12/site-packages/airflow/example_dags/example_sensors.py for tasks to queue
[2025-06-12T14:23:36.186+0000] {logging_mixin.py:188} INFO - [2025-06-12T14:23:36.186+0000] {dagbag.py:540} INFO - Filling up the DagBag from /home/airflow/.local/lib/python3.12/site-packages/airflow/example_dags/example_sensors.py
[2025-06-12T14:23:36.190+0000] {processor.py:840} INFO - DAG(s) 'example_sensors' retrieved from /home/airflow/.local/lib/python3.12/site-packages/airflow/example_dags/example_sensors.py
[2025-06-12T14:23:36.208+0000] {logging_mixin.py:188} INFO - [2025-06-12T14:23:36.207+0000] {dag.py:3096} INFO - Sync 1 DAGs
[2025-06-12T14:23:36.214+0000] {logging_mixin.py:188} INFO - [2025-06-12T14:23:36.213+0000] {dag.py:3954} INFO - Setting next_dagrun for example_sensors to None, run_after=None
[2025-06-12T14:23:36.223+0000] {processor.py:183} INFO - Processing /home/airflow/.local/lib/python3.12/site-packages/airflow/example_dags/example_sensors.py took 0.043 seconds
[2025-06-12T14:24:06.846+0000] {processor.py:161} INFO - Started process (PID=826) to work on /home/airflow/.local/lib/python3.12/site-packages/airflow/example_dags/example_sensors.py
[2025-06-12T14:24:06.847+0000] {processor.py:830} INFO - Processing file /home/airflow/.local/lib/python3.12/site-packages/airflow/example_dags/example_sensors.py for tasks to queue
[2025-06-12T14:24:06.848+0000] {logging_mixin.py:188} INFO - [2025-06-12T14:24:06.848+0000] {dagbag.py:540} INFO - Filling up the DagBag from /home/airflow/.local/lib/python3.12/site-packages/airflow/example_dags/example_sensors.py
[2025-06-12T14:24:06.854+0000] {processor.py:840} INFO - DAG(s) 'example_sensors' retrieved from /home/airflow/.local/lib/python3.12/site-packages/airflow/example_dags/example_sensors.py
[2025-06-12T14:24:06.870+0000] {logging_mixin.py:188} INFO - [2025-06-12T14:24:06.870+0000] {dag.py:3096} INFO - Sync 1 DAGs
[2025-06-12T14:24:06.875+0000] {logging_mixin.py:188} INFO - [2025-06-12T14:24:06.875+0000] {dag.py:3954} INFO - Setting next_dagrun for example_sensors to None, run_after=None
[2025-06-12T14:24:06.887+0000] {processor.py:183} INFO - Processing /home/airflow/.local/lib/python3.12/site-packages/airflow/example_dags/example_sensors.py took 0.044 seconds
[2025-06-12T14:24:37.740+0000] {processor.py:161} INFO - Started process (PID=900) to work on /home/airflow/.local/lib/python3.12/site-packages/airflow/example_dags/example_sensors.py
[2025-06-12T14:24:37.742+0000] {processor.py:830} INFO - Processing file /home/airflow/.local/lib/python3.12/site-packages/airflow/example_dags/example_sensors.py for tasks to queue
[2025-06-12T14:24:37.743+0000] {logging_mixin.py:188} INFO - [2025-06-12T14:24:37.742+0000] {dagbag.py:540} INFO - Filling up the DagBag from /home/airflow/.local/lib/python3.12/site-packages/airflow/example_dags/example_sensors.py
[2025-06-12T14:24:37.747+0000] {processor.py:840} INFO - DAG(s) 'example_sensors' retrieved from /home/airflow/.local/lib/python3.12/site-packages/airflow/example_dags/example_sensors.py
[2025-06-12T14:24:37.759+0000] {logging_mixin.py:188} INFO - [2025-06-12T14:24:37.758+0000] {dag.py:3096} INFO - Sync 1 DAGs
[2025-06-12T14:24:37.764+0000] {logging_mixin.py:188} INFO - [2025-06-12T14:24:37.763+0000] {dag.py:3954} INFO - Setting next_dagrun for example_sensors to None, run_after=None
[2025-06-12T14:24:37.771+0000] {processor.py:183} INFO - Processing /home/airflow/.local/lib/python3.12/site-packages/airflow/example_dags/example_sensors.py took 0.034 seconds
[2025-06-12T14:25:08.045+0000] {processor.py:161} INFO - Started process (PID=967) to work on /home/airflow/.local/lib/python3.12/site-packages/airflow/example_dags/example_sensors.py
[2025-06-12T14:25:08.047+0000] {processor.py:830} INFO - Processing file /home/airflow/.local/lib/python3.12/site-packages/airflow/example_dags/example_sensors.py for tasks to queue
[2025-06-12T14:25:08.048+0000] {logging_mixin.py:188} INFO - [2025-06-12T14:25:08.048+0000] {dagbag.py:540} INFO - Filling up the DagBag from /home/airflow/.local/lib/python3.12/site-packages/airflow/example_dags/example_sensors.py
[2025-06-12T14:25:08.052+0000] {processor.py:840} INFO - DAG(s) 'example_sensors' retrieved from /home/airflow/.local/lib/python3.12/site-packages/airflow/example_dags/example_sensors.py
[2025-06-12T14:25:08.068+0000] {logging_mixin.py:188} INFO - [2025-06-12T14:25:08.068+0000] {dag.py:3096} INFO - Sync 1 DAGs
[2025-06-12T14:25:08.073+0000] {logging_mixin.py:188} INFO - [2025-06-12T14:25:08.073+0000] {dag.py:3954} INFO - Setting next_dagrun for example_sensors to None, run_after=None
[2025-06-12T14:25:08.084+0000] {processor.py:183} INFO - Processing /home/airflow/.local/lib/python3.12/site-packages/airflow/example_dags/example_sensors.py took 0.041 seconds
[2025-06-12T14:25:38.454+0000] {processor.py:161} INFO - Started process (PID=1041) to work on /home/airflow/.local/lib/python3.12/site-packages/airflow/example_dags/example_sensors.py
[2025-06-12T14:25:38.455+0000] {processor.py:830} INFO - Processing file /home/airflow/.local/lib/python3.12/site-packages/airflow/example_dags/example_sensors.py for tasks to queue
[2025-06-12T14:25:38.459+0000] {logging_mixin.py:188} INFO - [2025-06-12T14:25:38.458+0000] {dagbag.py:540} INFO - Filling up the DagBag from /home/airflow/.local/lib/python3.12/site-packages/airflow/example_dags/example_sensors.py
[2025-06-12T14:25:38.468+0000] {processor.py:840} INFO - DAG(s) 'example_sensors' retrieved from /home/airflow/.local/lib/python3.12/site-packages/airflow/example_dags/example_sensors.py
[2025-06-12T14:25:38.505+0000] {logging_mixin.py:188} INFO - [2025-06-12T14:25:38.505+0000] {dag.py:3096} INFO - Sync 1 DAGs
[2025-06-12T14:25:38.525+0000] {logging_mixin.py:188} INFO - [2025-06-12T14:25:38.525+0000] {dag.py:3954} INFO - Setting next_dagrun for example_sensors to None, run_after=None
[2025-06-12T14:25:38.564+0000] {processor.py:183} INFO - Processing /home/airflow/.local/lib/python3.12/site-packages/airflow/example_dags/example_sensors.py took 0.118 seconds
[2025-06-12T14:26:09.543+0000] {processor.py:161} INFO - Started process (PID=1115) to work on /home/airflow/.local/lib/python3.12/site-packages/airflow/example_dags/example_sensors.py
[2025-06-12T14:26:09.548+0000] {processor.py:830} INFO - Processing file /home/airflow/.local/lib/python3.12/site-packages/airflow/example_dags/example_sensors.py for tasks to queue
[2025-06-12T14:26:09.552+0000] {logging_mixin.py:188} INFO - [2025-06-12T14:26:09.551+0000] {dagbag.py:540} INFO - Filling up the DagBag from /home/airflow/.local/lib/python3.12/site-packages/airflow/example_dags/example_sensors.py
[2025-06-12T14:26:09.561+0000] {processor.py:840} INFO - DAG(s) 'example_sensors' retrieved from /home/airflow/.local/lib/python3.12/site-packages/airflow/example_dags/example_sensors.py
[2025-06-12T14:26:09.585+0000] {logging_mixin.py:188} INFO - [2025-06-12T14:26:09.585+0000] {dag.py:3096} INFO - Sync 1 DAGs
[2025-06-12T14:26:09.600+0000] {logging_mixin.py:188} INFO - [2025-06-12T14:26:09.600+0000] {dag.py:3954} INFO - Setting next_dagrun for example_sensors to None, run_after=None
[2025-06-12T14:26:09.621+0000] {processor.py:183} INFO - Processing /home/airflow/.local/lib/python3.12/site-packages/airflow/example_dags/example_sensors.py took 0.084 seconds
[2025-06-12T14:26:40.476+0000] {processor.py:161} INFO - Started process (PID=1182) to work on /home/airflow/.local/lib/python3.12/site-packages/airflow/example_dags/example_sensors.py
[2025-06-12T14:26:40.477+0000] {processor.py:830} INFO - Processing file /home/airflow/.local/lib/python3.12/site-packages/airflow/example_dags/example_sensors.py for tasks to queue
[2025-06-12T14:26:40.479+0000] {logging_mixin.py:188} INFO - [2025-06-12T14:26:40.479+0000] {dagbag.py:540} INFO - Filling up the DagBag from /home/airflow/.local/lib/python3.12/site-packages/airflow/example_dags/example_sensors.py
[2025-06-12T14:26:40.485+0000] {processor.py:840} INFO - DAG(s) 'example_sensors' retrieved from /home/airflow/.local/lib/python3.12/site-packages/airflow/example_dags/example_sensors.py
[2025-06-12T14:26:40.506+0000] {logging_mixin.py:188} INFO - [2025-06-12T14:26:40.506+0000] {dag.py:3096} INFO - Sync 1 DAGs
[2025-06-12T14:26:40.514+0000] {logging_mixin.py:188} INFO - [2025-06-12T14:26:40.514+0000] {dag.py:3954} INFO - Setting next_dagrun for example_sensors to None, run_after=None
[2025-06-12T14:26:40.526+0000] {processor.py:183} INFO - Processing /home/airflow/.local/lib/python3.12/site-packages/airflow/example_dags/example_sensors.py took 0.055 seconds
[2025-06-12T14:27:11.129+0000] {processor.py:161} INFO - Started process (PID=1256) to work on /home/airflow/.local/lib/python3.12/site-packages/airflow/example_dags/example_sensors.py
[2025-06-12T14:27:11.136+0000] {processor.py:830} INFO - Processing file /home/airflow/.local/lib/python3.12/site-packages/airflow/example_dags/example_sensors.py for tasks to queue
[2025-06-12T14:27:11.138+0000] {logging_mixin.py:188} INFO - [2025-06-12T14:27:11.138+0000] {dagbag.py:540} INFO - Filling up the DagBag from /home/airflow/.local/lib/python3.12/site-packages/airflow/example_dags/example_sensors.py
[2025-06-12T14:27:11.149+0000] {processor.py:840} INFO - DAG(s) 'example_sensors' retrieved from /home/airflow/.local/lib/python3.12/site-packages/airflow/example_dags/example_sensors.py
[2025-06-12T14:27:11.171+0000] {logging_mixin.py:188} INFO - [2025-06-12T14:27:11.171+0000] {dag.py:3096} INFO - Sync 1 DAGs
[2025-06-12T14:27:11.306+0000] {logging_mixin.py:188} INFO - [2025-06-12T14:27:11.306+0000] {dag.py:3954} INFO - Setting next_dagrun for example_sensors to None, run_after=None
[2025-06-12T14:27:11.316+0000] {processor.py:183} INFO - Processing /home/airflow/.local/lib/python3.12/site-packages/airflow/example_dags/example_sensors.py took 0.194 seconds
[2025-06-12T14:27:41.345+0000] {processor.py:161} INFO - Started process (PID=1330) to work on /home/airflow/.local/lib/python3.12/site-packages/airflow/example_dags/example_sensors.py
[2025-06-12T14:27:41.347+0000] {processor.py:830} INFO - Processing file /home/airflow/.local/lib/python3.12/site-packages/airflow/example_dags/example_sensors.py for tasks to queue
[2025-06-12T14:27:41.348+0000] {logging_mixin.py:188} INFO - [2025-06-12T14:27:41.348+0000] {dagbag.py:540} INFO - Filling up the DagBag from /home/airflow/.local/lib/python3.12/site-packages/airflow/example_dags/example_sensors.py
[2025-06-12T14:27:41.354+0000] {processor.py:840} INFO - DAG(s) 'example_sensors' retrieved from /home/airflow/.local/lib/python3.12/site-packages/airflow/example_dags/example_sensors.py
[2025-06-12T14:27:41.373+0000] {logging_mixin.py:188} INFO - [2025-06-12T14:27:41.373+0000] {dag.py:3096} INFO - Sync 1 DAGs
[2025-06-12T14:27:41.380+0000] {logging_mixin.py:188} INFO - [2025-06-12T14:27:41.380+0000] {dag.py:3954} INFO - Setting next_dagrun for example_sensors to None, run_after=None
[2025-06-12T14:27:41.541+0000] {processor.py:183} INFO - Processing /home/airflow/.local/lib/python3.12/site-packages/airflow/example_dags/example_sensors.py took 0.201 seconds
[2025-06-12T14:28:11.899+0000] {processor.py:161} INFO - Started process (PID=1397) to work on /home/airflow/.local/lib/python3.12/site-packages/airflow/example_dags/example_sensors.py
[2025-06-12T14:28:11.900+0000] {processor.py:830} INFO - Processing file /home/airflow/.local/lib/python3.12/site-packages/airflow/example_dags/example_sensors.py for tasks to queue
[2025-06-12T14:28:11.902+0000] {logging_mixin.py:188} INFO - [2025-06-12T14:28:11.901+0000] {dagbag.py:540} INFO - Filling up the DagBag from /home/airflow/.local/lib/python3.12/site-packages/airflow/example_dags/example_sensors.py
[2025-06-12T14:28:11.908+0000] {processor.py:840} INFO - DAG(s) 'example_sensors' retrieved from /home/airflow/.local/lib/python3.12/site-packages/airflow/example_dags/example_sensors.py
[2025-06-12T14:28:11.927+0000] {logging_mixin.py:188} INFO - [2025-06-12T14:28:11.927+0000] {dag.py:3096} INFO - Sync 1 DAGs
[2025-06-12T14:28:11.935+0000] {logging_mixin.py:188} INFO - [2025-06-12T14:28:11.935+0000] {dag.py:3954} INFO - Setting next_dagrun for example_sensors to None, run_after=None
[2025-06-12T14:28:11.947+0000] {processor.py:183} INFO - Processing /home/airflow/.local/lib/python3.12/site-packages/airflow/example_dags/example_sensors.py took 0.054 seconds
[2025-06-12T14:35:50.850+0000] {processor.py:161} INFO - Started process (PID=49) to work on /home/airflow/.local/lib/python3.12/site-packages/airflow/example_dags/example_sensors.py
[2025-06-12T14:35:50.850+0000] {processor.py:830} INFO - Processing file /home/airflow/.local/lib/python3.12/site-packages/airflow/example_dags/example_sensors.py for tasks to queue
[2025-06-12T14:35:50.851+0000] {logging_mixin.py:188} INFO - [2025-06-12T14:35:50.851+0000] {dagbag.py:540} INFO - Filling up the DagBag from /home/airflow/.local/lib/python3.12/site-packages/airflow/example_dags/example_sensors.py
[2025-06-12T14:35:50.860+0000] {processor.py:840} INFO - DAG(s) 'example_sensors' retrieved from /home/airflow/.local/lib/python3.12/site-packages/airflow/example_dags/example_sensors.py
[2025-06-12T14:35:50.876+0000] {logging_mixin.py:188} INFO - [2025-06-12T14:35:50.876+0000] {dag.py:3096} INFO - Sync 1 DAGs
[2025-06-12T14:35:50.886+0000] {logging_mixin.py:188} INFO - [2025-06-12T14:35:50.886+0000] {dag.py:3954} INFO - Setting next_dagrun for example_sensors to None, run_after=None
[2025-06-12T14:35:50.912+0000] {processor.py:183} INFO - Processing /home/airflow/.local/lib/python3.12/site-packages/airflow/example_dags/example_sensors.py took 0.065 seconds
[2025-06-12T14:36:21.322+0000] {processor.py:161} INFO - Started process (PID=116) to work on /home/airflow/.local/lib/python3.12/site-packages/airflow/example_dags/example_sensors.py
[2025-06-12T14:36:21.323+0000] {processor.py:830} INFO - Processing file /home/airflow/.local/lib/python3.12/site-packages/airflow/example_dags/example_sensors.py for tasks to queue
[2025-06-12T14:36:21.326+0000] {logging_mixin.py:188} INFO - [2025-06-12T14:36:21.326+0000] {dagbag.py:540} INFO - Filling up the DagBag from /home/airflow/.local/lib/python3.12/site-packages/airflow/example_dags/example_sensors.py
[2025-06-12T14:36:21.332+0000] {processor.py:840} INFO - DAG(s) 'example_sensors' retrieved from /home/airflow/.local/lib/python3.12/site-packages/airflow/example_dags/example_sensors.py
[2025-06-12T14:36:21.410+0000] {logging_mixin.py:188} INFO - [2025-06-12T14:36:21.410+0000] {dag.py:3096} INFO - Sync 1 DAGs
[2025-06-12T14:36:21.417+0000] {logging_mixin.py:188} INFO - [2025-06-12T14:36:21.417+0000] {dag.py:3954} INFO - Setting next_dagrun for example_sensors to None, run_after=None
[2025-06-12T14:36:21.433+0000] {processor.py:183} INFO - Processing /home/airflow/.local/lib/python3.12/site-packages/airflow/example_dags/example_sensors.py took 0.115 seconds
[2025-06-12T14:36:51.643+0000] {processor.py:161} INFO - Started process (PID=189) to work on /home/airflow/.local/lib/python3.12/site-packages/airflow/example_dags/example_sensors.py
[2025-06-12T14:36:51.644+0000] {processor.py:830} INFO - Processing file /home/airflow/.local/lib/python3.12/site-packages/airflow/example_dags/example_sensors.py for tasks to queue
[2025-06-12T14:36:51.644+0000] {logging_mixin.py:188} INFO - [2025-06-12T14:36:51.644+0000] {dagbag.py:540} INFO - Filling up the DagBag from /home/airflow/.local/lib/python3.12/site-packages/airflow/example_dags/example_sensors.py
[2025-06-12T14:36:51.648+0000] {processor.py:840} INFO - DAG(s) 'example_sensors' retrieved from /home/airflow/.local/lib/python3.12/site-packages/airflow/example_dags/example_sensors.py
[2025-06-12T14:36:51.662+0000] {logging_mixin.py:188} INFO - [2025-06-12T14:36:51.662+0000] {dag.py:3096} INFO - Sync 1 DAGs
[2025-06-12T14:36:51.667+0000] {logging_mixin.py:188} INFO - [2025-06-12T14:36:51.667+0000] {dag.py:3954} INFO - Setting next_dagrun for example_sensors to None, run_after=None
[2025-06-12T14:36:51.674+0000] {processor.py:183} INFO - Processing /home/airflow/.local/lib/python3.12/site-packages/airflow/example_dags/example_sensors.py took 0.033 seconds
[2025-06-12T14:37:22.605+0000] {processor.py:161} INFO - Started process (PID=256) to work on /home/airflow/.local/lib/python3.12/site-packages/airflow/example_dags/example_sensors.py
[2025-06-12T14:37:22.611+0000] {processor.py:830} INFO - Processing file /home/airflow/.local/lib/python3.12/site-packages/airflow/example_dags/example_sensors.py for tasks to queue
[2025-06-12T14:37:22.612+0000] {logging_mixin.py:188} INFO - [2025-06-12T14:37:22.612+0000] {dagbag.py:540} INFO - Filling up the DagBag from /home/airflow/.local/lib/python3.12/site-packages/airflow/example_dags/example_sensors.py
[2025-06-12T14:37:22.620+0000] {processor.py:840} INFO - DAG(s) 'example_sensors' retrieved from /home/airflow/.local/lib/python3.12/site-packages/airflow/example_dags/example_sensors.py
[2025-06-12T14:37:22.648+0000] {logging_mixin.py:188} INFO - [2025-06-12T14:37:22.648+0000] {dag.py:3096} INFO - Sync 1 DAGs
[2025-06-12T14:37:22.659+0000] {logging_mixin.py:188} INFO - [2025-06-12T14:37:22.658+0000] {dag.py:3954} INFO - Setting next_dagrun for example_sensors to None, run_after=None
[2025-06-12T14:37:22.666+0000] {processor.py:183} INFO - Processing /home/airflow/.local/lib/python3.12/site-packages/airflow/example_dags/example_sensors.py took 0.065 seconds
[2025-06-12T14:37:53.466+0000] {processor.py:161} INFO - Started process (PID=330) to work on /home/airflow/.local/lib/python3.12/site-packages/airflow/example_dags/example_sensors.py
[2025-06-12T14:37:53.466+0000] {processor.py:830} INFO - Processing file /home/airflow/.local/lib/python3.12/site-packages/airflow/example_dags/example_sensors.py for tasks to queue
[2025-06-12T14:37:53.467+0000] {logging_mixin.py:188} INFO - [2025-06-12T14:37:53.467+0000] {dagbag.py:540} INFO - Filling up the DagBag from /home/airflow/.local/lib/python3.12/site-packages/airflow/example_dags/example_sensors.py
[2025-06-12T14:37:53.470+0000] {processor.py:840} INFO - DAG(s) 'example_sensors' retrieved from /home/airflow/.local/lib/python3.12/site-packages/airflow/example_dags/example_sensors.py
[2025-06-12T14:37:53.481+0000] {logging_mixin.py:188} INFO - [2025-06-12T14:37:53.481+0000] {dag.py:3096} INFO - Sync 1 DAGs
[2025-06-12T14:37:53.486+0000] {logging_mixin.py:188} INFO - [2025-06-12T14:37:53.486+0000] {dag.py:3954} INFO - Setting next_dagrun for example_sensors to None, run_after=None
[2025-06-12T14:37:53.496+0000] {processor.py:183} INFO - Processing /home/airflow/.local/lib/python3.12/site-packages/airflow/example_dags/example_sensors.py took 0.032 seconds
[2025-06-12T14:38:24.107+0000] {processor.py:161} INFO - Started process (PID=405) to work on /home/airflow/.local/lib/python3.12/site-packages/airflow/example_dags/example_sensors.py
[2025-06-12T14:38:24.110+0000] {processor.py:830} INFO - Processing file /home/airflow/.local/lib/python3.12/site-packages/airflow/example_dags/example_sensors.py for tasks to queue
[2025-06-12T14:38:24.111+0000] {logging_mixin.py:188} INFO - [2025-06-12T14:38:24.111+0000] {dagbag.py:540} INFO - Filling up the DagBag from /home/airflow/.local/lib/python3.12/site-packages/airflow/example_dags/example_sensors.py
[2025-06-12T14:38:24.115+0000] {processor.py:840} INFO - DAG(s) 'example_sensors' retrieved from /home/airflow/.local/lib/python3.12/site-packages/airflow/example_dags/example_sensors.py
[2025-06-12T14:38:24.127+0000] {logging_mixin.py:188} INFO - [2025-06-12T14:38:24.126+0000] {dag.py:3096} INFO - Sync 1 DAGs
[2025-06-12T14:38:24.132+0000] {logging_mixin.py:188} INFO - [2025-06-12T14:38:24.132+0000] {dag.py:3954} INFO - Setting next_dagrun for example_sensors to None, run_after=None
[2025-06-12T14:38:24.139+0000] {processor.py:183} INFO - Processing /home/airflow/.local/lib/python3.12/site-packages/airflow/example_dags/example_sensors.py took 0.034 seconds
[2025-06-12T14:38:54.221+0000] {processor.py:161} INFO - Started process (PID=472) to work on /home/airflow/.local/lib/python3.12/site-packages/airflow/example_dags/example_sensors.py
[2025-06-12T14:38:54.221+0000] {processor.py:830} INFO - Processing file /home/airflow/.local/lib/python3.12/site-packages/airflow/example_dags/example_sensors.py for tasks to queue
[2025-06-12T14:38:54.222+0000] {logging_mixin.py:188} INFO - [2025-06-12T14:38:54.222+0000] {dagbag.py:540} INFO - Filling up the DagBag from /home/airflow/.local/lib/python3.12/site-packages/airflow/example_dags/example_sensors.py
[2025-06-12T14:38:54.227+0000] {processor.py:840} INFO - DAG(s) 'example_sensors' retrieved from /home/airflow/.local/lib/python3.12/site-packages/airflow/example_dags/example_sensors.py
[2025-06-12T14:38:54.244+0000] {logging_mixin.py:188} INFO - [2025-06-12T14:38:54.244+0000] {dag.py:3096} INFO - Sync 1 DAGs
[2025-06-12T14:38:54.252+0000] {logging_mixin.py:188} INFO - [2025-06-12T14:38:54.252+0000] {dag.py:3954} INFO - Setting next_dagrun for example_sensors to None, run_after=None
[2025-06-12T14:38:54.261+0000] {processor.py:183} INFO - Processing /home/airflow/.local/lib/python3.12/site-packages/airflow/example_dags/example_sensors.py took 0.043 seconds
[2025-06-12T14:39:24.626+0000] {processor.py:161} INFO - Started process (PID=545) to work on /home/airflow/.local/lib/python3.12/site-packages/airflow/example_dags/example_sensors.py
[2025-06-12T14:39:24.627+0000] {processor.py:830} INFO - Processing file /home/airflow/.local/lib/python3.12/site-packages/airflow/example_dags/example_sensors.py for tasks to queue
[2025-06-12T14:39:24.628+0000] {logging_mixin.py:188} INFO - [2025-06-12T14:39:24.628+0000] {dagbag.py:540} INFO - Filling up the DagBag from /home/airflow/.local/lib/python3.12/site-packages/airflow/example_dags/example_sensors.py
[2025-06-12T14:39:24.632+0000] {processor.py:840} INFO - DAG(s) 'example_sensors' retrieved from /home/airflow/.local/lib/python3.12/site-packages/airflow/example_dags/example_sensors.py
[2025-06-12T14:39:24.648+0000] {logging_mixin.py:188} INFO - [2025-06-12T14:39:24.648+0000] {dag.py:3096} INFO - Sync 1 DAGs
[2025-06-12T14:39:24.654+0000] {logging_mixin.py:188} INFO - [2025-06-12T14:39:24.654+0000] {dag.py:3954} INFO - Setting next_dagrun for example_sensors to None, run_after=None
[2025-06-12T14:39:24.661+0000] {processor.py:183} INFO - Processing /home/airflow/.local/lib/python3.12/site-packages/airflow/example_dags/example_sensors.py took 0.037 seconds
[2025-06-12T14:46:30.364+0000] {processor.py:161} INFO - Started process (PID=51) to work on /home/airflow/.local/lib/python3.12/site-packages/airflow/example_dags/example_sensors.py
[2025-06-12T14:46:30.366+0000] {processor.py:830} INFO - Processing file /home/airflow/.local/lib/python3.12/site-packages/airflow/example_dags/example_sensors.py for tasks to queue
[2025-06-12T14:46:30.374+0000] {logging_mixin.py:188} INFO - [2025-06-12T14:46:30.373+0000] {dagbag.py:540} INFO - Filling up the DagBag from /home/airflow/.local/lib/python3.12/site-packages/airflow/example_dags/example_sensors.py
[2025-06-12T14:46:30.400+0000] {processor.py:840} INFO - DAG(s) 'example_sensors' retrieved from /home/airflow/.local/lib/python3.12/site-packages/airflow/example_dags/example_sensors.py
[2025-06-12T14:46:30.440+0000] {logging_mixin.py:188} INFO - [2025-06-12T14:46:30.439+0000] {dag.py:3096} INFO - Sync 1 DAGs
[2025-06-12T14:46:30.537+0000] {logging_mixin.py:188} INFO - [2025-06-12T14:46:30.537+0000] {dag.py:3954} INFO - Setting next_dagrun for example_sensors to None, run_after=None
[2025-06-12T14:46:30.587+0000] {processor.py:183} INFO - Processing /home/airflow/.local/lib/python3.12/site-packages/airflow/example_dags/example_sensors.py took 0.238 seconds
[2025-06-12T14:47:00.678+0000] {processor.py:161} INFO - Started process (PID=118) to work on /home/airflow/.local/lib/python3.12/site-packages/airflow/example_dags/example_sensors.py
[2025-06-12T14:47:00.680+0000] {processor.py:830} INFO - Processing file /home/airflow/.local/lib/python3.12/site-packages/airflow/example_dags/example_sensors.py for tasks to queue
[2025-06-12T14:47:00.680+0000] {logging_mixin.py:188} INFO - [2025-06-12T14:47:00.680+0000] {dagbag.py:540} INFO - Filling up the DagBag from /home/airflow/.local/lib/python3.12/site-packages/airflow/example_dags/example_sensors.py
[2025-06-12T14:47:00.685+0000] {processor.py:840} INFO - DAG(s) 'example_sensors' retrieved from /home/airflow/.local/lib/python3.12/site-packages/airflow/example_dags/example_sensors.py
[2025-06-12T14:47:00.745+0000] {logging_mixin.py:188} INFO - [2025-06-12T14:47:00.745+0000] {dag.py:3096} INFO - Sync 1 DAGs
[2025-06-12T14:47:00.749+0000] {logging_mixin.py:188} INFO - [2025-06-12T14:47:00.749+0000] {dag.py:3954} INFO - Setting next_dagrun for example_sensors to None, run_after=None
[2025-06-12T14:47:00.762+0000] {processor.py:183} INFO - Processing /home/airflow/.local/lib/python3.12/site-packages/airflow/example_dags/example_sensors.py took 0.086 seconds
[2025-06-12T14:47:31.428+0000] {processor.py:161} INFO - Started process (PID=191) to work on /home/airflow/.local/lib/python3.12/site-packages/airflow/example_dags/example_sensors.py
[2025-06-12T14:47:31.430+0000] {processor.py:830} INFO - Processing file /home/airflow/.local/lib/python3.12/site-packages/airflow/example_dags/example_sensors.py for tasks to queue
[2025-06-12T14:47:31.432+0000] {logging_mixin.py:188} INFO - [2025-06-12T14:47:31.432+0000] {dagbag.py:540} INFO - Filling up the DagBag from /home/airflow/.local/lib/python3.12/site-packages/airflow/example_dags/example_sensors.py
[2025-06-12T14:47:31.439+0000] {processor.py:840} INFO - DAG(s) 'example_sensors' retrieved from /home/airflow/.local/lib/python3.12/site-packages/airflow/example_dags/example_sensors.py
[2025-06-12T14:47:31.461+0000] {logging_mixin.py:188} INFO - [2025-06-12T14:47:31.461+0000] {dag.py:3096} INFO - Sync 1 DAGs
[2025-06-12T14:47:31.469+0000] {logging_mixin.py:188} INFO - [2025-06-12T14:47:31.469+0000] {dag.py:3954} INFO - Setting next_dagrun for example_sensors to None, run_after=None
[2025-06-12T14:47:31.499+0000] {processor.py:183} INFO - Processing /home/airflow/.local/lib/python3.12/site-packages/airflow/example_dags/example_sensors.py took 0.075 seconds
[2025-06-12T14:48:01.693+0000] {processor.py:161} INFO - Started process (PID=258) to work on /home/airflow/.local/lib/python3.12/site-packages/airflow/example_dags/example_sensors.py
[2025-06-12T14:48:01.694+0000] {processor.py:830} INFO - Processing file /home/airflow/.local/lib/python3.12/site-packages/airflow/example_dags/example_sensors.py for tasks to queue
[2025-06-12T14:48:01.695+0000] {logging_mixin.py:188} INFO - [2025-06-12T14:48:01.695+0000] {dagbag.py:540} INFO - Filling up the DagBag from /home/airflow/.local/lib/python3.12/site-packages/airflow/example_dags/example_sensors.py
[2025-06-12T14:48:01.700+0000] {processor.py:840} INFO - DAG(s) 'example_sensors' retrieved from /home/airflow/.local/lib/python3.12/site-packages/airflow/example_dags/example_sensors.py
[2025-06-12T14:48:01.713+0000] {logging_mixin.py:188} INFO - [2025-06-12T14:48:01.713+0000] {dag.py:3096} INFO - Sync 1 DAGs
[2025-06-12T14:48:01.719+0000] {logging_mixin.py:188} INFO - [2025-06-12T14:48:01.719+0000] {dag.py:3954} INFO - Setting next_dagrun for example_sensors to None, run_after=None
[2025-06-12T14:48:01.727+0000] {processor.py:183} INFO - Processing /home/airflow/.local/lib/python3.12/site-packages/airflow/example_dags/example_sensors.py took 0.037 seconds
[2025-06-12T15:07:48.811+0000] {processor.py:161} INFO - Started process (PID=51) to work on /home/airflow/.local/lib/python3.12/site-packages/airflow/example_dags/example_sensors.py
[2025-06-12T15:07:48.812+0000] {processor.py:830} INFO - Processing file /home/airflow/.local/lib/python3.12/site-packages/airflow/example_dags/example_sensors.py for tasks to queue
[2025-06-12T15:07:48.815+0000] {logging_mixin.py:188} INFO - [2025-06-12T15:07:48.814+0000] {dagbag.py:540} INFO - Filling up the DagBag from /home/airflow/.local/lib/python3.12/site-packages/airflow/example_dags/example_sensors.py
[2025-06-12T15:07:48.833+0000] {processor.py:840} INFO - DAG(s) 'example_sensors' retrieved from /home/airflow/.local/lib/python3.12/site-packages/airflow/example_dags/example_sensors.py
[2025-06-12T15:07:48.859+0000] {logging_mixin.py:188} INFO - [2025-06-12T15:07:48.859+0000] {dag.py:3096} INFO - Sync 1 DAGs
[2025-06-12T15:07:48.877+0000] {logging_mixin.py:188} INFO - [2025-06-12T15:07:48.877+0000] {dag.py:3954} INFO - Setting next_dagrun for example_sensors to None, run_after=None
[2025-06-12T15:07:48.912+0000] {processor.py:183} INFO - Processing /home/airflow/.local/lib/python3.12/site-packages/airflow/example_dags/example_sensors.py took 0.116 seconds
[2025-06-12T15:08:18.968+0000] {processor.py:161} INFO - Started process (PID=118) to work on /home/airflow/.local/lib/python3.12/site-packages/airflow/example_dags/example_sensors.py
[2025-06-12T15:08:18.968+0000] {processor.py:830} INFO - Processing file /home/airflow/.local/lib/python3.12/site-packages/airflow/example_dags/example_sensors.py for tasks to queue
[2025-06-12T15:08:18.969+0000] {logging_mixin.py:188} INFO - [2025-06-12T15:08:18.969+0000] {dagbag.py:540} INFO - Filling up the DagBag from /home/airflow/.local/lib/python3.12/site-packages/airflow/example_dags/example_sensors.py
[2025-06-12T15:08:18.974+0000] {processor.py:840} INFO - DAG(s) 'example_sensors' retrieved from /home/airflow/.local/lib/python3.12/site-packages/airflow/example_dags/example_sensors.py
[2025-06-12T15:08:19.026+0000] {logging_mixin.py:188} INFO - [2025-06-12T15:08:19.026+0000] {dag.py:3096} INFO - Sync 1 DAGs
[2025-06-12T15:08:19.030+0000] {logging_mixin.py:188} INFO - [2025-06-12T15:08:19.030+0000] {dag.py:3954} INFO - Setting next_dagrun for example_sensors to None, run_after=None
[2025-06-12T15:08:19.037+0000] {processor.py:183} INFO - Processing /home/airflow/.local/lib/python3.12/site-packages/airflow/example_dags/example_sensors.py took 0.072 seconds
[2025-06-12T15:08:49.239+0000] {processor.py:161} INFO - Started process (PID=185) to work on /home/airflow/.local/lib/python3.12/site-packages/airflow/example_dags/example_sensors.py
[2025-06-12T15:08:49.240+0000] {processor.py:830} INFO - Processing file /home/airflow/.local/lib/python3.12/site-packages/airflow/example_dags/example_sensors.py for tasks to queue
[2025-06-12T15:08:49.242+0000] {logging_mixin.py:188} INFO - [2025-06-12T15:08:49.242+0000] {dagbag.py:540} INFO - Filling up the DagBag from /home/airflow/.local/lib/python3.12/site-packages/airflow/example_dags/example_sensors.py
[2025-06-12T15:08:49.247+0000] {processor.py:840} INFO - DAG(s) 'example_sensors' retrieved from /home/airflow/.local/lib/python3.12/site-packages/airflow/example_dags/example_sensors.py
[2025-06-12T15:08:49.262+0000] {logging_mixin.py:188} INFO - [2025-06-12T15:08:49.262+0000] {dag.py:3096} INFO - Sync 1 DAGs
[2025-06-12T15:08:49.268+0000] {logging_mixin.py:188} INFO - [2025-06-12T15:08:49.268+0000] {dag.py:3954} INFO - Setting next_dagrun for example_sensors to None, run_after=None
[2025-06-12T15:08:49.280+0000] {processor.py:183} INFO - Processing /home/airflow/.local/lib/python3.12/site-packages/airflow/example_dags/example_sensors.py took 0.044 seconds
[2025-06-12T15:09:19.577+0000] {processor.py:161} INFO - Started process (PID=259) to work on /home/airflow/.local/lib/python3.12/site-packages/airflow/example_dags/example_sensors.py
[2025-06-12T15:09:19.578+0000] {processor.py:830} INFO - Processing file /home/airflow/.local/lib/python3.12/site-packages/airflow/example_dags/example_sensors.py for tasks to queue
[2025-06-12T15:09:19.578+0000] {logging_mixin.py:188} INFO - [2025-06-12T15:09:19.578+0000] {dagbag.py:540} INFO - Filling up the DagBag from /home/airflow/.local/lib/python3.12/site-packages/airflow/example_dags/example_sensors.py
[2025-06-12T15:09:19.582+0000] {processor.py:840} INFO - DAG(s) 'example_sensors' retrieved from /home/airflow/.local/lib/python3.12/site-packages/airflow/example_dags/example_sensors.py
[2025-06-12T15:09:19.597+0000] {logging_mixin.py:188} INFO - [2025-06-12T15:09:19.597+0000] {dag.py:3096} INFO - Sync 1 DAGs
[2025-06-12T15:09:19.606+0000] {logging_mixin.py:188} INFO - [2025-06-12T15:09:19.606+0000] {dag.py:3954} INFO - Setting next_dagrun for example_sensors to None, run_after=None
[2025-06-12T15:09:19.613+0000] {processor.py:183} INFO - Processing /home/airflow/.local/lib/python3.12/site-packages/airflow/example_dags/example_sensors.py took 0.040 seconds
[2025-06-12T15:09:49.990+0000] {processor.py:161} INFO - Started process (PID=333) to work on /home/airflow/.local/lib/python3.12/site-packages/airflow/example_dags/example_sensors.py
[2025-06-12T15:09:49.991+0000] {processor.py:830} INFO - Processing file /home/airflow/.local/lib/python3.12/site-packages/airflow/example_dags/example_sensors.py for tasks to queue
[2025-06-12T15:09:49.993+0000] {logging_mixin.py:188} INFO - [2025-06-12T15:09:49.993+0000] {dagbag.py:540} INFO - Filling up the DagBag from /home/airflow/.local/lib/python3.12/site-packages/airflow/example_dags/example_sensors.py
[2025-06-12T15:09:49.998+0000] {processor.py:840} INFO - DAG(s) 'example_sensors' retrieved from /home/airflow/.local/lib/python3.12/site-packages/airflow/example_dags/example_sensors.py
[2025-06-12T15:09:50.026+0000] {logging_mixin.py:188} INFO - [2025-06-12T15:09:50.026+0000] {dag.py:3096} INFO - Sync 1 DAGs
[2025-06-12T15:09:50.035+0000] {logging_mixin.py:188} INFO - [2025-06-12T15:09:50.035+0000] {dag.py:3954} INFO - Setting next_dagrun for example_sensors to None, run_after=None
[2025-06-12T15:09:50.060+0000] {processor.py:183} INFO - Processing /home/airflow/.local/lib/python3.12/site-packages/airflow/example_dags/example_sensors.py took 0.074 seconds
[2025-06-12T15:10:20.205+0000] {processor.py:161} INFO - Started process (PID=400) to work on /home/airflow/.local/lib/python3.12/site-packages/airflow/example_dags/example_sensors.py
[2025-06-12T15:10:20.207+0000] {processor.py:830} INFO - Processing file /home/airflow/.local/lib/python3.12/site-packages/airflow/example_dags/example_sensors.py for tasks to queue
[2025-06-12T15:10:20.208+0000] {logging_mixin.py:188} INFO - [2025-06-12T15:10:20.208+0000] {dagbag.py:540} INFO - Filling up the DagBag from /home/airflow/.local/lib/python3.12/site-packages/airflow/example_dags/example_sensors.py
[2025-06-12T15:10:20.212+0000] {processor.py:840} INFO - DAG(s) 'example_sensors' retrieved from /home/airflow/.local/lib/python3.12/site-packages/airflow/example_dags/example_sensors.py
[2025-06-12T15:10:20.229+0000] {logging_mixin.py:188} INFO - [2025-06-12T15:10:20.228+0000] {dag.py:3096} INFO - Sync 1 DAGs
[2025-06-12T15:10:20.234+0000] {logging_mixin.py:188} INFO - [2025-06-12T15:10:20.234+0000] {dag.py:3954} INFO - Setting next_dagrun for example_sensors to None, run_after=None
[2025-06-12T15:10:20.253+0000] {processor.py:183} INFO - Processing /home/airflow/.local/lib/python3.12/site-packages/airflow/example_dags/example_sensors.py took 0.051 seconds
[2025-06-12T15:10:50.454+0000] {processor.py:161} INFO - Started process (PID=474) to work on /home/airflow/.local/lib/python3.12/site-packages/airflow/example_dags/example_sensors.py
[2025-06-12T15:10:50.457+0000] {processor.py:830} INFO - Processing file /home/airflow/.local/lib/python3.12/site-packages/airflow/example_dags/example_sensors.py for tasks to queue
[2025-06-12T15:10:50.459+0000] {logging_mixin.py:188} INFO - [2025-06-12T15:10:50.459+0000] {dagbag.py:540} INFO - Filling up the DagBag from /home/airflow/.local/lib/python3.12/site-packages/airflow/example_dags/example_sensors.py
[2025-06-12T15:10:50.464+0000] {processor.py:840} INFO - DAG(s) 'example_sensors' retrieved from /home/airflow/.local/lib/python3.12/site-packages/airflow/example_dags/example_sensors.py
[2025-06-12T15:10:50.481+0000] {logging_mixin.py:188} INFO - [2025-06-12T15:10:50.481+0000] {dag.py:3096} INFO - Sync 1 DAGs
[2025-06-12T15:10:50.487+0000] {logging_mixin.py:188} INFO - [2025-06-12T15:10:50.487+0000] {dag.py:3954} INFO - Setting next_dagrun for example_sensors to None, run_after=None
[2025-06-12T15:10:50.498+0000] {processor.py:183} INFO - Processing /home/airflow/.local/lib/python3.12/site-packages/airflow/example_dags/example_sensors.py took 0.046 seconds
[2025-06-12T15:11:20.689+0000] {processor.py:161} INFO - Started process (PID=540) to work on /home/airflow/.local/lib/python3.12/site-packages/airflow/example_dags/example_sensors.py
[2025-06-12T15:11:20.690+0000] {processor.py:830} INFO - Processing file /home/airflow/.local/lib/python3.12/site-packages/airflow/example_dags/example_sensors.py for tasks to queue
[2025-06-12T15:11:20.692+0000] {logging_mixin.py:188} INFO - [2025-06-12T15:11:20.691+0000] {dagbag.py:540} INFO - Filling up the DagBag from /home/airflow/.local/lib/python3.12/site-packages/airflow/example_dags/example_sensors.py
[2025-06-12T15:11:20.698+0000] {processor.py:840} INFO - DAG(s) 'example_sensors' retrieved from /home/airflow/.local/lib/python3.12/site-packages/airflow/example_dags/example_sensors.py
[2025-06-12T15:11:20.714+0000] {logging_mixin.py:188} INFO - [2025-06-12T15:11:20.714+0000] {dag.py:3096} INFO - Sync 1 DAGs
[2025-06-12T15:11:20.721+0000] {logging_mixin.py:188} INFO - [2025-06-12T15:11:20.721+0000] {dag.py:3954} INFO - Setting next_dagrun for example_sensors to None, run_after=None
[2025-06-12T15:11:20.733+0000] {processor.py:183} INFO - Processing /home/airflow/.local/lib/python3.12/site-packages/airflow/example_dags/example_sensors.py took 0.047 seconds
[2025-06-12T15:11:50.933+0000] {processor.py:161} INFO - Started process (PID=612) to work on /home/airflow/.local/lib/python3.12/site-packages/airflow/example_dags/example_sensors.py
[2025-06-12T15:11:50.934+0000] {processor.py:830} INFO - Processing file /home/airflow/.local/lib/python3.12/site-packages/airflow/example_dags/example_sensors.py for tasks to queue
[2025-06-12T15:11:50.935+0000] {logging_mixin.py:188} INFO - [2025-06-12T15:11:50.935+0000] {dagbag.py:540} INFO - Filling up the DagBag from /home/airflow/.local/lib/python3.12/site-packages/airflow/example_dags/example_sensors.py
[2025-06-12T15:11:50.940+0000] {processor.py:840} INFO - DAG(s) 'example_sensors' retrieved from /home/airflow/.local/lib/python3.12/site-packages/airflow/example_dags/example_sensors.py
[2025-06-12T15:11:50.951+0000] {logging_mixin.py:188} INFO - [2025-06-12T15:11:50.951+0000] {dag.py:3096} INFO - Sync 1 DAGs
[2025-06-12T15:11:50.959+0000] {logging_mixin.py:188} INFO - [2025-06-12T15:11:50.958+0000] {dag.py:3954} INFO - Setting next_dagrun for example_sensors to None, run_after=None
[2025-06-12T15:11:50.980+0000] {processor.py:183} INFO - Processing /home/airflow/.local/lib/python3.12/site-packages/airflow/example_dags/example_sensors.py took 0.050 seconds
[2025-06-12T15:12:21.211+0000] {processor.py:161} INFO - Started process (PID=685) to work on /home/airflow/.local/lib/python3.12/site-packages/airflow/example_dags/example_sensors.py
[2025-06-12T15:12:21.212+0000] {processor.py:830} INFO - Processing file /home/airflow/.local/lib/python3.12/site-packages/airflow/example_dags/example_sensors.py for tasks to queue
[2025-06-12T15:12:21.213+0000] {logging_mixin.py:188} INFO - [2025-06-12T15:12:21.213+0000] {dagbag.py:540} INFO - Filling up the DagBag from /home/airflow/.local/lib/python3.12/site-packages/airflow/example_dags/example_sensors.py
[2025-06-12T15:12:21.219+0000] {processor.py:840} INFO - DAG(s) 'example_sensors' retrieved from /home/airflow/.local/lib/python3.12/site-packages/airflow/example_dags/example_sensors.py
[2025-06-12T15:12:21.232+0000] {logging_mixin.py:188} INFO - [2025-06-12T15:12:21.232+0000] {dag.py:3096} INFO - Sync 1 DAGs
[2025-06-12T15:12:21.240+0000] {logging_mixin.py:188} INFO - [2025-06-12T15:12:21.239+0000] {dag.py:3954} INFO - Setting next_dagrun for example_sensors to None, run_after=None
[2025-06-12T15:12:21.248+0000] {processor.py:183} INFO - Processing /home/airflow/.local/lib/python3.12/site-packages/airflow/example_dags/example_sensors.py took 0.039 seconds
[2025-06-12T15:12:52.244+0000] {processor.py:161} INFO - Started process (PID=753) to work on /home/airflow/.local/lib/python3.12/site-packages/airflow/example_dags/example_sensors.py
[2025-06-12T15:12:52.245+0000] {processor.py:830} INFO - Processing file /home/airflow/.local/lib/python3.12/site-packages/airflow/example_dags/example_sensors.py for tasks to queue
[2025-06-12T15:12:52.246+0000] {logging_mixin.py:188} INFO - [2025-06-12T15:12:52.246+0000] {dagbag.py:540} INFO - Filling up the DagBag from /home/airflow/.local/lib/python3.12/site-packages/airflow/example_dags/example_sensors.py
[2025-06-12T15:12:52.251+0000] {processor.py:840} INFO - DAG(s) 'example_sensors' retrieved from /home/airflow/.local/lib/python3.12/site-packages/airflow/example_dags/example_sensors.py
[2025-06-12T15:12:52.268+0000] {logging_mixin.py:188} INFO - [2025-06-12T15:12:52.268+0000] {dag.py:3096} INFO - Sync 1 DAGs
[2025-06-12T15:12:52.274+0000] {logging_mixin.py:188} INFO - [2025-06-12T15:12:52.274+0000] {dag.py:3954} INFO - Setting next_dagrun for example_sensors to None, run_after=None
[2025-06-12T15:12:52.286+0000] {processor.py:183} INFO - Processing /home/airflow/.local/lib/python3.12/site-packages/airflow/example_dags/example_sensors.py took 0.046 seconds
[2025-06-12T15:13:23.264+0000] {processor.py:161} INFO - Started process (PID=827) to work on /home/airflow/.local/lib/python3.12/site-packages/airflow/example_dags/example_sensors.py
[2025-06-12T15:13:23.264+0000] {processor.py:830} INFO - Processing file /home/airflow/.local/lib/python3.12/site-packages/airflow/example_dags/example_sensors.py for tasks to queue
[2025-06-12T15:13:23.265+0000] {logging_mixin.py:188} INFO - [2025-06-12T15:13:23.265+0000] {dagbag.py:540} INFO - Filling up the DagBag from /home/airflow/.local/lib/python3.12/site-packages/airflow/example_dags/example_sensors.py
[2025-06-12T15:13:23.271+0000] {processor.py:840} INFO - DAG(s) 'example_sensors' retrieved from /home/airflow/.local/lib/python3.12/site-packages/airflow/example_dags/example_sensors.py
[2025-06-12T15:13:23.289+0000] {logging_mixin.py:188} INFO - [2025-06-12T15:13:23.288+0000] {dag.py:3096} INFO - Sync 1 DAGs
[2025-06-12T15:13:23.296+0000] {logging_mixin.py:188} INFO - [2025-06-12T15:13:23.296+0000] {dag.py:3954} INFO - Setting next_dagrun for example_sensors to None, run_after=None
[2025-06-12T15:13:23.306+0000] {processor.py:183} INFO - Processing /home/airflow/.local/lib/python3.12/site-packages/airflow/example_dags/example_sensors.py took 0.045 seconds
[2025-06-12T15:13:53.463+0000] {processor.py:161} INFO - Started process (PID=900) to work on /home/airflow/.local/lib/python3.12/site-packages/airflow/example_dags/example_sensors.py
[2025-06-12T15:13:53.464+0000] {processor.py:830} INFO - Processing file /home/airflow/.local/lib/python3.12/site-packages/airflow/example_dags/example_sensors.py for tasks to queue
[2025-06-12T15:13:53.465+0000] {logging_mixin.py:188} INFO - [2025-06-12T15:13:53.464+0000] {dagbag.py:540} INFO - Filling up the DagBag from /home/airflow/.local/lib/python3.12/site-packages/airflow/example_dags/example_sensors.py
[2025-06-12T15:13:53.469+0000] {processor.py:840} INFO - DAG(s) 'example_sensors' retrieved from /home/airflow/.local/lib/python3.12/site-packages/airflow/example_dags/example_sensors.py
[2025-06-12T15:13:53.481+0000] {logging_mixin.py:188} INFO - [2025-06-12T15:13:53.481+0000] {dag.py:3096} INFO - Sync 1 DAGs
[2025-06-12T15:13:53.487+0000] {logging_mixin.py:188} INFO - [2025-06-12T15:13:53.487+0000] {dag.py:3954} INFO - Setting next_dagrun for example_sensors to None, run_after=None
[2025-06-12T15:13:53.493+0000] {processor.py:183} INFO - Processing /home/airflow/.local/lib/python3.12/site-packages/airflow/example_dags/example_sensors.py took 0.033 seconds
[2025-06-12T15:14:24.090+0000] {processor.py:161} INFO - Started process (PID=968) to work on /home/airflow/.local/lib/python3.12/site-packages/airflow/example_dags/example_sensors.py
[2025-06-12T15:14:24.090+0000] {processor.py:830} INFO - Processing file /home/airflow/.local/lib/python3.12/site-packages/airflow/example_dags/example_sensors.py for tasks to queue
[2025-06-12T15:14:24.091+0000] {logging_mixin.py:188} INFO - [2025-06-12T15:14:24.091+0000] {dagbag.py:540} INFO - Filling up the DagBag from /home/airflow/.local/lib/python3.12/site-packages/airflow/example_dags/example_sensors.py
[2025-06-12T15:14:24.096+0000] {processor.py:840} INFO - DAG(s) 'example_sensors' retrieved from /home/airflow/.local/lib/python3.12/site-packages/airflow/example_dags/example_sensors.py
[2025-06-12T15:14:24.109+0000] {logging_mixin.py:188} INFO - [2025-06-12T15:14:24.109+0000] {dag.py:3096} INFO - Sync 1 DAGs
[2025-06-12T15:14:24.115+0000] {logging_mixin.py:188} INFO - [2025-06-12T15:14:24.114+0000] {dag.py:3954} INFO - Setting next_dagrun for example_sensors to None, run_after=None
[2025-06-12T15:14:24.122+0000] {processor.py:183} INFO - Processing /home/airflow/.local/lib/python3.12/site-packages/airflow/example_dags/example_sensors.py took 0.035 seconds
[2025-06-12T15:14:54.141+0000] {processor.py:161} INFO - Started process (PID=1042) to work on /home/airflow/.local/lib/python3.12/site-packages/airflow/example_dags/example_sensors.py
[2025-06-12T15:14:54.141+0000] {processor.py:830} INFO - Processing file /home/airflow/.local/lib/python3.12/site-packages/airflow/example_dags/example_sensors.py for tasks to queue
[2025-06-12T15:14:54.142+0000] {logging_mixin.py:188} INFO - [2025-06-12T15:14:54.142+0000] {dagbag.py:540} INFO - Filling up the DagBag from /home/airflow/.local/lib/python3.12/site-packages/airflow/example_dags/example_sensors.py
[2025-06-12T15:14:54.146+0000] {processor.py:840} INFO - DAG(s) 'example_sensors' retrieved from /home/airflow/.local/lib/python3.12/site-packages/airflow/example_dags/example_sensors.py
[2025-06-12T15:14:54.157+0000] {logging_mixin.py:188} INFO - [2025-06-12T15:14:54.157+0000] {dag.py:3096} INFO - Sync 1 DAGs
[2025-06-12T15:14:54.161+0000] {logging_mixin.py:188} INFO - [2025-06-12T15:14:54.161+0000] {dag.py:3954} INFO - Setting next_dagrun for example_sensors to None, run_after=None
[2025-06-12T15:14:54.168+0000] {processor.py:183} INFO - Processing /home/airflow/.local/lib/python3.12/site-packages/airflow/example_dags/example_sensors.py took 0.029 seconds
[2025-06-12T15:15:24.690+0000] {processor.py:161} INFO - Started process (PID=1116) to work on /home/airflow/.local/lib/python3.12/site-packages/airflow/example_dags/example_sensors.py
[2025-06-12T15:15:24.691+0000] {processor.py:830} INFO - Processing file /home/airflow/.local/lib/python3.12/site-packages/airflow/example_dags/example_sensors.py for tasks to queue
[2025-06-12T15:15:24.692+0000] {logging_mixin.py:188} INFO - [2025-06-12T15:15:24.692+0000] {dagbag.py:540} INFO - Filling up the DagBag from /home/airflow/.local/lib/python3.12/site-packages/airflow/example_dags/example_sensors.py
[2025-06-12T15:15:24.697+0000] {processor.py:840} INFO - DAG(s) 'example_sensors' retrieved from /home/airflow/.local/lib/python3.12/site-packages/airflow/example_dags/example_sensors.py
[2025-06-12T15:15:24.713+0000] {logging_mixin.py:188} INFO - [2025-06-12T15:15:24.713+0000] {dag.py:3096} INFO - Sync 1 DAGs
[2025-06-12T15:15:24.718+0000] {logging_mixin.py:188} INFO - [2025-06-12T15:15:24.718+0000] {dag.py:3954} INFO - Setting next_dagrun for example_sensors to None, run_after=None
[2025-06-12T15:15:24.727+0000] {processor.py:183} INFO - Processing /home/airflow/.local/lib/python3.12/site-packages/airflow/example_dags/example_sensors.py took 0.041 seconds
[2025-06-12T15:15:55.093+0000] {processor.py:161} INFO - Started process (PID=1183) to work on /home/airflow/.local/lib/python3.12/site-packages/airflow/example_dags/example_sensors.py
[2025-06-12T15:15:55.094+0000] {processor.py:830} INFO - Processing file /home/airflow/.local/lib/python3.12/site-packages/airflow/example_dags/example_sensors.py for tasks to queue
[2025-06-12T15:15:55.095+0000] {logging_mixin.py:188} INFO - [2025-06-12T15:15:55.095+0000] {dagbag.py:540} INFO - Filling up the DagBag from /home/airflow/.local/lib/python3.12/site-packages/airflow/example_dags/example_sensors.py
[2025-06-12T15:15:55.101+0000] {processor.py:840} INFO - DAG(s) 'example_sensors' retrieved from /home/airflow/.local/lib/python3.12/site-packages/airflow/example_dags/example_sensors.py
[2025-06-12T15:15:55.120+0000] {logging_mixin.py:188} INFO - [2025-06-12T15:15:55.119+0000] {dag.py:3096} INFO - Sync 1 DAGs
[2025-06-12T15:15:55.129+0000] {logging_mixin.py:188} INFO - [2025-06-12T15:15:55.129+0000] {dag.py:3954} INFO - Setting next_dagrun for example_sensors to None, run_after=None
[2025-06-12T15:15:55.140+0000] {processor.py:183} INFO - Processing /home/airflow/.local/lib/python3.12/site-packages/airflow/example_dags/example_sensors.py took 0.050 seconds
[2025-06-12T15:16:25.243+0000] {processor.py:161} INFO - Started process (PID=1257) to work on /home/airflow/.local/lib/python3.12/site-packages/airflow/example_dags/example_sensors.py
[2025-06-12T15:16:25.245+0000] {processor.py:830} INFO - Processing file /home/airflow/.local/lib/python3.12/site-packages/airflow/example_dags/example_sensors.py for tasks to queue
[2025-06-12T15:16:25.245+0000] {logging_mixin.py:188} INFO - [2025-06-12T15:16:25.245+0000] {dagbag.py:540} INFO - Filling up the DagBag from /home/airflow/.local/lib/python3.12/site-packages/airflow/example_dags/example_sensors.py
[2025-06-12T15:16:25.253+0000] {processor.py:840} INFO - DAG(s) 'example_sensors' retrieved from /home/airflow/.local/lib/python3.12/site-packages/airflow/example_dags/example_sensors.py
[2025-06-12T15:16:25.271+0000] {logging_mixin.py:188} INFO - [2025-06-12T15:16:25.271+0000] {dag.py:3096} INFO - Sync 1 DAGs
[2025-06-12T15:16:25.276+0000] {logging_mixin.py:188} INFO - [2025-06-12T15:16:25.276+0000] {dag.py:3954} INFO - Setting next_dagrun for example_sensors to None, run_after=None
[2025-06-12T15:16:25.284+0000] {processor.py:183} INFO - Processing /home/airflow/.local/lib/python3.12/site-packages/airflow/example_dags/example_sensors.py took 0.045 seconds
[2025-06-12T15:16:55.674+0000] {processor.py:161} INFO - Started process (PID=1324) to work on /home/airflow/.local/lib/python3.12/site-packages/airflow/example_dags/example_sensors.py
[2025-06-12T15:16:55.675+0000] {processor.py:830} INFO - Processing file /home/airflow/.local/lib/python3.12/site-packages/airflow/example_dags/example_sensors.py for tasks to queue
[2025-06-12T15:16:55.675+0000] {logging_mixin.py:188} INFO - [2025-06-12T15:16:55.675+0000] {dagbag.py:540} INFO - Filling up the DagBag from /home/airflow/.local/lib/python3.12/site-packages/airflow/example_dags/example_sensors.py
[2025-06-12T15:16:55.679+0000] {processor.py:840} INFO - DAG(s) 'example_sensors' retrieved from /home/airflow/.local/lib/python3.12/site-packages/airflow/example_dags/example_sensors.py
[2025-06-12T15:16:55.690+0000] {logging_mixin.py:188} INFO - [2025-06-12T15:16:55.690+0000] {dag.py:3096} INFO - Sync 1 DAGs
[2025-06-12T15:16:55.776+0000] {logging_mixin.py:188} INFO - [2025-06-12T15:16:55.776+0000] {dag.py:3954} INFO - Setting next_dagrun for example_sensors to None, run_after=None
[2025-06-12T15:16:55.783+0000] {processor.py:183} INFO - Processing /home/airflow/.local/lib/python3.12/site-packages/airflow/example_dags/example_sensors.py took 0.111 seconds
[2025-06-12T15:17:25.954+0000] {processor.py:161} INFO - Started process (PID=1398) to work on /home/airflow/.local/lib/python3.12/site-packages/airflow/example_dags/example_sensors.py
[2025-06-12T15:17:25.956+0000] {processor.py:830} INFO - Processing file /home/airflow/.local/lib/python3.12/site-packages/airflow/example_dags/example_sensors.py for tasks to queue
[2025-06-12T15:17:25.957+0000] {logging_mixin.py:188} INFO - [2025-06-12T15:17:25.957+0000] {dagbag.py:540} INFO - Filling up the DagBag from /home/airflow/.local/lib/python3.12/site-packages/airflow/example_dags/example_sensors.py
[2025-06-12T15:17:25.961+0000] {processor.py:840} INFO - DAG(s) 'example_sensors' retrieved from /home/airflow/.local/lib/python3.12/site-packages/airflow/example_dags/example_sensors.py
[2025-06-12T15:17:25.978+0000] {logging_mixin.py:188} INFO - [2025-06-12T15:17:25.978+0000] {dag.py:3096} INFO - Sync 1 DAGs
[2025-06-12T15:17:25.987+0000] {logging_mixin.py:188} INFO - [2025-06-12T15:17:25.987+0000] {dag.py:3954} INFO - Setting next_dagrun for example_sensors to None, run_after=None
[2025-06-12T15:17:26.105+0000] {processor.py:183} INFO - Processing /home/airflow/.local/lib/python3.12/site-packages/airflow/example_dags/example_sensors.py took 0.154 seconds
[2025-06-12T15:17:56.195+0000] {processor.py:161} INFO - Started process (PID=1472) to work on /home/airflow/.local/lib/python3.12/site-packages/airflow/example_dags/example_sensors.py
[2025-06-12T15:17:56.197+0000] {processor.py:830} INFO - Processing file /home/airflow/.local/lib/python3.12/site-packages/airflow/example_dags/example_sensors.py for tasks to queue
[2025-06-12T15:17:56.199+0000] {logging_mixin.py:188} INFO - [2025-06-12T15:17:56.198+0000] {dagbag.py:540} INFO - Filling up the DagBag from /home/airflow/.local/lib/python3.12/site-packages/airflow/example_dags/example_sensors.py
[2025-06-12T15:17:56.204+0000] {processor.py:840} INFO - DAG(s) 'example_sensors' retrieved from /home/airflow/.local/lib/python3.12/site-packages/airflow/example_dags/example_sensors.py
[2025-06-12T15:17:56.222+0000] {logging_mixin.py:188} INFO - [2025-06-12T15:17:56.222+0000] {dag.py:3096} INFO - Sync 1 DAGs
[2025-06-12T15:17:56.228+0000] {logging_mixin.py:188} INFO - [2025-06-12T15:17:56.228+0000] {dag.py:3954} INFO - Setting next_dagrun for example_sensors to None, run_after=None
[2025-06-12T15:17:56.236+0000] {processor.py:183} INFO - Processing /home/airflow/.local/lib/python3.12/site-packages/airflow/example_dags/example_sensors.py took 0.044 seconds
[2025-06-12T15:18:27.216+0000] {processor.py:161} INFO - Started process (PID=1539) to work on /home/airflow/.local/lib/python3.12/site-packages/airflow/example_dags/example_sensors.py
[2025-06-12T15:18:27.216+0000] {processor.py:830} INFO - Processing file /home/airflow/.local/lib/python3.12/site-packages/airflow/example_dags/example_sensors.py for tasks to queue
[2025-06-12T15:18:27.217+0000] {logging_mixin.py:188} INFO - [2025-06-12T15:18:27.217+0000] {dagbag.py:540} INFO - Filling up the DagBag from /home/airflow/.local/lib/python3.12/site-packages/airflow/example_dags/example_sensors.py
[2025-06-12T15:18:27.221+0000] {processor.py:840} INFO - DAG(s) 'example_sensors' retrieved from /home/airflow/.local/lib/python3.12/site-packages/airflow/example_dags/example_sensors.py
[2025-06-12T15:18:27.232+0000] {logging_mixin.py:188} INFO - [2025-06-12T15:18:27.232+0000] {dag.py:3096} INFO - Sync 1 DAGs
[2025-06-12T15:18:27.237+0000] {logging_mixin.py:188} INFO - [2025-06-12T15:18:27.236+0000] {dag.py:3954} INFO - Setting next_dagrun for example_sensors to None, run_after=None
[2025-06-12T15:18:27.243+0000] {processor.py:183} INFO - Processing /home/airflow/.local/lib/python3.12/site-packages/airflow/example_dags/example_sensors.py took 0.030 seconds
