[2025-06-12T13:58:40.763+0000] {processor.py:161} INFO - Started process (PID=70) to work on /home/airflow/.local/lib/python3.12/site-packages/airflow/example_dags/example_xcomargs.py
[2025-06-12T13:58:40.765+0000] {processor.py:830} INFO - Processing file /home/airflow/.local/lib/python3.12/site-packages/airflow/example_dags/example_xcomargs.py for tasks to queue
[2025-06-12T13:58:40.768+0000] {logging_mixin.py:188} INFO - [2025-06-12T13:58:40.768+0000] {dagbag.py:540} INFO - Filling up the DagBag from /home/airflow/.local/lib/python3.12/site-packages/airflow/example_dags/example_xcomargs.py
[2025-06-12T13:58:40.797+0000] {processor.py:840} INFO - DAG(s) 'example_xcom_args_with_operators', 'example_xcom_args' retrieved from /home/airflow/.local/lib/python3.12/site-packages/airflow/example_dags/example_xcomargs.py
[2025-06-12T13:58:40.829+0000] {logging_mixin.py:188} INFO - [2025-06-12T13:58:40.829+0000] {dag.py:3096} INFO - Sync 2 DAGs
[2025-06-12T13:58:40.846+0000] {logging_mixin.py:188} INFO - [2025-06-12T13:58:40.845+0000] {dag.py:3954} INFO - Setting next_dagrun for example_xcom_args to None, run_after=None
[2025-06-12T13:58:40.848+0000] {logging_mixin.py:188} INFO - [2025-06-12T13:58:40.848+0000] {dag.py:3954} INFO - Setting next_dagrun for example_xcom_args_with_operators to None, run_after=None
[2025-06-12T13:58:40.860+0000] {processor.py:183} INFO - Processing /home/airflow/.local/lib/python3.12/site-packages/airflow/example_dags/example_xcomargs.py took 0.106 seconds
[2025-06-12T13:59:11.403+0000] {processor.py:161} INFO - Started process (PID=137) to work on /home/airflow/.local/lib/python3.12/site-packages/airflow/example_dags/example_xcomargs.py
[2025-06-12T13:59:11.404+0000] {processor.py:830} INFO - Processing file /home/airflow/.local/lib/python3.12/site-packages/airflow/example_dags/example_xcomargs.py for tasks to queue
[2025-06-12T13:59:11.405+0000] {logging_mixin.py:188} INFO - [2025-06-12T13:59:11.405+0000] {dagbag.py:540} INFO - Filling up the DagBag from /home/airflow/.local/lib/python3.12/site-packages/airflow/example_dags/example_xcomargs.py
[2025-06-12T13:59:11.408+0000] {processor.py:840} INFO - DAG(s) 'example_xcom_args_with_operators', 'example_xcom_args' retrieved from /home/airflow/.local/lib/python3.12/site-packages/airflow/example_dags/example_xcomargs.py
[2025-06-12T13:59:11.463+0000] {logging_mixin.py:188} INFO - [2025-06-12T13:59:11.463+0000] {dag.py:3096} INFO - Sync 2 DAGs
[2025-06-12T13:59:11.469+0000] {logging_mixin.py:188} INFO - [2025-06-12T13:59:11.468+0000] {dag.py:3954} INFO - Setting next_dagrun for example_xcom_args to None, run_after=None
[2025-06-12T13:59:11.470+0000] {logging_mixin.py:188} INFO - [2025-06-12T13:59:11.470+0000] {dag.py:3954} INFO - Setting next_dagrun for example_xcom_args_with_operators to None, run_after=None
[2025-06-12T13:59:11.480+0000] {processor.py:183} INFO - Processing /home/airflow/.local/lib/python3.12/site-packages/airflow/example_dags/example_xcomargs.py took 0.079 seconds
[2025-06-12T13:59:41.814+0000] {processor.py:161} INFO - Started process (PID=211) to work on /home/airflow/.local/lib/python3.12/site-packages/airflow/example_dags/example_xcomargs.py
[2025-06-12T13:59:41.818+0000] {processor.py:830} INFO - Processing file /home/airflow/.local/lib/python3.12/site-packages/airflow/example_dags/example_xcomargs.py for tasks to queue
[2025-06-12T13:59:41.821+0000] {logging_mixin.py:188} INFO - [2025-06-12T13:59:41.821+0000] {dagbag.py:540} INFO - Filling up the DagBag from /home/airflow/.local/lib/python3.12/site-packages/airflow/example_dags/example_xcomargs.py
[2025-06-12T13:59:41.832+0000] {processor.py:840} INFO - DAG(s) 'example_xcom_args', 'example_xcom_args_with_operators' retrieved from /home/airflow/.local/lib/python3.12/site-packages/airflow/example_dags/example_xcomargs.py
[2025-06-12T13:59:41.864+0000] {logging_mixin.py:188} INFO - [2025-06-12T13:59:41.864+0000] {dag.py:3096} INFO - Sync 2 DAGs
[2025-06-12T13:59:41.877+0000] {logging_mixin.py:188} INFO - [2025-06-12T13:59:41.877+0000] {dag.py:3954} INFO - Setting next_dagrun for example_xcom_args to None, run_after=None
[2025-06-12T13:59:41.882+0000] {logging_mixin.py:188} INFO - [2025-06-12T13:59:41.882+0000] {dag.py:3954} INFO - Setting next_dagrun for example_xcom_args_with_operators to None, run_after=None
[2025-06-12T13:59:41.903+0000] {processor.py:183} INFO - Processing /home/airflow/.local/lib/python3.12/site-packages/airflow/example_dags/example_xcomargs.py took 0.100 seconds
[2025-06-12T14:00:12.753+0000] {processor.py:161} INFO - Started process (PID=278) to work on /home/airflow/.local/lib/python3.12/site-packages/airflow/example_dags/example_xcomargs.py
[2025-06-12T14:00:12.754+0000] {processor.py:830} INFO - Processing file /home/airflow/.local/lib/python3.12/site-packages/airflow/example_dags/example_xcomargs.py for tasks to queue
[2025-06-12T14:00:12.755+0000] {logging_mixin.py:188} INFO - [2025-06-12T14:00:12.755+0000] {dagbag.py:540} INFO - Filling up the DagBag from /home/airflow/.local/lib/python3.12/site-packages/airflow/example_dags/example_xcomargs.py
[2025-06-12T14:00:12.759+0000] {processor.py:840} INFO - DAG(s) 'example_xcom_args', 'example_xcom_args_with_operators' retrieved from /home/airflow/.local/lib/python3.12/site-packages/airflow/example_dags/example_xcomargs.py
[2025-06-12T14:00:12.776+0000] {logging_mixin.py:188} INFO - [2025-06-12T14:00:12.776+0000] {dag.py:3096} INFO - Sync 2 DAGs
[2025-06-12T14:00:12.782+0000] {logging_mixin.py:188} INFO - [2025-06-12T14:00:12.782+0000] {dag.py:3954} INFO - Setting next_dagrun for example_xcom_args to None, run_after=None
[2025-06-12T14:00:12.784+0000] {logging_mixin.py:188} INFO - [2025-06-12T14:00:12.784+0000] {dag.py:3954} INFO - Setting next_dagrun for example_xcom_args_with_operators to None, run_after=None
[2025-06-12T14:00:12.794+0000] {processor.py:183} INFO - Processing /home/airflow/.local/lib/python3.12/site-packages/airflow/example_dags/example_xcomargs.py took 0.044 seconds
[2025-06-12T14:00:42.937+0000] {processor.py:161} INFO - Started process (PID=352) to work on /home/airflow/.local/lib/python3.12/site-packages/airflow/example_dags/example_xcomargs.py
[2025-06-12T14:00:42.937+0000] {processor.py:830} INFO - Processing file /home/airflow/.local/lib/python3.12/site-packages/airflow/example_dags/example_xcomargs.py for tasks to queue
[2025-06-12T14:00:42.938+0000] {logging_mixin.py:188} INFO - [2025-06-12T14:00:42.938+0000] {dagbag.py:540} INFO - Filling up the DagBag from /home/airflow/.local/lib/python3.12/site-packages/airflow/example_dags/example_xcomargs.py
[2025-06-12T14:00:42.943+0000] {processor.py:840} INFO - DAG(s) 'example_xcom_args', 'example_xcom_args_with_operators' retrieved from /home/airflow/.local/lib/python3.12/site-packages/airflow/example_dags/example_xcomargs.py
[2025-06-12T14:00:42.955+0000] {logging_mixin.py:188} INFO - [2025-06-12T14:00:42.955+0000] {dag.py:3096} INFO - Sync 2 DAGs
[2025-06-12T14:00:42.960+0000] {logging_mixin.py:188} INFO - [2025-06-12T14:00:42.960+0000] {dag.py:3954} INFO - Setting next_dagrun for example_xcom_args to None, run_after=None
[2025-06-12T14:00:42.962+0000] {logging_mixin.py:188} INFO - [2025-06-12T14:00:42.962+0000] {dag.py:3954} INFO - Setting next_dagrun for example_xcom_args_with_operators to None, run_after=None
[2025-06-12T14:00:42.975+0000] {processor.py:183} INFO - Processing /home/airflow/.local/lib/python3.12/site-packages/airflow/example_dags/example_xcomargs.py took 0.041 seconds
[2025-06-12T14:01:14.098+0000] {processor.py:161} INFO - Started process (PID=419) to work on /home/airflow/.local/lib/python3.12/site-packages/airflow/example_dags/example_xcomargs.py
[2025-06-12T14:01:14.099+0000] {processor.py:830} INFO - Processing file /home/airflow/.local/lib/python3.12/site-packages/airflow/example_dags/example_xcomargs.py for tasks to queue
[2025-06-12T14:01:14.100+0000] {logging_mixin.py:188} INFO - [2025-06-12T14:01:14.100+0000] {dagbag.py:540} INFO - Filling up the DagBag from /home/airflow/.local/lib/python3.12/site-packages/airflow/example_dags/example_xcomargs.py
[2025-06-12T14:01:14.105+0000] {processor.py:840} INFO - DAG(s) 'example_xcom_args_with_operators', 'example_xcom_args' retrieved from /home/airflow/.local/lib/python3.12/site-packages/airflow/example_dags/example_xcomargs.py
[2025-06-12T14:01:14.118+0000] {logging_mixin.py:188} INFO - [2025-06-12T14:01:14.118+0000] {dag.py:3096} INFO - Sync 2 DAGs
[2025-06-12T14:01:14.124+0000] {logging_mixin.py:188} INFO - [2025-06-12T14:01:14.124+0000] {dag.py:3954} INFO - Setting next_dagrun for example_xcom_args to None, run_after=None
[2025-06-12T14:01:14.126+0000] {logging_mixin.py:188} INFO - [2025-06-12T14:01:14.126+0000] {dag.py:3954} INFO - Setting next_dagrun for example_xcom_args_with_operators to None, run_after=None
[2025-06-12T14:01:14.137+0000] {processor.py:183} INFO - Processing /home/airflow/.local/lib/python3.12/site-packages/airflow/example_dags/example_xcomargs.py took 0.041 seconds
[2025-06-12T14:15:48.864+0000] {processor.py:161} INFO - Started process (PID=71) to work on /home/airflow/.local/lib/python3.12/site-packages/airflow/example_dags/example_xcomargs.py
[2025-06-12T14:15:48.867+0000] {processor.py:830} INFO - Processing file /home/airflow/.local/lib/python3.12/site-packages/airflow/example_dags/example_xcomargs.py for tasks to queue
[2025-06-12T14:15:48.868+0000] {logging_mixin.py:188} INFO - [2025-06-12T14:15:48.868+0000] {dagbag.py:540} INFO - Filling up the DagBag from /home/airflow/.local/lib/python3.12/site-packages/airflow/example_dags/example_xcomargs.py
[2025-06-12T14:15:48.874+0000] {processor.py:840} INFO - DAG(s) 'example_xcom_args', 'example_xcom_args_with_operators' retrieved from /home/airflow/.local/lib/python3.12/site-packages/airflow/example_dags/example_xcomargs.py
[2025-06-12T14:15:48.883+0000] {logging_mixin.py:188} INFO - [2025-06-12T14:15:48.883+0000] {dag.py:3096} INFO - Sync 2 DAGs
[2025-06-12T14:15:48.891+0000] {logging_mixin.py:188} INFO - [2025-06-12T14:15:48.891+0000] {dag.py:3954} INFO - Setting next_dagrun for example_xcom_args to None, run_after=None
[2025-06-12T14:15:48.896+0000] {logging_mixin.py:188} INFO - [2025-06-12T14:15:48.896+0000] {dag.py:3954} INFO - Setting next_dagrun for example_xcom_args_with_operators to None, run_after=None
[2025-06-12T14:15:48.911+0000] {processor.py:183} INFO - Processing /home/airflow/.local/lib/python3.12/site-packages/airflow/example_dags/example_xcomargs.py took 0.053 seconds
[2025-06-12T14:16:19.806+0000] {processor.py:161} INFO - Started process (PID=145) to work on /home/airflow/.local/lib/python3.12/site-packages/airflow/example_dags/example_xcomargs.py
[2025-06-12T14:16:19.811+0000] {processor.py:830} INFO - Processing file /home/airflow/.local/lib/python3.12/site-packages/airflow/example_dags/example_xcomargs.py for tasks to queue
[2025-06-12T14:16:19.814+0000] {logging_mixin.py:188} INFO - [2025-06-12T14:16:19.814+0000] {dagbag.py:540} INFO - Filling up the DagBag from /home/airflow/.local/lib/python3.12/site-packages/airflow/example_dags/example_xcomargs.py
[2025-06-12T14:16:19.819+0000] {processor.py:840} INFO - DAG(s) 'example_xcom_args', 'example_xcom_args_with_operators' retrieved from /home/airflow/.local/lib/python3.12/site-packages/airflow/example_dags/example_xcomargs.py
[2025-06-12T14:16:19.886+0000] {logging_mixin.py:188} INFO - [2025-06-12T14:16:19.886+0000] {dag.py:3096} INFO - Sync 2 DAGs
[2025-06-12T14:16:19.895+0000] {logging_mixin.py:188} INFO - [2025-06-12T14:16:19.895+0000] {dag.py:3954} INFO - Setting next_dagrun for example_xcom_args to None, run_after=None
[2025-06-12T14:16:19.897+0000] {logging_mixin.py:188} INFO - [2025-06-12T14:16:19.896+0000] {dag.py:3954} INFO - Setting next_dagrun for example_xcom_args_with_operators to None, run_after=None
[2025-06-12T14:16:19.910+0000] {processor.py:183} INFO - Processing /home/airflow/.local/lib/python3.12/site-packages/airflow/example_dags/example_xcomargs.py took 0.111 seconds
[2025-06-12T14:16:50.558+0000] {processor.py:161} INFO - Started process (PID=212) to work on /home/airflow/.local/lib/python3.12/site-packages/airflow/example_dags/example_xcomargs.py
[2025-06-12T14:16:50.560+0000] {processor.py:830} INFO - Processing file /home/airflow/.local/lib/python3.12/site-packages/airflow/example_dags/example_xcomargs.py for tasks to queue
[2025-06-12T14:16:50.563+0000] {logging_mixin.py:188} INFO - [2025-06-12T14:16:50.563+0000] {dagbag.py:540} INFO - Filling up the DagBag from /home/airflow/.local/lib/python3.12/site-packages/airflow/example_dags/example_xcomargs.py
[2025-06-12T14:16:50.568+0000] {processor.py:840} INFO - DAG(s) 'example_xcom_args_with_operators', 'example_xcom_args' retrieved from /home/airflow/.local/lib/python3.12/site-packages/airflow/example_dags/example_xcomargs.py
[2025-06-12T14:16:50.578+0000] {logging_mixin.py:188} INFO - [2025-06-12T14:16:50.578+0000] {dag.py:3096} INFO - Sync 2 DAGs
[2025-06-12T14:16:50.584+0000] {logging_mixin.py:188} INFO - [2025-06-12T14:16:50.584+0000] {dag.py:3954} INFO - Setting next_dagrun for example_xcom_args to None, run_after=None
[2025-06-12T14:16:50.587+0000] {logging_mixin.py:188} INFO - [2025-06-12T14:16:50.587+0000] {dag.py:3954} INFO - Setting next_dagrun for example_xcom_args_with_operators to None, run_after=None
[2025-06-12T14:16:50.594+0000] {processor.py:183} INFO - Processing /home/airflow/.local/lib/python3.12/site-packages/airflow/example_dags/example_xcomargs.py took 0.038 seconds
[2025-06-12T14:17:21.064+0000] {processor.py:161} INFO - Started process (PID=286) to work on /home/airflow/.local/lib/python3.12/site-packages/airflow/example_dags/example_xcomargs.py
[2025-06-12T14:17:21.064+0000] {processor.py:830} INFO - Processing file /home/airflow/.local/lib/python3.12/site-packages/airflow/example_dags/example_xcomargs.py for tasks to queue
[2025-06-12T14:17:21.066+0000] {logging_mixin.py:188} INFO - [2025-06-12T14:17:21.065+0000] {dagbag.py:540} INFO - Filling up the DagBag from /home/airflow/.local/lib/python3.12/site-packages/airflow/example_dags/example_xcomargs.py
[2025-06-12T14:17:21.070+0000] {processor.py:840} INFO - DAG(s) 'example_xcom_args_with_operators', 'example_xcom_args' retrieved from /home/airflow/.local/lib/python3.12/site-packages/airflow/example_dags/example_xcomargs.py
[2025-06-12T14:17:21.128+0000] {logging_mixin.py:188} INFO - [2025-06-12T14:17:21.127+0000] {dag.py:3096} INFO - Sync 2 DAGs
[2025-06-12T14:17:21.134+0000] {logging_mixin.py:188} INFO - [2025-06-12T14:17:21.134+0000] {dag.py:3954} INFO - Setting next_dagrun for example_xcom_args to None, run_after=None
[2025-06-12T14:17:21.135+0000] {logging_mixin.py:188} INFO - [2025-06-12T14:17:21.135+0000] {dag.py:3954} INFO - Setting next_dagrun for example_xcom_args_with_operators to None, run_after=None
[2025-06-12T14:17:21.143+0000] {processor.py:183} INFO - Processing /home/airflow/.local/lib/python3.12/site-packages/airflow/example_dags/example_xcomargs.py took 0.082 seconds
[2025-06-12T14:17:51.646+0000] {processor.py:161} INFO - Started process (PID=352) to work on /home/airflow/.local/lib/python3.12/site-packages/airflow/example_dags/example_xcomargs.py
[2025-06-12T14:17:51.647+0000] {processor.py:830} INFO - Processing file /home/airflow/.local/lib/python3.12/site-packages/airflow/example_dags/example_xcomargs.py for tasks to queue
[2025-06-12T14:17:51.648+0000] {logging_mixin.py:188} INFO - [2025-06-12T14:17:51.648+0000] {dagbag.py:540} INFO - Filling up the DagBag from /home/airflow/.local/lib/python3.12/site-packages/airflow/example_dags/example_xcomargs.py
[2025-06-12T14:17:51.652+0000] {processor.py:840} INFO - DAG(s) 'example_xcom_args_with_operators', 'example_xcom_args' retrieved from /home/airflow/.local/lib/python3.12/site-packages/airflow/example_dags/example_xcomargs.py
[2025-06-12T14:17:51.666+0000] {logging_mixin.py:188} INFO - [2025-06-12T14:17:51.666+0000] {dag.py:3096} INFO - Sync 2 DAGs
[2025-06-12T14:17:51.672+0000] {logging_mixin.py:188} INFO - [2025-06-12T14:17:51.672+0000] {dag.py:3954} INFO - Setting next_dagrun for example_xcom_args to None, run_after=None
[2025-06-12T14:17:51.675+0000] {logging_mixin.py:188} INFO - [2025-06-12T14:17:51.674+0000] {dag.py:3954} INFO - Setting next_dagrun for example_xcom_args_with_operators to None, run_after=None
[2025-06-12T14:17:51.683+0000] {processor.py:183} INFO - Processing /home/airflow/.local/lib/python3.12/site-packages/airflow/example_dags/example_xcomargs.py took 0.040 seconds
[2025-06-12T14:18:38.167+0000] {processor.py:161} INFO - Started process (PID=70) to work on /home/airflow/.local/lib/python3.12/site-packages/airflow/example_dags/example_xcomargs.py
[2025-06-12T14:18:38.168+0000] {processor.py:830} INFO - Processing file /home/airflow/.local/lib/python3.12/site-packages/airflow/example_dags/example_xcomargs.py for tasks to queue
[2025-06-12T14:18:38.169+0000] {logging_mixin.py:188} INFO - [2025-06-12T14:18:38.169+0000] {dagbag.py:540} INFO - Filling up the DagBag from /home/airflow/.local/lib/python3.12/site-packages/airflow/example_dags/example_xcomargs.py
[2025-06-12T14:18:38.177+0000] {processor.py:840} INFO - DAG(s) 'example_xcom_args_with_operators', 'example_xcom_args' retrieved from /home/airflow/.local/lib/python3.12/site-packages/airflow/example_dags/example_xcomargs.py
[2025-06-12T14:18:38.195+0000] {logging_mixin.py:188} INFO - [2025-06-12T14:18:38.195+0000] {dag.py:3096} INFO - Sync 2 DAGs
[2025-06-12T14:18:38.201+0000] {logging_mixin.py:188} INFO - [2025-06-12T14:18:38.201+0000] {dag.py:3954} INFO - Setting next_dagrun for example_xcom_args to None, run_after=None
[2025-06-12T14:18:38.203+0000] {logging_mixin.py:188} INFO - [2025-06-12T14:18:38.203+0000] {dag.py:3954} INFO - Setting next_dagrun for example_xcom_args_with_operators to None, run_after=None
[2025-06-12T14:18:38.211+0000] {processor.py:183} INFO - Processing /home/airflow/.local/lib/python3.12/site-packages/airflow/example_dags/example_xcomargs.py took 0.047 seconds
[2025-06-12T14:19:08.245+0000] {processor.py:161} INFO - Started process (PID=136) to work on /home/airflow/.local/lib/python3.12/site-packages/airflow/example_dags/example_xcomargs.py
[2025-06-12T14:19:08.245+0000] {processor.py:830} INFO - Processing file /home/airflow/.local/lib/python3.12/site-packages/airflow/example_dags/example_xcomargs.py for tasks to queue
[2025-06-12T14:19:08.246+0000] {logging_mixin.py:188} INFO - [2025-06-12T14:19:08.246+0000] {dagbag.py:540} INFO - Filling up the DagBag from /home/airflow/.local/lib/python3.12/site-packages/airflow/example_dags/example_xcomargs.py
[2025-06-12T14:19:08.251+0000] {processor.py:840} INFO - DAG(s) 'example_xcom_args_with_operators', 'example_xcom_args' retrieved from /home/airflow/.local/lib/python3.12/site-packages/airflow/example_dags/example_xcomargs.py
[2025-06-12T14:19:08.262+0000] {logging_mixin.py:188} INFO - [2025-06-12T14:19:08.262+0000] {dag.py:3096} INFO - Sync 2 DAGs
[2025-06-12T14:19:08.269+0000] {logging_mixin.py:188} INFO - [2025-06-12T14:19:08.269+0000] {dag.py:3954} INFO - Setting next_dagrun for example_xcom_args to None, run_after=None
[2025-06-12T14:19:08.271+0000] {logging_mixin.py:188} INFO - [2025-06-12T14:19:08.271+0000] {dag.py:3954} INFO - Setting next_dagrun for example_xcom_args_with_operators to None, run_after=None
[2025-06-12T14:19:08.282+0000] {processor.py:183} INFO - Processing /home/airflow/.local/lib/python3.12/site-packages/airflow/example_dags/example_xcomargs.py took 0.039 seconds
[2025-06-12T14:19:38.543+0000] {processor.py:161} INFO - Started process (PID=210) to work on /home/airflow/.local/lib/python3.12/site-packages/airflow/example_dags/example_xcomargs.py
[2025-06-12T14:19:38.544+0000] {processor.py:830} INFO - Processing file /home/airflow/.local/lib/python3.12/site-packages/airflow/example_dags/example_xcomargs.py for tasks to queue
[2025-06-12T14:19:38.546+0000] {logging_mixin.py:188} INFO - [2025-06-12T14:19:38.546+0000] {dagbag.py:540} INFO - Filling up the DagBag from /home/airflow/.local/lib/python3.12/site-packages/airflow/example_dags/example_xcomargs.py
[2025-06-12T14:19:38.550+0000] {processor.py:840} INFO - DAG(s) 'example_xcom_args_with_operators', 'example_xcom_args' retrieved from /home/airflow/.local/lib/python3.12/site-packages/airflow/example_dags/example_xcomargs.py
[2025-06-12T14:19:38.606+0000] {logging_mixin.py:188} INFO - [2025-06-12T14:19:38.606+0000] {dag.py:3096} INFO - Sync 2 DAGs
[2025-06-12T14:19:38.611+0000] {logging_mixin.py:188} INFO - [2025-06-12T14:19:38.611+0000] {dag.py:3954} INFO - Setting next_dagrun for example_xcom_args to None, run_after=None
[2025-06-12T14:19:38.613+0000] {logging_mixin.py:188} INFO - [2025-06-12T14:19:38.613+0000] {dag.py:3954} INFO - Setting next_dagrun for example_xcom_args_with_operators to None, run_after=None
[2025-06-12T14:19:38.623+0000] {processor.py:183} INFO - Processing /home/airflow/.local/lib/python3.12/site-packages/airflow/example_dags/example_xcomargs.py took 0.082 seconds
[2025-06-12T14:20:08.805+0000] {processor.py:161} INFO - Started process (PID=284) to work on /home/airflow/.local/lib/python3.12/site-packages/airflow/example_dags/example_xcomargs.py
[2025-06-12T14:20:08.806+0000] {processor.py:830} INFO - Processing file /home/airflow/.local/lib/python3.12/site-packages/airflow/example_dags/example_xcomargs.py for tasks to queue
[2025-06-12T14:20:08.807+0000] {logging_mixin.py:188} INFO - [2025-06-12T14:20:08.807+0000] {dagbag.py:540} INFO - Filling up the DagBag from /home/airflow/.local/lib/python3.12/site-packages/airflow/example_dags/example_xcomargs.py
[2025-06-12T14:20:08.815+0000] {processor.py:840} INFO - DAG(s) 'example_xcom_args_with_operators', 'example_xcom_args' retrieved from /home/airflow/.local/lib/python3.12/site-packages/airflow/example_dags/example_xcomargs.py
[2025-06-12T14:20:08.845+0000] {logging_mixin.py:188} INFO - [2025-06-12T14:20:08.845+0000] {dag.py:3096} INFO - Sync 2 DAGs
[2025-06-12T14:20:08.854+0000] {logging_mixin.py:188} INFO - [2025-06-12T14:20:08.854+0000] {dag.py:3954} INFO - Setting next_dagrun for example_xcom_args to None, run_after=None
[2025-06-12T14:20:08.859+0000] {logging_mixin.py:188} INFO - [2025-06-12T14:20:08.858+0000] {dag.py:3954} INFO - Setting next_dagrun for example_xcom_args_with_operators to None, run_after=None
[2025-06-12T14:20:08.876+0000] {processor.py:183} INFO - Processing /home/airflow/.local/lib/python3.12/site-packages/airflow/example_dags/example_xcomargs.py took 0.078 seconds
[2025-06-12T14:20:39.261+0000] {processor.py:161} INFO - Started process (PID=351) to work on /home/airflow/.local/lib/python3.12/site-packages/airflow/example_dags/example_xcomargs.py
[2025-06-12T14:20:39.262+0000] {processor.py:830} INFO - Processing file /home/airflow/.local/lib/python3.12/site-packages/airflow/example_dags/example_xcomargs.py for tasks to queue
[2025-06-12T14:20:39.263+0000] {logging_mixin.py:188} INFO - [2025-06-12T14:20:39.263+0000] {dagbag.py:540} INFO - Filling up the DagBag from /home/airflow/.local/lib/python3.12/site-packages/airflow/example_dags/example_xcomargs.py
[2025-06-12T14:20:39.267+0000] {processor.py:840} INFO - DAG(s) 'example_xcom_args', 'example_xcom_args_with_operators' retrieved from /home/airflow/.local/lib/python3.12/site-packages/airflow/example_dags/example_xcomargs.py
[2025-06-12T14:20:39.284+0000] {logging_mixin.py:188} INFO - [2025-06-12T14:20:39.284+0000] {dag.py:3096} INFO - Sync 2 DAGs
[2025-06-12T14:20:39.289+0000] {logging_mixin.py:188} INFO - [2025-06-12T14:20:39.289+0000] {dag.py:3954} INFO - Setting next_dagrun for example_xcom_args to None, run_after=None
[2025-06-12T14:20:39.291+0000] {logging_mixin.py:188} INFO - [2025-06-12T14:20:39.291+0000] {dag.py:3954} INFO - Setting next_dagrun for example_xcom_args_with_operators to None, run_after=None
[2025-06-12T14:20:39.297+0000] {processor.py:183} INFO - Processing /home/airflow/.local/lib/python3.12/site-packages/airflow/example_dags/example_xcomargs.py took 0.039 seconds
[2025-06-12T14:21:09.910+0000] {processor.py:161} INFO - Started process (PID=425) to work on /home/airflow/.local/lib/python3.12/site-packages/airflow/example_dags/example_xcomargs.py
[2025-06-12T14:21:09.912+0000] {processor.py:830} INFO - Processing file /home/airflow/.local/lib/python3.12/site-packages/airflow/example_dags/example_xcomargs.py for tasks to queue
[2025-06-12T14:21:09.913+0000] {logging_mixin.py:188} INFO - [2025-06-12T14:21:09.913+0000] {dagbag.py:540} INFO - Filling up the DagBag from /home/airflow/.local/lib/python3.12/site-packages/airflow/example_dags/example_xcomargs.py
[2025-06-12T14:21:09.927+0000] {processor.py:840} INFO - DAG(s) 'example_xcom_args_with_operators', 'example_xcom_args' retrieved from /home/airflow/.local/lib/python3.12/site-packages/airflow/example_dags/example_xcomargs.py
[2025-06-12T14:21:09.954+0000] {logging_mixin.py:188} INFO - [2025-06-12T14:21:09.954+0000] {dag.py:3096} INFO - Sync 2 DAGs
[2025-06-12T14:21:09.962+0000] {logging_mixin.py:188} INFO - [2025-06-12T14:21:09.961+0000] {dag.py:3954} INFO - Setting next_dagrun for example_xcom_args to None, run_after=None
[2025-06-12T14:21:09.965+0000] {logging_mixin.py:188} INFO - [2025-06-12T14:21:09.964+0000] {dag.py:3954} INFO - Setting next_dagrun for example_xcom_args_with_operators to None, run_after=None
[2025-06-12T14:21:09.974+0000] {processor.py:183} INFO - Processing /home/airflow/.local/lib/python3.12/site-packages/airflow/example_dags/example_xcomargs.py took 0.067 seconds
[2025-06-12T14:21:40.484+0000] {processor.py:161} INFO - Started process (PID=491) to work on /home/airflow/.local/lib/python3.12/site-packages/airflow/example_dags/example_xcomargs.py
[2025-06-12T14:21:40.485+0000] {processor.py:830} INFO - Processing file /home/airflow/.local/lib/python3.12/site-packages/airflow/example_dags/example_xcomargs.py for tasks to queue
[2025-06-12T14:21:40.486+0000] {logging_mixin.py:188} INFO - [2025-06-12T14:21:40.486+0000] {dagbag.py:540} INFO - Filling up the DagBag from /home/airflow/.local/lib/python3.12/site-packages/airflow/example_dags/example_xcomargs.py
[2025-06-12T14:21:40.491+0000] {processor.py:840} INFO - DAG(s) 'example_xcom_args_with_operators', 'example_xcom_args' retrieved from /home/airflow/.local/lib/python3.12/site-packages/airflow/example_dags/example_xcomargs.py
[2025-06-12T14:21:40.512+0000] {logging_mixin.py:188} INFO - [2025-06-12T14:21:40.511+0000] {dag.py:3096} INFO - Sync 2 DAGs
[2025-06-12T14:21:40.518+0000] {logging_mixin.py:188} INFO - [2025-06-12T14:21:40.518+0000] {dag.py:3954} INFO - Setting next_dagrun for example_xcom_args to None, run_after=None
[2025-06-12T14:21:40.520+0000] {logging_mixin.py:188} INFO - [2025-06-12T14:21:40.520+0000] {dag.py:3954} INFO - Setting next_dagrun for example_xcom_args_with_operators to None, run_after=None
[2025-06-12T14:21:40.530+0000] {processor.py:183} INFO - Processing /home/airflow/.local/lib/python3.12/site-packages/airflow/example_dags/example_xcomargs.py took 0.049 seconds
[2025-06-12T14:22:11.426+0000] {processor.py:161} INFO - Started process (PID=565) to work on /home/airflow/.local/lib/python3.12/site-packages/airflow/example_dags/example_xcomargs.py
[2025-06-12T14:22:11.426+0000] {processor.py:830} INFO - Processing file /home/airflow/.local/lib/python3.12/site-packages/airflow/example_dags/example_xcomargs.py for tasks to queue
[2025-06-12T14:22:11.427+0000] {logging_mixin.py:188} INFO - [2025-06-12T14:22:11.427+0000] {dagbag.py:540} INFO - Filling up the DagBag from /home/airflow/.local/lib/python3.12/site-packages/airflow/example_dags/example_xcomargs.py
[2025-06-12T14:22:11.430+0000] {processor.py:840} INFO - DAG(s) 'example_xcom_args', 'example_xcom_args_with_operators' retrieved from /home/airflow/.local/lib/python3.12/site-packages/airflow/example_dags/example_xcomargs.py
[2025-06-12T14:22:11.444+0000] {logging_mixin.py:188} INFO - [2025-06-12T14:22:11.444+0000] {dag.py:3096} INFO - Sync 2 DAGs
[2025-06-12T14:22:11.450+0000] {logging_mixin.py:188} INFO - [2025-06-12T14:22:11.450+0000] {dag.py:3954} INFO - Setting next_dagrun for example_xcom_args to None, run_after=None
[2025-06-12T14:22:11.452+0000] {logging_mixin.py:188} INFO - [2025-06-12T14:22:11.452+0000] {dag.py:3954} INFO - Setting next_dagrun for example_xcom_args_with_operators to None, run_after=None
[2025-06-12T14:22:11.463+0000] {processor.py:183} INFO - Processing /home/airflow/.local/lib/python3.12/site-packages/airflow/example_dags/example_xcomargs.py took 0.040 seconds
[2025-06-12T14:22:41.626+0000] {processor.py:161} INFO - Started process (PID=639) to work on /home/airflow/.local/lib/python3.12/site-packages/airflow/example_dags/example_xcomargs.py
[2025-06-12T14:22:41.627+0000] {processor.py:830} INFO - Processing file /home/airflow/.local/lib/python3.12/site-packages/airflow/example_dags/example_xcomargs.py for tasks to queue
[2025-06-12T14:22:41.628+0000] {logging_mixin.py:188} INFO - [2025-06-12T14:22:41.627+0000] {dagbag.py:540} INFO - Filling up the DagBag from /home/airflow/.local/lib/python3.12/site-packages/airflow/example_dags/example_xcomargs.py
[2025-06-12T14:22:41.631+0000] {processor.py:840} INFO - DAG(s) 'example_xcom_args_with_operators', 'example_xcom_args' retrieved from /home/airflow/.local/lib/python3.12/site-packages/airflow/example_dags/example_xcomargs.py
[2025-06-12T14:22:41.650+0000] {logging_mixin.py:188} INFO - [2025-06-12T14:22:41.650+0000] {dag.py:3096} INFO - Sync 2 DAGs
[2025-06-12T14:22:41.655+0000] {logging_mixin.py:188} INFO - [2025-06-12T14:22:41.655+0000] {dag.py:3954} INFO - Setting next_dagrun for example_xcom_args to None, run_after=None
[2025-06-12T14:22:41.657+0000] {logging_mixin.py:188} INFO - [2025-06-12T14:22:41.657+0000] {dag.py:3954} INFO - Setting next_dagrun for example_xcom_args_with_operators to None, run_after=None
[2025-06-12T14:22:41.665+0000] {processor.py:183} INFO - Processing /home/airflow/.local/lib/python3.12/site-packages/airflow/example_dags/example_xcomargs.py took 0.042 seconds
[2025-06-12T14:23:11.941+0000] {processor.py:161} INFO - Started process (PID=706) to work on /home/airflow/.local/lib/python3.12/site-packages/airflow/example_dags/example_xcomargs.py
[2025-06-12T14:23:11.942+0000] {processor.py:830} INFO - Processing file /home/airflow/.local/lib/python3.12/site-packages/airflow/example_dags/example_xcomargs.py for tasks to queue
[2025-06-12T14:23:11.943+0000] {logging_mixin.py:188} INFO - [2025-06-12T14:23:11.943+0000] {dagbag.py:540} INFO - Filling up the DagBag from /home/airflow/.local/lib/python3.12/site-packages/airflow/example_dags/example_xcomargs.py
[2025-06-12T14:23:11.946+0000] {processor.py:840} INFO - DAG(s) 'example_xcom_args', 'example_xcom_args_with_operators' retrieved from /home/airflow/.local/lib/python3.12/site-packages/airflow/example_dags/example_xcomargs.py
[2025-06-12T14:23:11.958+0000] {logging_mixin.py:188} INFO - [2025-06-12T14:23:11.958+0000] {dag.py:3096} INFO - Sync 2 DAGs
[2025-06-12T14:23:11.965+0000] {logging_mixin.py:188} INFO - [2025-06-12T14:23:11.965+0000] {dag.py:3954} INFO - Setting next_dagrun for example_xcom_args to None, run_after=None
[2025-06-12T14:23:11.967+0000] {logging_mixin.py:188} INFO - [2025-06-12T14:23:11.967+0000] {dag.py:3954} INFO - Setting next_dagrun for example_xcom_args_with_operators to None, run_after=None
[2025-06-12T14:23:11.975+0000] {processor.py:183} INFO - Processing /home/airflow/.local/lib/python3.12/site-packages/airflow/example_dags/example_xcomargs.py took 0.036 seconds
[2025-06-12T14:23:42.055+0000] {processor.py:161} INFO - Started process (PID=780) to work on /home/airflow/.local/lib/python3.12/site-packages/airflow/example_dags/example_xcomargs.py
[2025-06-12T14:23:42.055+0000] {processor.py:830} INFO - Processing file /home/airflow/.local/lib/python3.12/site-packages/airflow/example_dags/example_xcomargs.py for tasks to queue
[2025-06-12T14:23:42.056+0000] {logging_mixin.py:188} INFO - [2025-06-12T14:23:42.056+0000] {dagbag.py:540} INFO - Filling up the DagBag from /home/airflow/.local/lib/python3.12/site-packages/airflow/example_dags/example_xcomargs.py
[2025-06-12T14:23:42.060+0000] {processor.py:840} INFO - DAG(s) 'example_xcom_args', 'example_xcom_args_with_operators' retrieved from /home/airflow/.local/lib/python3.12/site-packages/airflow/example_dags/example_xcomargs.py
[2025-06-12T14:23:42.075+0000] {logging_mixin.py:188} INFO - [2025-06-12T14:23:42.075+0000] {dag.py:3096} INFO - Sync 2 DAGs
[2025-06-12T14:23:42.081+0000] {logging_mixin.py:188} INFO - [2025-06-12T14:23:42.081+0000] {dag.py:3954} INFO - Setting next_dagrun for example_xcom_args to None, run_after=None
[2025-06-12T14:23:42.084+0000] {logging_mixin.py:188} INFO - [2025-06-12T14:23:42.084+0000] {dag.py:3954} INFO - Setting next_dagrun for example_xcom_args_with_operators to None, run_after=None
[2025-06-12T14:23:42.093+0000] {processor.py:183} INFO - Processing /home/airflow/.local/lib/python3.12/site-packages/airflow/example_dags/example_xcomargs.py took 0.041 seconds
[2025-06-12T14:24:12.553+0000] {processor.py:161} INFO - Started process (PID=854) to work on /home/airflow/.local/lib/python3.12/site-packages/airflow/example_dags/example_xcomargs.py
[2025-06-12T14:24:12.553+0000] {processor.py:830} INFO - Processing file /home/airflow/.local/lib/python3.12/site-packages/airflow/example_dags/example_xcomargs.py for tasks to queue
[2025-06-12T14:24:12.554+0000] {logging_mixin.py:188} INFO - [2025-06-12T14:24:12.554+0000] {dagbag.py:540} INFO - Filling up the DagBag from /home/airflow/.local/lib/python3.12/site-packages/airflow/example_dags/example_xcomargs.py
[2025-06-12T14:24:12.559+0000] {processor.py:840} INFO - DAG(s) 'example_xcom_args_with_operators', 'example_xcom_args' retrieved from /home/airflow/.local/lib/python3.12/site-packages/airflow/example_dags/example_xcomargs.py
[2025-06-12T14:24:12.577+0000] {logging_mixin.py:188} INFO - [2025-06-12T14:24:12.577+0000] {dag.py:3096} INFO - Sync 2 DAGs
[2025-06-12T14:24:12.582+0000] {logging_mixin.py:188} INFO - [2025-06-12T14:24:12.582+0000] {dag.py:3954} INFO - Setting next_dagrun for example_xcom_args to None, run_after=None
[2025-06-12T14:24:12.584+0000] {logging_mixin.py:188} INFO - [2025-06-12T14:24:12.584+0000] {dag.py:3954} INFO - Setting next_dagrun for example_xcom_args_with_operators to None, run_after=None
[2025-06-12T14:24:12.593+0000] {processor.py:183} INFO - Processing /home/airflow/.local/lib/python3.12/site-packages/airflow/example_dags/example_xcomargs.py took 0.043 seconds
[2025-06-12T14:24:43.480+0000] {processor.py:161} INFO - Started process (PID=921) to work on /home/airflow/.local/lib/python3.12/site-packages/airflow/example_dags/example_xcomargs.py
[2025-06-12T14:24:43.481+0000] {processor.py:830} INFO - Processing file /home/airflow/.local/lib/python3.12/site-packages/airflow/example_dags/example_xcomargs.py for tasks to queue
[2025-06-12T14:24:43.482+0000] {logging_mixin.py:188} INFO - [2025-06-12T14:24:43.481+0000] {dagbag.py:540} INFO - Filling up the DagBag from /home/airflow/.local/lib/python3.12/site-packages/airflow/example_dags/example_xcomargs.py
[2025-06-12T14:24:43.490+0000] {processor.py:840} INFO - DAG(s) 'example_xcom_args_with_operators', 'example_xcom_args' retrieved from /home/airflow/.local/lib/python3.12/site-packages/airflow/example_dags/example_xcomargs.py
[2025-06-12T14:24:43.513+0000] {logging_mixin.py:188} INFO - [2025-06-12T14:24:43.513+0000] {dag.py:3096} INFO - Sync 2 DAGs
[2025-06-12T14:24:43.527+0000] {logging_mixin.py:188} INFO - [2025-06-12T14:24:43.527+0000] {dag.py:3954} INFO - Setting next_dagrun for example_xcom_args to None, run_after=None
[2025-06-12T14:24:43.529+0000] {logging_mixin.py:188} INFO - [2025-06-12T14:24:43.529+0000] {dag.py:3954} INFO - Setting next_dagrun for example_xcom_args_with_operators to None, run_after=None
[2025-06-12T14:24:43.540+0000] {processor.py:183} INFO - Processing /home/airflow/.local/lib/python3.12/site-packages/airflow/example_dags/example_xcomargs.py took 0.064 seconds
[2025-06-12T14:25:13.787+0000] {processor.py:161} INFO - Started process (PID=995) to work on /home/airflow/.local/lib/python3.12/site-packages/airflow/example_dags/example_xcomargs.py
[2025-06-12T14:25:13.789+0000] {processor.py:830} INFO - Processing file /home/airflow/.local/lib/python3.12/site-packages/airflow/example_dags/example_xcomargs.py for tasks to queue
[2025-06-12T14:25:13.791+0000] {logging_mixin.py:188} INFO - [2025-06-12T14:25:13.790+0000] {dagbag.py:540} INFO - Filling up the DagBag from /home/airflow/.local/lib/python3.12/site-packages/airflow/example_dags/example_xcomargs.py
[2025-06-12T14:25:13.798+0000] {processor.py:840} INFO - DAG(s) 'example_xcom_args', 'example_xcom_args_with_operators' retrieved from /home/airflow/.local/lib/python3.12/site-packages/airflow/example_dags/example_xcomargs.py
[2025-06-12T14:25:13.822+0000] {logging_mixin.py:188} INFO - [2025-06-12T14:25:13.822+0000] {dag.py:3096} INFO - Sync 2 DAGs
[2025-06-12T14:25:13.837+0000] {logging_mixin.py:188} INFO - [2025-06-12T14:25:13.837+0000] {dag.py:3954} INFO - Setting next_dagrun for example_xcom_args to None, run_after=None
[2025-06-12T14:25:13.843+0000] {logging_mixin.py:188} INFO - [2025-06-12T14:25:13.843+0000] {dag.py:3954} INFO - Setting next_dagrun for example_xcom_args_with_operators to None, run_after=None
[2025-06-12T14:25:13.865+0000] {processor.py:183} INFO - Processing /home/airflow/.local/lib/python3.12/site-packages/airflow/example_dags/example_xcomargs.py took 0.081 seconds
[2025-06-12T14:25:44.454+0000] {processor.py:161} INFO - Started process (PID=1068) to work on /home/airflow/.local/lib/python3.12/site-packages/airflow/example_dags/example_xcomargs.py
[2025-06-12T14:25:44.455+0000] {processor.py:830} INFO - Processing file /home/airflow/.local/lib/python3.12/site-packages/airflow/example_dags/example_xcomargs.py for tasks to queue
[2025-06-12T14:25:44.456+0000] {logging_mixin.py:188} INFO - [2025-06-12T14:25:44.456+0000] {dagbag.py:540} INFO - Filling up the DagBag from /home/airflow/.local/lib/python3.12/site-packages/airflow/example_dags/example_xcomargs.py
[2025-06-12T14:25:44.462+0000] {processor.py:840} INFO - DAG(s) 'example_xcom_args', 'example_xcom_args_with_operators' retrieved from /home/airflow/.local/lib/python3.12/site-packages/airflow/example_dags/example_xcomargs.py
[2025-06-12T14:25:44.477+0000] {logging_mixin.py:188} INFO - [2025-06-12T14:25:44.476+0000] {dag.py:3096} INFO - Sync 2 DAGs
[2025-06-12T14:25:44.482+0000] {logging_mixin.py:188} INFO - [2025-06-12T14:25:44.482+0000] {dag.py:3954} INFO - Setting next_dagrun for example_xcom_args to None, run_after=None
[2025-06-12T14:25:44.484+0000] {logging_mixin.py:188} INFO - [2025-06-12T14:25:44.484+0000] {dag.py:3954} INFO - Setting next_dagrun for example_xcom_args_with_operators to None, run_after=None
[2025-06-12T14:25:44.491+0000] {processor.py:183} INFO - Processing /home/airflow/.local/lib/python3.12/site-packages/airflow/example_dags/example_xcomargs.py took 0.045 seconds
[2025-06-12T14:26:15.481+0000] {processor.py:161} INFO - Started process (PID=1136) to work on /home/airflow/.local/lib/python3.12/site-packages/airflow/example_dags/example_xcomargs.py
[2025-06-12T14:26:15.482+0000] {processor.py:830} INFO - Processing file /home/airflow/.local/lib/python3.12/site-packages/airflow/example_dags/example_xcomargs.py for tasks to queue
[2025-06-12T14:26:15.484+0000] {logging_mixin.py:188} INFO - [2025-06-12T14:26:15.484+0000] {dagbag.py:540} INFO - Filling up the DagBag from /home/airflow/.local/lib/python3.12/site-packages/airflow/example_dags/example_xcomargs.py
[2025-06-12T14:26:15.489+0000] {processor.py:840} INFO - DAG(s) 'example_xcom_args', 'example_xcom_args_with_operators' retrieved from /home/airflow/.local/lib/python3.12/site-packages/airflow/example_dags/example_xcomargs.py
[2025-06-12T14:26:15.503+0000] {logging_mixin.py:188} INFO - [2025-06-12T14:26:15.503+0000] {dag.py:3096} INFO - Sync 2 DAGs
[2025-06-12T14:26:15.510+0000] {logging_mixin.py:188} INFO - [2025-06-12T14:26:15.510+0000] {dag.py:3954} INFO - Setting next_dagrun for example_xcom_args to None, run_after=None
[2025-06-12T14:26:15.513+0000] {logging_mixin.py:188} INFO - [2025-06-12T14:26:15.513+0000] {dag.py:3954} INFO - Setting next_dagrun for example_xcom_args_with_operators to None, run_after=None
[2025-06-12T14:26:15.521+0000] {processor.py:183} INFO - Processing /home/airflow/.local/lib/python3.12/site-packages/airflow/example_dags/example_xcomargs.py took 0.044 seconds
[2025-06-12T14:26:45.547+0000] {processor.py:161} INFO - Started process (PID=1210) to work on /home/airflow/.local/lib/python3.12/site-packages/airflow/example_dags/example_xcomargs.py
[2025-06-12T14:26:45.548+0000] {processor.py:830} INFO - Processing file /home/airflow/.local/lib/python3.12/site-packages/airflow/example_dags/example_xcomargs.py for tasks to queue
[2025-06-12T14:26:45.549+0000] {logging_mixin.py:188} INFO - [2025-06-12T14:26:45.548+0000] {dagbag.py:540} INFO - Filling up the DagBag from /home/airflow/.local/lib/python3.12/site-packages/airflow/example_dags/example_xcomargs.py
[2025-06-12T14:26:45.552+0000] {processor.py:840} INFO - DAG(s) 'example_xcom_args_with_operators', 'example_xcom_args' retrieved from /home/airflow/.local/lib/python3.12/site-packages/airflow/example_dags/example_xcomargs.py
[2025-06-12T14:26:45.564+0000] {logging_mixin.py:188} INFO - [2025-06-12T14:26:45.564+0000] {dag.py:3096} INFO - Sync 2 DAGs
[2025-06-12T14:26:45.569+0000] {logging_mixin.py:188} INFO - [2025-06-12T14:26:45.569+0000] {dag.py:3954} INFO - Setting next_dagrun for example_xcom_args to None, run_after=None
[2025-06-12T14:26:45.572+0000] {logging_mixin.py:188} INFO - [2025-06-12T14:26:45.572+0000] {dag.py:3954} INFO - Setting next_dagrun for example_xcom_args_with_operators to None, run_after=None
[2025-06-12T14:26:45.582+0000] {processor.py:183} INFO - Processing /home/airflow/.local/lib/python3.12/site-packages/airflow/example_dags/example_xcomargs.py took 0.038 seconds
[2025-06-12T14:27:15.764+0000] {processor.py:161} INFO - Started process (PID=1277) to work on /home/airflow/.local/lib/python3.12/site-packages/airflow/example_dags/example_xcomargs.py
[2025-06-12T14:27:15.764+0000] {processor.py:830} INFO - Processing file /home/airflow/.local/lib/python3.12/site-packages/airflow/example_dags/example_xcomargs.py for tasks to queue
[2025-06-12T14:27:15.765+0000] {logging_mixin.py:188} INFO - [2025-06-12T14:27:15.765+0000] {dagbag.py:540} INFO - Filling up the DagBag from /home/airflow/.local/lib/python3.12/site-packages/airflow/example_dags/example_xcomargs.py
[2025-06-12T14:27:15.768+0000] {processor.py:840} INFO - DAG(s) 'example_xcom_args_with_operators', 'example_xcom_args' retrieved from /home/airflow/.local/lib/python3.12/site-packages/airflow/example_dags/example_xcomargs.py
[2025-06-12T14:27:15.778+0000] {logging_mixin.py:188} INFO - [2025-06-12T14:27:15.778+0000] {dag.py:3096} INFO - Sync 2 DAGs
[2025-06-12T14:27:15.784+0000] {logging_mixin.py:188} INFO - [2025-06-12T14:27:15.784+0000] {dag.py:3954} INFO - Setting next_dagrun for example_xcom_args to None, run_after=None
[2025-06-12T14:27:15.786+0000] {logging_mixin.py:188} INFO - [2025-06-12T14:27:15.786+0000] {dag.py:3954} INFO - Setting next_dagrun for example_xcom_args_with_operators to None, run_after=None
[2025-06-12T14:27:15.795+0000] {processor.py:183} INFO - Processing /home/airflow/.local/lib/python3.12/site-packages/airflow/example_dags/example_xcomargs.py took 0.033 seconds
[2025-06-12T14:27:46.267+0000] {processor.py:161} INFO - Started process (PID=1351) to work on /home/airflow/.local/lib/python3.12/site-packages/airflow/example_dags/example_xcomargs.py
[2025-06-12T14:27:46.268+0000] {processor.py:830} INFO - Processing file /home/airflow/.local/lib/python3.12/site-packages/airflow/example_dags/example_xcomargs.py for tasks to queue
[2025-06-12T14:27:46.270+0000] {logging_mixin.py:188} INFO - [2025-06-12T14:27:46.270+0000] {dagbag.py:540} INFO - Filling up the DagBag from /home/airflow/.local/lib/python3.12/site-packages/airflow/example_dags/example_xcomargs.py
[2025-06-12T14:27:46.276+0000] {processor.py:840} INFO - DAG(s) 'example_xcom_args_with_operators', 'example_xcom_args' retrieved from /home/airflow/.local/lib/python3.12/site-packages/airflow/example_dags/example_xcomargs.py
[2025-06-12T14:27:46.416+0000] {logging_mixin.py:188} INFO - [2025-06-12T14:27:46.416+0000] {dag.py:3096} INFO - Sync 2 DAGs
[2025-06-12T14:27:46.421+0000] {logging_mixin.py:188} INFO - [2025-06-12T14:27:46.421+0000] {dag.py:3954} INFO - Setting next_dagrun for example_xcom_args to None, run_after=None
[2025-06-12T14:27:46.423+0000] {logging_mixin.py:188} INFO - [2025-06-12T14:27:46.423+0000] {dag.py:3954} INFO - Setting next_dagrun for example_xcom_args_with_operators to None, run_after=None
[2025-06-12T14:27:46.432+0000] {processor.py:183} INFO - Processing /home/airflow/.local/lib/python3.12/site-packages/airflow/example_dags/example_xcomargs.py took 0.170 seconds
[2025-06-12T14:35:52.897+0000] {processor.py:161} INFO - Started process (PID=69) to work on /home/airflow/.local/lib/python3.12/site-packages/airflow/example_dags/example_xcomargs.py
[2025-06-12T14:35:52.899+0000] {processor.py:830} INFO - Processing file /home/airflow/.local/lib/python3.12/site-packages/airflow/example_dags/example_xcomargs.py for tasks to queue
[2025-06-12T14:35:52.903+0000] {logging_mixin.py:188} INFO - [2025-06-12T14:35:52.903+0000] {dagbag.py:540} INFO - Filling up the DagBag from /home/airflow/.local/lib/python3.12/site-packages/airflow/example_dags/example_xcomargs.py
[2025-06-12T14:35:52.913+0000] {processor.py:840} INFO - DAG(s) 'example_xcom_args_with_operators', 'example_xcom_args' retrieved from /home/airflow/.local/lib/python3.12/site-packages/airflow/example_dags/example_xcomargs.py
[2025-06-12T14:35:52.942+0000] {logging_mixin.py:188} INFO - [2025-06-12T14:35:52.941+0000] {dag.py:3096} INFO - Sync 2 DAGs
[2025-06-12T14:35:52.959+0000] {logging_mixin.py:188} INFO - [2025-06-12T14:35:52.959+0000] {dag.py:3954} INFO - Setting next_dagrun for example_xcom_args to None, run_after=None
[2025-06-12T14:35:52.962+0000] {logging_mixin.py:188} INFO - [2025-06-12T14:35:52.962+0000] {dag.py:3954} INFO - Setting next_dagrun for example_xcom_args_with_operators to None, run_after=None
[2025-06-12T14:35:52.981+0000] {processor.py:183} INFO - Processing /home/airflow/.local/lib/python3.12/site-packages/airflow/example_dags/example_xcomargs.py took 0.090 seconds
[2025-06-12T14:36:23.056+0000] {processor.py:161} INFO - Started process (PID=136) to work on /home/airflow/.local/lib/python3.12/site-packages/airflow/example_dags/example_xcomargs.py
[2025-06-12T14:36:23.057+0000] {processor.py:830} INFO - Processing file /home/airflow/.local/lib/python3.12/site-packages/airflow/example_dags/example_xcomargs.py for tasks to queue
[2025-06-12T14:36:23.058+0000] {logging_mixin.py:188} INFO - [2025-06-12T14:36:23.058+0000] {dagbag.py:540} INFO - Filling up the DagBag from /home/airflow/.local/lib/python3.12/site-packages/airflow/example_dags/example_xcomargs.py
[2025-06-12T14:36:23.062+0000] {processor.py:840} INFO - DAG(s) 'example_xcom_args_with_operators', 'example_xcom_args' retrieved from /home/airflow/.local/lib/python3.12/site-packages/airflow/example_dags/example_xcomargs.py
[2025-06-12T14:36:23.131+0000] {logging_mixin.py:188} INFO - [2025-06-12T14:36:23.131+0000] {dag.py:3096} INFO - Sync 2 DAGs
[2025-06-12T14:36:23.137+0000] {logging_mixin.py:188} INFO - [2025-06-12T14:36:23.137+0000] {dag.py:3954} INFO - Setting next_dagrun for example_xcom_args to None, run_after=None
[2025-06-12T14:36:23.140+0000] {logging_mixin.py:188} INFO - [2025-06-12T14:36:23.140+0000] {dag.py:3954} INFO - Setting next_dagrun for example_xcom_args_with_operators to None, run_after=None
[2025-06-12T14:36:23.152+0000] {processor.py:183} INFO - Processing /home/airflow/.local/lib/python3.12/site-packages/airflow/example_dags/example_xcomargs.py took 0.098 seconds
[2025-06-12T14:36:53.250+0000] {processor.py:161} INFO - Started process (PID=209) to work on /home/airflow/.local/lib/python3.12/site-packages/airflow/example_dags/example_xcomargs.py
[2025-06-12T14:36:53.252+0000] {processor.py:830} INFO - Processing file /home/airflow/.local/lib/python3.12/site-packages/airflow/example_dags/example_xcomargs.py for tasks to queue
[2025-06-12T14:36:53.253+0000] {logging_mixin.py:188} INFO - [2025-06-12T14:36:53.252+0000] {dagbag.py:540} INFO - Filling up the DagBag from /home/airflow/.local/lib/python3.12/site-packages/airflow/example_dags/example_xcomargs.py
[2025-06-12T14:36:53.256+0000] {processor.py:840} INFO - DAG(s) 'example_xcom_args', 'example_xcom_args_with_operators' retrieved from /home/airflow/.local/lib/python3.12/site-packages/airflow/example_dags/example_xcomargs.py
[2025-06-12T14:36:53.267+0000] {logging_mixin.py:188} INFO - [2025-06-12T14:36:53.267+0000] {dag.py:3096} INFO - Sync 2 DAGs
[2025-06-12T14:36:53.274+0000] {logging_mixin.py:188} INFO - [2025-06-12T14:36:53.274+0000] {dag.py:3954} INFO - Setting next_dagrun for example_xcom_args to None, run_after=None
[2025-06-12T14:36:53.276+0000] {logging_mixin.py:188} INFO - [2025-06-12T14:36:53.276+0000] {dag.py:3954} INFO - Setting next_dagrun for example_xcom_args_with_operators to None, run_after=None
[2025-06-12T14:36:53.289+0000] {processor.py:183} INFO - Processing /home/airflow/.local/lib/python3.12/site-packages/airflow/example_dags/example_xcomargs.py took 0.042 seconds
[2025-06-12T14:37:24.752+0000] {processor.py:161} INFO - Started process (PID=283) to work on /home/airflow/.local/lib/python3.12/site-packages/airflow/example_dags/example_xcomargs.py
[2025-06-12T14:37:24.754+0000] {processor.py:830} INFO - Processing file /home/airflow/.local/lib/python3.12/site-packages/airflow/example_dags/example_xcomargs.py for tasks to queue
[2025-06-12T14:37:24.755+0000] {logging_mixin.py:188} INFO - [2025-06-12T14:37:24.755+0000] {dagbag.py:540} INFO - Filling up the DagBag from /home/airflow/.local/lib/python3.12/site-packages/airflow/example_dags/example_xcomargs.py
[2025-06-12T14:37:24.761+0000] {processor.py:840} INFO - DAG(s) 'example_xcom_args', 'example_xcom_args_with_operators' retrieved from /home/airflow/.local/lib/python3.12/site-packages/airflow/example_dags/example_xcomargs.py
[2025-06-12T14:37:24.785+0000] {logging_mixin.py:188} INFO - [2025-06-12T14:37:24.785+0000] {dag.py:3096} INFO - Sync 2 DAGs
[2025-06-12T14:37:24.796+0000] {logging_mixin.py:188} INFO - [2025-06-12T14:37:24.796+0000] {dag.py:3954} INFO - Setting next_dagrun for example_xcom_args to None, run_after=None
[2025-06-12T14:37:24.799+0000] {logging_mixin.py:188} INFO - [2025-06-12T14:37:24.799+0000] {dag.py:3954} INFO - Setting next_dagrun for example_xcom_args_with_operators to None, run_after=None
[2025-06-12T14:37:24.831+0000] {processor.py:183} INFO - Processing /home/airflow/.local/lib/python3.12/site-packages/airflow/example_dags/example_xcomargs.py took 0.083 seconds
[2025-06-12T14:37:55.117+0000] {processor.py:161} INFO - Started process (PID=350) to work on /home/airflow/.local/lib/python3.12/site-packages/airflow/example_dags/example_xcomargs.py
[2025-06-12T14:37:55.118+0000] {processor.py:830} INFO - Processing file /home/airflow/.local/lib/python3.12/site-packages/airflow/example_dags/example_xcomargs.py for tasks to queue
[2025-06-12T14:37:55.119+0000] {logging_mixin.py:188} INFO - [2025-06-12T14:37:55.119+0000] {dagbag.py:540} INFO - Filling up the DagBag from /home/airflow/.local/lib/python3.12/site-packages/airflow/example_dags/example_xcomargs.py
[2025-06-12T14:37:55.123+0000] {processor.py:840} INFO - DAG(s) 'example_xcom_args', 'example_xcom_args_with_operators' retrieved from /home/airflow/.local/lib/python3.12/site-packages/airflow/example_dags/example_xcomargs.py
[2025-06-12T14:37:55.140+0000] {logging_mixin.py:188} INFO - [2025-06-12T14:37:55.139+0000] {dag.py:3096} INFO - Sync 2 DAGs
[2025-06-12T14:37:55.146+0000] {logging_mixin.py:188} INFO - [2025-06-12T14:37:55.145+0000] {dag.py:3954} INFO - Setting next_dagrun for example_xcom_args to None, run_after=None
[2025-06-12T14:37:55.147+0000] {logging_mixin.py:188} INFO - [2025-06-12T14:37:55.147+0000] {dag.py:3954} INFO - Setting next_dagrun for example_xcom_args_with_operators to None, run_after=None
[2025-06-12T14:37:55.161+0000] {processor.py:183} INFO - Processing /home/airflow/.local/lib/python3.12/site-packages/airflow/example_dags/example_xcomargs.py took 0.047 seconds
[2025-06-12T14:38:25.844+0000] {processor.py:161} INFO - Started process (PID=425) to work on /home/airflow/.local/lib/python3.12/site-packages/airflow/example_dags/example_xcomargs.py
[2025-06-12T14:38:25.846+0000] {processor.py:830} INFO - Processing file /home/airflow/.local/lib/python3.12/site-packages/airflow/example_dags/example_xcomargs.py for tasks to queue
[2025-06-12T14:38:25.848+0000] {logging_mixin.py:188} INFO - [2025-06-12T14:38:25.848+0000] {dagbag.py:540} INFO - Filling up the DagBag from /home/airflow/.local/lib/python3.12/site-packages/airflow/example_dags/example_xcomargs.py
[2025-06-12T14:38:25.853+0000] {processor.py:840} INFO - DAG(s) 'example_xcom_args', 'example_xcom_args_with_operators' retrieved from /home/airflow/.local/lib/python3.12/site-packages/airflow/example_dags/example_xcomargs.py
[2025-06-12T14:38:25.880+0000] {logging_mixin.py:188} INFO - [2025-06-12T14:38:25.879+0000] {dag.py:3096} INFO - Sync 2 DAGs
[2025-06-12T14:38:25.890+0000] {logging_mixin.py:188} INFO - [2025-06-12T14:38:25.890+0000] {dag.py:3954} INFO - Setting next_dagrun for example_xcom_args to None, run_after=None
[2025-06-12T14:38:25.894+0000] {logging_mixin.py:188} INFO - [2025-06-12T14:38:25.894+0000] {dag.py:3954} INFO - Setting next_dagrun for example_xcom_args_with_operators to None, run_after=None
[2025-06-12T14:38:25.905+0000] {processor.py:183} INFO - Processing /home/airflow/.local/lib/python3.12/site-packages/airflow/example_dags/example_xcomargs.py took 0.066 seconds
[2025-06-12T14:38:56.828+0000] {processor.py:161} INFO - Started process (PID=492) to work on /home/airflow/.local/lib/python3.12/site-packages/airflow/example_dags/example_xcomargs.py
[2025-06-12T14:38:56.831+0000] {processor.py:830} INFO - Processing file /home/airflow/.local/lib/python3.12/site-packages/airflow/example_dags/example_xcomargs.py for tasks to queue
[2025-06-12T14:38:56.832+0000] {logging_mixin.py:188} INFO - [2025-06-12T14:38:56.832+0000] {dagbag.py:540} INFO - Filling up the DagBag from /home/airflow/.local/lib/python3.12/site-packages/airflow/example_dags/example_xcomargs.py
[2025-06-12T14:38:56.837+0000] {processor.py:840} INFO - DAG(s) 'example_xcom_args', 'example_xcom_args_with_operators' retrieved from /home/airflow/.local/lib/python3.12/site-packages/airflow/example_dags/example_xcomargs.py
[2025-06-12T14:38:56.854+0000] {logging_mixin.py:188} INFO - [2025-06-12T14:38:56.854+0000] {dag.py:3096} INFO - Sync 2 DAGs
[2025-06-12T14:38:56.862+0000] {logging_mixin.py:188} INFO - [2025-06-12T14:38:56.862+0000] {dag.py:3954} INFO - Setting next_dagrun for example_xcom_args to None, run_after=None
[2025-06-12T14:38:56.864+0000] {logging_mixin.py:188} INFO - [2025-06-12T14:38:56.864+0000] {dag.py:3954} INFO - Setting next_dagrun for example_xcom_args_with_operators to None, run_after=None
[2025-06-12T14:38:56.876+0000] {processor.py:183} INFO - Processing /home/airflow/.local/lib/python3.12/site-packages/airflow/example_dags/example_xcomargs.py took 0.053 seconds
[2025-06-12T14:39:27.277+0000] {processor.py:161} INFO - Started process (PID=566) to work on /home/airflow/.local/lib/python3.12/site-packages/airflow/example_dags/example_xcomargs.py
[2025-06-12T14:39:27.279+0000] {processor.py:830} INFO - Processing file /home/airflow/.local/lib/python3.12/site-packages/airflow/example_dags/example_xcomargs.py for tasks to queue
[2025-06-12T14:39:27.281+0000] {logging_mixin.py:188} INFO - [2025-06-12T14:39:27.281+0000] {dagbag.py:540} INFO - Filling up the DagBag from /home/airflow/.local/lib/python3.12/site-packages/airflow/example_dags/example_xcomargs.py
[2025-06-12T14:39:27.290+0000] {processor.py:840} INFO - DAG(s) 'example_xcom_args_with_operators', 'example_xcom_args' retrieved from /home/airflow/.local/lib/python3.12/site-packages/airflow/example_dags/example_xcomargs.py
[2025-06-12T14:39:27.308+0000] {logging_mixin.py:188} INFO - [2025-06-12T14:39:27.308+0000] {dag.py:3096} INFO - Sync 2 DAGs
[2025-06-12T14:39:27.314+0000] {logging_mixin.py:188} INFO - [2025-06-12T14:39:27.314+0000] {dag.py:3954} INFO - Setting next_dagrun for example_xcom_args to None, run_after=None
[2025-06-12T14:39:27.317+0000] {logging_mixin.py:188} INFO - [2025-06-12T14:39:27.317+0000] {dag.py:3954} INFO - Setting next_dagrun for example_xcom_args_with_operators to None, run_after=None
[2025-06-12T14:39:27.326+0000] {processor.py:183} INFO - Processing /home/airflow/.local/lib/python3.12/site-packages/airflow/example_dags/example_xcomargs.py took 0.053 seconds
[2025-06-12T14:46:32.450+0000] {processor.py:161} INFO - Started process (PID=71) to work on /home/airflow/.local/lib/python3.12/site-packages/airflow/example_dags/example_xcomargs.py
[2025-06-12T14:46:32.451+0000] {processor.py:830} INFO - Processing file /home/airflow/.local/lib/python3.12/site-packages/airflow/example_dags/example_xcomargs.py for tasks to queue
[2025-06-12T14:46:32.453+0000] {logging_mixin.py:188} INFO - [2025-06-12T14:46:32.452+0000] {dagbag.py:540} INFO - Filling up the DagBag from /home/airflow/.local/lib/python3.12/site-packages/airflow/example_dags/example_xcomargs.py
[2025-06-12T14:46:32.466+0000] {processor.py:840} INFO - DAG(s) 'example_xcom_args', 'example_xcom_args_with_operators' retrieved from /home/airflow/.local/lib/python3.12/site-packages/airflow/example_dags/example_xcomargs.py
[2025-06-12T14:46:32.490+0000] {logging_mixin.py:188} INFO - [2025-06-12T14:46:32.490+0000] {dag.py:3096} INFO - Sync 2 DAGs
[2025-06-12T14:46:32.504+0000] {logging_mixin.py:188} INFO - [2025-06-12T14:46:32.503+0000] {dag.py:3954} INFO - Setting next_dagrun for example_xcom_args to None, run_after=None
[2025-06-12T14:46:32.512+0000] {logging_mixin.py:188} INFO - [2025-06-12T14:46:32.512+0000] {dag.py:3954} INFO - Setting next_dagrun for example_xcom_args_with_operators to None, run_after=None
[2025-06-12T14:46:32.530+0000] {processor.py:183} INFO - Processing /home/airflow/.local/lib/python3.12/site-packages/airflow/example_dags/example_xcomargs.py took 0.084 seconds
[2025-06-12T14:47:02.616+0000] {processor.py:161} INFO - Started process (PID=138) to work on /home/airflow/.local/lib/python3.12/site-packages/airflow/example_dags/example_xcomargs.py
[2025-06-12T14:47:02.619+0000] {processor.py:830} INFO - Processing file /home/airflow/.local/lib/python3.12/site-packages/airflow/example_dags/example_xcomargs.py for tasks to queue
[2025-06-12T14:47:02.620+0000] {logging_mixin.py:188} INFO - [2025-06-12T14:47:02.620+0000] {dagbag.py:540} INFO - Filling up the DagBag from /home/airflow/.local/lib/python3.12/site-packages/airflow/example_dags/example_xcomargs.py
[2025-06-12T14:47:02.625+0000] {processor.py:840} INFO - DAG(s) 'example_xcom_args_with_operators', 'example_xcom_args' retrieved from /home/airflow/.local/lib/python3.12/site-packages/airflow/example_dags/example_xcomargs.py
[2025-06-12T14:47:02.685+0000] {logging_mixin.py:188} INFO - [2025-06-12T14:47:02.685+0000] {dag.py:3096} INFO - Sync 2 DAGs
[2025-06-12T14:47:02.691+0000] {logging_mixin.py:188} INFO - [2025-06-12T14:47:02.690+0000] {dag.py:3954} INFO - Setting next_dagrun for example_xcom_args to None, run_after=None
[2025-06-12T14:47:02.692+0000] {logging_mixin.py:188} INFO - [2025-06-12T14:47:02.692+0000] {dag.py:3954} INFO - Setting next_dagrun for example_xcom_args_with_operators to None, run_after=None
[2025-06-12T14:47:02.703+0000] {processor.py:183} INFO - Processing /home/airflow/.local/lib/python3.12/site-packages/airflow/example_dags/example_xcomargs.py took 0.090 seconds
[2025-06-12T14:47:33.270+0000] {processor.py:161} INFO - Started process (PID=211) to work on /home/airflow/.local/lib/python3.12/site-packages/airflow/example_dags/example_xcomargs.py
[2025-06-12T14:47:33.271+0000] {processor.py:830} INFO - Processing file /home/airflow/.local/lib/python3.12/site-packages/airflow/example_dags/example_xcomargs.py for tasks to queue
[2025-06-12T14:47:33.272+0000] {logging_mixin.py:188} INFO - [2025-06-12T14:47:33.272+0000] {dagbag.py:540} INFO - Filling up the DagBag from /home/airflow/.local/lib/python3.12/site-packages/airflow/example_dags/example_xcomargs.py
[2025-06-12T14:47:33.276+0000] {processor.py:840} INFO - DAG(s) 'example_xcom_args', 'example_xcom_args_with_operators' retrieved from /home/airflow/.local/lib/python3.12/site-packages/airflow/example_dags/example_xcomargs.py
[2025-06-12T14:47:33.307+0000] {logging_mixin.py:188} INFO - [2025-06-12T14:47:33.306+0000] {dag.py:3096} INFO - Sync 2 DAGs
[2025-06-12T14:47:33.312+0000] {logging_mixin.py:188} INFO - [2025-06-12T14:47:33.312+0000] {dag.py:3954} INFO - Setting next_dagrun for example_xcom_args to None, run_after=None
[2025-06-12T14:47:33.314+0000] {logging_mixin.py:188} INFO - [2025-06-12T14:47:33.314+0000] {dag.py:3954} INFO - Setting next_dagrun for example_xcom_args_with_operators to None, run_after=None
[2025-06-12T14:47:33.326+0000] {processor.py:183} INFO - Processing /home/airflow/.local/lib/python3.12/site-packages/airflow/example_dags/example_xcomargs.py took 0.060 seconds
[2025-06-12T14:48:03.363+0000] {processor.py:161} INFO - Started process (PID=278) to work on /home/airflow/.local/lib/python3.12/site-packages/airflow/example_dags/example_xcomargs.py
[2025-06-12T14:48:03.366+0000] {processor.py:830} INFO - Processing file /home/airflow/.local/lib/python3.12/site-packages/airflow/example_dags/example_xcomargs.py for tasks to queue
[2025-06-12T14:48:03.369+0000] {logging_mixin.py:188} INFO - [2025-06-12T14:48:03.369+0000] {dagbag.py:540} INFO - Filling up the DagBag from /home/airflow/.local/lib/python3.12/site-packages/airflow/example_dags/example_xcomargs.py
[2025-06-12T14:48:03.376+0000] {processor.py:840} INFO - DAG(s) 'example_xcom_args_with_operators', 'example_xcom_args' retrieved from /home/airflow/.local/lib/python3.12/site-packages/airflow/example_dags/example_xcomargs.py
[2025-06-12T14:48:03.397+0000] {logging_mixin.py:188} INFO - [2025-06-12T14:48:03.397+0000] {dag.py:3096} INFO - Sync 2 DAGs
[2025-06-12T14:48:03.406+0000] {logging_mixin.py:188} INFO - [2025-06-12T14:48:03.405+0000] {dag.py:3954} INFO - Setting next_dagrun for example_xcom_args to None, run_after=None
[2025-06-12T14:48:03.409+0000] {logging_mixin.py:188} INFO - [2025-06-12T14:48:03.409+0000] {dag.py:3954} INFO - Setting next_dagrun for example_xcom_args_with_operators to None, run_after=None
[2025-06-12T14:48:03.419+0000] {processor.py:183} INFO - Processing /home/airflow/.local/lib/python3.12/site-packages/airflow/example_dags/example_xcomargs.py took 0.060 seconds
[2025-06-12T15:07:51.220+0000] {processor.py:161} INFO - Started process (PID=71) to work on /home/airflow/.local/lib/python3.12/site-packages/airflow/example_dags/example_xcomargs.py
[2025-06-12T15:07:51.221+0000] {processor.py:830} INFO - Processing file /home/airflow/.local/lib/python3.12/site-packages/airflow/example_dags/example_xcomargs.py for tasks to queue
[2025-06-12T15:07:51.224+0000] {logging_mixin.py:188} INFO - [2025-06-12T15:07:51.224+0000] {dagbag.py:540} INFO - Filling up the DagBag from /home/airflow/.local/lib/python3.12/site-packages/airflow/example_dags/example_xcomargs.py
[2025-06-12T15:07:51.242+0000] {processor.py:840} INFO - DAG(s) 'example_xcom_args_with_operators', 'example_xcom_args' retrieved from /home/airflow/.local/lib/python3.12/site-packages/airflow/example_dags/example_xcomargs.py
[2025-06-12T15:07:51.274+0000] {logging_mixin.py:188} INFO - [2025-06-12T15:07:51.273+0000] {dag.py:3096} INFO - Sync 2 DAGs
[2025-06-12T15:07:51.289+0000] {logging_mixin.py:188} INFO - [2025-06-12T15:07:51.288+0000] {dag.py:3954} INFO - Setting next_dagrun for example_xcom_args to None, run_after=None
[2025-06-12T15:07:51.294+0000] {logging_mixin.py:188} INFO - [2025-06-12T15:07:51.294+0000] {dag.py:3954} INFO - Setting next_dagrun for example_xcom_args_with_operators to None, run_after=None
[2025-06-12T15:07:51.337+0000] {processor.py:183} INFO - Processing /home/airflow/.local/lib/python3.12/site-packages/airflow/example_dags/example_xcomargs.py took 0.126 seconds
[2025-06-12T15:08:22.011+0000] {processor.py:161} INFO - Started process (PID=138) to work on /home/airflow/.local/lib/python3.12/site-packages/airflow/example_dags/example_xcomargs.py
[2025-06-12T15:08:22.012+0000] {processor.py:830} INFO - Processing file /home/airflow/.local/lib/python3.12/site-packages/airflow/example_dags/example_xcomargs.py for tasks to queue
[2025-06-12T15:08:22.013+0000] {logging_mixin.py:188} INFO - [2025-06-12T15:08:22.013+0000] {dagbag.py:540} INFO - Filling up the DagBag from /home/airflow/.local/lib/python3.12/site-packages/airflow/example_dags/example_xcomargs.py
[2025-06-12T15:08:22.017+0000] {processor.py:840} INFO - DAG(s) 'example_xcom_args_with_operators', 'example_xcom_args' retrieved from /home/airflow/.local/lib/python3.12/site-packages/airflow/example_dags/example_xcomargs.py
[2025-06-12T15:08:22.072+0000] {logging_mixin.py:188} INFO - [2025-06-12T15:08:22.072+0000] {dag.py:3096} INFO - Sync 2 DAGs
[2025-06-12T15:08:22.077+0000] {logging_mixin.py:188} INFO - [2025-06-12T15:08:22.077+0000] {dag.py:3954} INFO - Setting next_dagrun for example_xcom_args to None, run_after=None
[2025-06-12T15:08:22.078+0000] {logging_mixin.py:188} INFO - [2025-06-12T15:08:22.078+0000] {dag.py:3954} INFO - Setting next_dagrun for example_xcom_args_with_operators to None, run_after=None
[2025-06-12T15:08:22.085+0000] {processor.py:183} INFO - Processing /home/airflow/.local/lib/python3.12/site-packages/airflow/example_dags/example_xcomargs.py took 0.077 seconds
[2025-06-12T15:08:52.990+0000] {processor.py:161} INFO - Started process (PID=212) to work on /home/airflow/.local/lib/python3.12/site-packages/airflow/example_dags/example_xcomargs.py
[2025-06-12T15:08:52.991+0000] {processor.py:830} INFO - Processing file /home/airflow/.local/lib/python3.12/site-packages/airflow/example_dags/example_xcomargs.py for tasks to queue
[2025-06-12T15:08:52.992+0000] {logging_mixin.py:188} INFO - [2025-06-12T15:08:52.991+0000] {dagbag.py:540} INFO - Filling up the DagBag from /home/airflow/.local/lib/python3.12/site-packages/airflow/example_dags/example_xcomargs.py
[2025-06-12T15:08:52.996+0000] {processor.py:840} INFO - DAG(s) 'example_xcom_args_with_operators', 'example_xcom_args' retrieved from /home/airflow/.local/lib/python3.12/site-packages/airflow/example_dags/example_xcomargs.py
[2025-06-12T15:08:53.008+0000] {logging_mixin.py:188} INFO - [2025-06-12T15:08:53.008+0000] {dag.py:3096} INFO - Sync 2 DAGs
[2025-06-12T15:08:53.014+0000] {logging_mixin.py:188} INFO - [2025-06-12T15:08:53.014+0000] {dag.py:3954} INFO - Setting next_dagrun for example_xcom_args to None, run_after=None
[2025-06-12T15:08:53.016+0000] {logging_mixin.py:188} INFO - [2025-06-12T15:08:53.015+0000] {dag.py:3954} INFO - Setting next_dagrun for example_xcom_args_with_operators to None, run_after=None
[2025-06-12T15:08:53.028+0000] {processor.py:183} INFO - Processing /home/airflow/.local/lib/python3.12/site-packages/airflow/example_dags/example_xcomargs.py took 0.041 seconds
[2025-06-12T15:09:23.255+0000] {processor.py:161} INFO - Started process (PID=279) to work on /home/airflow/.local/lib/python3.12/site-packages/airflow/example_dags/example_xcomargs.py
[2025-06-12T15:09:23.257+0000] {processor.py:830} INFO - Processing file /home/airflow/.local/lib/python3.12/site-packages/airflow/example_dags/example_xcomargs.py for tasks to queue
[2025-06-12T15:09:23.258+0000] {logging_mixin.py:188} INFO - [2025-06-12T15:09:23.257+0000] {dagbag.py:540} INFO - Filling up the DagBag from /home/airflow/.local/lib/python3.12/site-packages/airflow/example_dags/example_xcomargs.py
[2025-06-12T15:09:23.262+0000] {processor.py:840} INFO - DAG(s) 'example_xcom_args', 'example_xcom_args_with_operators' retrieved from /home/airflow/.local/lib/python3.12/site-packages/airflow/example_dags/example_xcomargs.py
[2025-06-12T15:09:23.274+0000] {logging_mixin.py:188} INFO - [2025-06-12T15:09:23.274+0000] {dag.py:3096} INFO - Sync 2 DAGs
[2025-06-12T15:09:23.279+0000] {logging_mixin.py:188} INFO - [2025-06-12T15:09:23.279+0000] {dag.py:3954} INFO - Setting next_dagrun for example_xcom_args to None, run_after=None
[2025-06-12T15:09:23.281+0000] {logging_mixin.py:188} INFO - [2025-06-12T15:09:23.281+0000] {dag.py:3954} INFO - Setting next_dagrun for example_xcom_args_with_operators to None, run_after=None
[2025-06-12T15:09:23.292+0000] {processor.py:183} INFO - Processing /home/airflow/.local/lib/python3.12/site-packages/airflow/example_dags/example_xcomargs.py took 0.040 seconds
[2025-06-12T15:09:53.771+0000] {processor.py:161} INFO - Started process (PID=353) to work on /home/airflow/.local/lib/python3.12/site-packages/airflow/example_dags/example_xcomargs.py
[2025-06-12T15:09:53.771+0000] {processor.py:830} INFO - Processing file /home/airflow/.local/lib/python3.12/site-packages/airflow/example_dags/example_xcomargs.py for tasks to queue
[2025-06-12T15:09:53.772+0000] {logging_mixin.py:188} INFO - [2025-06-12T15:09:53.772+0000] {dagbag.py:540} INFO - Filling up the DagBag from /home/airflow/.local/lib/python3.12/site-packages/airflow/example_dags/example_xcomargs.py
[2025-06-12T15:09:53.775+0000] {processor.py:840} INFO - DAG(s) 'example_xcom_args_with_operators', 'example_xcom_args' retrieved from /home/airflow/.local/lib/python3.12/site-packages/airflow/example_dags/example_xcomargs.py
[2025-06-12T15:09:53.792+0000] {logging_mixin.py:188} INFO - [2025-06-12T15:09:53.792+0000] {dag.py:3096} INFO - Sync 2 DAGs
[2025-06-12T15:09:53.800+0000] {logging_mixin.py:188} INFO - [2025-06-12T15:09:53.800+0000] {dag.py:3954} INFO - Setting next_dagrun for example_xcom_args to None, run_after=None
[2025-06-12T15:09:53.803+0000] {logging_mixin.py:188} INFO - [2025-06-12T15:09:53.803+0000] {dag.py:3954} INFO - Setting next_dagrun for example_xcom_args_with_operators to None, run_after=None
[2025-06-12T15:09:53.813+0000] {processor.py:183} INFO - Processing /home/airflow/.local/lib/python3.12/site-packages/airflow/example_dags/example_xcomargs.py took 0.045 seconds
[2025-06-12T15:10:23.905+0000] {processor.py:161} INFO - Started process (PID=427) to work on /home/airflow/.local/lib/python3.12/site-packages/airflow/example_dags/example_xcomargs.py
[2025-06-12T15:10:23.908+0000] {processor.py:830} INFO - Processing file /home/airflow/.local/lib/python3.12/site-packages/airflow/example_dags/example_xcomargs.py for tasks to queue
[2025-06-12T15:10:23.910+0000] {logging_mixin.py:188} INFO - [2025-06-12T15:10:23.910+0000] {dagbag.py:540} INFO - Filling up the DagBag from /home/airflow/.local/lib/python3.12/site-packages/airflow/example_dags/example_xcomargs.py
[2025-06-12T15:10:23.915+0000] {processor.py:840} INFO - DAG(s) 'example_xcom_args', 'example_xcom_args_with_operators' retrieved from /home/airflow/.local/lib/python3.12/site-packages/airflow/example_dags/example_xcomargs.py
[2025-06-12T15:10:23.941+0000] {logging_mixin.py:188} INFO - [2025-06-12T15:10:23.941+0000] {dag.py:3096} INFO - Sync 2 DAGs
[2025-06-12T15:10:23.956+0000] {logging_mixin.py:188} INFO - [2025-06-12T15:10:23.956+0000] {dag.py:3954} INFO - Setting next_dagrun for example_xcom_args to None, run_after=None
[2025-06-12T15:10:23.961+0000] {logging_mixin.py:188} INFO - [2025-06-12T15:10:23.961+0000] {dag.py:3954} INFO - Setting next_dagrun for example_xcom_args_with_operators to None, run_after=None
[2025-06-12T15:10:23.978+0000] {processor.py:183} INFO - Processing /home/airflow/.local/lib/python3.12/site-packages/airflow/example_dags/example_xcomargs.py took 0.079 seconds
[2025-06-12T15:10:54.038+0000] {processor.py:161} INFO - Started process (PID=494) to work on /home/airflow/.local/lib/python3.12/site-packages/airflow/example_dags/example_xcomargs.py
[2025-06-12T15:10:54.039+0000] {processor.py:830} INFO - Processing file /home/airflow/.local/lib/python3.12/site-packages/airflow/example_dags/example_xcomargs.py for tasks to queue
[2025-06-12T15:10:54.040+0000] {logging_mixin.py:188} INFO - [2025-06-12T15:10:54.040+0000] {dagbag.py:540} INFO - Filling up the DagBag from /home/airflow/.local/lib/python3.12/site-packages/airflow/example_dags/example_xcomargs.py
[2025-06-12T15:10:54.045+0000] {processor.py:840} INFO - DAG(s) 'example_xcom_args_with_operators', 'example_xcom_args' retrieved from /home/airflow/.local/lib/python3.12/site-packages/airflow/example_dags/example_xcomargs.py
[2025-06-12T15:10:54.055+0000] {logging_mixin.py:188} INFO - [2025-06-12T15:10:54.055+0000] {dag.py:3096} INFO - Sync 2 DAGs
[2025-06-12T15:10:54.060+0000] {logging_mixin.py:188} INFO - [2025-06-12T15:10:54.060+0000] {dag.py:3954} INFO - Setting next_dagrun for example_xcom_args to None, run_after=None
[2025-06-12T15:10:54.062+0000] {logging_mixin.py:188} INFO - [2025-06-12T15:10:54.062+0000] {dag.py:3954} INFO - Setting next_dagrun for example_xcom_args_with_operators to None, run_after=None
[2025-06-12T15:10:54.067+0000] {processor.py:183} INFO - Processing /home/airflow/.local/lib/python3.12/site-packages/airflow/example_dags/example_xcomargs.py took 0.032 seconds
[2025-06-12T15:11:24.469+0000] {processor.py:161} INFO - Started process (PID=567) to work on /home/airflow/.local/lib/python3.12/site-packages/airflow/example_dags/example_xcomargs.py
[2025-06-12T15:11:24.470+0000] {processor.py:830} INFO - Processing file /home/airflow/.local/lib/python3.12/site-packages/airflow/example_dags/example_xcomargs.py for tasks to queue
[2025-06-12T15:11:24.472+0000] {logging_mixin.py:188} INFO - [2025-06-12T15:11:24.472+0000] {dagbag.py:540} INFO - Filling up the DagBag from /home/airflow/.local/lib/python3.12/site-packages/airflow/example_dags/example_xcomargs.py
[2025-06-12T15:11:24.477+0000] {processor.py:840} INFO - DAG(s) 'example_xcom_args_with_operators', 'example_xcom_args' retrieved from /home/airflow/.local/lib/python3.12/site-packages/airflow/example_dags/example_xcomargs.py
[2025-06-12T15:11:24.492+0000] {logging_mixin.py:188} INFO - [2025-06-12T15:11:24.492+0000] {dag.py:3096} INFO - Sync 2 DAGs
[2025-06-12T15:11:24.504+0000] {logging_mixin.py:188} INFO - [2025-06-12T15:11:24.504+0000] {dag.py:3954} INFO - Setting next_dagrun for example_xcom_args to None, run_after=None
[2025-06-12T15:11:24.506+0000] {logging_mixin.py:188} INFO - [2025-06-12T15:11:24.506+0000] {dag.py:3954} INFO - Setting next_dagrun for example_xcom_args_with_operators to None, run_after=None
[2025-06-12T15:11:24.515+0000] {processor.py:183} INFO - Processing /home/airflow/.local/lib/python3.12/site-packages/airflow/example_dags/example_xcomargs.py took 0.048 seconds
[2025-06-12T15:11:54.634+0000] {processor.py:161} INFO - Started process (PID=633) to work on /home/airflow/.local/lib/python3.12/site-packages/airflow/example_dags/example_xcomargs.py
[2025-06-12T15:11:54.635+0000] {processor.py:830} INFO - Processing file /home/airflow/.local/lib/python3.12/site-packages/airflow/example_dags/example_xcomargs.py for tasks to queue
[2025-06-12T15:11:54.636+0000] {logging_mixin.py:188} INFO - [2025-06-12T15:11:54.635+0000] {dagbag.py:540} INFO - Filling up the DagBag from /home/airflow/.local/lib/python3.12/site-packages/airflow/example_dags/example_xcomargs.py
[2025-06-12T15:11:54.640+0000] {processor.py:840} INFO - DAG(s) 'example_xcom_args_with_operators', 'example_xcom_args' retrieved from /home/airflow/.local/lib/python3.12/site-packages/airflow/example_dags/example_xcomargs.py
[2025-06-12T15:11:54.654+0000] {logging_mixin.py:188} INFO - [2025-06-12T15:11:54.654+0000] {dag.py:3096} INFO - Sync 2 DAGs
[2025-06-12T15:11:54.662+0000] {logging_mixin.py:188} INFO - [2025-06-12T15:11:54.662+0000] {dag.py:3954} INFO - Setting next_dagrun for example_xcom_args to None, run_after=None
[2025-06-12T15:11:54.668+0000] {logging_mixin.py:188} INFO - [2025-06-12T15:11:54.668+0000] {dag.py:3954} INFO - Setting next_dagrun for example_xcom_args_with_operators to None, run_after=None
[2025-06-12T15:11:54.679+0000] {processor.py:183} INFO - Processing /home/airflow/.local/lib/python3.12/site-packages/airflow/example_dags/example_xcomargs.py took 0.047 seconds
[2025-06-12T15:12:24.844+0000] {processor.py:161} INFO - Started process (PID=706) to work on /home/airflow/.local/lib/python3.12/site-packages/airflow/example_dags/example_xcomargs.py
[2025-06-12T15:12:24.845+0000] {processor.py:830} INFO - Processing file /home/airflow/.local/lib/python3.12/site-packages/airflow/example_dags/example_xcomargs.py for tasks to queue
[2025-06-12T15:12:24.846+0000] {logging_mixin.py:188} INFO - [2025-06-12T15:12:24.846+0000] {dagbag.py:540} INFO - Filling up the DagBag from /home/airflow/.local/lib/python3.12/site-packages/airflow/example_dags/example_xcomargs.py
[2025-06-12T15:12:24.850+0000] {processor.py:840} INFO - DAG(s) 'example_xcom_args', 'example_xcom_args_with_operators' retrieved from /home/airflow/.local/lib/python3.12/site-packages/airflow/example_dags/example_xcomargs.py
[2025-06-12T15:12:24.860+0000] {logging_mixin.py:188} INFO - [2025-06-12T15:12:24.860+0000] {dag.py:3096} INFO - Sync 2 DAGs
[2025-06-12T15:12:24.866+0000] {logging_mixin.py:188} INFO - [2025-06-12T15:12:24.865+0000] {dag.py:3954} INFO - Setting next_dagrun for example_xcom_args to None, run_after=None
[2025-06-12T15:12:24.867+0000] {logging_mixin.py:188} INFO - [2025-06-12T15:12:24.867+0000] {dag.py:3954} INFO - Setting next_dagrun for example_xcom_args_with_operators to None, run_after=None
[2025-06-12T15:12:24.878+0000] {processor.py:183} INFO - Processing /home/airflow/.local/lib/python3.12/site-packages/airflow/example_dags/example_xcomargs.py took 0.037 seconds
[2025-06-12T15:12:55.063+0000] {processor.py:161} INFO - Started process (PID=780) to work on /home/airflow/.local/lib/python3.12/site-packages/airflow/example_dags/example_xcomargs.py
[2025-06-12T15:12:55.065+0000] {processor.py:830} INFO - Processing file /home/airflow/.local/lib/python3.12/site-packages/airflow/example_dags/example_xcomargs.py for tasks to queue
[2025-06-12T15:12:55.066+0000] {logging_mixin.py:188} INFO - [2025-06-12T15:12:55.066+0000] {dagbag.py:540} INFO - Filling up the DagBag from /home/airflow/.local/lib/python3.12/site-packages/airflow/example_dags/example_xcomargs.py
[2025-06-12T15:12:55.070+0000] {processor.py:840} INFO - DAG(s) 'example_xcom_args_with_operators', 'example_xcom_args' retrieved from /home/airflow/.local/lib/python3.12/site-packages/airflow/example_dags/example_xcomargs.py
[2025-06-12T15:12:55.089+0000] {logging_mixin.py:188} INFO - [2025-06-12T15:12:55.089+0000] {dag.py:3096} INFO - Sync 2 DAGs
[2025-06-12T15:12:55.098+0000] {logging_mixin.py:188} INFO - [2025-06-12T15:12:55.098+0000] {dag.py:3954} INFO - Setting next_dagrun for example_xcom_args to None, run_after=None
[2025-06-12T15:12:55.104+0000] {logging_mixin.py:188} INFO - [2025-06-12T15:12:55.104+0000] {dag.py:3954} INFO - Setting next_dagrun for example_xcom_args_with_operators to None, run_after=None
[2025-06-12T15:12:55.127+0000] {processor.py:183} INFO - Processing /home/airflow/.local/lib/python3.12/site-packages/airflow/example_dags/example_xcomargs.py took 0.067 seconds
[2025-06-12T15:13:25.921+0000] {processor.py:161} INFO - Started process (PID=847) to work on /home/airflow/.local/lib/python3.12/site-packages/airflow/example_dags/example_xcomargs.py
[2025-06-12T15:13:25.922+0000] {processor.py:830} INFO - Processing file /home/airflow/.local/lib/python3.12/site-packages/airflow/example_dags/example_xcomargs.py for tasks to queue
[2025-06-12T15:13:25.923+0000] {logging_mixin.py:188} INFO - [2025-06-12T15:13:25.923+0000] {dagbag.py:540} INFO - Filling up the DagBag from /home/airflow/.local/lib/python3.12/site-packages/airflow/example_dags/example_xcomargs.py
[2025-06-12T15:13:25.928+0000] {processor.py:840} INFO - DAG(s) 'example_xcom_args', 'example_xcom_args_with_operators' retrieved from /home/airflow/.local/lib/python3.12/site-packages/airflow/example_dags/example_xcomargs.py
[2025-06-12T15:13:25.943+0000] {logging_mixin.py:188} INFO - [2025-06-12T15:13:25.943+0000] {dag.py:3096} INFO - Sync 2 DAGs
[2025-06-12T15:13:25.950+0000] {logging_mixin.py:188} INFO - [2025-06-12T15:13:25.949+0000] {dag.py:3954} INFO - Setting next_dagrun for example_xcom_args to None, run_after=None
[2025-06-12T15:13:25.951+0000] {logging_mixin.py:188} INFO - [2025-06-12T15:13:25.951+0000] {dag.py:3954} INFO - Setting next_dagrun for example_xcom_args_with_operators to None, run_after=None
[2025-06-12T15:13:25.959+0000] {processor.py:183} INFO - Processing /home/airflow/.local/lib/python3.12/site-packages/airflow/example_dags/example_xcomargs.py took 0.042 seconds
[2025-06-12T15:13:56.258+0000] {processor.py:161} INFO - Started process (PID=921) to work on /home/airflow/.local/lib/python3.12/site-packages/airflow/example_dags/example_xcomargs.py
[2025-06-12T15:13:56.259+0000] {processor.py:830} INFO - Processing file /home/airflow/.local/lib/python3.12/site-packages/airflow/example_dags/example_xcomargs.py for tasks to queue
[2025-06-12T15:13:56.260+0000] {logging_mixin.py:188} INFO - [2025-06-12T15:13:56.259+0000] {dagbag.py:540} INFO - Filling up the DagBag from /home/airflow/.local/lib/python3.12/site-packages/airflow/example_dags/example_xcomargs.py
[2025-06-12T15:13:56.263+0000] {processor.py:840} INFO - DAG(s) 'example_xcom_args', 'example_xcom_args_with_operators' retrieved from /home/airflow/.local/lib/python3.12/site-packages/airflow/example_dags/example_xcomargs.py
[2025-06-12T15:13:56.277+0000] {logging_mixin.py:188} INFO - [2025-06-12T15:13:56.277+0000] {dag.py:3096} INFO - Sync 2 DAGs
[2025-06-12T15:13:56.282+0000] {logging_mixin.py:188} INFO - [2025-06-12T15:13:56.282+0000] {dag.py:3954} INFO - Setting next_dagrun for example_xcom_args to None, run_after=None
[2025-06-12T15:13:56.284+0000] {logging_mixin.py:188} INFO - [2025-06-12T15:13:56.284+0000] {dag.py:3954} INFO - Setting next_dagrun for example_xcom_args_with_operators to None, run_after=None
[2025-06-12T15:13:56.293+0000] {processor.py:183} INFO - Processing /home/airflow/.local/lib/python3.12/site-packages/airflow/example_dags/example_xcomargs.py took 0.037 seconds
[2025-06-12T15:14:26.766+0000] {processor.py:161} INFO - Started process (PID=996) to work on /home/airflow/.local/lib/python3.12/site-packages/airflow/example_dags/example_xcomargs.py
[2025-06-12T15:14:26.766+0000] {processor.py:830} INFO - Processing file /home/airflow/.local/lib/python3.12/site-packages/airflow/example_dags/example_xcomargs.py for tasks to queue
[2025-06-12T15:14:26.767+0000] {logging_mixin.py:188} INFO - [2025-06-12T15:14:26.767+0000] {dagbag.py:540} INFO - Filling up the DagBag from /home/airflow/.local/lib/python3.12/site-packages/airflow/example_dags/example_xcomargs.py
[2025-06-12T15:14:26.772+0000] {processor.py:840} INFO - DAG(s) 'example_xcom_args', 'example_xcom_args_with_operators' retrieved from /home/airflow/.local/lib/python3.12/site-packages/airflow/example_dags/example_xcomargs.py
[2025-06-12T15:14:26.788+0000] {logging_mixin.py:188} INFO - [2025-06-12T15:14:26.788+0000] {dag.py:3096} INFO - Sync 2 DAGs
[2025-06-12T15:14:26.796+0000] {logging_mixin.py:188} INFO - [2025-06-12T15:14:26.795+0000] {dag.py:3954} INFO - Setting next_dagrun for example_xcom_args to None, run_after=None
[2025-06-12T15:14:26.798+0000] {logging_mixin.py:188} INFO - [2025-06-12T15:14:26.798+0000] {dag.py:3954} INFO - Setting next_dagrun for example_xcom_args_with_operators to None, run_after=None
[2025-06-12T15:14:26.809+0000] {processor.py:183} INFO - Processing /home/airflow/.local/lib/python3.12/site-packages/airflow/example_dags/example_xcomargs.py took 0.050 seconds
[2025-06-12T15:14:57.237+0000] {processor.py:161} INFO - Started process (PID=1063) to work on /home/airflow/.local/lib/python3.12/site-packages/airflow/example_dags/example_xcomargs.py
[2025-06-12T15:14:57.237+0000] {processor.py:830} INFO - Processing file /home/airflow/.local/lib/python3.12/site-packages/airflow/example_dags/example_xcomargs.py for tasks to queue
[2025-06-12T15:14:57.238+0000] {logging_mixin.py:188} INFO - [2025-06-12T15:14:57.238+0000] {dagbag.py:540} INFO - Filling up the DagBag from /home/airflow/.local/lib/python3.12/site-packages/airflow/example_dags/example_xcomargs.py
[2025-06-12T15:14:57.243+0000] {processor.py:840} INFO - DAG(s) 'example_xcom_args_with_operators', 'example_xcom_args' retrieved from /home/airflow/.local/lib/python3.12/site-packages/airflow/example_dags/example_xcomargs.py
[2025-06-12T15:14:57.256+0000] {logging_mixin.py:188} INFO - [2025-06-12T15:14:57.256+0000] {dag.py:3096} INFO - Sync 2 DAGs
[2025-06-12T15:14:57.263+0000] {logging_mixin.py:188} INFO - [2025-06-12T15:14:57.263+0000] {dag.py:3954} INFO - Setting next_dagrun for example_xcom_args to None, run_after=None
[2025-06-12T15:14:57.265+0000] {logging_mixin.py:188} INFO - [2025-06-12T15:14:57.265+0000] {dag.py:3954} INFO - Setting next_dagrun for example_xcom_args_with_operators to None, run_after=None
[2025-06-12T15:14:57.274+0000] {processor.py:183} INFO - Processing /home/airflow/.local/lib/python3.12/site-packages/airflow/example_dags/example_xcomargs.py took 0.041 seconds
[2025-06-12T15:15:27.564+0000] {processor.py:161} INFO - Started process (PID=1136) to work on /home/airflow/.local/lib/python3.12/site-packages/airflow/example_dags/example_xcomargs.py
[2025-06-12T15:15:27.565+0000] {processor.py:830} INFO - Processing file /home/airflow/.local/lib/python3.12/site-packages/airflow/example_dags/example_xcomargs.py for tasks to queue
[2025-06-12T15:15:27.566+0000] {logging_mixin.py:188} INFO - [2025-06-12T15:15:27.566+0000] {dagbag.py:540} INFO - Filling up the DagBag from /home/airflow/.local/lib/python3.12/site-packages/airflow/example_dags/example_xcomargs.py
[2025-06-12T15:15:27.570+0000] {processor.py:840} INFO - DAG(s) 'example_xcom_args_with_operators', 'example_xcom_args' retrieved from /home/airflow/.local/lib/python3.12/site-packages/airflow/example_dags/example_xcomargs.py
[2025-06-12T15:15:27.584+0000] {logging_mixin.py:188} INFO - [2025-06-12T15:15:27.583+0000] {dag.py:3096} INFO - Sync 2 DAGs
[2025-06-12T15:15:27.592+0000] {logging_mixin.py:188} INFO - [2025-06-12T15:15:27.592+0000] {dag.py:3954} INFO - Setting next_dagrun for example_xcom_args to None, run_after=None
[2025-06-12T15:15:27.597+0000] {logging_mixin.py:188} INFO - [2025-06-12T15:15:27.594+0000] {dag.py:3954} INFO - Setting next_dagrun for example_xcom_args_with_operators to None, run_after=None
[2025-06-12T15:15:27.716+0000] {processor.py:183} INFO - Processing /home/airflow/.local/lib/python3.12/site-packages/airflow/example_dags/example_xcomargs.py took 0.157 seconds
[2025-06-12T15:15:58.080+0000] {processor.py:161} INFO - Started process (PID=1204) to work on /home/airflow/.local/lib/python3.12/site-packages/airflow/example_dags/example_xcomargs.py
[2025-06-12T15:15:58.082+0000] {processor.py:830} INFO - Processing file /home/airflow/.local/lib/python3.12/site-packages/airflow/example_dags/example_xcomargs.py for tasks to queue
[2025-06-12T15:15:58.083+0000] {logging_mixin.py:188} INFO - [2025-06-12T15:15:58.083+0000] {dagbag.py:540} INFO - Filling up the DagBag from /home/airflow/.local/lib/python3.12/site-packages/airflow/example_dags/example_xcomargs.py
[2025-06-12T15:15:58.089+0000] {processor.py:840} INFO - DAG(s) 'example_xcom_args', 'example_xcom_args_with_operators' retrieved from /home/airflow/.local/lib/python3.12/site-packages/airflow/example_dags/example_xcomargs.py
[2025-06-12T15:15:58.113+0000] {logging_mixin.py:188} INFO - [2025-06-12T15:15:58.113+0000] {dag.py:3096} INFO - Sync 2 DAGs
[2025-06-12T15:15:58.119+0000] {logging_mixin.py:188} INFO - [2025-06-12T15:15:58.119+0000] {dag.py:3954} INFO - Setting next_dagrun for example_xcom_args to None, run_after=None
[2025-06-12T15:15:58.122+0000] {logging_mixin.py:188} INFO - [2025-06-12T15:15:58.122+0000] {dag.py:3954} INFO - Setting next_dagrun for example_xcom_args_with_operators to None, run_after=None
[2025-06-12T15:15:58.134+0000] {processor.py:183} INFO - Processing /home/airflow/.local/lib/python3.12/site-packages/airflow/example_dags/example_xcomargs.py took 0.057 seconds
[2025-06-12T15:16:29.102+0000] {processor.py:161} INFO - Started process (PID=1278) to work on /home/airflow/.local/lib/python3.12/site-packages/airflow/example_dags/example_xcomargs.py
[2025-06-12T15:16:29.102+0000] {processor.py:830} INFO - Processing file /home/airflow/.local/lib/python3.12/site-packages/airflow/example_dags/example_xcomargs.py for tasks to queue
[2025-06-12T15:16:29.104+0000] {logging_mixin.py:188} INFO - [2025-06-12T15:16:29.104+0000] {dagbag.py:540} INFO - Filling up the DagBag from /home/airflow/.local/lib/python3.12/site-packages/airflow/example_dags/example_xcomargs.py
[2025-06-12T15:16:29.108+0000] {processor.py:840} INFO - DAG(s) 'example_xcom_args_with_operators', 'example_xcom_args' retrieved from /home/airflow/.local/lib/python3.12/site-packages/airflow/example_dags/example_xcomargs.py
[2025-06-12T15:16:29.125+0000] {logging_mixin.py:188} INFO - [2025-06-12T15:16:29.125+0000] {dag.py:3096} INFO - Sync 2 DAGs
[2025-06-12T15:16:29.130+0000] {logging_mixin.py:188} INFO - [2025-06-12T15:16:29.130+0000] {dag.py:3954} INFO - Setting next_dagrun for example_xcom_args to None, run_after=None
[2025-06-12T15:16:29.132+0000] {logging_mixin.py:188} INFO - [2025-06-12T15:16:29.132+0000] {dag.py:3954} INFO - Setting next_dagrun for example_xcom_args_with_operators to None, run_after=None
[2025-06-12T15:16:29.142+0000] {processor.py:183} INFO - Processing /home/airflow/.local/lib/python3.12/site-packages/airflow/example_dags/example_xcomargs.py took 0.044 seconds
[2025-06-12T15:17:00.122+0000] {processor.py:161} INFO - Started process (PID=1352) to work on /home/airflow/.local/lib/python3.12/site-packages/airflow/example_dags/example_xcomargs.py
[2025-06-12T15:17:00.123+0000] {processor.py:830} INFO - Processing file /home/airflow/.local/lib/python3.12/site-packages/airflow/example_dags/example_xcomargs.py for tasks to queue
[2025-06-12T15:17:00.124+0000] {logging_mixin.py:188} INFO - [2025-06-12T15:17:00.124+0000] {dagbag.py:540} INFO - Filling up the DagBag from /home/airflow/.local/lib/python3.12/site-packages/airflow/example_dags/example_xcomargs.py
[2025-06-12T15:17:00.127+0000] {processor.py:840} INFO - DAG(s) 'example_xcom_args_with_operators', 'example_xcom_args' retrieved from /home/airflow/.local/lib/python3.12/site-packages/airflow/example_dags/example_xcomargs.py
[2025-06-12T15:17:00.148+0000] {logging_mixin.py:188} INFO - [2025-06-12T15:17:00.148+0000] {dag.py:3096} INFO - Sync 2 DAGs
[2025-06-12T15:17:00.156+0000] {logging_mixin.py:188} INFO - [2025-06-12T15:17:00.156+0000] {dag.py:3954} INFO - Setting next_dagrun for example_xcom_args to None, run_after=None
[2025-06-12T15:17:00.161+0000] {logging_mixin.py:188} INFO - [2025-06-12T15:17:00.161+0000] {dag.py:3954} INFO - Setting next_dagrun for example_xcom_args_with_operators to None, run_after=None
[2025-06-12T15:17:00.170+0000] {processor.py:183} INFO - Processing /home/airflow/.local/lib/python3.12/site-packages/airflow/example_dags/example_xcomargs.py took 0.051 seconds
[2025-06-12T15:17:31.076+0000] {processor.py:161} INFO - Started process (PID=1426) to work on /home/airflow/.local/lib/python3.12/site-packages/airflow/example_dags/example_xcomargs.py
[2025-06-12T15:17:31.080+0000] {processor.py:830} INFO - Processing file /home/airflow/.local/lib/python3.12/site-packages/airflow/example_dags/example_xcomargs.py for tasks to queue
[2025-06-12T15:17:31.082+0000] {logging_mixin.py:188} INFO - [2025-06-12T15:17:31.081+0000] {dagbag.py:540} INFO - Filling up the DagBag from /home/airflow/.local/lib/python3.12/site-packages/airflow/example_dags/example_xcomargs.py
[2025-06-12T15:17:31.086+0000] {processor.py:840} INFO - DAG(s) 'example_xcom_args_with_operators', 'example_xcom_args' retrieved from /home/airflow/.local/lib/python3.12/site-packages/airflow/example_dags/example_xcomargs.py
[2025-06-12T15:17:31.204+0000] {logging_mixin.py:188} INFO - [2025-06-12T15:17:31.203+0000] {dag.py:3096} INFO - Sync 2 DAGs
[2025-06-12T15:17:31.210+0000] {logging_mixin.py:188} INFO - [2025-06-12T15:17:31.210+0000] {dag.py:3954} INFO - Setting next_dagrun for example_xcom_args to None, run_after=None
[2025-06-12T15:17:31.214+0000] {logging_mixin.py:188} INFO - [2025-06-12T15:17:31.213+0000] {dag.py:3954} INFO - Setting next_dagrun for example_xcom_args_with_operators to None, run_after=None
[2025-06-12T15:17:31.224+0000] {processor.py:183} INFO - Processing /home/airflow/.local/lib/python3.12/site-packages/airflow/example_dags/example_xcomargs.py took 0.150 seconds
[2025-06-12T15:18:01.967+0000] {processor.py:161} INFO - Started process (PID=1493) to work on /home/airflow/.local/lib/python3.12/site-packages/airflow/example_dags/example_xcomargs.py
[2025-06-12T15:18:01.968+0000] {processor.py:830} INFO - Processing file /home/airflow/.local/lib/python3.12/site-packages/airflow/example_dags/example_xcomargs.py for tasks to queue
[2025-06-12T15:18:01.969+0000] {logging_mixin.py:188} INFO - [2025-06-12T15:18:01.969+0000] {dagbag.py:540} INFO - Filling up the DagBag from /home/airflow/.local/lib/python3.12/site-packages/airflow/example_dags/example_xcomargs.py
[2025-06-12T15:18:01.973+0000] {processor.py:840} INFO - DAG(s) 'example_xcom_args', 'example_xcom_args_with_operators' retrieved from /home/airflow/.local/lib/python3.12/site-packages/airflow/example_dags/example_xcomargs.py
[2025-06-12T15:18:01.986+0000] {logging_mixin.py:188} INFO - [2025-06-12T15:18:01.986+0000] {dag.py:3096} INFO - Sync 2 DAGs
[2025-06-12T15:18:01.992+0000] {logging_mixin.py:188} INFO - [2025-06-12T15:18:01.992+0000] {dag.py:3954} INFO - Setting next_dagrun for example_xcom_args to None, run_after=None
[2025-06-12T15:18:01.993+0000] {logging_mixin.py:188} INFO - [2025-06-12T15:18:01.993+0000] {dag.py:3954} INFO - Setting next_dagrun for example_xcom_args_with_operators to None, run_after=None
[2025-06-12T15:18:02.001+0000] {processor.py:183} INFO - Processing /home/airflow/.local/lib/python3.12/site-packages/airflow/example_dags/example_xcomargs.py took 0.038 seconds
[2025-06-12T15:18:32.595+0000] {processor.py:161} INFO - Started process (PID=1567) to work on /home/airflow/.local/lib/python3.12/site-packages/airflow/example_dags/example_xcomargs.py
[2025-06-12T15:18:32.596+0000] {processor.py:830} INFO - Processing file /home/airflow/.local/lib/python3.12/site-packages/airflow/example_dags/example_xcomargs.py for tasks to queue
[2025-06-12T15:18:32.598+0000] {logging_mixin.py:188} INFO - [2025-06-12T15:18:32.598+0000] {dagbag.py:540} INFO - Filling up the DagBag from /home/airflow/.local/lib/python3.12/site-packages/airflow/example_dags/example_xcomargs.py
[2025-06-12T15:18:32.605+0000] {processor.py:840} INFO - DAG(s) 'example_xcom_args_with_operators', 'example_xcom_args' retrieved from /home/airflow/.local/lib/python3.12/site-packages/airflow/example_dags/example_xcomargs.py
[2025-06-12T15:18:32.620+0000] {logging_mixin.py:188} INFO - [2025-06-12T15:18:32.620+0000] {dag.py:3096} INFO - Sync 2 DAGs
[2025-06-12T15:18:32.627+0000] {logging_mixin.py:188} INFO - [2025-06-12T15:18:32.626+0000] {dag.py:3954} INFO - Setting next_dagrun for example_xcom_args to None, run_after=None
[2025-06-12T15:18:32.630+0000] {logging_mixin.py:188} INFO - [2025-06-12T15:18:32.630+0000] {dag.py:3954} INFO - Setting next_dagrun for example_xcom_args_with_operators to None, run_after=None
[2025-06-12T15:18:32.638+0000] {processor.py:183} INFO - Processing /home/airflow/.local/lib/python3.12/site-packages/airflow/example_dags/example_xcomargs.py took 0.046 seconds
