[2025-06-12T13:58:37.980+0000] {processor.py:161} INFO - Started process (PID=56) to work on /home/airflow/.local/lib/python3.12/site-packages/airflow/example_dags/tutorial.py
[2025-06-12T13:58:37.986+0000] {processor.py:830} INFO - Processing file /home/airflow/.local/lib/python3.12/site-packages/airflow/example_dags/tutorial.py for tasks to queue
[2025-06-12T13:58:37.991+0000] {logging_mixin.py:188} INFO - [2025-06-12T13:58:37.989+0000] {dagbag.py:540} INFO - Filling up the DagBag from /home/airflow/.local/lib/python3.12/site-packages/airflow/example_dags/tutorial.py
[2025-06-12T13:58:38.004+0000] {processor.py:840} INFO - DAG(s) 'tutorial' retrieved from /home/airflow/.local/lib/python3.12/site-packages/airflow/example_dags/tutorial.py
[2025-06-12T13:58:38.053+0000] {logging_mixin.py:188} INFO - [2025-06-12T13:58:38.052+0000] {dag.py:3096} INFO - Sync 1 DAGs
[2025-06-12T13:58:38.120+0000] {logging_mixin.py:188} INFO - [2025-06-12T13:58:38.119+0000] {dag.py:3954} INFO - Setting next_dagrun for tutorial to 2025-06-11 00:00:00+00:00, run_after=2025-06-12 00:00:00+00:00
[2025-06-12T13:58:38.219+0000] {processor.py:183} INFO - Processing /home/airflow/.local/lib/python3.12/site-packages/airflow/example_dags/tutorial.py took 0.256 seconds
[2025-06-12T13:59:08.736+0000] {processor.py:161} INFO - Started process (PID=123) to work on /home/airflow/.local/lib/python3.12/site-packages/airflow/example_dags/tutorial.py
[2025-06-12T13:59:08.737+0000] {processor.py:830} INFO - Processing file /home/airflow/.local/lib/python3.12/site-packages/airflow/example_dags/tutorial.py for tasks to queue
[2025-06-12T13:59:08.739+0000] {logging_mixin.py:188} INFO - [2025-06-12T13:59:08.739+0000] {dagbag.py:540} INFO - Filling up the DagBag from /home/airflow/.local/lib/python3.12/site-packages/airflow/example_dags/tutorial.py
[2025-06-12T13:59:08.742+0000] {processor.py:840} INFO - DAG(s) 'tutorial' retrieved from /home/airflow/.local/lib/python3.12/site-packages/airflow/example_dags/tutorial.py
[2025-06-12T13:59:08.781+0000] {logging_mixin.py:188} INFO - [2025-06-12T13:59:08.781+0000] {dag.py:3096} INFO - Sync 1 DAGs
[2025-06-12T13:59:08.788+0000] {logging_mixin.py:188} INFO - [2025-06-12T13:59:08.788+0000] {dag.py:3954} INFO - Setting next_dagrun for tutorial to 2025-06-11 00:00:00+00:00, run_after=2025-06-12 00:00:00+00:00
[2025-06-12T13:59:08.798+0000] {processor.py:183} INFO - Processing /home/airflow/.local/lib/python3.12/site-packages/airflow/example_dags/tutorial.py took 0.065 seconds
[2025-06-12T13:59:39.837+0000] {processor.py:161} INFO - Started process (PID=190) to work on /home/airflow/.local/lib/python3.12/site-packages/airflow/example_dags/tutorial.py
[2025-06-12T13:59:39.838+0000] {processor.py:830} INFO - Processing file /home/airflow/.local/lib/python3.12/site-packages/airflow/example_dags/tutorial.py for tasks to queue
[2025-06-12T13:59:39.839+0000] {logging_mixin.py:188} INFO - [2025-06-12T13:59:39.839+0000] {dagbag.py:540} INFO - Filling up the DagBag from /home/airflow/.local/lib/python3.12/site-packages/airflow/example_dags/tutorial.py
[2025-06-12T13:59:39.842+0000] {processor.py:840} INFO - DAG(s) 'tutorial' retrieved from /home/airflow/.local/lib/python3.12/site-packages/airflow/example_dags/tutorial.py
[2025-06-12T13:59:39.869+0000] {logging_mixin.py:188} INFO - [2025-06-12T13:59:39.869+0000] {dag.py:3096} INFO - Sync 1 DAGs
[2025-06-12T13:59:39.889+0000] {logging_mixin.py:188} INFO - [2025-06-12T13:59:39.888+0000] {dag.py:3954} INFO - Setting next_dagrun for tutorial to 2025-06-11 00:00:00+00:00, run_after=2025-06-12 00:00:00+00:00
[2025-06-12T13:59:39.906+0000] {processor.py:183} INFO - Processing /home/airflow/.local/lib/python3.12/site-packages/airflow/example_dags/tutorial.py took 0.073 seconds
[2025-06-12T14:00:10.271+0000] {processor.py:161} INFO - Started process (PID=264) to work on /home/airflow/.local/lib/python3.12/site-packages/airflow/example_dags/tutorial.py
[2025-06-12T14:00:10.272+0000] {processor.py:830} INFO - Processing file /home/airflow/.local/lib/python3.12/site-packages/airflow/example_dags/tutorial.py for tasks to queue
[2025-06-12T14:00:10.273+0000] {logging_mixin.py:188} INFO - [2025-06-12T14:00:10.273+0000] {dagbag.py:540} INFO - Filling up the DagBag from /home/airflow/.local/lib/python3.12/site-packages/airflow/example_dags/tutorial.py
[2025-06-12T14:00:10.278+0000] {processor.py:840} INFO - DAG(s) 'tutorial' retrieved from /home/airflow/.local/lib/python3.12/site-packages/airflow/example_dags/tutorial.py
[2025-06-12T14:00:10.290+0000] {logging_mixin.py:188} INFO - [2025-06-12T14:00:10.290+0000] {dag.py:3096} INFO - Sync 1 DAGs
[2025-06-12T14:00:10.301+0000] {logging_mixin.py:188} INFO - [2025-06-12T14:00:10.301+0000] {dag.py:3954} INFO - Setting next_dagrun for tutorial to 2025-06-11 00:00:00+00:00, run_after=2025-06-12 00:00:00+00:00
[2025-06-12T14:00:10.311+0000] {processor.py:183} INFO - Processing /home/airflow/.local/lib/python3.12/site-packages/airflow/example_dags/tutorial.py took 0.042 seconds
[2025-06-12T14:00:40.993+0000] {processor.py:161} INFO - Started process (PID=338) to work on /home/airflow/.local/lib/python3.12/site-packages/airflow/example_dags/tutorial.py
[2025-06-12T14:00:40.994+0000] {processor.py:830} INFO - Processing file /home/airflow/.local/lib/python3.12/site-packages/airflow/example_dags/tutorial.py for tasks to queue
[2025-06-12T14:00:40.995+0000] {logging_mixin.py:188} INFO - [2025-06-12T14:00:40.995+0000] {dagbag.py:540} INFO - Filling up the DagBag from /home/airflow/.local/lib/python3.12/site-packages/airflow/example_dags/tutorial.py
[2025-06-12T14:00:40.999+0000] {processor.py:840} INFO - DAG(s) 'tutorial' retrieved from /home/airflow/.local/lib/python3.12/site-packages/airflow/example_dags/tutorial.py
[2025-06-12T14:00:41.024+0000] {logging_mixin.py:188} INFO - [2025-06-12T14:00:41.023+0000] {dag.py:3096} INFO - Sync 1 DAGs
[2025-06-12T14:00:41.039+0000] {logging_mixin.py:188} INFO - [2025-06-12T14:00:41.039+0000] {dag.py:3954} INFO - Setting next_dagrun for tutorial to 2025-06-11 00:00:00+00:00, run_after=2025-06-12 00:00:00+00:00
[2025-06-12T14:00:41.053+0000] {processor.py:183} INFO - Processing /home/airflow/.local/lib/python3.12/site-packages/airflow/example_dags/tutorial.py took 0.064 seconds
[2025-06-12T14:01:11.369+0000] {processor.py:161} INFO - Started process (PID=405) to work on /home/airflow/.local/lib/python3.12/site-packages/airflow/example_dags/tutorial.py
[2025-06-12T14:01:11.370+0000] {processor.py:830} INFO - Processing file /home/airflow/.local/lib/python3.12/site-packages/airflow/example_dags/tutorial.py for tasks to queue
[2025-06-12T14:01:11.372+0000] {logging_mixin.py:188} INFO - [2025-06-12T14:01:11.372+0000] {dagbag.py:540} INFO - Filling up the DagBag from /home/airflow/.local/lib/python3.12/site-packages/airflow/example_dags/tutorial.py
[2025-06-12T14:01:11.375+0000] {processor.py:840} INFO - DAG(s) 'tutorial' retrieved from /home/airflow/.local/lib/python3.12/site-packages/airflow/example_dags/tutorial.py
[2025-06-12T14:01:11.388+0000] {logging_mixin.py:188} INFO - [2025-06-12T14:01:11.388+0000] {dag.py:3096} INFO - Sync 1 DAGs
[2025-06-12T14:01:11.400+0000] {logging_mixin.py:188} INFO - [2025-06-12T14:01:11.400+0000] {dag.py:3954} INFO - Setting next_dagrun for tutorial to 2025-06-11 00:00:00+00:00, run_after=2025-06-12 00:00:00+00:00
[2025-06-12T14:01:11.411+0000] {processor.py:183} INFO - Processing /home/airflow/.local/lib/python3.12/site-packages/airflow/example_dags/tutorial.py took 0.045 seconds
[2025-06-12T14:15:47.782+0000] {processor.py:161} INFO - Started process (PID=57) to work on /home/airflow/.local/lib/python3.12/site-packages/airflow/example_dags/tutorial.py
[2025-06-12T14:15:47.783+0000] {processor.py:830} INFO - Processing file /home/airflow/.local/lib/python3.12/site-packages/airflow/example_dags/tutorial.py for tasks to queue
[2025-06-12T14:15:47.786+0000] {logging_mixin.py:188} INFO - [2025-06-12T14:15:47.785+0000] {dagbag.py:540} INFO - Filling up the DagBag from /home/airflow/.local/lib/python3.12/site-packages/airflow/example_dags/tutorial.py
[2025-06-12T14:15:47.797+0000] {processor.py:840} INFO - DAG(s) 'tutorial' retrieved from /home/airflow/.local/lib/python3.12/site-packages/airflow/example_dags/tutorial.py
[2025-06-12T14:15:47.817+0000] {logging_mixin.py:188} INFO - [2025-06-12T14:15:47.817+0000] {dag.py:3096} INFO - Sync 1 DAGs
[2025-06-12T14:15:47.841+0000] {logging_mixin.py:188} INFO - [2025-06-12T14:15:47.841+0000] {dag.py:3954} INFO - Setting next_dagrun for tutorial to 2025-06-11 00:00:00+00:00, run_after=2025-06-12 00:00:00+00:00
[2025-06-12T14:15:47.860+0000] {processor.py:183} INFO - Processing /home/airflow/.local/lib/python3.12/site-packages/airflow/example_dags/tutorial.py took 0.090 seconds
[2025-06-12T14:16:18.057+0000] {processor.py:161} INFO - Started process (PID=124) to work on /home/airflow/.local/lib/python3.12/site-packages/airflow/example_dags/tutorial.py
[2025-06-12T14:16:18.058+0000] {processor.py:830} INFO - Processing file /home/airflow/.local/lib/python3.12/site-packages/airflow/example_dags/tutorial.py for tasks to queue
[2025-06-12T14:16:18.059+0000] {logging_mixin.py:188} INFO - [2025-06-12T14:16:18.058+0000] {dagbag.py:540} INFO - Filling up the DagBag from /home/airflow/.local/lib/python3.12/site-packages/airflow/example_dags/tutorial.py
[2025-06-12T14:16:18.061+0000] {processor.py:840} INFO - DAG(s) 'tutorial' retrieved from /home/airflow/.local/lib/python3.12/site-packages/airflow/example_dags/tutorial.py
[2025-06-12T14:16:18.110+0000] {logging_mixin.py:188} INFO - [2025-06-12T14:16:18.110+0000] {dag.py:3096} INFO - Sync 1 DAGs
[2025-06-12T14:16:18.120+0000] {logging_mixin.py:188} INFO - [2025-06-12T14:16:18.120+0000] {dag.py:3954} INFO - Setting next_dagrun for tutorial to 2025-06-11 00:00:00+00:00, run_after=2025-06-12 00:00:00+00:00
[2025-06-12T14:16:18.132+0000] {processor.py:183} INFO - Processing /home/airflow/.local/lib/python3.12/site-packages/airflow/example_dags/tutorial.py took 0.078 seconds
[2025-06-12T14:16:48.182+0000] {processor.py:161} INFO - Started process (PID=198) to work on /home/airflow/.local/lib/python3.12/site-packages/airflow/example_dags/tutorial.py
[2025-06-12T14:16:48.182+0000] {processor.py:830} INFO - Processing file /home/airflow/.local/lib/python3.12/site-packages/airflow/example_dags/tutorial.py for tasks to queue
[2025-06-12T14:16:48.183+0000] {logging_mixin.py:188} INFO - [2025-06-12T14:16:48.183+0000] {dagbag.py:540} INFO - Filling up the DagBag from /home/airflow/.local/lib/python3.12/site-packages/airflow/example_dags/tutorial.py
[2025-06-12T14:16:48.187+0000] {processor.py:840} INFO - DAG(s) 'tutorial' retrieved from /home/airflow/.local/lib/python3.12/site-packages/airflow/example_dags/tutorial.py
[2025-06-12T14:16:48.198+0000] {logging_mixin.py:188} INFO - [2025-06-12T14:16:48.198+0000] {dag.py:3096} INFO - Sync 1 DAGs
[2025-06-12T14:16:48.207+0000] {logging_mixin.py:188} INFO - [2025-06-12T14:16:48.207+0000] {dag.py:3954} INFO - Setting next_dagrun for tutorial to 2025-06-11 00:00:00+00:00, run_after=2025-06-12 00:00:00+00:00
[2025-06-12T14:16:48.218+0000] {processor.py:183} INFO - Processing /home/airflow/.local/lib/python3.12/site-packages/airflow/example_dags/tutorial.py took 0.039 seconds
[2025-06-12T14:17:20.116+0000] {processor.py:161} INFO - Started process (PID=272) to work on /home/airflow/.local/lib/python3.12/site-packages/airflow/example_dags/tutorial.py
[2025-06-12T14:17:20.117+0000] {processor.py:830} INFO - Processing file /home/airflow/.local/lib/python3.12/site-packages/airflow/example_dags/tutorial.py for tasks to queue
[2025-06-12T14:17:20.119+0000] {logging_mixin.py:188} INFO - [2025-06-12T14:17:20.119+0000] {dagbag.py:540} INFO - Filling up the DagBag from /home/airflow/.local/lib/python3.12/site-packages/airflow/example_dags/tutorial.py
[2025-06-12T14:17:20.126+0000] {processor.py:840} INFO - DAG(s) 'tutorial' retrieved from /home/airflow/.local/lib/python3.12/site-packages/airflow/example_dags/tutorial.py
[2025-06-12T14:17:20.228+0000] {logging_mixin.py:188} INFO - [2025-06-12T14:17:20.228+0000] {dag.py:3096} INFO - Sync 1 DAGs
[2025-06-12T14:17:20.246+0000] {logging_mixin.py:188} INFO - [2025-06-12T14:17:20.246+0000] {dag.py:3954} INFO - Setting next_dagrun for tutorial to 2025-06-11 00:00:00+00:00, run_after=2025-06-12 00:00:00+00:00
[2025-06-12T14:17:20.267+0000] {processor.py:183} INFO - Processing /home/airflow/.local/lib/python3.12/site-packages/airflow/example_dags/tutorial.py took 0.159 seconds
[2025-06-12T14:17:51.264+0000] {processor.py:161} INFO - Started process (PID=338) to work on /home/airflow/.local/lib/python3.12/site-packages/airflow/example_dags/tutorial.py
[2025-06-12T14:17:51.265+0000] {processor.py:830} INFO - Processing file /home/airflow/.local/lib/python3.12/site-packages/airflow/example_dags/tutorial.py for tasks to queue
[2025-06-12T14:17:51.267+0000] {logging_mixin.py:188} INFO - [2025-06-12T14:17:51.267+0000] {dagbag.py:540} INFO - Filling up the DagBag from /home/airflow/.local/lib/python3.12/site-packages/airflow/example_dags/tutorial.py
[2025-06-12T14:17:51.271+0000] {processor.py:840} INFO - DAG(s) 'tutorial' retrieved from /home/airflow/.local/lib/python3.12/site-packages/airflow/example_dags/tutorial.py
[2025-06-12T14:17:51.291+0000] {logging_mixin.py:188} INFO - [2025-06-12T14:17:51.291+0000] {dag.py:3096} INFO - Sync 1 DAGs
[2025-06-12T14:17:51.305+0000] {logging_mixin.py:188} INFO - [2025-06-12T14:17:51.305+0000] {dag.py:3954} INFO - Setting next_dagrun for tutorial to 2025-06-11 00:00:00+00:00, run_after=2025-06-12 00:00:00+00:00
[2025-06-12T14:17:51.317+0000] {processor.py:183} INFO - Processing /home/airflow/.local/lib/python3.12/site-packages/airflow/example_dags/tutorial.py took 0.060 seconds
[2025-06-12T14:18:33.876+0000] {processor.py:161} INFO - Started process (PID=56) to work on /home/airflow/.local/lib/python3.12/site-packages/airflow/example_dags/tutorial.py
[2025-06-12T14:18:33.878+0000] {processor.py:830} INFO - Processing file /home/airflow/.local/lib/python3.12/site-packages/airflow/example_dags/tutorial.py for tasks to queue
[2025-06-12T14:18:33.880+0000] {logging_mixin.py:188} INFO - [2025-06-12T14:18:33.880+0000] {dagbag.py:540} INFO - Filling up the DagBag from /home/airflow/.local/lib/python3.12/site-packages/airflow/example_dags/tutorial.py
[2025-06-12T14:18:33.892+0000] {processor.py:840} INFO - DAG(s) 'tutorial' retrieved from /home/airflow/.local/lib/python3.12/site-packages/airflow/example_dags/tutorial.py
[2025-06-12T14:18:33.941+0000] {logging_mixin.py:188} INFO - [2025-06-12T14:18:33.941+0000] {dag.py:3096} INFO - Sync 1 DAGs
[2025-06-12T14:18:33.982+0000] {logging_mixin.py:188} INFO - [2025-06-12T14:18:33.982+0000] {dag.py:3954} INFO - Setting next_dagrun for tutorial to 2025-06-11 00:00:00+00:00, run_after=2025-06-12 00:00:00+00:00
[2025-06-12T14:18:34.013+0000] {processor.py:183} INFO - Processing /home/airflow/.local/lib/python3.12/site-packages/airflow/example_dags/tutorial.py took 0.148 seconds
[2025-06-12T14:19:04.757+0000] {processor.py:161} INFO - Started process (PID=122) to work on /home/airflow/.local/lib/python3.12/site-packages/airflow/example_dags/tutorial.py
[2025-06-12T14:19:04.758+0000] {processor.py:830} INFO - Processing file /home/airflow/.local/lib/python3.12/site-packages/airflow/example_dags/tutorial.py for tasks to queue
[2025-06-12T14:19:04.759+0000] {logging_mixin.py:188} INFO - [2025-06-12T14:19:04.759+0000] {dagbag.py:540} INFO - Filling up the DagBag from /home/airflow/.local/lib/python3.12/site-packages/airflow/example_dags/tutorial.py
[2025-06-12T14:19:04.762+0000] {processor.py:840} INFO - DAG(s) 'tutorial' retrieved from /home/airflow/.local/lib/python3.12/site-packages/airflow/example_dags/tutorial.py
[2025-06-12T14:19:04.770+0000] {logging_mixin.py:188} INFO - [2025-06-12T14:19:04.770+0000] {dag.py:3096} INFO - Sync 1 DAGs
[2025-06-12T14:19:04.780+0000] {logging_mixin.py:188} INFO - [2025-06-12T14:19:04.780+0000] {dag.py:3954} INFO - Setting next_dagrun for tutorial to 2025-06-11 00:00:00+00:00, run_after=2025-06-12 00:00:00+00:00
[2025-06-12T14:19:04.787+0000] {processor.py:183} INFO - Processing /home/airflow/.local/lib/python3.12/site-packages/airflow/example_dags/tutorial.py took 0.033 seconds
[2025-06-12T14:19:35.083+0000] {processor.py:161} INFO - Started process (PID=196) to work on /home/airflow/.local/lib/python3.12/site-packages/airflow/example_dags/tutorial.py
[2025-06-12T14:19:35.083+0000] {processor.py:830} INFO - Processing file /home/airflow/.local/lib/python3.12/site-packages/airflow/example_dags/tutorial.py for tasks to queue
[2025-06-12T14:19:35.084+0000] {logging_mixin.py:188} INFO - [2025-06-12T14:19:35.084+0000] {dagbag.py:540} INFO - Filling up the DagBag from /home/airflow/.local/lib/python3.12/site-packages/airflow/example_dags/tutorial.py
[2025-06-12T14:19:35.086+0000] {processor.py:840} INFO - DAG(s) 'tutorial' retrieved from /home/airflow/.local/lib/python3.12/site-packages/airflow/example_dags/tutorial.py
[2025-06-12T14:19:35.092+0000] {logging_mixin.py:188} INFO - [2025-06-12T14:19:35.092+0000] {dag.py:3096} INFO - Sync 1 DAGs
[2025-06-12T14:19:35.101+0000] {logging_mixin.py:188} INFO - [2025-06-12T14:19:35.101+0000] {dag.py:3954} INFO - Setting next_dagrun for tutorial to 2025-06-11 00:00:00+00:00, run_after=2025-06-12 00:00:00+00:00
[2025-06-12T14:19:35.107+0000] {processor.py:183} INFO - Processing /home/airflow/.local/lib/python3.12/site-packages/airflow/example_dags/tutorial.py took 0.027 seconds
[2025-06-12T14:20:05.825+0000] {processor.py:161} INFO - Started process (PID=262) to work on /home/airflow/.local/lib/python3.12/site-packages/airflow/example_dags/tutorial.py
[2025-06-12T14:20:05.826+0000] {processor.py:830} INFO - Processing file /home/airflow/.local/lib/python3.12/site-packages/airflow/example_dags/tutorial.py for tasks to queue
[2025-06-12T14:20:05.827+0000] {logging_mixin.py:188} INFO - [2025-06-12T14:20:05.826+0000] {dagbag.py:540} INFO - Filling up the DagBag from /home/airflow/.local/lib/python3.12/site-packages/airflow/example_dags/tutorial.py
[2025-06-12T14:20:05.829+0000] {processor.py:840} INFO - DAG(s) 'tutorial' retrieved from /home/airflow/.local/lib/python3.12/site-packages/airflow/example_dags/tutorial.py
[2025-06-12T14:20:05.868+0000] {logging_mixin.py:188} INFO - [2025-06-12T14:20:05.868+0000] {dag.py:3096} INFO - Sync 1 DAGs
[2025-06-12T14:20:05.875+0000] {logging_mixin.py:188} INFO - [2025-06-12T14:20:05.875+0000] {dag.py:3954} INFO - Setting next_dagrun for tutorial to 2025-06-11 00:00:00+00:00, run_after=2025-06-12 00:00:00+00:00
[2025-06-12T14:20:05.881+0000] {processor.py:183} INFO - Processing /home/airflow/.local/lib/python3.12/site-packages/airflow/example_dags/tutorial.py took 0.059 seconds
[2025-06-12T14:20:36.849+0000] {processor.py:161} INFO - Started process (PID=337) to work on /home/airflow/.local/lib/python3.12/site-packages/airflow/example_dags/tutorial.py
[2025-06-12T14:20:36.850+0000] {processor.py:830} INFO - Processing file /home/airflow/.local/lib/python3.12/site-packages/airflow/example_dags/tutorial.py for tasks to queue
[2025-06-12T14:20:36.850+0000] {logging_mixin.py:188} INFO - [2025-06-12T14:20:36.850+0000] {dagbag.py:540} INFO - Filling up the DagBag from /home/airflow/.local/lib/python3.12/site-packages/airflow/example_dags/tutorial.py
[2025-06-12T14:20:36.853+0000] {processor.py:840} INFO - DAG(s) 'tutorial' retrieved from /home/airflow/.local/lib/python3.12/site-packages/airflow/example_dags/tutorial.py
[2025-06-12T14:20:36.864+0000] {logging_mixin.py:188} INFO - [2025-06-12T14:20:36.864+0000] {dag.py:3096} INFO - Sync 1 DAGs
[2025-06-12T14:20:36.873+0000] {logging_mixin.py:188} INFO - [2025-06-12T14:20:36.873+0000] {dag.py:3954} INFO - Setting next_dagrun for tutorial to 2025-06-11 00:00:00+00:00, run_after=2025-06-12 00:00:00+00:00
[2025-06-12T14:20:36.879+0000] {processor.py:183} INFO - Processing /home/airflow/.local/lib/python3.12/site-packages/airflow/example_dags/tutorial.py took 0.033 seconds
[2025-06-12T14:21:07.391+0000] {processor.py:161} INFO - Started process (PID=411) to work on /home/airflow/.local/lib/python3.12/site-packages/airflow/example_dags/tutorial.py
[2025-06-12T14:21:07.392+0000] {processor.py:830} INFO - Processing file /home/airflow/.local/lib/python3.12/site-packages/airflow/example_dags/tutorial.py for tasks to queue
[2025-06-12T14:21:07.394+0000] {logging_mixin.py:188} INFO - [2025-06-12T14:21:07.394+0000] {dagbag.py:540} INFO - Filling up the DagBag from /home/airflow/.local/lib/python3.12/site-packages/airflow/example_dags/tutorial.py
[2025-06-12T14:21:07.397+0000] {processor.py:840} INFO - DAG(s) 'tutorial' retrieved from /home/airflow/.local/lib/python3.12/site-packages/airflow/example_dags/tutorial.py
[2025-06-12T14:21:07.412+0000] {logging_mixin.py:188} INFO - [2025-06-12T14:21:07.411+0000] {dag.py:3096} INFO - Sync 1 DAGs
[2025-06-12T14:21:07.424+0000] {logging_mixin.py:188} INFO - [2025-06-12T14:21:07.424+0000] {dag.py:3954} INFO - Setting next_dagrun for tutorial to 2025-06-11 00:00:00+00:00, run_after=2025-06-12 00:00:00+00:00
[2025-06-12T14:21:07.440+0000] {processor.py:183} INFO - Processing /home/airflow/.local/lib/python3.12/site-packages/airflow/example_dags/tutorial.py took 0.051 seconds
[2025-06-12T14:21:37.743+0000] {processor.py:161} INFO - Started process (PID=477) to work on /home/airflow/.local/lib/python3.12/site-packages/airflow/example_dags/tutorial.py
[2025-06-12T14:21:37.744+0000] {processor.py:830} INFO - Processing file /home/airflow/.local/lib/python3.12/site-packages/airflow/example_dags/tutorial.py for tasks to queue
[2025-06-12T14:21:37.745+0000] {logging_mixin.py:188} INFO - [2025-06-12T14:21:37.745+0000] {dagbag.py:540} INFO - Filling up the DagBag from /home/airflow/.local/lib/python3.12/site-packages/airflow/example_dags/tutorial.py
[2025-06-12T14:21:37.747+0000] {processor.py:840} INFO - DAG(s) 'tutorial' retrieved from /home/airflow/.local/lib/python3.12/site-packages/airflow/example_dags/tutorial.py
[2025-06-12T14:21:37.758+0000] {logging_mixin.py:188} INFO - [2025-06-12T14:21:37.758+0000] {dag.py:3096} INFO - Sync 1 DAGs
[2025-06-12T14:21:37.767+0000] {logging_mixin.py:188} INFO - [2025-06-12T14:21:37.766+0000] {dag.py:3954} INFO - Setting next_dagrun for tutorial to 2025-06-11 00:00:00+00:00, run_after=2025-06-12 00:00:00+00:00
[2025-06-12T14:21:37.773+0000] {processor.py:183} INFO - Processing /home/airflow/.local/lib/python3.12/site-packages/airflow/example_dags/tutorial.py took 0.032 seconds
[2025-06-12T14:22:08.029+0000] {processor.py:161} INFO - Started process (PID=551) to work on /home/airflow/.local/lib/python3.12/site-packages/airflow/example_dags/tutorial.py
[2025-06-12T14:22:08.030+0000] {processor.py:830} INFO - Processing file /home/airflow/.local/lib/python3.12/site-packages/airflow/example_dags/tutorial.py for tasks to queue
[2025-06-12T14:22:08.030+0000] {logging_mixin.py:188} INFO - [2025-06-12T14:22:08.030+0000] {dagbag.py:540} INFO - Filling up the DagBag from /home/airflow/.local/lib/python3.12/site-packages/airflow/example_dags/tutorial.py
[2025-06-12T14:22:08.033+0000] {processor.py:840} INFO - DAG(s) 'tutorial' retrieved from /home/airflow/.local/lib/python3.12/site-packages/airflow/example_dags/tutorial.py
[2025-06-12T14:22:08.043+0000] {logging_mixin.py:188} INFO - [2025-06-12T14:22:08.043+0000] {dag.py:3096} INFO - Sync 1 DAGs
[2025-06-12T14:22:08.051+0000] {logging_mixin.py:188} INFO - [2025-06-12T14:22:08.051+0000] {dag.py:3954} INFO - Setting next_dagrun for tutorial to 2025-06-11 00:00:00+00:00, run_after=2025-06-12 00:00:00+00:00
[2025-06-12T14:22:08.057+0000] {processor.py:183} INFO - Processing /home/airflow/.local/lib/python3.12/site-packages/airflow/example_dags/tutorial.py took 0.031 seconds
[2025-06-12T14:22:38.197+0000] {processor.py:161} INFO - Started process (PID=618) to work on /home/airflow/.local/lib/python3.12/site-packages/airflow/example_dags/tutorial.py
[2025-06-12T14:22:38.197+0000] {processor.py:830} INFO - Processing file /home/airflow/.local/lib/python3.12/site-packages/airflow/example_dags/tutorial.py for tasks to queue
[2025-06-12T14:22:38.198+0000] {logging_mixin.py:188} INFO - [2025-06-12T14:22:38.198+0000] {dagbag.py:540} INFO - Filling up the DagBag from /home/airflow/.local/lib/python3.12/site-packages/airflow/example_dags/tutorial.py
[2025-06-12T14:22:38.201+0000] {processor.py:840} INFO - DAG(s) 'tutorial' retrieved from /home/airflow/.local/lib/python3.12/site-packages/airflow/example_dags/tutorial.py
[2025-06-12T14:22:38.219+0000] {logging_mixin.py:188} INFO - [2025-06-12T14:22:38.219+0000] {dag.py:3096} INFO - Sync 1 DAGs
[2025-06-12T14:22:38.231+0000] {logging_mixin.py:188} INFO - [2025-06-12T14:22:38.231+0000] {dag.py:3954} INFO - Setting next_dagrun for tutorial to 2025-06-11 00:00:00+00:00, run_after=2025-06-12 00:00:00+00:00
[2025-06-12T14:22:38.244+0000] {processor.py:183} INFO - Processing /home/airflow/.local/lib/python3.12/site-packages/airflow/example_dags/tutorial.py took 0.051 seconds
[2025-06-12T14:23:08.515+0000] {processor.py:161} INFO - Started process (PID=692) to work on /home/airflow/.local/lib/python3.12/site-packages/airflow/example_dags/tutorial.py
[2025-06-12T14:23:08.515+0000] {processor.py:830} INFO - Processing file /home/airflow/.local/lib/python3.12/site-packages/airflow/example_dags/tutorial.py for tasks to queue
[2025-06-12T14:23:08.516+0000] {logging_mixin.py:188} INFO - [2025-06-12T14:23:08.516+0000] {dagbag.py:540} INFO - Filling up the DagBag from /home/airflow/.local/lib/python3.12/site-packages/airflow/example_dags/tutorial.py
[2025-06-12T14:23:08.519+0000] {processor.py:840} INFO - DAG(s) 'tutorial' retrieved from /home/airflow/.local/lib/python3.12/site-packages/airflow/example_dags/tutorial.py
[2025-06-12T14:23:08.528+0000] {logging_mixin.py:188} INFO - [2025-06-12T14:23:08.528+0000] {dag.py:3096} INFO - Sync 1 DAGs
[2025-06-12T14:23:08.536+0000] {logging_mixin.py:188} INFO - [2025-06-12T14:23:08.535+0000] {dag.py:3954} INFO - Setting next_dagrun for tutorial to 2025-06-11 00:00:00+00:00, run_after=2025-06-12 00:00:00+00:00
[2025-06-12T14:23:08.544+0000] {processor.py:183} INFO - Processing /home/airflow/.local/lib/python3.12/site-packages/airflow/example_dags/tutorial.py took 0.031 seconds
[2025-06-12T14:23:38.660+0000] {processor.py:161} INFO - Started process (PID=766) to work on /home/airflow/.local/lib/python3.12/site-packages/airflow/example_dags/tutorial.py
[2025-06-12T14:23:38.661+0000] {processor.py:830} INFO - Processing file /home/airflow/.local/lib/python3.12/site-packages/airflow/example_dags/tutorial.py for tasks to queue
[2025-06-12T14:23:38.662+0000] {logging_mixin.py:188} INFO - [2025-06-12T14:23:38.661+0000] {dagbag.py:540} INFO - Filling up the DagBag from /home/airflow/.local/lib/python3.12/site-packages/airflow/example_dags/tutorial.py
[2025-06-12T14:23:38.664+0000] {processor.py:840} INFO - DAG(s) 'tutorial' retrieved from /home/airflow/.local/lib/python3.12/site-packages/airflow/example_dags/tutorial.py
[2025-06-12T14:23:38.673+0000] {logging_mixin.py:188} INFO - [2025-06-12T14:23:38.673+0000] {dag.py:3096} INFO - Sync 1 DAGs
[2025-06-12T14:23:38.681+0000] {logging_mixin.py:188} INFO - [2025-06-12T14:23:38.681+0000] {dag.py:3954} INFO - Setting next_dagrun for tutorial to 2025-06-11 00:00:00+00:00, run_after=2025-06-12 00:00:00+00:00
[2025-06-12T14:23:38.688+0000] {processor.py:183} INFO - Processing /home/airflow/.local/lib/python3.12/site-packages/airflow/example_dags/tutorial.py took 0.030 seconds
[2025-06-12T14:24:09.159+0000] {processor.py:161} INFO - Started process (PID=833) to work on /home/airflow/.local/lib/python3.12/site-packages/airflow/example_dags/tutorial.py
[2025-06-12T14:24:09.160+0000] {processor.py:830} INFO - Processing file /home/airflow/.local/lib/python3.12/site-packages/airflow/example_dags/tutorial.py for tasks to queue
[2025-06-12T14:24:09.160+0000] {logging_mixin.py:188} INFO - [2025-06-12T14:24:09.160+0000] {dagbag.py:540} INFO - Filling up the DagBag from /home/airflow/.local/lib/python3.12/site-packages/airflow/example_dags/tutorial.py
[2025-06-12T14:24:09.163+0000] {processor.py:840} INFO - DAG(s) 'tutorial' retrieved from /home/airflow/.local/lib/python3.12/site-packages/airflow/example_dags/tutorial.py
[2025-06-12T14:24:09.172+0000] {logging_mixin.py:188} INFO - [2025-06-12T14:24:09.172+0000] {dag.py:3096} INFO - Sync 1 DAGs
[2025-06-12T14:24:09.181+0000] {logging_mixin.py:188} INFO - [2025-06-12T14:24:09.180+0000] {dag.py:3954} INFO - Setting next_dagrun for tutorial to 2025-06-11 00:00:00+00:00, run_after=2025-06-12 00:00:00+00:00
[2025-06-12T14:24:09.187+0000] {processor.py:183} INFO - Processing /home/airflow/.local/lib/python3.12/site-packages/airflow/example_dags/tutorial.py took 0.031 seconds
[2025-06-12T14:24:40.012+0000] {processor.py:161} INFO - Started process (PID=907) to work on /home/airflow/.local/lib/python3.12/site-packages/airflow/example_dags/tutorial.py
[2025-06-12T14:24:40.013+0000] {processor.py:830} INFO - Processing file /home/airflow/.local/lib/python3.12/site-packages/airflow/example_dags/tutorial.py for tasks to queue
[2025-06-12T14:24:40.014+0000] {logging_mixin.py:188} INFO - [2025-06-12T14:24:40.014+0000] {dagbag.py:540} INFO - Filling up the DagBag from /home/airflow/.local/lib/python3.12/site-packages/airflow/example_dags/tutorial.py
[2025-06-12T14:24:40.017+0000] {processor.py:840} INFO - DAG(s) 'tutorial' retrieved from /home/airflow/.local/lib/python3.12/site-packages/airflow/example_dags/tutorial.py
[2025-06-12T14:24:40.028+0000] {logging_mixin.py:188} INFO - [2025-06-12T14:24:40.027+0000] {dag.py:3096} INFO - Sync 1 DAGs
[2025-06-12T14:24:40.036+0000] {logging_mixin.py:188} INFO - [2025-06-12T14:24:40.036+0000] {dag.py:3954} INFO - Setting next_dagrun for tutorial to 2025-06-11 00:00:00+00:00, run_after=2025-06-12 00:00:00+00:00
[2025-06-12T14:24:40.043+0000] {processor.py:183} INFO - Processing /home/airflow/.local/lib/python3.12/site-packages/airflow/example_dags/tutorial.py took 0.033 seconds
[2025-06-12T14:25:10.336+0000] {processor.py:161} INFO - Started process (PID=981) to work on /home/airflow/.local/lib/python3.12/site-packages/airflow/example_dags/tutorial.py
[2025-06-12T14:25:10.337+0000] {processor.py:830} INFO - Processing file /home/airflow/.local/lib/python3.12/site-packages/airflow/example_dags/tutorial.py for tasks to queue
[2025-06-12T14:25:10.338+0000] {logging_mixin.py:188} INFO - [2025-06-12T14:25:10.337+0000] {dagbag.py:540} INFO - Filling up the DagBag from /home/airflow/.local/lib/python3.12/site-packages/airflow/example_dags/tutorial.py
[2025-06-12T14:25:10.340+0000] {processor.py:840} INFO - DAG(s) 'tutorial' retrieved from /home/airflow/.local/lib/python3.12/site-packages/airflow/example_dags/tutorial.py
[2025-06-12T14:25:10.354+0000] {logging_mixin.py:188} INFO - [2025-06-12T14:25:10.354+0000] {dag.py:3096} INFO - Sync 1 DAGs
[2025-06-12T14:25:10.366+0000] {logging_mixin.py:188} INFO - [2025-06-12T14:25:10.366+0000] {dag.py:3954} INFO - Setting next_dagrun for tutorial to 2025-06-11 00:00:00+00:00, run_after=2025-06-12 00:00:00+00:00
[2025-06-12T14:25:10.379+0000] {processor.py:183} INFO - Processing /home/airflow/.local/lib/python3.12/site-packages/airflow/example_dags/tutorial.py took 0.045 seconds
[2025-06-12T14:25:40.700+0000] {processor.py:161} INFO - Started process (PID=1048) to work on /home/airflow/.local/lib/python3.12/site-packages/airflow/example_dags/tutorial.py
[2025-06-12T14:25:40.701+0000] {processor.py:830} INFO - Processing file /home/airflow/.local/lib/python3.12/site-packages/airflow/example_dags/tutorial.py for tasks to queue
[2025-06-12T14:25:40.703+0000] {logging_mixin.py:188} INFO - [2025-06-12T14:25:40.703+0000] {dagbag.py:540} INFO - Filling up the DagBag from /home/airflow/.local/lib/python3.12/site-packages/airflow/example_dags/tutorial.py
[2025-06-12T14:25:40.708+0000] {processor.py:840} INFO - DAG(s) 'tutorial' retrieved from /home/airflow/.local/lib/python3.12/site-packages/airflow/example_dags/tutorial.py
[2025-06-12T14:25:40.732+0000] {logging_mixin.py:188} INFO - [2025-06-12T14:25:40.731+0000] {dag.py:3096} INFO - Sync 1 DAGs
[2025-06-12T14:25:40.748+0000] {logging_mixin.py:188} INFO - [2025-06-12T14:25:40.748+0000] {dag.py:3954} INFO - Setting next_dagrun for tutorial to 2025-06-11 00:00:00+00:00, run_after=2025-06-12 00:00:00+00:00
[2025-06-12T14:25:40.767+0000] {processor.py:183} INFO - Processing /home/airflow/.local/lib/python3.12/site-packages/airflow/example_dags/tutorial.py took 0.071 seconds
[2025-06-12T14:26:10.923+0000] {processor.py:161} INFO - Started process (PID=1122) to work on /home/airflow/.local/lib/python3.12/site-packages/airflow/example_dags/tutorial.py
[2025-06-12T14:26:10.925+0000] {processor.py:830} INFO - Processing file /home/airflow/.local/lib/python3.12/site-packages/airflow/example_dags/tutorial.py for tasks to queue
[2025-06-12T14:26:10.925+0000] {logging_mixin.py:188} INFO - [2025-06-12T14:26:10.925+0000] {dagbag.py:540} INFO - Filling up the DagBag from /home/airflow/.local/lib/python3.12/site-packages/airflow/example_dags/tutorial.py
[2025-06-12T14:26:10.929+0000] {processor.py:840} INFO - DAG(s) 'tutorial' retrieved from /home/airflow/.local/lib/python3.12/site-packages/airflow/example_dags/tutorial.py
[2025-06-12T14:26:10.940+0000] {logging_mixin.py:188} INFO - [2025-06-12T14:26:10.940+0000] {dag.py:3096} INFO - Sync 1 DAGs
[2025-06-12T14:26:10.949+0000] {logging_mixin.py:188} INFO - [2025-06-12T14:26:10.949+0000] {dag.py:3954} INFO - Setting next_dagrun for tutorial to 2025-06-11 00:00:00+00:00, run_after=2025-06-12 00:00:00+00:00
[2025-06-12T14:26:10.962+0000] {processor.py:183} INFO - Processing /home/airflow/.local/lib/python3.12/site-packages/airflow/example_dags/tutorial.py took 0.041 seconds
[2025-06-12T14:26:41.811+0000] {processor.py:161} INFO - Started process (PID=1189) to work on /home/airflow/.local/lib/python3.12/site-packages/airflow/example_dags/tutorial.py
[2025-06-12T14:26:41.811+0000] {processor.py:830} INFO - Processing file /home/airflow/.local/lib/python3.12/site-packages/airflow/example_dags/tutorial.py for tasks to queue
[2025-06-12T14:26:41.815+0000] {logging_mixin.py:188} INFO - [2025-06-12T14:26:41.814+0000] {dagbag.py:540} INFO - Filling up the DagBag from /home/airflow/.local/lib/python3.12/site-packages/airflow/example_dags/tutorial.py
[2025-06-12T14:26:41.818+0000] {processor.py:840} INFO - DAG(s) 'tutorial' retrieved from /home/airflow/.local/lib/python3.12/site-packages/airflow/example_dags/tutorial.py
[2025-06-12T14:26:41.831+0000] {logging_mixin.py:188} INFO - [2025-06-12T14:26:41.831+0000] {dag.py:3096} INFO - Sync 1 DAGs
[2025-06-12T14:26:41.842+0000] {logging_mixin.py:188} INFO - [2025-06-12T14:26:41.842+0000] {dag.py:3954} INFO - Setting next_dagrun for tutorial to 2025-06-11 00:00:00+00:00, run_after=2025-06-12 00:00:00+00:00
[2025-06-12T14:26:41.850+0000] {processor.py:183} INFO - Processing /home/airflow/.local/lib/python3.12/site-packages/airflow/example_dags/tutorial.py took 0.042 seconds
[2025-06-12T14:27:12.895+0000] {processor.py:161} INFO - Started process (PID=1263) to work on /home/airflow/.local/lib/python3.12/site-packages/airflow/example_dags/tutorial.py
[2025-06-12T14:27:12.896+0000] {processor.py:830} INFO - Processing file /home/airflow/.local/lib/python3.12/site-packages/airflow/example_dags/tutorial.py for tasks to queue
[2025-06-12T14:27:12.897+0000] {logging_mixin.py:188} INFO - [2025-06-12T14:27:12.897+0000] {dagbag.py:540} INFO - Filling up the DagBag from /home/airflow/.local/lib/python3.12/site-packages/airflow/example_dags/tutorial.py
[2025-06-12T14:27:12.901+0000] {processor.py:840} INFO - DAG(s) 'tutorial' retrieved from /home/airflow/.local/lib/python3.12/site-packages/airflow/example_dags/tutorial.py
[2025-06-12T14:27:12.913+0000] {logging_mixin.py:188} INFO - [2025-06-12T14:27:12.913+0000] {dag.py:3096} INFO - Sync 1 DAGs
[2025-06-12T14:27:13.068+0000] {logging_mixin.py:188} INFO - [2025-06-12T14:27:13.068+0000] {dag.py:3954} INFO - Setting next_dagrun for tutorial to 2025-06-11 00:00:00+00:00, run_after=2025-06-12 00:00:00+00:00
[2025-06-12T14:27:13.090+0000] {processor.py:183} INFO - Processing /home/airflow/.local/lib/python3.12/site-packages/airflow/example_dags/tutorial.py took 0.200 seconds
[2025-06-12T14:27:44.076+0000] {processor.py:161} INFO - Started process (PID=1337) to work on /home/airflow/.local/lib/python3.12/site-packages/airflow/example_dags/tutorial.py
[2025-06-12T14:27:44.079+0000] {processor.py:830} INFO - Processing file /home/airflow/.local/lib/python3.12/site-packages/airflow/example_dags/tutorial.py for tasks to queue
[2025-06-12T14:27:44.079+0000] {logging_mixin.py:188} INFO - [2025-06-12T14:27:44.079+0000] {dagbag.py:540} INFO - Filling up the DagBag from /home/airflow/.local/lib/python3.12/site-packages/airflow/example_dags/tutorial.py
[2025-06-12T14:27:44.084+0000] {processor.py:840} INFO - DAG(s) 'tutorial' retrieved from /home/airflow/.local/lib/python3.12/site-packages/airflow/example_dags/tutorial.py
[2025-06-12T14:27:44.097+0000] {logging_mixin.py:188} INFO - [2025-06-12T14:27:44.096+0000] {dag.py:3096} INFO - Sync 1 DAGs
[2025-06-12T14:27:44.275+0000] {logging_mixin.py:188} INFO - [2025-06-12T14:27:44.275+0000] {dag.py:3954} INFO - Setting next_dagrun for tutorial to 2025-06-11 00:00:00+00:00, run_after=2025-06-12 00:00:00+00:00
[2025-06-12T14:27:44.300+0000] {processor.py:183} INFO - Processing /home/airflow/.local/lib/python3.12/site-packages/airflow/example_dags/tutorial.py took 0.227 seconds
[2025-06-12T14:28:15.339+0000] {processor.py:161} INFO - Started process (PID=1411) to work on /home/airflow/.local/lib/python3.12/site-packages/airflow/example_dags/tutorial.py
[2025-06-12T14:28:15.347+0000] {processor.py:830} INFO - Processing file /home/airflow/.local/lib/python3.12/site-packages/airflow/example_dags/tutorial.py for tasks to queue
[2025-06-12T14:28:15.363+0000] {logging_mixin.py:188} INFO - [2025-06-12T14:28:15.362+0000] {dagbag.py:540} INFO - Filling up the DagBag from /home/airflow/.local/lib/python3.12/site-packages/airflow/example_dags/tutorial.py
[2025-06-12T14:28:15.408+0000] {processor.py:840} INFO - DAG(s) 'tutorial' retrieved from /home/airflow/.local/lib/python3.12/site-packages/airflow/example_dags/tutorial.py
[2025-06-12T14:28:15.513+0000] {logging_mixin.py:188} INFO - [2025-06-12T14:28:15.512+0000] {dag.py:3096} INFO - Sync 1 DAGs
[2025-06-12T14:28:15.606+0000] {logging_mixin.py:188} INFO - [2025-06-12T14:28:15.606+0000] {dag.py:3954} INFO - Setting next_dagrun for tutorial to 2025-06-11 00:00:00+00:00, run_after=2025-06-12 00:00:00+00:00
[2025-06-12T14:28:15.678+0000] {processor.py:183} INFO - Processing /home/airflow/.local/lib/python3.12/site-packages/airflow/example_dags/tutorial.py took 0.419 seconds
[2025-06-12T14:35:51.664+0000] {processor.py:161} INFO - Started process (PID=55) to work on /home/airflow/.local/lib/python3.12/site-packages/airflow/example_dags/tutorial.py
[2025-06-12T14:35:51.665+0000] {processor.py:830} INFO - Processing file /home/airflow/.local/lib/python3.12/site-packages/airflow/example_dags/tutorial.py for tasks to queue
[2025-06-12T14:35:51.671+0000] {logging_mixin.py:188} INFO - [2025-06-12T14:35:51.669+0000] {dagbag.py:540} INFO - Filling up the DagBag from /home/airflow/.local/lib/python3.12/site-packages/airflow/example_dags/tutorial.py
[2025-06-12T14:35:51.719+0000] {processor.py:840} INFO - DAG(s) 'tutorial' retrieved from /home/airflow/.local/lib/python3.12/site-packages/airflow/example_dags/tutorial.py
[2025-06-12T14:35:51.788+0000] {logging_mixin.py:188} INFO - [2025-06-12T14:35:51.788+0000] {dag.py:3096} INFO - Sync 1 DAGs
[2025-06-12T14:35:51.833+0000] {logging_mixin.py:188} INFO - [2025-06-12T14:35:51.832+0000] {dag.py:3954} INFO - Setting next_dagrun for tutorial to 2025-06-11 00:00:00+00:00, run_after=2025-06-12 00:00:00+00:00
[2025-06-12T14:35:51.846+0000] {processor.py:183} INFO - Processing /home/airflow/.local/lib/python3.12/site-packages/airflow/example_dags/tutorial.py took 0.194 seconds
[2025-06-12T14:36:22.008+0000] {processor.py:161} INFO - Started process (PID=122) to work on /home/airflow/.local/lib/python3.12/site-packages/airflow/example_dags/tutorial.py
[2025-06-12T14:36:22.009+0000] {processor.py:830} INFO - Processing file /home/airflow/.local/lib/python3.12/site-packages/airflow/example_dags/tutorial.py for tasks to queue
[2025-06-12T14:36:22.010+0000] {logging_mixin.py:188} INFO - [2025-06-12T14:36:22.010+0000] {dagbag.py:540} INFO - Filling up the DagBag from /home/airflow/.local/lib/python3.12/site-packages/airflow/example_dags/tutorial.py
[2025-06-12T14:36:22.014+0000] {processor.py:840} INFO - DAG(s) 'tutorial' retrieved from /home/airflow/.local/lib/python3.12/site-packages/airflow/example_dags/tutorial.py
[2025-06-12T14:36:22.073+0000] {logging_mixin.py:188} INFO - [2025-06-12T14:36:22.073+0000] {dag.py:3096} INFO - Sync 1 DAGs
[2025-06-12T14:36:22.081+0000] {logging_mixin.py:188} INFO - [2025-06-12T14:36:22.081+0000] {dag.py:3954} INFO - Setting next_dagrun for tutorial to 2025-06-11 00:00:00+00:00, run_after=2025-06-12 00:00:00+00:00
[2025-06-12T14:36:22.095+0000] {processor.py:183} INFO - Processing /home/airflow/.local/lib/python3.12/site-packages/airflow/example_dags/tutorial.py took 0.091 seconds
[2025-06-12T14:36:52.838+0000] {processor.py:161} INFO - Started process (PID=195) to work on /home/airflow/.local/lib/python3.12/site-packages/airflow/example_dags/tutorial.py
[2025-06-12T14:36:52.839+0000] {processor.py:830} INFO - Processing file /home/airflow/.local/lib/python3.12/site-packages/airflow/example_dags/tutorial.py for tasks to queue
[2025-06-12T14:36:52.839+0000] {logging_mixin.py:188} INFO - [2025-06-12T14:36:52.839+0000] {dagbag.py:540} INFO - Filling up the DagBag from /home/airflow/.local/lib/python3.12/site-packages/airflow/example_dags/tutorial.py
[2025-06-12T14:36:52.842+0000] {processor.py:840} INFO - DAG(s) 'tutorial' retrieved from /home/airflow/.local/lib/python3.12/site-packages/airflow/example_dags/tutorial.py
[2025-06-12T14:36:52.852+0000] {logging_mixin.py:188} INFO - [2025-06-12T14:36:52.852+0000] {dag.py:3096} INFO - Sync 1 DAGs
[2025-06-12T14:36:52.861+0000] {logging_mixin.py:188} INFO - [2025-06-12T14:36:52.860+0000] {dag.py:3954} INFO - Setting next_dagrun for tutorial to 2025-06-11 00:00:00+00:00, run_after=2025-06-12 00:00:00+00:00
[2025-06-12T14:36:52.867+0000] {processor.py:183} INFO - Processing /home/airflow/.local/lib/python3.12/site-packages/airflow/example_dags/tutorial.py took 0.032 seconds
[2025-06-12T14:37:24.026+0000] {processor.py:161} INFO - Started process (PID=269) to work on /home/airflow/.local/lib/python3.12/site-packages/airflow/example_dags/tutorial.py
[2025-06-12T14:37:24.027+0000] {processor.py:830} INFO - Processing file /home/airflow/.local/lib/python3.12/site-packages/airflow/example_dags/tutorial.py for tasks to queue
[2025-06-12T14:37:24.028+0000] {logging_mixin.py:188} INFO - [2025-06-12T14:37:24.028+0000] {dagbag.py:540} INFO - Filling up the DagBag from /home/airflow/.local/lib/python3.12/site-packages/airflow/example_dags/tutorial.py
[2025-06-12T14:37:24.034+0000] {processor.py:840} INFO - DAG(s) 'tutorial' retrieved from /home/airflow/.local/lib/python3.12/site-packages/airflow/example_dags/tutorial.py
[2025-06-12T14:37:24.065+0000] {logging_mixin.py:188} INFO - [2025-06-12T14:37:24.065+0000] {dag.py:3096} INFO - Sync 1 DAGs
[2025-06-12T14:37:24.084+0000] {logging_mixin.py:188} INFO - [2025-06-12T14:37:24.083+0000] {dag.py:3954} INFO - Setting next_dagrun for tutorial to 2025-06-11 00:00:00+00:00, run_after=2025-06-12 00:00:00+00:00
[2025-06-12T14:37:24.097+0000] {processor.py:183} INFO - Processing /home/airflow/.local/lib/python3.12/site-packages/airflow/example_dags/tutorial.py took 0.074 seconds
[2025-06-12T14:37:54.680+0000] {processor.py:161} INFO - Started process (PID=336) to work on /home/airflow/.local/lib/python3.12/site-packages/airflow/example_dags/tutorial.py
[2025-06-12T14:37:54.680+0000] {processor.py:830} INFO - Processing file /home/airflow/.local/lib/python3.12/site-packages/airflow/example_dags/tutorial.py for tasks to queue
[2025-06-12T14:37:54.681+0000] {logging_mixin.py:188} INFO - [2025-06-12T14:37:54.681+0000] {dagbag.py:540} INFO - Filling up the DagBag from /home/airflow/.local/lib/python3.12/site-packages/airflow/example_dags/tutorial.py
[2025-06-12T14:37:54.684+0000] {processor.py:840} INFO - DAG(s) 'tutorial' retrieved from /home/airflow/.local/lib/python3.12/site-packages/airflow/example_dags/tutorial.py
[2025-06-12T14:37:54.699+0000] {logging_mixin.py:188} INFO - [2025-06-12T14:37:54.699+0000] {dag.py:3096} INFO - Sync 1 DAGs
[2025-06-12T14:37:54.712+0000] {logging_mixin.py:188} INFO - [2025-06-12T14:37:54.712+0000] {dag.py:3954} INFO - Setting next_dagrun for tutorial to 2025-06-11 00:00:00+00:00, run_after=2025-06-12 00:00:00+00:00
[2025-06-12T14:37:54.722+0000] {processor.py:183} INFO - Processing /home/airflow/.local/lib/python3.12/site-packages/airflow/example_dags/tutorial.py took 0.047 seconds
[2025-06-12T14:38:25.313+0000] {processor.py:161} INFO - Started process (PID=411) to work on /home/airflow/.local/lib/python3.12/site-packages/airflow/example_dags/tutorial.py
[2025-06-12T14:38:25.313+0000] {processor.py:830} INFO - Processing file /home/airflow/.local/lib/python3.12/site-packages/airflow/example_dags/tutorial.py for tasks to queue
[2025-06-12T14:38:25.314+0000] {logging_mixin.py:188} INFO - [2025-06-12T14:38:25.314+0000] {dagbag.py:540} INFO - Filling up the DagBag from /home/airflow/.local/lib/python3.12/site-packages/airflow/example_dags/tutorial.py
[2025-06-12T14:38:25.317+0000] {processor.py:840} INFO - DAG(s) 'tutorial' retrieved from /home/airflow/.local/lib/python3.12/site-packages/airflow/example_dags/tutorial.py
[2025-06-12T14:38:25.330+0000] {logging_mixin.py:188} INFO - [2025-06-12T14:38:25.330+0000] {dag.py:3096} INFO - Sync 1 DAGs
[2025-06-12T14:38:25.340+0000] {logging_mixin.py:188} INFO - [2025-06-12T14:38:25.340+0000] {dag.py:3954} INFO - Setting next_dagrun for tutorial to 2025-06-11 00:00:00+00:00, run_after=2025-06-12 00:00:00+00:00
[2025-06-12T14:38:25.352+0000] {processor.py:183} INFO - Processing /home/airflow/.local/lib/python3.12/site-packages/airflow/example_dags/tutorial.py took 0.042 seconds
[2025-06-12T14:38:55.443+0000] {processor.py:161} INFO - Started process (PID=478) to work on /home/airflow/.local/lib/python3.12/site-packages/airflow/example_dags/tutorial.py
[2025-06-12T14:38:55.443+0000] {processor.py:830} INFO - Processing file /home/airflow/.local/lib/python3.12/site-packages/airflow/example_dags/tutorial.py for tasks to queue
[2025-06-12T14:38:55.445+0000] {logging_mixin.py:188} INFO - [2025-06-12T14:38:55.445+0000] {dagbag.py:540} INFO - Filling up the DagBag from /home/airflow/.local/lib/python3.12/site-packages/airflow/example_dags/tutorial.py
[2025-06-12T14:38:55.448+0000] {processor.py:840} INFO - DAG(s) 'tutorial' retrieved from /home/airflow/.local/lib/python3.12/site-packages/airflow/example_dags/tutorial.py
[2025-06-12T14:38:55.461+0000] {logging_mixin.py:188} INFO - [2025-06-12T14:38:55.461+0000] {dag.py:3096} INFO - Sync 1 DAGs
[2025-06-12T14:38:55.470+0000] {logging_mixin.py:188} INFO - [2025-06-12T14:38:55.470+0000] {dag.py:3954} INFO - Setting next_dagrun for tutorial to 2025-06-11 00:00:00+00:00, run_after=2025-06-12 00:00:00+00:00
[2025-06-12T14:38:55.480+0000] {processor.py:183} INFO - Processing /home/airflow/.local/lib/python3.12/site-packages/airflow/example_dags/tutorial.py took 0.040 seconds
[2025-06-12T14:39:25.882+0000] {processor.py:161} INFO - Started process (PID=552) to work on /home/airflow/.local/lib/python3.12/site-packages/airflow/example_dags/tutorial.py
[2025-06-12T14:39:25.883+0000] {processor.py:830} INFO - Processing file /home/airflow/.local/lib/python3.12/site-packages/airflow/example_dags/tutorial.py for tasks to queue
[2025-06-12T14:39:25.884+0000] {logging_mixin.py:188} INFO - [2025-06-12T14:39:25.884+0000] {dagbag.py:540} INFO - Filling up the DagBag from /home/airflow/.local/lib/python3.12/site-packages/airflow/example_dags/tutorial.py
[2025-06-12T14:39:25.889+0000] {processor.py:840} INFO - DAG(s) 'tutorial' retrieved from /home/airflow/.local/lib/python3.12/site-packages/airflow/example_dags/tutorial.py
[2025-06-12T14:39:25.899+0000] {logging_mixin.py:188} INFO - [2025-06-12T14:39:25.899+0000] {dag.py:3096} INFO - Sync 1 DAGs
[2025-06-12T14:39:25.910+0000] {logging_mixin.py:188} INFO - [2025-06-12T14:39:25.910+0000] {dag.py:3954} INFO - Setting next_dagrun for tutorial to 2025-06-11 00:00:00+00:00, run_after=2025-06-12 00:00:00+00:00
[2025-06-12T14:39:25.921+0000] {processor.py:183} INFO - Processing /home/airflow/.local/lib/python3.12/site-packages/airflow/example_dags/tutorial.py took 0.041 seconds
[2025-06-12T14:46:31.238+0000] {processor.py:161} INFO - Started process (PID=57) to work on /home/airflow/.local/lib/python3.12/site-packages/airflow/example_dags/tutorial.py
[2025-06-12T14:46:31.250+0000] {processor.py:830} INFO - Processing file /home/airflow/.local/lib/python3.12/site-packages/airflow/example_dags/tutorial.py for tasks to queue
[2025-06-12T14:46:31.253+0000] {logging_mixin.py:188} INFO - [2025-06-12T14:46:31.253+0000] {dagbag.py:540} INFO - Filling up the DagBag from /home/airflow/.local/lib/python3.12/site-packages/airflow/example_dags/tutorial.py
[2025-06-12T14:46:31.266+0000] {processor.py:840} INFO - DAG(s) 'tutorial' retrieved from /home/airflow/.local/lib/python3.12/site-packages/airflow/example_dags/tutorial.py
[2025-06-12T14:46:31.296+0000] {logging_mixin.py:188} INFO - [2025-06-12T14:46:31.295+0000] {dag.py:3096} INFO - Sync 1 DAGs
[2025-06-12T14:46:31.325+0000] {logging_mixin.py:188} INFO - [2025-06-12T14:46:31.325+0000] {dag.py:3954} INFO - Setting next_dagrun for tutorial to 2025-06-11 00:00:00+00:00, run_after=2025-06-12 00:00:00+00:00
[2025-06-12T14:46:31.353+0000] {processor.py:183} INFO - Processing /home/airflow/.local/lib/python3.12/site-packages/airflow/example_dags/tutorial.py took 0.128 seconds
[2025-06-12T14:47:01.922+0000] {processor.py:161} INFO - Started process (PID=124) to work on /home/airflow/.local/lib/python3.12/site-packages/airflow/example_dags/tutorial.py
[2025-06-12T14:47:01.924+0000] {processor.py:830} INFO - Processing file /home/airflow/.local/lib/python3.12/site-packages/airflow/example_dags/tutorial.py for tasks to queue
[2025-06-12T14:47:01.925+0000] {logging_mixin.py:188} INFO - [2025-06-12T14:47:01.924+0000] {dagbag.py:540} INFO - Filling up the DagBag from /home/airflow/.local/lib/python3.12/site-packages/airflow/example_dags/tutorial.py
[2025-06-12T14:47:01.927+0000] {processor.py:840} INFO - DAG(s) 'tutorial' retrieved from /home/airflow/.local/lib/python3.12/site-packages/airflow/example_dags/tutorial.py
[2025-06-12T14:47:01.976+0000] {logging_mixin.py:188} INFO - [2025-06-12T14:47:01.975+0000] {dag.py:3096} INFO - Sync 1 DAGs
[2025-06-12T14:47:01.985+0000] {logging_mixin.py:188} INFO - [2025-06-12T14:47:01.985+0000] {dag.py:3954} INFO - Setting next_dagrun for tutorial to 2025-06-11 00:00:00+00:00, run_after=2025-06-12 00:00:00+00:00
[2025-06-12T14:47:01.993+0000] {processor.py:183} INFO - Processing /home/airflow/.local/lib/python3.12/site-packages/airflow/example_dags/tutorial.py took 0.074 seconds
[2025-06-12T14:47:32.726+0000] {processor.py:161} INFO - Started process (PID=197) to work on /home/airflow/.local/lib/python3.12/site-packages/airflow/example_dags/tutorial.py
[2025-06-12T14:47:32.727+0000] {processor.py:830} INFO - Processing file /home/airflow/.local/lib/python3.12/site-packages/airflow/example_dags/tutorial.py for tasks to queue
[2025-06-12T14:47:32.729+0000] {logging_mixin.py:188} INFO - [2025-06-12T14:47:32.728+0000] {dagbag.py:540} INFO - Filling up the DagBag from /home/airflow/.local/lib/python3.12/site-packages/airflow/example_dags/tutorial.py
[2025-06-12T14:47:32.734+0000] {processor.py:840} INFO - DAG(s) 'tutorial' retrieved from /home/airflow/.local/lib/python3.12/site-packages/airflow/example_dags/tutorial.py
[2025-06-12T14:47:32.750+0000] {logging_mixin.py:188} INFO - [2025-06-12T14:47:32.750+0000] {dag.py:3096} INFO - Sync 1 DAGs
[2025-06-12T14:47:32.766+0000] {logging_mixin.py:188} INFO - [2025-06-12T14:47:32.766+0000] {dag.py:3954} INFO - Setting next_dagrun for tutorial to 2025-06-11 00:00:00+00:00, run_after=2025-06-12 00:00:00+00:00
[2025-06-12T14:47:32.795+0000] {processor.py:183} INFO - Processing /home/airflow/.local/lib/python3.12/site-packages/airflow/example_dags/tutorial.py took 0.073 seconds
[2025-06-12T14:48:02.940+0000] {processor.py:161} INFO - Started process (PID=265) to work on /home/airflow/.local/lib/python3.12/site-packages/airflow/example_dags/tutorial.py
[2025-06-12T14:48:02.941+0000] {processor.py:830} INFO - Processing file /home/airflow/.local/lib/python3.12/site-packages/airflow/example_dags/tutorial.py for tasks to queue
[2025-06-12T14:48:02.942+0000] {logging_mixin.py:188} INFO - [2025-06-12T14:48:02.942+0000] {dagbag.py:540} INFO - Filling up the DagBag from /home/airflow/.local/lib/python3.12/site-packages/airflow/example_dags/tutorial.py
[2025-06-12T14:48:02.944+0000] {processor.py:840} INFO - DAG(s) 'tutorial' retrieved from /home/airflow/.local/lib/python3.12/site-packages/airflow/example_dags/tutorial.py
[2025-06-12T14:48:02.954+0000] {logging_mixin.py:188} INFO - [2025-06-12T14:48:02.954+0000] {dag.py:3096} INFO - Sync 1 DAGs
[2025-06-12T14:48:02.961+0000] {logging_mixin.py:188} INFO - [2025-06-12T14:48:02.961+0000] {dag.py:3954} INFO - Setting next_dagrun for tutorial to 2025-06-11 00:00:00+00:00, run_after=2025-06-12 00:00:00+00:00
[2025-06-12T14:48:02.968+0000] {processor.py:183} INFO - Processing /home/airflow/.local/lib/python3.12/site-packages/airflow/example_dags/tutorial.py took 0.030 seconds
[2025-06-12T15:07:49.380+0000] {processor.py:161} INFO - Started process (PID=57) to work on /home/airflow/.local/lib/python3.12/site-packages/airflow/example_dags/tutorial.py
[2025-06-12T15:07:49.386+0000] {processor.py:830} INFO - Processing file /home/airflow/.local/lib/python3.12/site-packages/airflow/example_dags/tutorial.py for tasks to queue
[2025-06-12T15:07:49.391+0000] {logging_mixin.py:188} INFO - [2025-06-12T15:07:49.390+0000] {dagbag.py:540} INFO - Filling up the DagBag from /home/airflow/.local/lib/python3.12/site-packages/airflow/example_dags/tutorial.py
[2025-06-12T15:07:49.410+0000] {processor.py:840} INFO - DAG(s) 'tutorial' retrieved from /home/airflow/.local/lib/python3.12/site-packages/airflow/example_dags/tutorial.py
[2025-06-12T15:07:49.448+0000] {logging_mixin.py:188} INFO - [2025-06-12T15:07:49.447+0000] {dag.py:3096} INFO - Sync 1 DAGs
[2025-06-12T15:07:49.497+0000] {logging_mixin.py:188} INFO - [2025-06-12T15:07:49.497+0000] {dag.py:3954} INFO - Setting next_dagrun for tutorial to 2025-06-11 00:00:00+00:00, run_after=2025-06-12 00:00:00+00:00
[2025-06-12T15:07:49.536+0000] {processor.py:183} INFO - Processing /home/airflow/.local/lib/python3.12/site-packages/airflow/example_dags/tutorial.py took 0.167 seconds
[2025-06-12T15:08:20.317+0000] {processor.py:161} INFO - Started process (PID=124) to work on /home/airflow/.local/lib/python3.12/site-packages/airflow/example_dags/tutorial.py
[2025-06-12T15:08:20.317+0000] {processor.py:830} INFO - Processing file /home/airflow/.local/lib/python3.12/site-packages/airflow/example_dags/tutorial.py for tasks to queue
[2025-06-12T15:08:20.318+0000] {logging_mixin.py:188} INFO - [2025-06-12T15:08:20.318+0000] {dagbag.py:540} INFO - Filling up the DagBag from /home/airflow/.local/lib/python3.12/site-packages/airflow/example_dags/tutorial.py
[2025-06-12T15:08:20.321+0000] {processor.py:840} INFO - DAG(s) 'tutorial' retrieved from /home/airflow/.local/lib/python3.12/site-packages/airflow/example_dags/tutorial.py
[2025-06-12T15:08:20.369+0000] {logging_mixin.py:188} INFO - [2025-06-12T15:08:20.369+0000] {dag.py:3096} INFO - Sync 1 DAGs
[2025-06-12T15:08:20.377+0000] {logging_mixin.py:188} INFO - [2025-06-12T15:08:20.377+0000] {dag.py:3954} INFO - Setting next_dagrun for tutorial to 2025-06-11 00:00:00+00:00, run_after=2025-06-12 00:00:00+00:00
[2025-06-12T15:08:20.384+0000] {processor.py:183} INFO - Processing /home/airflow/.local/lib/python3.12/site-packages/airflow/example_dags/tutorial.py took 0.069 seconds
[2025-06-12T15:08:50.435+0000] {processor.py:161} INFO - Started process (PID=191) to work on /home/airflow/.local/lib/python3.12/site-packages/airflow/example_dags/tutorial.py
[2025-06-12T15:08:50.436+0000] {processor.py:830} INFO - Processing file /home/airflow/.local/lib/python3.12/site-packages/airflow/example_dags/tutorial.py for tasks to queue
[2025-06-12T15:08:50.437+0000] {logging_mixin.py:188} INFO - [2025-06-12T15:08:50.437+0000] {dagbag.py:540} INFO - Filling up the DagBag from /home/airflow/.local/lib/python3.12/site-packages/airflow/example_dags/tutorial.py
[2025-06-12T15:08:50.440+0000] {processor.py:840} INFO - DAG(s) 'tutorial' retrieved from /home/airflow/.local/lib/python3.12/site-packages/airflow/example_dags/tutorial.py
[2025-06-12T15:08:50.449+0000] {logging_mixin.py:188} INFO - [2025-06-12T15:08:50.449+0000] {dag.py:3096} INFO - Sync 1 DAGs
[2025-06-12T15:08:50.457+0000] {logging_mixin.py:188} INFO - [2025-06-12T15:08:50.457+0000] {dag.py:3954} INFO - Setting next_dagrun for tutorial to 2025-06-11 00:00:00+00:00, run_after=2025-06-12 00:00:00+00:00
[2025-06-12T15:08:50.464+0000] {processor.py:183} INFO - Processing /home/airflow/.local/lib/python3.12/site-packages/airflow/example_dags/tutorial.py took 0.031 seconds
[2025-06-12T15:09:20.750+0000] {processor.py:161} INFO - Started process (PID=265) to work on /home/airflow/.local/lib/python3.12/site-packages/airflow/example_dags/tutorial.py
[2025-06-12T15:09:20.751+0000] {processor.py:830} INFO - Processing file /home/airflow/.local/lib/python3.12/site-packages/airflow/example_dags/tutorial.py for tasks to queue
[2025-06-12T15:09:20.751+0000] {logging_mixin.py:188} INFO - [2025-06-12T15:09:20.751+0000] {dagbag.py:540} INFO - Filling up the DagBag from /home/airflow/.local/lib/python3.12/site-packages/airflow/example_dags/tutorial.py
[2025-06-12T15:09:20.754+0000] {processor.py:840} INFO - DAG(s) 'tutorial' retrieved from /home/airflow/.local/lib/python3.12/site-packages/airflow/example_dags/tutorial.py
[2025-06-12T15:09:20.763+0000] {logging_mixin.py:188} INFO - [2025-06-12T15:09:20.763+0000] {dag.py:3096} INFO - Sync 1 DAGs
[2025-06-12T15:09:20.771+0000] {logging_mixin.py:188} INFO - [2025-06-12T15:09:20.771+0000] {dag.py:3954} INFO - Setting next_dagrun for tutorial to 2025-06-11 00:00:00+00:00, run_after=2025-06-12 00:00:00+00:00
[2025-06-12T15:09:20.777+0000] {processor.py:183} INFO - Processing /home/airflow/.local/lib/python3.12/site-packages/airflow/example_dags/tutorial.py took 0.030 seconds
[2025-06-12T15:09:51.324+0000] {processor.py:161} INFO - Started process (PID=339) to work on /home/airflow/.local/lib/python3.12/site-packages/airflow/example_dags/tutorial.py
[2025-06-12T15:09:51.325+0000] {processor.py:830} INFO - Processing file /home/airflow/.local/lib/python3.12/site-packages/airflow/example_dags/tutorial.py for tasks to queue
[2025-06-12T15:09:51.326+0000] {logging_mixin.py:188} INFO - [2025-06-12T15:09:51.325+0000] {dagbag.py:540} INFO - Filling up the DagBag from /home/airflow/.local/lib/python3.12/site-packages/airflow/example_dags/tutorial.py
[2025-06-12T15:09:51.329+0000] {processor.py:840} INFO - DAG(s) 'tutorial' retrieved from /home/airflow/.local/lib/python3.12/site-packages/airflow/example_dags/tutorial.py
[2025-06-12T15:09:51.340+0000] {logging_mixin.py:188} INFO - [2025-06-12T15:09:51.340+0000] {dag.py:3096} INFO - Sync 1 DAGs
[2025-06-12T15:09:51.349+0000] {logging_mixin.py:188} INFO - [2025-06-12T15:09:51.349+0000] {dag.py:3954} INFO - Setting next_dagrun for tutorial to 2025-06-11 00:00:00+00:00, run_after=2025-06-12 00:00:00+00:00
[2025-06-12T15:09:51.356+0000] {processor.py:183} INFO - Processing /home/airflow/.local/lib/python3.12/site-packages/airflow/example_dags/tutorial.py took 0.035 seconds
[2025-06-12T15:10:21.382+0000] {processor.py:161} INFO - Started process (PID=406) to work on /home/airflow/.local/lib/python3.12/site-packages/airflow/example_dags/tutorial.py
[2025-06-12T15:10:21.383+0000] {processor.py:830} INFO - Processing file /home/airflow/.local/lib/python3.12/site-packages/airflow/example_dags/tutorial.py for tasks to queue
[2025-06-12T15:10:21.384+0000] {logging_mixin.py:188} INFO - [2025-06-12T15:10:21.384+0000] {dagbag.py:540} INFO - Filling up the DagBag from /home/airflow/.local/lib/python3.12/site-packages/airflow/example_dags/tutorial.py
[2025-06-12T15:10:21.386+0000] {processor.py:840} INFO - DAG(s) 'tutorial' retrieved from /home/airflow/.local/lib/python3.12/site-packages/airflow/example_dags/tutorial.py
[2025-06-12T15:10:21.395+0000] {logging_mixin.py:188} INFO - [2025-06-12T15:10:21.395+0000] {dag.py:3096} INFO - Sync 1 DAGs
[2025-06-12T15:10:21.403+0000] {logging_mixin.py:188} INFO - [2025-06-12T15:10:21.403+0000] {dag.py:3954} INFO - Setting next_dagrun for tutorial to 2025-06-11 00:00:00+00:00, run_after=2025-06-12 00:00:00+00:00
[2025-06-12T15:10:21.410+0000] {processor.py:183} INFO - Processing /home/airflow/.local/lib/python3.12/site-packages/airflow/example_dags/tutorial.py took 0.031 seconds
[2025-06-12T15:10:51.657+0000] {processor.py:161} INFO - Started process (PID=480) to work on /home/airflow/.local/lib/python3.12/site-packages/airflow/example_dags/tutorial.py
[2025-06-12T15:10:51.657+0000] {processor.py:830} INFO - Processing file /home/airflow/.local/lib/python3.12/site-packages/airflow/example_dags/tutorial.py for tasks to queue
[2025-06-12T15:10:51.658+0000] {logging_mixin.py:188} INFO - [2025-06-12T15:10:51.658+0000] {dagbag.py:540} INFO - Filling up the DagBag from /home/airflow/.local/lib/python3.12/site-packages/airflow/example_dags/tutorial.py
[2025-06-12T15:10:51.661+0000] {processor.py:840} INFO - DAG(s) 'tutorial' retrieved from /home/airflow/.local/lib/python3.12/site-packages/airflow/example_dags/tutorial.py
[2025-06-12T15:10:51.671+0000] {logging_mixin.py:188} INFO - [2025-06-12T15:10:51.671+0000] {dag.py:3096} INFO - Sync 1 DAGs
[2025-06-12T15:10:51.680+0000] {logging_mixin.py:188} INFO - [2025-06-12T15:10:51.680+0000] {dag.py:3954} INFO - Setting next_dagrun for tutorial to 2025-06-11 00:00:00+00:00, run_after=2025-06-12 00:00:00+00:00
[2025-06-12T15:10:51.690+0000] {processor.py:183} INFO - Processing /home/airflow/.local/lib/python3.12/site-packages/airflow/example_dags/tutorial.py took 0.036 seconds
[2025-06-12T15:11:21.973+0000] {processor.py:161} INFO - Started process (PID=553) to work on /home/airflow/.local/lib/python3.12/site-packages/airflow/example_dags/tutorial.py
[2025-06-12T15:11:21.973+0000] {processor.py:830} INFO - Processing file /home/airflow/.local/lib/python3.12/site-packages/airflow/example_dags/tutorial.py for tasks to queue
[2025-06-12T15:11:21.974+0000] {logging_mixin.py:188} INFO - [2025-06-12T15:11:21.974+0000] {dagbag.py:540} INFO - Filling up the DagBag from /home/airflow/.local/lib/python3.12/site-packages/airflow/example_dags/tutorial.py
[2025-06-12T15:11:21.977+0000] {processor.py:840} INFO - DAG(s) 'tutorial' retrieved from /home/airflow/.local/lib/python3.12/site-packages/airflow/example_dags/tutorial.py
[2025-06-12T15:11:21.988+0000] {logging_mixin.py:188} INFO - [2025-06-12T15:11:21.988+0000] {dag.py:3096} INFO - Sync 1 DAGs
[2025-06-12T15:11:21.997+0000] {logging_mixin.py:188} INFO - [2025-06-12T15:11:21.996+0000] {dag.py:3954} INFO - Setting next_dagrun for tutorial to 2025-06-11 00:00:00+00:00, run_after=2025-06-12 00:00:00+00:00
[2025-06-12T15:11:22.003+0000] {processor.py:183} INFO - Processing /home/airflow/.local/lib/python3.12/site-packages/airflow/example_dags/tutorial.py took 0.034 seconds
[2025-06-12T15:11:52.223+0000] {processor.py:161} INFO - Started process (PID=619) to work on /home/airflow/.local/lib/python3.12/site-packages/airflow/example_dags/tutorial.py
[2025-06-12T15:11:52.224+0000] {processor.py:830} INFO - Processing file /home/airflow/.local/lib/python3.12/site-packages/airflow/example_dags/tutorial.py for tasks to queue
[2025-06-12T15:11:52.224+0000] {logging_mixin.py:188} INFO - [2025-06-12T15:11:52.224+0000] {dagbag.py:540} INFO - Filling up the DagBag from /home/airflow/.local/lib/python3.12/site-packages/airflow/example_dags/tutorial.py
[2025-06-12T15:11:52.227+0000] {processor.py:840} INFO - DAG(s) 'tutorial' retrieved from /home/airflow/.local/lib/python3.12/site-packages/airflow/example_dags/tutorial.py
[2025-06-12T15:11:52.238+0000] {logging_mixin.py:188} INFO - [2025-06-12T15:11:52.238+0000] {dag.py:3096} INFO - Sync 1 DAGs
[2025-06-12T15:11:52.248+0000] {logging_mixin.py:188} INFO - [2025-06-12T15:11:52.248+0000] {dag.py:3954} INFO - Setting next_dagrun for tutorial to 2025-06-11 00:00:00+00:00, run_after=2025-06-12 00:00:00+00:00
[2025-06-12T15:11:52.255+0000] {processor.py:183} INFO - Processing /home/airflow/.local/lib/python3.12/site-packages/airflow/example_dags/tutorial.py took 0.034 seconds
[2025-06-12T15:12:22.450+0000] {processor.py:161} INFO - Started process (PID=692) to work on /home/airflow/.local/lib/python3.12/site-packages/airflow/example_dags/tutorial.py
[2025-06-12T15:12:22.451+0000] {processor.py:830} INFO - Processing file /home/airflow/.local/lib/python3.12/site-packages/airflow/example_dags/tutorial.py for tasks to queue
[2025-06-12T15:12:22.452+0000] {logging_mixin.py:188} INFO - [2025-06-12T15:12:22.452+0000] {dagbag.py:540} INFO - Filling up the DagBag from /home/airflow/.local/lib/python3.12/site-packages/airflow/example_dags/tutorial.py
[2025-06-12T15:12:22.455+0000] {processor.py:840} INFO - DAG(s) 'tutorial' retrieved from /home/airflow/.local/lib/python3.12/site-packages/airflow/example_dags/tutorial.py
[2025-06-12T15:12:22.469+0000] {logging_mixin.py:188} INFO - [2025-06-12T15:12:22.468+0000] {dag.py:3096} INFO - Sync 1 DAGs
[2025-06-12T15:12:22.479+0000] {logging_mixin.py:188} INFO - [2025-06-12T15:12:22.479+0000] {dag.py:3954} INFO - Setting next_dagrun for tutorial to 2025-06-11 00:00:00+00:00, run_after=2025-06-12 00:00:00+00:00
[2025-06-12T15:12:22.488+0000] {processor.py:183} INFO - Processing /home/airflow/.local/lib/python3.12/site-packages/airflow/example_dags/tutorial.py took 0.041 seconds
[2025-06-12T15:12:53.412+0000] {processor.py:161} INFO - Started process (PID=766) to work on /home/airflow/.local/lib/python3.12/site-packages/airflow/example_dags/tutorial.py
[2025-06-12T15:12:53.412+0000] {processor.py:830} INFO - Processing file /home/airflow/.local/lib/python3.12/site-packages/airflow/example_dags/tutorial.py for tasks to queue
[2025-06-12T15:12:53.413+0000] {logging_mixin.py:188} INFO - [2025-06-12T15:12:53.413+0000] {dagbag.py:540} INFO - Filling up the DagBag from /home/airflow/.local/lib/python3.12/site-packages/airflow/example_dags/tutorial.py
[2025-06-12T15:12:53.416+0000] {processor.py:840} INFO - DAG(s) 'tutorial' retrieved from /home/airflow/.local/lib/python3.12/site-packages/airflow/example_dags/tutorial.py
[2025-06-12T15:12:53.427+0000] {logging_mixin.py:188} INFO - [2025-06-12T15:12:53.427+0000] {dag.py:3096} INFO - Sync 1 DAGs
[2025-06-12T15:12:53.437+0000] {logging_mixin.py:188} INFO - [2025-06-12T15:12:53.437+0000] {dag.py:3954} INFO - Setting next_dagrun for tutorial to 2025-06-11 00:00:00+00:00, run_after=2025-06-12 00:00:00+00:00
[2025-06-12T15:12:53.454+0000] {processor.py:183} INFO - Processing /home/airflow/.local/lib/python3.12/site-packages/airflow/example_dags/tutorial.py took 0.045 seconds
[2025-06-12T15:13:23.508+0000] {processor.py:161} INFO - Started process (PID=833) to work on /home/airflow/.local/lib/python3.12/site-packages/airflow/example_dags/tutorial.py
[2025-06-12T15:13:23.510+0000] {processor.py:830} INFO - Processing file /home/airflow/.local/lib/python3.12/site-packages/airflow/example_dags/tutorial.py for tasks to queue
[2025-06-12T15:13:23.511+0000] {logging_mixin.py:188} INFO - [2025-06-12T15:13:23.511+0000] {dagbag.py:540} INFO - Filling up the DagBag from /home/airflow/.local/lib/python3.12/site-packages/airflow/example_dags/tutorial.py
[2025-06-12T15:13:23.513+0000] {processor.py:840} INFO - DAG(s) 'tutorial' retrieved from /home/airflow/.local/lib/python3.12/site-packages/airflow/example_dags/tutorial.py
[2025-06-12T15:13:23.522+0000] {logging_mixin.py:188} INFO - [2025-06-12T15:13:23.522+0000] {dag.py:3096} INFO - Sync 1 DAGs
[2025-06-12T15:13:23.530+0000] {logging_mixin.py:188} INFO - [2025-06-12T15:13:23.529+0000] {dag.py:3954} INFO - Setting next_dagrun for tutorial to 2025-06-11 00:00:00+00:00, run_after=2025-06-12 00:00:00+00:00
[2025-06-12T15:13:23.536+0000] {processor.py:183} INFO - Processing /home/airflow/.local/lib/python3.12/site-packages/airflow/example_dags/tutorial.py took 0.031 seconds
[2025-06-12T15:13:53.755+0000] {processor.py:161} INFO - Started process (PID=907) to work on /home/airflow/.local/lib/python3.12/site-packages/airflow/example_dags/tutorial.py
[2025-06-12T15:13:53.756+0000] {processor.py:830} INFO - Processing file /home/airflow/.local/lib/python3.12/site-packages/airflow/example_dags/tutorial.py for tasks to queue
[2025-06-12T15:13:53.757+0000] {logging_mixin.py:188} INFO - [2025-06-12T15:13:53.757+0000] {dagbag.py:540} INFO - Filling up the DagBag from /home/airflow/.local/lib/python3.12/site-packages/airflow/example_dags/tutorial.py
[2025-06-12T15:13:53.759+0000] {processor.py:840} INFO - DAG(s) 'tutorial' retrieved from /home/airflow/.local/lib/python3.12/site-packages/airflow/example_dags/tutorial.py
[2025-06-12T15:13:53.769+0000] {logging_mixin.py:188} INFO - [2025-06-12T15:13:53.769+0000] {dag.py:3096} INFO - Sync 1 DAGs
[2025-06-12T15:13:53.779+0000] {logging_mixin.py:188} INFO - [2025-06-12T15:13:53.779+0000] {dag.py:3954} INFO - Setting next_dagrun for tutorial to 2025-06-11 00:00:00+00:00, run_after=2025-06-12 00:00:00+00:00
[2025-06-12T15:13:53.792+0000] {processor.py:183} INFO - Processing /home/airflow/.local/lib/python3.12/site-packages/airflow/example_dags/tutorial.py took 0.041 seconds
[2025-06-12T15:14:24.320+0000] {processor.py:161} INFO - Started process (PID=974) to work on /home/airflow/.local/lib/python3.12/site-packages/airflow/example_dags/tutorial.py
[2025-06-12T15:14:24.320+0000] {processor.py:830} INFO - Processing file /home/airflow/.local/lib/python3.12/site-packages/airflow/example_dags/tutorial.py for tasks to queue
[2025-06-12T15:14:24.321+0000] {logging_mixin.py:188} INFO - [2025-06-12T15:14:24.321+0000] {dagbag.py:540} INFO - Filling up the DagBag from /home/airflow/.local/lib/python3.12/site-packages/airflow/example_dags/tutorial.py
[2025-06-12T15:14:24.323+0000] {processor.py:840} INFO - DAG(s) 'tutorial' retrieved from /home/airflow/.local/lib/python3.12/site-packages/airflow/example_dags/tutorial.py
[2025-06-12T15:14:24.332+0000] {logging_mixin.py:188} INFO - [2025-06-12T15:14:24.332+0000] {dag.py:3096} INFO - Sync 1 DAGs
[2025-06-12T15:14:24.340+0000] {logging_mixin.py:188} INFO - [2025-06-12T15:14:24.340+0000] {dag.py:3954} INFO - Setting next_dagrun for tutorial to 2025-06-11 00:00:00+00:00, run_after=2025-06-12 00:00:00+00:00
[2025-06-12T15:14:24.346+0000] {processor.py:183} INFO - Processing /home/airflow/.local/lib/python3.12/site-packages/airflow/example_dags/tutorial.py took 0.029 seconds
[2025-06-12T15:14:55.438+0000] {processor.py:161} INFO - Started process (PID=1049) to work on /home/airflow/.local/lib/python3.12/site-packages/airflow/example_dags/tutorial.py
[2025-06-12T15:14:55.438+0000] {processor.py:830} INFO - Processing file /home/airflow/.local/lib/python3.12/site-packages/airflow/example_dags/tutorial.py for tasks to queue
[2025-06-12T15:14:55.439+0000] {logging_mixin.py:188} INFO - [2025-06-12T15:14:55.439+0000] {dagbag.py:540} INFO - Filling up the DagBag from /home/airflow/.local/lib/python3.12/site-packages/airflow/example_dags/tutorial.py
[2025-06-12T15:14:55.442+0000] {processor.py:840} INFO - DAG(s) 'tutorial' retrieved from /home/airflow/.local/lib/python3.12/site-packages/airflow/example_dags/tutorial.py
[2025-06-12T15:14:55.452+0000] {logging_mixin.py:188} INFO - [2025-06-12T15:14:55.452+0000] {dag.py:3096} INFO - Sync 1 DAGs
[2025-06-12T15:14:55.461+0000] {logging_mixin.py:188} INFO - [2025-06-12T15:14:55.460+0000] {dag.py:3954} INFO - Setting next_dagrun for tutorial to 2025-06-11 00:00:00+00:00, run_after=2025-06-12 00:00:00+00:00
[2025-06-12T15:14:55.468+0000] {processor.py:183} INFO - Processing /home/airflow/.local/lib/python3.12/site-packages/airflow/example_dags/tutorial.py took 0.033 seconds
[2025-06-12T15:15:25.960+0000] {processor.py:161} INFO - Started process (PID=1123) to work on /home/airflow/.local/lib/python3.12/site-packages/airflow/example_dags/tutorial.py
[2025-06-12T15:15:25.961+0000] {processor.py:830} INFO - Processing file /home/airflow/.local/lib/python3.12/site-packages/airflow/example_dags/tutorial.py for tasks to queue
[2025-06-12T15:15:25.964+0000] {logging_mixin.py:188} INFO - [2025-06-12T15:15:25.964+0000] {dagbag.py:540} INFO - Filling up the DagBag from /home/airflow/.local/lib/python3.12/site-packages/airflow/example_dags/tutorial.py
[2025-06-12T15:15:25.967+0000] {processor.py:840} INFO - DAG(s) 'tutorial' retrieved from /home/airflow/.local/lib/python3.12/site-packages/airflow/example_dags/tutorial.py
[2025-06-12T15:15:25.980+0000] {logging_mixin.py:188} INFO - [2025-06-12T15:15:25.980+0000] {dag.py:3096} INFO - Sync 1 DAGs
[2025-06-12T15:15:25.988+0000] {logging_mixin.py:188} INFO - [2025-06-12T15:15:25.987+0000] {dag.py:3954} INFO - Setting next_dagrun for tutorial to 2025-06-11 00:00:00+00:00, run_after=2025-06-12 00:00:00+00:00
[2025-06-12T15:15:25.994+0000] {processor.py:183} INFO - Processing /home/airflow/.local/lib/python3.12/site-packages/airflow/example_dags/tutorial.py took 0.037 seconds
[2025-06-12T15:15:56.560+0000] {processor.py:161} INFO - Started process (PID=1190) to work on /home/airflow/.local/lib/python3.12/site-packages/airflow/example_dags/tutorial.py
[2025-06-12T15:15:56.560+0000] {processor.py:830} INFO - Processing file /home/airflow/.local/lib/python3.12/site-packages/airflow/example_dags/tutorial.py for tasks to queue
[2025-06-12T15:15:56.561+0000] {logging_mixin.py:188} INFO - [2025-06-12T15:15:56.561+0000] {dagbag.py:540} INFO - Filling up the DagBag from /home/airflow/.local/lib/python3.12/site-packages/airflow/example_dags/tutorial.py
[2025-06-12T15:15:56.563+0000] {processor.py:840} INFO - DAG(s) 'tutorial' retrieved from /home/airflow/.local/lib/python3.12/site-packages/airflow/example_dags/tutorial.py
[2025-06-12T15:15:56.573+0000] {logging_mixin.py:188} INFO - [2025-06-12T15:15:56.573+0000] {dag.py:3096} INFO - Sync 1 DAGs
[2025-06-12T15:15:56.582+0000] {logging_mixin.py:188} INFO - [2025-06-12T15:15:56.582+0000] {dag.py:3954} INFO - Setting next_dagrun for tutorial to 2025-06-11 00:00:00+00:00, run_after=2025-06-12 00:00:00+00:00
[2025-06-12T15:15:56.590+0000] {processor.py:183} INFO - Processing /home/airflow/.local/lib/python3.12/site-packages/airflow/example_dags/tutorial.py took 0.033 seconds
[2025-06-12T15:16:27.595+0000] {processor.py:161} INFO - Started process (PID=1264) to work on /home/airflow/.local/lib/python3.12/site-packages/airflow/example_dags/tutorial.py
[2025-06-12T15:16:27.595+0000] {processor.py:830} INFO - Processing file /home/airflow/.local/lib/python3.12/site-packages/airflow/example_dags/tutorial.py for tasks to queue
[2025-06-12T15:16:27.596+0000] {logging_mixin.py:188} INFO - [2025-06-12T15:16:27.596+0000] {dagbag.py:540} INFO - Filling up the DagBag from /home/airflow/.local/lib/python3.12/site-packages/airflow/example_dags/tutorial.py
[2025-06-12T15:16:27.600+0000] {processor.py:840} INFO - DAG(s) 'tutorial' retrieved from /home/airflow/.local/lib/python3.12/site-packages/airflow/example_dags/tutorial.py
[2025-06-12T15:16:27.610+0000] {logging_mixin.py:188} INFO - [2025-06-12T15:16:27.610+0000] {dag.py:3096} INFO - Sync 1 DAGs
[2025-06-12T15:16:27.621+0000] {logging_mixin.py:188} INFO - [2025-06-12T15:16:27.621+0000] {dag.py:3954} INFO - Setting next_dagrun for tutorial to 2025-06-11 00:00:00+00:00, run_after=2025-06-12 00:00:00+00:00
[2025-06-12T15:16:27.629+0000] {processor.py:183} INFO - Processing /home/airflow/.local/lib/python3.12/site-packages/airflow/example_dags/tutorial.py took 0.037 seconds
[2025-06-12T15:16:58.224+0000] {processor.py:161} INFO - Started process (PID=1338) to work on /home/airflow/.local/lib/python3.12/site-packages/airflow/example_dags/tutorial.py
[2025-06-12T15:16:58.225+0000] {processor.py:830} INFO - Processing file /home/airflow/.local/lib/python3.12/site-packages/airflow/example_dags/tutorial.py for tasks to queue
[2025-06-12T15:16:58.226+0000] {logging_mixin.py:188} INFO - [2025-06-12T15:16:58.226+0000] {dagbag.py:540} INFO - Filling up the DagBag from /home/airflow/.local/lib/python3.12/site-packages/airflow/example_dags/tutorial.py
[2025-06-12T15:16:58.229+0000] {processor.py:840} INFO - DAG(s) 'tutorial' retrieved from /home/airflow/.local/lib/python3.12/site-packages/airflow/example_dags/tutorial.py
[2025-06-12T15:16:58.240+0000] {logging_mixin.py:188} INFO - [2025-06-12T15:16:58.240+0000] {dag.py:3096} INFO - Sync 1 DAGs
[2025-06-12T15:16:58.342+0000] {logging_mixin.py:188} INFO - [2025-06-12T15:16:58.342+0000] {dag.py:3954} INFO - Setting next_dagrun for tutorial to 2025-06-11 00:00:00+00:00, run_after=2025-06-12 00:00:00+00:00
[2025-06-12T15:16:58.348+0000] {processor.py:183} INFO - Processing /home/airflow/.local/lib/python3.12/site-packages/airflow/example_dags/tutorial.py took 0.126 seconds
[2025-06-12T15:17:29.029+0000] {processor.py:161} INFO - Started process (PID=1405) to work on /home/airflow/.local/lib/python3.12/site-packages/airflow/example_dags/tutorial.py
[2025-06-12T15:17:29.030+0000] {processor.py:830} INFO - Processing file /home/airflow/.local/lib/python3.12/site-packages/airflow/example_dags/tutorial.py for tasks to queue
[2025-06-12T15:17:29.031+0000] {logging_mixin.py:188} INFO - [2025-06-12T15:17:29.031+0000] {dagbag.py:540} INFO - Filling up the DagBag from /home/airflow/.local/lib/python3.12/site-packages/airflow/example_dags/tutorial.py
[2025-06-12T15:17:29.035+0000] {processor.py:840} INFO - DAG(s) 'tutorial' retrieved from /home/airflow/.local/lib/python3.12/site-packages/airflow/example_dags/tutorial.py
[2025-06-12T15:17:29.046+0000] {logging_mixin.py:188} INFO - [2025-06-12T15:17:29.046+0000] {dag.py:3096} INFO - Sync 1 DAGs
[2025-06-12T15:17:29.138+0000] {logging_mixin.py:188} INFO - [2025-06-12T15:17:29.138+0000] {dag.py:3954} INFO - Setting next_dagrun for tutorial to 2025-06-11 00:00:00+00:00, run_after=2025-06-12 00:00:00+00:00
[2025-06-12T15:17:29.145+0000] {processor.py:183} INFO - Processing /home/airflow/.local/lib/python3.12/site-packages/airflow/example_dags/tutorial.py took 0.119 seconds
[2025-06-12T15:17:59.476+0000] {processor.py:161} INFO - Started process (PID=1479) to work on /home/airflow/.local/lib/python3.12/site-packages/airflow/example_dags/tutorial.py
[2025-06-12T15:17:59.476+0000] {processor.py:830} INFO - Processing file /home/airflow/.local/lib/python3.12/site-packages/airflow/example_dags/tutorial.py for tasks to queue
[2025-06-12T15:17:59.478+0000] {logging_mixin.py:188} INFO - [2025-06-12T15:17:59.478+0000] {dagbag.py:540} INFO - Filling up the DagBag from /home/airflow/.local/lib/python3.12/site-packages/airflow/example_dags/tutorial.py
[2025-06-12T15:17:59.482+0000] {processor.py:840} INFO - DAG(s) 'tutorial' retrieved from /home/airflow/.local/lib/python3.12/site-packages/airflow/example_dags/tutorial.py
[2025-06-12T15:17:59.495+0000] {logging_mixin.py:188} INFO - [2025-06-12T15:17:59.495+0000] {dag.py:3096} INFO - Sync 1 DAGs
[2025-06-12T15:17:59.507+0000] {logging_mixin.py:188} INFO - [2025-06-12T15:17:59.507+0000] {dag.py:3954} INFO - Setting next_dagrun for tutorial to 2025-06-11 00:00:00+00:00, run_after=2025-06-12 00:00:00+00:00
[2025-06-12T15:17:59.522+0000] {processor.py:183} INFO - Processing /home/airflow/.local/lib/python3.12/site-packages/airflow/example_dags/tutorial.py took 0.049 seconds
[2025-06-12T15:18:30.606+0000] {processor.py:161} INFO - Started process (PID=1553) to work on /home/airflow/.local/lib/python3.12/site-packages/airflow/example_dags/tutorial.py
[2025-06-12T15:18:30.609+0000] {processor.py:830} INFO - Processing file /home/airflow/.local/lib/python3.12/site-packages/airflow/example_dags/tutorial.py for tasks to queue
[2025-06-12T15:18:30.610+0000] {logging_mixin.py:188} INFO - [2025-06-12T15:18:30.610+0000] {dagbag.py:540} INFO - Filling up the DagBag from /home/airflow/.local/lib/python3.12/site-packages/airflow/example_dags/tutorial.py
[2025-06-12T15:18:30.613+0000] {processor.py:840} INFO - DAG(s) 'tutorial' retrieved from /home/airflow/.local/lib/python3.12/site-packages/airflow/example_dags/tutorial.py
[2025-06-12T15:18:30.624+0000] {logging_mixin.py:188} INFO - [2025-06-12T15:18:30.624+0000] {dag.py:3096} INFO - Sync 1 DAGs
[2025-06-12T15:18:30.634+0000] {logging_mixin.py:188} INFO - [2025-06-12T15:18:30.634+0000] {dag.py:3954} INFO - Setting next_dagrun for tutorial to 2025-06-11 00:00:00+00:00, run_after=2025-06-12 00:00:00+00:00
[2025-06-12T15:18:30.642+0000] {processor.py:183} INFO - Processing /home/airflow/.local/lib/python3.12/site-packages/airflow/example_dags/tutorial.py took 0.041 seconds
