[2025-06-12T14:47:16.940+0000] {local_task_job_runner.py:120} INFO - ::group::Pre task execution logs
[2025-06-12T14:47:16.972+0000] {taskinstance.py:2073} INFO - Dependencies all met for dep_context=non-requeueable deps ti=<TaskInstance: etl_exam_pipeline.preprocess_data_task scheduled__2025-06-11T00:00:00+00:00 [queued]>
[2025-06-12T14:47:16.979+0000] {taskinstance.py:2073} INFO - Dependencies all met for dep_context=requeueable deps ti=<TaskInstance: etl_exam_pipeline.preprocess_data_task scheduled__2025-06-11T00:00:00+00:00 [queued]>
[2025-06-12T14:47:16.980+0000] {taskinstance.py:2303} INFO - Starting attempt 1 of 2
[2025-06-12T14:47:16.988+0000] {taskinstance.py:2327} INFO - Executing <Task(BashOperator): preprocess_data_task> on 2025-06-11 00:00:00+00:00
[2025-06-12T14:47:17.004+0000] {warnings.py:110} WARNING - /home/***/.local/lib/python3.12/site-packages/***/task/task_runner/standard_task_runner.py:61: DeprecationWarning: This process (pid=79) is multi-threaded, use of fork() may lead to deadlocks in the child.
  pid = os.fork()

[2025-06-12T14:47:17.005+0000] {standard_task_runner.py:63} INFO - Started process 81 to run task
[2025-06-12T14:47:17.005+0000] {standard_task_runner.py:90} INFO - Running: ['***', 'tasks', 'run', 'etl_exam_pipeline', 'preprocess_data_task', 'scheduled__2025-06-11T00:00:00+00:00', '--job-id', '4', '--raw', '--subdir', 'DAGS_FOLDER/pipeline_dag.py', '--cfg-path', '/tmp/tmpb78d7cdx']
[2025-06-12T14:47:17.007+0000] {standard_task_runner.py:91} INFO - Job 4: Subtask preprocess_data_task
[2025-06-12T14:47:17.041+0000] {task_command.py:426} INFO - Running <TaskInstance: etl_exam_pipeline.preprocess_data_task scheduled__2025-06-11T00:00:00+00:00 [running]> on host 856a94aade24
[2025-06-12T14:47:17.077+0000] {taskinstance.py:2644} INFO - Exporting env vars: AIRFLOW_CTX_DAG_OWNER='***' AIRFLOW_CTX_DAG_ID='etl_exam_pipeline' AIRFLOW_CTX_TASK_ID='preprocess_data_task' AIRFLOW_CTX_EXECUTION_DATE='2025-06-11T00:00:00+00:00' AIRFLOW_CTX_TRY_NUMBER='1' AIRFLOW_CTX_DAG_RUN_ID='scheduled__2025-06-11T00:00:00+00:00'
[2025-06-12T14:47:17.078+0000] {taskinstance.py:430} INFO - ::endgroup::
[2025-06-12T14:47:17.079+0000] {subprocess.py:63} INFO - Tmp dir root location: /tmp
[2025-06-12T14:47:17.080+0000] {subprocess.py:75} INFO - Running command: ['/usr/bin/bash', '-c', 'cd /opt/***/etl/ && python transformer.py']
[2025-06-12T14:47:17.085+0000] {subprocess.py:86} INFO - Output:
[2025-06-12T14:47:18.409+0000] {subprocess.py:93} INFO - 2025-06-12 14:47:18,407 - etl_pipeline - INFO - Чтение данных из ../results/raw/wdbc.data...
[2025-06-12T14:47:18.419+0000] {subprocess.py:93} INFO - 2025-06-12 14:47:18,418 - etl_pipeline - INFO - Файл прочитан. Размер: (569, 32)
[2025-06-12T14:47:18.443+0000] {subprocess.py:93} INFO - 2025-06-12 14:47:18,442 - etl_pipeline - INFO - Сохранение артефактов в ../results/train_test/...
[2025-06-12T14:47:18.458+0000] {subprocess.py:93} INFO - 2025-06-12 14:47:18,458 - etl_pipeline - INFO - Артефакты успешно сохранены.
[2025-06-12T14:47:18.461+0000] {subprocess.py:93} INFO - Первые строки:
[2025-06-12T14:47:18.462+0000] {subprocess.py:93} INFO -          id diagnosis  ...  symmetry_worst  fractal_dimension_worst
[2025-06-12T14:47:18.464+0000] {subprocess.py:93} INFO - 0    842302         M  ...          0.4601                  0.11890
[2025-06-12T14:47:18.464+0000] {subprocess.py:93} INFO - 1    842517         M  ...          0.2750                  0.08902
[2025-06-12T14:47:18.465+0000] {subprocess.py:93} INFO - 2  84300903         M  ...          0.3613                  0.08758
[2025-06-12T14:47:18.466+0000] {subprocess.py:93} INFO - 3  84348301         M  ...          0.6638                  0.17300
[2025-06-12T14:47:18.467+0000] {subprocess.py:93} INFO - 4  84358402         M  ...          0.2364                  0.07678
[2025-06-12T14:47:18.468+0000] {subprocess.py:93} INFO - 
[2025-06-12T14:47:18.468+0000] {subprocess.py:93} INFO - [5 rows x 32 columns]
[2025-06-12T14:47:18.469+0000] {subprocess.py:93} INFO - Размеры выборок: 455 114
[2025-06-12T14:47:18.662+0000] {subprocess.py:97} INFO - Command exited with return code 0
[2025-06-12T14:47:18.665+0000] {taskinstance.py:441} INFO - ::group::Post task execution logs
[2025-06-12T14:47:18.729+0000] {taskinstance.py:1205} INFO - Marking task as SUCCESS. dag_id=etl_exam_pipeline, task_id=preprocess_data_task, execution_date=20250611T000000, start_date=20250612T144716, end_date=20250612T144718
[2025-06-12T14:47:18.807+0000] {local_task_job_runner.py:240} INFO - Task exited with return code 0
[2025-06-12T14:47:18.849+0000] {taskinstance.py:3482} INFO - 1 downstream tasks scheduled from follow-on schedule check
[2025-06-12T14:47:18.850+0000] {local_task_job_runner.py:222} INFO - ::endgroup::
